{
  "stats": {
    "suites": 54,
    "tests": 227,
    "passes": 227,
    "pending": 0,
    "failures": 0,
    "start": "2022-04-22T01:31:27.828Z",
    "end": "2022-04-22T01:32:32.646Z",
    "duration": 64818,
    "testsRegistered": 227,
    "passPercent": 100,
    "pendingPercent": 0,
    "other": 0,
    "hasOther": false,
    "skipped": 0,
    "hasSkipped": false
  },
  "results": [
    {
      "uuid": "6d9809d4-28bf-4d2c-bd79-ff0b1ec2f243",
      "title": "",
      "fullFile": "",
      "file": "",
      "beforeHooks": [],
      "afterHooks": [],
      "tests": [],
      "suites": [
        {
          "uuid": "241bb578-d070-43c7-a509-e0ad9f0666d2",
          "title": "authentication",
          "fullFile": "C:\\xampp\\htdocs\\Multifactor\\MFKDF\\test\\authentication.js",
          "file": "\\test\\authentication.js",
          "beforeHooks": [],
          "afterHooks": [],
          "tests": [
            {
              "title": "getKey/auth",
              "fullTitle": "authentication getKey/auth",
              "timedOut": false,
              "duration": 9836,
              "state": "passed",
              "speed": "slow",
              "pass": true,
              "fail": false,
              "pending": false,
              "context": null,
              "code": "const key = await mfkdf.setup.key([\n  await mfkdf.setup.factors.password('password1', { id: 'password1' })\n])\nlet authKey\nlet encKey\nauthKey = await key.getSymmetricKey('des', true)\nencKey = await key.getSymmetricKey('des', false)\nauthKey.toString('hex').should.not.equal(encKey.toString('hex'))\nauthKey = await key.getSymmetricKey('3des', true)\nencKey = await key.getSymmetricKey('3des', false)\nauthKey.toString('hex').should.not.equal(encKey.toString('hex'))\nauthKey = await key.getSymmetricKey('aes128', true)\nencKey = await key.getSymmetricKey('aes128', false)\nauthKey.toString('hex').should.not.equal(encKey.toString('hex'))\nauthKey = await key.getSymmetricKey('aes192', true)\nencKey = await key.getSymmetricKey('aes192', false)\nauthKey.toString('hex').should.not.equal(encKey.toString('hex'))\nauthKey = await key.getSymmetricKey('aes256', true)\nencKey = await key.getSymmetricKey('aes256', false)\nauthKey.toString('hex').should.not.equal(encKey.toString('hex'))\nauthKey = await key.getAsymmetricKeyPair('ed25519', true)\nencKey = await key.getAsymmetricKeyPair('ed25519', false)\nauthKey.publicKey.toString('hex').should.not.equal(encKey.publicKey.toString('hex'))\nauthKey = await key.getAsymmetricKeyPair('rsa1024', true)\nencKey = await key.getAsymmetricKeyPair('rsa1024', false)\nauthKey.publicKey.toString('hex').should.not.equal(encKey.publicKey.toString('hex'))\nauthKey = await key.getAsymmetricKeyPair('rsa2048', true)\nencKey = await key.getAsymmetricKeyPair('rsa2048', false)\nauthKey.publicKey.toString('hex').should.not.equal(encKey.publicKey.toString('hex'))\nauthKey = await key.getAsymmetricKeyPair('rsa3072', true)\nencKey = await key.getAsymmetricKeyPair('rsa3072', false)\nauthKey.publicKey.toString('hex').should.not.equal(encKey.publicKey.toString('hex'))",
              "err": {},
              "uuid": "6337dece-2b38-41f9-bf15-79045975899a",
              "parentUUID": "241bb578-d070-43c7-a509-e0ad9f0666d2",
              "isHook": false,
              "skipped": false
            }
          ],
          "suites": [
            {
              "uuid": "3d631f77-b606-4aa6-b405-179cb60264db",
              "title": "valid",
              "fullFile": "C:\\xampp\\htdocs\\Multifactor\\MFKDF\\test\\authentication.js",
              "file": "\\test\\authentication.js",
              "beforeHooks": [],
              "afterHooks": [],
              "tests": [
                {
                  "title": "ISO97982PassUnilateralAuthSymmetric",
                  "fullTitle": "authentication valid ISO97982PassUnilateralAuthSymmetric",
                  "timedOut": false,
                  "duration": 102,
                  "state": "passed",
                  "speed": "slow",
                  "pass": true,
                  "fail": false,
                  "pending": false,
                  "context": null,
                  "code": "const key = await mfkdf.setup.key([\n  await mfkdf.setup.factors.password('password1', { id: 'password1' })\n])\nconst challenge = Buffer.from('hello world')\nconst identity = Buffer.from('bob')\nconst response = await key.ISO97982PassUnilateralAuthSymmetric(challenge, identity)\nconst authKey = await key.ISO9798SymmetricKey()\nconst valid = await mfkdf.auth.VerifyISO97982PassUnilateralAuthSymmetric(challenge, identity, response, authKey)\nvalid.should.be.true",
                  "err": {},
                  "uuid": "7d293a08-7291-40be-ab91-fbf1954bbe5f",
                  "parentUUID": "3d631f77-b606-4aa6-b405-179cb60264db",
                  "isHook": false,
                  "skipped": false
                },
                {
                  "title": "ISO97982PassUnilateralAuthAsymmetric",
                  "fullTitle": "authentication valid ISO97982PassUnilateralAuthAsymmetric",
                  "timedOut": false,
                  "duration": 144,
                  "state": "passed",
                  "speed": "slow",
                  "pass": true,
                  "fail": false,
                  "pending": false,
                  "context": null,
                  "code": "const key = await mfkdf.setup.key([\n  await mfkdf.setup.factors.password('password1', { id: 'password1' })\n])\nconst challenge = Buffer.from('hello world')\nconst identity = Buffer.from('bob')\nconst response = await key.ISO97982PassUnilateralAuthAsymmetric(challenge, identity)\nconst authKey = await key.ISO9798AsymmetricKey()\nconst valid = await mfkdf.auth.VerifyISO97982PassUnilateralAuthAsymmetric(challenge, identity, response, authKey)\nvalid.should.be.true",
                  "err": {},
                  "uuid": "91fab8ab-1146-48b8-8daf-f206f3825fb9",
                  "parentUUID": "3d631f77-b606-4aa6-b405-179cb60264db",
                  "isHook": false,
                  "skipped": false
                },
                {
                  "title": "ISO97982PassUnilateralAuthCCF",
                  "fullTitle": "authentication valid ISO97982PassUnilateralAuthCCF",
                  "timedOut": false,
                  "duration": 103,
                  "state": "passed",
                  "speed": "slow",
                  "pass": true,
                  "fail": false,
                  "pending": false,
                  "context": null,
                  "code": "const key = await mfkdf.setup.key([\n  await mfkdf.setup.factors.password('password1', { id: 'password1' })\n])\nconst challenge = Buffer.from('hello world')\nconst identity = Buffer.from('bob')\nconst response = await key.ISO97982PassUnilateralAuthCCF(challenge, identity)\nconst authKey = await key.ISO9798CCFKey()\nconst valid = await mfkdf.auth.VerifyISO97982PassUnilateralAuthCCF(challenge, identity, response, authKey)\nvalid.should.be.true",
                  "err": {},
                  "uuid": "757618f8-d169-4e16-89e0-5c0fed0be9ea",
                  "parentUUID": "3d631f77-b606-4aa6-b405-179cb60264db",
                  "isHook": false,
                  "skipped": false
                },
                {
                  "title": "ISO97981PassUnilateralAuthSymmetric",
                  "fullTitle": "authentication valid ISO97981PassUnilateralAuthSymmetric",
                  "timedOut": false,
                  "duration": 104,
                  "state": "passed",
                  "speed": "slow",
                  "pass": true,
                  "fail": false,
                  "pending": false,
                  "context": null,
                  "code": "const key = await mfkdf.setup.key([\n  await mfkdf.setup.factors.password('password1', { id: 'password1' })\n])\nconst identity = Buffer.from('bob')\nconst response = await key.ISO97981PassUnilateralAuthSymmetric(identity)\nconst authKey = await key.ISO9798SymmetricKey()\nconst valid = await mfkdf.auth.VerifyISO97981PassUnilateralAuthSymmetric(identity, response, authKey)\nvalid.should.be.true",
                  "err": {},
                  "uuid": "2310eccb-91a7-48cc-beff-656e2cd178fe",
                  "parentUUID": "3d631f77-b606-4aa6-b405-179cb60264db",
                  "isHook": false,
                  "skipped": false
                },
                {
                  "title": "ISO97981PassUnilateralAuthAsymmetric",
                  "fullTitle": "authentication valid ISO97981PassUnilateralAuthAsymmetric",
                  "timedOut": false,
                  "duration": 278,
                  "state": "passed",
                  "speed": "slow",
                  "pass": true,
                  "fail": false,
                  "pending": false,
                  "context": null,
                  "code": "const key = await mfkdf.setup.key([\n  await mfkdf.setup.factors.password('password1', { id: 'password1' })\n])\nconst identity = Buffer.from('bob')\nconst response = await key.ISO97981PassUnilateralAuthAsymmetric(identity)\nconst authKey = await key.ISO9798AsymmetricKey()\nconst valid = await mfkdf.auth.VerifyISO97981PassUnilateralAuthAsymmetric(identity, response, authKey)\nvalid.should.be.true",
                  "err": {},
                  "uuid": "92b1b9e2-e558-48e0-839c-4c7f00e7667f",
                  "parentUUID": "3d631f77-b606-4aa6-b405-179cb60264db",
                  "isHook": false,
                  "skipped": false
                },
                {
                  "title": "ISO97981PassUnilateralAuthCCF",
                  "fullTitle": "authentication valid ISO97981PassUnilateralAuthCCF",
                  "timedOut": false,
                  "duration": 103,
                  "state": "passed",
                  "speed": "slow",
                  "pass": true,
                  "fail": false,
                  "pending": false,
                  "context": null,
                  "code": "const key = await mfkdf.setup.key([\n  await mfkdf.setup.factors.password('password1', { id: 'password1' })\n])\nconst identity = Buffer.from('bob')\nconst response = await key.ISO97981PassUnilateralAuthCCF(identity)\nconst authKey = await key.ISO9798CCFKey()\nconst valid = await mfkdf.auth.VerifyISO97981PassUnilateralAuthCCF(identity, response, authKey)\nvalid.should.be.true",
                  "err": {},
                  "uuid": "530e730b-0530-4404-ad0b-bdfa5ccd891f",
                  "parentUUID": "3d631f77-b606-4aa6-b405-179cb60264db",
                  "isHook": false,
                  "skipped": false
                }
              ],
              "suites": [],
              "passes": [
                "7d293a08-7291-40be-ab91-fbf1954bbe5f",
                "91fab8ab-1146-48b8-8daf-f206f3825fb9",
                "757618f8-d169-4e16-89e0-5c0fed0be9ea",
                "2310eccb-91a7-48cc-beff-656e2cd178fe",
                "92b1b9e2-e558-48e0-839c-4c7f00e7667f",
                "530e730b-0530-4404-ad0b-bdfa5ccd891f"
              ],
              "failures": [],
              "pending": [],
              "skipped": [],
              "duration": 834,
              "root": false,
              "rootEmpty": false,
              "_timeout": 5000
            },
            {
              "uuid": "159699f4-cb9f-4324-8bbb-1e5ed2c6771f",
              "title": "invalid",
              "fullFile": "C:\\xampp\\htdocs\\Multifactor\\MFKDF\\test\\authentication.js",
              "file": "\\test\\authentication.js",
              "beforeHooks": [],
              "afterHooks": [],
              "tests": [
                {
                  "title": "ISO97982PassUnilateralAuthSymmetric",
                  "fullTitle": "authentication invalid ISO97982PassUnilateralAuthSymmetric",
                  "timedOut": false,
                  "duration": 207,
                  "state": "passed",
                  "speed": "slow",
                  "pass": true,
                  "fail": false,
                  "pending": false,
                  "context": null,
                  "code": "const key = await mfkdf.setup.key([\n  await mfkdf.setup.factors.password('password1', { id: 'password1' })\n])\nconst key2 = await mfkdf.setup.key([\n  await mfkdf.setup.factors.password('password2', { id: 'password2' })\n])\nconst challenge = Buffer.from('hello world')\nconst identity = Buffer.from('bob')\nconst response = await key.ISO97982PassUnilateralAuthSymmetric(challenge, identity)\nconst authKey = await key2.ISO9798SymmetricKey()\nconst valid = await mfkdf.auth.VerifyISO97982PassUnilateralAuthSymmetric(challenge, identity, response, authKey)\nvalid.should.be.false",
                  "err": {},
                  "uuid": "11f2446e-c513-4576-a152-4edc52abd0b2",
                  "parentUUID": "159699f4-cb9f-4324-8bbb-1e5ed2c6771f",
                  "isHook": false,
                  "skipped": false
                },
                {
                  "title": "ISO97982PassUnilateralAuthAsymmetric",
                  "fullTitle": "authentication invalid ISO97982PassUnilateralAuthAsymmetric",
                  "timedOut": false,
                  "duration": 425,
                  "state": "passed",
                  "speed": "slow",
                  "pass": true,
                  "fail": false,
                  "pending": false,
                  "context": null,
                  "code": "const key = await mfkdf.setup.key([\n  await mfkdf.setup.factors.password('password1', { id: 'password1' })\n])\nconst key2 = await mfkdf.setup.key([\n  await mfkdf.setup.factors.password('password2', { id: 'password2' })\n])\nconst challenge = Buffer.from('hello world')\nconst identity = Buffer.from('bob')\nconst response = await key.ISO97982PassUnilateralAuthAsymmetric(challenge, identity)\nconst authKey = await key2.ISO9798AsymmetricKey()\nconst valid = await mfkdf.auth.VerifyISO97982PassUnilateralAuthAsymmetric(challenge, identity, response, authKey)\nvalid.should.be.false",
                  "err": {},
                  "uuid": "716b5809-8706-4bab-b3dc-b59ba8d98ac4",
                  "parentUUID": "159699f4-cb9f-4324-8bbb-1e5ed2c6771f",
                  "isHook": false,
                  "skipped": false
                },
                {
                  "title": "ISO97982PassUnilateralAuthCCF",
                  "fullTitle": "authentication invalid ISO97982PassUnilateralAuthCCF",
                  "timedOut": false,
                  "duration": 205,
                  "state": "passed",
                  "speed": "slow",
                  "pass": true,
                  "fail": false,
                  "pending": false,
                  "context": null,
                  "code": "const key = await mfkdf.setup.key([\n  await mfkdf.setup.factors.password('password1', { id: 'password1' })\n])\nconst key2 = await mfkdf.setup.key([\n  await mfkdf.setup.factors.password('password2', { id: 'password2' })\n])\nconst challenge = Buffer.from('hello world')\nconst identity = Buffer.from('bob')\nconst response = await key.ISO97982PassUnilateralAuthCCF(challenge, identity)\nconst authKey = await key2.ISO9798CCFKey()\nconst valid = await mfkdf.auth.VerifyISO97982PassUnilateralAuthCCF(challenge, identity, response, authKey)\nvalid.should.be.false",
                  "err": {},
                  "uuid": "e68f2113-1abc-4ddb-b175-d108f96ac3fc",
                  "parentUUID": "159699f4-cb9f-4324-8bbb-1e5ed2c6771f",
                  "isHook": false,
                  "skipped": false
                },
                {
                  "title": "ISO97981PassUnilateralAuthSymmetric",
                  "fullTitle": "authentication invalid ISO97981PassUnilateralAuthSymmetric",
                  "timedOut": false,
                  "duration": 202,
                  "state": "passed",
                  "speed": "slow",
                  "pass": true,
                  "fail": false,
                  "pending": false,
                  "context": null,
                  "code": "const key = await mfkdf.setup.key([\n  await mfkdf.setup.factors.password('password1', { id: 'password1' })\n])\nconst key2 = await mfkdf.setup.key([\n  await mfkdf.setup.factors.password('password2', { id: 'password2' })\n])\nconst identity = Buffer.from('bob')\nconst response = await key.ISO97981PassUnilateralAuthSymmetric(identity)\nconst authKey = await key2.ISO9798SymmetricKey()\nconst valid = await mfkdf.auth.VerifyISO97981PassUnilateralAuthSymmetric(identity, response, authKey)\nvalid.should.be.false",
                  "err": {},
                  "uuid": "6cf39d5c-32ba-4c59-a8af-2427a3cc9c91",
                  "parentUUID": "159699f4-cb9f-4324-8bbb-1e5ed2c6771f",
                  "isHook": false,
                  "skipped": false
                },
                {
                  "title": "ISO97981PassUnilateralAuthAsymmetric",
                  "fullTitle": "authentication invalid ISO97981PassUnilateralAuthAsymmetric",
                  "timedOut": false,
                  "duration": 313,
                  "state": "passed",
                  "speed": "slow",
                  "pass": true,
                  "fail": false,
                  "pending": false,
                  "context": null,
                  "code": "const key = await mfkdf.setup.key([\n  await mfkdf.setup.factors.password('password1', { id: 'password1' })\n])\nconst key2 = await mfkdf.setup.key([\n  await mfkdf.setup.factors.password('password2', { id: 'password2' })\n])\nconst identity = Buffer.from('bob')\nconst response = await key.ISO97981PassUnilateralAuthAsymmetric(identity)\nconst authKey = await key2.ISO9798AsymmetricKey()\nconst valid = await mfkdf.auth.VerifyISO97981PassUnilateralAuthAsymmetric(identity, response, authKey)\nvalid.should.be.false",
                  "err": {},
                  "uuid": "48f3080b-dd7c-4d52-934b-b94abcafc15b",
                  "parentUUID": "159699f4-cb9f-4324-8bbb-1e5ed2c6771f",
                  "isHook": false,
                  "skipped": false
                },
                {
                  "title": "ISO97981PassUnilateralAuthCCF",
                  "fullTitle": "authentication invalid ISO97981PassUnilateralAuthCCF",
                  "timedOut": false,
                  "duration": 204,
                  "state": "passed",
                  "speed": "slow",
                  "pass": true,
                  "fail": false,
                  "pending": false,
                  "context": null,
                  "code": "const key = await mfkdf.setup.key([\n  await mfkdf.setup.factors.password('password1', { id: 'password1' })\n])\nconst key2 = await mfkdf.setup.key([\n  await mfkdf.setup.factors.password('password2', { id: 'password2' })\n])\nconst identity = Buffer.from('bob')\nconst response = await key.ISO97981PassUnilateralAuthCCF(identity)\nconst authKey = await key2.ISO9798CCFKey()\nconst valid = await mfkdf.auth.VerifyISO97981PassUnilateralAuthCCF(identity, response, authKey)\nvalid.should.be.false",
                  "err": {},
                  "uuid": "1ed357f0-86b2-404c-b122-af8abe66726d",
                  "parentUUID": "159699f4-cb9f-4324-8bbb-1e5ed2c6771f",
                  "isHook": false,
                  "skipped": false
                },
                {
                  "title": "ISO97981PassUnilateralAuthSymmetric/window",
                  "fullTitle": "authentication invalid ISO97981PassUnilateralAuthSymmetric/window",
                  "timedOut": false,
                  "duration": 102,
                  "state": "passed",
                  "speed": "slow",
                  "pass": true,
                  "fail": false,
                  "pending": false,
                  "context": null,
                  "code": "const key = await mfkdf.setup.key([\n  await mfkdf.setup.factors.password('password1', { id: 'password1' })\n])\nconst identity = Buffer.from('bob')\nconst response = await key.ISO97981PassUnilateralAuthSymmetric(identity)\nconst authKey = await key.ISO9798SymmetricKey()\nconst valid = await mfkdf.auth.VerifyISO97981PassUnilateralAuthSymmetric(identity, response, authKey, -1)\nvalid.should.be.false",
                  "err": {},
                  "uuid": "1b88b789-af27-4379-86c5-c57f6a483710",
                  "parentUUID": "159699f4-cb9f-4324-8bbb-1e5ed2c6771f",
                  "isHook": false,
                  "skipped": false
                },
                {
                  "title": "ISO97981PassUnilateralAuthAsymmetric/window",
                  "fullTitle": "authentication invalid ISO97981PassUnilateralAuthAsymmetric/window",
                  "timedOut": false,
                  "duration": 307,
                  "state": "passed",
                  "speed": "slow",
                  "pass": true,
                  "fail": false,
                  "pending": false,
                  "context": null,
                  "code": "const key = await mfkdf.setup.key([\n  await mfkdf.setup.factors.password('password1', { id: 'password1' })\n])\nconst identity = Buffer.from('bob')\nconst response = await key.ISO97981PassUnilateralAuthAsymmetric(identity)\nconst authKey = await key.ISO9798AsymmetricKey()\nconst valid = await mfkdf.auth.VerifyISO97981PassUnilateralAuthAsymmetric(identity, response, authKey, -1)\nvalid.should.be.false",
                  "err": {},
                  "uuid": "48f278ae-df5c-4490-a745-570fff910324",
                  "parentUUID": "159699f4-cb9f-4324-8bbb-1e5ed2c6771f",
                  "isHook": false,
                  "skipped": false
                },
                {
                  "title": "ISO97981PassUnilateralAuthCCF/window",
                  "fullTitle": "authentication invalid ISO97981PassUnilateralAuthCCF/window",
                  "timedOut": false,
                  "duration": 104,
                  "state": "passed",
                  "speed": "slow",
                  "pass": true,
                  "fail": false,
                  "pending": false,
                  "context": null,
                  "code": "const key = await mfkdf.setup.key([\n  await mfkdf.setup.factors.password('password1', { id: 'password1' })\n])\nconst identity = Buffer.from('bob')\nconst response = await key.ISO97981PassUnilateralAuthCCF(identity)\nconst authKey = await key.ISO9798CCFKey()\nconst valid = await mfkdf.auth.VerifyISO97981PassUnilateralAuthCCF(identity, response, authKey, -1)\nvalid.should.be.false",
                  "err": {},
                  "uuid": "f1d9f9a6-c6d8-4f7b-a6e5-3bf74e7135fd",
                  "parentUUID": "159699f4-cb9f-4324-8bbb-1e5ed2c6771f",
                  "isHook": false,
                  "skipped": false
                }
              ],
              "suites": [],
              "passes": [
                "11f2446e-c513-4576-a152-4edc52abd0b2",
                "716b5809-8706-4bab-b3dc-b59ba8d98ac4",
                "e68f2113-1abc-4ddb-b175-d108f96ac3fc",
                "6cf39d5c-32ba-4c59-a8af-2427a3cc9c91",
                "48f3080b-dd7c-4d52-934b-b94abcafc15b",
                "1ed357f0-86b2-404c-b122-af8abe66726d",
                "1b88b789-af27-4379-86c5-c57f6a483710",
                "48f278ae-df5c-4490-a745-570fff910324",
                "f1d9f9a6-c6d8-4f7b-a6e5-3bf74e7135fd"
              ],
              "failures": [],
              "pending": [],
              "skipped": [],
              "duration": 2069,
              "root": false,
              "rootEmpty": false,
              "_timeout": 5000
            }
          ],
          "passes": [
            "6337dece-2b38-41f9-bf15-79045975899a"
          ],
          "failures": [],
          "pending": [],
          "skipped": [],
          "duration": 9836,
          "root": false,
          "rootEmpty": false,
          "_timeout": 5000
        },
        {
          "uuid": "d6d878ee-eb85-4329-a03a-a53fab2348fb",
          "title": "asymmetric",
          "fullFile": "C:\\xampp\\htdocs\\Multifactor\\MFKDF\\test\\crypto\\asymmetric.js",
          "file": "\\test\\crypto\\asymmetric.js",
          "beforeHooks": [],
          "afterHooks": [],
          "tests": [],
          "suites": [
            {
              "uuid": "d43bdda0-af84-47d7-89db-8a0c3b05d9f3",
              "title": "encryption",
              "fullFile": "C:\\xampp\\htdocs\\Multifactor\\MFKDF\\test\\crypto\\asymmetric.js",
              "file": "\\test\\crypto\\asymmetric.js",
              "beforeHooks": [],
              "afterHooks": [],
              "tests": [
                {
                  "title": "rsa1024",
                  "fullTitle": "asymmetric encryption rsa1024",
                  "timedOut": false,
                  "duration": 372,
                  "state": "passed",
                  "speed": "slow",
                  "pass": true,
                  "fail": false,
                  "pending": false,
                  "context": null,
                  "code": "const setup = await mfkdf.setup.key([\n  await mfkdf.setup.factors.uuid({ id: 'uuid1', uuid: '9b1deb4d-3b7d-4bad-9bdd-2b0d7b3dcb6d' })\n])\nconst ct = await setup.encrypt('hello world', 'rsa1024')\nconst pt = await setup.decrypt(ct, 'rsa1024')\npt.toString().should.equal('hello world')",
                  "err": {},
                  "uuid": "7b24393d-8dba-4361-835f-6a2c7ae58596",
                  "parentUUID": "d43bdda0-af84-47d7-89db-8a0c3b05d9f3",
                  "isHook": false,
                  "skipped": false
                },
                {
                  "title": "rsa2048",
                  "fullTitle": "asymmetric encryption rsa2048",
                  "timedOut": false,
                  "duration": 5510,
                  "state": "passed",
                  "speed": "slow",
                  "pass": true,
                  "fail": false,
                  "pending": false,
                  "context": null,
                  "code": "const setup = await mfkdf.setup.key([\n  await mfkdf.setup.factors.uuid({ id: 'uuid1', uuid: '9b1deb4d-3b7d-4bad-9bdd-2b0d7b3dcb6d' })\n])\nconst ct = await setup.encrypt('hello world', 'rsa2048')\nconst pt = await setup.decrypt(ct, 'rsa2048')\npt.toString().should.equal('hello world')",
                  "err": {},
                  "uuid": "a0bfda09-96d2-48c0-a3dd-0ecd86c974b9",
                  "parentUUID": "d43bdda0-af84-47d7-89db-8a0c3b05d9f3",
                  "isHook": false,
                  "skipped": false
                }
              ],
              "suites": [],
              "passes": [
                "7b24393d-8dba-4361-835f-6a2c7ae58596",
                "a0bfda09-96d2-48c0-a3dd-0ecd86c974b9"
              ],
              "failures": [],
              "pending": [],
              "skipped": [],
              "duration": 5882,
              "root": false,
              "rootEmpty": false,
              "_timeout": 5000
            },
            {
              "uuid": "125dfe6d-7d03-4eeb-947e-c6ffcf357498",
              "title": "signatures",
              "fullFile": "C:\\xampp\\htdocs\\Multifactor\\MFKDF\\test\\crypto\\asymmetric.js",
              "file": "\\test\\crypto\\asymmetric.js",
              "beforeHooks": [],
              "afterHooks": [],
              "tests": [
                {
                  "title": "rsa1024",
                  "fullTitle": "asymmetric signatures rsa1024",
                  "timedOut": false,
                  "duration": 329,
                  "state": "passed",
                  "speed": "slow",
                  "pass": true,
                  "fail": false,
                  "pending": false,
                  "context": null,
                  "code": "const setup = await mfkdf.setup.key([\n  await mfkdf.setup.factors.uuid({ id: 'uuid1', uuid: '9b1deb4d-3b7d-4bad-9bdd-2b0d7b3dcb6d' })\n])\nconst signature = await setup.sign('hello world', 'rsa1024')\nconst validity = await setup.verify('hello world', signature, 'rsa1024')\nvalidity.should.be.true",
                  "err": {},
                  "uuid": "94965224-c718-4a21-9b1c-6d16d669313b",
                  "parentUUID": "125dfe6d-7d03-4eeb-947e-c6ffcf357498",
                  "isHook": false,
                  "skipped": false
                },
                {
                  "title": "rsa2048",
                  "fullTitle": "asymmetric signatures rsa2048",
                  "timedOut": false,
                  "duration": 3644,
                  "state": "passed",
                  "speed": "slow",
                  "pass": true,
                  "fail": false,
                  "pending": false,
                  "context": null,
                  "code": "const setup = await mfkdf.setup.key([\n  await mfkdf.setup.factors.uuid({ id: 'uuid1', uuid: '9b1deb4d-3b7d-4bad-9bdd-2b0d7b3dcb6d' })\n])\nconst signature = await setup.sign('hello world', 'rsa2048')\nconst validity = await setup.verify('hello world', signature, 'rsa2048')\nvalidity.should.be.true",
                  "err": {},
                  "uuid": "cc057715-72da-46d6-9617-123c46cdbffc",
                  "parentUUID": "125dfe6d-7d03-4eeb-947e-c6ffcf357498",
                  "isHook": false,
                  "skipped": false
                },
                {
                  "title": "rsa3072",
                  "fullTitle": "asymmetric signatures rsa3072",
                  "timedOut": false,
                  "duration": 8517,
                  "state": "passed",
                  "speed": "slow",
                  "pass": true,
                  "fail": false,
                  "pending": false,
                  "context": null,
                  "code": "const setup = await mfkdf.setup.key([\n  await mfkdf.setup.factors.uuid({ id: 'uuid1', uuid: '9b1deb4d-3b7d-4bad-9bdd-2b0d7b3dcb6d' })\n])\nconst signature = await setup.sign('hello world', 'rsa3072')\nconst validity = await setup.verify('hello world', signature, 'rsa3072')\nvalidity.should.be.true",
                  "err": {},
                  "uuid": "ea3bba7e-5d01-4dab-8418-73aa436136a6",
                  "parentUUID": "125dfe6d-7d03-4eeb-947e-c6ffcf357498",
                  "isHook": false,
                  "skipped": false
                },
                {
                  "title": "defaults",
                  "fullTitle": "asymmetric signatures defaults",
                  "timedOut": false,
                  "duration": 12390,
                  "state": "passed",
                  "speed": "slow",
                  "pass": true,
                  "fail": false,
                  "pending": false,
                  "context": null,
                  "code": "const setup = await mfkdf.setup.key([\n  await mfkdf.setup.factors.uuid({ id: 'uuid1', uuid: '9b1deb4d-3b7d-4bad-9bdd-2b0d7b3dcb6d' })\n])\nconst signature = await setup.sign('hello world')\nconst validity = await setup.verify('hello world', signature)\nvalidity.should.be.true\nawait setup.getAsymmetricKeyPair()",
                  "err": {},
                  "uuid": "5e5eb52a-22e9-4ce5-ab15-35381fa71edd",
                  "parentUUID": "125dfe6d-7d03-4eeb-947e-c6ffcf357498",
                  "isHook": false,
                  "skipped": false
                },
                {
                  "title": "ed25519",
                  "fullTitle": "asymmetric signatures ed25519",
                  "timedOut": false,
                  "duration": 108,
                  "state": "passed",
                  "speed": "slow",
                  "pass": true,
                  "fail": false,
                  "pending": false,
                  "context": null,
                  "code": "const setup = await mfkdf.setup.key([\n  await mfkdf.setup.factors.uuid({ id: 'uuid1', uuid: '9b1deb4d-3b7d-4bad-9bdd-2b0d7b3dcb6d' })\n])\nawait setup.getAsymmetricKeyPair('ed25519')",
                  "err": {},
                  "uuid": "da0977d1-2b3f-4abc-88f5-437870fb9c3a",
                  "parentUUID": "125dfe6d-7d03-4eeb-947e-c6ffcf357498",
                  "isHook": false,
                  "skipped": false
                },
                {
                  "title": "unknown",
                  "fullTitle": "asymmetric signatures unknown",
                  "timedOut": false,
                  "duration": 101,
                  "state": "passed",
                  "speed": "slow",
                  "pass": true,
                  "fail": false,
                  "pending": false,
                  "context": null,
                  "code": "const setup = await mfkdf.setup.key([\n  await mfkdf.setup.factors.uuid({ id: 'uuid1', uuid: '9b1deb4d-3b7d-4bad-9bdd-2b0d7b3dcb6d' })\n])\nsetup.getAsymmetricKeyPair('unknown').should.be.rejectedWith(RangeError)",
                  "err": {},
                  "uuid": "5bfedcc4-3390-4ae5-b204-ccf522a629cf",
                  "parentUUID": "125dfe6d-7d03-4eeb-947e-c6ffcf357498",
                  "isHook": false,
                  "skipped": false
                },
                {
                  "title": "errors",
                  "fullTitle": "asymmetric signatures errors",
                  "timedOut": false,
                  "duration": 1500,
                  "state": "passed",
                  "speed": "slow",
                  "pass": true,
                  "fail": false,
                  "pending": false,
                  "context": null,
                  "code": "const setup = await mfkdf.setup.key([\n  await mfkdf.setup.factors.uuid({ id: 'uuid1', uuid: '9b1deb4d-3b7d-4bad-9bdd-2b0d7b3dcb6d' })\n])\nsetup.sign(12345, 'rsa1024').should.be.rejectedWith(TypeError)\nconst signature = await setup.sign('hello world')\nsetup.verify(12345, signature).should.be.rejectedWith(TypeError)",
                  "err": {},
                  "uuid": "a07007a1-cda2-4448-9d9e-95ae6f711958",
                  "parentUUID": "125dfe6d-7d03-4eeb-947e-c6ffcf357498",
                  "isHook": false,
                  "skipped": false
                }
              ],
              "suites": [],
              "passes": [
                "94965224-c718-4a21-9b1c-6d16d669313b",
                "cc057715-72da-46d6-9617-123c46cdbffc",
                "ea3bba7e-5d01-4dab-8418-73aa436136a6",
                "5e5eb52a-22e9-4ce5-ab15-35381fa71edd",
                "da0977d1-2b3f-4abc-88f5-437870fb9c3a",
                "5bfedcc4-3390-4ae5-b204-ccf522a629cf",
                "a07007a1-cda2-4448-9d9e-95ae6f711958"
              ],
              "failures": [],
              "pending": [],
              "skipped": [],
              "duration": 26589,
              "root": false,
              "rootEmpty": false,
              "_timeout": 5000
            }
          ],
          "passes": [],
          "failures": [],
          "pending": [],
          "skipped": [],
          "duration": 0,
          "root": false,
          "rootEmpty": false,
          "_timeout": 5000
        },
        {
          "uuid": "731d6534-2229-495c-b077-3ae6dcf07a1c",
          "title": "encrypt",
          "fullFile": "C:\\xampp\\htdocs\\Multifactor\\MFKDF\\test\\crypto\\symmetric.js",
          "file": "\\test\\crypto\\symmetric.js",
          "beforeHooks": [],
          "afterHooks": [],
          "tests": [
            {
              "title": "defaults",
              "fullTitle": "encrypt defaults",
              "timedOut": false,
              "duration": 238,
              "state": "passed",
              "speed": "slow",
              "pass": true,
              "fail": false,
              "pending": false,
              "context": null,
              "code": "const setup = await mfkdf.setup.key([\n  await mfkdf.setup.factors.uuid({ id: 'uuid1', uuid: '9b1deb4d-3b7d-4bad-9bdd-2b0d7b3dcb6d' })\n])\nconst ciphertext = await setup.encrypt(Buffer.from('hello world'))\nconst derive = await mfkdf.derive.key(setup.policy, {\n  uuid1: mfkdf.derive.factors.uuid('9b1deb4d-3b7d-4bad-9bdd-2b0d7b3dcb6d')\n})\nconst plaintext = await derive.decrypt(ciphertext)\nplaintext.toString().should.equal('hello world')",
              "err": {},
              "uuid": "4b3c3ab3-d2a1-43c5-aaf9-4e790fa6de12",
              "parentUUID": "731d6534-2229-495c-b077-3ae6dcf07a1c",
              "isHook": false,
              "skipped": false
            },
            {
              "title": "AES256-CBC",
              "fullTitle": "encrypt AES256-CBC",
              "timedOut": false,
              "duration": 218,
              "state": "passed",
              "speed": "slow",
              "pass": true,
              "fail": false,
              "pending": false,
              "context": null,
              "code": "const setup = await mfkdf.setup.key([\n  await mfkdf.setup.factors.uuid({ id: 'uuid1', uuid: '9b1deb4d-3b7d-4bad-9bdd-2b0d7b3dcb6d' })\n])\nconst ciphertext = await setup.encrypt(Buffer.from('hello world'), 'aes256')\nconst derive = await mfkdf.derive.key(setup.policy, {\n  uuid1: mfkdf.derive.factors.uuid('9b1deb4d-3b7d-4bad-9bdd-2b0d7b3dcb6d')\n})\nconst plaintext = await derive.decrypt(ciphertext, 'aes256')\nplaintext.toString().should.equal('hello world')",
              "err": {},
              "uuid": "8839a6ef-24f4-4880-ad36-28bff22e5f60",
              "parentUUID": "731d6534-2229-495c-b077-3ae6dcf07a1c",
              "isHook": false,
              "skipped": false
            },
            {
              "title": "AES192-CBC",
              "fullTitle": "encrypt AES192-CBC",
              "timedOut": false,
              "duration": 219,
              "state": "passed",
              "speed": "slow",
              "pass": true,
              "fail": false,
              "pending": false,
              "context": null,
              "code": "const setup = await mfkdf.setup.key([\n  await mfkdf.setup.factors.uuid({ id: 'uuid1', uuid: '9b1deb4d-3b7d-4bad-9bdd-2b0d7b3dcb6d' })\n])\nconst ciphertext = await setup.encrypt('hello world', 'aes192')\nconst derive = await mfkdf.derive.key(setup.policy, {\n  uuid1: mfkdf.derive.factors.uuid('9b1deb4d-3b7d-4bad-9bdd-2b0d7b3dcb6d')\n})\nconst plaintext = await derive.decrypt(ciphertext, 'aes192')\nplaintext.toString().should.equal('hello world')",
              "err": {},
              "uuid": "f7ee1e22-304b-4836-8764-3ac947e1c479",
              "parentUUID": "731d6534-2229-495c-b077-3ae6dcf07a1c",
              "isHook": false,
              "skipped": false
            },
            {
              "title": "AES128-CBC",
              "fullTitle": "encrypt AES128-CBC",
              "timedOut": false,
              "duration": 219,
              "state": "passed",
              "speed": "slow",
              "pass": true,
              "fail": false,
              "pending": false,
              "context": null,
              "code": "const setup = await mfkdf.setup.key([\n  await mfkdf.setup.factors.uuid({ id: 'uuid1', uuid: '9b1deb4d-3b7d-4bad-9bdd-2b0d7b3dcb6d' })\n])\nconst ciphertext = await setup.encrypt('hello world', 'aes128')\nconst derive = await mfkdf.derive.key(setup.policy, {\n  uuid1: mfkdf.derive.factors.uuid('9b1deb4d-3b7d-4bad-9bdd-2b0d7b3dcb6d')\n})\nconst plaintext = await derive.decrypt(ciphertext, 'aes128')\nplaintext.toString().should.equal('hello world')",
              "err": {},
              "uuid": "68a47ab6-749a-4912-8d5a-54001801870a",
              "parentUUID": "731d6534-2229-495c-b077-3ae6dcf07a1c",
              "isHook": false,
              "skipped": false
            },
            {
              "title": "3DES-CBC",
              "fullTitle": "encrypt 3DES-CBC",
              "timedOut": false,
              "duration": 217,
              "state": "passed",
              "speed": "slow",
              "pass": true,
              "fail": false,
              "pending": false,
              "context": null,
              "code": "const setup = await mfkdf.setup.key([\n  await mfkdf.setup.factors.uuid({ id: 'uuid1', uuid: '9b1deb4d-3b7d-4bad-9bdd-2b0d7b3dcb6d' })\n])\nconst ciphertext = await setup.encrypt('hello world', '3des')\nconst derive = await mfkdf.derive.key(setup.policy, {\n  uuid1: mfkdf.derive.factors.uuid('9b1deb4d-3b7d-4bad-9bdd-2b0d7b3dcb6d')\n})\nconst plaintext = await derive.decrypt(ciphertext, '3des')\nplaintext.toString().should.equal('hello world')",
              "err": {},
              "uuid": "0606ed5c-57fc-4ea9-bed8-e270f32d0d69",
              "parentUUID": "731d6534-2229-495c-b077-3ae6dcf07a1c",
              "isHook": false,
              "skipped": false
            },
            {
              "title": "DES-CBC",
              "fullTitle": "encrypt DES-CBC",
              "timedOut": false,
              "duration": 215,
              "state": "passed",
              "speed": "slow",
              "pass": true,
              "fail": false,
              "pending": false,
              "context": null,
              "code": "const setup = await mfkdf.setup.key([\n  await mfkdf.setup.factors.uuid({ id: 'uuid1', uuid: '9b1deb4d-3b7d-4bad-9bdd-2b0d7b3dcb6d' })\n])\nconst ciphertext = await setup.encrypt('hello world', 'des')\nconst derive = await mfkdf.derive.key(setup.policy, {\n  uuid1: mfkdf.derive.factors.uuid('9b1deb4d-3b7d-4bad-9bdd-2b0d7b3dcb6d')\n})\nconst plaintext = await derive.decrypt(ciphertext, 'des')\nplaintext.toString().should.equal('hello world')",
              "err": {},
              "uuid": "aced855f-8a4b-49f0-83fe-d4d6d33741c5",
              "parentUUID": "731d6534-2229-495c-b077-3ae6dcf07a1c",
              "isHook": false,
              "skipped": false
            },
            {
              "title": "AES256-ECB",
              "fullTitle": "encrypt AES256-ECB",
              "timedOut": false,
              "duration": 216,
              "state": "passed",
              "speed": "slow",
              "pass": true,
              "fail": false,
              "pending": false,
              "context": null,
              "code": "const setup = await mfkdf.setup.key([\n  await mfkdf.setup.factors.uuid({ id: 'uuid1', uuid: '9b1deb4d-3b7d-4bad-9bdd-2b0d7b3dcb6d' })\n])\nconst ciphertext = await setup.encrypt(Buffer.from('hello world'), 'aes256', 'ECB')\nconst derive = await mfkdf.derive.key(setup.policy, {\n  uuid1: mfkdf.derive.factors.uuid('9b1deb4d-3b7d-4bad-9bdd-2b0d7b3dcb6d')\n})\nconst plaintext = await derive.decrypt(ciphertext, 'aes256', 'ECB')\nplaintext.toString().should.equal('hello world')",
              "err": {},
              "uuid": "c3a28fcb-ff07-4438-81de-e7459875182d",
              "parentUUID": "731d6534-2229-495c-b077-3ae6dcf07a1c",
              "isHook": false,
              "skipped": false
            },
            {
              "title": "AES192-ECB",
              "fullTitle": "encrypt AES192-ECB",
              "timedOut": false,
              "duration": 219,
              "state": "passed",
              "speed": "slow",
              "pass": true,
              "fail": false,
              "pending": false,
              "context": null,
              "code": "const setup = await mfkdf.setup.key([\n  await mfkdf.setup.factors.uuid({ id: 'uuid1', uuid: '9b1deb4d-3b7d-4bad-9bdd-2b0d7b3dcb6d' })\n])\nconst ciphertext = await setup.encrypt('hello world', 'aes192', 'ECB')\nconst derive = await mfkdf.derive.key(setup.policy, {\n  uuid1: mfkdf.derive.factors.uuid('9b1deb4d-3b7d-4bad-9bdd-2b0d7b3dcb6d')\n})\nconst plaintext = await derive.decrypt(ciphertext, 'aes192', 'ECB')\nplaintext.toString().should.equal('hello world')",
              "err": {},
              "uuid": "7fed821e-6784-42d2-b548-ec92040e2755",
              "parentUUID": "731d6534-2229-495c-b077-3ae6dcf07a1c",
              "isHook": false,
              "skipped": false
            },
            {
              "title": "AES128-ECB",
              "fullTitle": "encrypt AES128-ECB",
              "timedOut": false,
              "duration": 215,
              "state": "passed",
              "speed": "slow",
              "pass": true,
              "fail": false,
              "pending": false,
              "context": null,
              "code": "const setup = await mfkdf.setup.key([\n  await mfkdf.setup.factors.uuid({ id: 'uuid1', uuid: '9b1deb4d-3b7d-4bad-9bdd-2b0d7b3dcb6d' })\n])\nconst ciphertext = await setup.encrypt('hello world', 'aes128', 'ECB')\nconst derive = await mfkdf.derive.key(setup.policy, {\n  uuid1: mfkdf.derive.factors.uuid('9b1deb4d-3b7d-4bad-9bdd-2b0d7b3dcb6d')\n})\nconst plaintext = await derive.decrypt(ciphertext, 'aes128', 'ECB')\nplaintext.toString().should.equal('hello world')",
              "err": {},
              "uuid": "bdec20e9-3265-4223-bf14-c8edee187828",
              "parentUUID": "731d6534-2229-495c-b077-3ae6dcf07a1c",
              "isHook": false,
              "skipped": false
            },
            {
              "title": "3DES-ECB",
              "fullTitle": "encrypt 3DES-ECB",
              "timedOut": false,
              "duration": 218,
              "state": "passed",
              "speed": "slow",
              "pass": true,
              "fail": false,
              "pending": false,
              "context": null,
              "code": "const setup = await mfkdf.setup.key([\n  await mfkdf.setup.factors.uuid({ id: 'uuid1', uuid: '9b1deb4d-3b7d-4bad-9bdd-2b0d7b3dcb6d' })\n])\nconst ciphertext = await setup.encrypt('hello world', '3des', 'ECB')\nconst derive = await mfkdf.derive.key(setup.policy, {\n  uuid1: mfkdf.derive.factors.uuid('9b1deb4d-3b7d-4bad-9bdd-2b0d7b3dcb6d')\n})\nconst plaintext = await derive.decrypt(ciphertext, '3des', 'ECB')\nplaintext.toString().should.equal('hello world')",
              "err": {},
              "uuid": "e958f436-16e3-4da6-ab37-e33ff247fbd6",
              "parentUUID": "731d6534-2229-495c-b077-3ae6dcf07a1c",
              "isHook": false,
              "skipped": false
            },
            {
              "title": "DES-ECB",
              "fullTitle": "encrypt DES-ECB",
              "timedOut": false,
              "duration": 213,
              "state": "passed",
              "speed": "slow",
              "pass": true,
              "fail": false,
              "pending": false,
              "context": null,
              "code": "const setup = await mfkdf.setup.key([\n  await mfkdf.setup.factors.uuid({ id: 'uuid1', uuid: '9b1deb4d-3b7d-4bad-9bdd-2b0d7b3dcb6d' })\n])\nconst ciphertext = await setup.encrypt('hello world', 'des', 'ECB')\nconst derive = await mfkdf.derive.key(setup.policy, {\n  uuid1: mfkdf.derive.factors.uuid('9b1deb4d-3b7d-4bad-9bdd-2b0d7b3dcb6d')\n})\nconst plaintext = await derive.decrypt(ciphertext, 'des', 'ECB')\nplaintext.toString().should.equal('hello world')",
              "err": {},
              "uuid": "a1a57c18-13cc-4fb4-8dce-e395c6ee3132",
              "parentUUID": "731d6534-2229-495c-b077-3ae6dcf07a1c",
              "isHook": false,
              "skipped": false
            }
          ],
          "suites": [
            {
              "uuid": "d761bfc0-1d7e-4f71-8eaf-109d0efd0dbb",
              "title": "utils",
              "fullFile": "C:\\xampp\\htdocs\\Multifactor\\MFKDF\\test\\crypto\\symmetric.js",
              "file": "\\test\\crypto\\symmetric.js",
              "beforeHooks": [],
              "afterHooks": [],
              "tests": [
                {
                  "title": "subkey",
                  "fullTitle": "encrypt utils subkey",
                  "timedOut": false,
                  "duration": 105,
                  "state": "passed",
                  "speed": "slow",
                  "pass": true,
                  "fail": false,
                  "pending": false,
                  "context": null,
                  "code": "const setup = await mfkdf.setup.key([\n  await mfkdf.setup.factors.uuid({ id: 'uuid1', uuid: '9b1deb4d-3b7d-4bad-9bdd-2b0d7b3dcb6d' })\n])\nconst key1 = await setup.getSubkey(32, 'AES256', 'sha256')\nconst key2 = await setup.getSymmetricKey('aes256')\nkey1.toString('hex').should.equal(key2.toString('hex'))\nconst key3 = await setup.getSubkey()\nconst key4 = await setup.getSubkey(32, '', 'sha512')\nkey3.toString('hex').should.equal(key4.toString('hex'))",
                  "err": {},
                  "uuid": "6045c3c8-a974-4ea4-8334-829e3018da62",
                  "parentUUID": "d761bfc0-1d7e-4f71-8eaf-109d0efd0dbb",
                  "isHook": false,
                  "skipped": false
                },
                {
                  "title": "symmetric key",
                  "fullTitle": "encrypt utils symmetric key",
                  "timedOut": false,
                  "duration": 104,
                  "state": "passed",
                  "speed": "slow",
                  "pass": true,
                  "fail": false,
                  "pending": false,
                  "context": null,
                  "code": "const setup = await mfkdf.setup.key([\n  await mfkdf.setup.factors.uuid({ id: 'uuid1', uuid: '9b1deb4d-3b7d-4bad-9bdd-2b0d7b3dcb6d' })\n])\nconst key1 = await setup.getSymmetricKey()\nconst key2 = await setup.getSymmetricKey('aes256')\nkey1.toString('hex').should.equal(key2.toString('hex'))",
                  "err": {},
                  "uuid": "ad369bd7-bf5f-4f9e-8f85-9d2b7c6f0434",
                  "parentUUID": "d761bfc0-1d7e-4f71-8eaf-109d0efd0dbb",
                  "isHook": false,
                  "skipped": false
                }
              ],
              "suites": [],
              "passes": [
                "6045c3c8-a974-4ea4-8334-829e3018da62",
                "ad369bd7-bf5f-4f9e-8f85-9d2b7c6f0434"
              ],
              "failures": [],
              "pending": [],
              "skipped": [],
              "duration": 209,
              "root": false,
              "rootEmpty": false,
              "_timeout": 5000
            },
            {
              "uuid": "bc99da40-2592-45ff-8067-9ebd3d2ac37e",
              "title": "errors",
              "fullFile": "C:\\xampp\\htdocs\\Multifactor\\MFKDF\\test\\crypto\\symmetric.js",
              "file": "\\test\\crypto\\symmetric.js",
              "beforeHooks": [],
              "afterHooks": [],
              "tests": [
                {
                  "title": "invalid key",
                  "fullTitle": "encrypt errors invalid key",
                  "timedOut": false,
                  "duration": 104,
                  "state": "passed",
                  "speed": "slow",
                  "pass": true,
                  "fail": false,
                  "pending": false,
                  "context": null,
                  "code": "const setup = await mfkdf.setup.key([\n  await mfkdf.setup.factors.uuid({ id: 'uuid1', uuid: '9b1deb4d-3b7d-4bad-9bdd-2b0d7b3dcb6d' })\n])\nsetup.encrypt('hello world', 'unknown').should.be.rejectedWith(RangeError)",
                  "err": {},
                  "uuid": "2dd97585-b461-4905-8026-b33fece9539e",
                  "parentUUID": "bc99da40-2592-45ff-8067-9ebd3d2ac37e",
                  "isHook": false,
                  "skipped": false
                },
                {
                  "title": "invalid message",
                  "fullTitle": "encrypt errors invalid message",
                  "timedOut": false,
                  "duration": 104,
                  "state": "passed",
                  "speed": "slow",
                  "pass": true,
                  "fail": false,
                  "pending": false,
                  "context": null,
                  "code": "const setup = await mfkdf.setup.key([\n  await mfkdf.setup.factors.uuid({ id: 'uuid1', uuid: '9b1deb4d-3b7d-4bad-9bdd-2b0d7b3dcb6d' })\n])\nsetup.encrypt(12345, 'unknown').should.be.rejectedWith(TypeError)",
                  "err": {},
                  "uuid": "23209b5a-999f-46fb-a00c-46f2ce726985",
                  "parentUUID": "bc99da40-2592-45ff-8067-9ebd3d2ac37e",
                  "isHook": false,
                  "skipped": false
                },
                {
                  "title": "invalid ciphertext",
                  "fullTitle": "encrypt errors invalid ciphertext",
                  "timedOut": false,
                  "duration": 103,
                  "state": "passed",
                  "speed": "slow",
                  "pass": true,
                  "fail": false,
                  "pending": false,
                  "context": null,
                  "code": "const setup = await mfkdf.setup.key([\n  await mfkdf.setup.factors.uuid({ id: 'uuid1', uuid: '9b1deb4d-3b7d-4bad-9bdd-2b0d7b3dcb6d' })\n])\nsetup.decrypt(12345, 'unknown').should.be.rejectedWith(TypeError)",
                  "err": {},
                  "uuid": "2ab58fe2-c871-4c9d-a7bd-ee6fc87eefea",
                  "parentUUID": "bc99da40-2592-45ff-8067-9ebd3d2ac37e",
                  "isHook": false,
                  "skipped": false
                }
              ],
              "suites": [],
              "passes": [
                "2dd97585-b461-4905-8026-b33fece9539e",
                "23209b5a-999f-46fb-a00c-46f2ce726985",
                "2ab58fe2-c871-4c9d-a7bd-ee6fc87eefea"
              ],
              "failures": [],
              "pending": [],
              "skipped": [],
              "duration": 311,
              "root": false,
              "rootEmpty": false,
              "_timeout": 5000
            }
          ],
          "passes": [
            "4b3c3ab3-d2a1-43c5-aaf9-4e790fa6de12",
            "8839a6ef-24f4-4880-ad36-28bff22e5f60",
            "f7ee1e22-304b-4836-8764-3ac947e1c479",
            "68a47ab6-749a-4912-8d5a-54001801870a",
            "0606ed5c-57fc-4ea9-bed8-e270f32d0d69",
            "aced855f-8a4b-49f0-83fe-d4d6d33741c5",
            "c3a28fcb-ff07-4438-81de-e7459875182d",
            "7fed821e-6784-42d2-b548-ec92040e2755",
            "bdec20e9-3265-4223-bf14-c8edee187828",
            "e958f436-16e3-4da6-ab37-e33ff247fbd6",
            "a1a57c18-13cc-4fb4-8dce-e395c6ee3132"
          ],
          "failures": [],
          "pending": [],
          "skipped": [],
          "duration": 2407,
          "root": false,
          "rootEmpty": false,
          "_timeout": 5000
        },
        {
          "uuid": "54dd21d0-510f-4ef0-a1c5-7c2f451086ff",
          "title": "derive/factors/password",
          "fullFile": "C:\\xampp\\htdocs\\Multifactor\\MFKDF\\test\\derive\\factors\\password.js",
          "file": "\\test\\derive\\factors\\password.js",
          "beforeHooks": [],
          "afterHooks": [],
          "tests": [
            {
              "title": "invalid/type",
              "fullTitle": "derive/factors/password invalid/type",
              "timedOut": false,
              "duration": 1,
              "state": "passed",
              "speed": "slow",
              "pass": true,
              "fail": false,
              "pending": false,
              "context": null,
              "code": "(() => {\n  mfkdf.derive.factors.password(12345)\n}).should.throw(TypeError)",
              "err": {},
              "uuid": "ade90363-8115-43d1-968b-cea5528b906f",
              "parentUUID": "54dd21d0-510f-4ef0-a1c5-7c2f451086ff",
              "isHook": false,
              "skipped": false
            },
            {
              "title": "invalid/range",
              "fullTitle": "derive/factors/password invalid/range",
              "timedOut": false,
              "duration": 1,
              "state": "passed",
              "speed": "slow",
              "pass": true,
              "fail": false,
              "pending": false,
              "context": null,
              "code": "(() => {\n  mfkdf.derive.factors.password('')\n}).should.throw(RangeError)",
              "err": {},
              "uuid": "d0caee8c-0af6-46a6-a4a8-1021e091a276",
              "parentUUID": "54dd21d0-510f-4ef0-a1c5-7c2f451086ff",
              "isHook": false,
              "skipped": false
            }
          ],
          "suites": [],
          "passes": [
            "ade90363-8115-43d1-968b-cea5528b906f",
            "d0caee8c-0af6-46a6-a4a8-1021e091a276"
          ],
          "failures": [],
          "pending": [],
          "skipped": [],
          "duration": 2,
          "root": false,
          "rootEmpty": false,
          "_timeout": 5000
        },
        {
          "uuid": "ab0c3f87-5fd9-45aa-99e2-45e870aeaa14",
          "title": "derive/factors/uuid",
          "fullFile": "C:\\xampp\\htdocs\\Multifactor\\MFKDF\\test\\derive\\factors\\uuid.js",
          "file": "\\test\\derive\\factors\\uuid.js",
          "beforeHooks": [],
          "afterHooks": [],
          "tests": [
            {
              "title": "invalid/type",
              "fullTitle": "derive/factors/uuid invalid/type",
              "timedOut": false,
              "duration": 0,
              "state": "passed",
              "speed": "fast",
              "pass": true,
              "fail": false,
              "pending": false,
              "context": null,
              "code": "(() => {\n  mfkdf.derive.factors.uuid(12345)\n}).should.throw(TypeError)",
              "err": {},
              "uuid": "a18ce2d8-5e1b-4fd0-8b85-cdf0e704dfbb",
              "parentUUID": "ab0c3f87-5fd9-45aa-99e2-45e870aeaa14",
              "isHook": false,
              "skipped": false
            },
            {
              "title": "invalid/range",
              "fullTitle": "derive/factors/uuid invalid/range",
              "timedOut": false,
              "duration": 0,
              "state": "passed",
              "speed": "fast",
              "pass": true,
              "fail": false,
              "pending": false,
              "context": null,
              "code": "(() => {\n  mfkdf.derive.factors.uuid('')\n}).should.throw(TypeError)",
              "err": {},
              "uuid": "594dab0e-ebfd-4635-a052-816946dd852d",
              "parentUUID": "ab0c3f87-5fd9-45aa-99e2-45e870aeaa14",
              "isHook": false,
              "skipped": false
            }
          ],
          "suites": [],
          "passes": [
            "a18ce2d8-5e1b-4fd0-8b85-cdf0e704dfbb",
            "594dab0e-ebfd-4635-a052-816946dd852d"
          ],
          "failures": [],
          "pending": [],
          "skipped": [],
          "duration": 0,
          "root": false,
          "rootEmpty": false,
          "_timeout": 5000
        },
        {
          "uuid": "fc2d6a52-5fc4-4fdc-acba-4b466f101271",
          "title": "derive/key",
          "fullFile": "C:\\xampp\\htdocs\\Multifactor\\MFKDF\\test\\derive\\key.js",
          "file": "\\test\\derive\\key.js",
          "beforeHooks": [],
          "afterHooks": [],
          "tests": [
            {
              "title": "correct",
              "fullTitle": "derive/key correct",
              "timedOut": false,
              "duration": 556,
              "state": "passed",
              "speed": "slow",
              "pass": true,
              "fail": false,
              "pending": false,
              "context": null,
              "code": "const setup = await mfkdf.setup.key([\n  await mfkdf.setup.factors.password('password1', { id: 'password1' }),\n  await mfkdf.setup.factors.password('password2', { id: 'password2' }),\n  await mfkdf.setup.factors.password('password3', { id: 'password3' })\n], { threshold: 2 })\nconst derive1 = await mfkdf.derive.key(setup.policy, {\n  password1: mfkdf.derive.factors.password('password1'),\n  password2: mfkdf.derive.factors.password('password2')\n})\nconst derive2 = await mfkdf.derive.key(setup.policy, {\n  password2: mfkdf.derive.factors.password('password2'),\n  password3: mfkdf.derive.factors.password('password3')\n})\nconst derive3 = await mfkdf.derive.key(setup.policy, {\n  password1: mfkdf.derive.factors.password('password1'),\n  password3: mfkdf.derive.factors.password('password3')\n})\nconst derive4 = await mfkdf.derive.key(setup.policy, {\n  password1: mfkdf.derive.factors.password('password1'),\n  password2: mfkdf.derive.factors.password('password2'),\n  password3: mfkdf.derive.factors.password('password3')\n})\nsetup.key.toString('hex').should.equal(derive1.key.toString('hex'))\nsetup.key.toString('hex').should.equal(derive2.key.toString('hex'))\nsetup.key.toString('hex').should.equal(derive3.key.toString('hex'))\nsetup.key.toString('hex').should.equal(derive4.key.toString('hex'))\nJSON.stringify(setup.policy).should.equal(JSON.stringify(derive1.policy))\nJSON.stringify(setup.policy).should.equal(JSON.stringify(derive2.policy))\nJSON.stringify(setup.policy).should.equal(JSON.stringify(derive3.policy))\nJSON.stringify(setup.policy).should.equal(JSON.stringify(derive4.policy))",
              "err": {},
              "uuid": "e8dff06d-9b67-4948-b714-328d49f36f8b",
              "parentUUID": "fc2d6a52-5fc4-4fdc-acba-4b466f101271",
              "isHook": false,
              "skipped": false
            },
            {
              "title": "incorrect",
              "fullTitle": "derive/key incorrect",
              "timedOut": false,
              "duration": 555,
              "state": "passed",
              "speed": "slow",
              "pass": true,
              "fail": false,
              "pending": false,
              "context": null,
              "code": "const setup = await mfkdf.setup.key([\n  await mfkdf.setup.factors.password('password1', { id: 'password1' }),\n  await mfkdf.setup.factors.password('password2', { id: 'password2' }),\n  await mfkdf.setup.factors.password('password3', { id: 'password3' })\n], { threshold: 2 })\nconst derive1 = await mfkdf.derive.key(setup.policy, {\n  password1: mfkdf.derive.factors.password('password1'),\n  password2: mfkdf.derive.factors.password('wrongpassword2')\n})\nconst derive2 = await mfkdf.derive.key(setup.policy, {\n  password2: mfkdf.derive.factors.password('wrongpassword2'),\n  password3: mfkdf.derive.factors.password('wrongpassword3')\n})\nconst derive3 = await mfkdf.derive.key(setup.policy, {\n  password1: mfkdf.derive.factors.password('password1'),\n  password3: mfkdf.derive.factors.password('password2')\n})\nconst derive4 = await mfkdf.derive.key(setup.policy, {\n  password1: mfkdf.derive.factors.password('password1'),\n  password2: mfkdf.derive.factors.password('password2'),\n  password3: mfkdf.derive.factors.password('password4')\n})\nsetup.key.toString('hex').should.not.equal(derive1.key.toString('hex'))\nsetup.key.toString('hex').should.not.equal(derive2.key.toString('hex'))\nsetup.key.toString('hex').should.not.equal(derive3.key.toString('hex'))\nsetup.key.toString('hex').should.not.equal(derive4.key.toString('hex'))",
              "err": {},
              "uuid": "b759c3ea-2506-4f79-9700-7afe2aae8ac2",
              "parentUUID": "fc2d6a52-5fc4-4fdc-acba-4b466f101271",
              "isHook": false,
              "skipped": false
            },
            {
              "title": "mismatch",
              "fullTitle": "derive/key mismatch",
              "timedOut": false,
              "duration": 111,
              "state": "passed",
              "speed": "slow",
              "pass": true,
              "fail": false,
              "pending": false,
              "context": null,
              "code": "const setup = await mfkdf.setup.key([\n  await mfkdf.setup.factors.password('password', { id: 'password' })\n])\nmfkdf.derive.key(setup.policy, {\n  password: mfkdf.derive.factors.uuid('9b1deb4d-3b7d-4bad-9bdd-2b0d7b3dcb6d')\n}).should.be.rejectedWith(TypeError)",
              "err": {},
              "uuid": "978bccac-5d88-4107-8908-37f4f548ccc9",
              "parentUUID": "fc2d6a52-5fc4-4fdc-acba-4b466f101271",
              "isHook": false,
              "skipped": false
            }
          ],
          "suites": [
            {
              "uuid": "95db80cd-adb5-496e-9e8f-6a39541ce212",
              "title": "shares",
              "fullFile": "C:\\xampp\\htdocs\\Multifactor\\MFKDF\\test\\derive\\key.js",
              "file": "\\test\\derive\\key.js",
              "beforeHooks": [],
              "afterHooks": [],
              "tests": [
                {
                  "title": "valid",
                  "fullTitle": "derive/key shares valid",
                  "timedOut": false,
                  "duration": 443,
                  "state": "passed",
                  "speed": "slow",
                  "pass": true,
                  "fail": false,
                  "pending": false,
                  "context": null,
                  "code": "const setup = await mfkdf.setup.key([\n  await mfkdf.setup.factors.password('password1', { id: 'password1' }),\n  await mfkdf.setup.factors.password('password2', { id: 'password2' }),\n  await mfkdf.setup.factors.password('password3', { id: 'password3' })\n], { threshold: 2 })\nconst derive1 = await mfkdf.derive.key(setup.policy, {\n  password1: mfkdf.derive.factors.password('password1'),\n  password2: mfkdf.derive.factors.password('password2')\n})\nconst derive2 = await mfkdf.derive.key(derive1.policy, {\n  password2: mfkdf.derive.factors.password('password2'),\n  password3: mfkdf.derive.factors.password('password3')\n})\nconst derive3 = await mfkdf.derive.key(derive2.policy, {\n  password1: mfkdf.derive.factors.password('password1'),\n  password3: mfkdf.derive.factors.password('password3')\n})\nderive1.shares.should.deep.equal(setup.shares)\nderive2.shares.should.deep.equal(setup.shares)\nderive3.shares.should.deep.equal(setup.shares)",
                  "err": {},
                  "uuid": "dac1db1f-2a51-4bb2-98dd-e44ddc48c1e5",
                  "parentUUID": "95db80cd-adb5-496e-9e8f-6a39541ce212",
                  "isHook": false,
                  "skipped": false
                }
              ],
              "suites": [],
              "passes": [
                "dac1db1f-2a51-4bb2-98dd-e44ddc48c1e5"
              ],
              "failures": [],
              "pending": [],
              "skipped": [],
              "duration": 443,
              "root": false,
              "rootEmpty": false,
              "_timeout": 5000
            },
            {
              "uuid": "9864f90e-eaed-42ae-b848-8391bd549cc1",
              "title": "invalid",
              "fullFile": "C:\\xampp\\htdocs\\Multifactor\\MFKDF\\test\\derive\\key.js",
              "file": "\\test\\derive\\key.js",
              "beforeHooks": [],
              "afterHooks": [],
              "tests": [
                {
                  "title": "schema",
                  "fullTitle": "derive/key invalid schema",
                  "timedOut": false,
                  "duration": 108,
                  "state": "passed",
                  "speed": "slow",
                  "pass": true,
                  "fail": false,
                  "pending": false,
                  "context": null,
                  "code": "const setup = await mfkdf.setup.key([\n  await mfkdf.setup.factors.password('password1', { id: 'password1' })\n])\ndelete setup.policy.$id\nmfkdf.derive.key(setup.policy, {\n  password1: mfkdf.derive.factors.password('password1')\n}).should.be.rejectedWith(TypeError)",
                  "err": {},
                  "uuid": "4bfd35a2-f7b6-4e49-8416-79297131d403",
                  "parentUUID": "9864f90e-eaed-42ae-b848-8391bd549cc1",
                  "isHook": false,
                  "skipped": false
                },
                {
                  "title": "factors",
                  "fullTitle": "derive/key invalid factors",
                  "timedOut": false,
                  "duration": 113,
                  "state": "passed",
                  "speed": "slow",
                  "pass": true,
                  "fail": false,
                  "pending": false,
                  "context": null,
                  "code": "const setup = await mfkdf.setup.key([\n  await mfkdf.setup.factors.password('password1', { id: 'password1' }),\n  await mfkdf.setup.factors.password('password2', { id: 'password2' }),\n  await mfkdf.setup.factors.password('password3', { id: 'password3' })\n], { threshold: 2 })\nmfkdf.derive.key(setup.policy, {\n  password1: mfkdf.derive.factors.password('password1')\n}).should.be.rejectedWith(RangeError)",
                  "err": {},
                  "uuid": "f4ab783a-a57e-4fb0-8170-8973a3611de3",
                  "parentUUID": "9864f90e-eaed-42ae-b848-8391bd549cc1",
                  "isHook": false,
                  "skipped": false
                }
              ],
              "suites": [],
              "passes": [
                "4bfd35a2-f7b6-4e49-8416-79297131d403",
                "f4ab783a-a57e-4fb0-8170-8973a3611de3"
              ],
              "failures": [],
              "pending": [],
              "skipped": [],
              "duration": 221,
              "root": false,
              "rootEmpty": false,
              "_timeout": 5000
            }
          ],
          "passes": [
            "e8dff06d-9b67-4948-b714-328d49f36f8b",
            "b759c3ea-2506-4f79-9700-7afe2aae8ac2",
            "978bccac-5d88-4107-8908-37f4f548ccc9"
          ],
          "failures": [],
          "pending": [],
          "skipped": [],
          "duration": 1222,
          "root": false,
          "rootEmpty": false,
          "_timeout": 5000
        },
        {
          "uuid": "07f4cc48-f4be-4abe-98d0-585ec98b01f7",
          "title": "factors/hotp",
          "fullFile": "C:\\xampp\\htdocs\\Multifactor\\MFKDF\\test\\factors\\hotp.js",
          "file": "\\test\\factors\\hotp.js",
          "beforeHooks": [],
          "afterHooks": [],
          "tests": [
            {
              "title": "valid",
              "fullTitle": "factors/hotp valid",
              "timedOut": false,
              "duration": 440,
              "state": "passed",
              "speed": "slow",
              "pass": true,
              "fail": false,
              "pending": false,
              "context": null,
              "code": "const setup = await mfkdf.setup.key([\n  await mfkdf.setup.factors.hotp({\n    secret: Buffer.from('hello world')\n  })\n])\nconst derive1 = await mfkdf.derive.key(setup.policy, {\n  hotp: mfkdf.derive.factors.hotp(365287)\n})\nconst derive2 = await mfkdf.derive.key(derive1.policy, {\n  hotp: mfkdf.derive.factors.hotp(891649)\n})\nconst derive3 = await mfkdf.derive.key(derive2.policy, {\n  hotp: mfkdf.derive.factors.hotp(795484)\n})\nsetup.key.toString('hex').should.equal(derive1.key.toString('hex'))\nderive1.key.toString('hex').should.equal(derive2.key.toString('hex'))\nderive2.key.toString('hex').should.equal(derive3.key.toString('hex'))",
              "err": {},
              "uuid": "4795c3df-fbc9-441d-89b2-b2143050e50c",
              "parentUUID": "07f4cc48-f4be-4abe-98d0-585ec98b01f7",
              "isHook": false,
              "skipped": false
            },
            {
              "title": "defaults",
              "fullTitle": "factors/hotp defaults",
              "timedOut": false,
              "duration": 104,
              "state": "passed",
              "speed": "slow",
              "pass": true,
              "fail": false,
              "pending": false,
              "context": null,
              "code": "await mfkdf.setup.key([\n  await mfkdf.setup.factors.hotp()\n])",
              "err": {},
              "uuid": "6f8d8065-711b-4eff-bf1f-ec4c3fc52085",
              "parentUUID": "07f4cc48-f4be-4abe-98d0-585ec98b01f7",
              "isHook": false,
              "skipped": false
            }
          ],
          "suites": [
            {
              "uuid": "dc4b24bf-b40f-435d-887d-dc5bae08cef0",
              "title": "errors",
              "fullFile": "C:\\xampp\\htdocs\\Multifactor\\MFKDF\\test\\factors\\hotp.js",
              "file": "\\test\\factors\\hotp.js",
              "beforeHooks": [],
              "afterHooks": [],
              "tests": [
                {
                  "title": "code/type",
                  "fullTitle": "factors/hotp errors code/type",
                  "timedOut": false,
                  "duration": 0,
                  "state": "passed",
                  "speed": "fast",
                  "pass": true,
                  "fail": false,
                  "pending": false,
                  "context": null,
                  "code": "(() => {\n  mfkdf.derive.factors.hotp('hello')\n}).should.throw(TypeError)",
                  "err": {},
                  "uuid": "759a245b-93d3-41d8-a3a9-8da711efbc47",
                  "parentUUID": "dc4b24bf-b40f-435d-887d-dc5bae08cef0",
                  "isHook": false,
                  "skipped": false
                },
                {
                  "title": "id/type",
                  "fullTitle": "factors/hotp errors id/type",
                  "timedOut": false,
                  "duration": 1,
                  "state": "passed",
                  "speed": "slow",
                  "pass": true,
                  "fail": false,
                  "pending": false,
                  "context": null,
                  "code": "mfkdf.setup.factors.hotp({\n  secret: Buffer.from('hello world'),\n  id: 12345\n}).should.be.rejectedWith(TypeError)",
                  "err": {},
                  "uuid": "3105fcbc-2e29-40e0-b692-e25cc968799a",
                  "parentUUID": "dc4b24bf-b40f-435d-887d-dc5bae08cef0",
                  "isHook": false,
                  "skipped": false
                },
                {
                  "title": "id/range",
                  "fullTitle": "factors/hotp errors id/range",
                  "timedOut": false,
                  "duration": 0,
                  "state": "passed",
                  "speed": "fast",
                  "pass": true,
                  "fail": false,
                  "pending": false,
                  "context": null,
                  "code": "mfkdf.setup.factors.hotp({\n  secret: Buffer.from('hello world'),\n  id: ''\n}).should.be.rejectedWith(RangeError)",
                  "err": {},
                  "uuid": "89b8fd0d-ed0c-4f25-acb5-5e206d1194de",
                  "parentUUID": "dc4b24bf-b40f-435d-887d-dc5bae08cef0",
                  "isHook": false,
                  "skipped": false
                },
                {
                  "title": "digits/type",
                  "fullTitle": "factors/hotp errors digits/type",
                  "timedOut": false,
                  "duration": 0,
                  "state": "passed",
                  "speed": "fast",
                  "pass": true,
                  "fail": false,
                  "pending": false,
                  "context": null,
                  "code": "mfkdf.setup.factors.hotp({\n  secret: Buffer.from('hello world'),\n  digits: 'hello'\n}).should.be.rejectedWith(TypeError)",
                  "err": {},
                  "uuid": "a2a75b5a-7dab-4295-8832-e928be9654eb",
                  "parentUUID": "dc4b24bf-b40f-435d-887d-dc5bae08cef0",
                  "isHook": false,
                  "skipped": false
                },
                {
                  "title": "digits/low",
                  "fullTitle": "factors/hotp errors digits/low",
                  "timedOut": false,
                  "duration": 0,
                  "state": "passed",
                  "speed": "fast",
                  "pass": true,
                  "fail": false,
                  "pending": false,
                  "context": null,
                  "code": "mfkdf.setup.factors.hotp({\n  secret: Buffer.from('hello world'),\n  digits: 4\n}).should.be.rejectedWith(RangeError)",
                  "err": {},
                  "uuid": "3d670107-35ef-41d4-8631-2cce2c5df951",
                  "parentUUID": "dc4b24bf-b40f-435d-887d-dc5bae08cef0",
                  "isHook": false,
                  "skipped": false
                },
                {
                  "title": "digits/high",
                  "fullTitle": "factors/hotp errors digits/high",
                  "timedOut": false,
                  "duration": 1,
                  "state": "passed",
                  "speed": "slow",
                  "pass": true,
                  "fail": false,
                  "pending": false,
                  "context": null,
                  "code": "mfkdf.setup.factors.hotp({\n  secret: Buffer.from('hello world'),\n  digits: 9\n}).should.be.rejectedWith(RangeError)",
                  "err": {},
                  "uuid": "a6ed833f-8f60-4563-85ec-b4a26b3e9424",
                  "parentUUID": "dc4b24bf-b40f-435d-887d-dc5bae08cef0",
                  "isHook": false,
                  "skipped": false
                },
                {
                  "title": "hash/range",
                  "fullTitle": "factors/hotp errors hash/range",
                  "timedOut": false,
                  "duration": 0,
                  "state": "passed",
                  "speed": "fast",
                  "pass": true,
                  "fail": false,
                  "pending": false,
                  "context": null,
                  "code": "await mfkdf.setup.factors.hotp({\n  secret: Buffer.from('hello world'),\n  hash: 'sha123'\n}).should.be.rejectedWith(RangeError)",
                  "err": {},
                  "uuid": "c76d7a20-3e93-4f0e-9c0e-05706c3152ac",
                  "parentUUID": "dc4b24bf-b40f-435d-887d-dc5bae08cef0",
                  "isHook": false,
                  "skipped": false
                },
                {
                  "title": "secret/type",
                  "fullTitle": "factors/hotp errors secret/type",
                  "timedOut": false,
                  "duration": 0,
                  "state": "passed",
                  "speed": "fast",
                  "pass": true,
                  "fail": false,
                  "pending": false,
                  "context": null,
                  "code": "mfkdf.setup.factors.hotp({\n  secret: 'hello'\n}).should.be.rejectedWith(TypeError)",
                  "err": {},
                  "uuid": "fdd043ff-6e8e-4291-96c5-bad0315387b7",
                  "parentUUID": "dc4b24bf-b40f-435d-887d-dc5bae08cef0",
                  "isHook": false,
                  "skipped": false
                }
              ],
              "suites": [],
              "passes": [
                "759a245b-93d3-41d8-a3a9-8da711efbc47",
                "3105fcbc-2e29-40e0-b692-e25cc968799a",
                "89b8fd0d-ed0c-4f25-acb5-5e206d1194de",
                "a2a75b5a-7dab-4295-8832-e928be9654eb",
                "3d670107-35ef-41d4-8631-2cce2c5df951",
                "a6ed833f-8f60-4563-85ec-b4a26b3e9424",
                "c76d7a20-3e93-4f0e-9c0e-05706c3152ac",
                "fdd043ff-6e8e-4291-96c5-bad0315387b7"
              ],
              "failures": [],
              "pending": [],
              "skipped": [],
              "duration": 2,
              "root": false,
              "rootEmpty": false,
              "_timeout": 5000
            }
          ],
          "passes": [
            "4795c3df-fbc9-441d-89b2-b2143050e50c",
            "6f8d8065-711b-4eff-bf1f-ec4c3fc52085"
          ],
          "failures": [],
          "pending": [],
          "skipped": [],
          "duration": 544,
          "root": false,
          "rootEmpty": false,
          "_timeout": 5000
        },
        {
          "uuid": "53a573bf-73a7-4cfd-b694-e4e28e919099",
          "title": "factors/stack",
          "fullFile": "C:\\xampp\\htdocs\\Multifactor\\MFKDF\\test\\factors\\stack.js",
          "file": "\\test\\factors\\stack.js",
          "beforeHooks": [],
          "afterHooks": [],
          "tests": [
            {
              "title": "errors/id/type",
              "fullTitle": "factors/stack errors/id/type",
              "timedOut": false,
              "duration": 0,
              "state": "passed",
[...]
                  "err": {},
                  "uuid": "4ba1d3b1-7881-45e7-81c6-69185f0cfa4b",
                  "parentUUID": "17e874be-95a9-4a98-b7a4-081bad004846",
                  "isHook": false,
                  "skipped": false
                },
                {
                  "title": "invalid/range",
                  "fullTitle": "setup/key id invalid/range",
                  "timedOut": false,
                  "duration": 0,
                  "state": "passed",
                  "speed": "fast",
                  "pass": true,
                  "fail": false,
                  "pending": false,
                  "context": null,
                  "code": "mfkdf.setup.key([\n  await mfkdf.setup.factors.password('hello')\n], { id: '' }).should.be.rejectedWith(RangeError)",
                  "err": {},
                  "uuid": "a46c0a88-cfb6-45e3-a36a-863d2e610e66",
                  "parentUUID": "17e874be-95a9-4a98-b7a4-081bad004846",
                  "isHook": false,
                  "skipped": false
                }
              ],
              "suites": [],
              "passes": [
                "fe801ec2-8625-440f-9dad-1b40f9574265",
                "703a02c1-26dd-413b-8321-7ac13c38d2c9",
                "4ba1d3b1-7881-45e7-81c6-69185f0cfa4b",
                "a46c0a88-cfb6-45e3-a36a-863d2e610e66"
              ],
              "failures": [],
              "pending": [],
              "skipped": [],
              "duration": 212,
              "root": false,
              "rootEmpty": false,
              "_timeout": 5000
            },
            {
              "uuid": "35c03f93-73cd-491a-860b-050bbcb828cf",
              "title": "size",
              "fullFile": "C:\\xampp\\htdocs\\Multifactor\\MFKDF\\test\\setup\\key.js",
              "file": "\\test\\setup\\key.js",
              "beforeHooks": [],
              "afterHooks": [],
              "tests": [
                {
                  "title": "default",
                  "fullTitle": "setup/key size default",
                  "timedOut": false,
                  "duration": 103,
                  "state": "passed",
                  "speed": "slow",
                  "pass": true,
                  "fail": false,
                  "pending": false,
                  "context": null,
                  "code": "const { policy } = await mfkdf.setup.key([\n  await mfkdf.setup.factors.password('hello')\n])\npolicy.size.should.equal(32)",
                  "err": {},
                  "uuid": "a2cc9145-0d60-46f9-9ca0-ae7a17a6502e",
                  "parentUUID": "35c03f93-73cd-491a-860b-050bbcb828cf",
                  "isHook": false,
                  "skipped": false
                },
                {
                  "title": "valid",
                  "fullTitle": "setup/key size valid",
                  "timedOut": false,
                  "duration": 104,
                  "state": "passed",
                  "speed": "slow",
                  "pass": true,
                  "fail": false,
                  "pending": false,
                  "context": null,
                  "code": "const { policy } = await mfkdf.setup.key([\n  await mfkdf.setup.factors.password('hello')\n], { size: 64 })\npolicy.size.should.equal(64)",
                  "err": {},
                  "uuid": "546b3a64-4b07-460e-93fb-f500856f1b4e",
                  "parentUUID": "35c03f93-73cd-491a-860b-050bbcb828cf",
                  "isHook": false,
                  "skipped": false
                },
                {
                  "title": "invalid/type",
                  "fullTitle": "setup/key size invalid/type",
                  "timedOut": false,
                  "duration": 0,
                  "state": "passed",
                  "speed": "fast",
                  "pass": true,
                  "fail": false,
                  "pending": false,
                  "context": null,
                  "code": "mfkdf.setup.key([\n  await mfkdf.setup.factors.password('hello')\n], { size: 'hello' }).should.be.rejectedWith(TypeError)",
                  "err": {},
                  "uuid": "a87602ff-d866-4903-ad28-c8bf7a5e24d2",
                  "parentUUID": "35c03f93-73cd-491a-860b-050bbcb828cf",
                  "isHook": false,
                  "skipped": false
                },
                {
                  "title": "invalid/range",
                  "fullTitle": "setup/key size invalid/range",
                  "timedOut": false,
                  "duration": 0,
                  "state": "passed",
                  "speed": "fast",
                  "pass": true,
                  "fail": false,
                  "pending": false,
                  "context": null,
                  "code": "mfkdf.setup.key([\n  await mfkdf.setup.factors.password('hello')\n], { size: 0 }).should.be.rejectedWith(RangeError)",
                  "err": {},
                  "uuid": "07bba7da-5d0c-40b9-a7aa-178b6c28a9a2",
                  "parentUUID": "35c03f93-73cd-491a-860b-050bbcb828cf",
                  "isHook": false,
                  "skipped": false
                }
              ],
              "suites": [],
              "passes": [
                "a2cc9145-0d60-46f9-9ca0-ae7a17a6502e",
                "546b3a64-4b07-460e-93fb-f500856f1b4e",
                "a87602ff-d866-4903-ad28-c8bf7a5e24d2",
                "07bba7da-5d0c-40b9-a7aa-178b6c28a9a2"
              ],
              "failures": [],
              "pending": [],
              "skipped": [],
              "duration": 207,
              "root": false,
              "rootEmpty": false,
              "_timeout": 5000
            },
            {
              "uuid": "008ad325-08ec-477e-beea-a2938a9621c6",
              "title": "threshold",
              "fullFile": "C:\\xampp\\htdocs\\Multifactor\\MFKDF\\test\\setup\\key.js",
              "file": "\\test\\setup\\key.js",
              "beforeHooks": [],
              "afterHooks": [],
              "tests": [
                {
                  "title": "default",
                  "fullTitle": "setup/key threshold default",
                  "timedOut": false,
                  "duration": 104,
                  "state": "passed",
                  "speed": "slow",
                  "pass": true,
                  "fail": false,
                  "pending": false,
                  "context": null,
                  "code": "const { policy } = await mfkdf.setup.key([\n  await mfkdf.setup.factors.password('hello', { id: 'password1' }),\n  await mfkdf.setup.factors.password('hello', { id: 'password2' })\n])\npolicy.threshold.should.equal(2)",
                  "err": {},
                  "uuid": "d570ecbb-ff16-4c28-811e-f226e9dba641",
                  "parentUUID": "008ad325-08ec-477e-beea-a2938a9621c6",
                  "isHook": false,
                  "skipped": false
                },
                {
                  "title": "valid",
                  "fullTitle": "setup/key threshold valid",
                  "timedOut": false,
                  "duration": 103,
                  "state": "passed",
                  "speed": "slow",
                  "pass": true,
                  "fail": false,
                  "pending": false,
                  "context": null,
                  "code": "const { policy } = await mfkdf.setup.key([\n  await mfkdf.setup.factors.password('hello', { id: 'password1' }),\n  await mfkdf.setup.factors.password('hello', { id: 'password2' })\n], { threshold: 1 })\npolicy.threshold.should.equal(1)",
                  "err": {},
                  "uuid": "b0609e92-b20f-41fb-ad9e-f26932a4d001",
                  "parentUUID": "008ad325-08ec-477e-beea-a2938a9621c6",
                  "isHook": false,
                  "skipped": false
                },
                {
                  "title": "invalid/type",
                  "fullTitle": "setup/key threshold invalid/type",
                  "timedOut": false,
                  "duration": 1,
                  "state": "passed",
                  "speed": "slow",
                  "pass": true,
                  "fail": false,
                  "pending": false,
                  "context": null,
                  "code": "mfkdf.setup.key([\n  await mfkdf.setup.factors.password('hello')\n], { threshold: 'hello' }).should.be.rejectedWith(TypeError)",
                  "err": {},
                  "uuid": "018bf638-4a78-44c1-84b8-435595d7851f",
                  "parentUUID": "008ad325-08ec-477e-beea-a2938a9621c6",
                  "isHook": false,
                  "skipped": false
                },
                {
                  "title": "invalid/range",
                  "fullTitle": "setup/key threshold invalid/range",
                  "timedOut": false,
                  "duration": 0,
                  "state": "passed",
                  "speed": "fast",
                  "pass": true,
                  "fail": false,
                  "pending": false,
                  "context": null,
                  "code": "mfkdf.setup.key([\n  await mfkdf.setup.factors.password('hello')\n], { threshold: 0 }).should.be.rejectedWith(RangeError)\nmfkdf.setup.key([\n  await mfkdf.setup.factors.password('hello')\n], { threshold: 2 }).should.be.rejectedWith(RangeError)",
                  "err": {},
                  "uuid": "e53108bc-269d-4117-96f0-34954b32c00b",
                  "parentUUID": "008ad325-08ec-477e-beea-a2938a9621c6",
                  "isHook": false,
                  "skipped": false
                }
              ],
              "suites": [],
              "passes": [
                "d570ecbb-ff16-4c28-811e-f226e9dba641",
                "b0609e92-b20f-41fb-ad9e-f26932a4d001",
                "018bf638-4a78-44c1-84b8-435595d7851f",
                "e53108bc-269d-4117-96f0-34954b32c00b"
              ],
              "failures": [],
              "pending": [],
              "skipped": [],
              "duration": 208,
              "root": false,
              "rootEmpty": false,
              "_timeout": 5000
            },
            {
              "uuid": "81ae8da8-c1d8-4122-87cc-935a8a47f134",
              "title": "salt",
              "fullFile": "C:\\xampp\\htdocs\\Multifactor\\MFKDF\\test\\setup\\key.js",
              "file": "\\test\\setup\\key.js",
              "beforeHooks": [],
              "afterHooks": [],
              "tests": [
                {
                  "title": "default",
                  "fullTitle": "setup/key salt default",
                  "timedOut": false,
                  "duration": 103,
                  "state": "passed",
                  "speed": "slow",
                  "pass": true,
                  "fail": false,
                  "pending": false,
                  "context": null,
                  "code": "const { policy } = await mfkdf.setup.key([\n  await mfkdf.setup.factors.password('hello')\n], { size: 48 })\nconst salt = Buffer.from(policy.salt, 'base64')\nsalt.length.should.equal(48)",
                  "err": {},
                  "uuid": "59f7148d-0458-4e6a-8803-7348cd6ed227",
                  "parentUUID": "81ae8da8-c1d8-4122-87cc-935a8a47f134",
                  "isHook": false,
                  "skipped": false
                },
                {
                  "title": "valid",
                  "fullTitle": "setup/key salt valid",
                  "timedOut": false,
                  "duration": 103,
                  "state": "passed",
                  "speed": "slow",
                  "pass": true,
                  "fail": false,
                  "pending": false,
                  "context": null,
                  "code": "const { policy } = await mfkdf.setup.key([\n  await mfkdf.setup.factors.password('hello')\n], { salt: Buffer.from('12345678', 'base64') })\npolicy.salt.should.equal('12345678')",
                  "err": {},
                  "uuid": "4dbc29f4-37ed-4064-96d2-34afa41fee36",
                  "parentUUID": "81ae8da8-c1d8-4122-87cc-935a8a47f134",
                  "isHook": false,
                  "skipped": false
                },
                {
                  "title": "invalid/type",
                  "fullTitle": "setup/key salt invalid/type",
                  "timedOut": false,
                  "duration": 0,
                  "state": "passed",
                  "speed": "fast",
                  "pass": true,
                  "fail": false,
                  "pending": false,
                  "context": null,
                  "code": "mfkdf.setup.key([\n  await mfkdf.setup.factors.password('hello')\n], { salt: 'hello' }).should.be.rejectedWith(TypeError)",
                  "err": {},
                  "uuid": "10a6ee63-e2ad-499f-94ce-7397c5597ab2",
                  "parentUUID": "81ae8da8-c1d8-4122-87cc-935a8a47f134",
                  "isHook": false,
                  "skipped": false
                }
              ],
              "suites": [],
              "passes": [
                "59f7148d-0458-4e6a-8803-7348cd6ed227",
                "4dbc29f4-37ed-4064-96d2-34afa41fee36",
                "10a6ee63-e2ad-499f-94ce-7397c5597ab2"
              ],
              "failures": [],
              "pending": [],
              "skipped": [],
              "duration": 206,
              "root": false,
              "rootEmpty": false,
              "_timeout": 5000
            },
            {
              "uuid": "eabec0ff-3737-4ccd-bec0-98a21c162e2d",
              "title": "factors",
              "fullFile": "C:\\xampp\\htdocs\\Multifactor\\MFKDF\\test\\setup\\key.js",
              "file": "\\test\\setup\\key.js",
              "beforeHooks": [],
              "afterHooks": [],
              "tests": [
                {
                  "title": "valid",
                  "fullTitle": "setup/key factors valid",
                  "timedOut": false,
                  "duration": 104,
                  "state": "passed",
                  "speed": "slow",
                  "pass": true,
                  "fail": false,
                  "pending": false,
                  "context": null,
                  "code": "await mfkdf.setup.key([\n  {\n    type: 'password',\n    id: 'password',\n    data: Buffer.from('password', 'utf-8'),\n    params: async () => {\n      return {}\n    },\n    output: async () => {\n      return {}\n    }\n  }\n])",
                  "err": {},
                  "uuid": "87fc216e-5492-4ccd-b551-a3f6fcec9e9b",
                  "parentUUID": "eabec0ff-3737-4ccd-bec0-98a21c162e2d",
                  "isHook": false,
                  "skipped": false
                },
                {
                  "title": "id",
                  "fullTitle": "setup/key factors id",
                  "timedOut": false,
                  "duration": 0,
                  "state": "passed",
                  "speed": "fast",
                  "pass": true,
                  "fail": false,
                  "pending": false,
                  "context": null,
                  "code": "mfkdf.setup.key([\n  await mfkdf.setup.factors.password('hello', { id: 'password1' }),\n  await mfkdf.setup.factors.password('hello', { id: 'password1' })\n]).should.be.rejectedWith(RangeError)",
                  "err": {},
                  "uuid": "6aa29b4d-6775-4f59-a2de-cc0ec14d9fc2",
                  "parentUUID": "eabec0ff-3737-4ccd-bec0-98a21c162e2d",
                  "isHook": false,
                  "skipped": false
                },
                {
                  "title": "invalid/type",
                  "fullTitle": "setup/key factors invalid/type",
                  "timedOut": false,
                  "duration": 1,
                  "state": "passed",
                  "speed": "slow",
                  "pass": true,
                  "fail": false,
                  "pending": false,
                  "context": null,
                  "code": "mfkdf.setup.key('hello').should.be.rejectedWith(TypeError)\nmfkdf.setup.key([\n  {\n    type: 12345,\n    id: 'password',\n    data: Buffer.from('password', 'utf-8'),\n    params: async () => {\n      return {}\n    }\n  }\n]).should.be.rejectedWith(TypeError)\nmfkdf.setup.key([\n  {\n    type: 'password',\n    id: 12345,\n    data: Buffer.from('password', 'utf-8'),\n    params: async () => {\n      return {}\n    }\n  }\n]).should.be.rejectedWith(TypeError)\nmfkdf.setup.key([\n  {\n    type: 'password',\n    id: 'password',\n    data: 12345,\n    params: async () => {\n      return {}\n    }\n  }\n]).should.be.rejectedWith(TypeError)\nmfkdf.setup.key([\n  {\n    type: 'password',\n    id: 'password',\n    data: Buffer.from('password', 'utf-8'),\n    params: 12345\n  }\n]).should.be.rejectedWith(TypeError)",
                  "err": {},
                  "uuid": "3a3d451d-9218-4ea5-a843-11aa0a13b373",
                  "parentUUID": "eabec0ff-3737-4ccd-bec0-98a21c162e2d",
                  "isHook": false,
                  "skipped": false
                },
                {
                  "title": "invalid/range",
                  "fullTitle": "setup/key factors invalid/range",
                  "timedOut": false,
                  "duration": 1,
                  "state": "passed",
                  "speed": "slow",
                  "pass": true,
                  "fail": false,
                  "pending": false,
                  "context": null,
                  "code": "mfkdf.setup.key([\n]).should.be.rejectedWith(RangeError)\nmfkdf.setup.key([\n  {\n    type: '',\n    id: 'password',\n    data: Buffer.from('password', 'utf-8'),\n    params: async () => {\n      return {}\n    }\n  }\n]).should.be.rejectedWith(RangeError)\nmfkdf.setup.key([\n  {\n    type: 'password',\n    id: '',\n    data: Buffer.from('password', 'utf-8'),\n    params: async () => {\n      return {}\n    }\n  }\n]).should.be.rejectedWith(RangeError)\nmfkdf.setup.key([\n  {\n    type: 'password',\n    id: 'password',\n    data: Buffer.from('', 'utf-8'),\n    params: async () => {\n      return {}\n    }\n  }\n]).should.be.rejectedWith(RangeError)",
                  "err": {},
                  "uuid": "d36010f7-450f-442b-8d74-1266b620164a",
                  "parentUUID": "eabec0ff-3737-4ccd-bec0-98a21c162e2d",
                  "isHook": false,
                  "skipped": false
                }
              ],
              "suites": [],
              "passes": [
                "87fc216e-5492-4ccd-b551-a3f6fcec9e9b",
                "6aa29b4d-6775-4f59-a2de-cc0ec14d9fc2",
                "3a3d451d-9218-4ea5-a843-11aa0a13b373",
                "d36010f7-450f-442b-8d74-1266b620164a"
              ],
              "failures": [],
              "pending": [],
              "skipped": [],
              "duration": 106,
              "root": false,
              "rootEmpty": false,
              "_timeout": 5000
            }
          ],
          "passes": [
            "7f3976b3-6a1d-4746-b359-da37d04959d6"
          ],
          "failures": [],
          "pending": [],
          "skipped": [],
          "duration": 110,
          "root": false,
          "rootEmpty": false,
          "_timeout": 5000
        }
      ],
      "passes": [],
      "failures": [],
      "pending": [],
      "skipped": [],
      "duration": 0,
      "root": true,
      "rootEmpty": true,
      "_timeout": 5000
    }
  ],
  "meta": {
    "mocha": {
      "version": "9.2.2"
    },
    "mochawesome": {
      "options": {
        "quiet": false,
        "reportFilename": "mochawesome",
        "saveHtml": true,
        "saveJson": true,
        "consoleReporter": "spec",
        "useInlineDiffs": false,
        "code": true
      },
      "version": "7.1.3"
    },
    "marge": {
      "options": {
        "reportDir": "./site/tests"
      },
      "version": "6.2.0"
    }
  }
}