{
  "stats": {
    "suites": 51,
    "tests": 211,
    "passes": 211,
    "pending": 0,
    "failures": 0,
    "start": "2022-04-21T22:37:26.980Z",
    "end": "2022-04-21T22:38:21.406Z",
    "duration": 54426,
    "testsRegistered": 211,
    "passPercent": 100,
    "pendingPercent": 0,
    "other": 0,
    "hasOther": false,
    "skipped": 0,
    "hasSkipped": false
  },
  "results": [
    {
      "uuid": "54655455-67bc-4b6f-a769-9d7dc2a2f847",
      "title": "",
      "fullFile": "",
      "file": "",
      "beforeHooks": [],
      "afterHooks": [],
      "tests": [],
      "suites": [
        {
          "uuid": "44b9525c-2591-4569-b0c0-5486a14c27f3",
          "title": "asymmetric",
          "fullFile": "C:\\xampp\\htdocs\\Multifactor\\MFKDF\\test\\crypto\\asymmetric.js",
          "file": "\\test\\crypto\\asymmetric.js",
          "beforeHooks": [],
          "afterHooks": [],
          "tests": [],
          "suites": [
            {
              "uuid": "0ae267de-7b92-4ed2-b8f6-d716517162fa",
              "title": "encryption",
              "fullFile": "C:\\xampp\\htdocs\\Multifactor\\MFKDF\\test\\crypto\\asymmetric.js",
              "file": "\\test\\crypto\\asymmetric.js",
              "beforeHooks": [],
              "afterHooks": [],
              "tests": [
                {
                  "title": "rsa1024",
                  "fullTitle": "asymmetric encryption rsa1024",
                  "timedOut": false,
                  "duration": 365,
                  "state": "passed",
                  "speed": "slow",
                  "pass": true,
                  "fail": false,
                  "pending": false,
                  "context": null,
                  "code": "const setup = await mfkdf.setup.key([\n  await mfkdf.setup.factors.uuid({ id: 'uuid1', uuid: '9b1deb4d-3b7d-4bad-9bdd-2b0d7b3dcb6d' })\n])\nconst ct = await setup.encrypt('hello world', 'rsa1024')\nconst pt = await setup.decrypt(ct, 'rsa1024')\npt.toString().should.equal('hello world')",
                  "err": {},
                  "uuid": "0dbf6d37-8930-4673-baec-9d261e3fd59e",
                  "parentUUID": "0ae267de-7b92-4ed2-b8f6-d716517162fa",
                  "isHook": false,
                  "skipped": false
                },
                {
                  "title": "rsa2048",
                  "fullTitle": "asymmetric encryption rsa2048",
                  "timedOut": false,
                  "duration": 2040,
                  "state": "passed",
                  "speed": "slow",
                  "pass": true,
                  "fail": false,
                  "pending": false,
                  "context": null,
                  "code": "const setup = await mfkdf.setup.key([\n  await mfkdf.setup.factors.uuid({ id: 'uuid1', uuid: '9b1deb4d-3b7d-4bad-9bdd-2b0d7b3dcb6d' })\n])\nconst ct = await setup.encrypt('hello world', 'rsa2048')\nconst pt = await setup.decrypt(ct, 'rsa2048')\npt.toString().should.equal('hello world')",
                  "err": {},
                  "uuid": "74092142-1c4d-46a9-b6f3-c407db74cfa4",
                  "parentUUID": "0ae267de-7b92-4ed2-b8f6-d716517162fa",
                  "isHook": false,
                  "skipped": false
                }
              ],
              "suites": [],
              "passes": [
                "0dbf6d37-8930-4673-baec-9d261e3fd59e",
                "74092142-1c4d-46a9-b6f3-c407db74cfa4"
              ],
              "failures": [],
              "pending": [],
              "skipped": [],
              "duration": 2405,
              "root": false,
              "rootEmpty": false,
              "_timeout": 5000
            },
            {
              "uuid": "c660f426-e861-4b2b-81c9-415100f3efa0",
              "title": "signatures",
              "fullFile": "C:\\xampp\\htdocs\\Multifactor\\MFKDF\\test\\crypto\\asymmetric.js",
              "file": "\\test\\crypto\\asymmetric.js",
              "beforeHooks": [],
              "afterHooks": [],
              "tests": [
                {
                  "title": "rsa1024",
                  "fullTitle": "asymmetric signatures rsa1024",
                  "timedOut": false,
                  "duration": 358,
                  "state": "passed",
                  "speed": "slow",
                  "pass": true,
                  "fail": false,
                  "pending": false,
                  "context": null,
                  "code": "const setup = await mfkdf.setup.key([\n  await mfkdf.setup.factors.uuid({ id: 'uuid1', uuid: '9b1deb4d-3b7d-4bad-9bdd-2b0d7b3dcb6d' })\n])\nconst signature = await setup.sign('hello world', 'rsa1024')\nconst validity = await setup.verify('hello world', signature, 'rsa1024')\nvalidity.should.be.true",
                  "err": {},
                  "uuid": "cb22986c-e02f-4e21-89fd-cbc503765c40",
                  "parentUUID": "c660f426-e861-4b2b-81c9-415100f3efa0",
                  "isHook": false,
                  "skipped": false
                },
                {
                  "title": "rsa2048",
                  "fullTitle": "asymmetric signatures rsa2048",
                  "timedOut": false,
                  "duration": 5039,
                  "state": "passed",
                  "speed": "slow",
                  "pass": true,
                  "fail": false,
                  "pending": false,
                  "context": null,
                  "code": "const setup = await mfkdf.setup.key([\n  await mfkdf.setup.factors.uuid({ id: 'uuid1', uuid: '9b1deb4d-3b7d-4bad-9bdd-2b0d7b3dcb6d' })\n])\nconst signature = await setup.sign('hello world', 'rsa2048')\nconst validity = await setup.verify('hello world', signature, 'rsa2048')\nvalidity.should.be.true",
                  "err": {},
                  "uuid": "2f1ea7a0-45e2-4860-b966-dca6819f6a7e",
                  "parentUUID": "c660f426-e861-4b2b-81c9-415100f3efa0",
                  "isHook": false,
                  "skipped": false
                },
                {
                  "title": "rsa3072",
                  "fullTitle": "asymmetric signatures rsa3072",
                  "timedOut": false,
                  "duration": 6980,
                  "state": "passed",
                  "speed": "slow",
                  "pass": true,
                  "fail": false,
                  "pending": false,
                  "context": null,
                  "code": "const setup = await mfkdf.setup.key([\n  await mfkdf.setup.factors.uuid({ id: 'uuid1', uuid: '9b1deb4d-3b7d-4bad-9bdd-2b0d7b3dcb6d' })\n])\nconst signature = await setup.sign('hello world', 'rsa3072')\nconst validity = await setup.verify('hello world', signature, 'rsa3072')\nvalidity.should.be.true",
                  "err": {},
                  "uuid": "923c2912-9dce-4f62-b808-f65b190254b9",
                  "parentUUID": "c660f426-e861-4b2b-81c9-415100f3efa0",
                  "isHook": false,
                  "skipped": false
                },
                {
                  "title": "defaults",
                  "fullTitle": "asymmetric signatures defaults",
                  "timedOut": false,
                  "duration": 11391,
                  "state": "passed",
                  "speed": "slow",
                  "pass": true,
                  "fail": false,
                  "pending": false,
                  "context": null,
                  "code": "const setup = await mfkdf.setup.key([\n  await mfkdf.setup.factors.uuid({ id: 'uuid1', uuid: '9b1deb4d-3b7d-4bad-9bdd-2b0d7b3dcb6d' })\n])\nconst signature = await setup.sign('hello world')\nconst validity = await setup.verify('hello world', signature)\nvalidity.should.be.true\nawait setup.getAsymmetricKeyPair()",
                  "err": {},
                  "uuid": "8bcf22ec-3d41-4130-baaa-037dffdf716b",
                  "parentUUID": "c660f426-e861-4b2b-81c9-415100f3efa0",
                  "isHook": false,
                  "skipped": false
                },
                {
                  "title": "ed25519",
                  "fullTitle": "asymmetric signatures ed25519",
                  "timedOut": false,
                  "duration": 119,
                  "state": "passed",
                  "speed": "slow",
                  "pass": true,
                  "fail": false,
                  "pending": false,
                  "context": null,
                  "code": "const setup = await mfkdf.setup.key([\n  await mfkdf.setup.factors.uuid({ id: 'uuid1', uuid: '9b1deb4d-3b7d-4bad-9bdd-2b0d7b3dcb6d' })\n])\nawait setup.getAsymmetricKeyPair('ed25519')",
                  "err": {},
                  "uuid": "a29da5b8-7c84-475b-a133-3b5f3982fd7d",
                  "parentUUID": "c660f426-e861-4b2b-81c9-415100f3efa0",
                  "isHook": false,
                  "skipped": false
                },
                {
                  "title": "unknown",
                  "fullTitle": "asymmetric signatures unknown",
                  "timedOut": false,
                  "duration": 104,
                  "state": "passed",
                  "speed": "slow",
                  "pass": true,
                  "fail": false,
                  "pending": false,
                  "context": null,
                  "code": "const setup = await mfkdf.setup.key([\n  await mfkdf.setup.factors.uuid({ id: 'uuid1', uuid: '9b1deb4d-3b7d-4bad-9bdd-2b0d7b3dcb6d' })\n])\nsetup.getAsymmetricKeyPair('unknown').should.be.rejectedWith(RangeError)",
                  "err": {},
                  "uuid": "73aba8e0-50ac-4d64-8e45-9a0e5c09cdfc",
                  "parentUUID": "c660f426-e861-4b2b-81c9-415100f3efa0",
                  "isHook": false,
                  "skipped": false
                },
                {
                  "title": "errors",
                  "fullTitle": "asymmetric signatures errors",
                  "timedOut": false,
                  "duration": 8133,
                  "state": "passed",
                  "speed": "slow",
                  "pass": true,
                  "fail": false,
                  "pending": false,
                  "context": null,
                  "code": "const setup = await mfkdf.setup.key([\n  await mfkdf.setup.factors.uuid({ id: 'uuid1', uuid: '9b1deb4d-3b7d-4bad-9bdd-2b0d7b3dcb6d' })\n])\nsetup.sign(12345, 'rsa1024').should.be.rejectedWith(TypeError)\nconst signature = await setup.sign('hello world')\nsetup.verify(12345, signature).should.be.rejectedWith(TypeError)",
                  "err": {},
                  "uuid": "6b48106a-d31c-43d7-8af6-0e656818529b",
                  "parentUUID": "c660f426-e861-4b2b-81c9-415100f3efa0",
                  "isHook": false,
                  "skipped": false
                }
              ],
              "suites": [],
              "passes": [
                "cb22986c-e02f-4e21-89fd-cbc503765c40",
                "2f1ea7a0-45e2-4860-b966-dca6819f6a7e",
                "923c2912-9dce-4f62-b808-f65b190254b9",
                "8bcf22ec-3d41-4130-baaa-037dffdf716b",
                "a29da5b8-7c84-475b-a133-3b5f3982fd7d",
                "73aba8e0-50ac-4d64-8e45-9a0e5c09cdfc",
                "6b48106a-d31c-43d7-8af6-0e656818529b"
              ],
              "failures": [],
              "pending": [],
              "skipped": [],
              "duration": 32124,
              "root": false,
              "rootEmpty": false,
              "_timeout": 5000
            }
          ],
          "passes": [],
          "failures": [],
          "pending": [],
          "skipped": [],
          "duration": 0,
          "root": false,
          "rootEmpty": false,
          "_timeout": 5000
        },
        {
          "uuid": "cc537833-6368-46bb-99b0-11f8b51be522",
          "title": "encrypt",
          "fullFile": "C:\\xampp\\htdocs\\Multifactor\\MFKDF\\test\\crypto\\symmetric.js",
          "file": "\\test\\crypto\\symmetric.js",
          "beforeHooks": [],
          "afterHooks": [],
          "tests": [
            {
              "title": "defaults",
              "fullTitle": "encrypt defaults",
              "timedOut": false,
              "duration": 239,
              "state": "passed",
              "speed": "slow",
              "pass": true,
              "fail": false,
              "pending": false,
              "context": null,
              "code": "const setup = await mfkdf.setup.key([\n  await mfkdf.setup.factors.uuid({ id: 'uuid1', uuid: '9b1deb4d-3b7d-4bad-9bdd-2b0d7b3dcb6d' })\n])\nconst ciphertext = await setup.encrypt(Buffer.from('hello world'))\nconst derive = await mfkdf.derive.key(setup.policy, {\n  uuid1: mfkdf.derive.factors.uuid('9b1deb4d-3b7d-4bad-9bdd-2b0d7b3dcb6d')\n})\nconst plaintext = await derive.decrypt(ciphertext)\nplaintext.toString().should.equal('hello world')",
              "err": {},
              "uuid": "480dc2db-ab91-4d18-8014-71b663b4cf40",
              "parentUUID": "cc537833-6368-46bb-99b0-11f8b51be522",
              "isHook": false,
              "skipped": false
            },
            {
              "title": "AES256-CBC",
              "fullTitle": "encrypt AES256-CBC",
              "timedOut": false,
              "duration": 223,
              "state": "passed",
              "speed": "slow",
              "pass": true,
              "fail": false,
              "pending": false,
              "context": null,
              "code": "const setup = await mfkdf.setup.key([\n  await mfkdf.setup.factors.uuid({ id: 'uuid1', uuid: '9b1deb4d-3b7d-4bad-9bdd-2b0d7b3dcb6d' })\n])\nconst ciphertext = await setup.encrypt(Buffer.from('hello world'), 'aes256')\nconst derive = await mfkdf.derive.key(setup.policy, {\n  uuid1: mfkdf.derive.factors.uuid('9b1deb4d-3b7d-4bad-9bdd-2b0d7b3dcb6d')\n})\nconst plaintext = await derive.decrypt(ciphertext, 'aes256')\nplaintext.toString().should.equal('hello world')",
              "err": {},
              "uuid": "62081971-d855-42b7-9d58-24ce1b14833b",
              "parentUUID": "cc537833-6368-46bb-99b0-11f8b51be522",
              "isHook": false,
              "skipped": false
            },
            {
              "title": "AES192-CBC",
              "fullTitle": "encrypt AES192-CBC",
              "timedOut": false,
              "duration": 221,
              "state": "passed",
              "speed": "slow",
              "pass": true,
              "fail": false,
              "pending": false,
              "context": null,
              "code": "const setup = await mfkdf.setup.key([\n  await mfkdf.setup.factors.uuid({ id: 'uuid1', uuid: '9b1deb4d-3b7d-4bad-9bdd-2b0d7b3dcb6d' })\n])\nconst ciphertext = await setup.encrypt('hello world', 'aes192')\nconst derive = await mfkdf.derive.key(setup.policy, {\n  uuid1: mfkdf.derive.factors.uuid('9b1deb4d-3b7d-4bad-9bdd-2b0d7b3dcb6d')\n})\nconst plaintext = await derive.decrypt(ciphertext, 'aes192')\nplaintext.toString().should.equal('hello world')",
              "err": {},
              "uuid": "9ffe0a0e-b4c5-4172-ab5c-1146c64a5de8",
              "parentUUID": "cc537833-6368-46bb-99b0-11f8b51be522",
              "isHook": false,
              "skipped": false
            },
            {
              "title": "AES128-CBC",
              "fullTitle": "encrypt AES128-CBC",
              "timedOut": false,
              "duration": 222,
              "state": "passed",
              "speed": "slow",
              "pass": true,
              "fail": false,
              "pending": false,
              "context": null,
              "code": "const setup = await mfkdf.setup.key([\n  await mfkdf.setup.factors.uuid({ id: 'uuid1', uuid: '9b1deb4d-3b7d-4bad-9bdd-2b0d7b3dcb6d' })\n])\nconst ciphertext = await setup.encrypt('hello world', 'aes128')\nconst derive = await mfkdf.derive.key(setup.policy, {\n  uuid1: mfkdf.derive.factors.uuid('9b1deb4d-3b7d-4bad-9bdd-2b0d7b3dcb6d')\n})\nconst plaintext = await derive.decrypt(ciphertext, 'aes128')\nplaintext.toString().should.equal('hello world')",
              "err": {},
              "uuid": "d3b408a9-8078-4983-911c-134eba5af0db",
              "parentUUID": "cc537833-6368-46bb-99b0-11f8b51be522",
              "isHook": false,
              "skipped": false
            },
            {
              "title": "3DES-CBC",
              "fullTitle": "encrypt 3DES-CBC",
              "timedOut": false,
              "duration": 219,
              "state": "passed",
              "speed": "slow",
              "pass": true,
              "fail": false,
              "pending": false,
              "context": null,
              "code": "const setup = await mfkdf.setup.key([\n  await mfkdf.setup.factors.uuid({ id: 'uuid1', uuid: '9b1deb4d-3b7d-4bad-9bdd-2b0d7b3dcb6d' })\n])\nconst ciphertext = await setup.encrypt('hello world', '3des')\nconst derive = await mfkdf.derive.key(setup.policy, {\n  uuid1: mfkdf.derive.factors.uuid('9b1deb4d-3b7d-4bad-9bdd-2b0d7b3dcb6d')\n})\nconst plaintext = await derive.decrypt(ciphertext, '3des')\nplaintext.toString().should.equal('hello world')",
              "err": {},
              "uuid": "ae892343-ee12-4b76-8e30-aecea7c9c107",
              "parentUUID": "cc537833-6368-46bb-99b0-11f8b51be522",
              "isHook": false,
              "skipped": false
            },
            {
              "title": "DES-CBC",
              "fullTitle": "encrypt DES-CBC",
              "timedOut": false,
              "duration": 220,
              "state": "passed",
              "speed": "slow",
              "pass": true,
              "fail": false,
              "pending": false,
              "context": null,
              "code": "const setup = await mfkdf.setup.key([\n  await mfkdf.setup.factors.uuid({ id: 'uuid1', uuid: '9b1deb4d-3b7d-4bad-9bdd-2b0d7b3dcb6d' })\n])\nconst ciphertext = await setup.encrypt('hello world', 'des')\nconst derive = await mfkdf.derive.key(setup.policy, {\n  uuid1: mfkdf.derive.factors.uuid('9b1deb4d-3b7d-4bad-9bdd-2b0d7b3dcb6d')\n})\nconst plaintext = await derive.decrypt(ciphertext, 'des')\nplaintext.toString().should.equal('hello world')",
              "err": {},
              "uuid": "ec385aab-102f-4003-9fb1-6d70234e7673",
              "parentUUID": "cc537833-6368-46bb-99b0-11f8b51be522",
              "isHook": false,
              "skipped": false
            },
            {
              "title": "AES256-ECB",
              "fullTitle": "encrypt AES256-ECB",
              "timedOut": false,
              "duration": 227,
              "state": "passed",
              "speed": "slow",
              "pass": true,
              "fail": false,
              "pending": false,
              "context": null,
              "code": "const setup = await mfkdf.setup.key([\n  await mfkdf.setup.factors.uuid({ id: 'uuid1', uuid: '9b1deb4d-3b7d-4bad-9bdd-2b0d7b3dcb6d' })\n])\nconst ciphertext = await setup.encrypt(Buffer.from('hello world'), 'aes256', 'ECB')\nconst derive = await mfkdf.derive.key(setup.policy, {\n  uuid1: mfkdf.derive.factors.uuid('9b1deb4d-3b7d-4bad-9bdd-2b0d7b3dcb6d')\n})\nconst plaintext = await derive.decrypt(ciphertext, 'aes256', 'ECB')\nplaintext.toString().should.equal('hello world')",
              "err": {},
              "uuid": "93d8a235-2086-4e78-ae12-4b66c6de4200",
              "parentUUID": "cc537833-6368-46bb-99b0-11f8b51be522",
              "isHook": false,
              "skipped": false
            },
            {
              "title": "AES192-ECB",
              "fullTitle": "encrypt AES192-ECB",
              "timedOut": false,
              "duration": 218,
              "state": "passed",
              "speed": "slow",
              "pass": true,
              "fail": false,
              "pending": false,
              "context": null,
              "code": "const setup = await mfkdf.setup.key([\n  await mfkdf.setup.factors.uuid({ id: 'uuid1', uuid: '9b1deb4d-3b7d-4bad-9bdd-2b0d7b3dcb6d' })\n])\nconst ciphertext = await setup.encrypt('hello world', 'aes192', 'ECB')\nconst derive = await mfkdf.derive.key(setup.policy, {\n  uuid1: mfkdf.derive.factors.uuid('9b1deb4d-3b7d-4bad-9bdd-2b0d7b3dcb6d')\n})\nconst plaintext = await derive.decrypt(ciphertext, 'aes192', 'ECB')\nplaintext.toString().should.equal('hello world')",
              "err": {},
              "uuid": "c7cf1261-c82f-43fe-8f5d-cea747572d27",
              "parentUUID": "cc537833-6368-46bb-99b0-11f8b51be522",
              "isHook": false,
              "skipped": false
            },
            {
              "title": "AES128-ECB",
              "fullTitle": "encrypt AES128-ECB",
              "timedOut": false,
              "duration": 223,
              "state": "passed",
              "speed": "slow",
              "pass": true,
              "fail": false,
              "pending": false,
              "context": null,
              "code": "const setup = await mfkdf.setup.key([\n  await mfkdf.setup.factors.uuid({ id: 'uuid1', uuid: '9b1deb4d-3b7d-4bad-9bdd-2b0d7b3dcb6d' })\n])\nconst ciphertext = await setup.encrypt('hello world', 'aes128', 'ECB')\nconst derive = await mfkdf.derive.key(setup.policy, {\n  uuid1: mfkdf.derive.factors.uuid('9b1deb4d-3b7d-4bad-9bdd-2b0d7b3dcb6d')\n})\nconst plaintext = await derive.decrypt(ciphertext, 'aes128', 'ECB')\nplaintext.toString().should.equal('hello world')",
              "err": {},
              "uuid": "c3e73f85-cd2f-43bd-b2d9-76dd668c48cb",
              "parentUUID": "cc537833-6368-46bb-99b0-11f8b51be522",
              "isHook": false,
              "skipped": false
            },
            {
              "title": "3DES-ECB",
              "fullTitle": "encrypt 3DES-ECB",
              "timedOut": false,
              "duration": 216,
              "state": "passed",
              "speed": "slow",
              "pass": true,
              "fail": false,
              "pending": false,
              "context": null,
              "code": "const setup = await mfkdf.setup.key([\n  await mfkdf.setup.factors.uuid({ id: 'uuid1', uuid: '9b1deb4d-3b7d-4bad-9bdd-2b0d7b3dcb6d' })\n])\nconst ciphertext = await setup.encrypt('hello world', '3des', 'ECB')\nconst derive = await mfkdf.derive.key(setup.policy, {\n  uuid1: mfkdf.derive.factors.uuid('9b1deb4d-3b7d-4bad-9bdd-2b0d7b3dcb6d')\n})\nconst plaintext = await derive.decrypt(ciphertext, '3des', 'ECB')\nplaintext.toString().should.equal('hello world')",
              "err": {},
              "uuid": "40b56820-7e89-4193-882c-184fe7d0f81a",
              "parentUUID": "cc537833-6368-46bb-99b0-11f8b51be522",
              "isHook": false,
              "skipped": false
            },
            {
              "title": "DES-ECB",
              "fullTitle": "encrypt DES-ECB",
              "timedOut": false,
              "duration": 220,
              "state": "passed",
              "speed": "slow",
              "pass": true,
              "fail": false,
              "pending": false,
              "context": null,
              "code": "const setup = await mfkdf.setup.key([\n  await mfkdf.setup.factors.uuid({ id: 'uuid1', uuid: '9b1deb4d-3b7d-4bad-9bdd-2b0d7b3dcb6d' })\n])\nconst ciphertext = await setup.encrypt('hello world', 'des', 'ECB')\nconst derive = await mfkdf.derive.key(setup.policy, {\n  uuid1: mfkdf.derive.factors.uuid('9b1deb4d-3b7d-4bad-9bdd-2b0d7b3dcb6d')\n})\nconst plaintext = await derive.decrypt(ciphertext, 'des', 'ECB')\nplaintext.toString().should.equal('hello world')",
              "err": {},
              "uuid": "42bfed5b-8a69-44df-9d77-f4575834d0bf",
              "parentUUID": "cc537833-6368-46bb-99b0-11f8b51be522",
              "isHook": false,
              "skipped": false
            }
          ],
          "suites": [
            {
              "uuid": "ba95966d-ff55-4f58-b34e-3f813967ede5",
              "title": "utils",
              "fullFile": "C:\\xampp\\htdocs\\Multifactor\\MFKDF\\test\\crypto\\symmetric.js",
              "file": "\\test\\crypto\\symmetric.js",
              "beforeHooks": [],
              "afterHooks": [],
              "tests": [
                {
                  "title": "subkey",
                  "fullTitle": "encrypt utils subkey",
                  "timedOut": false,
                  "duration": 106,
                  "state": "passed",
                  "speed": "slow",
                  "pass": true,
                  "fail": false,
                  "pending": false,
                  "context": null,
                  "code": "const setup = await mfkdf.setup.key([\n  await mfkdf.setup.factors.uuid({ id: 'uuid1', uuid: '9b1deb4d-3b7d-4bad-9bdd-2b0d7b3dcb6d' })\n])\nconst key1 = await setup.getSubkey(32, 'AES256', 'sha256')\nconst key2 = await setup.getSymmetricKey('aes256')\nkey1.toString('hex').should.equal(key2.toString('hex'))\nconst key3 = await setup.getSubkey()\nconst key4 = await setup.getSubkey(32, '', 'sha512')\nkey3.toString('hex').should.equal(key4.toString('hex'))",
                  "err": {},
                  "uuid": "b30b974a-04a2-4abd-9995-8b34c588d4fc",
                  "parentUUID": "ba95966d-ff55-4f58-b34e-3f813967ede5",
                  "isHook": false,
                  "skipped": false
                },
                {
                  "title": "symmetric key",
                  "fullTitle": "encrypt utils symmetric key",
                  "timedOut": false,
                  "duration": 105,
                  "state": "passed",
                  "speed": "slow",
                  "pass": true,
                  "fail": false,
                  "pending": false,
                  "context": null,
                  "code": "const setup = await mfkdf.setup.key([\n  await mfkdf.setup.factors.uuid({ id: 'uuid1', uuid: '9b1deb4d-3b7d-4bad-9bdd-2b0d7b3dcb6d' })\n])\nconst key1 = await setup.getSymmetricKey()\nconst key2 = await setup.getSymmetricKey('aes256')\nkey1.toString('hex').should.equal(key2.toString('hex'))",
                  "err": {},
                  "uuid": "47fbf4b0-fbf9-4411-9be6-aaaa8ed7150a",
                  "parentUUID": "ba95966d-ff55-4f58-b34e-3f813967ede5",
                  "isHook": false,
                  "skipped": false
                }
              ],
              "suites": [],
              "passes": [
                "b30b974a-04a2-4abd-9995-8b34c588d4fc",
                "47fbf4b0-fbf9-4411-9be6-aaaa8ed7150a"
              ],
              "failures": [],
              "pending": [],
              "skipped": [],
              "duration": 211,
              "root": false,
              "rootEmpty": false,
              "_timeout": 5000
            },
            {
              "uuid": "eafff9cc-b85c-491e-aec4-cb69dff4bf88",
              "title": "errors",
              "fullFile": "C:\\xampp\\htdocs\\Multifactor\\MFKDF\\test\\crypto\\symmetric.js",
              "file": "\\test\\crypto\\symmetric.js",
              "beforeHooks": [],
              "afterHooks": [],
              "tests": [
                {
                  "title": "invalid key",
                  "fullTitle": "encrypt errors invalid key",
                  "timedOut": false,
                  "duration": 104,
                  "state": "passed",
                  "speed": "slow",
                  "pass": true,
                  "fail": false,
                  "pending": false,
                  "context": null,
                  "code": "const setup = await mfkdf.setup.key([\n  await mfkdf.setup.factors.uuid({ id: 'uuid1', uuid: '9b1deb4d-3b7d-4bad-9bdd-2b0d7b3dcb6d' })\n])\nsetup.encrypt('hello world', 'unknown').should.be.rejectedWith(RangeError)",
                  "err": {},
                  "uuid": "0ffb7d74-4804-49c7-b633-f5383c2d3bc1",
                  "parentUUID": "eafff9cc-b85c-491e-aec4-cb69dff4bf88",
                  "isHook": false,
                  "skipped": false
                },
                {
                  "title": "invalid message",
                  "fullTitle": "encrypt errors invalid message",
                  "timedOut": false,
                  "duration": 104,
                  "state": "passed",
                  "speed": "slow",
                  "pass": true,
                  "fail": false,
                  "pending": false,
                  "context": null,
                  "code": "const setup = await mfkdf.setup.key([\n  await mfkdf.setup.factors.uuid({ id: 'uuid1', uuid: '9b1deb4d-3b7d-4bad-9bdd-2b0d7b3dcb6d' })\n])\nsetup.encrypt(12345, 'unknown').should.be.rejectedWith(TypeError)",
                  "err": {},
                  "uuid": "59e9b2be-006b-4cf2-a4f8-3fa3e8c50869",
                  "parentUUID": "eafff9cc-b85c-491e-aec4-cb69dff4bf88",
                  "isHook": false,
                  "skipped": false
                },
                {
                  "title": "invalid ciphertext",
                  "fullTitle": "encrypt errors invalid ciphertext",
                  "timedOut": false,
                  "duration": 107,
                  "state": "passed",
                  "speed": "slow",
                  "pass": true,
                  "fail": false,
                  "pending": false,
                  "context": null,
                  "code": "const setup = await mfkdf.setup.key([\n  await mfkdf.setup.factors.uuid({ id: 'uuid1', uuid: '9b1deb4d-3b7d-4bad-9bdd-2b0d7b3dcb6d' })\n])\nsetup.decrypt(12345, 'unknown').should.be.rejectedWith(TypeError)",
                  "err": {},
                  "uuid": "626ef69a-54dd-4851-a796-2e9e22d900ab",
                  "parentUUID": "eafff9cc-b85c-491e-aec4-cb69dff4bf88",
                  "isHook": false,
                  "skipped": false
                }
              ],
              "suites": [],
              "passes": [
                "0ffb7d74-4804-49c7-b633-f5383c2d3bc1",
                "59e9b2be-006b-4cf2-a4f8-3fa3e8c50869",
                "626ef69a-54dd-4851-a796-2e9e22d900ab"
              ],
              "failures": [],
              "pending": [],
              "skipped": [],
              "duration": 315,
              "root": false,
              "rootEmpty": false,
              "_timeout": 5000
            }
          ],
          "passes": [
            "480dc2db-ab91-4d18-8014-71b663b4cf40",
            "62081971-d855-42b7-9d58-24ce1b14833b",
            "9ffe0a0e-b4c5-4172-ab5c-1146c64a5de8",
            "d3b408a9-8078-4983-911c-134eba5af0db",
            "ae892343-ee12-4b76-8e30-aecea7c9c107",
            "ec385aab-102f-4003-9fb1-6d70234e7673",
            "93d8a235-2086-4e78-ae12-4b66c6de4200",
            "c7cf1261-c82f-43fe-8f5d-cea747572d27",
            "c3e73f85-cd2f-43bd-b2d9-76dd668c48cb",
            "40b56820-7e89-4193-882c-184fe7d0f81a",
            "42bfed5b-8a69-44df-9d77-f4575834d0bf"
          ],
          "failures": [],
          "pending": [],
          "skipped": [],
          "duration": 2448,
          "root": false,
          "rootEmpty": false,
          "_timeout": 5000
        },
        {
          "uuid": "fec5cd6e-87c0-4442-8ddf-63611cab1f8a",
          "title": "derive/factors/password",
          "fullFile": "C:\\xampp\\htdocs\\Multifactor\\MFKDF\\test\\derive\\factors\\password.js",
          "file": "\\test\\derive\\factors\\password.js",
          "beforeHooks": [],
          "afterHooks": [],
          "tests": [
            {
              "title": "invalid/type",
              "fullTitle": "derive/factors/password invalid/type",
              "timedOut": false,
              "duration": 1,
              "state": "passed",
              "speed": "slow",
              "pass": true,
              "fail": false,
              "pending": false,
              "context": null,
              "code": "(() => {\n  mfkdf.derive.factors.password(12345)\n}).should.throw(TypeError)",
              "err": {},
              "uuid": "d4458b7d-2360-41c4-ba71-8e0e29445781",
              "parentUUID": "fec5cd6e-87c0-4442-8ddf-63611cab1f8a",
              "isHook": false,
              "skipped": false
            },
            {
              "title": "invalid/range",
              "fullTitle": "derive/factors/password invalid/range",
              "timedOut": false,
              "duration": 0,
              "state": "passed",
              "speed": "fast",
              "pass": true,
              "fail": false,
              "pending": false,
              "context": null,
              "code": "(() => {\n  mfkdf.derive.factors.password('')\n}).should.throw(RangeError)",
              "err": {},
              "uuid": "64f0d8f1-9672-46db-ad2e-dea76a9f9eae",
              "parentUUID": "fec5cd6e-87c0-4442-8ddf-63611cab1f8a",
              "isHook": false,
              "skipped": false
            }
          ],
          "suites": [],
          "passes": [
            "d4458b7d-2360-41c4-ba71-8e0e29445781",
            "64f0d8f1-9672-46db-ad2e-dea76a9f9eae"
          ],
          "failures": [],
          "pending": [],
          "skipped": [],
          "duration": 1,
          "root": false,
          "rootEmpty": false,
          "_timeout": 5000
        },
        {
          "uuid": "98395925-ab8f-4ab5-b4b0-4ba6b85f5207",
          "title": "derive/factors/uuid",
          "fullFile": "C:\\xampp\\htdocs\\Multifactor\\MFKDF\\test\\derive\\factors\\uuid.js",
          "file": "\\test\\derive\\factors\\uuid.js",
          "beforeHooks": [],
          "afterHooks": [],
          "tests": [
            {
              "title": "invalid/type",
              "fullTitle": "derive/factors/uuid invalid/type",
              "timedOut": false,
              "duration": 0,
              "state": "passed",
              "speed": "fast",
              "pass": true,
              "fail": false,
              "pending": false,
              "context": null,
              "code": "(() => {\n  mfkdf.derive.factors.uuid(12345)\n}).should.throw(TypeError)",
              "err": {},
              "uuid": "41b96fbe-8c7c-4ca3-b070-eecd926632f0",
              "parentUUID": "98395925-ab8f-4ab5-b4b0-4ba6b85f5207",
              "isHook": false,
              "skipped": false
            },
            {
              "title": "invalid/range",
              "fullTitle": "derive/factors/uuid invalid/range",
              "timedOut": false,
              "duration": 1,
              "state": "passed",
              "speed": "slow",
              "pass": true,
              "fail": false,
              "pending": false,
              "context": null,
              "code": "(() => {\n  mfkdf.derive.factors.uuid('')\n}).should.throw(TypeError)",
              "err": {},
              "uuid": "72ccce59-24b5-40b1-9e8a-0333af79c84b",
              "parentUUID": "98395925-ab8f-4ab5-b4b0-4ba6b85f5207",
              "isHook": false,
              "skipped": false
            }
          ],
          "suites": [],
          "passes": [
            "41b96fbe-8c7c-4ca3-b070-eecd926632f0",
            "72ccce59-24b5-40b1-9e8a-0333af79c84b"
          ],
          "failures": [],
          "pending": [],
          "skipped": [],
          "duration": 1,
          "root": false,
          "rootEmpty": false,
          "_timeout": 5000
        },
        {
          "uuid": "ac603261-9bac-4dfb-ac10-39a9c9485b2c",
          "title": "derive/key",
          "fullFile": "C:\\xampp\\htdocs\\Multifactor\\MFKDF\\test\\derive\\key.js",
          "file": "\\test\\derive\\key.js",
          "beforeHooks": [],
          "afterHooks": [],
          "tests": [
            {
              "title": "correct",
              "fullTitle": "derive/key correct",
              "timedOut": false,
              "duration": 563,
              "state": "passed",
              "speed": "slow",
              "pass": true,
              "fail": false,
              "pending": false,
              "context": null,
              "code": "const setup = await mfkdf.setup.key([\n  await mfkdf.setup.factors.password('password1', { id: 'password1' }),\n  await mfkdf.setup.factors.password('password2', { id: 'password2' }),\n  await mfkdf.setup.factors.password('password3', { id: 'password3' })\n], { threshold: 2 })\nconst derive1 = await mfkdf.derive.key(setup.policy, {\n  password1: mfkdf.derive.factors.password('password1'),\n  password2: mfkdf.derive.factors.password('password2')\n})\nconst derive2 = await mfkdf.derive.key(setup.policy, {\n  password2: mfkdf.derive.factors.password('password2'),\n  password3: mfkdf.derive.factors.password('password3')\n})\nconst derive3 = await mfkdf.derive.key(setup.policy, {\n  password1: mfkdf.derive.factors.password('password1'),\n  password3: mfkdf.derive.factors.password('password3')\n})\nconst derive4 = await mfkdf.derive.key(setup.policy, {\n  password1: mfkdf.derive.factors.password('password1'),\n  password2: mfkdf.derive.factors.password('password2'),\n  password3: mfkdf.derive.factors.password('password3')\n})\nsetup.key.toString('hex').should.equal(derive1.key.toString('hex'))\nsetup.key.toString('hex').should.equal(derive2.key.toString('hex'))\nsetup.key.toString('hex').should.equal(derive3.key.toString('hex'))\nsetup.key.toString('hex').should.equal(derive4.key.toString('hex'))\nJSON.stringify(setup.policy).should.equal(JSON.stringify(derive1.policy))\nJSON.stringify(setup.policy).should.equal(JSON.stringify(derive2.policy))\nJSON.stringify(setup.policy).should.equal(JSON.stringify(derive3.policy))\nJSON.stringify(setup.policy).should.equal(JSON.stringify(derive4.policy))",
              "err": {},
              "uuid": "5bddf4af-d188-4033-b6d7-8c69c825bd6a",
              "parentUUID": "ac603261-9bac-4dfb-ac10-39a9c9485b2c",
              "isHook": false,
              "skipped": false
            },
            {
              "title": "incorrect",
              "fullTitle": "derive/key incorrect",
              "timedOut": false,
              "duration": 560,
              "state": "passed",
              "speed": "slow",
              "pass": true,
              "fail": false,
              "pending": false,
              "context": null,
              "code": "const setup = await mfkdf.setup.key([\n  await mfkdf.setup.factors.password('password1', { id: 'password1' }),\n  await mfkdf.setup.factors.password('password2', { id: 'password2' }),\n  await mfkdf.setup.factors.password('password3', { id: 'password3' })\n], { threshold: 2 })\nconst derive1 = await mfkdf.derive.key(setup.policy, {\n  password1: mfkdf.derive.factors.password('password1'),\n  password2: mfkdf.derive.factors.password('wrongpassword2')\n})\nconst derive2 = await mfkdf.derive.key(setup.policy, {\n  password2: mfkdf.derive.factors.password('wrongpassword2'),\n  password3: mfkdf.derive.factors.password('wrongpassword3')\n})\nconst derive3 = await mfkdf.derive.key(setup.policy, {\n  password1: mfkdf.derive.factors.password('password1'),\n  password3: mfkdf.derive.factors.password('password2')\n})\nconst derive4 = await mfkdf.derive.key(setup.policy, {\n  password1: mfkdf.derive.factors.password('password1'),\n  password2: mfkdf.derive.factors.password('password2'),\n  password3: mfkdf.derive.factors.password('password4')\n})\nsetup.key.toString('hex').should.not.equal(derive1.key.toString('hex'))\nsetup.key.toString('hex').should.not.equal(derive2.key.toString('hex'))\nsetup.key.toString('hex').should.not.equal(derive3.key.toString('hex'))\nsetup.key.toString('hex').should.not.equal(derive4.key.toString('hex'))",
              "err": {},
              "uuid": "d4dbb8a0-92e9-4946-b724-d301c47d4d98",
              "parentUUID": "ac603261-9bac-4dfb-ac10-39a9c9485b2c",
              "isHook": false,
              "skipped": false
            },
            {
              "title": "mismatch",
              "fullTitle": "derive/key mismatch",
              "timedOut": false,
              "duration": 112,
              "state": "passed",
              "speed": "slow",
              "pass": true,
              "fail": false,
              "pending": false,
              "context": null,
              "code": "const setup = await mfkdf.setup.key([\n  await mfkdf.setup.factors.password('password', { id: 'password' })\n])\nmfkdf.derive.key(setup.policy, {\n  password: mfkdf.derive.factors.uuid('9b1deb4d-3b7d-4bad-9bdd-2b0d7b3dcb6d')\n}).should.be.rejectedWith(TypeError)",
              "err": {},
              "uuid": "d36372c2-0589-4a02-a688-07367b545e44",
              "parentUUID": "ac603261-9bac-4dfb-ac10-39a9c9485b2c",
              "isHook": false,
              "skipped": false
            }
          ],
          "suites": [
            {
              "uuid": "180c8cee-5428-404d-9376-6f5e5d1172b7",
              "title": "shares",
              "fullFile": "C:\\xampp\\htdocs\\Multifactor\\MFKDF\\test\\derive\\key.js",
              "file": "\\test\\derive\\key.js",
              "beforeHooks": [],
              "afterHooks": [],
              "tests": [
                {
                  "title": "valid",
                  "fullTitle": "derive/key shares valid",
                  "timedOut": false,
                  "duration": 451,
                  "state": "passed",
                  "speed": "slow",
                  "pass": true,
                  "fail": false,
                  "pending": false,
                  "context": null,
                  "code": "const setup = await mfkdf.setup.key([\n  await mfkdf.setup.factors.password('password1', { id: 'password1' }),\n  await mfkdf.setup.factors.password('password2', { id: 'password2' }),\n  await mfkdf.setup.factors.password('password3', { id: 'password3' })\n], { threshold: 2 })\nconst derive1 = await mfkdf.derive.key(setup.policy, {\n  password1: mfkdf.derive.factors.password('password1'),\n  password2: mfkdf.derive.factors.password('password2')\n})\nconst derive2 = await mfkdf.derive.key(derive1.policy, {\n  password2: mfkdf.derive.factors.password('password2'),\n  password3: mfkdf.derive.factors.password('password3')\n})\nconst derive3 = await mfkdf.derive.key(derive2.policy, {\n  password1: mfkdf.derive.factors.password('password1'),\n  password3: mfkdf.derive.factors.password('password3')\n})\nderive1.shares.should.deep.equal(setup.shares)\nderive2.shares.should.deep.equal(setup.shares)\nderive3.shares.should.deep.equal(setup.shares)",
                  "err": {},
                  "uuid": "b0da8d6c-6c67-4a9f-9eb8-e02528778803",
                  "parentUUID": "180c8cee-5428-404d-9376-6f5e5d1172b7",
                  "isHook": false,
                  "skipped": false
                }
              ],
              "suites": [],
              "passes": [
                "b0da8d6c-6c67-4a9f-9eb8-e02528778803"
              ],
              "failures": [],
              "pending": [],
              "skipped": [],
              "duration": 451,
              "root": false,
              "rootEmpty": false,
              "_timeout": 5000
            },
            {
              "uuid": "f0097b98-e28f-48c1-88bd-fb7520f3e2e5",
              "title": "invalid",
              "fullFile": "C:\\xampp\\htdocs\\Multifactor\\MFKDF\\test\\derive\\key.js",
              "file": "\\test\\derive\\key.js",
              "beforeHooks": [],
              "afterHooks": [],
              "tests": [
                {
                  "title": "schema",
                  "fullTitle": "derive/key invalid schema",
                  "timedOut": false,
                  "duration": 111,
                  "state": "passed",
                  "speed": "slow",
                  "pass": true,
                  "fail": false,
                  "pending": false,
                  "context": null,
                  "code": "const setup = await mfkdf.setup.key([\n  await mfkdf.setup.factors.password('password1', { id: 'password1' })\n])\ndelete setup.policy.$id\nmfkdf.derive.key(setup.policy, {\n  password1: mfkdf.derive.factors.password('password1')\n}).should.be.rejectedWith(TypeError)",
                  "err": {},
                  "uuid": "8bfe25a8-537a-4773-9218-2fd0c5e58857",
                  "parentUUID": "f0097b98-e28f-48c1-88bd-fb7520f3e2e5",
                  "isHook": false,
                  "skipped": false
                },
                {
                  "title": "factors",
                  "fullTitle": "derive/key invalid factors",
                  "timedOut": false,
                  "duration": 112,
                  "state": "passed",
                  "speed": "slow",
                  "pass": true,
                  "fail": false,
                  "pending": false,
                  "context": null,
                  "code": "const setup = await mfkdf.setup.key([\n  await mfkdf.setup.factors.password('password1', { id: 'password1' }),\n  await mfkdf.setup.factors.password('password2', { id: 'password2' }),\n  await mfkdf.setup.factors.password('password3', { id: 'password3' })\n], { threshold: 2 })\nmfkdf.derive.key(setup.policy, {\n  password1: mfkdf.derive.factors.password('password1')\n}).should.be.rejectedWith(RangeError)",
                  "err": {},
                  "uuid": "b035d4c0-2b70-4e17-ac38-252ab6bc45d4",
                  "parentUUID": "f0097b98-e28f-48c1-88bd-fb7520f3e2e5",
                  "isHook": false,
                  "skipped": false
                }
              ],
              "suites": [],
              "passes": [
                "8bfe25a8-537a-4773-9218-2fd0c5e58857",
                "b035d4c0-2b70-4e17-ac38-252ab6bc45d4"
              ],
              "failures": [],
              "pending": [],
              "skipped": [],
              "duration": 223,
              "root": false,
              "rootEmpty": false,
              "_timeout": 5000
            }
          ],
          "passes": [
            "5bddf4af-d188-4033-b6d7-8c69c825bd6a",
            "d4dbb8a0-92e9-4946-b724-d301c47d4d98",
            "d36372c2-0589-4a02-a688-07367b545e44"
          ],
          "failures": [],
          "pending": [],
          "skipped": [],
          "duration": 1235,
          "root": false,
          "rootEmpty": false,
          "_timeout": 5000
        },
        {
          "uuid": "5ac2635c-c55c-4df3-b034-4bbb7305624a",
          "title": "factors/hotp",
          "fullFile": "C:\\xampp\\htdocs\\Multifactor\\MFKDF\\test\\factors\\hotp.js",
          "file": "\\test\\factors\\hotp.js",
          "beforeHooks": [],
          "afterHooks": [],
          "tests": [
            {
              "title": "valid",
              "fullTitle": "factors/hotp valid",
              "timedOut": false,
              "duration": 446,
              "state": "passed",
              "speed": "slow",
              "pass": true,
              "fail": false,
              "pending": false,
              "context": null,
              "code": "const setup = await mfkdf.setup.key([\n  await mfkdf.setup.factors.hotp({\n    secret: Buffer.from('hello world')\n  })\n])\nconst derive1 = await mfkdf.derive.key(setup.policy, {\n  hotp: mfkdf.derive.factors.hotp(365287)\n})\nconst derive2 = await mfkdf.derive.key(derive1.policy, {\n  hotp: mfkdf.derive.factors.hotp(891649)\n})\nconst derive3 = await mfkdf.derive.key(derive2.policy, {\n  hotp: mfkdf.derive.factors.hotp(795484)\n})\nsetup.key.toString('hex').should.equal(derive1.key.toString('hex'))\nderive1.key.toString('hex').should.equal(derive2.key.toString('hex'))\nderive2.key.toString('hex').should.equal(derive3.key.toString('hex'))",
              "err": {},
              "uuid": "3d9651c2-29cd-4f36-a115-ccaeb40b1f2a",
              "parentUUID": "5ac2635c-c55c-4df3-b034-4bbb7305624a",
              "isHook": false,
              "skipped": false
            },
            {
              "title": "defaults",
              "fullTitle": "factors/hotp defaults",
              "timedOut": false,
              "duration": 107,
              "state": "passed",
              "speed": "slow",
              "pass": true,
              "fail": false,
              "pending": false,
              "context": null,
              "code": "await mfkdf.setup.key([\n  await mfkdf.setup.factors.hotp()\n])",
              "err": {},
              "uuid": "e0ca5624-7f16-40c3-aa52-91f6ac125fc9",
              "parentUUID": "5ac2635c-c55c-4df3-b034-4bbb7305624a",
              "isHook": false,
              "skipped": false
            }
          ],
          "suites": [
            {
              "uuid": "4a8e6a6c-fb78-43c7-8326-4cefab2c22fb",
              "title": "errors",
              "fullFile": "C:\\xampp\\htdocs\\Multifactor\\MFKDF\\test\\factors\\hotp.js",
              "file": "\\test\\factors\\hotp.js",
              "beforeHooks": [],
              "afterHooks": [],
              "tests": [
                {
                  "title": "code/type",
                  "fullTitle": "factors/hotp errors code/type",
                  "timedOut": false,
                  "duration": 1,
                  "state": "passed",
                  "speed": "slow",
                  "pass": true,
                  "fail": false,
                  "pending": false,
                  "context": null,
                  "code": "(() => {\n  mfkdf.derive.factors.hotp('hello')\n}).should.throw(TypeError)",
                  "err": {},
                  "uuid": "5be1bdf7-7843-4aa4-9482-fe595b6c341b",
                  "parentUUID": "4a8e6a6c-fb78-43c7-8326-4cefab2c22fb",
                  "isHook": false,
                  "skipped": false
                },
                {
                  "title": "id/type",
                  "fullTitle": "factors/hotp errors id/type",
                  "timedOut": false,
                  "duration": 0,
                  "state": "passed",
                  "speed": "fast",
                  "pass": true,
                  "fail": false,
                  "pending": false,
                  "context": null,
                  "code": "mfkdf.setup.factors.hotp({\n  secret: Buffer.from('hello world'),\n  id: 12345\n}).should.be.rejectedWith(TypeError)",
                  "err": {},
                  "uuid": "4f0cc9ea-11e0-4363-9ac7-d09ead3f78bd",
                  "parentUUID": "4a8e6a6c-fb78-43c7-8326-4cefab2c22fb",
                  "isHook": false,
                  "skipped": false
                },
                {
                  "title": "id/range",
                  "fullTitle": "factors/hotp errors id/range",
                  "timedOut": false,
                  "duration": 0,
                  "state": "passed",
                  "speed": "fast",
                  "pass": true,
                  "fail": false,
                  "pending": false,
                  "context": null,
                  "code": "mfkdf.setup.factors.hotp({\n  secret: Buffer.from('hello world'),\n  id: ''\n}).should.be.rejectedWith(RangeError)",
                  "err": {},
                  "uuid": "8f7b2b17-b2cf-41fc-8009-b800f1a0564e",
                  "parentUUID": "4a8e6a6c-fb78-43c7-8326-4cefab2c22fb",
                  "isHook": false,
                  "skipped": false
                },
                {
                  "title": "digits/type",
                  "fullTitle": "factors/hotp errors digits/type",
                  "timedOut": false,
                  "duration": 0,
                  "state": "passed",
                  "speed": "fast",
                  "pass": true,
                  "fail": false,
                  "pending": false,
                  "context": null,
                  "code": "mfkdf.setup.factors.hotp({\n  secret: Buffer.from('hello world'),\n  digits: 'hello'\n}).should.be.rejectedWith(TypeError)",
                  "err": {},
                  "uuid": "ddcafb36-83a1-44aa-bee8-a8e9d296183a",
                  "parentUUID": "4a8e6a6c-fb78-43c7-8326-4cefab2c22fb",
                  "isHook": false,
                  "skipped": false
                },
                {
                  "title": "digits/low",
                  "fullTitle": "factors/hotp errors digits/low",
                  "timedOut": false,
                  "duration": 1,
                  "state": "passed",
                  "speed": "slow",
                  "pass": true,
                  "fail": false,
                  "pending": false,
                  "context": null,
                  "code": "mfkdf.setup.factors.hotp({\n  secret: Buffer.from('hello world'),\n  digits: 4\n}).should.be.rejectedWith(RangeError)",
                  "err": {},
                  "uuid": "e3746434-9af1-47ab-b3f1-e2646d98dcc5",
                  "parentUUID": "4a8e6a6c-fb78-43c7-8326-4cefab2c22fb",
                  "isHook": false,
                  "skipped": false
                },
                {
                  "title": "digits/high",
                  "fullTitle": "factors/hotp errors digits/high",
                  "timedOut": false,
                  "duration": 0,
                  "state": "passed",
                  "speed": "fast",
                  "pass": true,
                  "fail": false,
                  "pending": false,
                  "context": null,
                  "code": "mfkdf.setup.factors.hotp({\n  secret: Buffer.from('hello world'),\n  digits: 9\n}).should.be.rejectedWith(RangeError)",
                  "err": {},
                  "uuid": "ad8264dd-6f32-48a3-bd83-29f044f983e3",
                  "parentUUID": "4a8e6a6c-fb78-43c7-8326-4cefab2c22fb",
                  "isHook": false,
                  "skipped": false
                },
                {
                  "title": "hash/range",
                  "fullTitle": "factors/hotp errors hash/range",
                  "timedOut": false,
                  "duration": 0,
                  "state": "passed",
                  "speed": "fast",
                  "pass": true,
                  "fail": false,
                  "pending": false,
                  "context": null,
                  "code": "await mfkdf.setup.factors.hotp({\n  secret: Buffer.from('hello world'),\n  hash: 'sha123'\n}).should.be.rejectedWith(RangeError)",
                  "err": {},
                  "uuid": "44d41a70-a43c-4d5a-806e-e4d932746043",
                  "parentUUID": "4a8e6a6c-fb78-43c7-8326-4cefab2c22fb",
                  "isHook": false,
                  "skipped": false
                },
                {
                  "title": "secret/type",
                  "fullTitle": "factors/hotp errors secret/type",
                  "timedOut": false,
                  "duration": 0,
                  "state": "passed",
                  "speed": "fast",
                  "pass": true,
                  "fail": false,
                  "pending": false,
                  "context": null,
                  "code": "mfkdf.setup.factors.hotp({\n  secret: 'hello'\n}).should.be.rejectedWith(TypeError)",
                  "err": {},
                  "uuid": "fdd8f1c5-e24e-448a-bacd-045a4ebbc806",
                  "parentUUID": "4a8e6a6c-fb78-43c7-8326-4cefab2c22fb",
                  "isHook": false,
                  "skipped": false
                }
              ],
              "suites": [],
              "passes": [
                "5be1bdf7-7843-4aa4-9482-fe595b6c341b",
                "4f0cc9ea-11e0-4363-9ac7-d09ead3f78bd",
                "8f7b2b17-b2cf-41fc-8009-b800f1a0564e",
                "ddcafb36-83a1-44aa-bee8-a8e9d296183a",
                "e3746434-9af1-47ab-b3f1-e2646d98dcc5",
                "ad8264dd-6f32-48a3-bd83-29f044f983e3",
                "44d41a70-a43c-4d5a-806e-e4d932746043",
                "fdd8f1c5-e24e-448a-bacd-045a4ebbc806"
              ],
              "failures": [],
              "pending": [],
              "skipped": [],
              "duration": 2,
              "root": false,
              "rootEmpty": false,
              "_timeout": 5000
            }
          ],
          "passes": [
            "3d9651c2-29cd-4f36-a115-ccaeb40b1f2a",
            "e0ca5624-7f16-40c3-aa52-91f6ac125fc9"
          ],
          "failures": [],
          "pending": [],
          "skipped": [],
          "duration": 553,
          "root": false,
          "rootEmpty": false,
          "_timeout": 5000
        },
        {
          "uuid": "2b521faf-3e19-4c6d-b8dd-6968bbbd61f8",
          "title": "factors/stack",
          "fullFile": "C:\\xampp\\htdocs\\Multifactor\\MFKDF\\test\\factors\\stack.js",
          "file": "\\test\\factors\\stack.js",
          "beforeHooks": [],
          "afterHooks": [],
          "tests": [
            {
              "title": "errors/id/type",
              "fullTitle": "factors/stack errors/id/type",
              "timedOut": false,
              "duration": 0,
              "state": "passed",
              "speed": "fast",
              "pass": true,
              "fail": false,
              "pending": false,
              "context": null,
              "code": "mfkdf.setup.factors.stack([\n  await mfkdf.setup.factors.password('password1', { id: 'password1' }),\n  await mfkdf.setup.factors.password('password2', { id: 'password2' })\n], { id: 12345 }).should.be.rejectedWith(TypeError)",
              "err": {},
              "uuid": "dab9fe09-5c18-4f4f-9cd2-29294060dca2",
              "parentUUID": "2b521faf-3e19-4c6d-b8dd-6968bbbd61f8",
              "isHook": false,
              "skipped": false
            },
            {
              "title": "errors/id/range",
              "fullTitle": "factors/stack errors/id/range",
              "timedOut": false,
              "duration": 0,
              "state": "passed",
              "speed": "fast",
              "pass": true,
              "fail": false,
              "pending": false,
              "context": null,
              "code": "mfkdf.setup.factors.stack([\n  await mfkdf.setup.factors.password('password1', { id: 'password1' }),\n  await mfkdf.setup.factors.password('password2', { id: 'password2' })\n], { id: '' }).should.be.rejectedWith(RangeError)",
              "err": {},
              "uuid": "a0ab418a-1e07-4b4c-bebe-33b3c6b679b1",
              "parentUUID": "2b521faf-3e19-4c6d-b8dd-6968bbbd61f8",
              "isHook": false,
              "skipped": false
            },
            {
              "title": "valid",
              "fullTitle": "factors/stack valid",
              "timedOut": false,
              "duration": 338,
              "state": "passed",
              "speed": "slow",
              "pass": true,
              "fail": false,
              "pending": false,
              "context": null,
              "code": "const setup = await mfkdf.setup.key([\n  await mfkdf.setup.factors.stack([\n    await mfkdf.setup.factors.password('password1', { id: 'password1' }),\n    await mfkdf.setup.factors.password('password2', { id: 'password2' })\n  ], { id: 'stack1' }),\n  await mfkdf.setup.factors.stack([\n    await mfkdf.setup.factors.password('password3', { id: 'password3' }),\n    await mfkdf.setup.factors.password('password4', { id: 'password4' })\n  ], { id: 'stack2' })\n], { threshold: 1 })\nconst derive1 = await mfkdf.derive.key(setup.policy, {\n  stack1: mfkdf.derive.factors.stack({\n    password1: mfkdf.derive.factors.password('password1'),\n    password2: mfkdf.derive.factors.password('password2')\n  })\n})\nconst derive2 = await mfkdf.derive.key(setup.policy, {\n  stack2: mfkdf.derive.factors.stack({\n    password3: mfkdf.derive.factors.password('password3'),\n    password4: mfkdf.derive.factors.password('password4')\n  })\n})\nderive1.key.toString('hex').should.equal(setup.key.toString('hex'))\nderive2.key.toString('hex').should.equal(setup.key.toString('hex'))",
              "err": {},
              "uuid": "f02fa430-2f04-4bfc-a65d-078e77e1c7d9",
              "parentUUID": "2b521faf-3e19-4c6d-b8dd-6968bbbd61f8",
              "isHook": false,
              "skipped": false
            }
          ],
          "suites": [],
          "passes": [
            "dab9fe09-5c18-4f4f-9cd2-29294060dca2",
            "a0ab418a-1e07-4b4c-bebe-33b3c6b679b1",
            "f02fa430-2f04-4bfc-a65d-078e77e1c7d9"
          ],
          "failures": [],
          "pending": [],
          "skipped": [],
          "duration": 338,
          "root": false,
          "rootEmpty": false,
          "_timeout": 5000
        },
        {
          "uuid": "4ca74f38-61a9-4259-9065-c38a3f7127f9",
          "title": "factors/totp",
          "fullFile": "C:\\xampp\\htdocs\\Multifactor\\MFKDF\\test\\factors\\totp.js",
          "file": "\\test\\factors\\totp.js",
          "beforeHooks": [],
          "afterHooks": [],
          "tests": [
            {
              "title": "dynamic",
              "fullTitle": "factors/totp dynamic",
              "timedOut": false,
              "duration": 1074,
              "state": "passed",
              "speed": "slow",
              "pass": true,
              "fail": false,
              "pending": false,
              "context": null,
              "code": "const setup = await mfkdf.setup.key([\n  await mfkdf.setup.factors.totp()\n])\nconst code = parseInt(speakeasy.totp({\n  secret: setup.outputs.totp.secret.toString('hex'),\n  encoding: 'hex',\n  step: setup.outputs.totp.period,\n  algorithm: setup.outputs.totp.algorithm,\n  digits: setup.outputs.totp.digits\n}))\nconst derive1 = await mfkdf.derive.key(setup.policy, {\n  totp: mfkdf.derive.factors.totp(code)\n})\nconst derive2 = await mfkdf.derive.key(derive1.policy, {\n  totp: mfkdf.derive.factors.totp(code)\n})\nconst derive3 = await mfkdf.derive.key(derive2.policy, {\n  totp: mfkdf.derive.factors.totp(code)\n})\nderive1.key.toString('hex').should.equal(setup.key.toString('hex'))\nderive2.key.toString('hex').should.equal(setup.key.toString('hex'))\nderive3.key.toString('hex').should.equal(setup.key.toString('hex'))",
              "err": {},
              "uuid": "65f44591-0d17-4720-b7d2-40938b2ae51f",
              "parentUUID": "4ca74f38-61a9-4259-9065-c38a3f7127f9",
              "isHook": false,
              "skipped": false
            },
            {
              "title": "static",
              "fullTitle": "factors/totp static",
              "timedOut": false,
              "duration": 796,
              "state": "passed",
              "speed": "slow",
              "pass": true,
              "fail": false,
              "pending": false,
              "context": null,
              "code": "const setup = await mfkdf.setup.key([\n  await mfkdf.setup.factors.totp({\n    secret: Buffer.from('hello world'),\n    time: 1650430806597\n  })\n])\nconst derive1 = await mfkdf.derive.key(setup.policy, {\n  totp: mfkdf.derive.factors.totp(528258, { time: 1650430943604 })\n})\nconst derive2 = await mfkdf.derive.key(derive1.policy, {\n  totp: mfkdf.derive.factors.totp(99922, { time: 1650430991083 })\n})\nconst derive3 = await mfkdf.derive.key(derive1.policy, {\n  totp: mfkdf.derive.factors.totp(398884, { time: 1650431018392 })\n})\nderive1.key.toString('hex').should.equal(setup.key.toString('hex'))\nderive2.key.toString('hex').should.equal(setup.key.toString('hex'))\nderive3.key.toString('hex').should.equal(setup.key.toString('hex'))",
              "err": {},
              "uuid": "783aa04e-3375-4dc6-8a5a-1c0d4286b670",
              "parentUUID": "4ca74f38-61a9-4259-9065-c38a3f7127f9",
              "isHook": false,
              "skipped": false
            },
            {
              "title": "defaults",
              "fullTitle": "factors/totp defaults",
              "timedOut": false,
              "duration": 431,
              "state": "passed",
              "speed": "slow",
              "pass": true,
              "fail": false,
              "pending": false,
              "context": null,
              "code": "await mfkdf.setup.key([\n  await mfkdf.setup.factors.totp()\n])",
              "err": {},
              "uuid": "3b409b5f-e22e-402f-970a-7a48033e4f5e",
              "parentUUID": "4ca74f38-61a9-4259-9065-c38a3f7127f9",
              "isHook": false,
              "skipped": false
            }
          ],
          "suites": [
            {
              "uuid": "4996c768-4e30-48ab-8256-5701425b62df",
              "title": "errors",
              "fullFile": "C:\\xampp\\htdocs\\Multifactor\\MFKDF\\test\\factors\\totp.js",
              "file": "\\test\\factors\\totp.js",
              "beforeHooks": [],
              "afterHooks": [],
              "tests": [
                {
                  "title": "code/type",
                  "fullTitle": "factors/totp errors code/type",
                  "timedOut": false,
                  "duration": 0,
                  "state": "passed",
                  "speed": "fast",
                  "pass": true,
                  "fail": false,
                  "pending": false,
                  "context": null,
                  "code": "(() => {\n  mfkdf.derive.factors.totp('hello')\n}).should.throw(TypeError)",
                  "err": {},
                  "uuid": "d9e80008-572d-47c1-ae8c-395083f2d808",
                  "parentUUID": "4996c768-4e30-48ab-8256-5701425b62df",
                  "isHook": false,
                  "skipped": false
                },
                {
                  "title": "code/window",
                  "fullTitle": "factors/totp errors code/window",
                  "timedOut": false,
                  "duration": 436,
                  "state": "passed",
                  "speed": "slow",
                  "pass": true,
                  "fail": false,
                  "pending": false,
                  "context": null,
                  "code": "const setup = await mfkdf.setup.key([\n  await mfkdf.setup.factors.totp({\n    secret: Buffer.from('hello world'),\n    time: 1650430806597\n  })\n])\nmfkdf.derive.key(setup.policy, {\n  totp: mfkdf.derive.factors.totp(528258, { time: 1750430943604 })\n}).should.be.rejectedWith(RangeError)",
                  "err": {},
                  "uuid": "f6602000-2b4d-4e55-b068-f75e37ad52ec",
                  "parentUUID": "4996c768-4e30-48ab-8256-5701425b62df",
                  "isHook": false,
                  "skipped": false
                },
                {
                  "title": "time/type",
                  "fullTitle": "factors/totp errors time/type",
                  "timedOut": false,
                  "duration": 0,
                  "state": "passed",
                  "speed": "fast",
                  "pass": true,
                  "fail": false,
                  "pending": false,
                  "context": null,
                  "code": "(() => {\n  mfkdf.derive.factors.totp(12345, { time: 'hello' })\n}).should.throw(TypeError)",
                  "err": {},
                  "uuid": "c7084a77-204c-44b0-8a74-b90df09e3747",
                  "parentUUID": "4996c768-4e30-48ab-8256-5701425b62df",
                  "isHook": false,
                  "skipped": false
                },
                {
                  "title": "time/range",
                  "fullTitle": "factors/totp errors time/range",
                  "timedOut": false,
                  "duration": 0,
                  "state": "passed",
                  "speed": "fast",
                  "pass": true,
                  "fail": false,
                  "pending": false,
                  "context": null,
                  "code": "(() => {\n  mfkdf.derive.factors.totp(12345, { time: -1 })\n}).should.throw(RangeError)",
                  "err": {},
                  "uuid": "65f4f89e-f381-46c5-94b3-83ff874434c8",
                  "parentUUID": "4996c768-4e30-48ab-8256-5701425b62df",
                  "isHook": false,
                  "skipped": false
                },
                {
                  "title": "id/type",
                  "fullTitle": "factors/totp errors id/type",
                  "timedOut": false,
                  "duration": 0,
                  "state": "passed",
                  "speed": "fast",
                  "pass": true,
                  "fail": false,
                  "pending": false,
                  "context": null,
                  "code": "mfkdf.setup.factors.totp({\n  secret: Buffer.from('hello world'),\n  id: 12345\n}).should.be.rejectedWith(TypeError)",
                  "err": {},
                  "uuid": "e6e6c605-4028-467b-a06f-d5566903af5d",
                  "parentUUID": "4996c768-4e30-48ab-8256-5701425b62df",
                  "isHook": false,
                  "skipped": false
                },
                {
                  "title": "id/range",
                  "fullTitle": "factors/totp errors id/range",
                  "timedOut": false,
                  "duration": 0,
                  "state": "passed",
                  "speed": "fast",
                  "pass": true,
                  "fail": false,
                  "pending": false,
                  "context": null,
                  "code": "mfkdf.setup.factors.totp({\n  secret: Buffer.from('hello world'),\n  id: ''\n}).should.be.rejectedWith(RangeError)",
                  "err": {},
                  "uuid": "4c68e34d-d1e7-4034-a794-12304926a640",
                  "parentUUID": "4996c768-4e30-48ab-8256-5701425b62df",
                  "isHook": false,
                  "skipped": false
                },
                {
                  "title": "digits/type",
                  "fullTitle": "factors/totp errors digits/type",
                  "timedOut": false,
                  "duration": 0,
                  "state": "passed",
                  "speed": "fast",
                  "pass": true,
                  "fail": false,
                  "pending": false,
                  "context": null,
                  "code": "mfkdf.setup.factors.totp({\n  secret: Buffer.from('hello world'),\n  digits: 'hello'\n}).should.be.rejectedWith(TypeError)",
                  "err": {},
                  "uuid": "da1bb15a-e7c9-45c0-8dbf-8761970e36eb",
                  "parentUUID": "4996c768-4e30-48ab-8256-5701425b62df",
                  "isHook": false,
                  "skipped": false
                },
                {
                  "title": "digits/low",
                  "fullTitle": "factors/totp errors digits/low",
                  "timedOut": false,
                  "duration": 0,
                  "state": "passed",
                  "speed": "fast",
                  "pass": true,
                  "fail": false,
                  "pending": false,
                  "context": null,
                  "code": "mfkdf.setup.factors.totp({\n  secret: Buffer.from('hello world'),\n  digits: 4\n}).should.be.rejectedWith(RangeError)",
                  "err": {},
                  "uuid": "dfd04eee-ce15-4469-8810-eb316aaadf27",
                  "parentUUID": "4996c768-4e30-48ab-8256-5701425b62df",
                  "isHook": false,
                  "skipped": false
                },
                {
                  "title": "digits/high",
                  "fullTitle": "factors/totp errors digits/high",
                  "timedOut": false,
                  "duration": 0,
                  "state": "passed",
                  "speed": "fast",
                  "pass": true,
                  "fail": false,
                  "pending": false,
                  "context": null,
                  "code": "mfkdf.setup.factors.totp({\n  secret: Buffer.from('hello world'),\n  digits: 9\n}).should.be.rejectedWith(RangeError)",
                  "err": {},
                  "uuid": "2af4df25-4b2c-4bd6-af5e-030dd7080b29",
                  "parentUUID": "4996c768-4e30-48ab-8256-5701425b62df",
                  "isHook": false,
                  "skipped": false
                },
                {
                  "title": "hash/range",
                  "fullTitle": "factors/totp errors hash/range",
                  "timedOut": false,
                  "duration": 0,
                  "state": "passed",
                  "speed": "fast",
                  "pass": true,
                  "fail": false,
                  "pending": false,
                  "context": null,
                  "code": "await mfkdf.setup.factors.totp({\n  secret: Buffer.from('hello world'),\n  hash: 'sha123'\n}).should.be.rejectedWith(RangeError)",
                  "err": {},
                  "uuid": "daba006c-2e5f-4c10-820b-1148d0924999",
                  "parentUUID": "4996c768-4e30-48ab-8256-5701425b62df",
                  "isHook": false,
                  "skipped": false
                },
                {
                  "title": "secret/type",
                  "fullTitle": "factors/totp errors secret/type",
                  "timedOut": false,
                  "duration": 0,
                  "state": "passed",
                  "speed": "fast",
                  "pass": true,
                  "fail": false,
                  "pending": false,
                  "context": null,
                  "code": "mfkdf.setup.factors.totp({\n  secret: 'hello'\n}).should.be.rejectedWith(TypeError)",
                  "err": {},
                  "uuid": "6648655f-6257-43d9-b985-004dc3457ee0",
                  "parentUUID": "4996c768-4e30-48ab-8256-5701425b62df",
                  "isHook": false,
                  "skipped": false
                },
                {
                  "title": "time/type",
                  "fullTitle": "factors/totp errors time/type",
                  "timedOut": false,
                  "duration": 0,
                  "state": "passed",
                  "speed": "fast",
                  "pass": true,
                  "fail": false,
                  "pending": false,
                  "context": null,
                  "code": "mfkdf.setup.factors.totp({\n  time: 'hello'\n}).should.be.rejectedWith(TypeError)",
                  "err": {},
                  "uuid": "de16de95-d6eb-4261-945c-d0db43d16155",
                  "parentUUID": "4996c768-4e30-48ab-8256-5701425b62df",
                  "isHook": false,
                  "skipped": false
                },
                {
                  "title": "time/range",
                  "fullTitle": "factors/totp errors time/range",
                  "timedOut": false,
                  "duration": 0,
                  "state": "passed",
                  "speed": "fast",
                  "pass": true,
                  "fail": false,
                  "pending": false,
                  "context": null,
                  "code": "mfkdf.setup.factors.totp({\n  time: -1\n}).should.be.rejectedWith(RangeError)",
                  "err": {},
                  "uuid": "4488c9fa-3e87-4237-b046-e1394597d129",
                  "parentUUID": "4996c768-4e30-48ab-8256-5701425b62df",
                  "isHook": false,
                  "skipped": false
                },
                {
                  "title": "step/type",
                  "fullTitle": "factors/totp errors step/type",
                  "timedOut": false,
                  "duration": 0,
                  "state": "passed",
                  "speed": "fast",
                  "pass": true,
                  "fail": false,
                  "pending": false,
                  "context": null,
                  "code": "mfkdf.setup.factors.totp({\n  step: 'hello'\n}).should.be.rejectedWith(TypeError)",
                  "err": {},
                  "uuid": "540c3de4-4c40-40ef-8753-3cbf2c6ae12b",
                  "parentUUID": "4996c768-4e30-48ab-8256-5701425b62df",
                  "isHook": false,
                  "skipped": false
                },
                {
                  "title": "step/range",
                  "fullTitle": "factors/totp errors step/range",
                  "timedOut": false,
                  "duration": 1,
                  "state": "passed",
                  "speed": "slow",
                  "pass": true,
                  "fail": false,
                  "pending": false,
                  "context": null,
                  "code": "mfkdf.setup.factors.totp({\n  step: -1\n}).should.be.rejectedWith(RangeError)",
                  "err": {},
                  "uuid": "81921e49-d9e9-4401-986a-f92783441a05",
                  "parentUUID": "4996c768-4e30-48ab-8256-5701425b62df",
                  "isHook": false,
                  "skipped": false
                },
                {
                  "title": "window/type",
                  "fullTitle": "factors/totp errors window/type",
                  "timedOut": false,
                  "duration": 0,
                  "state": "passed",
                  "speed": "fast",
                  "pass": true,
                  "fail": false,
                  "pending": false,
                  "context": null,
                  "code": "mfkdf.setup.factors.totp({\n  window: 'hello'\n}).should.be.rejectedWith(TypeError)",
                  "err": {},
                  "uuid": "df466227-db7f-4ca8-8123-fddf17ce0b9c",
                  "parentUUID": "4996c768-4e30-48ab-8256-5701425b62df",
                  "isHook": false,
                  "skipped": false
                },
                {
                  "title": "window/range",
                  "fullTitle": "factors/totp errors window/range",
                  "timedOut": false,
                  "duration": 0,
                  "state": "passed",
                  "speed": "fast",
                  "pass": true,
                  "fail": false,
                  "pending": false,
                  "context": null,
                  "code": "mfkdf.setup.factors.totp({\n  window: -1\n}).should.be.rejectedWith(RangeError)",
                  "err": {},
                  "uuid": "c239bf8e-50e7-497f-b8a4-7a627cd42d2a",
                  "parentUUID": "4996c768-4e30-48ab-8256-5701425b62df",
                  "isHook": false,
                  "skipped": false
                }
              ],
              "suites": [],
              "passes": [
                "d9e80008-572d-47c1-ae8c-395083f2d808",
                "f6602000-2b4d-4e55-b068-f75e37ad52ec",
                "c7084a77-204c-44b0-8a74-b90df09e3747",
                "65f4f89e-f381-46c5-94b3-83ff874434c8",
                "e6e6c605-4028-467b-a06f-d5566903af5d",
                "4c68e34d-d1e7-4034-a794-12304926a640",
                "da1bb15a-e7c9-45c0-8dbf-8761970e36eb",
                "dfd04eee-ce15-4469-8810-eb316aaadf27",
                "2af4df25-4b2c-4bd6-af5e-030dd7080b29",
                "daba006c-2e5f-4c10-820b-1148d0924999",
                "6648655f-6257-43d9-b985-004dc3457ee0",
                "de16de95-d6eb-4261-945c-d0db43d16155",
                "4488c9fa-3e87-4237-b046-e1394597d129",
                "540c3de4-4c40-40ef-8753-3cbf2c6ae12b",
                "81921e49-d9e9-4401-986a-f92783441a05",
                "df466227-db7f-4ca8-8123-fddf17ce0b9c",
                "c239bf8e-50e7-497f-b8a4-7a627cd42d2a"
              ],
              "failures": [],
              "pending": [],
              "skipped": [],
              "duration": 437,
              "root": false,
              "rootEmpty": false,
              "_timeout": 5000
            }
          ],
          "passes": [
            "65f44591-0d17-4720-b7d2-40938b2ae51f",
            "783aa04e-3375-4dc6-8a5a-1c0d4286b670",
            "3b409b5f-e22e-402f-970a-7a48033e4f5e"
          ],
          "failures": [],
          "pending": [],
          "skipped": [],
          "duration": 2301,
          "root": false,
          "rootEmpty": false,
          "_timeout": 5000
        },
        {
          "uuid": "95fa8ea5-9492-406e-a5a8-7b764e5c30a0",
          "title": "factors/uuid",
          "fullFile": "C:\\xampp\\htdocs\\Multifactor\\MFKDF\\test\\factors\\uuid.js",
          "file": "\\test\\factors\\uuid.js",
          "beforeHooks": [],
          "afterHooks": [],
          "tests": [
            {
              "title": "valid",
              "fullTitle": "factors/uuid valid",
              "timedOut": false,
[...]
                  "err": {},
                  "uuid": "4ed2d97d-94c0-444a-817f-5380efdca74e",
                  "parentUUID": "d62996e6-7854-4efd-ab0a-a3df90bd3fa8",
                  "isHook": false,
                  "skipped": false
                },
                {
                  "title": "invalid/range",
                  "fullTitle": "setup/key id invalid/range",
                  "timedOut": false,
                  "duration": 1,
                  "state": "passed",
                  "speed": "slow",
                  "pass": true,
                  "fail": false,
                  "pending": false,
                  "context": null,
                  "code": "mfkdf.setup.key([\n  await mfkdf.setup.factors.password('hello')\n], { id: '' }).should.be.rejectedWith(RangeError)",
                  "err": {},
                  "uuid": "35e89787-911a-4d1f-8e2e-f4ca4f186e6e",
                  "parentUUID": "d62996e6-7854-4efd-ab0a-a3df90bd3fa8",
                  "isHook": false,
                  "skipped": false
                }
              ],
              "suites": [],
              "passes": [
                "7f97a134-c1b9-4fe6-8bf5-4fb3c4316b33",
                "8ae7cb91-08c6-45c8-ab38-10046156dd40",
                "4ed2d97d-94c0-444a-817f-5380efdca74e",
                "35e89787-911a-4d1f-8e2e-f4ca4f186e6e"
              ],
              "failures": [],
              "pending": [],
              "skipped": [],
              "duration": 212,
              "root": false,
              "rootEmpty": false,
              "_timeout": 5000
            },
            {
              "uuid": "33ce936a-5c05-4e8d-ba60-2ed9bf28dbab",
              "title": "size",
              "fullFile": "C:\\xampp\\htdocs\\Multifactor\\MFKDF\\test\\setup\\key.js",
              "file": "\\test\\setup\\key.js",
              "beforeHooks": [],
              "afterHooks": [],
              "tests": [
                {
                  "title": "default",
                  "fullTitle": "setup/key size default",
                  "timedOut": false,
                  "duration": 103,
                  "state": "passed",
                  "speed": "slow",
                  "pass": true,
                  "fail": false,
                  "pending": false,
                  "context": null,
                  "code": "const { policy } = await mfkdf.setup.key([\n  await mfkdf.setup.factors.password('hello')\n])\npolicy.size.should.equal(32)",
                  "err": {},
                  "uuid": "1d82ee4d-a39f-4db6-b1ae-76563b2775fd",
                  "parentUUID": "33ce936a-5c05-4e8d-ba60-2ed9bf28dbab",
                  "isHook": false,
                  "skipped": false
                },
                {
                  "title": "valid",
                  "fullTitle": "setup/key size valid",
                  "timedOut": false,
                  "duration": 104,
                  "state": "passed",
                  "speed": "slow",
                  "pass": true,
                  "fail": false,
                  "pending": false,
                  "context": null,
                  "code": "const { policy } = await mfkdf.setup.key([\n  await mfkdf.setup.factors.password('hello')\n], { size: 64 })\npolicy.size.should.equal(64)",
                  "err": {},
                  "uuid": "b73f1ed5-4cde-4da9-a635-c3b0e2ea12f7",
                  "parentUUID": "33ce936a-5c05-4e8d-ba60-2ed9bf28dbab",
                  "isHook": false,
                  "skipped": false
                },
                {
                  "title": "invalid/type",
                  "fullTitle": "setup/key size invalid/type",
                  "timedOut": false,
                  "duration": 1,
                  "state": "passed",
                  "speed": "slow",
                  "pass": true,
                  "fail": false,
                  "pending": false,
                  "context": null,
                  "code": "mfkdf.setup.key([\n  await mfkdf.setup.factors.password('hello')\n], { size: 'hello' }).should.be.rejectedWith(TypeError)",
                  "err": {},
                  "uuid": "0b5cfc9b-c329-43d9-91e5-a12961e63dca",
                  "parentUUID": "33ce936a-5c05-4e8d-ba60-2ed9bf28dbab",
                  "isHook": false,
                  "skipped": false
                },
                {
                  "title": "invalid/range",
                  "fullTitle": "setup/key size invalid/range",
                  "timedOut": false,
                  "duration": 0,
                  "state": "passed",
                  "speed": "fast",
                  "pass": true,
                  "fail": false,
                  "pending": false,
                  "context": null,
                  "code": "mfkdf.setup.key([\n  await mfkdf.setup.factors.password('hello')\n], { size: 0 }).should.be.rejectedWith(RangeError)",
                  "err": {},
                  "uuid": "5008c788-8711-46ad-a952-28abba7e22c2",
                  "parentUUID": "33ce936a-5c05-4e8d-ba60-2ed9bf28dbab",
                  "isHook": false,
                  "skipped": false
                }
              ],
              "suites": [],
              "passes": [
                "1d82ee4d-a39f-4db6-b1ae-76563b2775fd",
                "b73f1ed5-4cde-4da9-a635-c3b0e2ea12f7",
                "0b5cfc9b-c329-43d9-91e5-a12961e63dca",
                "5008c788-8711-46ad-a952-28abba7e22c2"
              ],
              "failures": [],
              "pending": [],
              "skipped": [],
              "duration": 208,
              "root": false,
              "rootEmpty": false,
              "_timeout": 5000
            },
            {
              "uuid": "df2fde53-4572-4ea5-82b7-3f2043695f97",
              "title": "threshold",
              "fullFile": "C:\\xampp\\htdocs\\Multifactor\\MFKDF\\test\\setup\\key.js",
              "file": "\\test\\setup\\key.js",
              "beforeHooks": [],
              "afterHooks": [],
              "tests": [
                {
                  "title": "default",
                  "fullTitle": "setup/key threshold default",
                  "timedOut": false,
                  "duration": 104,
                  "state": "passed",
                  "speed": "slow",
                  "pass": true,
                  "fail": false,
                  "pending": false,
                  "context": null,
                  "code": "const { policy } = await mfkdf.setup.key([\n  await mfkdf.setup.factors.password('hello', { id: 'password1' }),\n  await mfkdf.setup.factors.password('hello', { id: 'password2' })\n])\npolicy.threshold.should.equal(2)",
                  "err": {},
                  "uuid": "b04af9db-c4b0-4eb9-b2fb-38635c312ed9",
                  "parentUUID": "df2fde53-4572-4ea5-82b7-3f2043695f97",
                  "isHook": false,
                  "skipped": false
                },
                {
                  "title": "valid",
                  "fullTitle": "setup/key threshold valid",
                  "timedOut": false,
                  "duration": 103,
                  "state": "passed",
                  "speed": "slow",
                  "pass": true,
                  "fail": false,
                  "pending": false,
                  "context": null,
                  "code": "const { policy } = await mfkdf.setup.key([\n  await mfkdf.setup.factors.password('hello', { id: 'password1' }),\n  await mfkdf.setup.factors.password('hello', { id: 'password2' })\n], { threshold: 1 })\npolicy.threshold.should.equal(1)",
                  "err": {},
                  "uuid": "d4a2add8-37b8-4790-a997-54eb2d04dffe",
                  "parentUUID": "df2fde53-4572-4ea5-82b7-3f2043695f97",
                  "isHook": false,
                  "skipped": false
                },
                {
                  "title": "invalid/type",
                  "fullTitle": "setup/key threshold invalid/type",
                  "timedOut": false,
                  "duration": 1,
                  "state": "passed",
                  "speed": "slow",
                  "pass": true,
                  "fail": false,
                  "pending": false,
                  "context": null,
                  "code": "mfkdf.setup.key([\n  await mfkdf.setup.factors.password('hello')\n], { threshold: 'hello' }).should.be.rejectedWith(TypeError)",
                  "err": {},
                  "uuid": "4e3a6384-dcc4-4575-ad75-c618858e3375",
                  "parentUUID": "df2fde53-4572-4ea5-82b7-3f2043695f97",
                  "isHook": false,
                  "skipped": false
                },
                {
                  "title": "invalid/range",
                  "fullTitle": "setup/key threshold invalid/range",
                  "timedOut": false,
                  "duration": 0,
                  "state": "passed",
                  "speed": "fast",
                  "pass": true,
                  "fail": false,
                  "pending": false,
                  "context": null,
                  "code": "mfkdf.setup.key([\n  await mfkdf.setup.factors.password('hello')\n], { threshold: 0 }).should.be.rejectedWith(RangeError)\nmfkdf.setup.key([\n  await mfkdf.setup.factors.password('hello')\n], { threshold: 2 }).should.be.rejectedWith(RangeError)",
                  "err": {},
                  "uuid": "bb4aa6db-99db-49ef-9f6a-b5cdc5eae906",
                  "parentUUID": "df2fde53-4572-4ea5-82b7-3f2043695f97",
                  "isHook": false,
                  "skipped": false
                }
              ],
              "suites": [],
              "passes": [
                "b04af9db-c4b0-4eb9-b2fb-38635c312ed9",
                "d4a2add8-37b8-4790-a997-54eb2d04dffe",
                "4e3a6384-dcc4-4575-ad75-c618858e3375",
                "bb4aa6db-99db-49ef-9f6a-b5cdc5eae906"
              ],
              "failures": [],
              "pending": [],
              "skipped": [],
              "duration": 208,
              "root": false,
              "rootEmpty": false,
              "_timeout": 5000
            },
            {
              "uuid": "bd34e2e3-b302-4c53-9a2b-c9bdf936e761",
              "title": "salt",
              "fullFile": "C:\\xampp\\htdocs\\Multifactor\\MFKDF\\test\\setup\\key.js",
              "file": "\\test\\setup\\key.js",
              "beforeHooks": [],
              "afterHooks": [],
              "tests": [
                {
                  "title": "default",
                  "fullTitle": "setup/key salt default",
                  "timedOut": false,
                  "duration": 104,
                  "state": "passed",
                  "speed": "slow",
                  "pass": true,
                  "fail": false,
                  "pending": false,
                  "context": null,
                  "code": "const { policy } = await mfkdf.setup.key([\n  await mfkdf.setup.factors.password('hello')\n], { size: 48 })\nconst salt = Buffer.from(policy.salt, 'base64')\nsalt.length.should.equal(48)",
                  "err": {},
                  "uuid": "93925b69-fb34-4b30-b54a-db5036974c3e",
                  "parentUUID": "bd34e2e3-b302-4c53-9a2b-c9bdf936e761",
                  "isHook": false,
                  "skipped": false
                },
                {
                  "title": "valid",
                  "fullTitle": "setup/key salt valid",
                  "timedOut": false,
                  "duration": 102,
                  "state": "passed",
                  "speed": "slow",
                  "pass": true,
                  "fail": false,
                  "pending": false,
                  "context": null,
                  "code": "const { policy } = await mfkdf.setup.key([\n  await mfkdf.setup.factors.password('hello')\n], { salt: Buffer.from('12345678', 'base64') })\npolicy.salt.should.equal('12345678')",
                  "err": {},
                  "uuid": "6d334ac8-ab35-4543-b4a8-96083b13226a",
                  "parentUUID": "bd34e2e3-b302-4c53-9a2b-c9bdf936e761",
                  "isHook": false,
                  "skipped": false
                },
                {
                  "title": "invalid/type",
                  "fullTitle": "setup/key salt invalid/type",
                  "timedOut": false,
                  "duration": 0,
                  "state": "passed",
                  "speed": "fast",
                  "pass": true,
                  "fail": false,
                  "pending": false,
                  "context": null,
                  "code": "mfkdf.setup.key([\n  await mfkdf.setup.factors.password('hello')\n], { salt: 'hello' }).should.be.rejectedWith(TypeError)",
                  "err": {},
                  "uuid": "84db40cf-90f8-4ad3-ac3e-ed9c51a18f33",
                  "parentUUID": "bd34e2e3-b302-4c53-9a2b-c9bdf936e761",
                  "isHook": false,
                  "skipped": false
                }
              ],
              "suites": [],
              "passes": [
                "93925b69-fb34-4b30-b54a-db5036974c3e",
                "6d334ac8-ab35-4543-b4a8-96083b13226a",
                "84db40cf-90f8-4ad3-ac3e-ed9c51a18f33"
              ],
              "failures": [],
              "pending": [],
              "skipped": [],
              "duration": 206,
              "root": false,
              "rootEmpty": false,
              "_timeout": 5000
            },
            {
              "uuid": "24b9bbe4-fc1e-4342-821b-b5604d91bcab",
              "title": "factors",
              "fullFile": "C:\\xampp\\htdocs\\Multifactor\\MFKDF\\test\\setup\\key.js",
              "file": "\\test\\setup\\key.js",
              "beforeHooks": [],
              "afterHooks": [],
              "tests": [
                {
                  "title": "valid",
                  "fullTitle": "setup/key factors valid",
                  "timedOut": false,
                  "duration": 104,
                  "state": "passed",
                  "speed": "slow",
                  "pass": true,
                  "fail": false,
                  "pending": false,
                  "context": null,
                  "code": "await mfkdf.setup.key([\n  {\n    type: 'password',\n    id: 'password',\n    data: Buffer.from('password', 'utf-8'),\n    params: async () => {\n      return {}\n    },\n    output: async () => {\n      return {}\n    }\n  }\n])",
                  "err": {},
                  "uuid": "8909c163-b4b7-4306-8173-6efbcb433d8f",
                  "parentUUID": "24b9bbe4-fc1e-4342-821b-b5604d91bcab",
                  "isHook": false,
                  "skipped": false
                },
                {
                  "title": "id",
                  "fullTitle": "setup/key factors id",
                  "timedOut": false,
                  "duration": 0,
                  "state": "passed",
                  "speed": "fast",
                  "pass": true,
                  "fail": false,
                  "pending": false,
                  "context": null,
                  "code": "mfkdf.setup.key([\n  await mfkdf.setup.factors.password('hello', { id: 'password1' }),\n  await mfkdf.setup.factors.password('hello', { id: 'password1' })\n]).should.be.rejectedWith(RangeError)",
                  "err": {},
                  "uuid": "d30d0695-17d8-4f23-8d0e-16ee43ce04e7",
                  "parentUUID": "24b9bbe4-fc1e-4342-821b-b5604d91bcab",
                  "isHook": false,
                  "skipped": false
                },
                {
                  "title": "invalid/type",
                  "fullTitle": "setup/key factors invalid/type",
                  "timedOut": false,
                  "duration": 1,
                  "state": "passed",
                  "speed": "slow",
                  "pass": true,
                  "fail": false,
                  "pending": false,
                  "context": null,
                  "code": "mfkdf.setup.key('hello').should.be.rejectedWith(TypeError)\nmfkdf.setup.key([\n  {\n    type: 12345,\n    id: 'password',\n    data: Buffer.from('password', 'utf-8'),\n    params: async () => {\n      return {}\n    }\n  }\n]).should.be.rejectedWith(TypeError)\nmfkdf.setup.key([\n  {\n    type: 'password',\n    id: 12345,\n    data: Buffer.from('password', 'utf-8'),\n    params: async () => {\n      return {}\n    }\n  }\n]).should.be.rejectedWith(TypeError)\nmfkdf.setup.key([\n  {\n    type: 'password',\n    id: 'password',\n    data: 12345,\n    params: async () => {\n      return {}\n    }\n  }\n]).should.be.rejectedWith(TypeError)\nmfkdf.setup.key([\n  {\n    type: 'password',\n    id: 'password',\n    data: Buffer.from('password', 'utf-8'),\n    params: 12345\n  }\n]).should.be.rejectedWith(TypeError)",
                  "err": {},
                  "uuid": "3b71441b-1220-4636-b604-a090b2286141",
                  "parentUUID": "24b9bbe4-fc1e-4342-821b-b5604d91bcab",
                  "isHook": false,
                  "skipped": false
                },
                {
                  "title": "invalid/range",
                  "fullTitle": "setup/key factors invalid/range",
                  "timedOut": false,
                  "duration": 0,
                  "state": "passed",
                  "speed": "fast",
                  "pass": true,
                  "fail": false,
                  "pending": false,
                  "context": null,
                  "code": "mfkdf.setup.key([\n]).should.be.rejectedWith(RangeError)\nmfkdf.setup.key([\n  {\n    type: '',\n    id: 'password',\n    data: Buffer.from('password', 'utf-8'),\n    params: async () => {\n      return {}\n    }\n  }\n]).should.be.rejectedWith(RangeError)\nmfkdf.setup.key([\n  {\n    type: 'password',\n    id: '',\n    data: Buffer.from('password', 'utf-8'),\n    params: async () => {\n      return {}\n    }\n  }\n]).should.be.rejectedWith(RangeError)\nmfkdf.setup.key([\n  {\n    type: 'password',\n    id: 'password',\n    data: Buffer.from('', 'utf-8'),\n    params: async () => {\n      return {}\n    }\n  }\n]).should.be.rejectedWith(RangeError)",
                  "err": {},
                  "uuid": "40d4abfd-5760-44d6-b82f-c5fb185deb26",
                  "parentUUID": "24b9bbe4-fc1e-4342-821b-b5604d91bcab",
                  "isHook": false,
                  "skipped": false
                }
              ],
              "suites": [],
              "passes": [
                "8909c163-b4b7-4306-8173-6efbcb433d8f",
                "d30d0695-17d8-4f23-8d0e-16ee43ce04e7",
                "3b71441b-1220-4636-b604-a090b2286141",
                "40d4abfd-5760-44d6-b82f-c5fb185deb26"
              ],
              "failures": [],
              "pending": [],
              "skipped": [],
              "duration": 105,
              "root": false,
              "rootEmpty": false,
              "_timeout": 5000
            }
          ],
          "passes": [
            "c2dde388-740e-4227-9471-c84227d59996"
          ],
          "failures": [],
          "pending": [],
          "skipped": [],
          "duration": 110,
          "root": false,
          "rootEmpty": false,
          "_timeout": 5000
        }
      ],
      "passes": [],
      "failures": [],
      "pending": [],
      "skipped": [],
      "duration": 0,
      "root": true,
      "rootEmpty": true,
      "_timeout": 5000
    }
  ],
  "meta": {
    "mocha": {
      "version": "9.2.2"
    },
    "mochawesome": {
      "options": {
        "quiet": false,
        "reportFilename": "mochawesome",
        "saveHtml": true,
        "saveJson": true,
        "consoleReporter": "spec",
        "useInlineDiffs": false,
        "code": true
      },
      "version": "7.1.3"
    },
    "marge": {
      "options": {
        "reportDir": "./site/tests"
      },
      "version": "6.2.0"
    }
  }
}