{
  "stats": {
    "suites": 56,
    "tests": 235,
    "passes": 235,
    "pending": 0,
    "failures": 0,
    "start": "2022-04-22T18:53:55.681Z",
    "end": "2022-04-22T18:55:17.232Z",
    "duration": 81551,
    "testsRegistered": 235,
    "passPercent": 100,
    "pendingPercent": 0,
    "other": 0,
    "hasOther": false,
    "skipped": 0,
    "hasSkipped": false
  },
  "results": [
    {
      "uuid": "b30fe681-5740-409b-bf6a-3e1890ee6394",
      "title": "",
      "fullFile": "",
      "file": "",
      "beforeHooks": [],
      "afterHooks": [],
      "tests": [],
      "suites": [
        {
          "uuid": "c3b0de47-467a-4a1d-a719-789366d45569",
          "title": "authentication",
          "fullFile": "C:\\xampp\\htdocs\\Multifactor\\MFKDF\\test\\authentication.js",
          "file": "\\test\\authentication.js",
          "beforeHooks": [],
          "afterHooks": [],
          "tests": [
            {
              "title": "getKey/auth",
              "fullTitle": "authentication getKey/auth",
              "timedOut": false,
              "duration": 15317,
              "state": "passed",
              "speed": "slow",
              "pass": true,
              "fail": false,
              "pending": false,
              "context": null,
              "code": "const key = await mfkdf.setup.key([\n  await mfkdf.setup.factors.password('password1', { id: 'password1' })\n])\nlet authKey\nlet encKey\nauthKey = await key.getSymmetricKey('des', true)\nencKey = await key.getSymmetricKey('des', false)\nauthKey.toString('hex').should.not.equal(encKey.toString('hex'))\nauthKey = await key.getSymmetricKey('3des', true)\nencKey = await key.getSymmetricKey('3des', false)\nauthKey.toString('hex').should.not.equal(encKey.toString('hex'))\nauthKey = await key.getSymmetricKey('aes128', true)\nencKey = await key.getSymmetricKey('aes128', false)\nauthKey.toString('hex').should.not.equal(encKey.toString('hex'))\nauthKey = await key.getSymmetricKey('aes192', true)\nencKey = await key.getSymmetricKey('aes192', false)\nauthKey.toString('hex').should.not.equal(encKey.toString('hex'))\nauthKey = await key.getSymmetricKey('aes256', true)\nencKey = await key.getSymmetricKey('aes256', false)\nauthKey.toString('hex').should.not.equal(encKey.toString('hex'))\nauthKey = await key.getAsymmetricKeyPair('ed25519', true)\nencKey = await key.getAsymmetricKeyPair('ed25519', false)\nauthKey.publicKey.toString('hex').should.not.equal(encKey.publicKey.toString('hex'))\nauthKey = await key.getAsymmetricKeyPair('rsa1024', true)\nencKey = await key.getAsymmetricKeyPair('rsa1024', false)\nauthKey.publicKey.toString('hex').should.not.equal(encKey.publicKey.toString('hex'))\nauthKey = await key.getAsymmetricKeyPair('rsa2048', true)\nencKey = await key.getAsymmetricKeyPair('rsa2048', false)\nauthKey.publicKey.toString('hex').should.not.equal(encKey.publicKey.toString('hex'))\nauthKey = await key.getAsymmetricKeyPair('rsa3072', true)\nencKey = await key.getAsymmetricKeyPair('rsa3072', false)\nauthKey.publicKey.toString('hex').should.not.equal(encKey.publicKey.toString('hex'))",
              "err": {},
              "uuid": "9d1d2c6a-03a7-4677-ab01-6b2687324c05",
              "parentUUID": "c3b0de47-467a-4a1d-a719-789366d45569",
              "isHook": false,
              "skipped": false
            }
          ],
          "suites": [
            {
              "uuid": "1f82b26a-da94-4f12-bb97-2e8ce2c2c299",
              "title": "valid",
              "fullFile": "C:\\xampp\\htdocs\\Multifactor\\MFKDF\\test\\authentication.js",
              "file": "\\test\\authentication.js",
              "beforeHooks": [],
              "afterHooks": [],
              "tests": [
                {
                  "title": "ISO97982PassUnilateralAuthSymmetric",
                  "fullTitle": "authentication valid ISO97982PassUnilateralAuthSymmetric",
                  "timedOut": false,
                  "duration": 108,
                  "state": "passed",
                  "speed": "slow",
                  "pass": true,
                  "fail": false,
                  "pending": false,
                  "context": null,
                  "code": "const key = await mfkdf.setup.key([\n  await mfkdf.setup.factors.password('password1', { id: 'password1' })\n])\nconst challenge = Buffer.from('hello world')\nconst identity = Buffer.from('bob')\nconst response = await key.ISO97982PassUnilateralAuthSymmetric(challenge, identity)\nconst authKey = await key.ISO9798SymmetricKey()\nconst valid = await mfkdf.auth.VerifyISO97982PassUnilateralAuthSymmetric(challenge, identity, response, authKey)\nvalid.should.be.true",
                  "err": {},
                  "uuid": "f8561d13-9e1f-42df-8fcc-226243058ab8",
                  "parentUUID": "1f82b26a-da94-4f12-bb97-2e8ce2c2c299",
                  "isHook": false,
                  "skipped": false
                },
                {
                  "title": "ISO97982PassUnilateralAuthAsymmetric",
                  "fullTitle": "authentication valid ISO97982PassUnilateralAuthAsymmetric",
                  "timedOut": false,
                  "duration": 373,
                  "state": "passed",
                  "speed": "slow",
                  "pass": true,
                  "fail": false,
                  "pending": false,
                  "context": null,
                  "code": "const key = await mfkdf.setup.key([\n  await mfkdf.setup.factors.password('password1', { id: 'password1' })\n])\nconst challenge = Buffer.from('hello world')\nconst identity = Buffer.from('bob')\nconst response = await key.ISO97982PassUnilateralAuthAsymmetric(challenge, identity)\nconst authKey = await key.ISO9798AsymmetricKey()\nconst valid = await mfkdf.auth.VerifyISO97982PassUnilateralAuthAsymmetric(challenge, identity, response, authKey)\nvalid.should.be.true",
                  "err": {},
                  "uuid": "784afe6e-a894-4d8d-8b6a-0d1d01e76c61",
                  "parentUUID": "1f82b26a-da94-4f12-bb97-2e8ce2c2c299",
                  "isHook": false,
                  "skipped": false
                },
                {
                  "title": "ISO97982PassUnilateralAuthCCF",
                  "fullTitle": "authentication valid ISO97982PassUnilateralAuthCCF",
                  "timedOut": false,
                  "duration": 109,
                  "state": "passed",
                  "speed": "slow",
                  "pass": true,
                  "fail": false,
                  "pending": false,
                  "context": null,
                  "code": "const key = await mfkdf.setup.key([\n  await mfkdf.setup.factors.password('password1', { id: 'password1' })\n])\nconst challenge = Buffer.from('hello world')\nconst identity = Buffer.from('bob')\nconst response = await key.ISO97982PassUnilateralAuthCCF(challenge, identity)\nconst authKey = await key.ISO9798CCFKey()\nconst valid = await mfkdf.auth.VerifyISO97982PassUnilateralAuthCCF(challenge, identity, response, authKey)\nvalid.should.be.true",
                  "err": {},
                  "uuid": "60e07598-db9e-4e30-b772-2b8eaab76354",
                  "parentUUID": "1f82b26a-da94-4f12-bb97-2e8ce2c2c299",
                  "isHook": false,
                  "skipped": false
                },
                {
                  "title": "ISO97981PassUnilateralAuthSymmetric",
                  "fullTitle": "authentication valid ISO97981PassUnilateralAuthSymmetric",
                  "timedOut": false,
                  "duration": 105,
                  "state": "passed",
                  "speed": "slow",
                  "pass": true,
                  "fail": false,
                  "pending": false,
                  "context": null,
                  "code": "const key = await mfkdf.setup.key([\n  await mfkdf.setup.factors.password('password1', { id: 'password1' })\n])\nconst identity = Buffer.from('bob')\nconst response = await key.ISO97981PassUnilateralAuthSymmetric(identity)\nconst authKey = await key.ISO9798SymmetricKey()\nconst valid = await mfkdf.auth.VerifyISO97981PassUnilateralAuthSymmetric(identity, response, authKey)\nvalid.should.be.true",
                  "err": {},
                  "uuid": "afdb7185-a468-43ff-9395-d77b3c753052",
                  "parentUUID": "1f82b26a-da94-4f12-bb97-2e8ce2c2c299",
                  "isHook": false,
                  "skipped": false
                },
                {
                  "title": "ISO97981PassUnilateralAuthAsymmetric",
                  "fullTitle": "authentication valid ISO97981PassUnilateralAuthAsymmetric",
                  "timedOut": false,
                  "duration": 225,
                  "state": "passed",
                  "speed": "slow",
                  "pass": true,
                  "fail": false,
                  "pending": false,
                  "context": null,
                  "code": "const key = await mfkdf.setup.key([\n  await mfkdf.setup.factors.password('password1', { id: 'password1' })\n])\nconst identity = Buffer.from('bob')\nconst response = await key.ISO97981PassUnilateralAuthAsymmetric(identity)\nconst authKey = await key.ISO9798AsymmetricKey()\nconst valid = await mfkdf.auth.VerifyISO97981PassUnilateralAuthAsymmetric(identity, response, authKey)\nvalid.should.be.true",
                  "err": {},
                  "uuid": "8e2441ce-e4bd-4beb-94b4-b01f208c99a4",
                  "parentUUID": "1f82b26a-da94-4f12-bb97-2e8ce2c2c299",
                  "isHook": false,
                  "skipped": false
                },
                {
                  "title": "ISO97981PassUnilateralAuthCCF",
                  "fullTitle": "authentication valid ISO97981PassUnilateralAuthCCF",
                  "timedOut": false,
                  "duration": 107,
                  "state": "passed",
                  "speed": "slow",
                  "pass": true,
                  "fail": false,
                  "pending": false,
                  "context": null,
                  "code": "const key = await mfkdf.setup.key([\n  await mfkdf.setup.factors.password('password1', { id: 'password1' })\n])\nconst identity = Buffer.from('bob')\nconst response = await key.ISO97981PassUnilateralAuthCCF(identity)\nconst authKey = await key.ISO9798CCFKey()\nconst valid = await mfkdf.auth.VerifyISO97981PassUnilateralAuthCCF(identity, response, authKey)\nvalid.should.be.true",
                  "err": {},
                  "uuid": "88302c2e-225d-4e48-b99d-d3dbc890e400",
                  "parentUUID": "1f82b26a-da94-4f12-bb97-2e8ce2c2c299",
                  "isHook": false,
                  "skipped": false
                }
              ],
              "suites": [],
              "passes": [
                "f8561d13-9e1f-42df-8fcc-226243058ab8",
                "784afe6e-a894-4d8d-8b6a-0d1d01e76c61",
                "60e07598-db9e-4e30-b772-2b8eaab76354",
                "afdb7185-a468-43ff-9395-d77b3c753052",
                "8e2441ce-e4bd-4beb-94b4-b01f208c99a4",
                "88302c2e-225d-4e48-b99d-d3dbc890e400"
              ],
              "failures": [],
              "pending": [],
              "skipped": [],
              "duration": 1027,
              "root": false,
              "rootEmpty": false,
              "_timeout": 5000
            },
            {
              "uuid": "f25a7c5c-b922-4341-8c4d-8e0f0baf0b02",
              "title": "invalid",
              "fullFile": "C:\\xampp\\htdocs\\Multifactor\\MFKDF\\test\\authentication.js",
              "file": "\\test\\authentication.js",
              "beforeHooks": [],
              "afterHooks": [],
              "tests": [
                {
                  "title": "ISO97982PassUnilateralAuthSymmetric",
                  "fullTitle": "authentication invalid ISO97982PassUnilateralAuthSymmetric",
                  "timedOut": false,
                  "duration": 208,
                  "state": "passed",
                  "speed": "slow",
                  "pass": true,
                  "fail": false,
                  "pending": false,
                  "context": null,
                  "code": "const key = await mfkdf.setup.key([\n  await mfkdf.setup.factors.password('password1', { id: 'password1' })\n])\nconst key2 = await mfkdf.setup.key([\n  await mfkdf.setup.factors.password('password2', { id: 'password2' })\n])\nconst challenge = Buffer.from('hello world')\nconst identity = Buffer.from('bob')\nconst response = await key.ISO97982PassUnilateralAuthSymmetric(challenge, identity)\nconst authKey = await key2.ISO9798SymmetricKey()\nconst valid = await mfkdf.auth.VerifyISO97982PassUnilateralAuthSymmetric(challenge, identity, response, authKey)\nvalid.should.be.false",
                  "err": {},
                  "uuid": "b9cdca03-4fe0-48a9-a6d3-bad6943a5eb6",
                  "parentUUID": "f25a7c5c-b922-4341-8c4d-8e0f0baf0b02",
                  "isHook": false,
                  "skipped": false
                },
                {
                  "title": "ISO97982PassUnilateralAuthAsymmetric",
                  "fullTitle": "authentication invalid ISO97982PassUnilateralAuthAsymmetric",
                  "timedOut": false,
                  "duration": 451,
                  "state": "passed",
                  "speed": "slow",
                  "pass": true,
                  "fail": false,
                  "pending": false,
                  "context": null,
                  "code": "const key = await mfkdf.setup.key([\n  await mfkdf.setup.factors.password('password1', { id: 'password1' })\n])\nconst key2 = await mfkdf.setup.key([\n  await mfkdf.setup.factors.password('password2', { id: 'password2' })\n])\nconst challenge = Buffer.from('hello world')\nconst identity = Buffer.from('bob')\nconst response = await key.ISO97982PassUnilateralAuthAsymmetric(challenge, identity)\nconst authKey = await key2.ISO9798AsymmetricKey()\nconst valid = await mfkdf.auth.VerifyISO97982PassUnilateralAuthAsymmetric(challenge, identity, response, authKey)\nvalid.should.be.false",
                  "err": {},
                  "uuid": "4cacbb64-a70f-4e25-bbe1-4d13eb891f6b",
                  "parentUUID": "f25a7c5c-b922-4341-8c4d-8e0f0baf0b02",
                  "isHook": false,
                  "skipped": false
                },
                {
                  "title": "ISO97982PassUnilateralAuthCCF",
                  "fullTitle": "authentication invalid ISO97982PassUnilateralAuthCCF",
                  "timedOut": false,
                  "duration": 211,
                  "state": "passed",
                  "speed": "slow",
                  "pass": true,
                  "fail": false,
                  "pending": false,
                  "context": null,
                  "code": "const key = await mfkdf.setup.key([\n  await mfkdf.setup.factors.password('password1', { id: 'password1' })\n])\nconst key2 = await mfkdf.setup.key([\n  await mfkdf.setup.factors.password('password2', { id: 'password2' })\n])\nconst challenge = Buffer.from('hello world')\nconst identity = Buffer.from('bob')\nconst response = await key.ISO97982PassUnilateralAuthCCF(challenge, identity)\nconst authKey = await key2.ISO9798CCFKey()\nconst valid = await mfkdf.auth.VerifyISO97982PassUnilateralAuthCCF(challenge, identity, response, authKey)\nvalid.should.be.false",
                  "err": {},
                  "uuid": "aee3efb3-186a-43af-b58e-e40885520724",
                  "parentUUID": "f25a7c5c-b922-4341-8c4d-8e0f0baf0b02",
                  "isHook": false,
                  "skipped": false
                },
                {
                  "title": "ISO97981PassUnilateralAuthSymmetric",
                  "fullTitle": "authentication invalid ISO97981PassUnilateralAuthSymmetric",
                  "timedOut": false,
                  "duration": 210,
                  "state": "passed",
                  "speed": "slow",
                  "pass": true,
                  "fail": false,
                  "pending": false,
                  "context": null,
                  "code": "const key = await mfkdf.setup.key([\n  await mfkdf.setup.factors.password('password1', { id: 'password1' })\n])\nconst key2 = await mfkdf.setup.key([\n  await mfkdf.setup.factors.password('password2', { id: 'password2' })\n])\nconst identity = Buffer.from('bob')\nconst response = await key.ISO97981PassUnilateralAuthSymmetric(identity)\nconst authKey = await key2.ISO9798SymmetricKey()\nconst valid = await mfkdf.auth.VerifyISO97981PassUnilateralAuthSymmetric(identity, response, authKey)\nvalid.should.be.false",
                  "err": {},
                  "uuid": "33581585-db40-4970-8b56-640a07470ada",
                  "parentUUID": "f25a7c5c-b922-4341-8c4d-8e0f0baf0b02",
                  "isHook": false,
                  "skipped": false
                },
                {
                  "title": "ISO97981PassUnilateralAuthAsymmetric",
                  "fullTitle": "authentication invalid ISO97981PassUnilateralAuthAsymmetric",
                  "timedOut": false,
                  "duration": 307,
                  "state": "passed",
                  "speed": "slow",
                  "pass": true,
                  "fail": false,
                  "pending": false,
                  "context": null,
                  "code": "const key = await mfkdf.setup.key([\n  await mfkdf.setup.factors.password('password1', { id: 'password1' })\n])\nconst key2 = await mfkdf.setup.key([\n  await mfkdf.setup.factors.password('password2', { id: 'password2' })\n])\nconst identity = Buffer.from('bob')\nconst response = await key.ISO97981PassUnilateralAuthAsymmetric(identity)\nconst authKey = await key2.ISO9798AsymmetricKey()\nconst valid = await mfkdf.auth.VerifyISO97981PassUnilateralAuthAsymmetric(identity, response, authKey)\nvalid.should.be.false",
                  "err": {},
                  "uuid": "b9a7efb9-8c52-43b9-96e9-77829ad12b64",
                  "parentUUID": "f25a7c5c-b922-4341-8c4d-8e0f0baf0b02",
                  "isHook": false,
                  "skipped": false
                },
                {
                  "title": "ISO97981PassUnilateralAuthCCF",
                  "fullTitle": "authentication invalid ISO97981PassUnilateralAuthCCF",
                  "timedOut": false,
                  "duration": 206,
                  "state": "passed",
                  "speed": "slow",
                  "pass": true,
                  "fail": false,
                  "pending": false,
                  "context": null,
                  "code": "const key = await mfkdf.setup.key([\n  await mfkdf.setup.factors.password('password1', { id: 'password1' })\n])\nconst key2 = await mfkdf.setup.key([\n  await mfkdf.setup.factors.password('password2', { id: 'password2' })\n])\nconst identity = Buffer.from('bob')\nconst response = await key.ISO97981PassUnilateralAuthCCF(identity)\nconst authKey = await key2.ISO9798CCFKey()\nconst valid = await mfkdf.auth.VerifyISO97981PassUnilateralAuthCCF(identity, response, authKey)\nvalid.should.be.false",
                  "err": {},
                  "uuid": "4921ab76-ef7b-4b32-8311-29352460bdfc",
                  "parentUUID": "f25a7c5c-b922-4341-8c4d-8e0f0baf0b02",
                  "isHook": false,
                  "skipped": false
                },
                {
                  "title": "ISO97981PassUnilateralAuthSymmetric/window",
                  "fullTitle": "authentication invalid ISO97981PassUnilateralAuthSymmetric/window",
                  "timedOut": false,
                  "duration": 107,
                  "state": "passed",
                  "speed": "slow",
                  "pass": true,
                  "fail": false,
                  "pending": false,
                  "context": null,
                  "code": "const key = await mfkdf.setup.key([\n  await mfkdf.setup.factors.password('password1', { id: 'password1' })\n])\nconst identity = Buffer.from('bob')\nconst response = await key.ISO97981PassUnilateralAuthSymmetric(identity)\nconst authKey = await key.ISO9798SymmetricKey()\nconst valid = await mfkdf.auth.VerifyISO97981PassUnilateralAuthSymmetric(identity, response, authKey, -1)\nvalid.should.be.false",
                  "err": {},
                  "uuid": "15008652-20f1-468e-81c4-728578da34f5",
                  "parentUUID": "f25a7c5c-b922-4341-8c4d-8e0f0baf0b02",
                  "isHook": false,
                  "skipped": false
                },
                {
                  "title": "ISO97981PassUnilateralAuthAsymmetric/window",
                  "fullTitle": "authentication invalid ISO97981PassUnilateralAuthAsymmetric/window",
                  "timedOut": false,
                  "duration": 202,
                  "state": "passed",
                  "speed": "slow",
                  "pass": true,
                  "fail": false,
                  "pending": false,
                  "context": null,
                  "code": "const key = await mfkdf.setup.key([\n  await mfkdf.setup.factors.password('password1', { id: 'password1' })\n])\nconst identity = Buffer.from('bob')\nconst response = await key.ISO97981PassUnilateralAuthAsymmetric(identity)\nconst authKey = await key.ISO9798AsymmetricKey()\nconst valid = await mfkdf.auth.VerifyISO97981PassUnilateralAuthAsymmetric(identity, response, authKey, -1)\nvalid.should.be.false",
                  "err": {},
                  "uuid": "f4dca5e8-9f0a-4542-9fb0-c72998f5db93",
                  "parentUUID": "f25a7c5c-b922-4341-8c4d-8e0f0baf0b02",
                  "isHook": false,
                  "skipped": false
                },
                {
                  "title": "ISO97981PassUnilateralAuthCCF/window",
                  "fullTitle": "authentication invalid ISO97981PassUnilateralAuthCCF/window",
                  "timedOut": false,
                  "duration": 109,
                  "state": "passed",
                  "speed": "slow",
                  "pass": true,
                  "fail": false,
                  "pending": false,
                  "context": null,
                  "code": "const key = await mfkdf.setup.key([\n  await mfkdf.setup.factors.password('password1', { id: 'password1' })\n])\nconst identity = Buffer.from('bob')\nconst response = await key.ISO97981PassUnilateralAuthCCF(identity)\nconst authKey = await key.ISO9798CCFKey()\nconst valid = await mfkdf.auth.VerifyISO97981PassUnilateralAuthCCF(identity, response, authKey, -1)\nvalid.should.be.false",
                  "err": {},
                  "uuid": "da16f982-5e5f-46de-8979-156cb1e59aa4",
                  "parentUUID": "f25a7c5c-b922-4341-8c4d-8e0f0baf0b02",
                  "isHook": false,
                  "skipped": false
                }
              ],
              "suites": [],
              "passes": [
                "b9cdca03-4fe0-48a9-a6d3-bad6943a5eb6",
                "4cacbb64-a70f-4e25-bbe1-4d13eb891f6b",
                "aee3efb3-186a-43af-b58e-e40885520724",
                "33581585-db40-4970-8b56-640a07470ada",
                "b9a7efb9-8c52-43b9-96e9-77829ad12b64",
                "4921ab76-ef7b-4b32-8311-29352460bdfc",
                "15008652-20f1-468e-81c4-728578da34f5",
                "f4dca5e8-9f0a-4542-9fb0-c72998f5db93",
                "da16f982-5e5f-46de-8979-156cb1e59aa4"
              ],
              "failures": [],
              "pending": [],
              "skipped": [],
              "duration": 2011,
              "root": false,
              "rootEmpty": false,
              "_timeout": 5000
            }
          ],
          "passes": [
            "9d1d2c6a-03a7-4677-ab01-6b2687324c05"
          ],
          "failures": [],
          "pending": [],
          "skipped": [],
          "duration": 15317,
          "root": false,
          "rootEmpty": false,
          "_timeout": 5000
        },
        {
          "uuid": "c1c10910-03c0-4a2b-9a41-9f34cbd4ed7b",
          "title": "asymmetric",
          "fullFile": "C:\\xampp\\htdocs\\Multifactor\\MFKDF\\test\\crypto\\asymmetric.js",
          "file": "\\test\\crypto\\asymmetric.js",
          "beforeHooks": [],
          "afterHooks": [],
          "tests": [],
          "suites": [
            {
              "uuid": "a3083245-c6b3-4aa4-b8f3-35af020ba585",
              "title": "encryption",
              "fullFile": "C:\\xampp\\htdocs\\Multifactor\\MFKDF\\test\\crypto\\asymmetric.js",
              "file": "\\test\\crypto\\asymmetric.js",
              "beforeHooks": [],
              "afterHooks": [],
              "tests": [
                {
                  "title": "rsa1024",
                  "fullTitle": "asymmetric encryption rsa1024",
                  "timedOut": false,
                  "duration": 358,
                  "state": "passed",
                  "speed": "slow",
                  "pass": true,
                  "fail": false,
                  "pending": false,
                  "context": null,
                  "code": "const setup = await mfkdf.setup.key([\n  await mfkdf.setup.factors.uuid({ id: 'uuid1', uuid: '9b1deb4d-3b7d-4bad-9bdd-2b0d7b3dcb6d' })\n])\nconst ct = await setup.encrypt('hello world', 'rsa1024')\nconst pt = await setup.decrypt(ct, 'rsa1024')\npt.toString().should.equal('hello world')",
                  "err": {},
                  "uuid": "5cc4aa11-15a7-497b-887e-4bb603ffff1f",
                  "parentUUID": "a3083245-c6b3-4aa4-b8f3-35af020ba585",
                  "isHook": false,
                  "skipped": false
                },
                {
                  "title": "rsa2048",
                  "fullTitle": "asymmetric encryption rsa2048",
                  "timedOut": false,
                  "duration": 791,
                  "state": "passed",
                  "speed": "slow",
                  "pass": true,
                  "fail": false,
                  "pending": false,
                  "context": null,
                  "code": "const setup = await mfkdf.setup.key([\n  await mfkdf.setup.factors.uuid({ id: 'uuid1', uuid: '9b1deb4d-3b7d-4bad-9bdd-2b0d7b3dcb6d' })\n])\nconst ct = await setup.encrypt('hello world', 'rsa2048')\nconst pt = await setup.decrypt(ct, 'rsa2048')\npt.toString().should.equal('hello world')",
                  "err": {},
                  "uuid": "abbdf475-6d1a-4ccb-836f-faed65cf0bfa",
                  "parentUUID": "a3083245-c6b3-4aa4-b8f3-35af020ba585",
                  "isHook": false,
                  "skipped": false
                }
              ],
              "suites": [],
              "passes": [
                "5cc4aa11-15a7-497b-887e-4bb603ffff1f",
                "abbdf475-6d1a-4ccb-836f-faed65cf0bfa"
              ],
              "failures": [],
              "pending": [],
              "skipped": [],
              "duration": 1149,
              "root": false,
              "rootEmpty": false,
              "_timeout": 5000
            },
            {
              "uuid": "41d15ba1-2e89-4449-ad12-9227e505c7bd",
              "title": "signatures",
              "fullFile": "C:\\xampp\\htdocs\\Multifactor\\MFKDF\\test\\crypto\\asymmetric.js",
              "file": "\\test\\crypto\\asymmetric.js",
              "beforeHooks": [],
              "afterHooks": [],
              "tests": [
                {
                  "title": "rsa1024",
                  "fullTitle": "asymmetric signatures rsa1024",
                  "timedOut": false,
                  "duration": 227,
                  "state": "passed",
                  "speed": "slow",
                  "pass": true,
                  "fail": false,
                  "pending": false,
                  "context": null,
                  "code": "const setup = await mfkdf.setup.key([\n  await mfkdf.setup.factors.uuid({ id: 'uuid1', uuid: '9b1deb4d-3b7d-4bad-9bdd-2b0d7b3dcb6d' })\n])\nconst signature = await setup.sign('hello world', 'rsa1024')\nconst validity = await setup.verify('hello world', signature, 'rsa1024')\nvalidity.should.be.true",
                  "err": {},
                  "uuid": "4c41b9ee-a991-4bee-8c21-b58d43923fca",
                  "parentUUID": "41d15ba1-2e89-4449-ad12-9227e505c7bd",
                  "isHook": false,
                  "skipped": false
                },
                {
                  "title": "rsa2048",
                  "fullTitle": "asymmetric signatures rsa2048",
                  "timedOut": false,
                  "duration": 567,
                  "state": "passed",
                  "speed": "slow",
                  "pass": true,
                  "fail": false,
                  "pending": false,
                  "context": null,
                  "code": "const setup = await mfkdf.setup.key([\n  await mfkdf.setup.factors.uuid({ id: 'uuid1', uuid: '9b1deb4d-3b7d-4bad-9bdd-2b0d7b3dcb6d' })\n])\nconst signature = await setup.sign('hello world', 'rsa2048')\nconst validity = await setup.verify('hello world', signature, 'rsa2048')\nvalidity.should.be.true",
                  "err": {},
                  "uuid": "2a83e26d-7543-4872-950a-08a9a1f272e2",
                  "parentUUID": "41d15ba1-2e89-4449-ad12-9227e505c7bd",
                  "isHook": false,
                  "skipped": false
                },
                {
                  "title": "rsa3072",
                  "fullTitle": "asymmetric signatures rsa3072",
                  "timedOut": false,
                  "duration": 17646,
                  "state": "passed",
                  "speed": "slow",
                  "pass": true,
                  "fail": false,
                  "pending": false,
                  "context": null,
                  "code": "const setup = await mfkdf.setup.key([\n  await mfkdf.setup.factors.uuid({ id: 'uuid1', uuid: '9b1deb4d-3b7d-4bad-9bdd-2b0d7b3dcb6d' })\n])\nconst signature = await setup.sign('hello world', 'rsa3072')\nconst validity = await setup.verify('hello world', signature, 'rsa3072')\nvalidity.should.be.true",
                  "err": {},
                  "uuid": "fdbaea37-7802-44e4-ab8c-2faff596e3cc",
                  "parentUUID": "41d15ba1-2e89-4449-ad12-9227e505c7bd",
                  "isHook": false,
                  "skipped": false
                },
                {
                  "title": "defaults",
                  "fullTitle": "asymmetric signatures defaults",
                  "timedOut": false,
                  "duration": 16766,
                  "state": "passed",
                  "speed": "slow",
                  "pass": true,
                  "fail": false,
                  "pending": false,
                  "context": null,
                  "code": "const setup = await mfkdf.setup.key([\n  await mfkdf.setup.factors.uuid({ id: 'uuid1', uuid: '9b1deb4d-3b7d-4bad-9bdd-2b0d7b3dcb6d' })\n])\nconst signature = await setup.sign('hello world')\nconst validity = await setup.verify('hello world', signature)\nvalidity.should.be.true\nawait setup.getAsymmetricKeyPair()",
                  "err": {},
                  "uuid": "5468ac91-3abf-4f51-bcf0-26e675f31109",
                  "parentUUID": "41d15ba1-2e89-4449-ad12-9227e505c7bd",
                  "isHook": false,
                  "skipped": false
                },
                {
                  "title": "ed25519",
                  "fullTitle": "asymmetric signatures ed25519",
                  "timedOut": false,
                  "duration": 108,
                  "state": "passed",
                  "speed": "slow",
                  "pass": true,
                  "fail": false,
                  "pending": false,
                  "context": null,
                  "code": "const setup = await mfkdf.setup.key([\n  await mfkdf.setup.factors.uuid({ id: 'uuid1', uuid: '9b1deb4d-3b7d-4bad-9bdd-2b0d7b3dcb6d' })\n])\nawait setup.getAsymmetricKeyPair('ed25519')",
                  "err": {},
                  "uuid": "d09d2dc9-a564-4f87-a384-995b290d7c7d",
                  "parentUUID": "41d15ba1-2e89-4449-ad12-9227e505c7bd",
                  "isHook": false,
                  "skipped": false
                },
                {
                  "title": "unknown",
                  "fullTitle": "asymmetric signatures unknown",
                  "timedOut": false,
                  "duration": 107,
                  "state": "passed",
                  "speed": "slow",
                  "pass": true,
                  "fail": false,
                  "pending": false,
                  "context": null,
                  "code": "const setup = await mfkdf.setup.key([\n  await mfkdf.setup.factors.uuid({ id: 'uuid1', uuid: '9b1deb4d-3b7d-4bad-9bdd-2b0d7b3dcb6d' })\n])\nsetup.getAsymmetricKeyPair('unknown').should.be.rejectedWith(RangeError)",
                  "err": {},
                  "uuid": "41800b18-3b27-4583-959e-da56d335287a",
                  "parentUUID": "41d15ba1-2e89-4449-ad12-9227e505c7bd",
                  "isHook": false,
                  "skipped": false
                },
                {
                  "title": "errors",
                  "fullTitle": "asymmetric signatures errors",
                  "timedOut": false,
                  "duration": 5175,
                  "state": "passed",
                  "speed": "slow",
                  "pass": true,
                  "fail": false,
                  "pending": false,
                  "context": null,
                  "code": "const setup = await mfkdf.setup.key([\n  await mfkdf.setup.factors.uuid({ id: 'uuid1', uuid: '9b1deb4d-3b7d-4bad-9bdd-2b0d7b3dcb6d' })\n])\nsetup.sign(12345, 'rsa1024').should.be.rejectedWith(TypeError)\nconst signature = await setup.sign('hello world')\nsetup.verify(12345, signature).should.be.rejectedWith(TypeError)",
                  "err": {},
                  "uuid": "f67b8245-ceef-498c-99bc-af2c2cc5c014",
                  "parentUUID": "41d15ba1-2e89-4449-ad12-9227e505c7bd",
                  "isHook": false,
                  "skipped": false
                }
              ],
              "suites": [],
              "passes": [
                "4c41b9ee-a991-4bee-8c21-b58d43923fca",
                "2a83e26d-7543-4872-950a-08a9a1f272e2",
                "fdbaea37-7802-44e4-ab8c-2faff596e3cc",
                "5468ac91-3abf-4f51-bcf0-26e675f31109",
                "d09d2dc9-a564-4f87-a384-995b290d7c7d",
                "41800b18-3b27-4583-959e-da56d335287a",
                "f67b8245-ceef-498c-99bc-af2c2cc5c014"
              ],
              "failures": [],
              "pending": [],
              "skipped": [],
              "duration": 40596,
              "root": false,
              "rootEmpty": false,
              "_timeout": 5000
            }
          ],
          "passes": [],
          "failures": [],
          "pending": [],
          "skipped": [],
          "duration": 0,
          "root": false,
          "rootEmpty": false,
          "_timeout": 5000
        },
        {
          "uuid": "f957b5c0-4e3b-491d-bfb1-6e0be84d7a8d",
          "title": "encrypt",
          "fullFile": "C:\\xampp\\htdocs\\Multifactor\\MFKDF\\test\\crypto\\symmetric.js",
          "file": "\\test\\crypto\\symmetric.js",
          "beforeHooks": [],
          "afterHooks": [],
          "tests": [
            {
              "title": "defaults",
              "fullTitle": "encrypt defaults",
              "timedOut": false,
              "duration": 242,
              "state": "passed",
              "speed": "slow",
              "pass": true,
              "fail": false,
              "pending": false,
              "context": null,
              "code": "const setup = await mfkdf.setup.key([\n  await mfkdf.setup.factors.uuid({ id: 'uuid1', uuid: '9b1deb4d-3b7d-4bad-9bdd-2b0d7b3dcb6d' })\n])\nconst ciphertext = await setup.encrypt(Buffer.from('hello world'))\nconst derive = await mfkdf.derive.key(setup.policy, {\n  uuid1: mfkdf.derive.factors.uuid('9b1deb4d-3b7d-4bad-9bdd-2b0d7b3dcb6d')\n})\nconst plaintext = await derive.decrypt(ciphertext)\nplaintext.toString().should.equal('hello world')",
              "err": {},
              "uuid": "778e79c5-9125-4745-9254-b0ef7814781b",
              "parentUUID": "f957b5c0-4e3b-491d-bfb1-6e0be84d7a8d",
              "isHook": false,
              "skipped": false
            },
            {
              "title": "AES256-CBC",
              "fullTitle": "encrypt AES256-CBC",
              "timedOut": false,
              "duration": 220,
              "state": "passed",
              "speed": "slow",
              "pass": true,
              "fail": false,
              "pending": false,
              "context": null,
              "code": "const setup = await mfkdf.setup.key([\n  await mfkdf.setup.factors.uuid({ id: 'uuid1', uuid: '9b1deb4d-3b7d-4bad-9bdd-2b0d7b3dcb6d' })\n])\nconst ciphertext = await setup.encrypt(Buffer.from('hello world'), 'aes256')\nconst derive = await mfkdf.derive.key(setup.policy, {\n  uuid1: mfkdf.derive.factors.uuid('9b1deb4d-3b7d-4bad-9bdd-2b0d7b3dcb6d')\n})\nconst plaintext = await derive.decrypt(ciphertext, 'aes256')\nplaintext.toString().should.equal('hello world')",
              "err": {},
              "uuid": "20b764f1-8a1a-456b-8ba2-ca0e4a7397c3",
              "parentUUID": "f957b5c0-4e3b-491d-bfb1-6e0be84d7a8d",
              "isHook": false,
              "skipped": false
            },
            {
              "title": "AES192-CBC",
              "fullTitle": "encrypt AES192-CBC",
              "timedOut": false,
              "duration": 225,
              "state": "passed",
              "speed": "slow",
              "pass": true,
              "fail": false,
              "pending": false,
              "context": null,
              "code": "const setup = await mfkdf.setup.key([\n  await mfkdf.setup.factors.uuid({ id: 'uuid1', uuid: '9b1deb4d-3b7d-4bad-9bdd-2b0d7b3dcb6d' })\n])\nconst ciphertext = await setup.encrypt('hello world', 'aes192')\nconst derive = await mfkdf.derive.key(setup.policy, {\n  uuid1: mfkdf.derive.factors.uuid('9b1deb4d-3b7d-4bad-9bdd-2b0d7b3dcb6d')\n})\nconst plaintext = await derive.decrypt(ciphertext, 'aes192')\nplaintext.toString().should.equal('hello world')",
              "err": {},
              "uuid": "3938c0cc-6a30-41da-b93b-820cfe68dcc0",
              "parentUUID": "f957b5c0-4e3b-491d-bfb1-6e0be84d7a8d",
              "isHook": false,
              "skipped": false
            },
            {
              "title": "AES128-CBC",
              "fullTitle": "encrypt AES128-CBC",
              "timedOut": false,
              "duration": 217,
              "state": "passed",
              "speed": "slow",
              "pass": true,
              "fail": false,
              "pending": false,
              "context": null,
              "code": "const setup = await mfkdf.setup.key([\n  await mfkdf.setup.factors.uuid({ id: 'uuid1', uuid: '9b1deb4d-3b7d-4bad-9bdd-2b0d7b3dcb6d' })\n])\nconst ciphertext = await setup.encrypt('hello world', 'aes128')\nconst derive = await mfkdf.derive.key(setup.policy, {\n  uuid1: mfkdf.derive.factors.uuid('9b1deb4d-3b7d-4bad-9bdd-2b0d7b3dcb6d')\n})\nconst plaintext = await derive.decrypt(ciphertext, 'aes128')\nplaintext.toString().should.equal('hello world')",
              "err": {},
              "uuid": "d3f36986-b97f-42ac-892f-d45a3c35d01c",
              "parentUUID": "f957b5c0-4e3b-491d-bfb1-6e0be84d7a8d",
              "isHook": false,
              "skipped": false
            },
            {
              "title": "3DES-CBC",
              "fullTitle": "encrypt 3DES-CBC",
              "timedOut": false,
              "duration": 221,
              "state": "passed",
              "speed": "slow",
              "pass": true,
              "fail": false,
              "pending": false,
              "context": null,
              "code": "const setup = await mfkdf.setup.key([\n  await mfkdf.setup.factors.uuid({ id: 'uuid1', uuid: '9b1deb4d-3b7d-4bad-9bdd-2b0d7b3dcb6d' })\n])\nconst ciphertext = await setup.encrypt('hello world', '3des')\nconst derive = await mfkdf.derive.key(setup.policy, {\n  uuid1: mfkdf.derive.factors.uuid('9b1deb4d-3b7d-4bad-9bdd-2b0d7b3dcb6d')\n})\nconst plaintext = await derive.decrypt(ciphertext, '3des')\nplaintext.toString().should.equal('hello world')",
              "err": {},
              "uuid": "f6b665d4-657e-4d39-8f73-86f8b8780506",
              "parentUUID": "f957b5c0-4e3b-491d-bfb1-6e0be84d7a8d",
              "isHook": false,
              "skipped": false
            },
            {
              "title": "DES-CBC",
              "fullTitle": "encrypt DES-CBC",
              "timedOut": false,
              "duration": 218,
              "state": "passed",
              "speed": "slow",
              "pass": true,
              "fail": false,
              "pending": false,
              "context": null,
              "code": "const setup = await mfkdf.setup.key([\n  await mfkdf.setup.factors.uuid({ id: 'uuid1', uuid: '9b1deb4d-3b7d-4bad-9bdd-2b0d7b3dcb6d' })\n])\nconst ciphertext = await setup.encrypt('hello world', 'des')\nconst derive = await mfkdf.derive.key(setup.policy, {\n  uuid1: mfkdf.derive.factors.uuid('9b1deb4d-3b7d-4bad-9bdd-2b0d7b3dcb6d')\n})\nconst plaintext = await derive.decrypt(ciphertext, 'des')\nplaintext.toString().should.equal('hello world')",
              "err": {},
              "uuid": "810ccbb6-1db0-4364-ac4c-cdf4bdc1c6d3",
              "parentUUID": "f957b5c0-4e3b-491d-bfb1-6e0be84d7a8d",
              "isHook": false,
              "skipped": false
            },
            {
              "title": "AES256-ECB",
              "fullTitle": "encrypt AES256-ECB",
              "timedOut": false,
              "duration": 220,
              "state": "passed",
              "speed": "slow",
              "pass": true,
              "fail": false,
              "pending": false,
              "context": null,
              "code": "const setup = await mfkdf.setup.key([\n  await mfkdf.setup.factors.uuid({ id: 'uuid1', uuid: '9b1deb4d-3b7d-4bad-9bdd-2b0d7b3dcb6d' })\n])\nconst ciphertext = await setup.encrypt(Buffer.from('hello world'), 'aes256', 'ECB')\nconst derive = await mfkdf.derive.key(setup.policy, {\n  uuid1: mfkdf.derive.factors.uuid('9b1deb4d-3b7d-4bad-9bdd-2b0d7b3dcb6d')\n})\nconst plaintext = await derive.decrypt(ciphertext, 'aes256', 'ECB')\nplaintext.toString().should.equal('hello world')",
              "err": {},
              "uuid": "5a28a207-f9f6-4593-bf8f-579bde8c8d6b",
              "parentUUID": "f957b5c0-4e3b-491d-bfb1-6e0be84d7a8d",
              "isHook": false,
              "skipped": false
            },
            {
              "title": "AES192-ECB",
              "fullTitle": "encrypt AES192-ECB",
              "timedOut": false,
              "duration": 217,
              "state": "passed",
              "speed": "slow",
              "pass": true,
              "fail": false,
              "pending": false,
              "context": null,
              "code": "const setup = await mfkdf.setup.key([\n  await mfkdf.setup.factors.uuid({ id: 'uuid1', uuid: '9b1deb4d-3b7d-4bad-9bdd-2b0d7b3dcb6d' })\n])\nconst ciphertext = await setup.encrypt('hello world', 'aes192', 'ECB')\nconst derive = await mfkdf.derive.key(setup.policy, {\n  uuid1: mfkdf.derive.factors.uuid('9b1deb4d-3b7d-4bad-9bdd-2b0d7b3dcb6d')\n})\nconst plaintext = await derive.decrypt(ciphertext, 'aes192', 'ECB')\nplaintext.toString().should.equal('hello world')",
              "err": {},
              "uuid": "59c7a99f-1040-4411-8a19-8465e41166e7",
              "parentUUID": "f957b5c0-4e3b-491d-bfb1-6e0be84d7a8d",
              "isHook": false,
              "skipped": false
            },
            {
              "title": "AES128-ECB",
              "fullTitle": "encrypt AES128-ECB",
              "timedOut": false,
              "duration": 219,
              "state": "passed",
              "speed": "slow",
              "pass": true,
              "fail": false,
              "pending": false,
              "context": null,
              "code": "const setup = await mfkdf.setup.key([\n  await mfkdf.setup.factors.uuid({ id: 'uuid1', uuid: '9b1deb4d-3b7d-4bad-9bdd-2b0d7b3dcb6d' })\n])\nconst ciphertext = await setup.encrypt('hello world', 'aes128', 'ECB')\nconst derive = await mfkdf.derive.key(setup.policy, {\n  uuid1: mfkdf.derive.factors.uuid('9b1deb4d-3b7d-4bad-9bdd-2b0d7b3dcb6d')\n})\nconst plaintext = await derive.decrypt(ciphertext, 'aes128', 'ECB')\nplaintext.toString().should.equal('hello world')",
              "err": {},
              "uuid": "fd5bf219-6a6f-4cad-9f4e-18ca5c8e7edd",
              "parentUUID": "f957b5c0-4e3b-491d-bfb1-6e0be84d7a8d",
              "isHook": false,
              "skipped": false
            },
            {
              "title": "3DES-ECB",
              "fullTitle": "encrypt 3DES-ECB",
              "timedOut": false,
              "duration": 216,
              "state": "passed",
              "speed": "slow",
              "pass": true,
              "fail": false,
              "pending": false,
              "context": null,
              "code": "const setup = await mfkdf.setup.key([\n  await mfkdf.setup.factors.uuid({ id: 'uuid1', uuid: '9b1deb4d-3b7d-4bad-9bdd-2b0d7b3dcb6d' })\n])\nconst ciphertext = await setup.encrypt('hello world', '3des', 'ECB')\nconst derive = await mfkdf.derive.key(setup.policy, {\n  uuid1: mfkdf.derive.factors.uuid('9b1deb4d-3b7d-4bad-9bdd-2b0d7b3dcb6d')\n})\nconst plaintext = await derive.decrypt(ciphertext, '3des', 'ECB')\nplaintext.toString().should.equal('hello world')",
              "err": {},
              "uuid": "e69f6dba-98bb-4fac-976f-e9e1f3fa6bbb",
              "parentUUID": "f957b5c0-4e3b-491d-bfb1-6e0be84d7a8d",
              "isHook": false,
              "skipped": false
            },
            {
              "title": "DES-ECB",
              "fullTitle": "encrypt DES-ECB",
              "timedOut": false,
              "duration": 217,
              "state": "passed",
              "speed": "slow",
              "pass": true,
              "fail": false,
              "pending": false,
              "context": null,
              "code": "const setup = await mfkdf.setup.key([\n  await mfkdf.setup.factors.uuid({ id: 'uuid1', uuid: '9b1deb4d-3b7d-4bad-9bdd-2b0d7b3dcb6d' })\n])\nconst ciphertext = await setup.encrypt('hello world', 'des', 'ECB')\nconst derive = await mfkdf.derive.key(setup.policy, {\n  uuid1: mfkdf.derive.factors.uuid('9b1deb4d-3b7d-4bad-9bdd-2b0d7b3dcb6d')\n})\nconst plaintext = await derive.decrypt(ciphertext, 'des', 'ECB')\nplaintext.toString().should.equal('hello world')",
              "err": {},
              "uuid": "ec76cfc8-e77d-458f-80d8-4c3b928b4d69",
              "parentUUID": "f957b5c0-4e3b-491d-bfb1-6e0be84d7a8d",
              "isHook": false,
              "skipped": false
            }
          ],
          "suites": [
            {
              "uuid": "41d5811d-3698-472f-bea5-7ba89dd655b1",
              "title": "utils",
              "fullFile": "C:\\xampp\\htdocs\\Multifactor\\MFKDF\\test\\crypto\\symmetric.js",
              "file": "\\test\\crypto\\symmetric.js",
              "beforeHooks": [],
              "afterHooks": [],
              "tests": [
                {
                  "title": "subkey",
                  "fullTitle": "encrypt utils subkey",
                  "timedOut": false,
                  "duration": 106,
                  "state": "passed",
                  "speed": "slow",
                  "pass": true,
                  "fail": false,
                  "pending": false,
                  "context": null,
                  "code": "const setup = await mfkdf.setup.key([\n  await mfkdf.setup.factors.uuid({ id: 'uuid1', uuid: '9b1deb4d-3b7d-4bad-9bdd-2b0d7b3dcb6d' })\n])\nconst key1 = await setup.getSubkey(32, 'AES256', 'sha256')\nconst key2 = await setup.getSymmetricKey('aes256')\nkey1.toString('hex').should.equal(key2.toString('hex'))\nconst key3 = await setup.getSubkey()\nconst key4 = await setup.getSubkey(32, '', 'sha512')\nkey3.toString('hex').should.equal(key4.toString('hex'))",
                  "err": {},
                  "uuid": "4dfedfe0-a4f9-4ba1-a8a4-c25ffb4750ad",
                  "parentUUID": "41d5811d-3698-472f-bea5-7ba89dd655b1",
                  "isHook": false,
                  "skipped": false
                },
                {
                  "title": "symmetric key",
                  "fullTitle": "encrypt utils symmetric key",
                  "timedOut": false,
                  "duration": 106,
                  "state": "passed",
                  "speed": "slow",
                  "pass": true,
                  "fail": false,
                  "pending": false,
                  "context": null,
                  "code": "const setup = await mfkdf.setup.key([\n  await mfkdf.setup.factors.uuid({ id: 'uuid1', uuid: '9b1deb4d-3b7d-4bad-9bdd-2b0d7b3dcb6d' })\n])\nconst key1 = await setup.getSymmetricKey()\nconst key2 = await setup.getSymmetricKey('aes256')\nkey1.toString('hex').should.equal(key2.toString('hex'))",
                  "err": {},
                  "uuid": "b856dc09-c64d-4b35-a1a3-335f9dcdf426",
                  "parentUUID": "41d5811d-3698-472f-bea5-7ba89dd655b1",
                  "isHook": false,
                  "skipped": false
                }
              ],
              "suites": [],
              "passes": [
                "4dfedfe0-a4f9-4ba1-a8a4-c25ffb4750ad",
                "b856dc09-c64d-4b35-a1a3-335f9dcdf426"
              ],
              "failures": [],
              "pending": [],
              "skipped": [],
              "duration": 212,
              "root": false,
              "rootEmpty": false,
              "_timeout": 5000
            },
            {
              "uuid": "7d0303a3-4474-4af5-b2e9-d14f04c0c6b0",
              "title": "errors",
              "fullFile": "C:\\xampp\\htdocs\\Multifactor\\MFKDF\\test\\crypto\\symmetric.js",
              "file": "\\test\\crypto\\symmetric.js",
              "beforeHooks": [],
              "afterHooks": [],
              "tests": [
                {
                  "title": "invalid key",
                  "fullTitle": "encrypt errors invalid key",
                  "timedOut": false,
                  "duration": 105,
                  "state": "passed",
                  "speed": "slow",
                  "pass": true,
                  "fail": false,
                  "pending": false,
                  "context": null,
                  "code": "const setup = await mfkdf.setup.key([\n  await mfkdf.setup.factors.uuid({ id: 'uuid1', uuid: '9b1deb4d-3b7d-4bad-9bdd-2b0d7b3dcb6d' })\n])\nsetup.encrypt('hello world', 'unknown').should.be.rejectedWith(RangeError)",
                  "err": {},
                  "uuid": "ee07eb16-4a80-430e-9ad2-0f175fedbb1d",
                  "parentUUID": "7d0303a3-4474-4af5-b2e9-d14f04c0c6b0",
                  "isHook": false,
                  "skipped": false
                },
                {
                  "title": "invalid message",
                  "fullTitle": "encrypt errors invalid message",
                  "timedOut": false,
                  "duration": 106,
                  "state": "passed",
                  "speed": "slow",
                  "pass": true,
                  "fail": false,
                  "pending": false,
                  "context": null,
                  "code": "const setup = await mfkdf.setup.key([\n  await mfkdf.setup.factors.uuid({ id: 'uuid1', uuid: '9b1deb4d-3b7d-4bad-9bdd-2b0d7b3dcb6d' })\n])\nsetup.encrypt(12345, 'unknown').should.be.rejectedWith(TypeError)",
                  "err": {},
                  "uuid": "a956c6dc-0c96-473a-b2eb-81a69b025238",
                  "parentUUID": "7d0303a3-4474-4af5-b2e9-d14f04c0c6b0",
                  "isHook": false,
                  "skipped": false
                },
                {
                  "title": "invalid ciphertext",
                  "fullTitle": "encrypt errors invalid ciphertext",
                  "timedOut": false,
                  "duration": 105,
                  "state": "passed",
                  "speed": "slow",
                  "pass": true,
                  "fail": false,
                  "pending": false,
                  "context": null,
                  "code": "const setup = await mfkdf.setup.key([\n  await mfkdf.setup.factors.uuid({ id: 'uuid1', uuid: '9b1deb4d-3b7d-4bad-9bdd-2b0d7b3dcb6d' })\n])\nsetup.decrypt(12345, 'unknown').should.be.rejectedWith(TypeError)",
                  "err": {},
                  "uuid": "1afdc194-3e12-4777-853e-35b3ef22d387",
                  "parentUUID": "7d0303a3-4474-4af5-b2e9-d14f04c0c6b0",
                  "isHook": false,
                  "skipped": false
                }
              ],
              "suites": [],
              "passes": [
                "ee07eb16-4a80-430e-9ad2-0f175fedbb1d",
                "a956c6dc-0c96-473a-b2eb-81a69b025238",
                "1afdc194-3e12-4777-853e-35b3ef22d387"
              ],
              "failures": [],
              "pending": [],
              "skipped": [],
              "duration": 316,
              "root": false,
              "rootEmpty": false,
              "_timeout": 5000
            }
          ],
          "passes": [
            "778e79c5-9125-4745-9254-b0ef7814781b",
            "20b764f1-8a1a-456b-8ba2-ca0e4a7397c3",
            "3938c0cc-6a30-41da-b93b-820cfe68dcc0",
            "d3f36986-b97f-42ac-892f-d45a3c35d01c",
            "f6b665d4-657e-4d39-8f73-86f8b8780506",
            "810ccbb6-1db0-4364-ac4c-cdf4bdc1c6d3",
            "5a28a207-f9f6-4593-bf8f-579bde8c8d6b",
            "59c7a99f-1040-4411-8a19-8465e41166e7",
            "fd5bf219-6a6f-4cad-9f4e-18ca5c8e7edd",
            "e69f6dba-98bb-4fac-976f-e9e1f3fa6bbb",
            "ec76cfc8-e77d-458f-80d8-4c3b928b4d69"
          ],
          "failures": [],
          "pending": [],
          "skipped": [],
          "duration": 2432,
          "root": false,
          "rootEmpty": false,
          "_timeout": 5000
        },
        {
          "uuid": "58da8d5c-396d-4b06-95ae-8578fef76daf",
          "title": "derive/factors/password",
          "fullFile": "C:\\xampp\\htdocs\\Multifactor\\MFKDF\\test\\derive\\factors\\password.js",
          "file": "\\test\\derive\\factors\\password.js",
          "beforeHooks": [],
          "afterHooks": [],
          "tests": [
            {
              "title": "invalid/type",
              "fullTitle": "derive/factors/password invalid/type",
              "timedOut": false,
              "duration": 0,
              "state": "passed",
              "speed": "fast",
              "pass": true,
              "fail": false,
              "pending": false,
              "context": null,
              "code": "(() => {\n  mfkdf.derive.factors.password(12345)\n}).should.throw(TypeError)",
              "err": {},
              "uuid": "f1f0dee8-26ef-4810-b9ad-577aa4919f51",
              "parentUUID": "58da8d5c-396d-4b06-95ae-8578fef76daf",
              "isHook": false,
              "skipped": false
            },
            {
              "title": "invalid/range",
              "fullTitle": "derive/factors/password invalid/range",
              "timedOut": false,
              "duration": 0,
              "state": "passed",
              "speed": "fast",
              "pass": true,
              "fail": false,
              "pending": false,
              "context": null,
              "code": "(() => {\n  mfkdf.derive.factors.password('')\n}).should.throw(RangeError)",
              "err": {},
              "uuid": "19805774-7285-42bf-a79e-411b28541e51",
              "parentUUID": "58da8d5c-396d-4b06-95ae-8578fef76daf",
              "isHook": false,
              "skipped": false
            }
          ],
          "suites": [],
          "passes": [
            "f1f0dee8-26ef-4810-b9ad-577aa4919f51",
            "19805774-7285-42bf-a79e-411b28541e51"
          ],
          "failures": [],
          "pending": [],
          "skipped": [],
          "duration": 0,
          "root": false,
          "rootEmpty": false,
          "_timeout": 5000
        },
        {
          "uuid": "d4dce397-c2f2-4bfe-8d72-eafa3d14f1df",
          "title": "derive/factors/uuid",
          "fullFile": "C:\\xampp\\htdocs\\Multifactor\\MFKDF\\test\\derive\\factors\\uuid.js",
          "file": "\\test\\derive\\factors\\uuid.js",
          "beforeHooks": [],
          "afterHooks": [],
          "tests": [
            {
              "title": "invalid/type",
              "fullTitle": "derive/factors/uuid invalid/type",
              "timedOut": false,
              "duration": 0,
              "state": "passed",
              "speed": "fast",
              "pass": true,
              "fail": false,
              "pending": false,
              "context": null,
              "code": "(() => {\n  mfkdf.derive.factors.uuid(12345)\n}).should.throw(TypeError)",
              "err": {},
              "uuid": "f1ebb991-418b-47fa-b2f2-5364fec7c3d7",
              "parentUUID": "d4dce397-c2f2-4bfe-8d72-eafa3d14f1df",
              "isHook": false,
              "skipped": false
            },
            {
              "title": "invalid/range",
              "fullTitle": "derive/factors/uuid invalid/range",
              "timedOut": false,
              "duration": 0,
              "state": "passed",
              "speed": "fast",
              "pass": true,
              "fail": false,
              "pending": false,
              "context": null,
              "code": "(() => {\n  mfkdf.derive.factors.uuid('')\n}).should.throw(TypeError)",
              "err": {},
              "uuid": "c2a916a7-3cb5-47a4-bc02-3acc3e5d67a8",
              "parentUUID": "d4dce397-c2f2-4bfe-8d72-eafa3d14f1df",
              "isHook": false,
              "skipped": false
            }
          ],
          "suites": [],
          "passes": [
            "f1ebb991-418b-47fa-b2f2-5364fec7c3d7",
            "c2a916a7-3cb5-47a4-bc02-3acc3e5d67a8"
          ],
          "failures": [],
          "pending": [],
          "skipped": [],
          "duration": 0,
          "root": false,
          "rootEmpty": false,
          "_timeout": 5000
        },
        {
          "uuid": "d8555f9a-4957-4954-a781-e15d55318767",
          "title": "derive/key",
          "fullFile": "C:\\xampp\\htdocs\\Multifactor\\MFKDF\\test\\derive\\key.js",
          "file": "\\test\\derive\\key.js",
          "beforeHooks": [],
          "afterHooks": [],
          "tests": [
            {
              "title": "correct",
              "fullTitle": "derive/key correct",
              "timedOut": false,
              "duration": 560,
              "state": "passed",
              "speed": "slow",
              "pass": true,
              "fail": false,
              "pending": false,
              "context": null,
              "code": "const setup = await mfkdf.setup.key([\n  await mfkdf.setup.factors.password('password1', { id: 'password1' }),\n  await mfkdf.setup.factors.password('password2', { id: 'password2' }),\n  await mfkdf.setup.factors.password('password3', { id: 'password3' })\n], { threshold: 2 })\nconst derive1 = await mfkdf.derive.key(setup.policy, {\n  password1: mfkdf.derive.factors.password('password1'),\n  password2: mfkdf.derive.factors.password('password2')\n})\nconst derive2 = await mfkdf.derive.key(setup.policy, {\n  password2: mfkdf.derive.factors.password('password2'),\n  password3: mfkdf.derive.factors.password('password3')\n})\nconst derive3 = await mfkdf.derive.key(setup.policy, {\n  password1: mfkdf.derive.factors.password('password1'),\n  password3: mfkdf.derive.factors.password('password3')\n})\nconst derive4 = await mfkdf.derive.key(setup.policy, {\n  password1: mfkdf.derive.factors.password('password1'),\n  password2: mfkdf.derive.factors.password('password2'),\n  password3: mfkdf.derive.factors.password('password3')\n})\nsetup.key.toString('hex').should.equal(derive1.key.toString('hex'))\nsetup.key.toString('hex').should.equal(derive2.key.toString('hex'))\nsetup.key.toString('hex').should.equal(derive3.key.toString('hex'))\nsetup.key.toString('hex').should.equal(derive4.key.toString('hex'))\nJSON.stringify(setup.policy).should.equal(JSON.stringify(derive1.policy))\nJSON.stringify(setup.policy).should.equal(JSON.stringify(derive2.policy))\nJSON.stringify(setup.policy).should.equal(JSON.stringify(derive3.policy))\nJSON.stringify(setup.policy).should.equal(JSON.stringify(derive4.policy))",
              "err": {},
              "uuid": "3331cd6f-b98f-4b8e-a7b8-33c630e06da3",
              "parentUUID": "d8555f9a-4957-4954-a781-e15d55318767",
              "isHook": false,
              "skipped": false
            },
            {
              "title": "incorrect",
              "fullTitle": "derive/key incorrect",
              "timedOut": false,
              "duration": 557,
              "state": "passed",
              "speed": "slow",
              "pass": true,
              "fail": false,
              "pending": false,
              "context": null,
              "code": "const setup = await mfkdf.setup.key([\n  await mfkdf.setup.factors.password('password1', { id: 'password1' }),\n  await mfkdf.setup.factors.password('password2', { id: 'password2' }),\n  await mfkdf.setup.factors.password('password3', { id: 'password3' })\n], { threshold: 2 })\nconst derive1 = await mfkdf.derive.key(setup.policy, {\n  password1: mfkdf.derive.factors.password('password1'),\n  password2: mfkdf.derive.factors.password('wrongpassword2')\n})\nconst derive2 = await mfkdf.derive.key(setup.policy, {\n  password2: mfkdf.derive.factors.password('wrongpassword2'),\n  password3: mfkdf.derive.factors.password('wrongpassword3')\n})\nconst derive3 = await mfkdf.derive.key(setup.policy, {\n  password1: mfkdf.derive.factors.password('password1'),\n  password3: mfkdf.derive.factors.password('password2')\n})\nconst derive4 = await mfkdf.derive.key(setup.policy, {\n  password1: mfkdf.derive.factors.password('password1'),\n  password2: mfkdf.derive.factors.password('password2'),\n  password3: mfkdf.derive.factors.password('password4')\n})\nsetup.key.toString('hex').should.not.equal(derive1.key.toString('hex'))\nsetup.key.toString('hex').should.not.equal(derive2.key.toString('hex'))\nsetup.key.toString('hex').should.not.equal(derive3.key.toString('hex'))\nsetup.key.toString('hex').should.not.equal(derive4.key.toString('hex'))",
              "err": {},
              "uuid": "c312de70-fd8a-43d8-b786-37886ab9dc48",
              "parentUUID": "d8555f9a-4957-4954-a781-e15d55318767",
              "isHook": false,
              "skipped": false
            },
            {
              "title": "mismatch",
              "fullTitle": "derive/key mismatch",
              "timedOut": false,
              "duration": 117,
              "state": "passed",
              "speed": "slow",
              "pass": true,
              "fail": false,
              "pending": false,
              "context": null,
              "code": "const setup = await mfkdf.setup.key([\n  await mfkdf.setup.factors.password('password', { id: 'password' })\n])\nmfkdf.derive.key(setup.policy, {\n  password: mfkdf.derive.factors.uuid('9b1deb4d-3b7d-4bad-9bdd-2b0d7b3dcb6d')\n}).should.be.rejectedWith(TypeError)",
              "err": {},
              "uuid": "3fa81eff-7e0f-4ccd-831a-a115e39c83f9",
              "parentUUID": "d8555f9a-4957-4954-a781-e15d55318767",
              "isHook": false,
              "skipped": false
            }
          ],
          "suites": [
            {
              "uuid": "2551d97d-bb40-4b0c-a96f-1a63c6b927ce",
              "title": "shares",
              "fullFile": "C:\\xampp\\htdocs\\Multifactor\\MFKDF\\test\\derive\\key.js",
              "file": "\\test\\derive\\key.js",
              "beforeHooks": [],
              "afterHooks": [],
              "tests": [
                {
                  "title": "valid",
                  "fullTitle": "derive/key shares valid",
                  "timedOut": false,
                  "duration": 443,
                  "state": "passed",
                  "speed": "slow",
                  "pass": true,
                  "fail": false,
                  "pending": false,
                  "context": null,
                  "code": "const setup = await mfkdf.setup.key([\n  await mfkdf.setup.factors.password('password1', { id: 'password1' }),\n  await mfkdf.setup.factors.password('password2', { id: 'password2' }),\n  await mfkdf.setup.factors.password('password3', { id: 'password3' })\n], { threshold: 2 })\nconst derive1 = await mfkdf.derive.key(setup.policy, {\n  password1: mfkdf.derive.factors.password('password1'),\n  password2: mfkdf.derive.factors.password('password2')\n})\nconst derive2 = await mfkdf.derive.key(derive1.policy, {\n  password2: mfkdf.derive.factors.password('password2'),\n  password3: mfkdf.derive.factors.password('password3')\n})\nconst derive3 = await mfkdf.derive.key(derive2.policy, {\n  password1: mfkdf.derive.factors.password('password1'),\n  password3: mfkdf.derive.factors.password('password3')\n})\nderive1.shares.should.deep.equal(setup.shares)\nderive2.shares.should.deep.equal(setup.shares)\nderive3.shares.should.deep.equal(setup.shares)",
                  "err": {},
                  "uuid": "8a6a690d-125b-4626-afa5-734bef48df08",
                  "parentUUID": "2551d97d-bb40-4b0c-a96f-1a63c6b927ce",
                  "isHook": false,
                  "skipped": false
                }
              ],
              "suites": [],
              "passes": [
                "8a6a690d-125b-4626-afa5-734bef48df08"
              ],
              "failures": [],
              "pending": [],
              "skipped": [],
              "duration": 443,
              "root": false,
              "rootEmpty": false,
              "_timeout": 5000
            },
            {
              "uuid": "106e38e6-a229-4e08-9579-f784d45ba96c",
              "title": "invalid",
              "fullFile": "C:\\xampp\\htdocs\\Multifactor\\MFKDF\\test\\derive\\key.js",
              "file": "\\test\\derive\\key.js",
              "beforeHooks": [],
              "afterHooks": [],
              "tests": [
                {
                  "title": "schema",
                  "fullTitle": "derive/key invalid schema",
                  "timedOut": false,
                  "duration": 110,
                  "state": "passed",
                  "speed": "slow",
                  "pass": true,
                  "fail": false,
                  "pending": false,
                  "context": null,
                  "code": "const setup = await mfkdf.setup.key([\n  await mfkdf.setup.factors.password('password1', { id: 'password1' })\n])\ndelete setup.policy.$id\nmfkdf.derive.key(setup.policy, {\n  password1: mfkdf.derive.factors.password('password1')\n}).should.be.rejectedWith(TypeError)",
                  "err": {},
                  "uuid": "67479a4b-508a-41c8-a9d4-993579d4d2f5",
                  "parentUUID": "106e38e6-a229-4e08-9579-f784d45ba96c",
                  "isHook": false,
                  "skipped": false
                },
                {
                  "title": "factors",
                  "fullTitle": "derive/key invalid factors",
                  "timedOut": false,
                  "duration": 116,
                  "state": "passed",
                  "speed": "slow",
                  "pass": true,
                  "fail": false,
                  "pending": false,
                  "context": null,
                  "code": "const setup = await mfkdf.setup.key([\n  await mfkdf.setup.factors.password('password1', { id: 'password1' }),\n  await mfkdf.setup.factors.password('password2', { id: 'password2' }),\n  await mfkdf.setup.factors.password('password3', { id: 'password3' })\n], { threshold: 2 })\nmfkdf.derive.key(setup.policy, {\n  password1: mfkdf.derive.factors.password('password1')\n}).should.be.rejectedWith(RangeError)",
                  "err": {},
                  "uuid": "e7da59d0-52e1-4c7b-8486-9d1081753e5e",
                  "parentUUID": "106e38e6-a229-4e08-9579-f784d45ba96c",
                  "isHook": false,
                  "skipped": false
                }
              ],
              "suites": [],
              "passes": [
                "67479a4b-508a-41c8-a9d4-993579d4d2f5",
                "e7da59d0-52e1-4c7b-8486-9d1081753e5e"
              ],
              "failures": [],
              "pending": [],
              "skipped": [],
              "duration": 226,
              "root": false,
              "rootEmpty": false,
              "_timeout": 5000
            }
          ],
          "passes": [
            "3331cd6f-b98f-4b8e-a7b8-33c630e06da3",
            "c312de70-fd8a-43d8-b786-37886ab9dc48",
            "3fa81eff-7e0f-4ccd-831a-a115e39c83f9"
          ],
          "failures": [],
          "pending": [],
          "skipped": [],
          "duration": 1234,
          "root": false,
          "rootEmpty": false,
          "_timeout": 5000
        },
        {
          "uuid": "a2c4999b-b3b5-4c48-86ab-f2afd43d9dc3",
          "title": "entropy",
          "fullFile": "C:\\xampp\\htdocs\\Multifactor\\MFKDF\\test\\entropy.js",
          "file": "\\test\\entropy.js",
          "beforeHooks": [],
          "afterHooks": [],
          "tests": [
            {
              "title": "3-of-3",
              "fullTitle": "entropy 3-of-3",
              "timedOut": false,
              "duration": 109,
              "state": "passed",
              "speed": "slow",
              "pass": true,
              "fail": false,
              "pending": false,
              "context": null,
              "code": "const setup = await mfkdf.setup.key([\n  await mfkdf.setup.factors.password('12345678', { id: 'password1' }),\n  await mfkdf.setup.factors.password('ABCDEFGH', { id: 'password2' }),\n  await mfkdf.setup.factors.password('abcdefgh', { id: 'password3' })\n], { threshold: 3 })\nMath.floor(setup.entropyBits.real).should.equal(Math.floor(Math.log2(4) + Math.log2(33) + Math.log2(33)))\nsetup.entropyBits.theoretical.should.equal(8 * 8 * 3)",
              "err": {},
              "uuid": "a2aae7f1-e801-4f3f-b4ed-ff6f212ebffa",
              "parentUUID": "a2c4999b-b3b5-4c48-86ab-f2afd43d9dc3",
              "isHook": false,
              "skipped": false
            },
            {
              "title": "2-of-3",
              "fullTitle": "entropy 2-of-3",
              "timedOut": false,
              "duration": 110,
              "state": "passed",
              "speed": "slow",
              "pass": true,
              "fail": false,
              "pending": false,
              "context": null,
              "code": "const setup = await mfkdf.setup.key([\n  await mfkdf.setup.factors.password('12345678', { id: 'password1' }),\n  await mfkdf.setup.factors.password('ABCDEFGH', { id: 'password2' }),\n  await mfkdf.setup.factors.password('abcdefgh', { id: 'password3' })\n], { threshold: 2 })\nMath.floor(setup.entropyBits.real).should.equal(Math.floor(Math.log2(4) + Math.log2(33)))\nsetup.entropyBits.theoretical.should.equal(8 * 8 * 2)",
              "err": {},
              "uuid": "0cf1092b-0d95-4bce-81c0-6d7f430318ad",
              "parentUUID": "a2c4999b-b3b5-4c48-86ab-f2afd43d9dc3",
              "isHook": false,
              "skipped": false
            },
            {
              "title": "1-of-3",
              "fullTitle": "entropy 1-of-3",
              "timedOut": false,
              "duration": 109,
              "state": "passed",
              "speed": "slow",
              "pass": true,
              "fail": false,
              "pending": false,
              "context": null,
              "code": "const setup = await mfkdf.setup.key([\n  await mfkdf.setup.factors.password('12345678', { id: 'password1' }),\n  await mfkdf.setup.factors.password('ABCDEFGH', { id: 'password2' }),\n  await mfkdf.setup.factors.password('abcdefgh', { id: 'password3' })\n], { threshold: 1 })\nMath.floor(setup.entropyBits.real).should.equal(Math.floor(Math.log2(4)))\nsetup.entropyBits.theoretical.should.equal(8 * 8 * 1)",
              "err": {},
              "uuid": "43fb0c93-3b3b-4b7a-ae0d-b3d58a14ab37",
              "parentUUID": "a2c4999b-b3b5-4c48-86ab-f2afd43d9dc3",
              "isHook": false,
              "skipped": false
            },
            {
              "title": "policy",
              "fullTitle": "entropy policy",
              "timedOut": false,
              "duration": 111,
              "state": "passed",
              "speed": "slow",
              "pass": true,
              "fail": false,
              "pending": false,
              "context": null,
              "code": "const setup = await mfkdf.policy.setup(\n  await mfkdf.policy.and(\n    await mfkdf.setup.factors.password('12345678', { id: 'password1' }),\n    await mfkdf.policy.any([\n      await mfkdf.setup.factors.password('12345678', { id: 'password7' }),\n      await mfkdf.policy.or(\n        await mfkdf.setup.factors.password('Tr0ub4dour&3', { id: 'password2' }),\n        await mfkdf.setup.factors.password('Tr0ub4dour&3', { id: 'password3' })\n      ),\n      await mfkdf.policy.and(\n        await mfkdf.setup.factors.password('Tr0ub4dour&3', { id: 'password4' }),\n        await mfkdf.policy.or(\n          await mfkdf.setup.factors.password('Tr0ub4dour&3', { id: 'password5' }),\n          await mfkdf.setup.factors.password('Tr0ub4dour&3', { id: 'password6' })\n        )\n      )\n    ])\n  )\n)\nMath.floor(setup.entropyBits.real).should.equal(Math.floor(Math.log2(4) * 2))",
              "err": {},
              "uuid": "e8d16d89-3575-43b2-bb37-d53c0d28e810",
              "parentUUID": "a2c4999b-b3b5-4c48-86ab-f2afd43d9dc3",
              "isHook": false,
              "skipped": false
            },
            {
              "title": "totp/hotp-6",
              "fullTitle": "entropy totp/hotp-6",
              "timedOut": false,
              "duration": 696,
              "state": "passed",
              "speed": "slow",
              "pass": true,
              "fail": false,
              "pending": false,
              "context": null,
              "code": "const setup = await mfkdf.setup.key([\n  await mfkdf.setup.factors.totp(),\n  await mfkdf.setup.factors.hotp()\n], { threshold: 2 })\nMath.floor(setup.entropyBits.real).should.equal(Math.floor(Math.log2(10 ** 6) * 2))",
              "err": {},
              "uuid": "02505487-b252-4aa7-9f66-8250005b7363",
              "parentUUID": "a2c4999b-b3b5-4c48-86ab-f2afd43d9dc3",
              "isHook": false,
              "skipped": false
            },
            {
              "title": "totp/hotp-8",
              "fullTitle": "entropy totp/hotp-8",
              "timedOut": false,
              "duration": 442,
              "state": "passed",
              "speed": "slow",
              "pass": true,
              "fail": false,
              "pending": false,
              "context": null,
              "code": "const setup = await mfkdf.setup.key([\n  await mfkdf.setup.factors.totp({ digits: 8 }),\n  await mfkdf.setup.factors.hotp({ digits: 8 })\n], { threshold: 2 })\nMath.floor(setup.entropyBits.real).should.equal(Math.floor(Math.log2(10 ** 8) * 2))",
              "err": {},
              "uuid": "0959cef3-d5ec-4251-af6e-ae11e5e602a3",
              "parentUUID": "a2c4999b-b3b5-4c48-86ab-f2afd43d9dc3",
              "isHook": false,
              "skipped": false
            }
          ],
          "suites": [],
          "passes": [
            "a2aae7f1-e801-4f3f-b4ed-ff6f212ebffa",
            "0cf1092b-0d95-4bce-81c0-6d7f430318ad",
            "43fb0c93-3b3b-4b7a-ae0d-b3d58a14ab37",
            "e8d16d89-3575-43b2-bb37-d53c0d28e810",
            "02505487-b252-4aa7-9f66-8250005b7363",
            "0959cef3-d5ec-4251-af6e-ae11e5e602a3"
          ],
          "failures": [],
          "pending": [],
          "skipped": [],
          "duration": 1577,
          "root": false,
          "rootEmpty": false,
          "_timeout": 5000
        },
        {
          "uuid": "9fa892cc-ce5e-4ff4-8f18-481a2165735a",
          "title": "factors/hotp",
          "fullFile": "C:\\xampp\\htdocs\\Multifactor\\MFKDF\\test\\factors\\hotp.js",
          "file": "\\test\\factors\\hotp.js",
          "beforeHooks": [],
          "afterHooks": [],
          "tests": [
            {
              "title": "valid",
              "fullTitle": "factors/hotp valid",
              "timedOut": false,
              "duration": 475,
              "state": "passed",
              "speed": "slow",
              "pass": true,
              "fail": false,
              "pending": false,
              "context": null,
              "code": "const setup = await mfkdf.setup.key([\n  await mfkdf.setup.factors.hotp({\n    secret: Buffer.from('hello world')\n  })\n])\nconst derive1 = await mfkdf.derive.key(setup.policy, {\n  hotp: mfkdf.derive.factors.hotp(365287)\n})\nconst derive2 = await mfkdf.derive.key(derive1.policy, {\n  hotp: mfkdf.derive.factors.hotp(891649)\n})\nconst derive3 = await mfkdf.derive.key(derive2.policy, {\n  hotp: mfkdf.derive.factors.hotp(795484)\n})\nsetup.key.toString('hex').should.equal(derive1.key.toString('hex'))\nderive1.key.toString('hex').should.equal(derive2.key.toString('hex'))\nderive2.key.toString('hex').should.equal(derive3.key.toString('hex'))",
              "err": {},
              "uuid": "b4d4d487-3e7e-4a25-945b-1356ad3c529e",
              "parentUUID": "9fa892cc-ce5e-4ff4-8f18-481a2165735a",
              "isHook": false,
              "skipped": false
            },
            {
              "title": "defaults",
              "fullTitle": "factors/hotp defaults",
              "timedOut": false,
              "duration": 108,
              "state": "passed",
              "speed": "slow",
              "pass": true,
              "fail": false,
              "pending": false,
              "context": null,
              "code": "await mfkdf.setup.key([\n  await mfkdf.setup.factors.hotp()\n])",
              "err": {},
              "uuid": "961cddfa-9545-471a-a896-c9b1f19532c9",
              "parentUUID": "9fa892cc-ce5e-4ff4-8f18-481a2165735a",
              "isHook": false,
              "skipped": false
            }
          ],
          "suites": [
            {
              "uuid": "af33d260-628f-4998-bcd8-52d96354e637",
              "title": "errors",
              "fullFile": "C:\\xampp\\htdocs\\Multifactor\\MFKDF\\test\\factors\\hotp.js",
              "file": "\\test\\factors\\hotp.js",
              "beforeHooks": [],
              "afterHooks": [],
              "tests": [
                {
                  "title": "code/type",
                  "fullTitle": "factors/hotp errors code/type",
                  "timedOut": false,
                  "duration": 1,
                  "state": "passed",
                  "speed": "slow",
                  "pass": true,
                  "fail": false,
                  "pending": false,
                  "context": null,
                  "code": "(() => {\n  mfkdf.derive.factors.hotp('hello')\n}).should.throw(TypeError)",
                  "err": {},
                  "uuid": "a57cb8a3-f02f-4ad8-ab75-e9d5febbe2e0",
                  "parentUUID": "af33d260-628f-4998-bcd8-52d96354e637",
                  "isHook": false,
                  "skipped": false
                },
                {
                  "title": "id/type",
                  "fullTitle": "factors/hotp errors id/type",
                  "timedOut": false,
[...]
                  "err": {},
                  "uuid": "8d1aefe3-fe84-4a48-8ef9-d121b0f2be14",
                  "parentUUID": "8dd25f5f-95d4-453e-b4d5-7e827d999700",
                  "isHook": false,
                  "skipped": false
                },
                {
                  "title": "invalid/range",
                  "fullTitle": "setup/key id invalid/range",
                  "timedOut": false,
                  "duration": 0,
                  "state": "passed",
                  "speed": "fast",
                  "pass": true,
                  "fail": false,
                  "pending": false,
                  "context": null,
                  "code": "mfkdf.setup.key([\n  await mfkdf.setup.factors.password('hello')\n], { id: '' }).should.be.rejectedWith(RangeError)",
                  "err": {},
                  "uuid": "4cdb2940-8546-418d-a2c1-3d9f1bd8b38b",
                  "parentUUID": "8dd25f5f-95d4-453e-b4d5-7e827d999700",
                  "isHook": false,
                  "skipped": false
                }
              ],
              "suites": [],
              "passes": [
                "b3ecb79f-0ee7-46da-b7ce-f554a1821da3",
                "50f34e29-38e3-4d0e-84e9-54bfbd77c154",
                "8d1aefe3-fe84-4a48-8ef9-d121b0f2be14",
                "4cdb2940-8546-418d-a2c1-3d9f1bd8b38b"
              ],
              "failures": [],
              "pending": [],
              "skipped": [],
              "duration": 212,
              "root": false,
              "rootEmpty": false,
              "_timeout": 5000
            },
            {
              "uuid": "35f6d029-66cd-4b23-887e-750904bb4a55",
              "title": "size",
              "fullFile": "C:\\xampp\\htdocs\\Multifactor\\MFKDF\\test\\setup\\key.js",
              "file": "\\test\\setup\\key.js",
              "beforeHooks": [],
              "afterHooks": [],
              "tests": [
                {
                  "title": "default",
                  "fullTitle": "setup/key size default",
                  "timedOut": false,
                  "duration": 107,
                  "state": "passed",
                  "speed": "slow",
                  "pass": true,
                  "fail": false,
                  "pending": false,
                  "context": null,
                  "code": "const { policy } = await mfkdf.setup.key([\n  await mfkdf.setup.factors.password('hello')\n])\npolicy.size.should.equal(32)",
                  "err": {},
                  "uuid": "61fc72d9-34aa-4295-9fdd-8cc2e2ed55ee",
                  "parentUUID": "35f6d029-66cd-4b23-887e-750904bb4a55",
                  "isHook": false,
                  "skipped": false
                },
                {
                  "title": "valid",
                  "fullTitle": "setup/key size valid",
                  "timedOut": false,
                  "duration": 106,
                  "state": "passed",
                  "speed": "slow",
                  "pass": true,
                  "fail": false,
                  "pending": false,
                  "context": null,
                  "code": "const { policy } = await mfkdf.setup.key([\n  await mfkdf.setup.factors.password('hello')\n], { size: 64 })\npolicy.size.should.equal(64)",
                  "err": {},
                  "uuid": "c4c6b03b-04e4-4b8d-b44a-fa594bfeda97",
                  "parentUUID": "35f6d029-66cd-4b23-887e-750904bb4a55",
                  "isHook": false,
                  "skipped": false
                },
                {
                  "title": "invalid/type",
                  "fullTitle": "setup/key size invalid/type",
                  "timedOut": false,
                  "duration": 0,
                  "state": "passed",
                  "speed": "fast",
                  "pass": true,
                  "fail": false,
                  "pending": false,
                  "context": null,
                  "code": "mfkdf.setup.key([\n  await mfkdf.setup.factors.password('hello')\n], { size: 'hello' }).should.be.rejectedWith(TypeError)",
                  "err": {},
                  "uuid": "45532023-bee5-4777-ba05-dbe7d85646be",
                  "parentUUID": "35f6d029-66cd-4b23-887e-750904bb4a55",
                  "isHook": false,
                  "skipped": false
                },
                {
                  "title": "invalid/range",
                  "fullTitle": "setup/key size invalid/range",
                  "timedOut": false,
                  "duration": 0,
                  "state": "passed",
                  "speed": "fast",
                  "pass": true,
                  "fail": false,
                  "pending": false,
                  "context": null,
                  "code": "mfkdf.setup.key([\n  await mfkdf.setup.factors.password('hello')\n], { size: 0 }).should.be.rejectedWith(RangeError)",
                  "err": {},
                  "uuid": "787149de-44be-4c27-ba1d-8a05cbb82f87",
                  "parentUUID": "35f6d029-66cd-4b23-887e-750904bb4a55",
                  "isHook": false,
                  "skipped": false
                }
              ],
              "suites": [],
              "passes": [
                "61fc72d9-34aa-4295-9fdd-8cc2e2ed55ee",
                "c4c6b03b-04e4-4b8d-b44a-fa594bfeda97",
                "45532023-bee5-4777-ba05-dbe7d85646be",
                "787149de-44be-4c27-ba1d-8a05cbb82f87"
              ],
              "failures": [],
              "pending": [],
              "skipped": [],
              "duration": 213,
              "root": false,
              "rootEmpty": false,
              "_timeout": 5000
            },
            {
              "uuid": "befecfce-30f3-4752-81ba-ea8758a894a9",
              "title": "threshold",
              "fullFile": "C:\\xampp\\htdocs\\Multifactor\\MFKDF\\test\\setup\\key.js",
              "file": "\\test\\setup\\key.js",
              "beforeHooks": [],
              "afterHooks": [],
              "tests": [
                {
                  "title": "default",
                  "fullTitle": "setup/key threshold default",
                  "timedOut": false,
                  "duration": 109,
                  "state": "passed",
                  "speed": "slow",
                  "pass": true,
                  "fail": false,
                  "pending": false,
                  "context": null,
                  "code": "const { policy } = await mfkdf.setup.key([\n  await mfkdf.setup.factors.password('hello', { id: 'password1' }),\n  await mfkdf.setup.factors.password('hello', { id: 'password2' })\n])\npolicy.threshold.should.equal(2)",
                  "err": {},
                  "uuid": "54a84843-ab19-4b44-8f04-4b602d38bcb7",
                  "parentUUID": "befecfce-30f3-4752-81ba-ea8758a894a9",
                  "isHook": false,
                  "skipped": false
                },
                {
                  "title": "valid",
                  "fullTitle": "setup/key threshold valid",
                  "timedOut": false,
                  "duration": 106,
                  "state": "passed",
                  "speed": "slow",
                  "pass": true,
                  "fail": false,
                  "pending": false,
                  "context": null,
                  "code": "const { policy } = await mfkdf.setup.key([\n  await mfkdf.setup.factors.password('hello', { id: 'password1' }),\n  await mfkdf.setup.factors.password('hello', { id: 'password2' })\n], { threshold: 1 })\npolicy.threshold.should.equal(1)",
                  "err": {},
                  "uuid": "ad6068e9-596f-4125-8e88-aca7856463e3",
                  "parentUUID": "befecfce-30f3-4752-81ba-ea8758a894a9",
                  "isHook": false,
                  "skipped": false
                },
                {
                  "title": "invalid/type",
                  "fullTitle": "setup/key threshold invalid/type",
                  "timedOut": false,
                  "duration": 0,
                  "state": "passed",
                  "speed": "fast",
                  "pass": true,
                  "fail": false,
                  "pending": false,
                  "context": null,
                  "code": "mfkdf.setup.key([\n  await mfkdf.setup.factors.password('hello')\n], { threshold: 'hello' }).should.be.rejectedWith(TypeError)",
                  "err": {},
                  "uuid": "118e2684-8cf3-4b8f-b469-c05fd0817234",
                  "parentUUID": "befecfce-30f3-4752-81ba-ea8758a894a9",
                  "isHook": false,
                  "skipped": false
                },
                {
                  "title": "invalid/range",
                  "fullTitle": "setup/key threshold invalid/range",
                  "timedOut": false,
                  "duration": 1,
                  "state": "passed",
                  "speed": "slow",
                  "pass": true,
                  "fail": false,
                  "pending": false,
                  "context": null,
                  "code": "mfkdf.setup.key([\n  await mfkdf.setup.factors.password('hello')\n], { threshold: 0 }).should.be.rejectedWith(RangeError)\nmfkdf.setup.key([\n  await mfkdf.setup.factors.password('hello')\n], { threshold: 2 }).should.be.rejectedWith(RangeError)",
                  "err": {},
                  "uuid": "d7540ea5-8094-4f93-a599-b4289027148e",
                  "parentUUID": "befecfce-30f3-4752-81ba-ea8758a894a9",
                  "isHook": false,
                  "skipped": false
                }
              ],
              "suites": [],
              "passes": [
                "54a84843-ab19-4b44-8f04-4b602d38bcb7",
                "ad6068e9-596f-4125-8e88-aca7856463e3",
                "118e2684-8cf3-4b8f-b469-c05fd0817234",
                "d7540ea5-8094-4f93-a599-b4289027148e"
              ],
              "failures": [],
              "pending": [],
              "skipped": [],
              "duration": 216,
              "root": false,
              "rootEmpty": false,
              "_timeout": 5000
            },
            {
              "uuid": "97cb6a47-6c03-49e3-b436-fab743c5c73c",
              "title": "salt",
              "fullFile": "C:\\xampp\\htdocs\\Multifactor\\MFKDF\\test\\setup\\key.js",
              "file": "\\test\\setup\\key.js",
              "beforeHooks": [],
              "afterHooks": [],
              "tests": [
                {
                  "title": "default",
                  "fullTitle": "setup/key salt default",
                  "timedOut": false,
                  "duration": 105,
                  "state": "passed",
                  "speed": "slow",
                  "pass": true,
                  "fail": false,
                  "pending": false,
                  "context": null,
                  "code": "const { policy } = await mfkdf.setup.key([\n  await mfkdf.setup.factors.password('hello')\n], { size: 48 })\nconst salt = Buffer.from(policy.salt, 'base64')\nsalt.length.should.equal(48)",
                  "err": {},
                  "uuid": "04e90a61-8d2c-4902-9f44-c5b5eaa7e5fc",
                  "parentUUID": "97cb6a47-6c03-49e3-b436-fab743c5c73c",
                  "isHook": false,
                  "skipped": false
                },
                {
                  "title": "valid",
                  "fullTitle": "setup/key salt valid",
                  "timedOut": false,
                  "duration": 107,
                  "state": "passed",
                  "speed": "slow",
                  "pass": true,
                  "fail": false,
                  "pending": false,
                  "context": null,
                  "code": "const { policy } = await mfkdf.setup.key([\n  await mfkdf.setup.factors.password('hello')\n], { salt: Buffer.from('12345678', 'base64') })\npolicy.salt.should.equal('12345678')",
                  "err": {},
                  "uuid": "fdf5ec0b-4586-48e4-b43d-03572a52ec8c",
                  "parentUUID": "97cb6a47-6c03-49e3-b436-fab743c5c73c",
                  "isHook": false,
                  "skipped": false
                },
                {
                  "title": "invalid/type",
                  "fullTitle": "setup/key salt invalid/type",
                  "timedOut": false,
                  "duration": 0,
                  "state": "passed",
                  "speed": "fast",
                  "pass": true,
                  "fail": false,
                  "pending": false,
                  "context": null,
                  "code": "mfkdf.setup.key([\n  await mfkdf.setup.factors.password('hello')\n], { salt: 'hello' }).should.be.rejectedWith(TypeError)",
                  "err": {},
                  "uuid": "07cbb86c-bb6e-49df-bc0e-c22aa61079dc",
                  "parentUUID": "97cb6a47-6c03-49e3-b436-fab743c5c73c",
                  "isHook": false,
                  "skipped": false
                }
              ],
              "suites": [],
              "passes": [
                "04e90a61-8d2c-4902-9f44-c5b5eaa7e5fc",
                "fdf5ec0b-4586-48e4-b43d-03572a52ec8c",
                "07cbb86c-bb6e-49df-bc0e-c22aa61079dc"
              ],
              "failures": [],
              "pending": [],
              "skipped": [],
              "duration": 212,
              "root": false,
              "rootEmpty": false,
              "_timeout": 5000
            },
            {
              "uuid": "8a2e1a44-a3e5-42bd-83f4-253ab94e7150",
              "title": "factors",
              "fullFile": "C:\\xampp\\htdocs\\Multifactor\\MFKDF\\test\\setup\\key.js",
              "file": "\\test\\setup\\key.js",
              "beforeHooks": [],
              "afterHooks": [],
              "tests": [
                {
                  "title": "valid",
                  "fullTitle": "setup/key factors valid",
                  "timedOut": false,
                  "duration": 106,
                  "state": "passed",
                  "speed": "slow",
                  "pass": true,
                  "fail": false,
                  "pending": false,
                  "context": null,
                  "code": "await mfkdf.setup.key([\n  {\n    type: 'password',\n    id: 'password',\n    data: Buffer.from('password', 'utf-8'),\n    params: async () => {\n      return {}\n    },\n    output: async () => {\n      return {}\n    }\n  }\n])",
                  "err": {},
                  "uuid": "ae79c54b-bfdc-4abc-8f93-f0a20746b8a2",
                  "parentUUID": "8a2e1a44-a3e5-42bd-83f4-253ab94e7150",
                  "isHook": false,
                  "skipped": false
                },
                {
                  "title": "id",
                  "fullTitle": "setup/key factors id",
                  "timedOut": false,
                  "duration": 0,
                  "state": "passed",
                  "speed": "fast",
                  "pass": true,
                  "fail": false,
                  "pending": false,
                  "context": null,
                  "code": "mfkdf.setup.key([\n  await mfkdf.setup.factors.password('hello', { id: 'password1' }),\n  await mfkdf.setup.factors.password('hello', { id: 'password1' })\n]).should.be.rejectedWith(RangeError)",
                  "err": {},
                  "uuid": "30ed976d-d815-4332-8e57-471e8d93b21d",
                  "parentUUID": "8a2e1a44-a3e5-42bd-83f4-253ab94e7150",
                  "isHook": false,
                  "skipped": false
                },
                {
                  "title": "invalid/type",
                  "fullTitle": "setup/key factors invalid/type",
                  "timedOut": false,
                  "duration": 1,
                  "state": "passed",
                  "speed": "slow",
                  "pass": true,
                  "fail": false,
                  "pending": false,
                  "context": null,
                  "code": "mfkdf.setup.key('hello').should.be.rejectedWith(TypeError)\nmfkdf.setup.key([\n  {\n    type: 12345,\n    id: 'password',\n    data: Buffer.from('password', 'utf-8'),\n    params: async () => {\n      return {}\n    }\n  }\n]).should.be.rejectedWith(TypeError)\nmfkdf.setup.key([\n  {\n    type: 'password',\n    id: 12345,\n    data: Buffer.from('password', 'utf-8'),\n    params: async () => {\n      return {}\n    }\n  }\n]).should.be.rejectedWith(TypeError)\nmfkdf.setup.key([\n  {\n    type: 'password',\n    id: 'password',\n    data: 12345,\n    params: async () => {\n      return {}\n    }\n  }\n]).should.be.rejectedWith(TypeError)\nmfkdf.setup.key([\n  {\n    type: 'password',\n    id: 'password',\n    data: Buffer.from('password', 'utf-8'),\n    params: 12345\n  }\n]).should.be.rejectedWith(TypeError)",
                  "err": {},
                  "uuid": "8e75fd0d-36fb-4aab-93f1-d3a60ef9b3e4",
                  "parentUUID": "8a2e1a44-a3e5-42bd-83f4-253ab94e7150",
                  "isHook": false,
                  "skipped": false
                },
                {
                  "title": "invalid/range",
                  "fullTitle": "setup/key factors invalid/range",
                  "timedOut": false,
                  "duration": 1,
                  "state": "passed",
                  "speed": "slow",
                  "pass": true,
                  "fail": false,
                  "pending": false,
                  "context": null,
                  "code": "mfkdf.setup.key([\n]).should.be.rejectedWith(RangeError)\nmfkdf.setup.key([\n  {\n    type: '',\n    id: 'password',\n    data: Buffer.from('password', 'utf-8'),\n    params: async () => {\n      return {}\n    }\n  }\n]).should.be.rejectedWith(RangeError)\nmfkdf.setup.key([\n  {\n    type: 'password',\n    id: '',\n    data: Buffer.from('password', 'utf-8'),\n    params: async () => {\n      return {}\n    }\n  }\n]).should.be.rejectedWith(RangeError)\nmfkdf.setup.key([\n  {\n    type: 'password',\n    id: 'password',\n    data: Buffer.from('', 'utf-8'),\n    params: async () => {\n      return {}\n    }\n  }\n]).should.be.rejectedWith(RangeError)",
                  "err": {},
                  "uuid": "5735e704-88ee-4a4a-af0a-90dd164e1f94",
                  "parentUUID": "8a2e1a44-a3e5-42bd-83f4-253ab94e7150",
                  "isHook": false,
                  "skipped": false
                }
              ],
              "suites": [],
              "passes": [
                "ae79c54b-bfdc-4abc-8f93-f0a20746b8a2",
                "30ed976d-d815-4332-8e57-471e8d93b21d",
                "8e75fd0d-36fb-4aab-93f1-d3a60ef9b3e4",
                "5735e704-88ee-4a4a-af0a-90dd164e1f94"
              ],
              "failures": [],
              "pending": [],
              "skipped": [],
              "duration": 108,
              "root": false,
              "rootEmpty": false,
              "_timeout": 5000
            }
          ],
          "passes": [
            "8fd1f912-4592-425c-881d-bfe50ca865eb"
          ],
          "failures": [],
          "pending": [],
          "skipped": [],
          "duration": 113,
          "root": false,
          "rootEmpty": false,
          "_timeout": 5000
        }
      ],
      "passes": [],
      "failures": [],
      "pending": [],
      "skipped": [],
      "duration": 0,
      "root": true,
      "rootEmpty": true,
      "_timeout": 5000
    }
  ],
  "meta": {
    "mocha": {
      "version": "9.2.2"
    },
    "mochawesome": {
      "options": {
        "quiet": false,
        "reportFilename": "mochawesome",
        "saveHtml": true,
        "saveJson": true,
        "consoleReporter": "spec",
        "useInlineDiffs": false,
        "code": true
      },
      "version": "7.1.3"
    },
    "marge": {
      "options": {
        "reportDir": "./site/tests"
      },
      "version": "6.2.0"
    }
  }
}