{
  "stats": {
    "suites": 64,
    "tests": 250,
    "passes": 250,
    "pending": 0,
    "failures": 0,
    "start": "2022-04-23T01:35:11.378Z",
    "end": "2022-04-23T01:36:17.492Z",
    "duration": 66114,
    "testsRegistered": 250,
    "passPercent": 100,
    "pendingPercent": 0,
    "other": 0,
    "hasOther": false,
    "skipped": 0,
    "hasSkipped": false
  },
  "results": [
    {
      "uuid": "f2fa9757-7061-4f8d-8754-f3e8d8b3ca5e",
      "title": "",
      "fullFile": "",
      "file": "",
      "beforeHooks": [],
      "afterHooks": [],
      "tests": [],
      "suites": [
        {
          "uuid": "6f2b830c-771b-4541-a402-07c4f6d5672d",
          "title": "asymmetric",
          "fullFile": "C:\\xampp\\htdocs\\Multifactor\\MFKDF\\test\\crypto\\asymmetric.js",
          "file": "\\test\\crypto\\asymmetric.js",
          "beforeHooks": [],
          "afterHooks": [],
          "tests": [],
          "suites": [
            {
              "uuid": "8e8f108b-276e-471a-b835-ed1be1c0d563",
              "title": "encryption",
              "fullFile": "C:\\xampp\\htdocs\\Multifactor\\MFKDF\\test\\crypto\\asymmetric.js",
              "file": "\\test\\crypto\\asymmetric.js",
              "beforeHooks": [],
              "afterHooks": [],
              "tests": [
                {
                  "title": "rsa1024",
                  "fullTitle": "asymmetric encryption rsa1024",
                  "timedOut": false,
                  "duration": 359,
                  "state": "passed",
                  "speed": "slow",
                  "pass": true,
                  "fail": false,
                  "pending": false,
                  "context": null,
                  "code": "const setup = await mfkdf.setup.key([\n  await mfkdf.setup.factors.uuid({ id: 'uuid1', uuid: '9b1deb4d-3b7d-4bad-9bdd-2b0d7b3dcb6d' })\n])\nconst ct = await setup.encrypt('hello world', 'rsa1024')\nconst pt = await setup.decrypt(ct, 'rsa1024')\npt.toString().should.equal('hello world')",
                  "err": {},
                  "uuid": "ba0d4d7c-6eb7-4737-a2e0-4806cb5a98e1",
                  "parentUUID": "8e8f108b-276e-471a-b835-ed1be1c0d563",
                  "isHook": false,
                  "skipped": false
                },
                {
                  "title": "rsa2048",
                  "fullTitle": "asymmetric encryption rsa2048",
                  "timedOut": false,
                  "duration": 1601,
                  "state": "passed",
                  "speed": "slow",
                  "pass": true,
                  "fail": false,
                  "pending": false,
                  "context": null,
                  "code": "const setup = await mfkdf.setup.key([\n  await mfkdf.setup.factors.uuid({ id: 'uuid1', uuid: '9b1deb4d-3b7d-4bad-9bdd-2b0d7b3dcb6d' })\n])\nconst ct = await setup.encrypt('hello world', 'rsa2048')\nconst pt = await setup.decrypt(ct, 'rsa2048')\npt.toString().should.equal('hello world')",
                  "err": {},
                  "uuid": "5549e9ca-fc66-4f6d-a3da-af168df7fdf1",
                  "parentUUID": "8e8f108b-276e-471a-b835-ed1be1c0d563",
                  "isHook": false,
                  "skipped": false
                }
              ],
              "suites": [],
              "passes": [
                "ba0d4d7c-6eb7-4737-a2e0-4806cb5a98e1",
                "5549e9ca-fc66-4f6d-a3da-af168df7fdf1"
              ],
              "failures": [],
              "pending": [],
              "skipped": [],
              "duration": 1960,
              "root": false,
              "rootEmpty": false,
              "_timeout": 5000
            },
            {
              "uuid": "e99f84bd-3e1d-4e5c-a827-974cdb73df76",
              "title": "signatures",
              "fullFile": "C:\\xampp\\htdocs\\Multifactor\\MFKDF\\test\\crypto\\asymmetric.js",
              "file": "\\test\\crypto\\asymmetric.js",
              "beforeHooks": [],
              "afterHooks": [],
              "tests": [
                {
                  "title": "rsa1024",
                  "fullTitle": "asymmetric signatures rsa1024",
                  "timedOut": false,
                  "duration": 180,
                  "state": "passed",
                  "speed": "slow",
                  "pass": true,
                  "fail": false,
                  "pending": false,
                  "context": null,
                  "code": "const setup = await mfkdf.setup.key([\n  await mfkdf.setup.factors.uuid({ id: 'uuid1', uuid: '9b1deb4d-3b7d-4bad-9bdd-2b0d7b3dcb6d' })\n])\nconst signature = await setup.sign('hello world', 'rsa1024')\nconst validity = await setup.verify('hello world', signature, 'rsa1024')\nvalidity.should.be.true",
                  "err": {},
                  "uuid": "716c8839-5e3e-45c6-a83b-7c9953310c99",
                  "parentUUID": "e99f84bd-3e1d-4e5c-a827-974cdb73df76",
                  "isHook": false,
                  "skipped": false
                },
                {
                  "title": "rsa2048",
                  "fullTitle": "asymmetric signatures rsa2048",
                  "timedOut": false,
                  "duration": 1195,
                  "state": "passed",
                  "speed": "slow",
                  "pass": true,
                  "fail": false,
                  "pending": false,
                  "context": null,
                  "code": "const setup = await mfkdf.setup.key([\n  await mfkdf.setup.factors.uuid({ id: 'uuid1', uuid: '9b1deb4d-3b7d-4bad-9bdd-2b0d7b3dcb6d' })\n])\nconst signature = await setup.sign('hello world', 'rsa2048')\nconst validity = await setup.verify('hello world', signature, 'rsa2048')\nvalidity.should.be.true",
                  "err": {},
                  "uuid": "cc1b2782-1707-4ad9-b796-708c829afd36",
                  "parentUUID": "e99f84bd-3e1d-4e5c-a827-974cdb73df76",
                  "isHook": false,
                  "skipped": false
                },
                {
                  "title": "rsa3072",
                  "fullTitle": "asymmetric signatures rsa3072",
                  "timedOut": false,
                  "duration": 13081,
                  "state": "passed",
                  "speed": "slow",
                  "pass": true,
                  "fail": false,
                  "pending": false,
                  "context": null,
                  "code": "const setup = await mfkdf.setup.key([\n  await mfkdf.setup.factors.uuid({ id: 'uuid1', uuid: '9b1deb4d-3b7d-4bad-9bdd-2b0d7b3dcb6d' })\n])\nconst signature = await setup.sign('hello world', 'rsa3072')\nconst validity = await setup.verify('hello world', signature, 'rsa3072')\nvalidity.should.be.true",
                  "err": {},
                  "uuid": "52eb651a-0c84-4cf6-806a-fe69d1525f93",
                  "parentUUID": "e99f84bd-3e1d-4e5c-a827-974cdb73df76",
                  "isHook": false,
                  "skipped": false
                },
                {
                  "title": "defaults",
                  "fullTitle": "asymmetric signatures defaults",
                  "timedOut": false,
                  "duration": 13115,
                  "state": "passed",
                  "speed": "slow",
                  "pass": true,
                  "fail": false,
                  "pending": false,
                  "context": null,
                  "code": "const setup = await mfkdf.setup.key([\n  await mfkdf.setup.factors.uuid({ id: 'uuid1', uuid: '9b1deb4d-3b7d-4bad-9bdd-2b0d7b3dcb6d' })\n])\nconst signature = await setup.sign('hello world')\nconst validity = await setup.verify('hello world', signature)\nvalidity.should.be.true\nawait setup.getAsymmetricKeyPair()",
                  "err": {},
                  "uuid": "42b27637-8d1f-4484-ab25-2cb02849f780",
                  "parentUUID": "e99f84bd-3e1d-4e5c-a827-974cdb73df76",
                  "isHook": false,
                  "skipped": false
                },
                {
                  "title": "ed25519",
                  "fullTitle": "asymmetric signatures ed25519",
                  "timedOut": false,
                  "duration": 116,
                  "state": "passed",
                  "speed": "slow",
                  "pass": true,
                  "fail": false,
                  "pending": false,
                  "context": null,
                  "code": "const setup = await mfkdf.setup.key([\n  await mfkdf.setup.factors.uuid({ id: 'uuid1', uuid: '9b1deb4d-3b7d-4bad-9bdd-2b0d7b3dcb6d' })\n])\nawait setup.getAsymmetricKeyPair('ed25519')",
                  "err": {},
                  "uuid": "906089fb-1445-4f5e-92c4-92173c86e5ab",
                  "parentUUID": "e99f84bd-3e1d-4e5c-a827-974cdb73df76",
                  "isHook": false,
                  "skipped": false
                },
                {
                  "title": "unknown",
                  "fullTitle": "asymmetric signatures unknown",
                  "timedOut": false,
                  "duration": 103,
                  "state": "passed",
                  "speed": "slow",
                  "pass": true,
                  "fail": false,
                  "pending": false,
                  "context": null,
                  "code": "const setup = await mfkdf.setup.key([\n  await mfkdf.setup.factors.uuid({ id: 'uuid1', uuid: '9b1deb4d-3b7d-4bad-9bdd-2b0d7b3dcb6d' })\n])\nsetup.getAsymmetricKeyPair('unknown').should.be.rejectedWith(RangeError)",
                  "err": {},
                  "uuid": "234807d3-4c54-40ac-ac86-500bf1a034bc",
                  "parentUUID": "e99f84bd-3e1d-4e5c-a827-974cdb73df76",
                  "isHook": false,
                  "skipped": false
                },
                {
                  "title": "errors",
                  "fullTitle": "asymmetric signatures errors",
                  "timedOut": false,
                  "duration": 1792,
                  "state": "passed",
                  "speed": "slow",
                  "pass": true,
                  "fail": false,
                  "pending": false,
                  "context": null,
                  "code": "const setup = await mfkdf.setup.key([\n  await mfkdf.setup.factors.uuid({ id: 'uuid1', uuid: '9b1deb4d-3b7d-4bad-9bdd-2b0d7b3dcb6d' })\n])\nsetup.sign(12345, 'rsa1024').should.be.rejectedWith(TypeError)\nconst signature = await setup.sign('hello world')\nsetup.verify(12345, signature).should.be.rejectedWith(TypeError)",
                  "err": {},
                  "uuid": "475f8660-c254-43cd-ac3e-3664bb1a3082",
                  "parentUUID": "e99f84bd-3e1d-4e5c-a827-974cdb73df76",
                  "isHook": false,
                  "skipped": false
                }
              ],
              "suites": [],
              "passes": [
                "716c8839-5e3e-45c6-a83b-7c9953310c99",
                "cc1b2782-1707-4ad9-b796-708c829afd36",
                "52eb651a-0c84-4cf6-806a-fe69d1525f93",
                "42b27637-8d1f-4484-ab25-2cb02849f780",
                "906089fb-1445-4f5e-92c4-92173c86e5ab",
                "234807d3-4c54-40ac-ac86-500bf1a034bc",
                "475f8660-c254-43cd-ac3e-3664bb1a3082"
              ],
              "failures": [],
              "pending": [],
              "skipped": [],
              "duration": 29582,
              "root": false,
              "rootEmpty": false,
              "_timeout": 5000
            }
          ],
          "passes": [],
          "failures": [],
          "pending": [],
          "skipped": [],
          "duration": 0,
          "root": false,
          "rootEmpty": false,
          "_timeout": 5000
        },
        {
          "uuid": "90b87ad2-1bff-4f70-ab91-cd92aaae593f",
          "title": "encrypt",
          "fullFile": "C:\\xampp\\htdocs\\Multifactor\\MFKDF\\test\\crypto\\symmetric.js",
          "file": "\\test\\crypto\\symmetric.js",
          "beforeHooks": [],
          "afterHooks": [],
          "tests": [
            {
              "title": "defaults",
              "fullTitle": "encrypt defaults",
              "timedOut": false,
              "duration": 235,
              "state": "passed",
              "speed": "slow",
              "pass": true,
              "fail": false,
              "pending": false,
              "context": null,
              "code": "const setup = await mfkdf.setup.key([\n  await mfkdf.setup.factors.uuid({ id: 'uuid1', uuid: '9b1deb4d-3b7d-4bad-9bdd-2b0d7b3dcb6d' })\n])\nconst ciphertext = await setup.encrypt(Buffer.from('hello world'))\nconst derive = await mfkdf.derive.key(setup.policy, {\n  uuid1: mfkdf.derive.factors.uuid('9b1deb4d-3b7d-4bad-9bdd-2b0d7b3dcb6d')\n})\nconst plaintext = await derive.decrypt(ciphertext)\nplaintext.toString().should.equal('hello world')",
              "err": {},
              "uuid": "cdcbde33-6a2f-41c8-b369-984526c06749",
              "parentUUID": "90b87ad2-1bff-4f70-ab91-cd92aaae593f",
              "isHook": false,
              "skipped": false
            },
            {
              "title": "AES256-CBC",
              "fullTitle": "encrypt AES256-CBC",
              "timedOut": false,
              "duration": 218,
              "state": "passed",
              "speed": "slow",
              "pass": true,
              "fail": false,
              "pending": false,
              "context": null,
              "code": "const setup = await mfkdf.setup.key([\n  await mfkdf.setup.factors.uuid({ id: 'uuid1', uuid: '9b1deb4d-3b7d-4bad-9bdd-2b0d7b3dcb6d' })\n])\nconst ciphertext = await setup.encrypt(Buffer.from('hello world'), 'aes256')\nconst derive = await mfkdf.derive.key(setup.policy, {\n  uuid1: mfkdf.derive.factors.uuid('9b1deb4d-3b7d-4bad-9bdd-2b0d7b3dcb6d')\n})\nconst plaintext = await derive.decrypt(ciphertext, 'aes256')\nplaintext.toString().should.equal('hello world')",
              "err": {},
              "uuid": "90e102e0-58e1-4f12-94ea-a691d02da032",
              "parentUUID": "90b87ad2-1bff-4f70-ab91-cd92aaae593f",
              "isHook": false,
              "skipped": false
            },
            {
              "title": "AES192-CBC",
              "fullTitle": "encrypt AES192-CBC",
              "timedOut": false,
              "duration": 218,
              "state": "passed",
              "speed": "slow",
              "pass": true,
              "fail": false,
              "pending": false,
              "context": null,
              "code": "const setup = await mfkdf.setup.key([\n  await mfkdf.setup.factors.uuid({ id: 'uuid1', uuid: '9b1deb4d-3b7d-4bad-9bdd-2b0d7b3dcb6d' })\n])\nconst ciphertext = await setup.encrypt('hello world', 'aes192')\nconst derive = await mfkdf.derive.key(setup.policy, {\n  uuid1: mfkdf.derive.factors.uuid('9b1deb4d-3b7d-4bad-9bdd-2b0d7b3dcb6d')\n})\nconst plaintext = await derive.decrypt(ciphertext, 'aes192')\nplaintext.toString().should.equal('hello world')",
              "err": {},
              "uuid": "2ba780e2-69af-4789-9eba-f8307f0c0ac3",
              "parentUUID": "90b87ad2-1bff-4f70-ab91-cd92aaae593f",
              "isHook": false,
              "skipped": false
            },
            {
              "title": "AES128-CBC",
              "fullTitle": "encrypt AES128-CBC",
              "timedOut": false,
              "duration": 213,
              "state": "passed",
              "speed": "slow",
              "pass": true,
              "fail": false,
              "pending": false,
              "context": null,
              "code": "const setup = await mfkdf.setup.key([\n  await mfkdf.setup.factors.uuid({ id: 'uuid1', uuid: '9b1deb4d-3b7d-4bad-9bdd-2b0d7b3dcb6d' })\n])\nconst ciphertext = await setup.encrypt('hello world', 'aes128')\nconst derive = await mfkdf.derive.key(setup.policy, {\n  uuid1: mfkdf.derive.factors.uuid('9b1deb4d-3b7d-4bad-9bdd-2b0d7b3dcb6d')\n})\nconst plaintext = await derive.decrypt(ciphertext, 'aes128')\nplaintext.toString().should.equal('hello world')",
              "err": {},
              "uuid": "bdc0661d-a560-432a-a6ae-b492f8850618",
              "parentUUID": "90b87ad2-1bff-4f70-ab91-cd92aaae593f",
              "isHook": false,
              "skipped": false
            },
            {
              "title": "3DES-CBC",
              "fullTitle": "encrypt 3DES-CBC",
              "timedOut": false,
              "duration": 217,
              "state": "passed",
              "speed": "slow",
              "pass": true,
              "fail": false,
              "pending": false,
              "context": null,
              "code": "const setup = await mfkdf.setup.key([\n  await mfkdf.setup.factors.uuid({ id: 'uuid1', uuid: '9b1deb4d-3b7d-4bad-9bdd-2b0d7b3dcb6d' })\n])\nconst ciphertext = await setup.encrypt('hello world', '3des')\nconst derive = await mfkdf.derive.key(setup.policy, {\n  uuid1: mfkdf.derive.factors.uuid('9b1deb4d-3b7d-4bad-9bdd-2b0d7b3dcb6d')\n})\nconst plaintext = await derive.decrypt(ciphertext, '3des')\nplaintext.toString().should.equal('hello world')",
              "err": {},
              "uuid": "eae899ba-bae0-4653-b827-e63ed9a80fb4",
              "parentUUID": "90b87ad2-1bff-4f70-ab91-cd92aaae593f",
              "isHook": false,
              "skipped": false
            },
            {
              "title": "DES-CBC",
              "fullTitle": "encrypt DES-CBC",
              "timedOut": false,
              "duration": 218,
              "state": "passed",
              "speed": "slow",
              "pass": true,
              "fail": false,
              "pending": false,
              "context": null,
              "code": "const setup = await mfkdf.setup.key([\n  await mfkdf.setup.factors.uuid({ id: 'uuid1', uuid: '9b1deb4d-3b7d-4bad-9bdd-2b0d7b3dcb6d' })\n])\nconst ciphertext = await setup.encrypt('hello world', 'des')\nconst derive = await mfkdf.derive.key(setup.policy, {\n  uuid1: mfkdf.derive.factors.uuid('9b1deb4d-3b7d-4bad-9bdd-2b0d7b3dcb6d')\n})\nconst plaintext = await derive.decrypt(ciphertext, 'des')\nplaintext.toString().should.equal('hello world')",
              "err": {},
              "uuid": "754ff820-f818-4f69-b5e2-3aaed17db95d",
              "parentUUID": "90b87ad2-1bff-4f70-ab91-cd92aaae593f",
              "isHook": false,
              "skipped": false
            },
            {
              "title": "AES256-ECB",
              "fullTitle": "encrypt AES256-ECB",
              "timedOut": false,
              "duration": 217,
              "state": "passed",
              "speed": "slow",
              "pass": true,
              "fail": false,
              "pending": false,
              "context": null,
              "code": "const setup = await mfkdf.setup.key([\n  await mfkdf.setup.factors.uuid({ id: 'uuid1', uuid: '9b1deb4d-3b7d-4bad-9bdd-2b0d7b3dcb6d' })\n])\nconst ciphertext = await setup.encrypt(Buffer.from('hello world'), 'aes256', 'ECB')\nconst derive = await mfkdf.derive.key(setup.policy, {\n  uuid1: mfkdf.derive.factors.uuid('9b1deb4d-3b7d-4bad-9bdd-2b0d7b3dcb6d')\n})\nconst plaintext = await derive.decrypt(ciphertext, 'aes256', 'ECB')\nplaintext.toString().should.equal('hello world')",
              "err": {},
              "uuid": "48d796ed-7a8c-4225-a299-f182e002da7c",
              "parentUUID": "90b87ad2-1bff-4f70-ab91-cd92aaae593f",
              "isHook": false,
              "skipped": false
            },
            {
              "title": "AES192-ECB",
              "fullTitle": "encrypt AES192-ECB",
              "timedOut": false,
              "duration": 217,
              "state": "passed",
              "speed": "slow",
              "pass": true,
              "fail": false,
              "pending": false,
              "context": null,
              "code": "const setup = await mfkdf.setup.key([\n  await mfkdf.setup.factors.uuid({ id: 'uuid1', uuid: '9b1deb4d-3b7d-4bad-9bdd-2b0d7b3dcb6d' })\n])\nconst ciphertext = await setup.encrypt('hello world', 'aes192', 'ECB')\nconst derive = await mfkdf.derive.key(setup.policy, {\n  uuid1: mfkdf.derive.factors.uuid('9b1deb4d-3b7d-4bad-9bdd-2b0d7b3dcb6d')\n})\nconst plaintext = await derive.decrypt(ciphertext, 'aes192', 'ECB')\nplaintext.toString().should.equal('hello world')",
              "err": {},
              "uuid": "c7ab3793-a745-48bc-8251-7d3f3bcfa166",
              "parentUUID": "90b87ad2-1bff-4f70-ab91-cd92aaae593f",
              "isHook": false,
              "skipped": false
            },
            {
              "title": "AES128-ECB",
              "fullTitle": "encrypt AES128-ECB",
              "timedOut": false,
              "duration": 213,
              "state": "passed",
              "speed": "slow",
              "pass": true,
              "fail": false,
              "pending": false,
              "context": null,
              "code": "const setup = await mfkdf.setup.key([\n  await mfkdf.setup.factors.uuid({ id: 'uuid1', uuid: '9b1deb4d-3b7d-4bad-9bdd-2b0d7b3dcb6d' })\n])\nconst ciphertext = await setup.encrypt('hello world', 'aes128', 'ECB')\nconst derive = await mfkdf.derive.key(setup.policy, {\n  uuid1: mfkdf.derive.factors.uuid('9b1deb4d-3b7d-4bad-9bdd-2b0d7b3dcb6d')\n})\nconst plaintext = await derive.decrypt(ciphertext, 'aes128', 'ECB')\nplaintext.toString().should.equal('hello world')",
              "err": {},
              "uuid": "fc46cd4f-4109-4756-a7d6-75196f30427f",
              "parentUUID": "90b87ad2-1bff-4f70-ab91-cd92aaae593f",
              "isHook": false,
              "skipped": false
            },
            {
              "title": "3DES-ECB",
              "fullTitle": "encrypt 3DES-ECB",
              "timedOut": false,
              "duration": 215,
              "state": "passed",
              "speed": "slow",
              "pass": true,
              "fail": false,
              "pending": false,
              "context": null,
              "code": "const setup = await mfkdf.setup.key([\n  await mfkdf.setup.factors.uuid({ id: 'uuid1', uuid: '9b1deb4d-3b7d-4bad-9bdd-2b0d7b3dcb6d' })\n])\nconst ciphertext = await setup.encrypt('hello world', '3des', 'ECB')\nconst derive = await mfkdf.derive.key(setup.policy, {\n  uuid1: mfkdf.derive.factors.uuid('9b1deb4d-3b7d-4bad-9bdd-2b0d7b3dcb6d')\n})\nconst plaintext = await derive.decrypt(ciphertext, '3des', 'ECB')\nplaintext.toString().should.equal('hello world')",
              "err": {},
              "uuid": "66092106-ca98-4217-b2a7-c93e47c34459",
              "parentUUID": "90b87ad2-1bff-4f70-ab91-cd92aaae593f",
              "isHook": false,
              "skipped": false
            },
            {
              "title": "DES-ECB",
              "fullTitle": "encrypt DES-ECB",
              "timedOut": false,
              "duration": 220,
              "state": "passed",
              "speed": "slow",
              "pass": true,
              "fail": false,
              "pending": false,
              "context": null,
              "code": "const setup = await mfkdf.setup.key([\n  await mfkdf.setup.factors.uuid({ id: 'uuid1', uuid: '9b1deb4d-3b7d-4bad-9bdd-2b0d7b3dcb6d' })\n])\nconst ciphertext = await setup.encrypt('hello world', 'des', 'ECB')\nconst derive = await mfkdf.derive.key(setup.policy, {\n  uuid1: mfkdf.derive.factors.uuid('9b1deb4d-3b7d-4bad-9bdd-2b0d7b3dcb6d')\n})\nconst plaintext = await derive.decrypt(ciphertext, 'des', 'ECB')\nplaintext.toString().should.equal('hello world')",
              "err": {},
              "uuid": "7f42eeef-6156-40ed-9a4f-9b023d4176a8",
              "parentUUID": "90b87ad2-1bff-4f70-ab91-cd92aaae593f",
              "isHook": false,
              "skipped": false
            }
          ],
          "suites": [
            {
              "uuid": "43064866-a1a5-4e13-94a2-e5966453f711",
              "title": "utils",
              "fullFile": "C:\\xampp\\htdocs\\Multifactor\\MFKDF\\test\\crypto\\symmetric.js",
              "file": "\\test\\crypto\\symmetric.js",
              "beforeHooks": [],
              "afterHooks": [],
              "tests": [
                {
                  "title": "subkey",
                  "fullTitle": "encrypt utils subkey",
                  "timedOut": false,
                  "duration": 103,
                  "state": "passed",
                  "speed": "slow",
                  "pass": true,
                  "fail": false,
                  "pending": false,
                  "context": null,
                  "code": "const setup = await mfkdf.setup.key([\n  await mfkdf.setup.factors.uuid({ id: 'uuid1', uuid: '9b1deb4d-3b7d-4bad-9bdd-2b0d7b3dcb6d' })\n])\nconst key1 = await setup.getSubkey(32, 'AES256', 'sha256')\nconst key2 = await setup.getSymmetricKey('aes256')\nkey1.toString('hex').should.equal(key2.toString('hex'))\nconst key3 = await setup.getSubkey()\nconst key4 = await setup.getSubkey(32, '', 'sha512')\nkey3.toString('hex').should.equal(key4.toString('hex'))",
                  "err": {},
                  "uuid": "d3e449fa-8809-41a3-9af1-7d2c2bde8b6b",
                  "parentUUID": "43064866-a1a5-4e13-94a2-e5966453f711",
                  "isHook": false,
                  "skipped": false
                },
                {
                  "title": "symmetric key",
                  "fullTitle": "encrypt utils symmetric key",
                  "timedOut": false,
                  "duration": 105,
                  "state": "passed",
                  "speed": "slow",
                  "pass": true,
                  "fail": false,
                  "pending": false,
                  "context": null,
                  "code": "const setup = await mfkdf.setup.key([\n  await mfkdf.setup.factors.uuid({ id: 'uuid1', uuid: '9b1deb4d-3b7d-4bad-9bdd-2b0d7b3dcb6d' })\n])\nconst key1 = await setup.getSymmetricKey()\nconst key2 = await setup.getSymmetricKey('aes256')\nkey1.toString('hex').should.equal(key2.toString('hex'))",
                  "err": {},
                  "uuid": "6f9a31f2-20c7-4cde-8f6c-31c2b43abb05",
                  "parentUUID": "43064866-a1a5-4e13-94a2-e5966453f711",
                  "isHook": false,
                  "skipped": false
                }
              ],
              "suites": [],
              "passes": [
                "d3e449fa-8809-41a3-9af1-7d2c2bde8b6b",
                "6f9a31f2-20c7-4cde-8f6c-31c2b43abb05"
              ],
              "failures": [],
              "pending": [],
              "skipped": [],
              "duration": 208,
              "root": false,
              "rootEmpty": false,
              "_timeout": 5000
            },
            {
              "uuid": "b1035ecc-91a3-4cd5-bda7-f882155c0dde",
              "title": "errors",
              "fullFile": "C:\\xampp\\htdocs\\Multifactor\\MFKDF\\test\\crypto\\symmetric.js",
              "file": "\\test\\crypto\\symmetric.js",
              "beforeHooks": [],
              "afterHooks": [],
              "tests": [
                {
                  "title": "invalid key",
                  "fullTitle": "encrypt errors invalid key",
                  "timedOut": false,
                  "duration": 109,
                  "state": "passed",
                  "speed": "slow",
                  "pass": true,
                  "fail": false,
                  "pending": false,
                  "context": null,
                  "code": "const setup = await mfkdf.setup.key([\n  await mfkdf.setup.factors.uuid({ id: 'uuid1', uuid: '9b1deb4d-3b7d-4bad-9bdd-2b0d7b3dcb6d' })\n])\nsetup.encrypt('hello world', 'unknown').should.be.rejectedWith(RangeError)",
                  "err": {},
                  "uuid": "b3908810-675e-42ad-b0ab-fb1952fa50bd",
                  "parentUUID": "b1035ecc-91a3-4cd5-bda7-f882155c0dde",
                  "isHook": false,
                  "skipped": false
                },
                {
                  "title": "invalid message",
                  "fullTitle": "encrypt errors invalid message",
                  "timedOut": false,
                  "duration": 102,
                  "state": "passed",
                  "speed": "slow",
                  "pass": true,
                  "fail": false,
                  "pending": false,
                  "context": null,
                  "code": "const setup = await mfkdf.setup.key([\n  await mfkdf.setup.factors.uuid({ id: 'uuid1', uuid: '9b1deb4d-3b7d-4bad-9bdd-2b0d7b3dcb6d' })\n])\nsetup.encrypt(12345, 'unknown').should.be.rejectedWith(TypeError)",
                  "err": {},
                  "uuid": "0c063779-4320-467f-b0e6-ce218b0abc89",
                  "parentUUID": "b1035ecc-91a3-4cd5-bda7-f882155c0dde",
                  "isHook": false,
                  "skipped": false
                },
                {
                  "title": "invalid ciphertext",
                  "fullTitle": "encrypt errors invalid ciphertext",
                  "timedOut": false,
                  "duration": 102,
                  "state": "passed",
                  "speed": "slow",
                  "pass": true,
                  "fail": false,
                  "pending": false,
                  "context": null,
                  "code": "const setup = await mfkdf.setup.key([\n  await mfkdf.setup.factors.uuid({ id: 'uuid1', uuid: '9b1deb4d-3b7d-4bad-9bdd-2b0d7b3dcb6d' })\n])\nsetup.decrypt(12345, 'unknown').should.be.rejectedWith(TypeError)",
                  "err": {},
                  "uuid": "62893448-4d1c-47ab-849b-d7680ebb8d9e",
                  "parentUUID": "b1035ecc-91a3-4cd5-bda7-f882155c0dde",
                  "isHook": false,
                  "skipped": false
                }
              ],
              "suites": [],
              "passes": [
                "b3908810-675e-42ad-b0ab-fb1952fa50bd",
                "0c063779-4320-467f-b0e6-ce218b0abc89",
                "62893448-4d1c-47ab-849b-d7680ebb8d9e"
              ],
              "failures": [],
              "pending": [],
              "skipped": [],
              "duration": 313,
              "root": false,
              "rootEmpty": false,
              "_timeout": 5000
            }
          ],
          "passes": [
            "cdcbde33-6a2f-41c8-b369-984526c06749",
            "90e102e0-58e1-4f12-94ea-a691d02da032",
            "2ba780e2-69af-4789-9eba-f8307f0c0ac3",
            "bdc0661d-a560-432a-a6ae-b492f8850618",
            "eae899ba-bae0-4653-b827-e63ed9a80fb4",
            "754ff820-f818-4f69-b5e2-3aaed17db95d",
            "48d796ed-7a8c-4225-a299-f182e002da7c",
            "c7ab3793-a745-48bc-8251-7d3f3bcfa166",
            "fc46cd4f-4109-4756-a7d6-75196f30427f",
            "66092106-ca98-4217-b2a7-c93e47c34459",
            "7f42eeef-6156-40ed-9a4f-9b023d4176a8"
          ],
          "failures": [],
          "pending": [],
          "skipped": [],
          "duration": 2401,
          "root": false,
          "rootEmpty": false,
          "_timeout": 5000
        },
        {
          "uuid": "cb0057de-cb64-41e2-897d-b8bf840658bc",
          "title": "derive/factors/password",
          "fullFile": "C:\\xampp\\htdocs\\Multifactor\\MFKDF\\test\\derive\\factors\\password.js",
          "file": "\\test\\derive\\factors\\password.js",
          "beforeHooks": [],
          "afterHooks": [],
          "tests": [
            {
              "title": "invalid/type",
              "fullTitle": "derive/factors/password invalid/type",
              "timedOut": false,
              "duration": 1,
              "state": "passed",
              "speed": "slow",
              "pass": true,
              "fail": false,
              "pending": false,
              "context": null,
              "code": "(() => {\n  mfkdf.derive.factors.password(12345)\n}).should.throw(TypeError)",
              "err": {},
              "uuid": "8c08686c-3544-48ce-9351-42dfb609424e",
              "parentUUID": "cb0057de-cb64-41e2-897d-b8bf840658bc",
              "isHook": false,
              "skipped": false
            },
            {
              "title": "invalid/range",
              "fullTitle": "derive/factors/password invalid/range",
              "timedOut": false,
              "duration": 0,
              "state": "passed",
              "speed": "fast",
              "pass": true,
              "fail": false,
              "pending": false,
              "context": null,
              "code": "(() => {\n  mfkdf.derive.factors.password('')\n}).should.throw(RangeError)",
              "err": {},
              "uuid": "d333e3d7-17c4-4981-94dd-bc4940c0989b",
              "parentUUID": "cb0057de-cb64-41e2-897d-b8bf840658bc",
              "isHook": false,
              "skipped": false
            }
          ],
          "suites": [],
          "passes": [
            "8c08686c-3544-48ce-9351-42dfb609424e",
            "d333e3d7-17c4-4981-94dd-bc4940c0989b"
          ],
          "failures": [],
          "pending": [],
          "skipped": [],
          "duration": 1,
          "root": false,
          "rootEmpty": false,
          "_timeout": 5000
        },
        {
          "uuid": "2df2a872-5db1-43b7-a1f2-f062653c9e86",
          "title": "derive/factors/uuid",
          "fullFile": "C:\\xampp\\htdocs\\Multifactor\\MFKDF\\test\\derive\\factors\\uuid.js",
          "file": "\\test\\derive\\factors\\uuid.js",
          "beforeHooks": [],
          "afterHooks": [],
          "tests": [
            {
              "title": "invalid/type",
              "fullTitle": "derive/factors/uuid invalid/type",
              "timedOut": false,
              "duration": 0,
              "state": "passed",
              "speed": "fast",
              "pass": true,
              "fail": false,
              "pending": false,
              "context": null,
              "code": "(() => {\n  mfkdf.derive.factors.uuid(12345)\n}).should.throw(TypeError)",
              "err": {},
              "uuid": "9a857b40-8562-4e1e-bc96-6d392b13aaf0",
              "parentUUID": "2df2a872-5db1-43b7-a1f2-f062653c9e86",
              "isHook": false,
              "skipped": false
            },
            {
              "title": "invalid/range",
              "fullTitle": "derive/factors/uuid invalid/range",
              "timedOut": false,
              "duration": 0,
              "state": "passed",
              "speed": "fast",
              "pass": true,
              "fail": false,
              "pending": false,
              "context": null,
              "code": "(() => {\n  mfkdf.derive.factors.uuid('')\n}).should.throw(TypeError)",
              "err": {},
              "uuid": "1dfd009e-df95-4d8e-a9e1-e543cdf40481",
              "parentUUID": "2df2a872-5db1-43b7-a1f2-f062653c9e86",
              "isHook": false,
              "skipped": false
            }
          ],
          "suites": [],
          "passes": [
            "9a857b40-8562-4e1e-bc96-6d392b13aaf0",
            "1dfd009e-df95-4d8e-a9e1-e543cdf40481"
          ],
          "failures": [],
          "pending": [],
          "skipped": [],
          "duration": 0,
          "root": false,
          "rootEmpty": false,
          "_timeout": 5000
        },
        {
          "uuid": "1c0d9ea7-deda-4c8f-ad12-960ac99f23cb",
          "title": "derive/key",
          "fullFile": "C:\\xampp\\htdocs\\Multifactor\\MFKDF\\test\\derive\\key.js",
          "file": "\\test\\derive\\key.js",
          "beforeHooks": [],
          "afterHooks": [],
          "tests": [
            {
              "title": "correct",
              "fullTitle": "derive/key correct",
              "timedOut": false,
              "duration": 560,
              "state": "passed",
              "speed": "slow",
              "pass": true,
              "fail": false,
              "pending": false,
              "context": null,
              "code": "const setup = await mfkdf.setup.key([\n  await mfkdf.setup.factors.password('password1', { id: 'password1' }),\n  await mfkdf.setup.factors.password('password2', { id: 'password2' }),\n  await mfkdf.setup.factors.password('password3', { id: 'password3' })\n], { threshold: 2 })\nconst derive1 = await mfkdf.derive.key(setup.policy, {\n  password1: mfkdf.derive.factors.password('password1'),\n  password2: mfkdf.derive.factors.password('password2')\n})\nconst derive2 = await mfkdf.derive.key(setup.policy, {\n  password2: mfkdf.derive.factors.password('password2'),\n  password3: mfkdf.derive.factors.password('password3')\n})\nconst derive3 = await mfkdf.derive.key(setup.policy, {\n  password1: mfkdf.derive.factors.password('password1'),\n  password3: mfkdf.derive.factors.password('password3')\n})\nconst derive4 = await mfkdf.derive.key(setup.policy, {\n  password1: mfkdf.derive.factors.password('password1'),\n  password2: mfkdf.derive.factors.password('password2'),\n  password3: mfkdf.derive.factors.password('password3')\n})\nsetup.key.toString('hex').should.equal(derive1.key.toString('hex'))\nsetup.key.toString('hex').should.equal(derive2.key.toString('hex'))\nsetup.key.toString('hex').should.equal(derive3.key.toString('hex'))\nsetup.key.toString('hex').should.equal(derive4.key.toString('hex'))\nJSON.stringify(setup.policy).should.equal(JSON.stringify(derive1.policy))\nJSON.stringify(setup.policy).should.equal(JSON.stringify(derive2.policy))\nJSON.stringify(setup.policy).should.equal(JSON.stringify(derive3.policy))\nJSON.stringify(setup.policy).should.equal(JSON.stringify(derive4.policy))",
              "err": {},
              "uuid": "2f21ea3e-83fd-4249-bf33-ff76111ced0d",
              "parentUUID": "1c0d9ea7-deda-4c8f-ad12-960ac99f23cb",
              "isHook": false,
              "skipped": false
            },
            {
              "title": "incorrect",
              "fullTitle": "derive/key incorrect",
              "timedOut": false,
              "duration": 560,
              "state": "passed",
              "speed": "slow",
              "pass": true,
              "fail": false,
              "pending": false,
              "context": null,
              "code": "const setup = await mfkdf.setup.key([\n  await mfkdf.setup.factors.password('password1', { id: 'password1' }),\n  await mfkdf.setup.factors.password('password2', { id: 'password2' }),\n  await mfkdf.setup.factors.password('password3', { id: 'password3' })\n], { threshold: 2 })\nconst derive1 = await mfkdf.derive.key(setup.policy, {\n  password1: mfkdf.derive.factors.password('password1'),\n  password2: mfkdf.derive.factors.password('wrongpassword2')\n})\nconst derive2 = await mfkdf.derive.key(setup.policy, {\n  password2: mfkdf.derive.factors.password('wrongpassword2'),\n  password3: mfkdf.derive.factors.password('wrongpassword3')\n})\nconst derive3 = await mfkdf.derive.key(setup.policy, {\n  password1: mfkdf.derive.factors.password('password1'),\n  password3: mfkdf.derive.factors.password('password2')\n})\nconst derive4 = await mfkdf.derive.key(setup.policy, {\n  password1: mfkdf.derive.factors.password('password1'),\n  password2: mfkdf.derive.factors.password('password2'),\n  password3: mfkdf.derive.factors.password('password4')\n})\nsetup.key.toString('hex').should.not.equal(derive1.key.toString('hex'))\nsetup.key.toString('hex').should.not.equal(derive2.key.toString('hex'))\nsetup.key.toString('hex').should.not.equal(derive3.key.toString('hex'))\nsetup.key.toString('hex').should.not.equal(derive4.key.toString('hex'))",
              "err": {},
              "uuid": "0e1cd867-766f-4dac-98e7-ad1db6b64576",
              "parentUUID": "1c0d9ea7-deda-4c8f-ad12-960ac99f23cb",
              "isHook": false,
              "skipped": false
            },
            {
              "title": "mismatch",
              "fullTitle": "derive/key mismatch",
              "timedOut": false,
              "duration": 109,
              "state": "passed",
              "speed": "slow",
              "pass": true,
              "fail": false,
              "pending": false,
              "context": null,
              "code": "const setup = await mfkdf.setup.key([\n  await mfkdf.setup.factors.password('password', { id: 'password' })\n])\nmfkdf.derive.key(setup.policy, {\n  password: mfkdf.derive.factors.uuid('9b1deb4d-3b7d-4bad-9bdd-2b0d7b3dcb6d')\n}).should.be.rejectedWith(TypeError)",
              "err": {},
              "uuid": "20daa14f-4f9b-41d5-9fce-3b5c76b81fc7",
              "parentUUID": "1c0d9ea7-deda-4c8f-ad12-960ac99f23cb",
              "isHook": false,
              "skipped": false
            }
          ],
          "suites": [
            {
              "uuid": "4313a0a8-4337-4640-af9f-6432a7745bea",
              "title": "shares",
              "fullFile": "C:\\xampp\\htdocs\\Multifactor\\MFKDF\\test\\derive\\key.js",
              "file": "\\test\\derive\\key.js",
              "beforeHooks": [],
              "afterHooks": [],
              "tests": [
                {
                  "title": "valid",
                  "fullTitle": "derive/key shares valid",
                  "timedOut": false,
                  "duration": 439,
                  "state": "passed",
                  "speed": "slow",
                  "pass": true,
                  "fail": false,
                  "pending": false,
                  "context": null,
                  "code": "const setup = await mfkdf.setup.key([\n  await mfkdf.setup.factors.password('password1', { id: 'password1' }),\n  await mfkdf.setup.factors.password('password2', { id: 'password2' }),\n  await mfkdf.setup.factors.password('password3', { id: 'password3' })\n], { threshold: 2 })\nconst derive1 = await mfkdf.derive.key(setup.policy, {\n  password1: mfkdf.derive.factors.password('password1'),\n  password2: mfkdf.derive.factors.password('password2')\n})\nconst derive2 = await mfkdf.derive.key(derive1.policy, {\n  password2: mfkdf.derive.factors.password('password2'),\n  password3: mfkdf.derive.factors.password('password3')\n})\nconst derive3 = await mfkdf.derive.key(derive2.policy, {\n  password1: mfkdf.derive.factors.password('password1'),\n  password3: mfkdf.derive.factors.password('password3')\n})\nderive1.shares.should.deep.equal(setup.shares)\nderive2.shares.should.deep.equal(setup.shares)\nderive3.shares.should.deep.equal(setup.shares)",
                  "err": {},
                  "uuid": "ec972c1d-3f71-4e0c-b242-73d671d78ed9",
                  "parentUUID": "4313a0a8-4337-4640-af9f-6432a7745bea",
                  "isHook": false,
                  "skipped": false
                }
              ],
              "suites": [],
              "passes": [
                "ec972c1d-3f71-4e0c-b242-73d671d78ed9"
              ],
              "failures": [],
              "pending": [],
              "skipped": [],
              "duration": 439,
              "root": false,
              "rootEmpty": false,
              "_timeout": 5000
            },
            {
              "uuid": "1a47821a-3c67-4c21-8cf1-c2ac3df5b113",
              "title": "invalid",
              "fullFile": "C:\\xampp\\htdocs\\Multifactor\\MFKDF\\test\\derive\\key.js",
              "file": "\\test\\derive\\key.js",
              "beforeHooks": [],
              "afterHooks": [],
              "tests": [
                {
                  "title": "schema",
                  "fullTitle": "derive/key invalid schema",
                  "timedOut": false,
                  "duration": 114,
                  "state": "passed",
                  "speed": "slow",
                  "pass": true,
                  "fail": false,
                  "pending": false,
                  "context": null,
                  "code": "const setup = await mfkdf.setup.key([\n  await mfkdf.setup.factors.password('password1', { id: 'password1' })\n])\ndelete setup.policy.$id\nmfkdf.derive.key(setup.policy, {\n  password1: mfkdf.derive.factors.password('password1')\n}).should.be.rejectedWith(TypeError)",
                  "err": {},
                  "uuid": "ca199e9e-f2f2-4338-8456-b009fb2c480e",
                  "parentUUID": "1a47821a-3c67-4c21-8cf1-c2ac3df5b113",
                  "isHook": false,
                  "skipped": false
                },
                {
                  "title": "factors",
                  "fullTitle": "derive/key invalid factors",
                  "timedOut": false,
                  "duration": 117,
                  "state": "passed",
                  "speed": "slow",
                  "pass": true,
                  "fail": false,
                  "pending": false,
                  "context": null,
                  "code": "const setup = await mfkdf.setup.key([\n  await mfkdf.setup.factors.password('password1', { id: 'password1' }),\n  await mfkdf.setup.factors.password('password2', { id: 'password2' }),\n  await mfkdf.setup.factors.password('password3', { id: 'password3' })\n], { threshold: 2 })\nmfkdf.derive.key(setup.policy, {\n  password1: mfkdf.derive.factors.password('password1')\n}).should.be.rejectedWith(RangeError)",
                  "err": {},
                  "uuid": "78bd8d8b-894a-4d12-be7b-fb05e41d4d02",
                  "parentUUID": "1a47821a-3c67-4c21-8cf1-c2ac3df5b113",
                  "isHook": false,
                  "skipped": false
                }
              ],
              "suites": [],
              "passes": [
                "ca199e9e-f2f2-4338-8456-b009fb2c480e",
                "78bd8d8b-894a-4d12-be7b-fb05e41d4d02"
              ],
              "failures": [],
              "pending": [],
              "skipped": [],
              "duration": 231,
              "root": false,
              "rootEmpty": false,
              "_timeout": 5000
            }
          ],
          "passes": [
            "2f21ea3e-83fd-4249-bf33-ff76111ced0d",
            "0e1cd867-766f-4dac-98e7-ad1db6b64576",
            "20daa14f-4f9b-41d5-9fce-3b5c76b81fc7"
          ],
          "failures": [],
          "pending": [],
          "skipped": [],
          "duration": 1229,
          "root": false,
          "rootEmpty": false,
          "_timeout": 5000
        },
        {
          "uuid": "e0b8772b-7893-4021-a06d-a5bf2601bed6",
          "title": "factors/hotp",
          "fullFile": "C:\\xampp\\htdocs\\Multifactor\\MFKDF\\test\\factors\\hotp.js",
          "file": "\\test\\factors\\hotp.js",
          "beforeHooks": [],
          "afterHooks": [],
          "tests": [
            {
              "title": "valid",
              "fullTitle": "factors/hotp valid",
              "timedOut": false,
              "duration": 433,
              "state": "passed",
              "speed": "slow",
              "pass": true,
              "fail": false,
              "pending": false,
              "context": null,
              "code": "const setup = await mfkdf.setup.key([\n  await mfkdf.setup.factors.hotp({\n    secret: Buffer.from('hello world')\n  })\n])\nconst derive1 = await mfkdf.derive.key(setup.policy, {\n  hotp: mfkdf.derive.factors.hotp(365287)\n})\nconst derive2 = await mfkdf.derive.key(derive1.policy, {\n  hotp: mfkdf.derive.factors.hotp(891649)\n})\nconst derive3 = await mfkdf.derive.key(derive2.policy, {\n  hotp: mfkdf.derive.factors.hotp(795484)\n})\nsetup.key.toString('hex').should.equal(derive1.key.toString('hex'))\nderive1.key.toString('hex').should.equal(derive2.key.toString('hex'))\nderive2.key.toString('hex').should.equal(derive3.key.toString('hex'))",
              "err": {},
              "uuid": "9912d11c-50d1-4ce8-adce-8eb4de8452c9",
              "parentUUID": "e0b8772b-7893-4021-a06d-a5bf2601bed6",
              "isHook": false,
              "skipped": false
            },
            {
              "title": "defaults",
              "fullTitle": "factors/hotp defaults",
              "timedOut": false,
              "duration": 105,
              "state": "passed",
              "speed": "slow",
              "pass": true,
              "fail": false,
              "pending": false,
              "context": null,
              "code": "await mfkdf.setup.key([\n  await mfkdf.setup.factors.hotp()\n])",
              "err": {},
              "uuid": "ae836853-627a-4568-93f8-b7fe505af790",
              "parentUUID": "e0b8772b-7893-4021-a06d-a5bf2601bed6",
              "isHook": false,
              "skipped": false
            }
          ],
          "suites": [
            {
              "uuid": "540191c1-5709-4b2f-b69b-8d76fc188402",
              "title": "errors",
              "fullFile": "C:\\xampp\\htdocs\\Multifactor\\MFKDF\\test\\factors\\hotp.js",
              "file": "\\test\\factors\\hotp.js",
              "beforeHooks": [],
              "afterHooks": [],
              "tests": [
                {
                  "title": "code/type",
                  "fullTitle": "factors/hotp errors code/type",
                  "timedOut": false,
                  "duration": 0,
                  "state": "passed",
                  "speed": "fast",
                  "pass": true,
                  "fail": false,
                  "pending": false,
                  "context": null,
                  "code": "(() => {\n  mfkdf.derive.factors.hotp('hello')\n}).should.throw(TypeError)",
                  "err": {},
                  "uuid": "6ec926f7-4e1d-4a7a-a321-cc8c13d3c04e",
                  "parentUUID": "540191c1-5709-4b2f-b69b-8d76fc188402",
                  "isHook": false,
                  "skipped": false
                },
                {
                  "title": "id/type",
                  "fullTitle": "factors/hotp errors id/type",
                  "timedOut": false,
                  "duration": 1,
                  "state": "passed",
                  "speed": "slow",
                  "pass": true,
                  "fail": false,
                  "pending": false,
                  "context": null,
                  "code": "mfkdf.setup.factors.hotp({\n  secret: Buffer.from('hello world'),\n  id: 12345\n}).should.be.rejectedWith(TypeError)",
                  "err": {},
                  "uuid": "f0490516-b642-4660-9379-56c18f612dae",
                  "parentUUID": "540191c1-5709-4b2f-b69b-8d76fc188402",
                  "isHook": false,
                  "skipped": false
                },
                {
                  "title": "id/range",
                  "fullTitle": "factors/hotp errors id/range",
                  "timedOut": false,
                  "duration": 0,
                  "state": "passed",
                  "speed": "fast",
                  "pass": true,
                  "fail": false,
                  "pending": false,
                  "context": null,
                  "code": "mfkdf.setup.factors.hotp({\n  secret: Buffer.from('hello world'),\n  id: ''\n}).should.be.rejectedWith(RangeError)",
                  "err": {},
                  "uuid": "19d75940-be05-4f64-9059-34d8a6c6edd6",
                  "parentUUID": "540191c1-5709-4b2f-b69b-8d76fc188402",
                  "isHook": false,
                  "skipped": false
                },
                {
                  "title": "digits/type",
                  "fullTitle": "factors/hotp errors digits/type",
                  "timedOut": false,
                  "duration": 0,
                  "state": "passed",
                  "speed": "fast",
                  "pass": true,
                  "fail": false,
                  "pending": false,
                  "context": null,
                  "code": "mfkdf.setup.factors.hotp({\n  secret: Buffer.from('hello world'),\n  digits: 'hello'\n}).should.be.rejectedWith(TypeError)",
                  "err": {},
                  "uuid": "69ebb5ac-65d4-4d27-90ad-33cae3b6e347",
                  "parentUUID": "540191c1-5709-4b2f-b69b-8d76fc188402",
                  "isHook": false,
                  "skipped": false
                },
                {
                  "title": "digits/low",
                  "fullTitle": "factors/hotp errors digits/low",
                  "timedOut": false,
                  "duration": 0,
                  "state": "passed",
                  "speed": "fast",
                  "pass": true,
                  "fail": false,
                  "pending": false,
                  "context": null,
                  "code": "mfkdf.setup.factors.hotp({\n  secret: Buffer.from('hello world'),\n  digits: 4\n}).should.be.rejectedWith(RangeError)",
                  "err": {},
                  "uuid": "44e42e4e-9a68-48a5-b3d9-7ed1c25f32b5",
                  "parentUUID": "540191c1-5709-4b2f-b69b-8d76fc188402",
                  "isHook": false,
                  "skipped": false
                },
                {
                  "title": "digits/high",
                  "fullTitle": "factors/hotp errors digits/high",
                  "timedOut": false,
                  "duration": 0,
                  "state": "passed",
                  "speed": "fast",
                  "pass": true,
                  "fail": false,
                  "pending": false,
                  "context": null,
                  "code": "mfkdf.setup.factors.hotp({\n  secret: Buffer.from('hello world'),\n  digits: 9\n}).should.be.rejectedWith(RangeError)",
                  "err": {},
                  "uuid": "788814d3-7bdb-488b-9c1c-2b8f3a29e46c",
                  "parentUUID": "540191c1-5709-4b2f-b69b-8d76fc188402",
                  "isHook": false,
                  "skipped": false
                },
                {
                  "title": "hash/range",
                  "fullTitle": "factors/hotp errors hash/range",
                  "timedOut": false,
                  "duration": 0,
                  "state": "passed",
                  "speed": "fast",
                  "pass": true,
                  "fail": false,
                  "pending": false,
                  "context": null,
                  "code": "await mfkdf.setup.factors.hotp({\n  secret: Buffer.from('hello world'),\n  hash: 'sha123'\n}).should.be.rejectedWith(RangeError)",
                  "err": {},
                  "uuid": "e494cc72-19a3-4073-878f-983dc96e2ed5",
                  "parentUUID": "540191c1-5709-4b2f-b69b-8d76fc188402",
                  "isHook": false,
                  "skipped": false
                },
                {
                  "title": "secret/type",
                  "fullTitle": "factors/hotp errors secret/type",
                  "timedOut": false,
                  "duration": 0,
                  "state": "passed",
                  "speed": "fast",
                  "pass": true,
                  "fail": false,
                  "pending": false,
                  "context": null,
                  "code": "mfkdf.setup.factors.hotp({\n  secret: 'hello'\n}).should.be.rejectedWith(TypeError)",
                  "err": {},
                  "uuid": "ab73c299-25f4-404c-b837-728fb3952979",
                  "parentUUID": "540191c1-5709-4b2f-b69b-8d76fc188402",
                  "isHook": false,
                  "skipped": false
                }
              ],
              "suites": [],
              "passes": [
                "6ec926f7-4e1d-4a7a-a321-cc8c13d3c04e",
                "f0490516-b642-4660-9379-56c18f612dae",
                "19d75940-be05-4f64-9059-34d8a6c6edd6",
                "69ebb5ac-65d4-4d27-90ad-33cae3b6e347",
                "44e42e4e-9a68-48a5-b3d9-7ed1c25f32b5",
                "788814d3-7bdb-488b-9c1c-2b8f3a29e46c",
                "e494cc72-19a3-4073-878f-983dc96e2ed5",
                "ab73c299-25f4-404c-b837-728fb3952979"
              ],
              "failures": [],
              "pending": [],
              "skipped": [],
              "duration": 1,
              "root": false,
              "rootEmpty": false,
              "_timeout": 5000
            }
          ],
          "passes": [
            "9912d11c-50d1-4ce8-adce-8eb4de8452c9",
            "ae836853-627a-4568-93f8-b7fe505af790"
          ],
          "failures": [],
          "pending": [],
          "skipped": [],
          "duration": 538,
          "root": false,
          "rootEmpty": false,
          "_timeout": 5000
        },
        {
          "uuid": "450784ef-e581-4911-8ba7-ec2ad53fe4e2",
          "title": "persistence",
          "fullFile": "C:\\xampp\\htdocs\\Multifactor\\MFKDF\\test\\factors\\persistence.js",
          "file": "\\test\\factors\\persistence.js",
          "beforeHooks": [],
          "afterHooks": [],
          "tests": [
            {
              "title": "valid",
              "fullTitle": "persistence valid",
              "timedOut": false,
              "duration": 215,
              "state": "passed",
              "speed": "slow",
              "pass": true,
              "fail": false,
              "pending": false,
              "context": null,
              "code": "const setup = await mfkdf.setup.key([\n  await mfkdf.setup.factors.hotp(),\n  await mfkdf.setup.factors.password('password')\n])\nconst hotp = setup.persistFactor('hotp')\nconst derive = await mfkdf.derive.key(setup.policy, {\n  hotp: mfkdf.derive.factors.persisted(hotp),\n  password: mfkdf.derive.factors.password('password')\n})\nderive.key.toString('hex').should.equal(setup.key.toString('hex'))",
              "err": {},
              "uuid": "0c7d99d3-0b97-401e-af5d-3a89f4fcbba6",
              "parentUUID": "450784ef-e581-4911-8ba7-ec2ad53fe4e2",
              "isHook": false,
              "skipped": false
            },
            {
              "title": "share/type",
              "fullTitle": "persistence share/type",
              "timedOut": false,
              "duration": 0,
              "state": "passed",
              "speed": "fast",
              "pass": true,
              "fail": false,
              "pending": false,
              "context": null,
              "code": "(() => {\n  mfkdf.derive.factors.persisted('12345')\n}).should.throw(TypeError)",
              "err": {},
              "uuid": "39b5db38-b551-42e5-9f36-3bf4c515cdbe",
              "parentUUID": "450784ef-e581-4911-8ba7-ec2ad53fe4e2",
              "isHook": false,
              "skipped": false
            }
          ],
          "suites": [],
          "passes": [
            "0c7d99d3-0b97-401e-af5d-3a89f4fcbba6",
            "39b5db38-b551-42e5-9f36-3bf4c515cdbe"
          ],
          "failures": [],
          "pending": [],
          "skipped": [],
          "duration": 215,
          "root": false,
          "rootEmpty": false,
          "_timeout": 5000
        },
        {
          "uuid": "9519b048-f802-403e-a362-5caba348b3ef",
          "title": "factors/stack",
          "fullFile": "C:\\xampp\\htdocs\\Multifactor\\MFKDF\\test\\factors\\stack.js",
          "file": "\\test\\factors\\stack.js",
          "beforeHooks": [],
          "afterHooks": [],
          "tests": [
            {
              "title": "errors/id/type",
              "fullTitle": "factors/stack errors/id/type",
              "timedOut": false,
              "duration": 1,
              "state": "passed",
              "speed": "slow",
              "pass": true,
              "fail": false,
              "pending": false,
              "context": null,
              "code": "mfkdf.setup.factors.stack([\n  await mfkdf.setup.factors.password('password1', { id: 'password1' }),\n  await mfkdf.setup.factors.password('password2', { id: 'password2' })\n], { id: 12345 }).should.be.rejectedWith(TypeError)",
              "err": {},
              "uuid": "6b0f68e8-29ca-4f70-ae87-77d97c13ad7a",
              "parentUUID": "9519b048-f802-403e-a362-5caba348b3ef",
              "isHook": false,
              "skipped": false
            },
            {
              "title": "errors/id/range",
              "fullTitle": "factors/stack errors/id/range",
              "timedOut": false,
              "duration": 1,
              "state": "passed",
              "speed": "slow",
              "pass": true,
              "fail": false,
              "pending": false,
              "context": null,
              "code": "mfkdf.setup.factors.stack([\n  await mfkdf.setup.factors.password('password1', { id: 'password1' }),\n  await mfkdf.setup.factors.password('password2', { id: 'password2' })\n], { id: '' }).should.be.rejectedWith(RangeError)",
              "err": {},
              "uuid": "abd2d1e4-6430-44c1-a527-656fee450469",
              "parentUUID": "9519b048-f802-403e-a362-5caba348b3ef",
              "isHook": false,
              "skipped": false
            },
            {
              "title": "valid",
              "fullTitle": "factors/stack valid",
              "timedOut": false,
              "duration": 343,
              "state": "passed",
              "speed": "slow",
              "pass": true,
              "fail": false,
              "pending": false,
              "context": null,
              "code": "const setup = await mfkdf.setup.key([\n  await mfkdf.setup.factors.stack([\n    await mfkdf.setup.factors.password('password1', { id: 'password1' }),\n    await mfkdf.setup.factors.password('password2', { id: 'password2' })\n  ], { id: 'stack1' }),\n  await mfkdf.setup.factors.stack([\n    await mfkdf.setup.factors.password('password3', { id: 'password3' }),\n    await mfkdf.setup.factors.password('password4', { id: 'password4' })\n  ], { id: 'stack2' })\n], { threshold: 1 })\nconst derive1 = await mfkdf.derive.key(setup.policy, {\n  stack1: mfkdf.derive.factors.stack({\n    password1: mfkdf.derive.factors.password('password1'),\n    password2: mfkdf.derive.factors.password('password2')\n  })\n})\nconst derive2 = await mfkdf.derive.key(setup.policy, {\n  stack2: mfkdf.derive.factors.stack({\n    password3: mfkdf.derive.factors.password('password3'),\n    password4: mfkdf.derive.factors.password('password4')\n  })\n})\nderive1.key.toString('hex').should.equal(setup.key.toString('hex'))\nderive2.key.toString('hex').should.equal(setup.key.toString('hex'))",
              "err": {},
              "uuid": "18cea9f8-eb3a-4f89-b601-df0e8c903344",
              "parentUUID": "9519b048-f802-403e-a362-5caba348b3ef",
              "isHook": false,
              "skipped": false
            }
          ],
          "suites": [],
          "passes": [
            "6b0f68e8-29ca-4f70-ae87-77d97c13ad7a",
            "abd2d1e4-6430-44c1-a527-656fee450469",
            "18cea9f8-eb3a-4f89-b601-df0e8c903344"
          ],
          "failures": [],
          "pending": [],
          "skipped": [],
          "duration": 345,
          "root": false,
          "rootEmpty": false,
          "_timeout": 5000
        },
        {
          "uuid": "9ca209cd-1c66-442d-a0bd-0a2cd04eb47d",
          "title": "factors/totp",
          "fullFile": "C:\\xampp\\htdocs\\Multifactor\\MFKDF\\test\\factors\\totp.js",
          "file": "\\test\\factors\\totp.js",
          "beforeHooks": [],
          "afterHooks": [],
          "tests": [
            {
              "title": "dynamic",
              "fullTitle": "factors/totp dynamic",
              "timedOut": false,
              "duration": 1058,
              "state": "passed",
              "speed": "slow",
              "pass": true,
              "fail": false,
              "pending": false,
              "context": null,
              "code": "const setup = await mfkdf.setup.key([\n  await mfkdf.setup.factors.totp()\n])\nconst code = parseInt(speakeasy.totp({\n  secret: setup.outputs.totp.secret.toString('hex'),\n  encoding: 'hex',\n  step: setup.outputs.totp.period,\n  algorithm: setup.outputs.totp.algorithm,\n  digits: setup.outputs.totp.digits\n}))\nconst derive1 = await mfkdf.derive.key(setup.policy, {\n  totp: mfkdf.derive.factors.totp(code)\n})\nconst derive2 = await mfkdf.derive.key(derive1.policy, {\n  totp: mfkdf.derive.factors.totp(code)\n})\nconst derive3 = await mfkdf.derive.key(derive2.policy, {\n  totp: mfkdf.derive.factors.totp(code)\n})\nderive1.key.toString('hex').should.equal(setup.key.toString('hex'))\nderive2.key.toString('hex').should.equal(setup.key.toString('hex'))\nderive3.key.toString('hex').should.equal(setup.key.toString('hex'))",
              "err": {},
              "uuid": "18a405c1-ed75-45db-8f78-ff92a757e4aa",
              "parentUUID": "9ca209cd-1c66-442d-a0bd-0a2cd04eb47d",
              "isHook": false,
              "skipped": false
            },
            {
              "title": "static",
              "fullTitle": "factors/totp static",
              "timedOut": false,
              "duration": 789,
              "state": "passed",
              "speed": "slow",
              "pass": true,
              "fail": false,
              "pending": false,
              "context": null,
              "code": "const setup = await mfkdf.setup.key([\n  await mfkdf.setup.factors.totp({\n    secret: Buffer.from('hello world'),\n    time: 1650430806597\n  })\n])\nconst derive1 = await mfkdf.derive.key(setup.policy, {\n  totp: mfkdf.derive.factors.totp(528258, { time: 1650430943604 })\n})\nconst derive2 = await mfkdf.derive.key(derive1.policy, {\n  totp: mfkdf.derive.factors.totp(99922, { time: 1650430991083 })\n})\nconst derive3 = await mfkdf.derive.key(derive1.policy, {\n  totp: mfkdf.derive.factors.totp(398884, { time: 1650431018392 })\n})\nderive1.key.toString('hex').should.equal(setup.key.toString('hex'))\nderive2.key.toString('hex').should.equal(setup.key.toString('hex'))\nderive3.key.toString('hex').should.equal(setup.key.toString('hex'))",
              "err": {},
              "uuid": "df6dbefc-f88a-41ee-81a1-c3df2df5f6b7",
              "parentUUID": "9ca209cd-1c66-442d-a0bd-0a2cd04eb47d",
              "isHook": false,
              "skipped": false
            },
            {
              "title": "defaults",
              "fullTitle": "factors/totp defaults",
              "timedOut": false,
              "duration": 440,
              "state": "passed",
              "speed": "slow",
              "pass": true,
              "fail": false,
              "pending": false,
              "context": null,
              "code": "await mfkdf.setup.key([\n  await mfkdf.setup.factors.totp()\n])",
              "err": {},
              "uuid": "bc9f1bf4-77d0-4c50-862c-4186baf17ef2",
              "parentUUID": "9ca209cd-1c66-442d-a0bd-0a2cd04eb47d",
              "isHook": false,
              "skipped": false
            }
          ],
          "suites": [
            {
              "uuid": "98a6360f-11b9-4174-9b97-ba7fd984bc8a",
              "title": "errors",
              "fullFile": "C:\\xampp\\htdocs\\Multifactor\\MFKDF\\test\\factors\\totp.js",
              "file": "\\test\\factors\\totp.js",
              "beforeHooks": [],
              "afterHooks": [],
              "tests": [
                {
                  "title": "code/type",
                  "fullTitle": "factors/totp errors code/type",
                  "timedOut": false,
                  "duration": 1,
                  "state": "passed",
                  "speed": "slow",
                  "pass": true,
                  "fail": false,
                  "pending": false,
                  "context": null,
                  "code": "(() => {\n  mfkdf.derive.factors.totp('hello')\n}).should.throw(TypeError)",
                  "err": {},
                  "uuid": "f7d5e428-8b24-455a-9011-2d1a8e784d0a",
                  "parentUUID": "98a6360f-11b9-4174-9b97-ba7fd984bc8a",
                  "isHook": false,
                  "skipped": false
                },
                {
                  "title": "code/window",
                  "fullTitle": "factors/totp errors code/window",
                  "timedOut": false,
                  "duration": 430,
                  "state": "passed",
                  "speed": "slow",
                  "pass": true,
                  "fail": false,
                  "pending": false,
                  "context": null,
                  "code": "const setup = await mfkdf.setup.key([\n  await mfkdf.setup.factors.totp({\n    secret: Buffer.from('hello world'),\n    time: 1650430806597\n  })\n])\nmfkdf.derive.key(setup.policy, {\n  totp: mfkdf.derive.factors.totp(528258, { time: 1750430943604 })\n}).should.be.rejectedWith(RangeError)",
                  "err": {},
                  "uuid": "1e253418-976e-44f8-90ab-aea749743a7f",
                  "parentUUID": "98a6360f-11b9-4174-9b97-ba7fd984bc8a",
                  "isHook": false,
                  "skipped": false
                },
                {
                  "title": "time/type",
                  "fullTitle": "factors/totp errors time/type",
                  "timedOut": false,
                  "duration": 1,
                  "state": "passed",
                  "speed": "slow",
                  "pass": true,
                  "fail": false,
                  "pending": false,
                  "context": null,
                  "code": "(() => {\n  mfkdf.derive.factors.totp(12345, { time: 'hello' })\n}).should.throw(TypeError)",
                  "err": {},
                  "uuid": "0d0854bb-52e9-4a47-89eb-a0ec33599adf",
                  "parentUUID": "98a6360f-11b9-4174-9b97-ba7fd984bc8a",
                  "isHook": false,
                  "skipped": false
                },
                {
                  "title": "time/range",
                  "fullTitle": "factors/totp errors time/range",
                  "timedOut": false,
                  "duration": 0,
                  "state": "passed",
                  "speed": "fast",
                  "pass": true,
                  "fail": false,
                  "pending": false,
                  "context": null,
                  "code": "(() => {\n  mfkdf.derive.factors.totp(12345, { time: -1 })\n}).should.throw(RangeError)",
                  "err": {},
                  "uuid": "7653232b-33ac-4da2-9947-e9e2aa8b8cc8",
                  "parentUUID": "98a6360f-11b9-4174-9b97-ba7fd984bc8a",
                  "isHook": false,
                  "skipped": false
                },
                {
                  "title": "id/type",
                  "fullTitle": "factors/totp errors id/type",
                  "timedOut": false,
                  "duration": 0,
                  "state": "passed",
                  "speed": "fast",
                  "pass": true,
                  "fail": false,
                  "pending": false,
                  "context": null,
                  "code": "mfkdf.setup.factors.totp({\n  secret: Buffer.from('hello world'),\n  id: 12345\n}).should.be.rejectedWith(TypeError)",
                  "err": {},
                  "uuid": "2bee7bb7-b84c-4dd1-b9ff-09e354777797",
                  "parentUUID": "98a6360f-11b9-4174-9b97-ba7fd984bc8a",
                  "isHook": false,
                  "skipped": false
                },
                {
                  "title": "id/range",
                  "fullTitle": "factors/totp errors id/range",
                  "timedOut": false,
                  "duration": 0,
                  "state": "passed",
                  "speed": "fast",
                  "pass": true,
                  "fail": false,
                  "pending": false,
                  "context": null,
                  "code": "mfkdf.setup.factors.totp({\n  secret: Buffer.from('hello world'),\n  id: ''\n}).should.be.rejectedWith(RangeError)",
                  "err": {},
                  "uuid": "cd13b69f-c3ab-4eef-8a04-2c5cd92cce11",
                  "parentUUID": "98a6360f-11b9-4174-9b97-ba7fd984bc8a",
                  "isHook": false,
                  "skipped": false
                },
                {
                  "title": "digits/type",
                  "fullTitle": "factors/totp errors digits/type",
                  "timedOut": false,
                  "duration": 1,
                  "state": "passed",
                  "speed": "slow",
                  "pass": true,
                  "fail": false,
                  "pending": false,
                  "context": null,
                  "code": "mfkdf.setup.factors.totp({\n  secret: Buffer.from('hello world'),\n  digits: 'hello'\n}).should.be.rejectedWith(TypeError)",
                  "err": {},
                  "uuid": "081c1105-b8c7-4093-83a8-8af476bdbeea",
                  "parentUUID": "98a6360f-11b9-4174-9b97-ba7fd984bc8a",
                  "isHook": false,
                  "skipped": false
                },
                {
                  "title": "digits/low",
                  "fullTitle": "factors/totp errors digits/low",
                  "timedOut": false,
                  "duration": 0,
                  "state": "passed",
                  "speed": "fast",
                  "pass": true,
                  "fail": false,
                  "pending": false,
                  "context": null,
                  "code": "mfkdf.setup.factors.totp({\n  secret: Buffer.from('hello world'),\n  digits: 4\n}).should.be.rejectedWith(RangeError)",
                  "err": {},
                  "uuid": "9240c47d-3f72-47bd-8054-469ce32a77a7",
                  "parentUUID": "98a6360f-11b9-4174-9b97-ba7fd984bc8a",
                  "isHook": false,
                  "skipped": false
                },
                {
                  "title": "digits/high",
                  "fullTitle": "factors/totp errors digits/high",
                  "timedOut": false,
                  "duration": 0,
                  "state": "passed",
                  "speed": "fast",
                  "pass": true,
                  "fail": false,
                  "pending": false,
                  "context": null,
                  "code": "mfkdf.setup.factors.totp({\n  secret: Buffer.from('hello world'),\n  digits: 9\n}).should.be.rejectedWith(RangeError)",
                  "err": {},
                  "uuid": "96409de3-674f-46aa-b18f-7bafbd5ae693",
                  "parentUUID": "98a6360f-11b9-4174-9b97-ba7fd984bc8a",
                  "isHook": false,
                  "skipped": false
                },
                {
                  "title": "hash/range",
                  "fullTitle": "factors/totp errors hash/range",
                  "timedOut": false,
                  "duration": 0,
                  "state": "passed",
                  "speed": "fast",
                  "pass": true,
                  "fail": false,
                  "pending": false,
                  "context": null,
                  "code": "await mfkdf.setup.factors.totp({\n  secret: Buffer.from('hello world'),\n  hash: 'sha123'\n}).should.be.rejectedWith(RangeError)",
                  "err": {},
                  "uuid": "7b207b76-b6e6-4de1-8542-64fa1635aff3",
                  "parentUUID": "98a6360f-11b9-4174-9b97-ba7fd984bc8a",
                  "isHook": false,
                  "skipped": false
                },
                {
                  "title": "secret/type",
                  "fullTitle": "factors/totp errors secret/type",
                  "timedOut": false,
                  "duration": 1,
                  "state": "passed",
                  "speed": "slow",
                  "pass": true,
                  "fail": false,
                  "pending": false,
                  "context": null,
                  "code": "mfkdf.setup.factors.totp({\n  secret: 'hello'\n}).should.be.rejectedWith(TypeError)",
                  "err": {},
                  "uuid": "5a03f8c3-9e25-43fd-ad60-92bef198db6c",
                  "parentUUID": "98a6360f-11b9-4174-9b97-ba7fd984bc8a",
                  "isHook": false,
                  "skipped": false
                },
                {
                  "title": "time/type",
                  "fullTitle": "factors/totp errors time/type",
                  "timedOut": false,
                  "duration": 0,
                  "state": "passed",
                  "speed": "fast",
                  "pass": true,
                  "fail": false,
                  "pending": false,
                  "context": null,
                  "code": "mfkdf.setup.factors.totp({\n  time: 'hello'\n}).should.be.rejectedWith(TypeError)",
                  "err": {},
                  "uuid": "2f71e8b7-b94e-4570-80e8-88a023dc75bb",
                  "parentUUID": "98a6360f-11b9-4174-9b97-ba7fd984bc8a",
                  "isHook": false,
                  "skipped": false
                },
                {
                  "title": "time/range",
                  "fullTitle": "factors/totp errors time/range",
                  "timedOut": false,
                  "duration": 0,
                  "state": "passed",
                  "speed": "fast",
                  "pass": true,
                  "fail": false,
                  "pending": false,
                  "context": null,
                  "code": "mfkdf.setup.factors.totp({\n  time: -1\n}).should.be.rejectedWith(RangeError)",
                  "err": {},
                  "uuid": "1f328988-8560-4115-82df-45dd09205104",
                  "parentUUID": "98a6360f-11b9-4174-9b97-ba7fd984bc8a",
                  "isHook": false,
                  "skipped": false
                },
                {
                  "title": "step/type",
                  "fullTitle": "factors/totp errors step/type",
                  "timedOut": false,
                  "duration": 0,
                  "state": "passed",
                  "speed": "fast",
                  "pass": true,
                  "fail": false,
                  "pending": false,
                  "context": null,
                  "code": "mfkdf.setup.factors.totp({\n  step: 'hello'\n}).should.be.rejectedWith(TypeError)",
                  "err": {},
                  "uuid": "c63fbd06-2907-4ead-aa40-a171a0ef05c9",
                  "parentUUID": "98a6360f-11b9-4174-9b97-ba7fd984bc8a",
                  "isHook": false,
                  "skipped": false
                },
                {
                  "title": "step/range",
                  "fullTitle": "factors/totp errors step/range",
                  "timedOut": false,
                  "duration": 0,
                  "state": "passed",
                  "speed": "fast",
                  "pass": true,
                  "fail": false,
                  "pending": false,
                  "context": null,
                  "code": "mfkdf.setup.factors.totp({\n  step: -1\n}).should.be.rejectedWith(RangeError)",
                  "err": {},
                  "uuid": "89072898-aae6-4048-a03f-dcf5df2964e8",
                  "parentUUID": "98a6360f-11b9-4174-9b97-ba7fd984bc8a",
                  "isHook": false,
                  "skipped": false
                },
                {
                  "title": "window/type",
                  "fullTitle": "factors/totp errors window/type",
                  "timedOut": false,
                  "duration": 0,
                  "state": "passed",
                  "speed": "fast",
                  "pass": true,
                  "fail": false,
                  "pending": false,
                  "context": null,
                  "code": "mfkdf.setup.factors.totp({\n  window: 'hello'\n}).should.be.rejectedWith(TypeError)",
                  "err": {},
                  "uuid": "f51a9683-d5ed-47d9-88ef-258a41251268",
                  "parentUUID": "98a6360f-11b9-4174-9b97-ba7fd984bc8a",
                  "isHook": false,
                  "skipped": false
                },
                {
                  "title": "window/range",
                  "fullTitle": "factors/totp errors window/range",
                  "timedOut": false,
                  "duration": 0,
                  "state": "passed",
                  "speed": "fast",
                  "pass": true,
                  "fail": false,
                  "pending": false,
                  "context": null,
[...]
                  "err": {},
                  "uuid": "64d0699c-c91b-4887-b4c6-5ea055d62b5e",
                  "parentUUID": "dbc7bd4a-d496-4d92-bcd8-f3d491882f12",
                  "isHook": false,
                  "skipped": false
                },
                {
                  "title": "invalid/range",
                  "fullTitle": "setup/key id invalid/range",
                  "timedOut": false,
                  "duration": 0,
                  "state": "passed",
                  "speed": "fast",
                  "pass": true,
                  "fail": false,
                  "pending": false,
                  "context": null,
                  "code": "mfkdf.setup.key([\n  await mfkdf.setup.factors.password('hello')\n], { id: '' }).should.be.rejectedWith(RangeError)",
                  "err": {},
                  "uuid": "0d713516-d78d-4869-b648-4514df033fed",
                  "parentUUID": "dbc7bd4a-d496-4d92-bcd8-f3d491882f12",
                  "isHook": false,
                  "skipped": false
                }
              ],
              "suites": [],
              "passes": [
                "ed3a1a6e-9ea2-4a5a-87bf-55944a727b89",
                "45e4a0bb-95a3-433f-944b-dd4cc83b391f",
                "64d0699c-c91b-4887-b4c6-5ea055d62b5e",
                "0d713516-d78d-4869-b648-4514df033fed"
              ],
              "failures": [],
              "pending": [],
              "skipped": [],
              "duration": 210,
              "root": false,
              "rootEmpty": false,
              "_timeout": 5000
            },
            {
              "uuid": "d2e1c342-f214-4e56-8c54-fb5fad34e8f5",
              "title": "size",
              "fullFile": "C:\\xampp\\htdocs\\Multifactor\\MFKDF\\test\\setup\\key.js",
              "file": "\\test\\setup\\key.js",
              "beforeHooks": [],
              "afterHooks": [],
              "tests": [
                {
                  "title": "default",
                  "fullTitle": "setup/key size default",
                  "timedOut": false,
                  "duration": 102,
                  "state": "passed",
                  "speed": "slow",
                  "pass": true,
                  "fail": false,
                  "pending": false,
                  "context": null,
                  "code": "const { policy } = await mfkdf.setup.key([\n  await mfkdf.setup.factors.password('hello')\n])\npolicy.size.should.equal(32)",
                  "err": {},
                  "uuid": "2b4bf534-3666-46dd-9f62-c1708fafe947",
                  "parentUUID": "d2e1c342-f214-4e56-8c54-fb5fad34e8f5",
                  "isHook": false,
                  "skipped": false
                },
                {
                  "title": "valid",
                  "fullTitle": "setup/key size valid",
                  "timedOut": false,
                  "duration": 103,
                  "state": "passed",
                  "speed": "slow",
                  "pass": true,
                  "fail": false,
                  "pending": false,
                  "context": null,
                  "code": "const { policy } = await mfkdf.setup.key([\n  await mfkdf.setup.factors.password('hello')\n], { size: 64 })\npolicy.size.should.equal(64)",
                  "err": {},
                  "uuid": "1819b815-814a-48da-85cf-3342b6b48e00",
                  "parentUUID": "d2e1c342-f214-4e56-8c54-fb5fad34e8f5",
                  "isHook": false,
                  "skipped": false
                },
                {
                  "title": "invalid/type",
                  "fullTitle": "setup/key size invalid/type",
                  "timedOut": false,
                  "duration": 0,
                  "state": "passed",
                  "speed": "fast",
                  "pass": true,
                  "fail": false,
                  "pending": false,
                  "context": null,
                  "code": "mfkdf.setup.key([\n  await mfkdf.setup.factors.password('hello')\n], { size: 'hello' }).should.be.rejectedWith(TypeError)",
                  "err": {},
                  "uuid": "ce839737-2c84-482f-88af-318533b918f8",
                  "parentUUID": "d2e1c342-f214-4e56-8c54-fb5fad34e8f5",
                  "isHook": false,
                  "skipped": false
                },
                {
                  "title": "invalid/range",
                  "fullTitle": "setup/key size invalid/range",
                  "timedOut": false,
                  "duration": 1,
                  "state": "passed",
                  "speed": "slow",
                  "pass": true,
                  "fail": false,
                  "pending": false,
                  "context": null,
                  "code": "mfkdf.setup.key([\n  await mfkdf.setup.factors.password('hello')\n], { size: 0 }).should.be.rejectedWith(RangeError)",
                  "err": {},
                  "uuid": "46f79c1a-d723-4062-adb8-bb673a5b46d0",
                  "parentUUID": "d2e1c342-f214-4e56-8c54-fb5fad34e8f5",
                  "isHook": false,
                  "skipped": false
                }
              ],
              "suites": [],
              "passes": [
                "2b4bf534-3666-46dd-9f62-c1708fafe947",
                "1819b815-814a-48da-85cf-3342b6b48e00",
                "ce839737-2c84-482f-88af-318533b918f8",
                "46f79c1a-d723-4062-adb8-bb673a5b46d0"
              ],
              "failures": [],
              "pending": [],
              "skipped": [],
              "duration": 206,
              "root": false,
              "rootEmpty": false,
              "_timeout": 5000
            },
            {
              "uuid": "b0a13e0b-4267-4a76-9de5-b17574e94397",
              "title": "threshold",
              "fullFile": "C:\\xampp\\htdocs\\Multifactor\\MFKDF\\test\\setup\\key.js",
              "file": "\\test\\setup\\key.js",
              "beforeHooks": [],
              "afterHooks": [],
              "tests": [
                {
                  "title": "default",
                  "fullTitle": "setup/key threshold default",
                  "timedOut": false,
                  "duration": 102,
                  "state": "passed",
                  "speed": "slow",
                  "pass": true,
                  "fail": false,
                  "pending": false,
                  "context": null,
                  "code": "const { policy } = await mfkdf.setup.key([\n  await mfkdf.setup.factors.password('hello', { id: 'password1' }),\n  await mfkdf.setup.factors.password('hello', { id: 'password2' })\n])\npolicy.threshold.should.equal(2)",
                  "err": {},
                  "uuid": "6b8fc412-c79a-4d12-b861-0bdc1c3bd523",
                  "parentUUID": "b0a13e0b-4267-4a76-9de5-b17574e94397",
                  "isHook": false,
                  "skipped": false
                },
                {
                  "title": "valid",
                  "fullTitle": "setup/key threshold valid",
                  "timedOut": false,
                  "duration": 102,
                  "state": "passed",
                  "speed": "slow",
                  "pass": true,
                  "fail": false,
                  "pending": false,
                  "context": null,
                  "code": "const { policy } = await mfkdf.setup.key([\n  await mfkdf.setup.factors.password('hello', { id: 'password1' }),\n  await mfkdf.setup.factors.password('hello', { id: 'password2' })\n], { threshold: 1 })\npolicy.threshold.should.equal(1)",
                  "err": {},
                  "uuid": "28b074c7-aaac-4784-8c62-eddc8fe6e743",
                  "parentUUID": "b0a13e0b-4267-4a76-9de5-b17574e94397",
                  "isHook": false,
                  "skipped": false
                },
                {
                  "title": "invalid/type",
                  "fullTitle": "setup/key threshold invalid/type",
                  "timedOut": false,
                  "duration": 1,
                  "state": "passed",
                  "speed": "slow",
                  "pass": true,
                  "fail": false,
                  "pending": false,
                  "context": null,
                  "code": "mfkdf.setup.key([\n  await mfkdf.setup.factors.password('hello')\n], { threshold: 'hello' }).should.be.rejectedWith(TypeError)",
                  "err": {},
                  "uuid": "e417a2ef-a03c-418b-b5e5-65dbd8b44683",
                  "parentUUID": "b0a13e0b-4267-4a76-9de5-b17574e94397",
                  "isHook": false,
                  "skipped": false
                },
                {
                  "title": "invalid/range",
                  "fullTitle": "setup/key threshold invalid/range",
                  "timedOut": false,
                  "duration": 0,
                  "state": "passed",
                  "speed": "fast",
                  "pass": true,
                  "fail": false,
                  "pending": false,
                  "context": null,
                  "code": "mfkdf.setup.key([\n  await mfkdf.setup.factors.password('hello')\n], { threshold: 0 }).should.be.rejectedWith(RangeError)\nmfkdf.setup.key([\n  await mfkdf.setup.factors.password('hello')\n], { threshold: 2 }).should.be.rejectedWith(RangeError)",
                  "err": {},
                  "uuid": "ac184e1d-f260-4164-8d39-0bee193796a0",
                  "parentUUID": "b0a13e0b-4267-4a76-9de5-b17574e94397",
                  "isHook": false,
                  "skipped": false
                }
              ],
              "suites": [],
              "passes": [
                "6b8fc412-c79a-4d12-b861-0bdc1c3bd523",
                "28b074c7-aaac-4784-8c62-eddc8fe6e743",
                "e417a2ef-a03c-418b-b5e5-65dbd8b44683",
                "ac184e1d-f260-4164-8d39-0bee193796a0"
              ],
              "failures": [],
              "pending": [],
              "skipped": [],
              "duration": 205,
              "root": false,
              "rootEmpty": false,
              "_timeout": 5000
            },
            {
              "uuid": "d15b09d2-a751-45da-8bf6-60bfb183dd61",
              "title": "salt",
              "fullFile": "C:\\xampp\\htdocs\\Multifactor\\MFKDF\\test\\setup\\key.js",
              "file": "\\test\\setup\\key.js",
              "beforeHooks": [],
              "afterHooks": [],
              "tests": [
                {
                  "title": "default",
                  "fullTitle": "setup/key salt default",
                  "timedOut": false,
                  "duration": 104,
                  "state": "passed",
                  "speed": "slow",
                  "pass": true,
                  "fail": false,
                  "pending": false,
                  "context": null,
                  "code": "const { policy } = await mfkdf.setup.key([\n  await mfkdf.setup.factors.password('hello')\n], { size: 48 })\nconst salt = Buffer.from(policy.salt, 'base64')\nsalt.length.should.equal(48)",
                  "err": {},
                  "uuid": "6837aab9-8118-4aef-8c7b-af8b250aca3e",
                  "parentUUID": "d15b09d2-a751-45da-8bf6-60bfb183dd61",
                  "isHook": false,
                  "skipped": false
                },
                {
                  "title": "valid",
                  "fullTitle": "setup/key salt valid",
                  "timedOut": false,
                  "duration": 103,
                  "state": "passed",
                  "speed": "slow",
                  "pass": true,
                  "fail": false,
                  "pending": false,
                  "context": null,
                  "code": "const { policy } = await mfkdf.setup.key([\n  await mfkdf.setup.factors.password('hello')\n], { salt: Buffer.from('12345678', 'base64') })\npolicy.salt.should.equal('12345678')",
                  "err": {},
                  "uuid": "9055dc88-5921-4b67-a980-c0fec65cfbff",
                  "parentUUID": "d15b09d2-a751-45da-8bf6-60bfb183dd61",
                  "isHook": false,
                  "skipped": false
                },
                {
                  "title": "invalid/type",
                  "fullTitle": "setup/key salt invalid/type",
                  "timedOut": false,
                  "duration": 0,
                  "state": "passed",
                  "speed": "fast",
                  "pass": true,
                  "fail": false,
                  "pending": false,
                  "context": null,
                  "code": "mfkdf.setup.key([\n  await mfkdf.setup.factors.password('hello')\n], { salt: 'hello' }).should.be.rejectedWith(TypeError)",
                  "err": {},
                  "uuid": "06acae05-42c0-4b8d-8e91-b9bea13cfff5",
                  "parentUUID": "d15b09d2-a751-45da-8bf6-60bfb183dd61",
                  "isHook": false,
                  "skipped": false
                }
              ],
              "suites": [],
              "passes": [
                "6837aab9-8118-4aef-8c7b-af8b250aca3e",
                "9055dc88-5921-4b67-a980-c0fec65cfbff",
                "06acae05-42c0-4b8d-8e91-b9bea13cfff5"
              ],
              "failures": [],
              "pending": [],
              "skipped": [],
              "duration": 207,
              "root": false,
              "rootEmpty": false,
              "_timeout": 5000
            },
            {
              "uuid": "fdad504f-a63e-4d96-8fb6-11460976fae0",
              "title": "factors",
              "fullFile": "C:\\xampp\\htdocs\\Multifactor\\MFKDF\\test\\setup\\key.js",
              "file": "\\test\\setup\\key.js",
              "beforeHooks": [],
              "afterHooks": [],
              "tests": [
                {
                  "title": "valid",
                  "fullTitle": "setup/key factors valid",
                  "timedOut": false,
                  "duration": 102,
                  "state": "passed",
                  "speed": "slow",
                  "pass": true,
                  "fail": false,
                  "pending": false,
                  "context": null,
                  "code": "await mfkdf.setup.key([\n  {\n    type: 'password',\n    id: 'password',\n    data: Buffer.from('password', 'utf-8'),\n    params: async () => {\n      return {}\n    },\n    output: async () => {\n      return {}\n    }\n  }\n])",
                  "err": {},
                  "uuid": "ed804dff-8851-4613-8863-56d1713f1b59",
                  "parentUUID": "fdad504f-a63e-4d96-8fb6-11460976fae0",
                  "isHook": false,
                  "skipped": false
                },
                {
                  "title": "id",
                  "fullTitle": "setup/key factors id",
                  "timedOut": false,
                  "duration": 1,
                  "state": "passed",
                  "speed": "slow",
                  "pass": true,
                  "fail": false,
                  "pending": false,
                  "context": null,
                  "code": "mfkdf.setup.key([\n  await mfkdf.setup.factors.password('hello', { id: 'password1' }),\n  await mfkdf.setup.factors.password('hello', { id: 'password1' })\n]).should.be.rejectedWith(RangeError)",
                  "err": {},
                  "uuid": "45544810-440f-45b5-8412-7d45fa337b55",
                  "parentUUID": "fdad504f-a63e-4d96-8fb6-11460976fae0",
                  "isHook": false,
                  "skipped": false
                },
                {
                  "title": "invalid/type",
                  "fullTitle": "setup/key factors invalid/type",
                  "timedOut": false,
                  "duration": 0,
                  "state": "passed",
                  "speed": "fast",
                  "pass": true,
                  "fail": false,
                  "pending": false,
                  "context": null,
                  "code": "mfkdf.setup.key('hello').should.be.rejectedWith(TypeError)\nmfkdf.setup.key([\n  {\n    type: 12345,\n    id: 'password',\n    data: Buffer.from('password', 'utf-8'),\n    params: async () => {\n      return {}\n    }\n  }\n]).should.be.rejectedWith(TypeError)\nmfkdf.setup.key([\n  {\n    type: 'password',\n    id: 12345,\n    data: Buffer.from('password', 'utf-8'),\n    params: async () => {\n      return {}\n    }\n  }\n]).should.be.rejectedWith(TypeError)\nmfkdf.setup.key([\n  {\n    type: 'password',\n    id: 'password',\n    data: 12345,\n    params: async () => {\n      return {}\n    }\n  }\n]).should.be.rejectedWith(TypeError)\nmfkdf.setup.key([\n  {\n    type: 'password',\n    id: 'password',\n    data: Buffer.from('password', 'utf-8'),\n    params: 12345\n  }\n]).should.be.rejectedWith(TypeError)",
                  "err": {},
                  "uuid": "e7a0fc92-c592-4642-b85d-6ce807627aae",
                  "parentUUID": "fdad504f-a63e-4d96-8fb6-11460976fae0",
                  "isHook": false,
                  "skipped": false
                },
                {
                  "title": "invalid/range",
                  "fullTitle": "setup/key factors invalid/range",
                  "timedOut": false,
                  "duration": 1,
                  "state": "passed",
                  "speed": "slow",
                  "pass": true,
                  "fail": false,
                  "pending": false,
                  "context": null,
                  "code": "mfkdf.setup.key([\n]).should.be.rejectedWith(RangeError)\nmfkdf.setup.key([\n  {\n    type: '',\n    id: 'password',\n    data: Buffer.from('password', 'utf-8'),\n    params: async () => {\n      return {}\n    }\n  }\n]).should.be.rejectedWith(RangeError)\nmfkdf.setup.key([\n  {\n    type: 'password',\n    id: '',\n    data: Buffer.from('password', 'utf-8'),\n    params: async () => {\n      return {}\n    }\n  }\n]).should.be.rejectedWith(RangeError)\nmfkdf.setup.key([\n  {\n    type: 'password',\n    id: 'password',\n    data: Buffer.from('', 'utf-8'),\n    params: async () => {\n      return {}\n    }\n  }\n]).should.be.rejectedWith(RangeError)",
                  "err": {},
                  "uuid": "b031f239-ccef-43c7-aa80-5e865c3e23df",
                  "parentUUID": "fdad504f-a63e-4d96-8fb6-11460976fae0",
                  "isHook": false,
                  "skipped": false
                }
              ],
              "suites": [],
              "passes": [
                "ed804dff-8851-4613-8863-56d1713f1b59",
                "45544810-440f-45b5-8412-7d45fa337b55",
                "e7a0fc92-c592-4642-b85d-6ce807627aae",
                "b031f239-ccef-43c7-aa80-5e865c3e23df"
              ],
              "failures": [],
              "pending": [],
              "skipped": [],
              "duration": 104,
              "root": false,
              "rootEmpty": false,
              "_timeout": 5000
            }
          ],
          "passes": [
            "293e19a1-6afc-40a5-b6ed-45772f4dfaf7"
          ],
          "failures": [],
          "pending": [],
          "skipped": [],
          "duration": 109,
          "root": false,
          "rootEmpty": false,
          "_timeout": 5000
        }
      ],
      "passes": [],
      "failures": [],
      "pending": [],
      "skipped": [],
      "duration": 0,
      "root": true,
      "rootEmpty": true,
      "_timeout": 5000
    }
  ],
  "meta": {
    "mocha": {
      "version": "9.2.2"
    },
    "mochawesome": {
      "options": {
        "quiet": false,
        "reportFilename": "mochawesome",
        "saveHtml": true,
        "saveJson": true,
        "consoleReporter": "spec",
        "useInlineDiffs": false,
        "code": true
      },
      "version": "7.1.3"
    },
    "marge": {
      "options": {
        "reportDir": "./site/tests"
      },
      "version": "6.2.0"
    }
  }
}