{
  "stats": {
    "suites": 66,
    "tests": 258,
    "passes": 258,
    "pending": 0,
    "failures": 0,
    "start": "2022-04-26T20:34:44.972Z",
    "end": "2022-04-26T20:35:57.663Z",
    "duration": 72691,
    "testsRegistered": 258,
    "passPercent": 100,
    "pendingPercent": 0,
    "other": 0,
    "hasOther": false,
    "skipped": 0,
    "hasSkipped": false
  },
  "results": [
    {
      "uuid": "6afb5e76-7bd6-4ec6-9496-0b81be197a45",
      "title": "",
      "fullFile": "",
      "file": "",
      "beforeHooks": [],
      "afterHooks": [],
      "tests": [],
      "suites": [
        {
          "uuid": "51d3f6e0-c1f7-4335-baa2-9bba17bc6b3a",
          "title": "asymmetric",
          "fullFile": "C:\\xampp\\htdocs\\Multifactor\\MFKDF\\test\\crypto\\asymmetric.js",
          "file": "\\test\\crypto\\asymmetric.js",
          "beforeHooks": [],
          "afterHooks": [],
          "tests": [],
          "suites": [
            {
              "uuid": "2af41b24-16e6-4ded-96bc-21d56202677a",
              "title": "encryption",
              "fullFile": "C:\\xampp\\htdocs\\Multifactor\\MFKDF\\test\\crypto\\asymmetric.js",
              "file": "\\test\\crypto\\asymmetric.js",
              "beforeHooks": [],
              "afterHooks": [],
              "tests": [
                {
                  "title": "rsa1024",
                  "fullTitle": "asymmetric encryption rsa1024",
                  "timedOut": false,
                  "duration": 227,
                  "state": "passed",
                  "speed": "slow",
                  "pass": true,
                  "fail": false,
                  "pending": false,
                  "context": null,
                  "code": "const setup = await mfkdf.setup.key([\n  await mfkdf.setup.factors.uuid({ id: 'uuid1', uuid: '9b1deb4d-3b7d-4bad-9bdd-2b0d7b3dcb6d' })\n])\nconst ct = await setup.encrypt('hello world', 'rsa1024')\nconst pt = await setup.decrypt(ct, 'rsa1024')\npt.toString().should.equal('hello world')",
                  "err": {},
                  "uuid": "3d2e4bc8-67bc-4f8a-a7c1-5fcbdd138bd4",
                  "parentUUID": "2af41b24-16e6-4ded-96bc-21d56202677a",
                  "isHook": false,
                  "skipped": false
                },
                {
                  "title": "rsa2048",
                  "fullTitle": "asymmetric encryption rsa2048",
                  "timedOut": false,
                  "duration": 2187,
                  "state": "passed",
                  "speed": "slow",
                  "pass": true,
                  "fail": false,
                  "pending": false,
                  "context": null,
                  "code": "const setup = await mfkdf.setup.key([\n  await mfkdf.setup.factors.uuid({ id: 'uuid1', uuid: '9b1deb4d-3b7d-4bad-9bdd-2b0d7b3dcb6d' })\n])\nconst ct = await setup.encrypt('hello world', 'rsa2048')\nconst pt = await setup.decrypt(ct, 'rsa2048')\npt.toString().should.equal('hello world')",
                  "err": {},
                  "uuid": "16608ce0-40e7-44f5-8fe8-830e9614675b",
                  "parentUUID": "2af41b24-16e6-4ded-96bc-21d56202677a",
                  "isHook": false,
                  "skipped": false
                }
              ],
              "suites": [],
              "passes": [
                "3d2e4bc8-67bc-4f8a-a7c1-5fcbdd138bd4",
                "16608ce0-40e7-44f5-8fe8-830e9614675b"
              ],
              "failures": [],
              "pending": [],
              "skipped": [],
              "duration": 2414,
              "root": false,
              "rootEmpty": false,
              "_timeout": 5000
            },
            {
              "uuid": "797b9f10-d196-4177-99a1-ab82d9b52cf4",
              "title": "signatures",
              "fullFile": "C:\\xampp\\htdocs\\Multifactor\\MFKDF\\test\\crypto\\asymmetric.js",
              "file": "\\test\\crypto\\asymmetric.js",
              "beforeHooks": [],
              "afterHooks": [],
              "tests": [
                {
                  "title": "rsa1024",
                  "fullTitle": "asymmetric signatures rsa1024",
                  "timedOut": false,
                  "duration": 186,
                  "state": "passed",
                  "speed": "slow",
                  "pass": true,
                  "fail": false,
                  "pending": false,
                  "context": null,
                  "code": "const setup = await mfkdf.setup.key([\n  await mfkdf.setup.factors.uuid({ id: 'uuid1', uuid: '9b1deb4d-3b7d-4bad-9bdd-2b0d7b3dcb6d' })\n])\nconst signature = await setup.sign('hello world', 'rsa1024')\nconst validity = await setup.verify('hello world', signature, 'rsa1024')\nvalidity.should.be.true",
                  "err": {},
                  "uuid": "9ef96eec-4036-4dbd-aae0-299bce3ec58e",
                  "parentUUID": "797b9f10-d196-4177-99a1-ab82d9b52cf4",
                  "isHook": false,
                  "skipped": false
                },
                {
                  "title": "rsa2048",
                  "fullTitle": "asymmetric signatures rsa2048",
                  "timedOut": false,
                  "duration": 3843,
                  "state": "passed",
                  "speed": "slow",
                  "pass": true,
                  "fail": false,
                  "pending": false,
                  "context": null,
                  "code": "const setup = await mfkdf.setup.key([\n  await mfkdf.setup.factors.uuid({ id: 'uuid1', uuid: '9b1deb4d-3b7d-4bad-9bdd-2b0d7b3dcb6d' })\n])\nconst signature = await setup.sign('hello world', 'rsa2048')\nconst validity = await setup.verify('hello world', signature, 'rsa2048')\nvalidity.should.be.true",
                  "err": {},
                  "uuid": "85502e05-79dc-4225-af22-11617217de20",
                  "parentUUID": "797b9f10-d196-4177-99a1-ab82d9b52cf4",
                  "isHook": false,
                  "skipped": false
                },
                {
                  "title": "rsa3072",
                  "fullTitle": "asymmetric signatures rsa3072",
                  "timedOut": false,
                  "duration": 11719,
                  "state": "passed",
                  "speed": "slow",
                  "pass": true,
                  "fail": false,
                  "pending": false,
                  "context": null,
                  "code": "const setup = await mfkdf.setup.key([\n  await mfkdf.setup.factors.uuid({ id: 'uuid1', uuid: '9b1deb4d-3b7d-4bad-9bdd-2b0d7b3dcb6d' })\n])\nconst signature = await setup.sign('hello world', 'rsa3072')\nconst validity = await setup.verify('hello world', signature, 'rsa3072')\nvalidity.should.be.true",
                  "err": {},
                  "uuid": "7e0a65ba-f284-4f37-aad0-0ecace60a50d",
                  "parentUUID": "797b9f10-d196-4177-99a1-ab82d9b52cf4",
                  "isHook": false,
                  "skipped": false
                },
                {
                  "title": "defaults",
                  "fullTitle": "asymmetric signatures defaults",
                  "timedOut": false,
                  "duration": 5628,
                  "state": "passed",
                  "speed": "slow",
                  "pass": true,
                  "fail": false,
                  "pending": false,
                  "context": null,
                  "code": "const setup = await mfkdf.setup.key([\n  await mfkdf.setup.factors.uuid({ id: 'uuid1', uuid: '9b1deb4d-3b7d-4bad-9bdd-2b0d7b3dcb6d' })\n])\nconst signature = await setup.sign('hello world')\nconst validity = await setup.verify('hello world', signature)\nvalidity.should.be.true\nawait setup.getAsymmetricKeyPair()",
                  "err": {},
                  "uuid": "28cef469-ee10-4ae8-9678-7cfc77ff50fd",
                  "parentUUID": "797b9f10-d196-4177-99a1-ab82d9b52cf4",
                  "isHook": false,
                  "skipped": false
                },
                {
                  "title": "ed25519",
                  "fullTitle": "asymmetric signatures ed25519",
                  "timedOut": false,
                  "duration": 114,
                  "state": "passed",
                  "speed": "slow",
                  "pass": true,
                  "fail": false,
                  "pending": false,
                  "context": null,
                  "code": "const setup = await mfkdf.setup.key([\n  await mfkdf.setup.factors.uuid({ id: 'uuid1', uuid: '9b1deb4d-3b7d-4bad-9bdd-2b0d7b3dcb6d' })\n])\nawait setup.getAsymmetricKeyPair('ed25519')",
                  "err": {},
                  "uuid": "72727d4b-befe-4441-a81e-e3bb617b445d",
                  "parentUUID": "797b9f10-d196-4177-99a1-ab82d9b52cf4",
                  "isHook": false,
                  "skipped": false
                },
                {
                  "title": "unknown",
                  "fullTitle": "asymmetric signatures unknown",
                  "timedOut": false,
                  "duration": 102,
                  "state": "passed",
                  "speed": "slow",
                  "pass": true,
                  "fail": false,
                  "pending": false,
                  "context": null,
                  "code": "const setup = await mfkdf.setup.key([\n  await mfkdf.setup.factors.uuid({ id: 'uuid1', uuid: '9b1deb4d-3b7d-4bad-9bdd-2b0d7b3dcb6d' })\n])\nsetup.getAsymmetricKeyPair('unknown').should.be.rejectedWith(RangeError)",
                  "err": {},
                  "uuid": "7c0dc54d-aca0-45b7-a905-c095887077ab",
                  "parentUUID": "797b9f10-d196-4177-99a1-ab82d9b52cf4",
                  "isHook": false,
                  "skipped": false
                },
                {
                  "title": "errors",
                  "fullTitle": "asymmetric signatures errors",
                  "timedOut": false,
                  "duration": 12673,
                  "state": "passed",
                  "speed": "slow",
                  "pass": true,
                  "fail": false,
                  "pending": false,
                  "context": null,
                  "code": "const setup = await mfkdf.setup.key([\n  await mfkdf.setup.factors.uuid({ id: 'uuid1', uuid: '9b1deb4d-3b7d-4bad-9bdd-2b0d7b3dcb6d' })\n])\nsetup.sign(12345, 'rsa1024').should.be.rejectedWith(TypeError)\nconst signature = await setup.sign('hello world')\nsetup.verify(12345, signature).should.be.rejectedWith(TypeError)",
                  "err": {},
                  "uuid": "5e8777ec-e809-40c1-93cb-96a1453506f0",
                  "parentUUID": "797b9f10-d196-4177-99a1-ab82d9b52cf4",
                  "isHook": false,
                  "skipped": false
                }
              ],
              "suites": [],
              "passes": [
                "9ef96eec-4036-4dbd-aae0-299bce3ec58e",
                "85502e05-79dc-4225-af22-11617217de20",
                "7e0a65ba-f284-4f37-aad0-0ecace60a50d",
                "28cef469-ee10-4ae8-9678-7cfc77ff50fd",
                "72727d4b-befe-4441-a81e-e3bb617b445d",
                "7c0dc54d-aca0-45b7-a905-c095887077ab",
                "5e8777ec-e809-40c1-93cb-96a1453506f0"
              ],
              "failures": [],
              "pending": [],
              "skipped": [],
              "duration": 34265,
              "root": false,
              "rootEmpty": false,
              "_timeout": 5000
            }
          ],
          "passes": [],
          "failures": [],
          "pending": [],
          "skipped": [],
          "duration": 0,
          "root": false,
          "rootEmpty": false,
          "_timeout": 5000
        },
        {
          "uuid": "7c60ed11-cf25-4da5-85a5-bf8955139ad5",
          "title": "encrypt",
          "fullFile": "C:\\xampp\\htdocs\\Multifactor\\MFKDF\\test\\crypto\\symmetric.js",
          "file": "\\test\\crypto\\symmetric.js",
          "beforeHooks": [],
          "afterHooks": [],
          "tests": [
            {
              "title": "defaults",
              "fullTitle": "encrypt defaults",
              "timedOut": false,
              "duration": 234,
              "state": "passed",
              "speed": "slow",
              "pass": true,
              "fail": false,
              "pending": false,
              "context": null,
              "code": "const setup = await mfkdf.setup.key([\n  await mfkdf.setup.factors.uuid({ id: 'uuid1', uuid: '9b1deb4d-3b7d-4bad-9bdd-2b0d7b3dcb6d' })\n])\nconst ciphertext = await setup.encrypt(Buffer.from('hello world'))\nconst derive = await mfkdf.derive.key(setup.policy, {\n  uuid1: mfkdf.derive.factors.uuid('9b1deb4d-3b7d-4bad-9bdd-2b0d7b3dcb6d')\n})\nconst plaintext = await derive.decrypt(ciphertext)\nplaintext.toString().should.equal('hello world')",
              "err": {},
              "uuid": "dcbfbaa7-79d4-4d79-aeaa-14078d95afeb",
              "parentUUID": "7c60ed11-cf25-4da5-85a5-bf8955139ad5",
              "isHook": false,
              "skipped": false
            },
            {
              "title": "AES256-CBC",
              "fullTitle": "encrypt AES256-CBC",
              "timedOut": false,
              "duration": 221,
              "state": "passed",
              "speed": "slow",
              "pass": true,
              "fail": false,
              "pending": false,
              "context": null,
              "code": "const setup = await mfkdf.setup.key([\n  await mfkdf.setup.factors.uuid({ id: 'uuid1', uuid: '9b1deb4d-3b7d-4bad-9bdd-2b0d7b3dcb6d' })\n])\nconst ciphertext = await setup.encrypt(Buffer.from('hello world'), 'aes256')\nconst derive = await mfkdf.derive.key(setup.policy, {\n  uuid1: mfkdf.derive.factors.uuid('9b1deb4d-3b7d-4bad-9bdd-2b0d7b3dcb6d')\n})\nconst plaintext = await derive.decrypt(ciphertext, 'aes256')\nplaintext.toString().should.equal('hello world')",
              "err": {},
              "uuid": "dcbbcfe1-64d9-4059-b40a-f5736844cbb7",
              "parentUUID": "7c60ed11-cf25-4da5-85a5-bf8955139ad5",
              "isHook": false,
              "skipped": false
            },
            {
              "title": "AES192-CBC",
              "fullTitle": "encrypt AES192-CBC",
              "timedOut": false,
              "duration": 212,
              "state": "passed",
              "speed": "slow",
              "pass": true,
              "fail": false,
              "pending": false,
              "context": null,
              "code": "const setup = await mfkdf.setup.key([\n  await mfkdf.setup.factors.uuid({ id: 'uuid1', uuid: '9b1deb4d-3b7d-4bad-9bdd-2b0d7b3dcb6d' })\n])\nconst ciphertext = await setup.encrypt('hello world', 'aes192')\nconst derive = await mfkdf.derive.key(setup.policy, {\n  uuid1: mfkdf.derive.factors.uuid('9b1deb4d-3b7d-4bad-9bdd-2b0d7b3dcb6d')\n})\nconst plaintext = await derive.decrypt(ciphertext, 'aes192')\nplaintext.toString().should.equal('hello world')",
              "err": {},
              "uuid": "b943c3b0-3fca-4a7e-8453-84bebad55d10",
              "parentUUID": "7c60ed11-cf25-4da5-85a5-bf8955139ad5",
              "isHook": false,
              "skipped": false
            },
            {
              "title": "AES128-CBC",
              "fullTitle": "encrypt AES128-CBC",
              "timedOut": false,
              "duration": 213,
              "state": "passed",
              "speed": "slow",
              "pass": true,
              "fail": false,
              "pending": false,
              "context": null,
              "code": "const setup = await mfkdf.setup.key([\n  await mfkdf.setup.factors.uuid({ id: 'uuid1', uuid: '9b1deb4d-3b7d-4bad-9bdd-2b0d7b3dcb6d' })\n])\nconst ciphertext = await setup.encrypt('hello world', 'aes128')\nconst derive = await mfkdf.derive.key(setup.policy, {\n  uuid1: mfkdf.derive.factors.uuid('9b1deb4d-3b7d-4bad-9bdd-2b0d7b3dcb6d')\n})\nconst plaintext = await derive.decrypt(ciphertext, 'aes128')\nplaintext.toString().should.equal('hello world')",
              "err": {},
              "uuid": "2ea521a9-c0c2-4eec-9189-feda066a950f",
              "parentUUID": "7c60ed11-cf25-4da5-85a5-bf8955139ad5",
              "isHook": false,
              "skipped": false
            },
            {
              "title": "3DES-CBC",
              "fullTitle": "encrypt 3DES-CBC",
              "timedOut": false,
              "duration": 214,
              "state": "passed",
              "speed": "slow",
              "pass": true,
              "fail": false,
              "pending": false,
              "context": null,
              "code": "const setup = await mfkdf.setup.key([\n  await mfkdf.setup.factors.uuid({ id: 'uuid1', uuid: '9b1deb4d-3b7d-4bad-9bdd-2b0d7b3dcb6d' })\n])\nconst ciphertext = await setup.encrypt('hello world', '3des')\nconst derive = await mfkdf.derive.key(setup.policy, {\n  uuid1: mfkdf.derive.factors.uuid('9b1deb4d-3b7d-4bad-9bdd-2b0d7b3dcb6d')\n})\nconst plaintext = await derive.decrypt(ciphertext, '3des')\nplaintext.toString().should.equal('hello world')",
              "err": {},
              "uuid": "f50ec963-e5af-437c-8720-fe3493fa2088",
              "parentUUID": "7c60ed11-cf25-4da5-85a5-bf8955139ad5",
              "isHook": false,
              "skipped": false
            },
            {
              "title": "DES-CBC",
              "fullTitle": "encrypt DES-CBC",
              "timedOut": false,
              "duration": 213,
              "state": "passed",
              "speed": "slow",
              "pass": true,
              "fail": false,
              "pending": false,
              "context": null,
              "code": "const setup = await mfkdf.setup.key([\n  await mfkdf.setup.factors.uuid({ id: 'uuid1', uuid: '9b1deb4d-3b7d-4bad-9bdd-2b0d7b3dcb6d' })\n])\nconst ciphertext = await setup.encrypt('hello world', 'des')\nconst derive = await mfkdf.derive.key(setup.policy, {\n  uuid1: mfkdf.derive.factors.uuid('9b1deb4d-3b7d-4bad-9bdd-2b0d7b3dcb6d')\n})\nconst plaintext = await derive.decrypt(ciphertext, 'des')\nplaintext.toString().should.equal('hello world')",
              "err": {},
              "uuid": "cef4b33b-1b25-4c6c-a27b-55a9c9ce59e9",
              "parentUUID": "7c60ed11-cf25-4da5-85a5-bf8955139ad5",
              "isHook": false,
              "skipped": false
            },
            {
              "title": "AES256-ECB",
              "fullTitle": "encrypt AES256-ECB",
              "timedOut": false,
              "duration": 213,
              "state": "passed",
              "speed": "slow",
              "pass": true,
              "fail": false,
              "pending": false,
              "context": null,
              "code": "const setup = await mfkdf.setup.key([\n  await mfkdf.setup.factors.uuid({ id: 'uuid1', uuid: '9b1deb4d-3b7d-4bad-9bdd-2b0d7b3dcb6d' })\n])\nconst ciphertext = await setup.encrypt(Buffer.from('hello world'), 'aes256', 'ECB')\nconst derive = await mfkdf.derive.key(setup.policy, {\n  uuid1: mfkdf.derive.factors.uuid('9b1deb4d-3b7d-4bad-9bdd-2b0d7b3dcb6d')\n})\nconst plaintext = await derive.decrypt(ciphertext, 'aes256', 'ECB')\nplaintext.toString().should.equal('hello world')",
              "err": {},
              "uuid": "ffe9b6f0-852d-4f9c-94ac-92b6352aa94a",
              "parentUUID": "7c60ed11-cf25-4da5-85a5-bf8955139ad5",
              "isHook": false,
              "skipped": false
            },
            {
              "title": "AES192-ECB",
              "fullTitle": "encrypt AES192-ECB",
              "timedOut": false,
              "duration": 210,
              "state": "passed",
              "speed": "slow",
              "pass": true,
              "fail": false,
              "pending": false,
              "context": null,
              "code": "const setup = await mfkdf.setup.key([\n  await mfkdf.setup.factors.uuid({ id: 'uuid1', uuid: '9b1deb4d-3b7d-4bad-9bdd-2b0d7b3dcb6d' })\n])\nconst ciphertext = await setup.encrypt('hello world', 'aes192', 'ECB')\nconst derive = await mfkdf.derive.key(setup.policy, {\n  uuid1: mfkdf.derive.factors.uuid('9b1deb4d-3b7d-4bad-9bdd-2b0d7b3dcb6d')\n})\nconst plaintext = await derive.decrypt(ciphertext, 'aes192', 'ECB')\nplaintext.toString().should.equal('hello world')",
              "err": {},
              "uuid": "19d5fd1b-82cf-4fa4-9c08-9fa78276d7ab",
              "parentUUID": "7c60ed11-cf25-4da5-85a5-bf8955139ad5",
              "isHook": false,
              "skipped": false
            },
            {
              "title": "AES128-ECB",
              "fullTitle": "encrypt AES128-ECB",
              "timedOut": false,
              "duration": 209,
              "state": "passed",
              "speed": "slow",
              "pass": true,
              "fail": false,
              "pending": false,
              "context": null,
              "code": "const setup = await mfkdf.setup.key([\n  await mfkdf.setup.factors.uuid({ id: 'uuid1', uuid: '9b1deb4d-3b7d-4bad-9bdd-2b0d7b3dcb6d' })\n])\nconst ciphertext = await setup.encrypt('hello world', 'aes128', 'ECB')\nconst derive = await mfkdf.derive.key(setup.policy, {\n  uuid1: mfkdf.derive.factors.uuid('9b1deb4d-3b7d-4bad-9bdd-2b0d7b3dcb6d')\n})\nconst plaintext = await derive.decrypt(ciphertext, 'aes128', 'ECB')\nplaintext.toString().should.equal('hello world')",
              "err": {},
              "uuid": "18e36acc-c91f-48a6-ae41-74aab2e1be49",
              "parentUUID": "7c60ed11-cf25-4da5-85a5-bf8955139ad5",
              "isHook": false,
              "skipped": false
            },
            {
              "title": "3DES-ECB",
              "fullTitle": "encrypt 3DES-ECB",
              "timedOut": false,
              "duration": 210,
              "state": "passed",
              "speed": "slow",
              "pass": true,
              "fail": false,
              "pending": false,
              "context": null,
              "code": "const setup = await mfkdf.setup.key([\n  await mfkdf.setup.factors.uuid({ id: 'uuid1', uuid: '9b1deb4d-3b7d-4bad-9bdd-2b0d7b3dcb6d' })\n])\nconst ciphertext = await setup.encrypt('hello world', '3des', 'ECB')\nconst derive = await mfkdf.derive.key(setup.policy, {\n  uuid1: mfkdf.derive.factors.uuid('9b1deb4d-3b7d-4bad-9bdd-2b0d7b3dcb6d')\n})\nconst plaintext = await derive.decrypt(ciphertext, '3des', 'ECB')\nplaintext.toString().should.equal('hello world')",
              "err": {},
              "uuid": "6a529e89-0dbe-4494-80be-ebb6bdb069e5",
              "parentUUID": "7c60ed11-cf25-4da5-85a5-bf8955139ad5",
              "isHook": false,
              "skipped": false
            },
            {
              "title": "DES-ECB",
              "fullTitle": "encrypt DES-ECB",
              "timedOut": false,
              "duration": 207,
              "state": "passed",
              "speed": "slow",
              "pass": true,
              "fail": false,
              "pending": false,
              "context": null,
              "code": "const setup = await mfkdf.setup.key([\n  await mfkdf.setup.factors.uuid({ id: 'uuid1', uuid: '9b1deb4d-3b7d-4bad-9bdd-2b0d7b3dcb6d' })\n])\nconst ciphertext = await setup.encrypt('hello world', 'des', 'ECB')\nconst derive = await mfkdf.derive.key(setup.policy, {\n  uuid1: mfkdf.derive.factors.uuid('9b1deb4d-3b7d-4bad-9bdd-2b0d7b3dcb6d')\n})\nconst plaintext = await derive.decrypt(ciphertext, 'des', 'ECB')\nplaintext.toString().should.equal('hello world')",
              "err": {},
              "uuid": "db6e5986-effb-4dc7-b39f-e4e71e510ffa",
              "parentUUID": "7c60ed11-cf25-4da5-85a5-bf8955139ad5",
              "isHook": false,
              "skipped": false
            }
          ],
          "suites": [
            {
              "uuid": "741537e5-a51b-4ce6-82dc-564dc9b408fc",
              "title": "utils",
              "fullFile": "C:\\xampp\\htdocs\\Multifactor\\MFKDF\\test\\crypto\\symmetric.js",
              "file": "\\test\\crypto\\symmetric.js",
              "beforeHooks": [],
              "afterHooks": [],
              "tests": [
                {
                  "title": "subkey",
                  "fullTitle": "encrypt utils subkey",
                  "timedOut": false,
                  "duration": 101,
                  "state": "passed",
                  "speed": "slow",
                  "pass": true,
                  "fail": false,
                  "pending": false,
                  "context": null,
                  "code": "const setup = await mfkdf.setup.key([\n  await mfkdf.setup.factors.uuid({ id: 'uuid1', uuid: '9b1deb4d-3b7d-4bad-9bdd-2b0d7b3dcb6d' })\n])\nconst key1 = await setup.getSubkey(32, 'AES256', 'sha256')\nconst key2 = await setup.getSymmetricKey('aes256')\nkey1.toString('hex').should.equal(key2.toString('hex'))\nconst key3 = await setup.getSubkey()\nconst key4 = await setup.getSubkey(32, '', 'sha512')\nkey3.toString('hex').should.equal(key4.toString('hex'))",
                  "err": {},
                  "uuid": "c8d5eb18-060b-472a-a825-fd16701b8538",
                  "parentUUID": "741537e5-a51b-4ce6-82dc-564dc9b408fc",
                  "isHook": false,
                  "skipped": false
                },
                {
                  "title": "symmetric key",
                  "fullTitle": "encrypt utils symmetric key",
                  "timedOut": false,
                  "duration": 102,
                  "state": "passed",
                  "speed": "slow",
                  "pass": true,
                  "fail": false,
                  "pending": false,
                  "context": null,
                  "code": "const setup = await mfkdf.setup.key([\n  await mfkdf.setup.factors.uuid({ id: 'uuid1', uuid: '9b1deb4d-3b7d-4bad-9bdd-2b0d7b3dcb6d' })\n])\nconst key1 = await setup.getSymmetricKey()\nconst key2 = await setup.getSymmetricKey('aes256')\nkey1.toString('hex').should.equal(key2.toString('hex'))",
                  "err": {},
                  "uuid": "ca7434ec-9e7f-4a57-b5ae-c29d130bc87b",
                  "parentUUID": "741537e5-a51b-4ce6-82dc-564dc9b408fc",
                  "isHook": false,
                  "skipped": false
                }
              ],
              "suites": [],
              "passes": [
                "c8d5eb18-060b-472a-a825-fd16701b8538",
                "ca7434ec-9e7f-4a57-b5ae-c29d130bc87b"
              ],
              "failures": [],
              "pending": [],
              "skipped": [],
              "duration": 203,
              "root": false,
              "rootEmpty": false,
              "_timeout": 5000
            },
            {
              "uuid": "532139c9-4db8-4ead-8824-a3693e84cdda",
              "title": "errors",
              "fullFile": "C:\\xampp\\htdocs\\Multifactor\\MFKDF\\test\\crypto\\symmetric.js",
              "file": "\\test\\crypto\\symmetric.js",
              "beforeHooks": [],
              "afterHooks": [],
              "tests": [
                {
                  "title": "invalid key",
                  "fullTitle": "encrypt errors invalid key",
                  "timedOut": false,
                  "duration": 99,
                  "state": "passed",
                  "speed": "slow",
                  "pass": true,
                  "fail": false,
                  "pending": false,
                  "context": null,
                  "code": "const setup = await mfkdf.setup.key([\n  await mfkdf.setup.factors.uuid({ id: 'uuid1', uuid: '9b1deb4d-3b7d-4bad-9bdd-2b0d7b3dcb6d' })\n])\nsetup.encrypt('hello world', 'unknown').should.be.rejectedWith(RangeError)",
                  "err": {},
                  "uuid": "f64996c7-08c0-4370-992e-60c2c40a4369",
                  "parentUUID": "532139c9-4db8-4ead-8824-a3693e84cdda",
                  "isHook": false,
                  "skipped": false
                },
                {
                  "title": "invalid message",
                  "fullTitle": "encrypt errors invalid message",
                  "timedOut": false,
                  "duration": 100,
                  "state": "passed",
                  "speed": "slow",
                  "pass": true,
                  "fail": false,
                  "pending": false,
                  "context": null,
                  "code": "const setup = await mfkdf.setup.key([\n  await mfkdf.setup.factors.uuid({ id: 'uuid1', uuid: '9b1deb4d-3b7d-4bad-9bdd-2b0d7b3dcb6d' })\n])\nsetup.encrypt(12345, 'unknown').should.be.rejectedWith(TypeError)",
                  "err": {},
                  "uuid": "ecf280a0-390c-4008-8f95-bb0e68f88687",
                  "parentUUID": "532139c9-4db8-4ead-8824-a3693e84cdda",
                  "isHook": false,
                  "skipped": false
                },
                {
                  "title": "invalid ciphertext",
                  "fullTitle": "encrypt errors invalid ciphertext",
                  "timedOut": false,
                  "duration": 99,
                  "state": "passed",
                  "speed": "slow",
                  "pass": true,
                  "fail": false,
                  "pending": false,
                  "context": null,
                  "code": "const setup = await mfkdf.setup.key([\n  await mfkdf.setup.factors.uuid({ id: 'uuid1', uuid: '9b1deb4d-3b7d-4bad-9bdd-2b0d7b3dcb6d' })\n])\nsetup.decrypt(12345, 'unknown').should.be.rejectedWith(TypeError)",
                  "err": {},
                  "uuid": "7055dfb7-52de-4202-8c66-2d9fc9d3cf2c",
                  "parentUUID": "532139c9-4db8-4ead-8824-a3693e84cdda",
                  "isHook": false,
                  "skipped": false
                }
              ],
              "suites": [],
              "passes": [
                "f64996c7-08c0-4370-992e-60c2c40a4369",
                "ecf280a0-390c-4008-8f95-bb0e68f88687",
                "7055dfb7-52de-4202-8c66-2d9fc9d3cf2c"
              ],
              "failures": [],
              "pending": [],
              "skipped": [],
              "duration": 298,
              "root": false,
              "rootEmpty": false,
              "_timeout": 5000
            }
          ],
          "passes": [
            "dcbfbaa7-79d4-4d79-aeaa-14078d95afeb",
            "dcbbcfe1-64d9-4059-b40a-f5736844cbb7",
            "b943c3b0-3fca-4a7e-8453-84bebad55d10",
            "2ea521a9-c0c2-4eec-9189-feda066a950f",
            "f50ec963-e5af-437c-8720-fe3493fa2088",
            "cef4b33b-1b25-4c6c-a27b-55a9c9ce59e9",
            "ffe9b6f0-852d-4f9c-94ac-92b6352aa94a",
            "19d5fd1b-82cf-4fa4-9c08-9fa78276d7ab",
            "18e36acc-c91f-48a6-ae41-74aab2e1be49",
            "6a529e89-0dbe-4494-80be-ebb6bdb069e5",
            "db6e5986-effb-4dc7-b39f-e4e71e510ffa"
          ],
          "failures": [],
          "pending": [],
          "skipped": [],
          "duration": 2356,
          "root": false,
          "rootEmpty": false,
          "_timeout": 5000
        },
        {
          "uuid": "0a6bd9ed-a737-40a5-ab02-20006816e60a",
          "title": "derive/factors/password",
          "fullFile": "C:\\xampp\\htdocs\\Multifactor\\MFKDF\\test\\derive\\factors\\password.js",
          "file": "\\test\\derive\\factors\\password.js",
          "beforeHooks": [],
          "afterHooks": [],
          "tests": [
            {
              "title": "invalid/type",
              "fullTitle": "derive/factors/password invalid/type",
              "timedOut": false,
              "duration": 1,
              "state": "passed",
              "speed": "slow",
              "pass": true,
              "fail": false,
              "pending": false,
              "context": null,
              "code": "(() => {\n  mfkdf.derive.factors.password(12345)\n}).should.throw(TypeError)",
              "err": {},
              "uuid": "97815c01-3249-42a7-afd5-39b5d1dd21ac",
              "parentUUID": "0a6bd9ed-a737-40a5-ab02-20006816e60a",
              "isHook": false,
              "skipped": false
            },
            {
              "title": "invalid/range",
              "fullTitle": "derive/factors/password invalid/range",
              "timedOut": false,
              "duration": 0,
              "state": "passed",
              "speed": "fast",
              "pass": true,
              "fail": false,
              "pending": false,
              "context": null,
              "code": "(() => {\n  mfkdf.derive.factors.password('')\n}).should.throw(RangeError)",
              "err": {},
              "uuid": "1a052c08-97d5-4320-adad-531a621272bc",
              "parentUUID": "0a6bd9ed-a737-40a5-ab02-20006816e60a",
              "isHook": false,
              "skipped": false
            }
          ],
          "suites": [],
          "passes": [
            "97815c01-3249-42a7-afd5-39b5d1dd21ac",
            "1a052c08-97d5-4320-adad-531a621272bc"
          ],
          "failures": [],
          "pending": [],
          "skipped": [],
          "duration": 1,
          "root": false,
          "rootEmpty": false,
          "_timeout": 5000
        },
        {
          "uuid": "2c27228c-0b3a-47f0-b762-58b602acd004",
          "title": "derive/factors/uuid",
          "fullFile": "C:\\xampp\\htdocs\\Multifactor\\MFKDF\\test\\derive\\factors\\uuid.js",
          "file": "\\test\\derive\\factors\\uuid.js",
          "beforeHooks": [],
          "afterHooks": [],
          "tests": [
            {
              "title": "invalid/type",
              "fullTitle": "derive/factors/uuid invalid/type",
              "timedOut": false,
              "duration": 0,
              "state": "passed",
              "speed": "fast",
              "pass": true,
              "fail": false,
              "pending": false,
              "context": null,
              "code": "(() => {\n  mfkdf.derive.factors.uuid(12345)\n}).should.throw(TypeError)",
              "err": {},
              "uuid": "8ceb7e1b-792c-4749-a1f8-87e7b66e5015",
              "parentUUID": "2c27228c-0b3a-47f0-b762-58b602acd004",
              "isHook": false,
              "skipped": false
            },
            {
              "title": "invalid/range",
              "fullTitle": "derive/factors/uuid invalid/range",
              "timedOut": false,
              "duration": 0,
              "state": "passed",
              "speed": "fast",
              "pass": true,
              "fail": false,
              "pending": false,
              "context": null,
              "code": "(() => {\n  mfkdf.derive.factors.uuid('')\n}).should.throw(TypeError)",
              "err": {},
              "uuid": "05cf984d-66c5-4658-90b7-29af66bb6a79",
              "parentUUID": "2c27228c-0b3a-47f0-b762-58b602acd004",
              "isHook": false,
              "skipped": false
            }
          ],
          "suites": [],
          "passes": [
            "8ceb7e1b-792c-4749-a1f8-87e7b66e5015",
            "05cf984d-66c5-4658-90b7-29af66bb6a79"
          ],
          "failures": [],
          "pending": [],
          "skipped": [],
          "duration": 0,
          "root": false,
          "rootEmpty": false,
          "_timeout": 5000
        },
        {
          "uuid": "fc2b5098-b76b-477f-b318-47a6e9714c7b",
          "title": "derive/key",
          "fullFile": "C:\\xampp\\htdocs\\Multifactor\\MFKDF\\test\\derive\\key.js",
          "file": "\\test\\derive\\key.js",
          "beforeHooks": [],
          "afterHooks": [],
          "tests": [
            {
              "title": "correct",
              "fullTitle": "derive/key correct",
              "timedOut": false,
              "duration": 542,
              "state": "passed",
              "speed": "slow",
              "pass": true,
              "fail": false,
              "pending": false,
              "context": null,
              "code": "const setup = await mfkdf.setup.key([\n  await mfkdf.setup.factors.password('password1', { id: 'password1' }),\n  await mfkdf.setup.factors.password('password2', { id: 'password2' }),\n  await mfkdf.setup.factors.password('password3', { id: 'password3' })\n], { threshold: 2 })\nconst derive1 = await mfkdf.derive.key(setup.policy, {\n  password1: mfkdf.derive.factors.password('password1'),\n  password2: mfkdf.derive.factors.password('password2')\n})\nconst derive2 = await mfkdf.derive.key(setup.policy, {\n  password2: mfkdf.derive.factors.password('password2'),\n  password3: mfkdf.derive.factors.password('password3')\n})\nconst derive3 = await mfkdf.derive.key(setup.policy, {\n  password1: mfkdf.derive.factors.password('password1'),\n  password3: mfkdf.derive.factors.password('password3')\n})\nconst derive4 = await mfkdf.derive.key(setup.policy, {\n  password1: mfkdf.derive.factors.password('password1'),\n  password2: mfkdf.derive.factors.password('password2'),\n  password3: mfkdf.derive.factors.password('password3')\n})\nsetup.key.toString('hex').should.equal(derive1.key.toString('hex'))\nsetup.key.toString('hex').should.equal(derive2.key.toString('hex'))\nsetup.key.toString('hex').should.equal(derive3.key.toString('hex'))\nsetup.key.toString('hex').should.equal(derive4.key.toString('hex'))\nJSON.stringify(setup.policy).should.equal(JSON.stringify(derive1.policy))\nJSON.stringify(setup.policy).should.equal(JSON.stringify(derive2.policy))\nJSON.stringify(setup.policy).should.equal(JSON.stringify(derive3.policy))\nJSON.stringify(setup.policy).should.equal(JSON.stringify(derive4.policy))",
              "err": {},
              "uuid": "ab877f67-133b-4e2e-99b1-7c5d376acc92",
              "parentUUID": "fc2b5098-b76b-477f-b318-47a6e9714c7b",
              "isHook": false,
              "skipped": false
            },
            {
              "title": "incorrect",
              "fullTitle": "derive/key incorrect",
              "timedOut": false,
              "duration": 546,
              "state": "passed",
              "speed": "slow",
              "pass": true,
              "fail": false,
              "pending": false,
              "context": null,
              "code": "const setup = await mfkdf.setup.key([\n  await mfkdf.setup.factors.password('password1', { id: 'password1' }),\n  await mfkdf.setup.factors.password('password2', { id: 'password2' }),\n  await mfkdf.setup.factors.password('password3', { id: 'password3' })\n], { threshold: 2 })\nconst derive1 = await mfkdf.derive.key(setup.policy, {\n  password1: mfkdf.derive.factors.password('password1'),\n  password2: mfkdf.derive.factors.password('wrongpassword2')\n})\nconst derive2 = await mfkdf.derive.key(setup.policy, {\n  password2: mfkdf.derive.factors.password('wrongpassword2'),\n  password3: mfkdf.derive.factors.password('wrongpassword3')\n})\nconst derive3 = await mfkdf.derive.key(setup.policy, {\n  password1: mfkdf.derive.factors.password('password1'),\n  password3: mfkdf.derive.factors.password('password2')\n})\nconst derive4 = await mfkdf.derive.key(setup.policy, {\n  password1: mfkdf.derive.factors.password('password1'),\n  password2: mfkdf.derive.factors.password('password2'),\n  password3: mfkdf.derive.factors.password('password4')\n})\nsetup.key.toString('hex').should.not.equal(derive1.key.toString('hex'))\nsetup.key.toString('hex').should.not.equal(derive2.key.toString('hex'))\nsetup.key.toString('hex').should.not.equal(derive3.key.toString('hex'))\nsetup.key.toString('hex').should.not.equal(derive4.key.toString('hex'))",
              "err": {},
              "uuid": "aa023bcd-48e2-4a2a-ba8d-be56b0d216d0",
              "parentUUID": "fc2b5098-b76b-477f-b318-47a6e9714c7b",
              "isHook": false,
              "skipped": false
            },
            {
              "title": "mismatch",
              "fullTitle": "derive/key mismatch",
              "timedOut": false,
              "duration": 107,
              "state": "passed",
              "speed": "slow",
              "pass": true,
              "fail": false,
              "pending": false,
              "context": null,
              "code": "const setup = await mfkdf.setup.key([\n  await mfkdf.setup.factors.password('password', { id: 'password' })\n])\nmfkdf.derive.key(setup.policy, {\n  password: mfkdf.derive.factors.uuid('9b1deb4d-3b7d-4bad-9bdd-2b0d7b3dcb6d')\n}).should.be.rejectedWith(TypeError)",
              "err": {},
              "uuid": "c076406b-00c6-4da0-a2e6-bb92e2b3b896",
              "parentUUID": "fc2b5098-b76b-477f-b318-47a6e9714c7b",
              "isHook": false,
              "skipped": false
            }
          ],
          "suites": [
            {
              "uuid": "92198204-d60c-4ef9-8a84-7de7c375d99f",
              "title": "shares",
              "fullFile": "C:\\xampp\\htdocs\\Multifactor\\MFKDF\\test\\derive\\key.js",
              "file": "\\test\\derive\\key.js",
              "beforeHooks": [],
              "afterHooks": [],
              "tests": [
                {
                  "title": "valid",
                  "fullTitle": "derive/key shares valid",
                  "timedOut": false,
                  "duration": 425,
                  "state": "passed",
                  "speed": "slow",
                  "pass": true,
                  "fail": false,
                  "pending": false,
                  "context": null,
                  "code": "const setup = await mfkdf.setup.key([\n  await mfkdf.setup.factors.password('password1', { id: 'password1' }),\n  await mfkdf.setup.factors.password('password2', { id: 'password2' }),\n  await mfkdf.setup.factors.password('password3', { id: 'password3' })\n], { threshold: 2 })\nconst derive1 = await mfkdf.derive.key(setup.policy, {\n  password1: mfkdf.derive.factors.password('password1'),\n  password2: mfkdf.derive.factors.password('password2')\n})\nconst derive2 = await mfkdf.derive.key(derive1.policy, {\n  password2: mfkdf.derive.factors.password('password2'),\n  password3: mfkdf.derive.factors.password('password3')\n})\nconst derive3 = await mfkdf.derive.key(derive2.policy, {\n  password1: mfkdf.derive.factors.password('password1'),\n  password3: mfkdf.derive.factors.password('password3')\n})\nderive1.shares.should.deep.equal(setup.shares)\nderive2.shares.should.deep.equal(setup.shares)\nderive3.shares.should.deep.equal(setup.shares)",
                  "err": {},
                  "uuid": "458f6cd1-20eb-4a1d-b18c-d6e0d0d1f214",
                  "parentUUID": "92198204-d60c-4ef9-8a84-7de7c375d99f",
                  "isHook": false,
                  "skipped": false
                }
              ],
              "suites": [],
              "passes": [
                "458f6cd1-20eb-4a1d-b18c-d6e0d0d1f214"
              ],
              "failures": [],
              "pending": [],
              "skipped": [],
              "duration": 425,
              "root": false,
              "rootEmpty": false,
              "_timeout": 5000
            },
            {
              "uuid": "9881ec97-b293-4fb2-b7c5-4cb64297f9c7",
              "title": "invalid",
              "fullFile": "C:\\xampp\\htdocs\\Multifactor\\MFKDF\\test\\derive\\key.js",
              "file": "\\test\\derive\\key.js",
              "beforeHooks": [],
              "afterHooks": [],
              "tests": [
                {
                  "title": "schema",
                  "fullTitle": "derive/key invalid schema",
                  "timedOut": false,
                  "duration": 112,
                  "state": "passed",
                  "speed": "slow",
                  "pass": true,
                  "fail": false,
                  "pending": false,
                  "context": null,
                  "code": "const setup = await mfkdf.setup.key([\n  await mfkdf.setup.factors.password('password1', { id: 'password1' })\n])\ndelete setup.policy.$id\nmfkdf.derive.key(setup.policy, {\n  password1: mfkdf.derive.factors.password('password1')\n}).should.be.rejectedWith(TypeError)",
                  "err": {},
                  "uuid": "5a3d81d2-08d4-46a0-b5af-b0511635af8c",
                  "parentUUID": "9881ec97-b293-4fb2-b7c5-4cb64297f9c7",
                  "isHook": false,
                  "skipped": false
                },
                {
                  "title": "factors",
                  "fullTitle": "derive/key invalid factors",
                  "timedOut": false,
                  "duration": 110,
                  "state": "passed",
                  "speed": "slow",
                  "pass": true,
                  "fail": false,
                  "pending": false,
                  "context": null,
                  "code": "const setup = await mfkdf.setup.key([\n  await mfkdf.setup.factors.password('password1', { id: 'password1' }),\n  await mfkdf.setup.factors.password('password2', { id: 'password2' }),\n  await mfkdf.setup.factors.password('password3', { id: 'password3' })\n], { threshold: 2 })\nmfkdf.derive.key(setup.policy, {\n  password1: mfkdf.derive.factors.password('password1')\n}).should.be.rejectedWith(RangeError)",
                  "err": {},
                  "uuid": "79421b04-e3b2-4eda-a6f8-2dc434557bff",
                  "parentUUID": "9881ec97-b293-4fb2-b7c5-4cb64297f9c7",
                  "isHook": false,
                  "skipped": false
                }
              ],
              "suites": [],
              "passes": [
                "5a3d81d2-08d4-46a0-b5af-b0511635af8c",
                "79421b04-e3b2-4eda-a6f8-2dc434557bff"
              ],
              "failures": [],
              "pending": [],
              "skipped": [],
              "duration": 222,
              "root": false,
              "rootEmpty": false,
              "_timeout": 5000
            }
          ],
          "passes": [
            "ab877f67-133b-4e2e-99b1-7c5d376acc92",
            "aa023bcd-48e2-4a2a-ba8d-be56b0d216d0",
            "c076406b-00c6-4da0-a2e6-bb92e2b3b896"
          ],
          "failures": [],
          "pending": [],
          "skipped": [],
          "duration": 1195,
          "root": false,
          "rootEmpty": false,
          "_timeout": 5000
        },
        {
          "uuid": "a6d30754-c74f-4a74-8cc9-56b0cf622441",
          "title": "factors/hmacsha1",
          "fullFile": "C:\\xampp\\htdocs\\Multifactor\\MFKDF\\test\\factors\\hmacsha1.js",
          "file": "\\test\\factors\\hmacsha1.js",
          "beforeHooks": [],
          "afterHooks": [],
          "tests": [
            {
              "title": "hmacsha1",
              "fullTitle": "factors/hmacsha1 hmacsha1",
              "timedOut": false,
              "duration": 0,
              "state": "passed",
              "speed": "fast",
              "pass": true,
              "fail": false,
              "pending": false,
              "context": null,
              "code": "const key = Buffer.from('e60ab41d81d5494a90593d484d68f676a60a2450', 'hex')\nconst challenge = Buffer.from('hello')\nconst res = crypto.createHmac('sha1', key)\n  .update(challenge)\n  .digest('hex')\nconst real = '1292826fd25cdc59e5f83d3e11aa561610562875'\nres.should.equal(real)",
              "err": {},
              "uuid": "610e698d-339e-435c-be47-3db057b48eac",
              "parentUUID": "a6d30754-c74f-4a74-8cc9-56b0cf622441",
              "isHook": false,
              "skipped": false
            },
            {
              "title": "dynamic",
              "fullTitle": "factors/hmacsha1 dynamic",
              "timedOut": false,
              "duration": 315,
              "state": "passed",
              "speed": "slow",
              "pass": true,
              "fail": false,
              "pending": false,
              "context": null,
              "code": "const setup = await mfkdf.setup.key([\n  await mfkdf.setup.factors.hmacsha1()\n])\nconst secret = setup.outputs.hmacsha1.secret\nconst challenge1 = Buffer.from(setup.policy.factors[0].params.challenge, 'hex')\nconst response1 = crypto.createHmac('sha1', secret)\n  .update(challenge1)\n  .digest()\nconst derive1 = await mfkdf.derive.key(setup.policy, {\n  hmacsha1: mfkdf.derive.factors.hmacsha1(response1)\n})\nconst challenge2 = Buffer.from(derive1.policy.factors[0].params.challenge, 'hex')\nconst response2 = crypto.createHmac('sha1', secret)\n  .update(challenge2)\n  .digest()\nconst derive2 = await mfkdf.derive.key(derive1.policy, {\n  hmacsha1: mfkdf.derive.factors.hmacsha1(response2)\n})\nsetup.key.toString('hex').should.equal(derive1.key.toString('hex'))\nsetup.key.toString('hex').should.equal(derive2.key.toString('hex'))",
              "err": {},
              "uuid": "fbcc67af-55d5-4350-8248-0a337930b11b",
              "parentUUID": "a6d30754-c74f-4a74-8cc9-56b0cf622441",
              "isHook": false,
              "skipped": false
            },
            {
              "title": "static",
              "fullTitle": "factors/hmacsha1 static",
              "timedOut": false,
              "duration": 107,
              "state": "passed",
              "speed": "slow",
              "pass": true,
              "fail": false,
              "pending": false,
              "context": null,
              "code": "const setup = '{\"$schema\":\"https://mfkdf.com/schema/v1.0.0/policy.json\",\"$id\":\"8b6874f7-5dbb-4196-bc89-347cd6b02dc6\",\"size\":32,\"threshold\":1,\"salt\":\"nhh2/3AwOf2r2n7uRONoM697IjEKsHfAeyo8NxF1G94=\",\"kdf\":{\"type\":\"argon2id\",\"params\":{\"rounds\":2,\"memory\":24576,\"parallelism\":1}},\"factors\":[{\"id\":\"hmacsha1\",\"type\":\"hmacsha1\",\"pad\":\"PsS1B6fPovsuMfKZinw6hn0kTw1VEpoM8jRFR/8SyT0=\",\"params\":{\"challenge\":\"5a5f71c3a584b797d3c8f7d0f59653a2234781b06f2540df42946aa380f634a3430e6aad294e392543cc4ecd3da039bfa8041b179d14afd360a104e3354f01dd\",\"pad\":\"f8d33204be0436f2629d5173e9bd3fc1953cf982\"}}]}'\nconst derive = await mfkdf.derive.key(JSON.parse(setup), {\n  hmacsha1: mfkdf.derive.factors.hmacsha1(Buffer.from('0f09b8c89bfefdbc4909432685358eca79912b6a', 'hex'))\n})\nderive.key.toString('hex').should.equal('ca76d2b456be4e40ba6ef65a68fbfc71bf27a0ca3e0fa4481a2ddf29fb6b65d9')",
              "err": {},
              "uuid": "f4316782-87b0-45f1-85fe-02b332b76ea3",
              "parentUUID": "a6d30754-c74f-4a74-8cc9-56b0cf622441",
              "isHook": false,
              "skipped": false
            }
          ],
          "suites": [
            {
              "uuid": "70b3d95d-023d-4c60-9c08-39902da2b7d3",
              "title": "errors",
              "fullFile": "C:\\xampp\\htdocs\\Multifactor\\MFKDF\\test\\factors\\hmacsha1.js",
              "file": "\\test\\factors\\hmacsha1.js",
              "beforeHooks": [],
              "afterHooks": [],
              "tests": [
                {
                  "title": "id/type",
                  "fullTitle": "factors/hmacsha1 errors id/type",
                  "timedOut": false,
                  "duration": 0,
                  "state": "passed",
                  "speed": "fast",
                  "pass": true,
                  "fail": false,
                  "pending": false,
                  "context": null,
                  "code": "mfkdf.setup.factors.hmacsha1({ id: 12345 }).should.be.rejectedWith(TypeError)",
                  "err": {},
                  "uuid": "d83ba924-a061-476f-b73e-3b352f6d5961",
                  "parentUUID": "70b3d95d-023d-4c60-9c08-39902da2b7d3",
                  "isHook": false,
                  "skipped": false
                },
                {
                  "title": "id/range",
                  "fullTitle": "factors/hmacsha1 errors id/range",
                  "timedOut": false,
                  "duration": 0,
                  "state": "passed",
                  "speed": "fast",
                  "pass": true,
                  "fail": false,
                  "pending": false,
                  "context": null,
                  "code": "mfkdf.setup.factors.hmacsha1({ id: '' }).should.be.rejectedWith(RangeError)",
                  "err": {},
                  "uuid": "0960694d-d402-43b6-8155-39727b8c3496",
                  "parentUUID": "70b3d95d-023d-4c60-9c08-39902da2b7d3",
                  "isHook": false,
                  "skipped": false
                },
                {
                  "title": "secret/type",
                  "fullTitle": "factors/hmacsha1 errors secret/type",
                  "timedOut": false,
                  "duration": 1,
                  "state": "passed",
                  "speed": "slow",
                  "pass": true,
                  "fail": false,
                  "pending": false,
                  "context": null,
                  "code": "mfkdf.setup.factors.hmacsha1({ secret: 12345 }).should.be.rejectedWith(TypeError)",
                  "err": {},
                  "uuid": "ecc0780f-3766-4ef2-9ae6-22bfa6bf304d",
                  "parentUUID": "70b3d95d-023d-4c60-9c08-39902da2b7d3",
                  "isHook": false,
                  "skipped": false
                },
                {
                  "title": "secret/range",
                  "fullTitle": "factors/hmacsha1 errors secret/range",
                  "timedOut": false,
                  "duration": 0,
                  "state": "passed",
                  "speed": "fast",
                  "pass": true,
                  "fail": false,
                  "pending": false,
                  "context": null,
                  "code": "mfkdf.setup.factors.hmacsha1({ secret: Buffer.from('12345') }).should.be.rejectedWith(RangeError)",
                  "err": {},
                  "uuid": "f2af6d5c-9ce1-44be-8285-6c49d8b79333",
                  "parentUUID": "70b3d95d-023d-4c60-9c08-39902da2b7d3",
                  "isHook": false,
                  "skipped": false
                },
                {
                  "title": "response/type",
                  "fullTitle": "factors/hmacsha1 errors response/type",
                  "timedOut": false,
                  "duration": 0,
                  "state": "passed",
                  "speed": "fast",
                  "pass": true,
                  "fail": false,
                  "pending": false,
                  "context": null,
                  "code": "(() => {\n  mfkdf.derive.factors.hmacsha1(12345)\n}).should.throw(TypeError)",
                  "err": {},
                  "uuid": "2f8f24fa-3b6a-48c4-945d-b3e6a220a1a0",
                  "parentUUID": "70b3d95d-023d-4c60-9c08-39902da2b7d3",
                  "isHook": false,
                  "skipped": false
                }
              ],
              "suites": [],
              "passes": [
                "d83ba924-a061-476f-b73e-3b352f6d5961",
                "0960694d-d402-43b6-8155-39727b8c3496",
                "ecc0780f-3766-4ef2-9ae6-22bfa6bf304d",
                "f2af6d5c-9ce1-44be-8285-6c49d8b79333",
                "2f8f24fa-3b6a-48c4-945d-b3e6a220a1a0"
              ],
              "failures": [],
              "pending": [],
              "skipped": [],
              "duration": 1,
              "root": false,
              "rootEmpty": false,
              "_timeout": 5000
            }
          ],
          "passes": [
            "610e698d-339e-435c-be47-3db057b48eac",
            "fbcc67af-55d5-4350-8248-0a337930b11b",
            "f4316782-87b0-45f1-85fe-02b332b76ea3"
          ],
          "failures": [],
          "pending": [],
          "skipped": [],
          "duration": 422,
          "root": false,
          "rootEmpty": false,
          "_timeout": 5000
        },
        {
          "uuid": "0977763a-bdf4-4b4e-be79-ddf497cd9528",
          "title": "factors/hotp",
          "fullFile": "C:\\xampp\\htdocs\\Multifactor\\MFKDF\\test\\factors\\hotp.js",
          "file": "\\test\\factors\\hotp.js",
          "beforeHooks": [],
          "afterHooks": [],
          "tests": [
            {
              "title": "valid",
              "fullTitle": "factors/hotp valid",
              "timedOut": false,
              "duration": 425,
              "state": "passed",
              "speed": "slow",
              "pass": true,
              "fail": false,
              "pending": false,
              "context": null,
              "code": "const setup = await mfkdf.setup.key([\n  await mfkdf.setup.factors.hotp({\n    secret: Buffer.from('hello world')\n  })\n])\nconst derive1 = await mfkdf.derive.key(setup.policy, {\n  hotp: mfkdf.derive.factors.hotp(365287)\n})\nconst derive2 = await mfkdf.derive.key(derive1.policy, {\n  hotp: mfkdf.derive.factors.hotp(891649)\n})\nconst derive3 = await mfkdf.derive.key(derive2.policy, {\n  hotp: mfkdf.derive.factors.hotp(795484)\n})\nsetup.key.toString('hex').should.equal(derive1.key.toString('hex'))\nderive1.key.toString('hex').should.equal(derive2.key.toString('hex'))\nderive2.key.toString('hex').should.equal(derive3.key.toString('hex'))",
              "err": {},
              "uuid": "4dd0b036-9804-4e3a-9591-162a1d311261",
              "parentUUID": "0977763a-bdf4-4b4e-be79-ddf497cd9528",
              "isHook": false,
              "skipped": false
            },
            {
              "title": "defaults",
              "fullTitle": "factors/hotp defaults",
              "timedOut": false,
              "duration": 100,
              "state": "passed",
              "speed": "slow",
              "pass": true,
              "fail": false,
              "pending": false,
              "context": null,
              "code": "await mfkdf.setup.key([\n  await mfkdf.setup.factors.hotp()\n])",
              "err": {},
              "uuid": "d925b1a9-d32d-42bc-afd2-1042ad5ef63f",
              "parentUUID": "0977763a-bdf4-4b4e-be79-ddf497cd9528",
              "isHook": false,
              "skipped": false
            }
          ],
          "suites": [
            {
              "uuid": "adc63071-131e-43c6-82ac-303068d7396d",
              "title": "errors",
              "fullFile": "C:\\xampp\\htdocs\\Multifactor\\MFKDF\\test\\factors\\hotp.js",
              "file": "\\test\\factors\\hotp.js",
              "beforeHooks": [],
              "afterHooks": [],
              "tests": [
                {
                  "title": "code/type",
                  "fullTitle": "factors/hotp errors code/type",
                  "timedOut": false,
                  "duration": 0,
                  "state": "passed",
                  "speed": "fast",
                  "pass": true,
                  "fail": false,
                  "pending": false,
                  "context": null,
                  "code": "(() => {\n  mfkdf.derive.factors.hotp('hello')\n}).should.throw(TypeError)",
                  "err": {},
                  "uuid": "1f4afc75-e3e9-421d-8f21-c2e7549e3e07",
                  "parentUUID": "adc63071-131e-43c6-82ac-303068d7396d",
                  "isHook": false,
                  "skipped": false
                },
                {
                  "title": "id/type",
                  "fullTitle": "factors/hotp errors id/type",
                  "timedOut": false,
                  "duration": 0,
                  "state": "passed",
                  "speed": "fast",
                  "pass": true,
                  "fail": false,
                  "pending": false,
                  "context": null,
                  "code": "mfkdf.setup.factors.hotp({\n  secret: Buffer.from('hello world'),\n  id: 12345\n}).should.be.rejectedWith(TypeError)",
                  "err": {},
                  "uuid": "457fc002-8b68-4e45-a80b-526cb5ccd520",
                  "parentUUID": "adc63071-131e-43c6-82ac-303068d7396d",
                  "isHook": false,
                  "skipped": false
                },
                {
                  "title": "id/range",
                  "fullTitle": "factors/hotp errors id/range",
                  "timedOut": false,
                  "duration": 0,
                  "state": "passed",
                  "speed": "fast",
                  "pass": true,
                  "fail": false,
                  "pending": false,
                  "context": null,
                  "code": "mfkdf.setup.factors.hotp({\n  secret: Buffer.from('hello world'),\n  id: ''\n}).should.be.rejectedWith(RangeError)",
                  "err": {},
                  "uuid": "be8f7acc-d9c1-480d-b3bf-c6bda9740277",
                  "parentUUID": "adc63071-131e-43c6-82ac-303068d7396d",
                  "isHook": false,
                  "skipped": false
                },
                {
                  "title": "digits/type",
                  "fullTitle": "factors/hotp errors digits/type",
                  "timedOut": false,
                  "duration": 1,
                  "state": "passed",
                  "speed": "slow",
                  "pass": true,
                  "fail": false,
                  "pending": false,
                  "context": null,
                  "code": "mfkdf.setup.factors.hotp({\n  secret: Buffer.from('hello world'),\n  digits: 'hello'\n}).should.be.rejectedWith(TypeError)",
                  "err": {},
                  "uuid": "7413b9be-d796-4485-bc2a-b9cb5459bbb4",
                  "parentUUID": "adc63071-131e-43c6-82ac-303068d7396d",
                  "isHook": false,
                  "skipped": false
                },
                {
                  "title": "digits/low",
                  "fullTitle": "factors/hotp errors digits/low",
                  "timedOut": false,
                  "duration": 0,
                  "state": "passed",
                  "speed": "fast",
                  "pass": true,
                  "fail": false,
                  "pending": false,
                  "context": null,
                  "code": "mfkdf.setup.factors.hotp({\n  secret: Buffer.from('hello world'),\n  digits: 4\n}).should.be.rejectedWith(RangeError)",
                  "err": {},
                  "uuid": "d729a59e-163f-459f-8125-943fa90f85b3",
                  "parentUUID": "adc63071-131e-43c6-82ac-303068d7396d",
                  "isHook": false,
                  "skipped": false
                },
                {
                  "title": "digits/high",
                  "fullTitle": "factors/hotp errors digits/high",
                  "timedOut": false,
                  "duration": 0,
                  "state": "passed",
                  "speed": "fast",
                  "pass": true,
                  "fail": false,
                  "pending": false,
                  "context": null,
                  "code": "mfkdf.setup.factors.hotp({\n  secret: Buffer.from('hello world'),\n  digits: 9\n}).should.be.rejectedWith(RangeError)",
                  "err": {},
                  "uuid": "e832be2b-011f-424d-9210-11a7f371cb53",
                  "parentUUID": "adc63071-131e-43c6-82ac-303068d7396d",
                  "isHook": false,
                  "skipped": false
                },
                {
                  "title": "hash/range",
                  "fullTitle": "factors/hotp errors hash/range",
                  "timedOut": false,
                  "duration": 0,
                  "state": "passed",
                  "speed": "fast",
                  "pass": true,
                  "fail": false,
                  "pending": false,
                  "context": null,
                  "code": "await mfkdf.setup.factors.hotp({\n  secret: Buffer.from('hello world'),\n  hash: 'sha123'\n}).should.be.rejectedWith(RangeError)",
                  "err": {},
                  "uuid": "d330725b-8f65-4ba6-bd82-2a8dca5b5e62",
                  "parentUUID": "adc63071-131e-43c6-82ac-303068d7396d",
                  "isHook": false,
                  "skipped": false
                },
                {
                  "title": "secret/type",
                  "fullTitle": "factors/hotp errors secret/type",
                  "timedOut": false,
                  "duration": 0,
                  "state": "passed",
                  "speed": "fast",
                  "pass": true,
                  "fail": false,
                  "pending": false,
                  "context": null,
                  "code": "mfkdf.setup.factors.hotp({\n  secret: 'hello'\n}).should.be.rejectedWith(TypeError)",
                  "err": {},
                  "uuid": "73d11702-5a76-4b79-8598-0b151fbf5587",
                  "parentUUID": "adc63071-131e-43c6-82ac-303068d7396d",
                  "isHook": false,
                  "skipped": false
                }
              ],
              "suites": [],
              "passes": [
                "1f4afc75-e3e9-421d-8f21-c2e7549e3e07",
                "457fc002-8b68-4e45-a80b-526cb5ccd520",
                "be8f7acc-d9c1-480d-b3bf-c6bda9740277",
                "7413b9be-d796-4485-bc2a-b9cb5459bbb4",
                "d729a59e-163f-459f-8125-943fa90f85b3",
                "e832be2b-011f-424d-9210-11a7f371cb53",
                "d330725b-8f65-4ba6-bd82-2a8dca5b5e62",
                "73d11702-5a76-4b79-8598-0b151fbf5587"
              ],
              "failures": [],
              "pending": [],
              "skipped": [],
              "duration": 1,
              "root": false,
              "rootEmpty": false,
              "_timeout": 5000
            }
          ],
          "passes": [
            "4dd0b036-9804-4e3a-9591-162a1d311261",
            "d925b1a9-d32d-42bc-afd2-1042ad5ef63f"
          ],
          "failures": [],
          "pending": [],
          "skipped": [],
          "duration": 525,
          "root": false,
          "rootEmpty": false,
          "_timeout": 5000
        },
        {
          "uuid": "736089fc-8c40-4cb6-8f93-7d615e361563",
          "title": "persistence",
          "fullFile": "C:\\xampp\\htdocs\\Multifactor\\MFKDF\\test\\factors\\persistence.js",
          "file": "\\test\\factors\\persistence.js",
          "beforeHooks": [],
          "afterHooks": [],
          "tests": [
            {
              "title": "valid",
              "fullTitle": "persistence valid",
              "timedOut": false,
              "duration": 206,
              "state": "passed",
              "speed": "slow",
              "pass": true,
              "fail": false,
              "pending": false,
              "context": null,
              "code": "const setup = await mfkdf.setup.key([\n  await mfkdf.setup.factors.hotp(),\n  await mfkdf.setup.factors.password('password')\n])\nconst hotp = setup.persistFactor('hotp')\nconst derive = await mfkdf.derive.key(setup.policy, {\n  hotp: mfkdf.derive.factors.persisted(hotp),\n  password: mfkdf.derive.factors.password('password')\n})\nderive.key.toString('hex').should.equal(setup.key.toString('hex'))",
              "err": {},
              "uuid": "aaff5ea4-0ede-4a01-b62b-e22c2fbe5805",
              "parentUUID": "736089fc-8c40-4cb6-8f93-7d615e361563",
              "isHook": false,
              "skipped": false
            },
            {
              "title": "share/type",
              "fullTitle": "persistence share/type",
              "timedOut": false,
              "duration": 0,
              "state": "passed",
              "speed": "fast",
              "pass": true,
              "fail": false,
              "pending": false,
              "context": null,
              "code": "(() => {\n  mfkdf.derive.factors.persisted('12345')\n}).should.throw(TypeError)",
              "err": {},
              "uuid": "b3f09dee-193a-4997-afc7-4df87eba89bf",
              "parentUUID": "736089fc-8c40-4cb6-8f93-7d615e361563",
              "isHook": false,
              "skipped": false
            }
          ],
          "suites": [],
          "passes": [
            "aaff5ea4-0ede-4a01-b62b-e22c2fbe5805",
            "b3f09dee-193a-4997-afc7-4df87eba89bf"
          ],
          "failures": [],
          "pending": [],
          "skipped": [],
          "duration": 206,
          "root": false,
          "rootEmpty": false,
          "_timeout": 5000
        },
        {
          "uuid": "92f7d6d2-7a5e-400f-841b-2c823955cf6c",
          "title": "factors/stack",
          "fullFile": "C:\\xampp\\htdocs\\Multifactor\\MFKDF\\test\\factors\\stack.js",
          "file": "\\test\\factors\\stack.js",
          "beforeHooks": [],
          "afterHooks": [],
          "tests": [
            {
              "title": "errors/id/type",
              "fullTitle": "factors/stack errors/id/type",
              "timedOut": false,
              "duration": 1,
              "state": "passed",
              "speed": "slow",
              "pass": true,
              "fail": false,
              "pending": false,
              "context": null,
              "code": "mfkdf.setup.factors.stack([\n  await mfkdf.setup.factors.password('password1', { id: 'password1' }),\n  await mfkdf.setup.factors.password('password2', { id: 'password2' })\n], { id: 12345 }).should.be.rejectedWith(TypeError)",
              "err": {},
              "uuid": "5971312d-f0f3-46e2-b2bb-e204de35d361",
              "parentUUID": "92f7d6d2-7a5e-400f-841b-2c823955cf6c",
              "isHook": false,
              "skipped": false
            },
            {
              "title": "errors/id/range",
              "fullTitle": "factors/stack errors/id/range",
              "timedOut": false,
              "duration": 0,
              "state": "passed",
              "speed": "fast",
              "pass": true,
              "fail": false,
              "pending": false,
              "context": null,
              "code": "mfkdf.setup.factors.stack([\n  await mfkdf.setup.factors.password('password1', { id: 'password1' }),\n  await mfkdf.setup.factors.password('password2', { id: 'password2' })\n], { id: '' }).should.be.rejectedWith(RangeError)",
              "err": {},
              "uuid": "b612e896-aff4-401d-95b9-08cd16b50bfc",
              "parentUUID": "92f7d6d2-7a5e-400f-841b-2c823955cf6c",
              "isHook": false,
              "skipped": false
            },
            {
              "title": "valid",
              "fullTitle": "factors/stack valid",
              "timedOut": false,
              "duration": 330,
              "state": "passed",
              "speed": "slow",
              "pass": true,
              "fail": false,
              "pending": false,
              "context": null,
              "code": "const setup = await mfkdf.setup.key([\n  await mfkdf.setup.factors.stack([\n    await mfkdf.setup.factors.password('password1', { id: 'password1' }),\n    await mfkdf.setup.factors.password('password2', { id: 'password2' })\n  ], { id: 'stack1' }),\n  await mfkdf.setup.factors.stack([\n    await mfkdf.setup.factors.password('password3', { id: 'password3' }),\n    await mfkdf.setup.factors.password('password4', { id: 'password4' })\n  ], { id: 'stack2' })\n], { threshold: 1 })\nconst derive1 = await mfkdf.derive.key(setup.policy, {\n  stack1: mfkdf.derive.factors.stack({\n    password1: mfkdf.derive.factors.password('password1'),\n    password2: mfkdf.derive.factors.password('password2')\n  })\n})\nconst derive2 = await mfkdf.derive.key(setup.policy, {\n  stack2: mfkdf.derive.factors.stack({\n    password3: mfkdf.derive.factors.password('password3'),\n    password4: mfkdf.derive.factors.password('password4')\n  })\n})\nderive1.key.toString('hex').should.equal(setup.key.toString('hex'))\nderive2.key.toString('hex').should.equal(setup.key.toString('hex'))",
              "err": {},
              "uuid": "3658d444-576d-4e60-b934-5bba90f652a1",
              "parentUUID": "92f7d6d2-7a5e-400f-841b-2c823955cf6c",
              "isHook": false,
              "skipped": false
            }
          ],
          "suites": [],
          "passes": [
            "5971312d-f0f3-46e2-b2bb-e204de35d361",
            "b612e896-aff4-401d-95b9-08cd16b50bfc",
            "3658d444-576d-4e60-b934-5bba90f652a1"
          ],
          "failures": [],
          "pending": [],
          "skipped": [],
          "duration": 331,
          "root": false,
          "rootEmpty": false,
          "_timeout": 5000
        },
        {
          "uuid": "81b84f81-b1fa-40a7-afb8-b4d66c5d6c98",
          "title": "factors/totp",
          "fullFile": "C:\\xampp\\htdocs\\Multifactor\\MFKDF\\test\\factors\\totp.js",
          "file": "\\test\\factors\\totp.js",
          "beforeHooks": [],
          "afterHooks": [],
          "tests": [
            {
              "title": "dynamic",
              "fullTitle": "factors/totp dynamic",
              "timedOut": false,
              "duration": 1074,
              "state": "passed",
              "speed": "slow",
              "pass": true,
              "fail": false,
              "pending": false,
              "context": null,
              "code": "const setup = await mfkdf.setup.key([\n  await mfkdf.setup.factors.totp()\n])\nconst code = parseInt(speakeasy.totp({\n  secret: setup.outputs.totp.secret.toString('hex'),\n  encoding: 'hex',\n  step: setup.outputs.totp.period,\n  algorithm: setup.outputs.totp.algorithm,\n  digits: setup.outputs.totp.digits\n}))\nconst derive1 = await mfkdf.derive.key(setup.policy, {\n  totp: mfkdf.derive.factors.totp(code)\n})\nconst derive2 = await mfkdf.derive.key(derive1.policy, {\n  totp: mfkdf.derive.factors.totp(code)\n})\nconst derive3 = await mfkdf.derive.key(derive2.policy, {\n  totp: mfkdf.derive.factors.totp(code)\n})\nderive1.key.toString('hex').should.equal(setup.key.toString('hex'))\nderive2.key.toString('hex').should.equal(setup.key.toString('hex'))\nderive3.key.toString('hex').should.equal(setup.key.toString('hex'))",
              "err": {},
              "uuid": "f701e16d-3f1c-4b51-9a3c-3046bb900834",
              "parentUUID": "81b84f81-b1fa-40a7-afb8-b4d66c5d6c98",
              "isHook": false,
              "skipped": false
            },
            {
              "title": "static",
              "fullTitle": "factors/totp static",
              "timedOut": false,
              "duration": 781,
              "state": "passed",
              "speed": "slow",
              "pass": true,
              "fail": false,
              "pending": false,
              "context": null,
              "code": "const setup = await mfkdf.setup.key([\n  await mfkdf.setup.factors.totp({\n    secret: Buffer.from('hello world'),\n    time: 1650430806597\n  })\n])\nconst derive1 = await mfkdf.derive.key(setup.policy, {\n  totp: mfkdf.derive.factors.totp(528258, { time: 1650430943604 })\n})\nconst derive2 = await mfkdf.derive.key(derive1.policy, {\n  totp: mfkdf.derive.factors.totp(99922, { time: 1650430991083 })\n})\nconst derive3 = await mfkdf.derive.key(derive1.policy, {\n  totp: mfkdf.derive.factors.totp(398884, { time: 1650431018392 })\n})\nderive1.key.toString('hex').should.equal(setup.key.toString('hex'))\nderive2.key.toString('hex').should.equal(setup.key.toString('hex'))\nderive3.key.toString('hex').should.equal(setup.key.toString('hex'))",
              "err": {},
              "uuid": "556e60dc-fab0-4d2b-b9aa-6de307e11f92",
              "parentUUID": "81b84f81-b1fa-40a7-afb8-b4d66c5d6c98",
              "isHook": false,
              "skipped": false
            },
            {
              "title": "defaults",
              "fullTitle": "factors/totp defaults",
              "timedOut": false,
              "duration": 430,
              "state": "passed",
              "speed": "slow",
              "pass": true,
              "fail": false,
              "pending": false,
              "context": null,
              "code": "await mfkdf.setup.key([\n  await mfkdf.setup.factors.totp()\n])",
              "err": {},
              "uuid": "aa710f1b-34b7-4a89-89bf-501f5722d436",
              "parentUUID": "81b84f81-b1fa-40a7-afb8-b4d66c5d6c98",
              "isHook": false,
              "skipped": false
            }
          ],
          "suites": [
            {
              "uuid": "b9cd7451-1c5b-4466-85a0-c7b306d1f82f",
              "title": "errors",
              "fullFile": "C:\\xampp\\htdocs\\Multifactor\\MFKDF\\test\\factors\\totp.js",
              "file": "\\test\\factors\\totp.js",
              "beforeHooks": [],
              "afterHooks": [],
              "tests": [
                {
                  "title": "code/type",
                  "fullTitle": "factors/totp errors code/type",
                  "timedOut": false,
                  "duration": 0,
                  "state": "passed",
                  "speed": "fast",
                  "pass": true,
                  "fail": false,
                  "pending": false,
                  "context": null,
                  "code": "(() => {\n  mfkdf.derive.factors.totp('hello')\n}).should.throw(TypeError)",
                  "err": {},
                  "uuid": "1c9c1fad-af51-4ffc-be3c-227679d557a1",
                  "parentUUID": "b9cd7451-1c5b-4466-85a0-c7b306d1f82f",
                  "isHook": false,
                  "skipped": false
                },
                {
                  "title": "code/window",
                  "fullTitle": "factors/totp errors code/window",
                  "timedOut": false,
                  "duration": 416,
                  "state": "passed",
                  "speed": "slow",
                  "pass": true,
                  "fail": false,
                  "pending": false,
                  "context": null,
                  "code": "const setup = await mfkdf.setup.key([\n  await mfkdf.setup.factors.totp({\n    secret: Buffer.from('hello world'),\n    time: 1650430806597\n  })\n])\nmfkdf.derive.key(setup.policy, {\n  totp: mfkdf.derive.factors.totp(528258, { time: 1750430943604 })\n}).should.be.rejectedWith(RangeError)",
                  "err": {},
                  "uuid": "5bfb7268-d7cc-4659-be6f-ff3ac9d877cc",
                  "parentUUID": "b9cd7451-1c5b-4466-85a0-c7b306d1f82f",
                  "isHook": false,
                  "skipped": false
                },
                {
                  "title": "time/type",
                  "fullTitle": "factors/totp errors time/type",
                  "timedOut": false,
                  "duration": 0,
                  "state": "passed",
                  "speed": "fast",
                  "pass": true,
                  "fail": false,
                  "pending": false,
                  "context": null,
                  "code": "(() => {\n  mfkdf.derive.factors.totp(12345, { time: 'hello' })\n}).should.throw(TypeError)",
                  "err": {},
                  "uuid": "e40afcbb-c19c-44e8-998e-b9e660556b89",
                  "parentUUID": "b9cd7451-1c5b-4466-85a0-c7b306d1f82f",
                  "isHook": false,
                  "skipped": false
                },
                {
                  "title": "time/range",
                  "fullTitle": "factors/totp errors time/range",
                  "timedOut": false,
                  "duration": 0,
                  "state": "passed",
                  "speed": "fast",
                  "pass": true,
                  "fail": false,
                  "pending": false,
                  "context": null,
                  "code": "(() => {\n  mfkdf.derive.factors.totp(12345, { time: -1 })\n}).should.throw(RangeError)",
                  "err": {},
                  "uuid": "fb9ef40b-3d12-4ba1-9a66-d625e3b25c3d",
                  "parentUUID": "b9cd7451-1c5b-4466-85a0-c7b306d1f82f",
                  "isHook": false,
                  "skipped": false
                },
                {
                  "title": "id/type",
                  "fullTitle": "factors/totp errors id/type",
                  "timedOut": false,
                  "duration": 0,
                  "state": "passed",
                  "speed": "fast",
                  "pass": true,
                  "fail": false,
                  "pending": false,
                  "context": null,
                  "code": "mfkdf.setup.factors.totp({\n  secret: Buffer.from('hello world'),\n  id: 12345\n}).should.be.rejectedWith(TypeError)",
[...]
                  "err": {},
                  "uuid": "56d86eb3-5710-4fc8-a8f4-2613bd0b2541",
                  "parentUUID": "95517d48-e373-4e41-ba07-aab960b6c7a1",
                  "isHook": false,
                  "skipped": false
                },
                {
                  "title": "invalid/range",
                  "fullTitle": "setup/key id invalid/range",
                  "timedOut": false,
                  "duration": 0,
                  "state": "passed",
                  "speed": "fast",
                  "pass": true,
                  "fail": false,
                  "pending": false,
                  "context": null,
                  "code": "mfkdf.setup.key([\n  await mfkdf.setup.factors.password('hello')\n], { id: '' }).should.be.rejectedWith(RangeError)",
                  "err": {},
                  "uuid": "fcd670b4-e868-45c5-af1a-e7a0aef4a843",
                  "parentUUID": "95517d48-e373-4e41-ba07-aab960b6c7a1",
                  "isHook": false,
                  "skipped": false
                }
              ],
              "suites": [],
              "passes": [
                "2b5e59f8-532e-4ddc-acaa-1f50cf82d210",
                "ccf89f84-e72e-4dfe-80b9-c3c4229505f3",
                "56d86eb3-5710-4fc8-a8f4-2613bd0b2541",
                "fcd670b4-e868-45c5-af1a-e7a0aef4a843"
              ],
              "failures": [],
              "pending": [],
              "skipped": [],
              "duration": 195,
              "root": false,
              "rootEmpty": false,
              "_timeout": 5000
            },
            {
              "uuid": "6bb799b7-3102-4f1c-87fe-b8c40de50ec9",
              "title": "size",
              "fullFile": "C:\\xampp\\htdocs\\Multifactor\\MFKDF\\test\\setup\\key.js",
              "file": "\\test\\setup\\key.js",
              "beforeHooks": [],
              "afterHooks": [],
              "tests": [
                {
                  "title": "default",
                  "fullTitle": "setup/key size default",
                  "timedOut": false,
                  "duration": 98,
                  "state": "passed",
                  "speed": "slow",
                  "pass": true,
                  "fail": false,
                  "pending": false,
                  "context": null,
                  "code": "const { policy } = await mfkdf.setup.key([\n  await mfkdf.setup.factors.password('hello')\n])\npolicy.size.should.equal(32)",
                  "err": {},
                  "uuid": "7e7d4ccb-97d8-4377-8d30-b84148db277d",
                  "parentUUID": "6bb799b7-3102-4f1c-87fe-b8c40de50ec9",
                  "isHook": false,
                  "skipped": false
                },
                {
                  "title": "valid",
                  "fullTitle": "setup/key size valid",
                  "timedOut": false,
                  "duration": 99,
                  "state": "passed",
                  "speed": "slow",
                  "pass": true,
                  "fail": false,
                  "pending": false,
                  "context": null,
                  "code": "const { policy } = await mfkdf.setup.key([\n  await mfkdf.setup.factors.password('hello')\n], { size: 64 })\npolicy.size.should.equal(64)",
                  "err": {},
                  "uuid": "510e08e4-be66-4f12-a261-6b47b0490f14",
                  "parentUUID": "6bb799b7-3102-4f1c-87fe-b8c40de50ec9",
                  "isHook": false,
                  "skipped": false
                },
                {
                  "title": "invalid/type",
                  "fullTitle": "setup/key size invalid/type",
                  "timedOut": false,
                  "duration": 1,
                  "state": "passed",
                  "speed": "slow",
                  "pass": true,
                  "fail": false,
                  "pending": false,
                  "context": null,
                  "code": "mfkdf.setup.key([\n  await mfkdf.setup.factors.password('hello')\n], { size: 'hello' }).should.be.rejectedWith(TypeError)",
                  "err": {},
                  "uuid": "69a5f995-3bd8-4bf6-840e-e93c1a4e5a3a",
                  "parentUUID": "6bb799b7-3102-4f1c-87fe-b8c40de50ec9",
                  "isHook": false,
                  "skipped": false
                },
                {
                  "title": "invalid/range",
                  "fullTitle": "setup/key size invalid/range",
                  "timedOut": false,
                  "duration": 0,
                  "state": "passed",
                  "speed": "fast",
                  "pass": true,
                  "fail": false,
                  "pending": false,
                  "context": null,
                  "code": "mfkdf.setup.key([\n  await mfkdf.setup.factors.password('hello')\n], { size: 0 }).should.be.rejectedWith(RangeError)",
                  "err": {},
                  "uuid": "49a97662-07f0-41a2-b27c-f50177424ddd",
                  "parentUUID": "6bb799b7-3102-4f1c-87fe-b8c40de50ec9",
                  "isHook": false,
                  "skipped": false
                }
              ],
              "suites": [],
              "passes": [
                "7e7d4ccb-97d8-4377-8d30-b84148db277d",
                "510e08e4-be66-4f12-a261-6b47b0490f14",
                "69a5f995-3bd8-4bf6-840e-e93c1a4e5a3a",
                "49a97662-07f0-41a2-b27c-f50177424ddd"
              ],
              "failures": [],
              "pending": [],
              "skipped": [],
              "duration": 198,
              "root": false,
              "rootEmpty": false,
              "_timeout": 5000
            },
            {
              "uuid": "1a52d26b-a6da-4faa-be4e-55b3cccc0b46",
              "title": "threshold",
              "fullFile": "C:\\xampp\\htdocs\\Multifactor\\MFKDF\\test\\setup\\key.js",
              "file": "\\test\\setup\\key.js",
              "beforeHooks": [],
              "afterHooks": [],
              "tests": [
                {
                  "title": "default",
                  "fullTitle": "setup/key threshold default",
                  "timedOut": false,
                  "duration": 101,
                  "state": "passed",
                  "speed": "slow",
                  "pass": true,
                  "fail": false,
                  "pending": false,
                  "context": null,
                  "code": "const { policy } = await mfkdf.setup.key([\n  await mfkdf.setup.factors.password('hello', { id: 'password1' }),\n  await mfkdf.setup.factors.password('hello', { id: 'password2' })\n])\npolicy.threshold.should.equal(2)",
                  "err": {},
                  "uuid": "a324f878-8a97-446b-b2e7-692dc8243f68",
                  "parentUUID": "1a52d26b-a6da-4faa-be4e-55b3cccc0b46",
                  "isHook": false,
                  "skipped": false
                },
                {
                  "title": "valid",
                  "fullTitle": "setup/key threshold valid",
                  "timedOut": false,
                  "duration": 97,
                  "state": "passed",
                  "speed": "slow",
                  "pass": true,
                  "fail": false,
                  "pending": false,
                  "context": null,
                  "code": "const { policy } = await mfkdf.setup.key([\n  await mfkdf.setup.factors.password('hello', { id: 'password1' }),\n  await mfkdf.setup.factors.password('hello', { id: 'password2' })\n], { threshold: 1 })\npolicy.threshold.should.equal(1)",
                  "err": {},
                  "uuid": "43524891-af55-4c37-bf48-2e23b297658b",
                  "parentUUID": "1a52d26b-a6da-4faa-be4e-55b3cccc0b46",
                  "isHook": false,
                  "skipped": false
                },
                {
                  "title": "invalid/type",
                  "fullTitle": "setup/key threshold invalid/type",
                  "timedOut": false,
                  "duration": 1,
                  "state": "passed",
                  "speed": "slow",
                  "pass": true,
                  "fail": false,
                  "pending": false,
                  "context": null,
                  "code": "mfkdf.setup.key([\n  await mfkdf.setup.factors.password('hello')\n], { threshold: 'hello' }).should.be.rejectedWith(TypeError)",
                  "err": {},
                  "uuid": "b6b99226-ccb1-415e-89bb-3985a4bb5360",
                  "parentUUID": "1a52d26b-a6da-4faa-be4e-55b3cccc0b46",
                  "isHook": false,
                  "skipped": false
                },
                {
                  "title": "invalid/range",
                  "fullTitle": "setup/key threshold invalid/range",
                  "timedOut": false,
                  "duration": 0,
                  "state": "passed",
                  "speed": "fast",
                  "pass": true,
                  "fail": false,
                  "pending": false,
                  "context": null,
                  "code": "mfkdf.setup.key([\n  await mfkdf.setup.factors.password('hello')\n], { threshold: 0 }).should.be.rejectedWith(RangeError)\nmfkdf.setup.key([\n  await mfkdf.setup.factors.password('hello')\n], { threshold: 2 }).should.be.rejectedWith(RangeError)",
                  "err": {},
                  "uuid": "6bd436e0-9532-4e3a-b59a-3084969c34a0",
                  "parentUUID": "1a52d26b-a6da-4faa-be4e-55b3cccc0b46",
                  "isHook": false,
                  "skipped": false
                }
              ],
              "suites": [],
              "passes": [
                "a324f878-8a97-446b-b2e7-692dc8243f68",
                "43524891-af55-4c37-bf48-2e23b297658b",
                "b6b99226-ccb1-415e-89bb-3985a4bb5360",
                "6bd436e0-9532-4e3a-b59a-3084969c34a0"
              ],
              "failures": [],
              "pending": [],
              "skipped": [],
              "duration": 199,
              "root": false,
              "rootEmpty": false,
              "_timeout": 5000
            },
            {
              "uuid": "48a3998c-78de-4cd9-863a-fbb24a19403a",
              "title": "salt",
              "fullFile": "C:\\xampp\\htdocs\\Multifactor\\MFKDF\\test\\setup\\key.js",
              "file": "\\test\\setup\\key.js",
              "beforeHooks": [],
              "afterHooks": [],
              "tests": [
                {
                  "title": "default",
                  "fullTitle": "setup/key salt default",
                  "timedOut": false,
                  "duration": 98,
                  "state": "passed",
                  "speed": "slow",
                  "pass": true,
                  "fail": false,
                  "pending": false,
                  "context": null,
                  "code": "const { policy } = await mfkdf.setup.key([\n  await mfkdf.setup.factors.password('hello')\n], { size: 48 })\nconst salt = Buffer.from(policy.salt, 'base64')\nsalt.length.should.equal(48)",
                  "err": {},
                  "uuid": "6d595753-27d9-4b78-8ddb-244c7f8c8a35",
                  "parentUUID": "48a3998c-78de-4cd9-863a-fbb24a19403a",
                  "isHook": false,
                  "skipped": false
                },
                {
                  "title": "valid",
                  "fullTitle": "setup/key salt valid",
                  "timedOut": false,
                  "duration": 98,
                  "state": "passed",
                  "speed": "slow",
                  "pass": true,
                  "fail": false,
                  "pending": false,
                  "context": null,
                  "code": "const { policy } = await mfkdf.setup.key([\n  await mfkdf.setup.factors.password('hello')\n], { salt: Buffer.from('12345678', 'base64') })\npolicy.salt.should.equal('12345678')",
                  "err": {},
                  "uuid": "6d1e0b2e-ae3a-4f2e-9d6c-f4a6484ac915",
                  "parentUUID": "48a3998c-78de-4cd9-863a-fbb24a19403a",
                  "isHook": false,
                  "skipped": false
                },
                {
                  "title": "invalid/type",
                  "fullTitle": "setup/key salt invalid/type",
                  "timedOut": false,
                  "duration": 0,
                  "state": "passed",
                  "speed": "fast",
                  "pass": true,
                  "fail": false,
                  "pending": false,
                  "context": null,
                  "code": "mfkdf.setup.key([\n  await mfkdf.setup.factors.password('hello')\n], { salt: 'hello' }).should.be.rejectedWith(TypeError)",
                  "err": {},
                  "uuid": "1a4ef282-8b10-4b00-951c-c5aa1f774f23",
                  "parentUUID": "48a3998c-78de-4cd9-863a-fbb24a19403a",
                  "isHook": false,
                  "skipped": false
                }
              ],
              "suites": [],
              "passes": [
                "6d595753-27d9-4b78-8ddb-244c7f8c8a35",
                "6d1e0b2e-ae3a-4f2e-9d6c-f4a6484ac915",
                "1a4ef282-8b10-4b00-951c-c5aa1f774f23"
              ],
              "failures": [],
              "pending": [],
              "skipped": [],
              "duration": 196,
              "root": false,
              "rootEmpty": false,
              "_timeout": 5000
            },
            {
              "uuid": "63566827-06ba-4a08-ae4b-ff3284d24a74",
              "title": "factors",
              "fullFile": "C:\\xampp\\htdocs\\Multifactor\\MFKDF\\test\\setup\\key.js",
              "file": "\\test\\setup\\key.js",
              "beforeHooks": [],
              "afterHooks": [],
              "tests": [
                {
                  "title": "valid",
                  "fullTitle": "setup/key factors valid",
                  "timedOut": false,
                  "duration": 99,
                  "state": "passed",
                  "speed": "slow",
                  "pass": true,
                  "fail": false,
                  "pending": false,
                  "context": null,
                  "code": "await mfkdf.setup.key([\n  {\n    type: 'password',\n    id: 'password',\n    data: Buffer.from('password', 'utf-8'),\n    params: async () => {\n      return {}\n    },\n    output: async () => {\n      return {}\n    }\n  }\n])",
                  "err": {},
                  "uuid": "7e163069-6130-4f6c-918b-26f2d1cef994",
                  "parentUUID": "63566827-06ba-4a08-ae4b-ff3284d24a74",
                  "isHook": false,
                  "skipped": false
                },
                {
                  "title": "id",
                  "fullTitle": "setup/key factors id",
                  "timedOut": false,
                  "duration": 0,
                  "state": "passed",
                  "speed": "fast",
                  "pass": true,
                  "fail": false,
                  "pending": false,
                  "context": null,
                  "code": "mfkdf.setup.key([\n  await mfkdf.setup.factors.password('hello', { id: 'password1' }),\n  await mfkdf.setup.factors.password('hello', { id: 'password1' })\n]).should.be.rejectedWith(RangeError)",
                  "err": {},
                  "uuid": "065e998e-8e0f-431a-8697-d0b626219f9b",
                  "parentUUID": "63566827-06ba-4a08-ae4b-ff3284d24a74",
                  "isHook": false,
                  "skipped": false
                },
                {
                  "title": "invalid/type",
                  "fullTitle": "setup/key factors invalid/type",
                  "timedOut": false,
                  "duration": 1,
                  "state": "passed",
                  "speed": "slow",
                  "pass": true,
                  "fail": false,
                  "pending": false,
                  "context": null,
                  "code": "mfkdf.setup.key('hello').should.be.rejectedWith(TypeError)\nmfkdf.setup.key([\n  {\n    type: 12345,\n    id: 'password',\n    data: Buffer.from('password', 'utf-8'),\n    params: async () => {\n      return {}\n    }\n  }\n]).should.be.rejectedWith(TypeError)\nmfkdf.setup.key([\n  {\n    type: 'password',\n    id: 12345,\n    data: Buffer.from('password', 'utf-8'),\n    params: async () => {\n      return {}\n    }\n  }\n]).should.be.rejectedWith(TypeError)\nmfkdf.setup.key([\n  {\n    type: 'password',\n    id: 'password',\n    data: 12345,\n    params: async () => {\n      return {}\n    }\n  }\n]).should.be.rejectedWith(TypeError)\nmfkdf.setup.key([\n  {\n    type: 'password',\n    id: 'password',\n    data: Buffer.from('password', 'utf-8'),\n    params: 12345\n  }\n]).should.be.rejectedWith(TypeError)",
                  "err": {},
                  "uuid": "e64f26da-d475-4649-917b-fb8bcf0b9e24",
                  "parentUUID": "63566827-06ba-4a08-ae4b-ff3284d24a74",
                  "isHook": false,
                  "skipped": false
                },
                {
                  "title": "invalid/range",
                  "fullTitle": "setup/key factors invalid/range",
                  "timedOut": false,
                  "duration": 0,
                  "state": "passed",
                  "speed": "fast",
                  "pass": true,
                  "fail": false,
                  "pending": false,
                  "context": null,
                  "code": "mfkdf.setup.key([\n]).should.be.rejectedWith(RangeError)\nmfkdf.setup.key([\n  {\n    type: '',\n    id: 'password',\n    data: Buffer.from('password', 'utf-8'),\n    params: async () => {\n      return {}\n    }\n  }\n]).should.be.rejectedWith(RangeError)\nmfkdf.setup.key([\n  {\n    type: 'password',\n    id: '',\n    data: Buffer.from('password', 'utf-8'),\n    params: async () => {\n      return {}\n    }\n  }\n]).should.be.rejectedWith(RangeError)\nmfkdf.setup.key([\n  {\n    type: 'password',\n    id: 'password',\n    data: Buffer.from('', 'utf-8'),\n    params: async () => {\n      return {}\n    }\n  }\n]).should.be.rejectedWith(RangeError)",
                  "err": {},
                  "uuid": "9caa4076-4231-4989-a421-7c590758d973",
                  "parentUUID": "63566827-06ba-4a08-ae4b-ff3284d24a74",
                  "isHook": false,
                  "skipped": false
                }
              ],
              "suites": [],
              "passes": [
                "7e163069-6130-4f6c-918b-26f2d1cef994",
                "065e998e-8e0f-431a-8697-d0b626219f9b",
                "e64f26da-d475-4649-917b-fb8bcf0b9e24",
                "9caa4076-4231-4989-a421-7c590758d973"
              ],
              "failures": [],
              "pending": [],
              "skipped": [],
              "duration": 100,
              "root": false,
              "rootEmpty": false,
              "_timeout": 5000
            }
          ],
          "passes": [
            "9c475807-fe05-4504-b70e-47510d99dd96"
          ],
          "failures": [],
          "pending": [],
          "skipped": [],
          "duration": 103,
          "root": false,
          "rootEmpty": false,
          "_timeout": 5000
        }
      ],
      "passes": [],
      "failures": [],
      "pending": [],
      "skipped": [],
      "duration": 0,
      "root": true,
      "rootEmpty": true,
      "_timeout": 5000
    }
  ],
  "meta": {
    "mocha": {
      "version": "9.2.2"
    },
    "mochawesome": {
      "options": {
        "quiet": false,
        "reportFilename": "mochawesome",
        "saveHtml": true,
        "saveJson": true,
        "consoleReporter": "spec",
        "useInlineDiffs": false,
        "code": true
      },
      "version": "7.1.3"
    },
    "marge": {
      "options": {
        "reportDir": "./site/tests"
      },
      "version": "6.2.0"
    }
  }
}