{
  "stats": {
    "suites": 55,
    "tests": 229,
    "passes": 229,
    "pending": 0,
    "failures": 0,
    "start": "2022-04-22T16:55:48.411Z",
    "end": "2022-04-22T16:56:42.133Z",
    "duration": 53722,
    "testsRegistered": 229,
    "passPercent": 100,
    "pendingPercent": 0,
    "other": 0,
    "hasOther": false,
    "skipped": 0,
    "hasSkipped": false
  },
  "results": [
    {
      "uuid": "a32400a2-eda2-4dde-a2b1-7b6a7769f190",
      "title": "",
      "fullFile": "",
      "file": "",
      "beforeHooks": [],
      "afterHooks": [],
      "tests": [],
      "suites": [
        {
          "uuid": "3634ae30-1a92-4c7e-8db1-3e958c887da1",
          "title": "authentication",
          "fullFile": "C:\\xampp\\htdocs\\Multifactor\\MFKDF\\test\\authentication.js",
          "file": "\\test\\authentication.js",
          "beforeHooks": [],
          "afterHooks": [],
          "tests": [
            {
              "title": "getKey/auth",
              "fullTitle": "authentication getKey/auth",
              "timedOut": false,
              "duration": 8527,
              "state": "passed",
              "speed": "slow",
              "pass": true,
              "fail": false,
              "pending": false,
              "context": null,
              "code": "const key = await mfkdf.setup.key([\n  await mfkdf.setup.factors.password('password1', { id: 'password1' })\n])\nlet authKey\nlet encKey\nauthKey = await key.getSymmetricKey('des', true)\nencKey = await key.getSymmetricKey('des', false)\nauthKey.toString('hex').should.not.equal(encKey.toString('hex'))\nauthKey = await key.getSymmetricKey('3des', true)\nencKey = await key.getSymmetricKey('3des', false)\nauthKey.toString('hex').should.not.equal(encKey.toString('hex'))\nauthKey = await key.getSymmetricKey('aes128', true)\nencKey = await key.getSymmetricKey('aes128', false)\nauthKey.toString('hex').should.not.equal(encKey.toString('hex'))\nauthKey = await key.getSymmetricKey('aes192', true)\nencKey = await key.getSymmetricKey('aes192', false)\nauthKey.toString('hex').should.not.equal(encKey.toString('hex'))\nauthKey = await key.getSymmetricKey('aes256', true)\nencKey = await key.getSymmetricKey('aes256', false)\nauthKey.toString('hex').should.not.equal(encKey.toString('hex'))\nauthKey = await key.getAsymmetricKeyPair('ed25519', true)\nencKey = await key.getAsymmetricKeyPair('ed25519', false)\nauthKey.publicKey.toString('hex').should.not.equal(encKey.publicKey.toString('hex'))\nauthKey = await key.getAsymmetricKeyPair('rsa1024', true)\nencKey = await key.getAsymmetricKeyPair('rsa1024', false)\nauthKey.publicKey.toString('hex').should.not.equal(encKey.publicKey.toString('hex'))\nauthKey = await key.getAsymmetricKeyPair('rsa2048', true)\nencKey = await key.getAsymmetricKeyPair('rsa2048', false)\nauthKey.publicKey.toString('hex').should.not.equal(encKey.publicKey.toString('hex'))\nauthKey = await key.getAsymmetricKeyPair('rsa3072', true)\nencKey = await key.getAsymmetricKeyPair('rsa3072', false)\nauthKey.publicKey.toString('hex').should.not.equal(encKey.publicKey.toString('hex'))",
              "err": {},
              "uuid": "3779e54b-e7f2-4516-8995-718f2c00af3c",
              "parentUUID": "3634ae30-1a92-4c7e-8db1-3e958c887da1",
              "isHook": false,
              "skipped": false
            }
          ],
          "suites": [
            {
              "uuid": "1bcb53c0-611b-435d-979c-f622ddab4ab7",
              "title": "valid",
              "fullFile": "C:\\xampp\\htdocs\\Multifactor\\MFKDF\\test\\authentication.js",
              "file": "\\test\\authentication.js",
              "beforeHooks": [],
              "afterHooks": [],
              "tests": [
                {
                  "title": "ISO97982PassUnilateralAuthSymmetric",
                  "fullTitle": "authentication valid ISO97982PassUnilateralAuthSymmetric",
                  "timedOut": false,
                  "duration": 109,
                  "state": "passed",
                  "speed": "slow",
                  "pass": true,
                  "fail": false,
                  "pending": false,
                  "context": null,
                  "code": "const key = await mfkdf.setup.key([\n  await mfkdf.setup.factors.password('password1', { id: 'password1' })\n])\nconst challenge = Buffer.from('hello world')\nconst identity = Buffer.from('bob')\nconst response = await key.ISO97982PassUnilateralAuthSymmetric(challenge, identity)\nconst authKey = await key.ISO9798SymmetricKey()\nconst valid = await mfkdf.auth.VerifyISO97982PassUnilateralAuthSymmetric(challenge, identity, response, authKey)\nvalid.should.be.true",
                  "err": {},
                  "uuid": "7f6824c3-8612-440d-9740-f953eb265300",
                  "parentUUID": "1bcb53c0-611b-435d-979c-f622ddab4ab7",
                  "isHook": false,
                  "skipped": false
                },
                {
                  "title": "ISO97982PassUnilateralAuthAsymmetric",
                  "fullTitle": "authentication valid ISO97982PassUnilateralAuthAsymmetric",
                  "timedOut": false,
                  "duration": 318,
                  "state": "passed",
                  "speed": "slow",
                  "pass": true,
                  "fail": false,
                  "pending": false,
                  "context": null,
                  "code": "const key = await mfkdf.setup.key([\n  await mfkdf.setup.factors.password('password1', { id: 'password1' })\n])\nconst challenge = Buffer.from('hello world')\nconst identity = Buffer.from('bob')\nconst response = await key.ISO97982PassUnilateralAuthAsymmetric(challenge, identity)\nconst authKey = await key.ISO9798AsymmetricKey()\nconst valid = await mfkdf.auth.VerifyISO97982PassUnilateralAuthAsymmetric(challenge, identity, response, authKey)\nvalid.should.be.true",
                  "err": {},
                  "uuid": "125f027d-c6ad-41e6-b2e9-61fac60381f1",
                  "parentUUID": "1bcb53c0-611b-435d-979c-f622ddab4ab7",
                  "isHook": false,
                  "skipped": false
                },
                {
                  "title": "ISO97982PassUnilateralAuthCCF",
                  "fullTitle": "authentication valid ISO97982PassUnilateralAuthCCF",
                  "timedOut": false,
                  "duration": 108,
                  "state": "passed",
                  "speed": "slow",
                  "pass": true,
                  "fail": false,
                  "pending": false,
                  "context": null,
                  "code": "const key = await mfkdf.setup.key([\n  await mfkdf.setup.factors.password('password1', { id: 'password1' })\n])\nconst challenge = Buffer.from('hello world')\nconst identity = Buffer.from('bob')\nconst response = await key.ISO97982PassUnilateralAuthCCF(challenge, identity)\nconst authKey = await key.ISO9798CCFKey()\nconst valid = await mfkdf.auth.VerifyISO97982PassUnilateralAuthCCF(challenge, identity, response, authKey)\nvalid.should.be.true",
                  "err": {},
                  "uuid": "23d61a8c-0cb6-4668-9ae3-d21d849050ff",
                  "parentUUID": "1bcb53c0-611b-435d-979c-f622ddab4ab7",
                  "isHook": false,
                  "skipped": false
                },
                {
                  "title": "ISO97981PassUnilateralAuthSymmetric",
                  "fullTitle": "authentication valid ISO97981PassUnilateralAuthSymmetric",
                  "timedOut": false,
                  "duration": 105,
                  "state": "passed",
                  "speed": "slow",
                  "pass": true,
                  "fail": false,
                  "pending": false,
                  "context": null,
                  "code": "const key = await mfkdf.setup.key([\n  await mfkdf.setup.factors.password('password1', { id: 'password1' })\n])\nconst identity = Buffer.from('bob')\nconst response = await key.ISO97981PassUnilateralAuthSymmetric(identity)\nconst authKey = await key.ISO9798SymmetricKey()\nconst valid = await mfkdf.auth.VerifyISO97981PassUnilateralAuthSymmetric(identity, response, authKey)\nvalid.should.be.true",
                  "err": {},
                  "uuid": "fce9cdad-6f3c-48c8-9d0f-867f1953339b",
                  "parentUUID": "1bcb53c0-611b-435d-979c-f622ddab4ab7",
                  "isHook": false,
                  "skipped": false
                },
                {
                  "title": "ISO97981PassUnilateralAuthAsymmetric",
                  "fullTitle": "authentication valid ISO97981PassUnilateralAuthAsymmetric",
                  "timedOut": false,
                  "duration": 311,
                  "state": "passed",
                  "speed": "slow",
                  "pass": true,
                  "fail": false,
                  "pending": false,
                  "context": null,
                  "code": "const key = await mfkdf.setup.key([\n  await mfkdf.setup.factors.password('password1', { id: 'password1' })\n])\nconst identity = Buffer.from('bob')\nconst response = await key.ISO97981PassUnilateralAuthAsymmetric(identity)\nconst authKey = await key.ISO9798AsymmetricKey()\nconst valid = await mfkdf.auth.VerifyISO97981PassUnilateralAuthAsymmetric(identity, response, authKey)\nvalid.should.be.true",
                  "err": {},
                  "uuid": "531a0b1f-ce24-4473-bbf0-340e1c1feb59",
                  "parentUUID": "1bcb53c0-611b-435d-979c-f622ddab4ab7",
                  "isHook": false,
                  "skipped": false
                },
                {
                  "title": "ISO97981PassUnilateralAuthCCF",
                  "fullTitle": "authentication valid ISO97981PassUnilateralAuthCCF",
                  "timedOut": false,
                  "duration": 104,
                  "state": "passed",
                  "speed": "slow",
                  "pass": true,
                  "fail": false,
                  "pending": false,
                  "context": null,
                  "code": "const key = await mfkdf.setup.key([\n  await mfkdf.setup.factors.password('password1', { id: 'password1' })\n])\nconst identity = Buffer.from('bob')\nconst response = await key.ISO97981PassUnilateralAuthCCF(identity)\nconst authKey = await key.ISO9798CCFKey()\nconst valid = await mfkdf.auth.VerifyISO97981PassUnilateralAuthCCF(identity, response, authKey)\nvalid.should.be.true",
                  "err": {},
                  "uuid": "90a29c41-d68c-460a-b619-4e5e44b48a25",
                  "parentUUID": "1bcb53c0-611b-435d-979c-f622ddab4ab7",
                  "isHook": false,
                  "skipped": false
                }
              ],
              "suites": [],
              "passes": [
                "7f6824c3-8612-440d-9740-f953eb265300",
                "125f027d-c6ad-41e6-b2e9-61fac60381f1",
                "23d61a8c-0cb6-4668-9ae3-d21d849050ff",
                "fce9cdad-6f3c-48c8-9d0f-867f1953339b",
                "531a0b1f-ce24-4473-bbf0-340e1c1feb59",
                "90a29c41-d68c-460a-b619-4e5e44b48a25"
              ],
              "failures": [],
              "pending": [],
              "skipped": [],
              "duration": 1055,
              "root": false,
              "rootEmpty": false,
              "_timeout": 5000
            },
            {
              "uuid": "ae0b6a2b-3403-4fc3-9b16-9182dc4630c1",
              "title": "invalid",
              "fullFile": "C:\\xampp\\htdocs\\Multifactor\\MFKDF\\test\\authentication.js",
              "file": "\\test\\authentication.js",
              "beforeHooks": [],
              "afterHooks": [],
              "tests": [
                {
                  "title": "ISO97982PassUnilateralAuthSymmetric",
                  "fullTitle": "authentication invalid ISO97982PassUnilateralAuthSymmetric",
                  "timedOut": false,
                  "duration": 210,
                  "state": "passed",
                  "speed": "slow",
                  "pass": true,
                  "fail": false,
                  "pending": false,
                  "context": null,
                  "code": "const key = await mfkdf.setup.key([\n  await mfkdf.setup.factors.password('password1', { id: 'password1' })\n])\nconst key2 = await mfkdf.setup.key([\n  await mfkdf.setup.factors.password('password2', { id: 'password2' })\n])\nconst challenge = Buffer.from('hello world')\nconst identity = Buffer.from('bob')\nconst response = await key.ISO97982PassUnilateralAuthSymmetric(challenge, identity)\nconst authKey = await key2.ISO9798SymmetricKey()\nconst valid = await mfkdf.auth.VerifyISO97982PassUnilateralAuthSymmetric(challenge, identity, response, authKey)\nvalid.should.be.false",
                  "err": {},
                  "uuid": "a22911bd-7022-49c8-a56d-5059799a48df",
                  "parentUUID": "ae0b6a2b-3403-4fc3-9b16-9182dc4630c1",
                  "isHook": false,
                  "skipped": false
                },
                {
                  "title": "ISO97982PassUnilateralAuthAsymmetric",
                  "fullTitle": "authentication invalid ISO97982PassUnilateralAuthAsymmetric",
                  "timedOut": false,
                  "duration": 417,
                  "state": "passed",
                  "speed": "slow",
                  "pass": true,
                  "fail": false,
                  "pending": false,
                  "context": null,
                  "code": "const key = await mfkdf.setup.key([\n  await mfkdf.setup.factors.password('password1', { id: 'password1' })\n])\nconst key2 = await mfkdf.setup.key([\n  await mfkdf.setup.factors.password('password2', { id: 'password2' })\n])\nconst challenge = Buffer.from('hello world')\nconst identity = Buffer.from('bob')\nconst response = await key.ISO97982PassUnilateralAuthAsymmetric(challenge, identity)\nconst authKey = await key2.ISO9798AsymmetricKey()\nconst valid = await mfkdf.auth.VerifyISO97982PassUnilateralAuthAsymmetric(challenge, identity, response, authKey)\nvalid.should.be.false",
                  "err": {},
                  "uuid": "0f52ce23-7164-4e7b-9aab-d047658b5495",
                  "parentUUID": "ae0b6a2b-3403-4fc3-9b16-9182dc4630c1",
                  "isHook": false,
                  "skipped": false
                },
                {
                  "title": "ISO97982PassUnilateralAuthCCF",
                  "fullTitle": "authentication invalid ISO97982PassUnilateralAuthCCF",
                  "timedOut": false,
                  "duration": 210,
                  "state": "passed",
                  "speed": "slow",
                  "pass": true,
                  "fail": false,
                  "pending": false,
                  "context": null,
                  "code": "const key = await mfkdf.setup.key([\n  await mfkdf.setup.factors.password('password1', { id: 'password1' })\n])\nconst key2 = await mfkdf.setup.key([\n  await mfkdf.setup.factors.password('password2', { id: 'password2' })\n])\nconst challenge = Buffer.from('hello world')\nconst identity = Buffer.from('bob')\nconst response = await key.ISO97982PassUnilateralAuthCCF(challenge, identity)\nconst authKey = await key2.ISO9798CCFKey()\nconst valid = await mfkdf.auth.VerifyISO97982PassUnilateralAuthCCF(challenge, identity, response, authKey)\nvalid.should.be.false",
                  "err": {},
                  "uuid": "0a477374-9396-47ae-8d8d-428fabf2b4c0",
                  "parentUUID": "ae0b6a2b-3403-4fc3-9b16-9182dc4630c1",
                  "isHook": false,
                  "skipped": false
                },
                {
                  "title": "ISO97981PassUnilateralAuthSymmetric",
                  "fullTitle": "authentication invalid ISO97981PassUnilateralAuthSymmetric",
                  "timedOut": false,
                  "duration": 210,
                  "state": "passed",
                  "speed": "slow",
                  "pass": true,
                  "fail": false,
                  "pending": false,
                  "context": null,
                  "code": "const key = await mfkdf.setup.key([\n  await mfkdf.setup.factors.password('password1', { id: 'password1' })\n])\nconst key2 = await mfkdf.setup.key([\n  await mfkdf.setup.factors.password('password2', { id: 'password2' })\n])\nconst identity = Buffer.from('bob')\nconst response = await key.ISO97981PassUnilateralAuthSymmetric(identity)\nconst authKey = await key2.ISO9798SymmetricKey()\nconst valid = await mfkdf.auth.VerifyISO97981PassUnilateralAuthSymmetric(identity, response, authKey)\nvalid.should.be.false",
                  "err": {},
                  "uuid": "3efe45f3-f313-4e77-8c9a-0f30c80d6252",
                  "parentUUID": "ae0b6a2b-3403-4fc3-9b16-9182dc4630c1",
                  "isHook": false,
                  "skipped": false
                },
                {
                  "title": "ISO97981PassUnilateralAuthAsymmetric",
                  "fullTitle": "authentication invalid ISO97981PassUnilateralAuthAsymmetric",
                  "timedOut": false,
                  "duration": 347,
                  "state": "passed",
                  "speed": "slow",
                  "pass": true,
                  "fail": false,
                  "pending": false,
                  "context": null,
                  "code": "const key = await mfkdf.setup.key([\n  await mfkdf.setup.factors.password('password1', { id: 'password1' })\n])\nconst key2 = await mfkdf.setup.key([\n  await mfkdf.setup.factors.password('password2', { id: 'password2' })\n])\nconst identity = Buffer.from('bob')\nconst response = await key.ISO97981PassUnilateralAuthAsymmetric(identity)\nconst authKey = await key2.ISO9798AsymmetricKey()\nconst valid = await mfkdf.auth.VerifyISO97981PassUnilateralAuthAsymmetric(identity, response, authKey)\nvalid.should.be.false",
                  "err": {},
                  "uuid": "6b8fd4e2-0f28-4904-8e19-8325e1eb08ef",
                  "parentUUID": "ae0b6a2b-3403-4fc3-9b16-9182dc4630c1",
                  "isHook": false,
                  "skipped": false
                },
                {
                  "title": "ISO97981PassUnilateralAuthCCF",
                  "fullTitle": "authentication invalid ISO97981PassUnilateralAuthCCF",
                  "timedOut": false,
                  "duration": 206,
                  "state": "passed",
                  "speed": "slow",
                  "pass": true,
                  "fail": false,
                  "pending": false,
                  "context": null,
                  "code": "const key = await mfkdf.setup.key([\n  await mfkdf.setup.factors.password('password1', { id: 'password1' })\n])\nconst key2 = await mfkdf.setup.key([\n  await mfkdf.setup.factors.password('password2', { id: 'password2' })\n])\nconst identity = Buffer.from('bob')\nconst response = await key.ISO97981PassUnilateralAuthCCF(identity)\nconst authKey = await key2.ISO9798CCFKey()\nconst valid = await mfkdf.auth.VerifyISO97981PassUnilateralAuthCCF(identity, response, authKey)\nvalid.should.be.false",
                  "err": {},
                  "uuid": "099ccbd7-cb74-439c-ba31-7ceebe89ad38",
                  "parentUUID": "ae0b6a2b-3403-4fc3-9b16-9182dc4630c1",
                  "isHook": false,
                  "skipped": false
                },
                {
                  "title": "ISO97981PassUnilateralAuthSymmetric/window",
                  "fullTitle": "authentication invalid ISO97981PassUnilateralAuthSymmetric/window",
                  "timedOut": false,
                  "duration": 103,
                  "state": "passed",
                  "speed": "slow",
                  "pass": true,
                  "fail": false,
                  "pending": false,
                  "context": null,
                  "code": "const key = await mfkdf.setup.key([\n  await mfkdf.setup.factors.password('password1', { id: 'password1' })\n])\nconst identity = Buffer.from('bob')\nconst response = await key.ISO97981PassUnilateralAuthSymmetric(identity)\nconst authKey = await key.ISO9798SymmetricKey()\nconst valid = await mfkdf.auth.VerifyISO97981PassUnilateralAuthSymmetric(identity, response, authKey, -1)\nvalid.should.be.false",
                  "err": {},
                  "uuid": "8469eba5-488e-4fb4-805a-b80a7d898f31",
                  "parentUUID": "ae0b6a2b-3403-4fc3-9b16-9182dc4630c1",
                  "isHook": false,
                  "skipped": false
                },
                {
                  "title": "ISO97981PassUnilateralAuthAsymmetric/window",
                  "fullTitle": "authentication invalid ISO97981PassUnilateralAuthAsymmetric/window",
                  "timedOut": false,
                  "duration": 289,
                  "state": "passed",
                  "speed": "slow",
                  "pass": true,
                  "fail": false,
                  "pending": false,
                  "context": null,
                  "code": "const key = await mfkdf.setup.key([\n  await mfkdf.setup.factors.password('password1', { id: 'password1' })\n])\nconst identity = Buffer.from('bob')\nconst response = await key.ISO97981PassUnilateralAuthAsymmetric(identity)\nconst authKey = await key.ISO9798AsymmetricKey()\nconst valid = await mfkdf.auth.VerifyISO97981PassUnilateralAuthAsymmetric(identity, response, authKey, -1)\nvalid.should.be.false",
                  "err": {},
                  "uuid": "b29ade6f-a530-4d01-a517-7a2cefec47a7",
                  "parentUUID": "ae0b6a2b-3403-4fc3-9b16-9182dc4630c1",
                  "isHook": false,
                  "skipped": false
                },
                {
                  "title": "ISO97981PassUnilateralAuthCCF/window",
                  "fullTitle": "authentication invalid ISO97981PassUnilateralAuthCCF/window",
                  "timedOut": false,
                  "duration": 108,
                  "state": "passed",
                  "speed": "slow",
                  "pass": true,
                  "fail": false,
                  "pending": false,
                  "context": null,
                  "code": "const key = await mfkdf.setup.key([\n  await mfkdf.setup.factors.password('password1', { id: 'password1' })\n])\nconst identity = Buffer.from('bob')\nconst response = await key.ISO97981PassUnilateralAuthCCF(identity)\nconst authKey = await key.ISO9798CCFKey()\nconst valid = await mfkdf.auth.VerifyISO97981PassUnilateralAuthCCF(identity, response, authKey, -1)\nvalid.should.be.false",
                  "err": {},
                  "uuid": "be659f84-52d1-4665-8661-e1d7f732bb5f",
                  "parentUUID": "ae0b6a2b-3403-4fc3-9b16-9182dc4630c1",
                  "isHook": false,
                  "skipped": false
                }
              ],
              "suites": [],
              "passes": [
                "a22911bd-7022-49c8-a56d-5059799a48df",
                "0f52ce23-7164-4e7b-9aab-d047658b5495",
                "0a477374-9396-47ae-8d8d-428fabf2b4c0",
                "3efe45f3-f313-4e77-8c9a-0f30c80d6252",
                "6b8fd4e2-0f28-4904-8e19-8325e1eb08ef",
                "099ccbd7-cb74-439c-ba31-7ceebe89ad38",
                "8469eba5-488e-4fb4-805a-b80a7d898f31",
                "b29ade6f-a530-4d01-a517-7a2cefec47a7",
                "be659f84-52d1-4665-8661-e1d7f732bb5f"
              ],
              "failures": [],
              "pending": [],
              "skipped": [],
              "duration": 2100,
              "root": false,
              "rootEmpty": false,
              "_timeout": 5000
            }
          ],
          "passes": [
            "3779e54b-e7f2-4516-8995-718f2c00af3c"
          ],
          "failures": [],
          "pending": [],
          "skipped": [],
          "duration": 8527,
          "root": false,
          "rootEmpty": false,
          "_timeout": 5000
        },
        {
          "uuid": "a99d3ea6-9f86-4310-bc44-b6b2eb8a28d7",
          "title": "asymmetric",
          "fullFile": "C:\\xampp\\htdocs\\Multifactor\\MFKDF\\test\\crypto\\asymmetric.js",
          "file": "\\test\\crypto\\asymmetric.js",
          "beforeHooks": [],
          "afterHooks": [],
          "tests": [],
          "suites": [
            {
              "uuid": "9302c5f2-eb0d-474a-88ce-53e60c650346",
              "title": "encryption",
              "fullFile": "C:\\xampp\\htdocs\\Multifactor\\MFKDF\\test\\crypto\\asymmetric.js",
              "file": "\\test\\crypto\\asymmetric.js",
              "beforeHooks": [],
              "afterHooks": [],
              "tests": [
                {
                  "title": "rsa1024",
                  "fullTitle": "asymmetric encryption rsa1024",
                  "timedOut": false,
                  "duration": 195,
                  "state": "passed",
                  "speed": "slow",
                  "pass": true,
                  "fail": false,
                  "pending": false,
                  "context": null,
                  "code": "const setup = await mfkdf.setup.key([\n  await mfkdf.setup.factors.uuid({ id: 'uuid1', uuid: '9b1deb4d-3b7d-4bad-9bdd-2b0d7b3dcb6d' })\n])\nconst ct = await setup.encrypt('hello world', 'rsa1024')\nconst pt = await setup.decrypt(ct, 'rsa1024')\npt.toString().should.equal('hello world')",
                  "err": {},
                  "uuid": "bcc97af4-44c7-4f48-a4d1-8eed199a7758",
                  "parentUUID": "9302c5f2-eb0d-474a-88ce-53e60c650346",
                  "isHook": false,
                  "skipped": false
                },
                {
                  "title": "rsa2048",
                  "fullTitle": "asymmetric encryption rsa2048",
                  "timedOut": false,
                  "duration": 1871,
                  "state": "passed",
                  "speed": "slow",
                  "pass": true,
                  "fail": false,
                  "pending": false,
                  "context": null,
                  "code": "const setup = await mfkdf.setup.key([\n  await mfkdf.setup.factors.uuid({ id: 'uuid1', uuid: '9b1deb4d-3b7d-4bad-9bdd-2b0d7b3dcb6d' })\n])\nconst ct = await setup.encrypt('hello world', 'rsa2048')\nconst pt = await setup.decrypt(ct, 'rsa2048')\npt.toString().should.equal('hello world')",
                  "err": {},
                  "uuid": "d3d77159-1edb-4c86-b641-aa21d58a3f99",
                  "parentUUID": "9302c5f2-eb0d-474a-88ce-53e60c650346",
                  "isHook": false,
                  "skipped": false
                }
              ],
              "suites": [],
              "passes": [
                "bcc97af4-44c7-4f48-a4d1-8eed199a7758",
                "d3d77159-1edb-4c86-b641-aa21d58a3f99"
              ],
              "failures": [],
              "pending": [],
              "skipped": [],
              "duration": 2066,
              "root": false,
              "rootEmpty": false,
              "_timeout": 5000
            },
            {
              "uuid": "f2794ea6-2914-4fba-8e6a-f234c2941aa9",
              "title": "signatures",
              "fullFile": "C:\\xampp\\htdocs\\Multifactor\\MFKDF\\test\\crypto\\asymmetric.js",
              "file": "\\test\\crypto\\asymmetric.js",
              "beforeHooks": [],
              "afterHooks": [],
              "tests": [
                {
                  "title": "rsa1024",
                  "fullTitle": "asymmetric signatures rsa1024",
                  "timedOut": false,
                  "duration": 316,
                  "state": "passed",
                  "speed": "slow",
                  "pass": true,
                  "fail": false,
                  "pending": false,
                  "context": null,
                  "code": "const setup = await mfkdf.setup.key([\n  await mfkdf.setup.factors.uuid({ id: 'uuid1', uuid: '9b1deb4d-3b7d-4bad-9bdd-2b0d7b3dcb6d' })\n])\nconst signature = await setup.sign('hello world', 'rsa1024')\nconst validity = await setup.verify('hello world', signature, 'rsa1024')\nvalidity.should.be.true",
                  "err": {},
                  "uuid": "3ebcd3de-5a6c-4894-9677-a2ea31e580ea",
                  "parentUUID": "f2794ea6-2914-4fba-8e6a-f234c2941aa9",
                  "isHook": false,
                  "skipped": false
                },
                {
                  "title": "rsa2048",
                  "fullTitle": "asymmetric signatures rsa2048",
                  "timedOut": false,
                  "duration": 247,
                  "state": "passed",
                  "speed": "slow",
                  "pass": true,
                  "fail": false,
                  "pending": false,
                  "context": null,
                  "code": "const setup = await mfkdf.setup.key([\n  await mfkdf.setup.factors.uuid({ id: 'uuid1', uuid: '9b1deb4d-3b7d-4bad-9bdd-2b0d7b3dcb6d' })\n])\nconst signature = await setup.sign('hello world', 'rsa2048')\nconst validity = await setup.verify('hello world', signature, 'rsa2048')\nvalidity.should.be.true",
                  "err": {},
                  "uuid": "5c72e6f4-9ee6-4d7d-bbe0-210f8ae04f2d",
                  "parentUUID": "f2794ea6-2914-4fba-8e6a-f234c2941aa9",
                  "isHook": false,
                  "skipped": false
                },
                {
                  "title": "rsa3072",
                  "fullTitle": "asymmetric signatures rsa3072",
                  "timedOut": false,
                  "duration": 5886,
                  "state": "passed",
                  "speed": "slow",
                  "pass": true,
                  "fail": false,
                  "pending": false,
                  "context": null,
                  "code": "const setup = await mfkdf.setup.key([\n  await mfkdf.setup.factors.uuid({ id: 'uuid1', uuid: '9b1deb4d-3b7d-4bad-9bdd-2b0d7b3dcb6d' })\n])\nconst signature = await setup.sign('hello world', 'rsa3072')\nconst validity = await setup.verify('hello world', signature, 'rsa3072')\nvalidity.should.be.true",
                  "err": {},
                  "uuid": "59f4f3ca-0ab7-43bf-921b-4b374fd79b99",
                  "parentUUID": "f2794ea6-2914-4fba-8e6a-f234c2941aa9",
                  "isHook": false,
                  "skipped": false
                },
                {
                  "title": "defaults",
                  "fullTitle": "asymmetric signatures defaults",
                  "timedOut": false,
                  "duration": 6770,
                  "state": "passed",
                  "speed": "slow",
                  "pass": true,
                  "fail": false,
                  "pending": false,
                  "context": null,
                  "code": "const setup = await mfkdf.setup.key([\n  await mfkdf.setup.factors.uuid({ id: 'uuid1', uuid: '9b1deb4d-3b7d-4bad-9bdd-2b0d7b3dcb6d' })\n])\nconst signature = await setup.sign('hello world')\nconst validity = await setup.verify('hello world', signature)\nvalidity.should.be.true\nawait setup.getAsymmetricKeyPair()",
                  "err": {},
                  "uuid": "5d01690d-148e-477b-83fb-52077c0555ef",
                  "parentUUID": "f2794ea6-2914-4fba-8e6a-f234c2941aa9",
                  "isHook": false,
                  "skipped": false
                },
                {
                  "title": "ed25519",
                  "fullTitle": "asymmetric signatures ed25519",
                  "timedOut": false,
                  "duration": 106,
                  "state": "passed",
                  "speed": "slow",
                  "pass": true,
                  "fail": false,
                  "pending": false,
                  "context": null,
                  "code": "const setup = await mfkdf.setup.key([\n  await mfkdf.setup.factors.uuid({ id: 'uuid1', uuid: '9b1deb4d-3b7d-4bad-9bdd-2b0d7b3dcb6d' })\n])\nawait setup.getAsymmetricKeyPair('ed25519')",
                  "err": {},
                  "uuid": "e3ec5e62-2414-4af3-8d9d-41485745622e",
                  "parentUUID": "f2794ea6-2914-4fba-8e6a-f234c2941aa9",
                  "isHook": false,
                  "skipped": false
                },
                {
                  "title": "unknown",
                  "fullTitle": "asymmetric signatures unknown",
                  "timedOut": false,
                  "duration": 106,
                  "state": "passed",
                  "speed": "slow",
                  "pass": true,
                  "fail": false,
                  "pending": false,
                  "context": null,
                  "code": "const setup = await mfkdf.setup.key([\n  await mfkdf.setup.factors.uuid({ id: 'uuid1', uuid: '9b1deb4d-3b7d-4bad-9bdd-2b0d7b3dcb6d' })\n])\nsetup.getAsymmetricKeyPair('unknown').should.be.rejectedWith(RangeError)",
                  "err": {},
                  "uuid": "c31171dc-d0c7-45fa-b454-6c255cc68931",
                  "parentUUID": "f2794ea6-2914-4fba-8e6a-f234c2941aa9",
                  "isHook": false,
                  "skipped": false
                },
                {
                  "title": "errors",
                  "fullTitle": "asymmetric signatures errors",
                  "timedOut": false,
                  "duration": 6515,
                  "state": "passed",
                  "speed": "slow",
                  "pass": true,
                  "fail": false,
                  "pending": false,
                  "context": null,
                  "code": "const setup = await mfkdf.setup.key([\n  await mfkdf.setup.factors.uuid({ id: 'uuid1', uuid: '9b1deb4d-3b7d-4bad-9bdd-2b0d7b3dcb6d' })\n])\nsetup.sign(12345, 'rsa1024').should.be.rejectedWith(TypeError)\nconst signature = await setup.sign('hello world')\nsetup.verify(12345, signature).should.be.rejectedWith(TypeError)",
                  "err": {},
                  "uuid": "f3615cd4-d234-4e5f-9538-ba36e7ed83ba",
                  "parentUUID": "f2794ea6-2914-4fba-8e6a-f234c2941aa9",
                  "isHook": false,
                  "skipped": false
                }
              ],
              "suites": [],
              "passes": [
                "3ebcd3de-5a6c-4894-9677-a2ea31e580ea",
                "5c72e6f4-9ee6-4d7d-bbe0-210f8ae04f2d",
                "59f4f3ca-0ab7-43bf-921b-4b374fd79b99",
                "5d01690d-148e-477b-83fb-52077c0555ef",
                "e3ec5e62-2414-4af3-8d9d-41485745622e",
                "c31171dc-d0c7-45fa-b454-6c255cc68931",
                "f3615cd4-d234-4e5f-9538-ba36e7ed83ba"
              ],
              "failures": [],
              "pending": [],
              "skipped": [],
              "duration": 19946,
              "root": false,
              "rootEmpty": false,
              "_timeout": 5000
            }
          ],
          "passes": [],
          "failures": [],
          "pending": [],
          "skipped": [],
          "duration": 0,
          "root": false,
          "rootEmpty": false,
          "_timeout": 5000
        },
        {
          "uuid": "7aa67441-2861-456a-83ad-56b5c89c513d",
          "title": "encrypt",
          "fullFile": "C:\\xampp\\htdocs\\Multifactor\\MFKDF\\test\\crypto\\symmetric.js",
          "file": "\\test\\crypto\\symmetric.js",
          "beforeHooks": [],
          "afterHooks": [],
          "tests": [
            {
              "title": "defaults",
              "fullTitle": "encrypt defaults",
              "timedOut": false,
              "duration": 239,
              "state": "passed",
              "speed": "slow",
              "pass": true,
              "fail": false,
              "pending": false,
              "context": null,
              "code": "const setup = await mfkdf.setup.key([\n  await mfkdf.setup.factors.uuid({ id: 'uuid1', uuid: '9b1deb4d-3b7d-4bad-9bdd-2b0d7b3dcb6d' })\n])\nconst ciphertext = await setup.encrypt(Buffer.from('hello world'))\nconst derive = await mfkdf.derive.key(setup.policy, {\n  uuid1: mfkdf.derive.factors.uuid('9b1deb4d-3b7d-4bad-9bdd-2b0d7b3dcb6d')\n})\nconst plaintext = await derive.decrypt(ciphertext)\nplaintext.toString().should.equal('hello world')",
              "err": {},
              "uuid": "66b09c55-e2a3-4f0b-b141-4c43ef68da3e",
              "parentUUID": "7aa67441-2861-456a-83ad-56b5c89c513d",
              "isHook": false,
              "skipped": false
            },
            {
              "title": "AES256-CBC",
              "fullTitle": "encrypt AES256-CBC",
              "timedOut": false,
              "duration": 220,
              "state": "passed",
              "speed": "slow",
              "pass": true,
              "fail": false,
              "pending": false,
              "context": null,
              "code": "const setup = await mfkdf.setup.key([\n  await mfkdf.setup.factors.uuid({ id: 'uuid1', uuid: '9b1deb4d-3b7d-4bad-9bdd-2b0d7b3dcb6d' })\n])\nconst ciphertext = await setup.encrypt(Buffer.from('hello world'), 'aes256')\nconst derive = await mfkdf.derive.key(setup.policy, {\n  uuid1: mfkdf.derive.factors.uuid('9b1deb4d-3b7d-4bad-9bdd-2b0d7b3dcb6d')\n})\nconst plaintext = await derive.decrypt(ciphertext, 'aes256')\nplaintext.toString().should.equal('hello world')",
              "err": {},
              "uuid": "c01d48d0-2d05-444b-becf-72f24b256194",
              "parentUUID": "7aa67441-2861-456a-83ad-56b5c89c513d",
              "isHook": false,
              "skipped": false
            },
            {
              "title": "AES192-CBC",
              "fullTitle": "encrypt AES192-CBC",
              "timedOut": false,
              "duration": 219,
              "state": "passed",
              "speed": "slow",
              "pass": true,
              "fail": false,
              "pending": false,
              "context": null,
              "code": "const setup = await mfkdf.setup.key([\n  await mfkdf.setup.factors.uuid({ id: 'uuid1', uuid: '9b1deb4d-3b7d-4bad-9bdd-2b0d7b3dcb6d' })\n])\nconst ciphertext = await setup.encrypt('hello world', 'aes192')\nconst derive = await mfkdf.derive.key(setup.policy, {\n  uuid1: mfkdf.derive.factors.uuid('9b1deb4d-3b7d-4bad-9bdd-2b0d7b3dcb6d')\n})\nconst plaintext = await derive.decrypt(ciphertext, 'aes192')\nplaintext.toString().should.equal('hello world')",
              "err": {},
              "uuid": "a7d2aec0-91dd-4bfc-a774-0a953f7a17b7",
              "parentUUID": "7aa67441-2861-456a-83ad-56b5c89c513d",
              "isHook": false,
              "skipped": false
            },
            {
              "title": "AES128-CBC",
              "fullTitle": "encrypt AES128-CBC",
              "timedOut": false,
              "duration": 216,
              "state": "passed",
              "speed": "slow",
              "pass": true,
              "fail": false,
              "pending": false,
              "context": null,
              "code": "const setup = await mfkdf.setup.key([\n  await mfkdf.setup.factors.uuid({ id: 'uuid1', uuid: '9b1deb4d-3b7d-4bad-9bdd-2b0d7b3dcb6d' })\n])\nconst ciphertext = await setup.encrypt('hello world', 'aes128')\nconst derive = await mfkdf.derive.key(setup.policy, {\n  uuid1: mfkdf.derive.factors.uuid('9b1deb4d-3b7d-4bad-9bdd-2b0d7b3dcb6d')\n})\nconst plaintext = await derive.decrypt(ciphertext, 'aes128')\nplaintext.toString().should.equal('hello world')",
              "err": {},
              "uuid": "4d8e7752-3d2d-479c-825a-e9ce63a2d5fc",
              "parentUUID": "7aa67441-2861-456a-83ad-56b5c89c513d",
              "isHook": false,
              "skipped": false
            },
            {
              "title": "3DES-CBC",
              "fullTitle": "encrypt 3DES-CBC",
              "timedOut": false,
              "duration": 221,
              "state": "passed",
              "speed": "slow",
              "pass": true,
              "fail": false,
              "pending": false,
              "context": null,
              "code": "const setup = await mfkdf.setup.key([\n  await mfkdf.setup.factors.uuid({ id: 'uuid1', uuid: '9b1deb4d-3b7d-4bad-9bdd-2b0d7b3dcb6d' })\n])\nconst ciphertext = await setup.encrypt('hello world', '3des')\nconst derive = await mfkdf.derive.key(setup.policy, {\n  uuid1: mfkdf.derive.factors.uuid('9b1deb4d-3b7d-4bad-9bdd-2b0d7b3dcb6d')\n})\nconst plaintext = await derive.decrypt(ciphertext, '3des')\nplaintext.toString().should.equal('hello world')",
              "err": {},
              "uuid": "2664d5f7-cdc8-4c7c-a4bc-da948821da5e",
              "parentUUID": "7aa67441-2861-456a-83ad-56b5c89c513d",
              "isHook": false,
              "skipped": false
            },
            {
              "title": "DES-CBC",
              "fullTitle": "encrypt DES-CBC",
              "timedOut": false,
              "duration": 216,
              "state": "passed",
              "speed": "slow",
              "pass": true,
              "fail": false,
              "pending": false,
              "context": null,
              "code": "const setup = await mfkdf.setup.key([\n  await mfkdf.setup.factors.uuid({ id: 'uuid1', uuid: '9b1deb4d-3b7d-4bad-9bdd-2b0d7b3dcb6d' })\n])\nconst ciphertext = await setup.encrypt('hello world', 'des')\nconst derive = await mfkdf.derive.key(setup.policy, {\n  uuid1: mfkdf.derive.factors.uuid('9b1deb4d-3b7d-4bad-9bdd-2b0d7b3dcb6d')\n})\nconst plaintext = await derive.decrypt(ciphertext, 'des')\nplaintext.toString().should.equal('hello world')",
              "err": {},
              "uuid": "c1425f08-3028-4a86-aa31-f49f122014f4",
              "parentUUID": "7aa67441-2861-456a-83ad-56b5c89c513d",
              "isHook": false,
              "skipped": false
            },
            {
              "title": "AES256-ECB",
              "fullTitle": "encrypt AES256-ECB",
              "timedOut": false,
              "duration": 220,
              "state": "passed",
              "speed": "slow",
              "pass": true,
              "fail": false,
              "pending": false,
              "context": null,
              "code": "const setup = await mfkdf.setup.key([\n  await mfkdf.setup.factors.uuid({ id: 'uuid1', uuid: '9b1deb4d-3b7d-4bad-9bdd-2b0d7b3dcb6d' })\n])\nconst ciphertext = await setup.encrypt(Buffer.from('hello world'), 'aes256', 'ECB')\nconst derive = await mfkdf.derive.key(setup.policy, {\n  uuid1: mfkdf.derive.factors.uuid('9b1deb4d-3b7d-4bad-9bdd-2b0d7b3dcb6d')\n})\nconst plaintext = await derive.decrypt(ciphertext, 'aes256', 'ECB')\nplaintext.toString().should.equal('hello world')",
              "err": {},
              "uuid": "67982b5b-4974-48d4-bb3a-79636ac41676",
              "parentUUID": "7aa67441-2861-456a-83ad-56b5c89c513d",
              "isHook": false,
              "skipped": false
            },
            {
              "title": "AES192-ECB",
              "fullTitle": "encrypt AES192-ECB",
              "timedOut": false,
              "duration": 219,
              "state": "passed",
              "speed": "slow",
              "pass": true,
              "fail": false,
              "pending": false,
              "context": null,
              "code": "const setup = await mfkdf.setup.key([\n  await mfkdf.setup.factors.uuid({ id: 'uuid1', uuid: '9b1deb4d-3b7d-4bad-9bdd-2b0d7b3dcb6d' })\n])\nconst ciphertext = await setup.encrypt('hello world', 'aes192', 'ECB')\nconst derive = await mfkdf.derive.key(setup.policy, {\n  uuid1: mfkdf.derive.factors.uuid('9b1deb4d-3b7d-4bad-9bdd-2b0d7b3dcb6d')\n})\nconst plaintext = await derive.decrypt(ciphertext, 'aes192', 'ECB')\nplaintext.toString().should.equal('hello world')",
              "err": {},
              "uuid": "4802ce39-50dd-4830-91c7-aaeac9310394",
              "parentUUID": "7aa67441-2861-456a-83ad-56b5c89c513d",
              "isHook": false,
              "skipped": false
            },
            {
              "title": "AES128-ECB",
              "fullTitle": "encrypt AES128-ECB",
              "timedOut": false,
              "duration": 216,
              "state": "passed",
              "speed": "slow",
              "pass": true,
              "fail": false,
              "pending": false,
              "context": null,
              "code": "const setup = await mfkdf.setup.key([\n  await mfkdf.setup.factors.uuid({ id: 'uuid1', uuid: '9b1deb4d-3b7d-4bad-9bdd-2b0d7b3dcb6d' })\n])\nconst ciphertext = await setup.encrypt('hello world', 'aes128', 'ECB')\nconst derive = await mfkdf.derive.key(setup.policy, {\n  uuid1: mfkdf.derive.factors.uuid('9b1deb4d-3b7d-4bad-9bdd-2b0d7b3dcb6d')\n})\nconst plaintext = await derive.decrypt(ciphertext, 'aes128', 'ECB')\nplaintext.toString().should.equal('hello world')",
              "err": {},
              "uuid": "e01f5b4b-795d-40f8-ac17-5b734d617de8",
              "parentUUID": "7aa67441-2861-456a-83ad-56b5c89c513d",
              "isHook": false,
              "skipped": false
            },
            {
              "title": "3DES-ECB",
              "fullTitle": "encrypt 3DES-ECB",
              "timedOut": false,
              "duration": 217,
              "state": "passed",
              "speed": "slow",
              "pass": true,
              "fail": false,
              "pending": false,
              "context": null,
              "code": "const setup = await mfkdf.setup.key([\n  await mfkdf.setup.factors.uuid({ id: 'uuid1', uuid: '9b1deb4d-3b7d-4bad-9bdd-2b0d7b3dcb6d' })\n])\nconst ciphertext = await setup.encrypt('hello world', '3des', 'ECB')\nconst derive = await mfkdf.derive.key(setup.policy, {\n  uuid1: mfkdf.derive.factors.uuid('9b1deb4d-3b7d-4bad-9bdd-2b0d7b3dcb6d')\n})\nconst plaintext = await derive.decrypt(ciphertext, '3des', 'ECB')\nplaintext.toString().should.equal('hello world')",
              "err": {},
              "uuid": "4471087e-fcb2-4454-8d29-69a9be9ce834",
              "parentUUID": "7aa67441-2861-456a-83ad-56b5c89c513d",
              "isHook": false,
              "skipped": false
            },
            {
              "title": "DES-ECB",
              "fullTitle": "encrypt DES-ECB",
              "timedOut": false,
              "duration": 214,
              "state": "passed",
              "speed": "slow",
              "pass": true,
              "fail": false,
              "pending": false,
              "context": null,
              "code": "const setup = await mfkdf.setup.key([\n  await mfkdf.setup.factors.uuid({ id: 'uuid1', uuid: '9b1deb4d-3b7d-4bad-9bdd-2b0d7b3dcb6d' })\n])\nconst ciphertext = await setup.encrypt('hello world', 'des', 'ECB')\nconst derive = await mfkdf.derive.key(setup.policy, {\n  uuid1: mfkdf.derive.factors.uuid('9b1deb4d-3b7d-4bad-9bdd-2b0d7b3dcb6d')\n})\nconst plaintext = await derive.decrypt(ciphertext, 'des', 'ECB')\nplaintext.toString().should.equal('hello world')",
              "err": {},
              "uuid": "3f80b700-5ea6-4644-b17d-cbaf9f4176e6",
              "parentUUID": "7aa67441-2861-456a-83ad-56b5c89c513d",
              "isHook": false,
              "skipped": false
            }
          ],
          "suites": [
            {
              "uuid": "9018a976-efd6-419a-9911-f46c99a6f5c7",
              "title": "utils",
              "fullFile": "C:\\xampp\\htdocs\\Multifactor\\MFKDF\\test\\crypto\\symmetric.js",
              "file": "\\test\\crypto\\symmetric.js",
              "beforeHooks": [],
              "afterHooks": [],
              "tests": [
                {
                  "title": "subkey",
                  "fullTitle": "encrypt utils subkey",
                  "timedOut": false,
                  "duration": 104,
                  "state": "passed",
                  "speed": "slow",
                  "pass": true,
                  "fail": false,
                  "pending": false,
                  "context": null,
                  "code": "const setup = await mfkdf.setup.key([\n  await mfkdf.setup.factors.uuid({ id: 'uuid1', uuid: '9b1deb4d-3b7d-4bad-9bdd-2b0d7b3dcb6d' })\n])\nconst key1 = await setup.getSubkey(32, 'AES256', 'sha256')\nconst key2 = await setup.getSymmetricKey('aes256')\nkey1.toString('hex').should.equal(key2.toString('hex'))\nconst key3 = await setup.getSubkey()\nconst key4 = await setup.getSubkey(32, '', 'sha512')\nkey3.toString('hex').should.equal(key4.toString('hex'))",
                  "err": {},
                  "uuid": "adceab71-51cf-4875-8b0e-60104443961a",
                  "parentUUID": "9018a976-efd6-419a-9911-f46c99a6f5c7",
                  "isHook": false,
                  "skipped": false
                },
                {
                  "title": "symmetric key",
                  "fullTitle": "encrypt utils symmetric key",
                  "timedOut": false,
                  "duration": 104,
                  "state": "passed",
                  "speed": "slow",
                  "pass": true,
                  "fail": false,
                  "pending": false,
                  "context": null,
                  "code": "const setup = await mfkdf.setup.key([\n  await mfkdf.setup.factors.uuid({ id: 'uuid1', uuid: '9b1deb4d-3b7d-4bad-9bdd-2b0d7b3dcb6d' })\n])\nconst key1 = await setup.getSymmetricKey()\nconst key2 = await setup.getSymmetricKey('aes256')\nkey1.toString('hex').should.equal(key2.toString('hex'))",
                  "err": {},
                  "uuid": "52e8beff-8236-48ab-a971-ba3c4cfccdf1",
                  "parentUUID": "9018a976-efd6-419a-9911-f46c99a6f5c7",
                  "isHook": false,
                  "skipped": false
                }
              ],
              "suites": [],
              "passes": [
                "adceab71-51cf-4875-8b0e-60104443961a",
                "52e8beff-8236-48ab-a971-ba3c4cfccdf1"
              ],
              "failures": [],
              "pending": [],
              "skipped": [],
              "duration": 208,
              "root": false,
              "rootEmpty": false,
              "_timeout": 5000
            },
            {
              "uuid": "884eb752-8e95-4b7c-aa11-14d2833e1758",
              "title": "errors",
              "fullFile": "C:\\xampp\\htdocs\\Multifactor\\MFKDF\\test\\crypto\\symmetric.js",
              "file": "\\test\\crypto\\symmetric.js",
              "beforeHooks": [],
              "afterHooks": [],
              "tests": [
                {
                  "title": "invalid key",
                  "fullTitle": "encrypt errors invalid key",
                  "timedOut": false,
                  "duration": 106,
                  "state": "passed",
                  "speed": "slow",
                  "pass": true,
                  "fail": false,
                  "pending": false,
                  "context": null,
                  "code": "const setup = await mfkdf.setup.key([\n  await mfkdf.setup.factors.uuid({ id: 'uuid1', uuid: '9b1deb4d-3b7d-4bad-9bdd-2b0d7b3dcb6d' })\n])\nsetup.encrypt('hello world', 'unknown').should.be.rejectedWith(RangeError)",
                  "err": {},
                  "uuid": "fcd8124a-68a8-46a0-81f7-bf3ad3c48016",
                  "parentUUID": "884eb752-8e95-4b7c-aa11-14d2833e1758",
                  "isHook": false,
                  "skipped": false
                },
                {
                  "title": "invalid message",
                  "fullTitle": "encrypt errors invalid message",
                  "timedOut": false,
                  "duration": 104,
                  "state": "passed",
                  "speed": "slow",
                  "pass": true,
                  "fail": false,
                  "pending": false,
                  "context": null,
                  "code": "const setup = await mfkdf.setup.key([\n  await mfkdf.setup.factors.uuid({ id: 'uuid1', uuid: '9b1deb4d-3b7d-4bad-9bdd-2b0d7b3dcb6d' })\n])\nsetup.encrypt(12345, 'unknown').should.be.rejectedWith(TypeError)",
                  "err": {},
                  "uuid": "17751b74-5ca8-4cd5-a82e-74732d81dc8b",
                  "parentUUID": "884eb752-8e95-4b7c-aa11-14d2833e1758",
                  "isHook": false,
                  "skipped": false
                },
                {
                  "title": "invalid ciphertext",
                  "fullTitle": "encrypt errors invalid ciphertext",
                  "timedOut": false,
                  "duration": 104,
                  "state": "passed",
                  "speed": "slow",
                  "pass": true,
                  "fail": false,
                  "pending": false,
                  "context": null,
                  "code": "const setup = await mfkdf.setup.key([\n  await mfkdf.setup.factors.uuid({ id: 'uuid1', uuid: '9b1deb4d-3b7d-4bad-9bdd-2b0d7b3dcb6d' })\n])\nsetup.decrypt(12345, 'unknown').should.be.rejectedWith(TypeError)",
                  "err": {},
                  "uuid": "6fbf6137-a9f7-4f9e-b899-520807237a1d",
                  "parentUUID": "884eb752-8e95-4b7c-aa11-14d2833e1758",
                  "isHook": false,
                  "skipped": false
                }
              ],
              "suites": [],
              "passes": [
                "fcd8124a-68a8-46a0-81f7-bf3ad3c48016",
                "17751b74-5ca8-4cd5-a82e-74732d81dc8b",
                "6fbf6137-a9f7-4f9e-b899-520807237a1d"
              ],
              "failures": [],
              "pending": [],
              "skipped": [],
              "duration": 314,
              "root": false,
              "rootEmpty": false,
              "_timeout": 5000
            }
          ],
          "passes": [
            "66b09c55-e2a3-4f0b-b141-4c43ef68da3e",
            "c01d48d0-2d05-444b-becf-72f24b256194",
            "a7d2aec0-91dd-4bfc-a774-0a953f7a17b7",
            "4d8e7752-3d2d-479c-825a-e9ce63a2d5fc",
            "2664d5f7-cdc8-4c7c-a4bc-da948821da5e",
            "c1425f08-3028-4a86-aa31-f49f122014f4",
            "67982b5b-4974-48d4-bb3a-79636ac41676",
            "4802ce39-50dd-4830-91c7-aaeac9310394",
            "e01f5b4b-795d-40f8-ac17-5b734d617de8",
            "4471087e-fcb2-4454-8d29-69a9be9ce834",
            "3f80b700-5ea6-4644-b17d-cbaf9f4176e6"
          ],
          "failures": [],
          "pending": [],
          "skipped": [],
          "duration": 2417,
          "root": false,
          "rootEmpty": false,
          "_timeout": 5000
        },
        {
          "uuid": "6da4eb48-bf7c-44da-961c-c16872264eb5",
          "title": "derive/factors/password",
          "fullFile": "C:\\xampp\\htdocs\\Multifactor\\MFKDF\\test\\derive\\factors\\password.js",
          "file": "\\test\\derive\\factors\\password.js",
          "beforeHooks": [],
          "afterHooks": [],
          "tests": [
            {
              "title": "invalid/type",
              "fullTitle": "derive/factors/password invalid/type",
              "timedOut": false,
              "duration": 1,
              "state": "passed",
              "speed": "slow",
              "pass": true,
              "fail": false,
              "pending": false,
              "context": null,
              "code": "(() => {\n  mfkdf.derive.factors.password(12345)\n}).should.throw(TypeError)",
              "err": {},
              "uuid": "25cee546-669f-403d-979b-a58eb620bef3",
              "parentUUID": "6da4eb48-bf7c-44da-961c-c16872264eb5",
              "isHook": false,
              "skipped": false
            },
            {
              "title": "invalid/range",
              "fullTitle": "derive/factors/password invalid/range",
              "timedOut": false,
              "duration": 0,
              "state": "passed",
              "speed": "fast",
              "pass": true,
              "fail": false,
              "pending": false,
              "context": null,
              "code": "(() => {\n  mfkdf.derive.factors.password('')\n}).should.throw(RangeError)",
              "err": {},
              "uuid": "9968075e-67f0-42a3-ab56-8d356cd6a81d",
              "parentUUID": "6da4eb48-bf7c-44da-961c-c16872264eb5",
              "isHook": false,
              "skipped": false
            }
          ],
          "suites": [],
          "passes": [
            "25cee546-669f-403d-979b-a58eb620bef3",
            "9968075e-67f0-42a3-ab56-8d356cd6a81d"
          ],
          "failures": [],
          "pending": [],
          "skipped": [],
          "duration": 1,
          "root": false,
          "rootEmpty": false,
          "_timeout": 5000
        },
        {
          "uuid": "b984639e-f1ef-41f1-b356-efe23137e215",
          "title": "derive/factors/uuid",
          "fullFile": "C:\\xampp\\htdocs\\Multifactor\\MFKDF\\test\\derive\\factors\\uuid.js",
          "file": "\\test\\derive\\factors\\uuid.js",
          "beforeHooks": [],
          "afterHooks": [],
          "tests": [
            {
              "title": "invalid/type",
              "fullTitle": "derive/factors/uuid invalid/type",
              "timedOut": false,
              "duration": 0,
              "state": "passed",
              "speed": "fast",
              "pass": true,
              "fail": false,
              "pending": false,
              "context": null,
              "code": "(() => {\n  mfkdf.derive.factors.uuid(12345)\n}).should.throw(TypeError)",
              "err": {},
              "uuid": "8cc8b544-6bdc-4dc1-a7c7-33e53fc130e7",
              "parentUUID": "b984639e-f1ef-41f1-b356-efe23137e215",
              "isHook": false,
              "skipped": false
            },
            {
              "title": "invalid/range",
              "fullTitle": "derive/factors/uuid invalid/range",
              "timedOut": false,
              "duration": 0,
              "state": "passed",
              "speed": "fast",
              "pass": true,
              "fail": false,
              "pending": false,
              "context": null,
              "code": "(() => {\n  mfkdf.derive.factors.uuid('')\n}).should.throw(TypeError)",
              "err": {},
              "uuid": "3648bfb1-2bf9-4d81-94f9-eec34bae9953",
              "parentUUID": "b984639e-f1ef-41f1-b356-efe23137e215",
              "isHook": false,
              "skipped": false
            }
          ],
          "suites": [],
          "passes": [
            "8cc8b544-6bdc-4dc1-a7c7-33e53fc130e7",
            "3648bfb1-2bf9-4d81-94f9-eec34bae9953"
          ],
          "failures": [],
          "pending": [],
          "skipped": [],
          "duration": 0,
          "root": false,
          "rootEmpty": false,
          "_timeout": 5000
        },
        {
          "uuid": "f8c25090-af5d-45cc-8802-b321d8b80c6d",
          "title": "derive/key",
          "fullFile": "C:\\xampp\\htdocs\\Multifactor\\MFKDF\\test\\derive\\key.js",
          "file": "\\test\\derive\\key.js",
          "beforeHooks": [],
          "afterHooks": [],
          "tests": [
            {
              "title": "correct",
              "fullTitle": "derive/key correct",
              "timedOut": false,
              "duration": 558,
              "state": "passed",
              "speed": "slow",
              "pass": true,
              "fail": false,
              "pending": false,
              "context": null,
              "code": "const setup = await mfkdf.setup.key([\n  await mfkdf.setup.factors.password('password1', { id: 'password1' }),\n  await mfkdf.setup.factors.password('password2', { id: 'password2' }),\n  await mfkdf.setup.factors.password('password3', { id: 'password3' })\n], { threshold: 2 })\nconst derive1 = await mfkdf.derive.key(setup.policy, {\n  password1: mfkdf.derive.factors.password('password1'),\n  password2: mfkdf.derive.factors.password('password2')\n})\nconst derive2 = await mfkdf.derive.key(setup.policy, {\n  password2: mfkdf.derive.factors.password('password2'),\n  password3: mfkdf.derive.factors.password('password3')\n})\nconst derive3 = await mfkdf.derive.key(setup.policy, {\n  password1: mfkdf.derive.factors.password('password1'),\n  password3: mfkdf.derive.factors.password('password3')\n})\nconst derive4 = await mfkdf.derive.key(setup.policy, {\n  password1: mfkdf.derive.factors.password('password1'),\n  password2: mfkdf.derive.factors.password('password2'),\n  password3: mfkdf.derive.factors.password('password3')\n})\nsetup.key.toString('hex').should.equal(derive1.key.toString('hex'))\nsetup.key.toString('hex').should.equal(derive2.key.toString('hex'))\nsetup.key.toString('hex').should.equal(derive3.key.toString('hex'))\nsetup.key.toString('hex').should.equal(derive4.key.toString('hex'))\nJSON.stringify(setup.policy).should.equal(JSON.stringify(derive1.policy))\nJSON.stringify(setup.policy).should.equal(JSON.stringify(derive2.policy))\nJSON.stringify(setup.policy).should.equal(JSON.stringify(derive3.policy))\nJSON.stringify(setup.policy).should.equal(JSON.stringify(derive4.policy))",
              "err": {},
              "uuid": "3679c3b1-43dc-4821-b15e-844449ea9222",
              "parentUUID": "f8c25090-af5d-45cc-8802-b321d8b80c6d",
              "isHook": false,
              "skipped": false
            },
            {
              "title": "incorrect",
              "fullTitle": "derive/key incorrect",
              "timedOut": false,
              "duration": 570,
              "state": "passed",
              "speed": "slow",
              "pass": true,
              "fail": false,
              "pending": false,
              "context": null,
              "code": "const setup = await mfkdf.setup.key([\n  await mfkdf.setup.factors.password('password1', { id: 'password1' }),\n  await mfkdf.setup.factors.password('password2', { id: 'password2' }),\n  await mfkdf.setup.factors.password('password3', { id: 'password3' })\n], { threshold: 2 })\nconst derive1 = await mfkdf.derive.key(setup.policy, {\n  password1: mfkdf.derive.factors.password('password1'),\n  password2: mfkdf.derive.factors.password('wrongpassword2')\n})\nconst derive2 = await mfkdf.derive.key(setup.policy, {\n  password2: mfkdf.derive.factors.password('wrongpassword2'),\n  password3: mfkdf.derive.factors.password('wrongpassword3')\n})\nconst derive3 = await mfkdf.derive.key(setup.policy, {\n  password1: mfkdf.derive.factors.password('password1'),\n  password3: mfkdf.derive.factors.password('password2')\n})\nconst derive4 = await mfkdf.derive.key(setup.policy, {\n  password1: mfkdf.derive.factors.password('password1'),\n  password2: mfkdf.derive.factors.password('password2'),\n  password3: mfkdf.derive.factors.password('password4')\n})\nsetup.key.toString('hex').should.not.equal(derive1.key.toString('hex'))\nsetup.key.toString('hex').should.not.equal(derive2.key.toString('hex'))\nsetup.key.toString('hex').should.not.equal(derive3.key.toString('hex'))\nsetup.key.toString('hex').should.not.equal(derive4.key.toString('hex'))",
              "err": {},
              "uuid": "dfcde824-648c-4bb2-b51c-ccb69d4eb90e",
              "parentUUID": "f8c25090-af5d-45cc-8802-b321d8b80c6d",
              "isHook": false,
              "skipped": false
            },
            {
              "title": "mismatch",
              "fullTitle": "derive/key mismatch",
              "timedOut": false,
              "duration": 112,
              "state": "passed",
              "speed": "slow",
              "pass": true,
              "fail": false,
              "pending": false,
              "context": null,
              "code": "const setup = await mfkdf.setup.key([\n  await mfkdf.setup.factors.password('password', { id: 'password' })\n])\nmfkdf.derive.key(setup.policy, {\n  password: mfkdf.derive.factors.uuid('9b1deb4d-3b7d-4bad-9bdd-2b0d7b3dcb6d')\n}).should.be.rejectedWith(TypeError)",
              "err": {},
              "uuid": "f3b3cd7d-c1cb-46b6-be1b-7ff5e07b13a0",
              "parentUUID": "f8c25090-af5d-45cc-8802-b321d8b80c6d",
              "isHook": false,
              "skipped": false
            }
          ],
          "suites": [
            {
              "uuid": "5c14e5ce-248a-46f5-8da3-12d137ac60b1",
              "title": "shares",
              "fullFile": "C:\\xampp\\htdocs\\Multifactor\\MFKDF\\test\\derive\\key.js",
              "file": "\\test\\derive\\key.js",
              "beforeHooks": [],
              "afterHooks": [],
              "tests": [
                {
                  "title": "valid",
                  "fullTitle": "derive/key shares valid",
                  "timedOut": false,
                  "duration": 443,
                  "state": "passed",
                  "speed": "slow",
                  "pass": true,
                  "fail": false,
                  "pending": false,
                  "context": null,
                  "code": "const setup = await mfkdf.setup.key([\n  await mfkdf.setup.factors.password('password1', { id: 'password1' }),\n  await mfkdf.setup.factors.password('password2', { id: 'password2' }),\n  await mfkdf.setup.factors.password('password3', { id: 'password3' })\n], { threshold: 2 })\nconst derive1 = await mfkdf.derive.key(setup.policy, {\n  password1: mfkdf.derive.factors.password('password1'),\n  password2: mfkdf.derive.factors.password('password2')\n})\nconst derive2 = await mfkdf.derive.key(derive1.policy, {\n  password2: mfkdf.derive.factors.password('password2'),\n  password3: mfkdf.derive.factors.password('password3')\n})\nconst derive3 = await mfkdf.derive.key(derive2.policy, {\n  password1: mfkdf.derive.factors.password('password1'),\n  password3: mfkdf.derive.factors.password('password3')\n})\nderive1.shares.should.deep.equal(setup.shares)\nderive2.shares.should.deep.equal(setup.shares)\nderive3.shares.should.deep.equal(setup.shares)",
                  "err": {},
                  "uuid": "fff4e412-4f63-4dde-8938-dc697643f727",
                  "parentUUID": "5c14e5ce-248a-46f5-8da3-12d137ac60b1",
                  "isHook": false,
                  "skipped": false
                }
              ],
              "suites": [],
              "passes": [
                "fff4e412-4f63-4dde-8938-dc697643f727"
              ],
              "failures": [],
              "pending": [],
              "skipped": [],
              "duration": 443,
              "root": false,
              "rootEmpty": false,
              "_timeout": 5000
            },
            {
              "uuid": "0bbf5d8d-347a-49da-a45a-c5e2cfe93393",
              "title": "invalid",
              "fullFile": "C:\\xampp\\htdocs\\Multifactor\\MFKDF\\test\\derive\\key.js",
              "file": "\\test\\derive\\key.js",
              "beforeHooks": [],
              "afterHooks": [],
              "tests": [
                {
                  "title": "schema",
                  "fullTitle": "derive/key invalid schema",
                  "timedOut": false,
                  "duration": 109,
                  "state": "passed",
                  "speed": "slow",
                  "pass": true,
                  "fail": false,
                  "pending": false,
                  "context": null,
                  "code": "const setup = await mfkdf.setup.key([\n  await mfkdf.setup.factors.password('password1', { id: 'password1' })\n])\ndelete setup.policy.$id\nmfkdf.derive.key(setup.policy, {\n  password1: mfkdf.derive.factors.password('password1')\n}).should.be.rejectedWith(TypeError)",
                  "err": {},
                  "uuid": "e9139e4b-eb33-477e-a52a-886fccd09920",
                  "parentUUID": "0bbf5d8d-347a-49da-a45a-c5e2cfe93393",
                  "isHook": false,
                  "skipped": false
                },
                {
                  "title": "factors",
                  "fullTitle": "derive/key invalid factors",
                  "timedOut": false,
                  "duration": 110,
                  "state": "passed",
                  "speed": "slow",
                  "pass": true,
                  "fail": false,
                  "pending": false,
                  "context": null,
                  "code": "const setup = await mfkdf.setup.key([\n  await mfkdf.setup.factors.password('password1', { id: 'password1' }),\n  await mfkdf.setup.factors.password('password2', { id: 'password2' }),\n  await mfkdf.setup.factors.password('password3', { id: 'password3' })\n], { threshold: 2 })\nmfkdf.derive.key(setup.policy, {\n  password1: mfkdf.derive.factors.password('password1')\n}).should.be.rejectedWith(RangeError)",
                  "err": {},
                  "uuid": "3cabe17f-5122-4bdc-8a1e-ad2c52548d6b",
                  "parentUUID": "0bbf5d8d-347a-49da-a45a-c5e2cfe93393",
                  "isHook": false,
                  "skipped": false
                }
              ],
              "suites": [],
              "passes": [
                "e9139e4b-eb33-477e-a52a-886fccd09920",
                "3cabe17f-5122-4bdc-8a1e-ad2c52548d6b"
              ],
              "failures": [],
              "pending": [],
              "skipped": [],
              "duration": 219,
              "root": false,
              "rootEmpty": false,
              "_timeout": 5000
            }
          ],
          "passes": [
            "3679c3b1-43dc-4821-b15e-844449ea9222",
            "dfcde824-648c-4bb2-b51c-ccb69d4eb90e",
            "f3b3cd7d-c1cb-46b6-be1b-7ff5e07b13a0"
          ],
          "failures": [],
          "pending": [],
          "skipped": [],
          "duration": 1240,
          "root": false,
          "rootEmpty": false,
          "_timeout": 5000
        },
        {
          "uuid": "bffb0f9e-2363-411d-b1c9-7f2a04e0784f",
          "title": "factors/hotp",
          "fullFile": "C:\\xampp\\htdocs\\Multifactor\\MFKDF\\test\\factors\\hotp.js",
          "file": "\\test\\factors\\hotp.js",
          "beforeHooks": [],
          "afterHooks": [],
          "tests": [
            {
              "title": "valid",
              "fullTitle": "factors/hotp valid",
              "timedOut": false,
              "duration": 443,
              "state": "passed",
              "speed": "slow",
              "pass": true,
              "fail": false,
              "pending": false,
              "context": null,
              "code": "const setup = await mfkdf.setup.key([\n  await mfkdf.setup.factors.hotp({\n    secret: Buffer.from('hello world')\n  })\n])\nconst derive1 = await mfkdf.derive.key(setup.policy, {\n  hotp: mfkdf.derive.factors.hotp(365287)\n})\nconst derive2 = await mfkdf.derive.key(derive1.policy, {\n  hotp: mfkdf.derive.factors.hotp(891649)\n})\nconst derive3 = await mfkdf.derive.key(derive2.policy, {\n  hotp: mfkdf.derive.factors.hotp(795484)\n})\nsetup.key.toString('hex').should.equal(derive1.key.toString('hex'))\nderive1.key.toString('hex').should.equal(derive2.key.toString('hex'))\nderive2.key.toString('hex').should.equal(derive3.key.toString('hex'))",
              "err": {},
              "uuid": "bc6775f3-5d86-4466-a1fc-12d41ce246ba",
              "parentUUID": "bffb0f9e-2363-411d-b1c9-7f2a04e0784f",
              "isHook": false,
              "skipped": false
            },
            {
              "title": "defaults",
              "fullTitle": "factors/hotp defaults",
              "timedOut": false,
              "duration": 106,
              "state": "passed",
              "speed": "slow",
              "pass": true,
              "fail": false,
              "pending": false,
              "context": null,
              "code": "await mfkdf.setup.key([\n  await mfkdf.setup.factors.hotp()\n])",
              "err": {},
              "uuid": "a07393b4-5da0-403a-8eca-94f650fce9f1",
              "parentUUID": "bffb0f9e-2363-411d-b1c9-7f2a04e0784f",
              "isHook": false,
              "skipped": false
            }
          ],
          "suites": [
            {
              "uuid": "16af750c-ebba-4d14-94ec-511691b2b5b9",
              "title": "errors",
              "fullFile": "C:\\xampp\\htdocs\\Multifactor\\MFKDF\\test\\factors\\hotp.js",
              "file": "\\test\\factors\\hotp.js",
              "beforeHooks": [],
              "afterHooks": [],
              "tests": [
                {
                  "title": "code/type",
                  "fullTitle": "factors/hotp errors code/type",
                  "timedOut": false,
                  "duration": 1,
                  "state": "passed",
                  "speed": "slow",
                  "pass": true,
                  "fail": false,
                  "pending": false,
                  "context": null,
                  "code": "(() => {\n  mfkdf.derive.factors.hotp('hello')\n}).should.throw(TypeError)",
                  "err": {},
                  "uuid": "802aeed9-0ab6-40c6-919f-a79d177d0e89",
                  "parentUUID": "16af750c-ebba-4d14-94ec-511691b2b5b9",
                  "isHook": false,
                  "skipped": false
                },
                {
                  "title": "id/type",
                  "fullTitle": "factors/hotp errors id/type",
                  "timedOut": false,
                  "duration": 0,
                  "state": "passed",
                  "speed": "fast",
                  "pass": true,
                  "fail": false,
                  "pending": false,
                  "context": null,
                  "code": "mfkdf.setup.factors.hotp({\n  secret: Buffer.from('hello world'),\n  id: 12345\n}).should.be.rejectedWith(TypeError)",
                  "err": {},
                  "uuid": "b605adaf-7677-410d-9630-a6f7acb5730d",
                  "parentUUID": "16af750c-ebba-4d14-94ec-511691b2b5b9",
                  "isHook": false,
                  "skipped": false
                },
                {
                  "title": "id/range",
                  "fullTitle": "factors/hotp errors id/range",
                  "timedOut": false,
                  "duration": 0,
                  "state": "passed",
                  "speed": "fast",
                  "pass": true,
                  "fail": false,
                  "pending": false,
                  "context": null,
                  "code": "mfkdf.setup.factors.hotp({\n  secret: Buffer.from('hello world'),\n  id: ''\n}).should.be.rejectedWith(RangeError)",
                  "err": {},
                  "uuid": "980ff2b8-42f4-4fc3-a036-4c91bc307ad6",
                  "parentUUID": "16af750c-ebba-4d14-94ec-511691b2b5b9",
                  "isHook": false,
                  "skipped": false
                },
                {
                  "title": "digits/type",
                  "fullTitle": "factors/hotp errors digits/type",
                  "timedOut": false,
                  "duration": 0,
                  "state": "passed",
                  "speed": "fast",
                  "pass": true,
                  "fail": false,
                  "pending": false,
                  "context": null,
                  "code": "mfkdf.setup.factors.hotp({\n  secret: Buffer.from('hello world'),\n  digits: 'hello'\n}).should.be.rejectedWith(TypeError)",
                  "err": {},
                  "uuid": "fd77de8b-1c2a-4bc5-b9c5-8558c3b3273f",
                  "parentUUID": "16af750c-ebba-4d14-94ec-511691b2b5b9",
                  "isHook": false,
                  "skipped": false
                },
                {
                  "title": "digits/low",
                  "fullTitle": "factors/hotp errors digits/low",
                  "timedOut": false,
                  "duration": 1,
                  "state": "passed",
                  "speed": "slow",
                  "pass": true,
                  "fail": false,
                  "pending": false,
                  "context": null,
                  "code": "mfkdf.setup.factors.hotp({\n  secret: Buffer.from('hello world'),\n  digits: 4\n}).should.be.rejectedWith(RangeError)",
                  "err": {},
                  "uuid": "29cb8831-38ff-4297-9717-d6b3dbf72d5b",
                  "parentUUID": "16af750c-ebba-4d14-94ec-511691b2b5b9",
                  "isHook": false,
                  "skipped": false
                },
                {
                  "title": "digits/high",
                  "fullTitle": "factors/hotp errors digits/high",
                  "timedOut": false,
                  "duration": 0,
                  "state": "passed",
                  "speed": "fast",
                  "pass": true,
                  "fail": false,
                  "pending": false,
                  "context": null,
                  "code": "mfkdf.setup.factors.hotp({\n  secret: Buffer.from('hello world'),\n  digits: 9\n}).should.be.rejectedWith(RangeError)",
                  "err": {},
                  "uuid": "14bb3964-e552-45c9-863f-34f8c465acd2",
                  "parentUUID": "16af750c-ebba-4d14-94ec-511691b2b5b9",
                  "isHook": false,
                  "skipped": false
                },
                {
                  "title": "hash/range",
                  "fullTitle": "factors/hotp errors hash/range",
                  "timedOut": false,
                  "duration": 0,
                  "state": "passed",
                  "speed": "fast",
                  "pass": true,
                  "fail": false,
                  "pending": false,
                  "context": null,
                  "code": "await mfkdf.setup.factors.hotp({\n  secret: Buffer.from('hello world'),\n  hash: 'sha123'\n}).should.be.rejectedWith(RangeError)",
                  "err": {},
                  "uuid": "2d7c41ca-842b-4c50-a3ac-03ed1594399d",
                  "parentUUID": "16af750c-ebba-4d14-94ec-511691b2b5b9",
                  "isHook": false,
                  "skipped": false
                },
                {
                  "title": "secret/type",
                  "fullTitle": "factors/hotp errors secret/type",
                  "timedOut": false,
                  "duration": 0,
                  "state": "passed",
                  "speed": "fast",
                  "pass": true,
                  "fail": false,
                  "pending": false,
                  "context": null,
                  "code": "mfkdf.setup.factors.hotp({\n  secret: 'hello'\n}).should.be.rejectedWith(TypeError)",
                  "err": {},
                  "uuid": "185cdb54-4627-45bb-9ae3-7617fbe0f535",
                  "parentUUID": "16af750c-ebba-4d14-94ec-511691b2b5b9",
                  "isHook": false,
                  "skipped": false
                }
              ],
              "suites": [],
              "passes": [
                "802aeed9-0ab6-40c6-919f-a79d177d0e89",
                "b605adaf-7677-410d-9630-a6f7acb5730d",
                "980ff2b8-42f4-4fc3-a036-4c91bc307ad6",
                "fd77de8b-1c2a-4bc5-b9c5-8558c3b3273f",
                "29cb8831-38ff-4297-9717-d6b3dbf72d5b",
                "14bb3964-e552-45c9-863f-34f8c465acd2",
                "2d7c41ca-842b-4c50-a3ac-03ed1594399d",
                "185cdb54-4627-45bb-9ae3-7617fbe0f535"
              ],
              "failures": [],
              "pending": [],
              "skipped": [],
              "duration": 2,
              "root": false,
              "rootEmpty": false,
              "_timeout": 5000
            }
          ],
          "passes": [
            "bc6775f3-5d86-4466-a1fc-12d41ce246ba",
            "a07393b4-5da0-403a-8eca-94f650fce9f1"
          ],
          "failures": [],
          "pending": [],
          "skipped": [],
          "duration": 549,
          "root": false,
          "rootEmpty": false,
          "_timeout": 5000
        },
        {
          "uuid": "d25c0462-b520-49cd-9a6e-9f0a1fddafa5",
          "title": "persistence",
          "fullFile": "C:\\xampp\\htdocs\\Multifactor\\MFKDF\\test\\factors\\persistence.js",
          "file": "\\test\\factors\\persistence.js",
          "beforeHooks": [],
          "afterHooks": [],
          "tests": [
            {
              "title": "valid",
              "fullTitle": "persistence valid",
              "timedOut": false,
              "duration": 218,
              "state": "passed",
[...]
                  "err": {},
                  "uuid": "a5ce8e67-3f23-404a-ad6e-5355a1688390",
                  "parentUUID": "64c87d77-70a1-4f4f-be8d-4bcb58de2885",
                  "isHook": false,
                  "skipped": false
                },
                {
                  "title": "invalid/range",
                  "fullTitle": "setup/key id invalid/range",
                  "timedOut": false,
                  "duration": 0,
                  "state": "passed",
                  "speed": "fast",
                  "pass": true,
                  "fail": false,
                  "pending": false,
                  "context": null,
                  "code": "mfkdf.setup.key([\n  await mfkdf.setup.factors.password('hello')\n], { id: '' }).should.be.rejectedWith(RangeError)",
                  "err": {},
                  "uuid": "5541342b-8d17-4653-bba5-9f112571a6c1",
                  "parentUUID": "64c87d77-70a1-4f4f-be8d-4bcb58de2885",
                  "isHook": false,
                  "skipped": false
                }
              ],
              "suites": [],
              "passes": [
                "10790bdc-2d48-473c-af74-fa333965a1b8",
                "3b555910-e5b6-4f08-b83c-4867ea1a5a49",
                "a5ce8e67-3f23-404a-ad6e-5355a1688390",
                "5541342b-8d17-4653-bba5-9f112571a6c1"
              ],
              "failures": [],
              "pending": [],
              "skipped": [],
              "duration": 209,
              "root": false,
              "rootEmpty": false,
              "_timeout": 5000
            },
            {
              "uuid": "8b22efa4-de4d-40f0-b05e-909c52c6be97",
              "title": "size",
              "fullFile": "C:\\xampp\\htdocs\\Multifactor\\MFKDF\\test\\setup\\key.js",
              "file": "\\test\\setup\\key.js",
              "beforeHooks": [],
              "afterHooks": [],
              "tests": [
                {
                  "title": "default",
                  "fullTitle": "setup/key size default",
                  "timedOut": false,
                  "duration": 105,
                  "state": "passed",
                  "speed": "slow",
                  "pass": true,
                  "fail": false,
                  "pending": false,
                  "context": null,
                  "code": "const { policy } = await mfkdf.setup.key([\n  await mfkdf.setup.factors.password('hello')\n])\npolicy.size.should.equal(32)",
                  "err": {},
                  "uuid": "b315e9fc-9e05-4170-bffc-045e69111882",
                  "parentUUID": "8b22efa4-de4d-40f0-b05e-909c52c6be97",
                  "isHook": false,
                  "skipped": false
                },
                {
                  "title": "valid",
                  "fullTitle": "setup/key size valid",
                  "timedOut": false,
                  "duration": 106,
                  "state": "passed",
                  "speed": "slow",
                  "pass": true,
                  "fail": false,
                  "pending": false,
                  "context": null,
                  "code": "const { policy } = await mfkdf.setup.key([\n  await mfkdf.setup.factors.password('hello')\n], { size: 64 })\npolicy.size.should.equal(64)",
                  "err": {},
                  "uuid": "e825d809-4195-4de9-8a02-3ff06bb81ae1",
                  "parentUUID": "8b22efa4-de4d-40f0-b05e-909c52c6be97",
                  "isHook": false,
                  "skipped": false
                },
                {
                  "title": "invalid/type",
                  "fullTitle": "setup/key size invalid/type",
                  "timedOut": false,
                  "duration": 0,
                  "state": "passed",
                  "speed": "fast",
                  "pass": true,
                  "fail": false,
                  "pending": false,
                  "context": null,
                  "code": "mfkdf.setup.key([\n  await mfkdf.setup.factors.password('hello')\n], { size: 'hello' }).should.be.rejectedWith(TypeError)",
                  "err": {},
                  "uuid": "11e3d946-c47e-4133-8df3-af1c58dff9c5",
                  "parentUUID": "8b22efa4-de4d-40f0-b05e-909c52c6be97",
                  "isHook": false,
                  "skipped": false
                },
                {
                  "title": "invalid/range",
                  "fullTitle": "setup/key size invalid/range",
                  "timedOut": false,
                  "duration": 0,
                  "state": "passed",
                  "speed": "fast",
                  "pass": true,
                  "fail": false,
                  "pending": false,
                  "context": null,
                  "code": "mfkdf.setup.key([\n  await mfkdf.setup.factors.password('hello')\n], { size: 0 }).should.be.rejectedWith(RangeError)",
                  "err": {},
                  "uuid": "49d51054-9573-4794-a2fd-1672a52a179e",
                  "parentUUID": "8b22efa4-de4d-40f0-b05e-909c52c6be97",
                  "isHook": false,
                  "skipped": false
                }
              ],
              "suites": [],
              "passes": [
                "b315e9fc-9e05-4170-bffc-045e69111882",
                "e825d809-4195-4de9-8a02-3ff06bb81ae1",
                "11e3d946-c47e-4133-8df3-af1c58dff9c5",
                "49d51054-9573-4794-a2fd-1672a52a179e"
              ],
              "failures": [],
              "pending": [],
              "skipped": [],
              "duration": 211,
              "root": false,
              "rootEmpty": false,
              "_timeout": 5000
            },
            {
              "uuid": "8f9d5453-2105-4e1c-b1b2-0c5930da98af",
              "title": "threshold",
              "fullFile": "C:\\xampp\\htdocs\\Multifactor\\MFKDF\\test\\setup\\key.js",
              "file": "\\test\\setup\\key.js",
              "beforeHooks": [],
              "afterHooks": [],
              "tests": [
                {
                  "title": "default",
                  "fullTitle": "setup/key threshold default",
                  "timedOut": false,
                  "duration": 104,
                  "state": "passed",
                  "speed": "slow",
                  "pass": true,
                  "fail": false,
                  "pending": false,
                  "context": null,
                  "code": "const { policy } = await mfkdf.setup.key([\n  await mfkdf.setup.factors.password('hello', { id: 'password1' }),\n  await mfkdf.setup.factors.password('hello', { id: 'password2' })\n])\npolicy.threshold.should.equal(2)",
                  "err": {},
                  "uuid": "80ae9783-6929-496f-8227-f445cb787b85",
                  "parentUUID": "8f9d5453-2105-4e1c-b1b2-0c5930da98af",
                  "isHook": false,
                  "skipped": false
                },
                {
                  "title": "valid",
                  "fullTitle": "setup/key threshold valid",
                  "timedOut": false,
                  "duration": 103,
                  "state": "passed",
                  "speed": "slow",
                  "pass": true,
                  "fail": false,
                  "pending": false,
                  "context": null,
                  "code": "const { policy } = await mfkdf.setup.key([\n  await mfkdf.setup.factors.password('hello', { id: 'password1' }),\n  await mfkdf.setup.factors.password('hello', { id: 'password2' })\n], { threshold: 1 })\npolicy.threshold.should.equal(1)",
                  "err": {},
                  "uuid": "6c262538-3cdd-4b2c-b3c2-6c4becc669ed",
                  "parentUUID": "8f9d5453-2105-4e1c-b1b2-0c5930da98af",
                  "isHook": false,
                  "skipped": false
                },
                {
                  "title": "invalid/type",
                  "fullTitle": "setup/key threshold invalid/type",
                  "timedOut": false,
                  "duration": 0,
                  "state": "passed",
                  "speed": "fast",
                  "pass": true,
                  "fail": false,
                  "pending": false,
                  "context": null,
                  "code": "mfkdf.setup.key([\n  await mfkdf.setup.factors.password('hello')\n], { threshold: 'hello' }).should.be.rejectedWith(TypeError)",
                  "err": {},
                  "uuid": "273ad6e6-db71-4067-814b-88807dcc16d8",
                  "parentUUID": "8f9d5453-2105-4e1c-b1b2-0c5930da98af",
                  "isHook": false,
                  "skipped": false
                },
                {
                  "title": "invalid/range",
                  "fullTitle": "setup/key threshold invalid/range",
                  "timedOut": false,
                  "duration": 1,
                  "state": "passed",
                  "speed": "slow",
                  "pass": true,
                  "fail": false,
                  "pending": false,
                  "context": null,
                  "code": "mfkdf.setup.key([\n  await mfkdf.setup.factors.password('hello')\n], { threshold: 0 }).should.be.rejectedWith(RangeError)\nmfkdf.setup.key([\n  await mfkdf.setup.factors.password('hello')\n], { threshold: 2 }).should.be.rejectedWith(RangeError)",
                  "err": {},
                  "uuid": "8d2243f6-74f0-499e-9235-d0c0373fb3f3",
                  "parentUUID": "8f9d5453-2105-4e1c-b1b2-0c5930da98af",
                  "isHook": false,
                  "skipped": false
                }
              ],
              "suites": [],
              "passes": [
                "80ae9783-6929-496f-8227-f445cb787b85",
                "6c262538-3cdd-4b2c-b3c2-6c4becc669ed",
                "273ad6e6-db71-4067-814b-88807dcc16d8",
                "8d2243f6-74f0-499e-9235-d0c0373fb3f3"
              ],
              "failures": [],
              "pending": [],
              "skipped": [],
              "duration": 208,
              "root": false,
              "rootEmpty": false,
              "_timeout": 5000
            },
            {
              "uuid": "be652ced-5177-4111-a82b-3ad8a09c0846",
              "title": "salt",
              "fullFile": "C:\\xampp\\htdocs\\Multifactor\\MFKDF\\test\\setup\\key.js",
              "file": "\\test\\setup\\key.js",
              "beforeHooks": [],
              "afterHooks": [],
              "tests": [
                {
                  "title": "default",
                  "fullTitle": "setup/key salt default",
                  "timedOut": false,
                  "duration": 103,
                  "state": "passed",
                  "speed": "slow",
                  "pass": true,
                  "fail": false,
                  "pending": false,
                  "context": null,
                  "code": "const { policy } = await mfkdf.setup.key([\n  await mfkdf.setup.factors.password('hello')\n], { size: 48 })\nconst salt = Buffer.from(policy.salt, 'base64')\nsalt.length.should.equal(48)",
                  "err": {},
                  "uuid": "c600e2ab-4a97-4bf0-8245-bd03526f3858",
                  "parentUUID": "be652ced-5177-4111-a82b-3ad8a09c0846",
                  "isHook": false,
                  "skipped": false
                },
                {
                  "title": "valid",
                  "fullTitle": "setup/key salt valid",
                  "timedOut": false,
                  "duration": 104,
                  "state": "passed",
                  "speed": "slow",
                  "pass": true,
                  "fail": false,
                  "pending": false,
                  "context": null,
                  "code": "const { policy } = await mfkdf.setup.key([\n  await mfkdf.setup.factors.password('hello')\n], { salt: Buffer.from('12345678', 'base64') })\npolicy.salt.should.equal('12345678')",
                  "err": {},
                  "uuid": "49f024c4-1806-4b67-9ff5-0a14ddd93dbb",
                  "parentUUID": "be652ced-5177-4111-a82b-3ad8a09c0846",
                  "isHook": false,
                  "skipped": false
                },
                {
                  "title": "invalid/type",
                  "fullTitle": "setup/key salt invalid/type",
                  "timedOut": false,
                  "duration": 0,
                  "state": "passed",
                  "speed": "fast",
                  "pass": true,
                  "fail": false,
                  "pending": false,
                  "context": null,
                  "code": "mfkdf.setup.key([\n  await mfkdf.setup.factors.password('hello')\n], { salt: 'hello' }).should.be.rejectedWith(TypeError)",
                  "err": {},
                  "uuid": "e69a628e-2d59-493e-b20d-ee1f4aad2a8c",
                  "parentUUID": "be652ced-5177-4111-a82b-3ad8a09c0846",
                  "isHook": false,
                  "skipped": false
                }
              ],
              "suites": [],
              "passes": [
                "c600e2ab-4a97-4bf0-8245-bd03526f3858",
                "49f024c4-1806-4b67-9ff5-0a14ddd93dbb",
                "e69a628e-2d59-493e-b20d-ee1f4aad2a8c"
              ],
              "failures": [],
              "pending": [],
              "skipped": [],
              "duration": 207,
              "root": false,
              "rootEmpty": false,
              "_timeout": 5000
            },
            {
              "uuid": "d92e205a-7f09-4220-bdf7-7883ed39fcb8",
              "title": "factors",
              "fullFile": "C:\\xampp\\htdocs\\Multifactor\\MFKDF\\test\\setup\\key.js",
              "file": "\\test\\setup\\key.js",
              "beforeHooks": [],
              "afterHooks": [],
              "tests": [
                {
                  "title": "valid",
                  "fullTitle": "setup/key factors valid",
                  "timedOut": false,
                  "duration": 102,
                  "state": "passed",
                  "speed": "slow",
                  "pass": true,
                  "fail": false,
                  "pending": false,
                  "context": null,
                  "code": "await mfkdf.setup.key([\n  {\n    type: 'password',\n    id: 'password',\n    data: Buffer.from('password', 'utf-8'),\n    params: async () => {\n      return {}\n    },\n    output: async () => {\n      return {}\n    }\n  }\n])",
                  "err": {},
                  "uuid": "7f46ede3-54cc-49fd-8aed-4a4e64e11503",
                  "parentUUID": "d92e205a-7f09-4220-bdf7-7883ed39fcb8",
                  "isHook": false,
                  "skipped": false
                },
                {
                  "title": "id",
                  "fullTitle": "setup/key factors id",
                  "timedOut": false,
                  "duration": 0,
                  "state": "passed",
                  "speed": "fast",
                  "pass": true,
                  "fail": false,
                  "pending": false,
                  "context": null,
                  "code": "mfkdf.setup.key([\n  await mfkdf.setup.factors.password('hello', { id: 'password1' }),\n  await mfkdf.setup.factors.password('hello', { id: 'password1' })\n]).should.be.rejectedWith(RangeError)",
                  "err": {},
                  "uuid": "eb07860b-e0ae-4dd2-851e-2d22e7e16b34",
                  "parentUUID": "d92e205a-7f09-4220-bdf7-7883ed39fcb8",
                  "isHook": false,
                  "skipped": false
                },
                {
                  "title": "invalid/type",
                  "fullTitle": "setup/key factors invalid/type",
                  "timedOut": false,
                  "duration": 1,
                  "state": "passed",
                  "speed": "slow",
                  "pass": true,
                  "fail": false,
                  "pending": false,
                  "context": null,
                  "code": "mfkdf.setup.key('hello').should.be.rejectedWith(TypeError)\nmfkdf.setup.key([\n  {\n    type: 12345,\n    id: 'password',\n    data: Buffer.from('password', 'utf-8'),\n    params: async () => {\n      return {}\n    }\n  }\n]).should.be.rejectedWith(TypeError)\nmfkdf.setup.key([\n  {\n    type: 'password',\n    id: 12345,\n    data: Buffer.from('password', 'utf-8'),\n    params: async () => {\n      return {}\n    }\n  }\n]).should.be.rejectedWith(TypeError)\nmfkdf.setup.key([\n  {\n    type: 'password',\n    id: 'password',\n    data: 12345,\n    params: async () => {\n      return {}\n    }\n  }\n]).should.be.rejectedWith(TypeError)\nmfkdf.setup.key([\n  {\n    type: 'password',\n    id: 'password',\n    data: Buffer.from('password', 'utf-8'),\n    params: 12345\n  }\n]).should.be.rejectedWith(TypeError)",
                  "err": {},
                  "uuid": "ff700de0-08cd-44c8-91c2-80c7bdb95b70",
                  "parentUUID": "d92e205a-7f09-4220-bdf7-7883ed39fcb8",
                  "isHook": false,
                  "skipped": false
                },
                {
                  "title": "invalid/range",
                  "fullTitle": "setup/key factors invalid/range",
                  "timedOut": false,
                  "duration": 0,
                  "state": "passed",
                  "speed": "fast",
                  "pass": true,
                  "fail": false,
                  "pending": false,
                  "context": null,
                  "code": "mfkdf.setup.key([\n]).should.be.rejectedWith(RangeError)\nmfkdf.setup.key([\n  {\n    type: '',\n    id: 'password',\n    data: Buffer.from('password', 'utf-8'),\n    params: async () => {\n      return {}\n    }\n  }\n]).should.be.rejectedWith(RangeError)\nmfkdf.setup.key([\n  {\n    type: 'password',\n    id: '',\n    data: Buffer.from('password', 'utf-8'),\n    params: async () => {\n      return {}\n    }\n  }\n]).should.be.rejectedWith(RangeError)\nmfkdf.setup.key([\n  {\n    type: 'password',\n    id: 'password',\n    data: Buffer.from('', 'utf-8'),\n    params: async () => {\n      return {}\n    }\n  }\n]).should.be.rejectedWith(RangeError)",
                  "err": {},
                  "uuid": "95c149f2-aef9-4ebc-bba7-0cb544b7924d",
                  "parentUUID": "d92e205a-7f09-4220-bdf7-7883ed39fcb8",
                  "isHook": false,
                  "skipped": false
                }
              ],
              "suites": [],
              "passes": [
                "7f46ede3-54cc-49fd-8aed-4a4e64e11503",
                "eb07860b-e0ae-4dd2-851e-2d22e7e16b34",
                "ff700de0-08cd-44c8-91c2-80c7bdb95b70",
                "95c149f2-aef9-4ebc-bba7-0cb544b7924d"
              ],
              "failures": [],
              "pending": [],
              "skipped": [],
              "duration": 103,
              "root": false,
              "rootEmpty": false,
              "_timeout": 5000
            }
          ],
          "passes": [
            "d7c0ff64-0e1e-4d3c-892a-db4ae6c83e47"
          ],
          "failures": [],
          "pending": [],
          "skipped": [],
          "duration": 109,
          "root": false,
          "rootEmpty": false,
          "_timeout": 5000
        }
      ],
      "passes": [],
      "failures": [],
      "pending": [],
      "skipped": [],
      "duration": 0,
      "root": true,
      "rootEmpty": true,
      "_timeout": 5000
    }
  ],
  "meta": {
    "mocha": {
      "version": "9.2.2"
    },
    "mochawesome": {
      "options": {
        "quiet": false,
        "reportFilename": "mochawesome",
        "saveHtml": true,
        "saveJson": true,
        "consoleReporter": "spec",
        "useInlineDiffs": false,
        "code": true
      },
      "version": "7.1.3"
    },
    "marge": {
      "options": {
        "reportDir": "./site/tests"
      },
      "version": "6.2.0"
    }
  }
}