{
  "stats": {
    "suites": 51,
    "tests": 211,
    "passes": 211,
    "pending": 0,
    "failures": 0,
    "start": "2022-04-21T23:37:56.448Z",
    "end": "2022-04-21T23:38:38.139Z",
    "duration": 41691,
    "testsRegistered": 211,
    "passPercent": 100,
    "pendingPercent": 0,
    "other": 0,
    "hasOther": false,
    "skipped": 0,
    "hasSkipped": false
  },
  "results": [
    {
      "uuid": "9ecaf680-ed81-4d1c-87d0-66e38f61894b",
      "title": "",
      "fullFile": "",
      "file": "",
      "beforeHooks": [],
      "afterHooks": [],
      "tests": [],
      "suites": [
        {
          "uuid": "86268786-6286-46df-8791-bfea42bd627d",
          "title": "asymmetric",
          "fullFile": "C:\\xampp\\htdocs\\Multifactor\\MFKDF\\test\\crypto\\asymmetric.js",
          "file": "\\test\\crypto\\asymmetric.js",
          "beforeHooks": [],
          "afterHooks": [],
          "tests": [],
          "suites": [
            {
              "uuid": "cc7bb7c7-03f0-4107-ba22-15ebbd06a1d2",
              "title": "encryption",
              "fullFile": "C:\\xampp\\htdocs\\Multifactor\\MFKDF\\test\\crypto\\asymmetric.js",
              "file": "\\test\\crypto\\asymmetric.js",
              "beforeHooks": [],
              "afterHooks": [],
              "tests": [
                {
                  "title": "rsa1024",
                  "fullTitle": "asymmetric encryption rsa1024",
                  "timedOut": false,
                  "duration": 723,
                  "state": "passed",
                  "speed": "slow",
                  "pass": true,
                  "fail": false,
                  "pending": false,
                  "context": null,
                  "code": "const setup = await mfkdf.setup.key([\n  await mfkdf.setup.factors.uuid({ id: 'uuid1', uuid: '9b1deb4d-3b7d-4bad-9bdd-2b0d7b3dcb6d' })\n])\nconst ct = await setup.encrypt('hello world', 'rsa1024')\nconst pt = await setup.decrypt(ct, 'rsa1024')\npt.toString().should.equal('hello world')",
                  "err": {},
                  "uuid": "7cb7d4af-4502-44b1-8ca6-0df675a4036c",
                  "parentUUID": "cc7bb7c7-03f0-4107-ba22-15ebbd06a1d2",
                  "isHook": false,
                  "skipped": false
                },
                {
                  "title": "rsa2048",
                  "fullTitle": "asymmetric encryption rsa2048",
                  "timedOut": false,
                  "duration": 2827,
                  "state": "passed",
                  "speed": "slow",
                  "pass": true,
                  "fail": false,
                  "pending": false,
                  "context": null,
                  "code": "const setup = await mfkdf.setup.key([\n  await mfkdf.setup.factors.uuid({ id: 'uuid1', uuid: '9b1deb4d-3b7d-4bad-9bdd-2b0d7b3dcb6d' })\n])\nconst ct = await setup.encrypt('hello world', 'rsa2048')\nconst pt = await setup.decrypt(ct, 'rsa2048')\npt.toString().should.equal('hello world')",
                  "err": {},
                  "uuid": "4e3fd7bc-c95d-401e-8666-f07ae05a7ceb",
                  "parentUUID": "cc7bb7c7-03f0-4107-ba22-15ebbd06a1d2",
                  "isHook": false,
                  "skipped": false
                }
              ],
              "suites": [],
              "passes": [
                "7cb7d4af-4502-44b1-8ca6-0df675a4036c",
                "4e3fd7bc-c95d-401e-8666-f07ae05a7ceb"
              ],
              "failures": [],
              "pending": [],
              "skipped": [],
              "duration": 3550,
              "root": false,
              "rootEmpty": false,
              "_timeout": 5000
            },
            {
              "uuid": "8632123c-927d-46d3-9912-233bb4a548cb",
              "title": "signatures",
              "fullFile": "C:\\xampp\\htdocs\\Multifactor\\MFKDF\\test\\crypto\\asymmetric.js",
              "file": "\\test\\crypto\\asymmetric.js",
              "beforeHooks": [],
              "afterHooks": [],
              "tests": [
                {
                  "title": "rsa1024",
                  "fullTitle": "asymmetric signatures rsa1024",
                  "timedOut": false,
                  "duration": 300,
                  "state": "passed",
                  "speed": "slow",
                  "pass": true,
                  "fail": false,
                  "pending": false,
                  "context": null,
                  "code": "const setup = await mfkdf.setup.key([\n  await mfkdf.setup.factors.uuid({ id: 'uuid1', uuid: '9b1deb4d-3b7d-4bad-9bdd-2b0d7b3dcb6d' })\n])\nconst signature = await setup.sign('hello world', 'rsa1024')\nconst validity = await setup.verify('hello world', signature, 'rsa1024')\nvalidity.should.be.true",
                  "err": {},
                  "uuid": "e42e6c1b-b505-4f29-aeed-5dde058c89a4",
                  "parentUUID": "8632123c-927d-46d3-9912-233bb4a548cb",
                  "isHook": false,
                  "skipped": false
                },
                {
                  "title": "rsa2048",
                  "fullTitle": "asymmetric signatures rsa2048",
                  "timedOut": false,
                  "duration": 398,
                  "state": "passed",
                  "speed": "slow",
                  "pass": true,
                  "fail": false,
                  "pending": false,
                  "context": null,
                  "code": "const setup = await mfkdf.setup.key([\n  await mfkdf.setup.factors.uuid({ id: 'uuid1', uuid: '9b1deb4d-3b7d-4bad-9bdd-2b0d7b3dcb6d' })\n])\nconst signature = await setup.sign('hello world', 'rsa2048')\nconst validity = await setup.verify('hello world', signature, 'rsa2048')\nvalidity.should.be.true",
                  "err": {},
                  "uuid": "68c000b9-9f70-4c16-bc7a-c11dcd698a8e",
                  "parentUUID": "8632123c-927d-46d3-9912-233bb4a548cb",
                  "isHook": false,
                  "skipped": false
                },
                {
                  "title": "rsa3072",
                  "fullTitle": "asymmetric signatures rsa3072",
                  "timedOut": false,
                  "duration": 6409,
                  "state": "passed",
                  "speed": "slow",
                  "pass": true,
                  "fail": false,
                  "pending": false,
                  "context": null,
                  "code": "const setup = await mfkdf.setup.key([\n  await mfkdf.setup.factors.uuid({ id: 'uuid1', uuid: '9b1deb4d-3b7d-4bad-9bdd-2b0d7b3dcb6d' })\n])\nconst signature = await setup.sign('hello world', 'rsa3072')\nconst validity = await setup.verify('hello world', signature, 'rsa3072')\nvalidity.should.be.true",
                  "err": {},
                  "uuid": "384fe965-dc65-48ea-b79c-4dbc7286e868",
                  "parentUUID": "8632123c-927d-46d3-9912-233bb4a548cb",
                  "isHook": false,
                  "skipped": false
                },
                {
                  "title": "defaults",
                  "fullTitle": "asymmetric signatures defaults",
                  "timedOut": false,
                  "duration": 5362,
                  "state": "passed",
                  "speed": "slow",
                  "pass": true,
                  "fail": false,
                  "pending": false,
                  "context": null,
                  "code": "const setup = await mfkdf.setup.key([\n  await mfkdf.setup.factors.uuid({ id: 'uuid1', uuid: '9b1deb4d-3b7d-4bad-9bdd-2b0d7b3dcb6d' })\n])\nconst signature = await setup.sign('hello world')\nconst validity = await setup.verify('hello world', signature)\nvalidity.should.be.true\nawait setup.getAsymmetricKeyPair()",
                  "err": {},
                  "uuid": "203b730c-499a-43f3-bccf-88503a0b603c",
                  "parentUUID": "8632123c-927d-46d3-9912-233bb4a548cb",
                  "isHook": false,
                  "skipped": false
                },
                {
                  "title": "ed25519",
                  "fullTitle": "asymmetric signatures ed25519",
                  "timedOut": false,
                  "duration": 126,
                  "state": "passed",
                  "speed": "slow",
                  "pass": true,
                  "fail": false,
                  "pending": false,
                  "context": null,
                  "code": "const setup = await mfkdf.setup.key([\n  await mfkdf.setup.factors.uuid({ id: 'uuid1', uuid: '9b1deb4d-3b7d-4bad-9bdd-2b0d7b3dcb6d' })\n])\nawait setup.getAsymmetricKeyPair('ed25519')",
                  "err": {},
                  "uuid": "0a25a8c6-1c54-431b-992a-3768f0415820",
                  "parentUUID": "8632123c-927d-46d3-9912-233bb4a548cb",
                  "isHook": false,
                  "skipped": false
                },
                {
                  "title": "unknown",
                  "fullTitle": "asymmetric signatures unknown",
                  "timedOut": false,
                  "duration": 112,
                  "state": "passed",
                  "speed": "slow",
                  "pass": true,
                  "fail": false,
                  "pending": false,
                  "context": null,
                  "code": "const setup = await mfkdf.setup.key([\n  await mfkdf.setup.factors.uuid({ id: 'uuid1', uuid: '9b1deb4d-3b7d-4bad-9bdd-2b0d7b3dcb6d' })\n])\nsetup.getAsymmetricKeyPair('unknown').should.be.rejectedWith(RangeError)",
                  "err": {},
                  "uuid": "6131646b-ba13-4280-b92a-10ef2a790157",
                  "parentUUID": "8632123c-927d-46d3-9912-233bb4a548cb",
                  "isHook": false,
                  "skipped": false
                },
                {
                  "title": "errors",
                  "fullTitle": "asymmetric signatures errors",
                  "timedOut": false,
                  "duration": 5498,
                  "state": "passed",
                  "speed": "slow",
                  "pass": true,
                  "fail": false,
                  "pending": false,
                  "context": null,
                  "code": "const setup = await mfkdf.setup.key([\n  await mfkdf.setup.factors.uuid({ id: 'uuid1', uuid: '9b1deb4d-3b7d-4bad-9bdd-2b0d7b3dcb6d' })\n])\nsetup.sign(12345, 'rsa1024').should.be.rejectedWith(TypeError)\nconst signature = await setup.sign('hello world')\nsetup.verify(12345, signature).should.be.rejectedWith(TypeError)",
                  "err": {},
                  "uuid": "d9013fe9-3a7b-4c62-8de0-c874f8ab4fed",
                  "parentUUID": "8632123c-927d-46d3-9912-233bb4a548cb",
                  "isHook": false,
                  "skipped": false
                }
              ],
              "suites": [],
              "passes": [
                "e42e6c1b-b505-4f29-aeed-5dde058c89a4",
                "68c000b9-9f70-4c16-bc7a-c11dcd698a8e",
                "384fe965-dc65-48ea-b79c-4dbc7286e868",
                "203b730c-499a-43f3-bccf-88503a0b603c",
                "0a25a8c6-1c54-431b-992a-3768f0415820",
                "6131646b-ba13-4280-b92a-10ef2a790157",
                "d9013fe9-3a7b-4c62-8de0-c874f8ab4fed"
              ],
              "failures": [],
              "pending": [],
              "skipped": [],
              "duration": 18205,
              "root": false,
              "rootEmpty": false,
              "_timeout": 5000
            }
          ],
          "passes": [],
          "failures": [],
          "pending": [],
          "skipped": [],
          "duration": 0,
          "root": false,
          "rootEmpty": false,
          "_timeout": 5000
        },
        {
          "uuid": "6cfc9abd-4176-401d-9db2-9cf5f94e549e",
          "title": "encrypt",
          "fullFile": "C:\\xampp\\htdocs\\Multifactor\\MFKDF\\test\\crypto\\symmetric.js",
          "file": "\\test\\crypto\\symmetric.js",
          "beforeHooks": [],
          "afterHooks": [],
          "tests": [
            {
              "title": "defaults",
              "fullTitle": "encrypt defaults",
              "timedOut": false,
              "duration": 249,
              "state": "passed",
              "speed": "slow",
              "pass": true,
              "fail": false,
              "pending": false,
              "context": null,
              "code": "const setup = await mfkdf.setup.key([\n  await mfkdf.setup.factors.uuid({ id: 'uuid1', uuid: '9b1deb4d-3b7d-4bad-9bdd-2b0d7b3dcb6d' })\n])\nconst ciphertext = await setup.encrypt(Buffer.from('hello world'))\nconst derive = await mfkdf.derive.key(setup.policy, {\n  uuid1: mfkdf.derive.factors.uuid('9b1deb4d-3b7d-4bad-9bdd-2b0d7b3dcb6d')\n})\nconst plaintext = await derive.decrypt(ciphertext)\nplaintext.toString().should.equal('hello world')",
              "err": {},
              "uuid": "0b78a5fe-f3dc-43dd-a7ea-3a6a4280ea3a",
              "parentUUID": "6cfc9abd-4176-401d-9db2-9cf5f94e549e",
              "isHook": false,
              "skipped": false
            },
            {
              "title": "AES256-CBC",
              "fullTitle": "encrypt AES256-CBC",
              "timedOut": false,
              "duration": 223,
              "state": "passed",
              "speed": "slow",
              "pass": true,
              "fail": false,
              "pending": false,
              "context": null,
              "code": "const setup = await mfkdf.setup.key([\n  await mfkdf.setup.factors.uuid({ id: 'uuid1', uuid: '9b1deb4d-3b7d-4bad-9bdd-2b0d7b3dcb6d' })\n])\nconst ciphertext = await setup.encrypt(Buffer.from('hello world'), 'aes256')\nconst derive = await mfkdf.derive.key(setup.policy, {\n  uuid1: mfkdf.derive.factors.uuid('9b1deb4d-3b7d-4bad-9bdd-2b0d7b3dcb6d')\n})\nconst plaintext = await derive.decrypt(ciphertext, 'aes256')\nplaintext.toString().should.equal('hello world')",
              "err": {},
              "uuid": "1d4e9541-7f3f-44cd-9bdf-42df1838ef3a",
              "parentUUID": "6cfc9abd-4176-401d-9db2-9cf5f94e549e",
              "isHook": false,
              "skipped": false
            },
            {
              "title": "AES192-CBC",
              "fullTitle": "encrypt AES192-CBC",
              "timedOut": false,
              "duration": 225,
              "state": "passed",
              "speed": "slow",
              "pass": true,
              "fail": false,
              "pending": false,
              "context": null,
              "code": "const setup = await mfkdf.setup.key([\n  await mfkdf.setup.factors.uuid({ id: 'uuid1', uuid: '9b1deb4d-3b7d-4bad-9bdd-2b0d7b3dcb6d' })\n])\nconst ciphertext = await setup.encrypt('hello world', 'aes192')\nconst derive = await mfkdf.derive.key(setup.policy, {\n  uuid1: mfkdf.derive.factors.uuid('9b1deb4d-3b7d-4bad-9bdd-2b0d7b3dcb6d')\n})\nconst plaintext = await derive.decrypt(ciphertext, 'aes192')\nplaintext.toString().should.equal('hello world')",
              "err": {},
              "uuid": "173a2df5-d5eb-4eff-901a-a81eb59d9b83",
              "parentUUID": "6cfc9abd-4176-401d-9db2-9cf5f94e549e",
              "isHook": false,
              "skipped": false
            },
            {
              "title": "AES128-CBC",
              "fullTitle": "encrypt AES128-CBC",
              "timedOut": false,
              "duration": 219,
              "state": "passed",
              "speed": "slow",
              "pass": true,
              "fail": false,
              "pending": false,
              "context": null,
              "code": "const setup = await mfkdf.setup.key([\n  await mfkdf.setup.factors.uuid({ id: 'uuid1', uuid: '9b1deb4d-3b7d-4bad-9bdd-2b0d7b3dcb6d' })\n])\nconst ciphertext = await setup.encrypt('hello world', 'aes128')\nconst derive = await mfkdf.derive.key(setup.policy, {\n  uuid1: mfkdf.derive.factors.uuid('9b1deb4d-3b7d-4bad-9bdd-2b0d7b3dcb6d')\n})\nconst plaintext = await derive.decrypt(ciphertext, 'aes128')\nplaintext.toString().should.equal('hello world')",
              "err": {},
              "uuid": "dcc6ba16-d883-4e36-9ef0-26442c23dd59",
              "parentUUID": "6cfc9abd-4176-401d-9db2-9cf5f94e549e",
              "isHook": false,
              "skipped": false
            },
            {
              "title": "3DES-CBC",
              "fullTitle": "encrypt 3DES-CBC",
              "timedOut": false,
              "duration": 221,
              "state": "passed",
              "speed": "slow",
              "pass": true,
              "fail": false,
              "pending": false,
              "context": null,
              "code": "const setup = await mfkdf.setup.key([\n  await mfkdf.setup.factors.uuid({ id: 'uuid1', uuid: '9b1deb4d-3b7d-4bad-9bdd-2b0d7b3dcb6d' })\n])\nconst ciphertext = await setup.encrypt('hello world', '3des')\nconst derive = await mfkdf.derive.key(setup.policy, {\n  uuid1: mfkdf.derive.factors.uuid('9b1deb4d-3b7d-4bad-9bdd-2b0d7b3dcb6d')\n})\nconst plaintext = await derive.decrypt(ciphertext, '3des')\nplaintext.toString().should.equal('hello world')",
              "err": {},
              "uuid": "bc4a4d4e-de33-4d77-94d6-b181366e9e0f",
              "parentUUID": "6cfc9abd-4176-401d-9db2-9cf5f94e549e",
              "isHook": false,
              "skipped": false
            },
            {
              "title": "DES-CBC",
              "fullTitle": "encrypt DES-CBC",
              "timedOut": false,
              "duration": 231,
              "state": "passed",
              "speed": "slow",
              "pass": true,
              "fail": false,
              "pending": false,
              "context": null,
              "code": "const setup = await mfkdf.setup.key([\n  await mfkdf.setup.factors.uuid({ id: 'uuid1', uuid: '9b1deb4d-3b7d-4bad-9bdd-2b0d7b3dcb6d' })\n])\nconst ciphertext = await setup.encrypt('hello world', 'des')\nconst derive = await mfkdf.derive.key(setup.policy, {\n  uuid1: mfkdf.derive.factors.uuid('9b1deb4d-3b7d-4bad-9bdd-2b0d7b3dcb6d')\n})\nconst plaintext = await derive.decrypt(ciphertext, 'des')\nplaintext.toString().should.equal('hello world')",
              "err": {},
              "uuid": "80b98f9c-b713-4da6-b4eb-e552e2fcbd73",
              "parentUUID": "6cfc9abd-4176-401d-9db2-9cf5f94e549e",
              "isHook": false,
              "skipped": false
            },
            {
              "title": "AES256-ECB",
              "fullTitle": "encrypt AES256-ECB",
              "timedOut": false,
              "duration": 220,
              "state": "passed",
              "speed": "slow",
              "pass": true,
              "fail": false,
              "pending": false,
              "context": null,
              "code": "const setup = await mfkdf.setup.key([\n  await mfkdf.setup.factors.uuid({ id: 'uuid1', uuid: '9b1deb4d-3b7d-4bad-9bdd-2b0d7b3dcb6d' })\n])\nconst ciphertext = await setup.encrypt(Buffer.from('hello world'), 'aes256', 'ECB')\nconst derive = await mfkdf.derive.key(setup.policy, {\n  uuid1: mfkdf.derive.factors.uuid('9b1deb4d-3b7d-4bad-9bdd-2b0d7b3dcb6d')\n})\nconst plaintext = await derive.decrypt(ciphertext, 'aes256', 'ECB')\nplaintext.toString().should.equal('hello world')",
              "err": {},
              "uuid": "f87f6a2e-134b-4751-a6fc-8c8a5d3d2820",
              "parentUUID": "6cfc9abd-4176-401d-9db2-9cf5f94e549e",
              "isHook": false,
              "skipped": false
            },
            {
              "title": "AES192-ECB",
              "fullTitle": "encrypt AES192-ECB",
              "timedOut": false,
              "duration": 217,
              "state": "passed",
              "speed": "slow",
              "pass": true,
              "fail": false,
              "pending": false,
              "context": null,
              "code": "const setup = await mfkdf.setup.key([\n  await mfkdf.setup.factors.uuid({ id: 'uuid1', uuid: '9b1deb4d-3b7d-4bad-9bdd-2b0d7b3dcb6d' })\n])\nconst ciphertext = await setup.encrypt('hello world', 'aes192', 'ECB')\nconst derive = await mfkdf.derive.key(setup.policy, {\n  uuid1: mfkdf.derive.factors.uuid('9b1deb4d-3b7d-4bad-9bdd-2b0d7b3dcb6d')\n})\nconst plaintext = await derive.decrypt(ciphertext, 'aes192', 'ECB')\nplaintext.toString().should.equal('hello world')",
              "err": {},
              "uuid": "e8c86c02-ad0a-441f-adc4-260bab0e49c7",
              "parentUUID": "6cfc9abd-4176-401d-9db2-9cf5f94e549e",
              "isHook": false,
              "skipped": false
            },
            {
              "title": "AES128-ECB",
              "fullTitle": "encrypt AES128-ECB",
              "timedOut": false,
              "duration": 223,
              "state": "passed",
              "speed": "slow",
              "pass": true,
              "fail": false,
              "pending": false,
              "context": null,
              "code": "const setup = await mfkdf.setup.key([\n  await mfkdf.setup.factors.uuid({ id: 'uuid1', uuid: '9b1deb4d-3b7d-4bad-9bdd-2b0d7b3dcb6d' })\n])\nconst ciphertext = await setup.encrypt('hello world', 'aes128', 'ECB')\nconst derive = await mfkdf.derive.key(setup.policy, {\n  uuid1: mfkdf.derive.factors.uuid('9b1deb4d-3b7d-4bad-9bdd-2b0d7b3dcb6d')\n})\nconst plaintext = await derive.decrypt(ciphertext, 'aes128', 'ECB')\nplaintext.toString().should.equal('hello world')",
              "err": {},
              "uuid": "ff4e8592-9adc-45f9-a9c7-4e6ce7c3801a",
              "parentUUID": "6cfc9abd-4176-401d-9db2-9cf5f94e549e",
              "isHook": false,
              "skipped": false
            },
            {
              "title": "3DES-ECB",
              "fullTitle": "encrypt 3DES-ECB",
              "timedOut": false,
              "duration": 219,
              "state": "passed",
              "speed": "slow",
              "pass": true,
              "fail": false,
              "pending": false,
              "context": null,
              "code": "const setup = await mfkdf.setup.key([\n  await mfkdf.setup.factors.uuid({ id: 'uuid1', uuid: '9b1deb4d-3b7d-4bad-9bdd-2b0d7b3dcb6d' })\n])\nconst ciphertext = await setup.encrypt('hello world', '3des', 'ECB')\nconst derive = await mfkdf.derive.key(setup.policy, {\n  uuid1: mfkdf.derive.factors.uuid('9b1deb4d-3b7d-4bad-9bdd-2b0d7b3dcb6d')\n})\nconst plaintext = await derive.decrypt(ciphertext, '3des', 'ECB')\nplaintext.toString().should.equal('hello world')",
              "err": {},
              "uuid": "be752949-e573-4b0a-b6f2-a51be718445c",
              "parentUUID": "6cfc9abd-4176-401d-9db2-9cf5f94e549e",
              "isHook": false,
              "skipped": false
            },
            {
              "title": "DES-ECB",
              "fullTitle": "encrypt DES-ECB",
              "timedOut": false,
              "duration": 218,
              "state": "passed",
              "speed": "slow",
              "pass": true,
              "fail": false,
              "pending": false,
              "context": null,
              "code": "const setup = await mfkdf.setup.key([\n  await mfkdf.setup.factors.uuid({ id: 'uuid1', uuid: '9b1deb4d-3b7d-4bad-9bdd-2b0d7b3dcb6d' })\n])\nconst ciphertext = await setup.encrypt('hello world', 'des', 'ECB')\nconst derive = await mfkdf.derive.key(setup.policy, {\n  uuid1: mfkdf.derive.factors.uuid('9b1deb4d-3b7d-4bad-9bdd-2b0d7b3dcb6d')\n})\nconst plaintext = await derive.decrypt(ciphertext, 'des', 'ECB')\nplaintext.toString().should.equal('hello world')",
              "err": {},
              "uuid": "8135331b-7287-4888-86b3-fb01cda258f4",
              "parentUUID": "6cfc9abd-4176-401d-9db2-9cf5f94e549e",
              "isHook": false,
              "skipped": false
            }
          ],
          "suites": [
            {
              "uuid": "dd7832f2-f482-4a67-bd26-2e9652ba2cb0",
              "title": "utils",
              "fullFile": "C:\\xampp\\htdocs\\Multifactor\\MFKDF\\test\\crypto\\symmetric.js",
              "file": "\\test\\crypto\\symmetric.js",
              "beforeHooks": [],
              "afterHooks": [],
              "tests": [
                {
                  "title": "subkey",
                  "fullTitle": "encrypt utils subkey",
                  "timedOut": false,
                  "duration": 109,
                  "state": "passed",
                  "speed": "slow",
                  "pass": true,
                  "fail": false,
                  "pending": false,
                  "context": null,
                  "code": "const setup = await mfkdf.setup.key([\n  await mfkdf.setup.factors.uuid({ id: 'uuid1', uuid: '9b1deb4d-3b7d-4bad-9bdd-2b0d7b3dcb6d' })\n])\nconst key1 = await setup.getSubkey(32, 'AES256', 'sha256')\nconst key2 = await setup.getSymmetricKey('aes256')\nkey1.toString('hex').should.equal(key2.toString('hex'))\nconst key3 = await setup.getSubkey()\nconst key4 = await setup.getSubkey(32, '', 'sha512')\nkey3.toString('hex').should.equal(key4.toString('hex'))",
                  "err": {},
                  "uuid": "c67a593c-1edd-423f-ac1e-5566783cb2a9",
                  "parentUUID": "dd7832f2-f482-4a67-bd26-2e9652ba2cb0",
                  "isHook": false,
                  "skipped": false
                },
                {
                  "title": "symmetric key",
                  "fullTitle": "encrypt utils symmetric key",
                  "timedOut": false,
                  "duration": 105,
                  "state": "passed",
                  "speed": "slow",
                  "pass": true,
                  "fail": false,
                  "pending": false,
                  "context": null,
                  "code": "const setup = await mfkdf.setup.key([\n  await mfkdf.setup.factors.uuid({ id: 'uuid1', uuid: '9b1deb4d-3b7d-4bad-9bdd-2b0d7b3dcb6d' })\n])\nconst key1 = await setup.getSymmetricKey()\nconst key2 = await setup.getSymmetricKey('aes256')\nkey1.toString('hex').should.equal(key2.toString('hex'))",
                  "err": {},
                  "uuid": "2f76bef6-3e63-4bbd-8720-a3c01a745d96",
                  "parentUUID": "dd7832f2-f482-4a67-bd26-2e9652ba2cb0",
                  "isHook": false,
                  "skipped": false
                }
              ],
              "suites": [],
              "passes": [
                "c67a593c-1edd-423f-ac1e-5566783cb2a9",
                "2f76bef6-3e63-4bbd-8720-a3c01a745d96"
              ],
              "failures": [],
              "pending": [],
              "skipped": [],
              "duration": 214,
              "root": false,
              "rootEmpty": false,
              "_timeout": 5000
            },
            {
              "uuid": "014328cc-63aa-4a99-a19a-74b663176194",
              "title": "errors",
              "fullFile": "C:\\xampp\\htdocs\\Multifactor\\MFKDF\\test\\crypto\\symmetric.js",
              "file": "\\test\\crypto\\symmetric.js",
              "beforeHooks": [],
              "afterHooks": [],
              "tests": [
                {
                  "title": "invalid key",
                  "fullTitle": "encrypt errors invalid key",
                  "timedOut": false,
                  "duration": 104,
                  "state": "passed",
                  "speed": "slow",
                  "pass": true,
                  "fail": false,
                  "pending": false,
                  "context": null,
                  "code": "const setup = await mfkdf.setup.key([\n  await mfkdf.setup.factors.uuid({ id: 'uuid1', uuid: '9b1deb4d-3b7d-4bad-9bdd-2b0d7b3dcb6d' })\n])\nsetup.encrypt('hello world', 'unknown').should.be.rejectedWith(RangeError)",
                  "err": {},
                  "uuid": "0f542c4f-b31e-4f1c-a40d-14d7c8b27381",
                  "parentUUID": "014328cc-63aa-4a99-a19a-74b663176194",
                  "isHook": false,
                  "skipped": false
                },
                {
                  "title": "invalid message",
                  "fullTitle": "encrypt errors invalid message",
                  "timedOut": false,
                  "duration": 105,
                  "state": "passed",
                  "speed": "slow",
                  "pass": true,
                  "fail": false,
                  "pending": false,
                  "context": null,
                  "code": "const setup = await mfkdf.setup.key([\n  await mfkdf.setup.factors.uuid({ id: 'uuid1', uuid: '9b1deb4d-3b7d-4bad-9bdd-2b0d7b3dcb6d' })\n])\nsetup.encrypt(12345, 'unknown').should.be.rejectedWith(TypeError)",
                  "err": {},
                  "uuid": "d1798559-2546-4145-a11d-e8b4f382058e",
                  "parentUUID": "014328cc-63aa-4a99-a19a-74b663176194",
                  "isHook": false,
                  "skipped": false
                },
                {
                  "title": "invalid ciphertext",
                  "fullTitle": "encrypt errors invalid ciphertext",
                  "timedOut": false,
                  "duration": 107,
                  "state": "passed",
                  "speed": "slow",
                  "pass": true,
                  "fail": false,
                  "pending": false,
                  "context": null,
                  "code": "const setup = await mfkdf.setup.key([\n  await mfkdf.setup.factors.uuid({ id: 'uuid1', uuid: '9b1deb4d-3b7d-4bad-9bdd-2b0d7b3dcb6d' })\n])\nsetup.decrypt(12345, 'unknown').should.be.rejectedWith(TypeError)",
                  "err": {},
                  "uuid": "d91606c7-3c29-45a8-90ba-fc35280fd9fc",
                  "parentUUID": "014328cc-63aa-4a99-a19a-74b663176194",
                  "isHook": false,
                  "skipped": false
                }
              ],
              "suites": [],
              "passes": [
                "0f542c4f-b31e-4f1c-a40d-14d7c8b27381",
                "d1798559-2546-4145-a11d-e8b4f382058e",
                "d91606c7-3c29-45a8-90ba-fc35280fd9fc"
              ],
              "failures": [],
              "pending": [],
              "skipped": [],
              "duration": 316,
              "root": false,
              "rootEmpty": false,
              "_timeout": 5000
            }
          ],
          "passes": [
            "0b78a5fe-f3dc-43dd-a7ea-3a6a4280ea3a",
            "1d4e9541-7f3f-44cd-9bdf-42df1838ef3a",
            "173a2df5-d5eb-4eff-901a-a81eb59d9b83",
            "dcc6ba16-d883-4e36-9ef0-26442c23dd59",
            "bc4a4d4e-de33-4d77-94d6-b181366e9e0f",
            "80b98f9c-b713-4da6-b4eb-e552e2fcbd73",
            "f87f6a2e-134b-4751-a6fc-8c8a5d3d2820",
            "e8c86c02-ad0a-441f-adc4-260bab0e49c7",
            "ff4e8592-9adc-45f9-a9c7-4e6ce7c3801a",
            "be752949-e573-4b0a-b6f2-a51be718445c",
            "8135331b-7287-4888-86b3-fb01cda258f4"
          ],
          "failures": [],
          "pending": [],
          "skipped": [],
          "duration": 2465,
          "root": false,
          "rootEmpty": false,
          "_timeout": 5000
        },
        {
          "uuid": "3da7453b-127c-4b16-b605-74b05e022795",
          "title": "derive/factors/password",
          "fullFile": "C:\\xampp\\htdocs\\Multifactor\\MFKDF\\test\\derive\\factors\\password.js",
          "file": "\\test\\derive\\factors\\password.js",
          "beforeHooks": [],
          "afterHooks": [],
          "tests": [
            {
              "title": "invalid/type",
              "fullTitle": "derive/factors/password invalid/type",
              "timedOut": false,
              "duration": 1,
              "state": "passed",
              "speed": "slow",
              "pass": true,
              "fail": false,
              "pending": false,
              "context": null,
              "code": "(() => {\n  mfkdf.derive.factors.password(12345)\n}).should.throw(TypeError)",
              "err": {},
              "uuid": "ab82d43a-981e-4dff-8e89-b1d2effb4cdd",
              "parentUUID": "3da7453b-127c-4b16-b605-74b05e022795",
              "isHook": false,
              "skipped": false
            },
            {
              "title": "invalid/range",
              "fullTitle": "derive/factors/password invalid/range",
              "timedOut": false,
              "duration": 0,
              "state": "passed",
              "speed": "fast",
              "pass": true,
              "fail": false,
              "pending": false,
              "context": null,
              "code": "(() => {\n  mfkdf.derive.factors.password('')\n}).should.throw(RangeError)",
              "err": {},
              "uuid": "e621152a-8ec3-463f-b5c4-8277b034f18b",
              "parentUUID": "3da7453b-127c-4b16-b605-74b05e022795",
              "isHook": false,
              "skipped": false
            }
          ],
          "suites": [],
          "passes": [
            "ab82d43a-981e-4dff-8e89-b1d2effb4cdd",
            "e621152a-8ec3-463f-b5c4-8277b034f18b"
          ],
          "failures": [],
          "pending": [],
          "skipped": [],
          "duration": 1,
          "root": false,
          "rootEmpty": false,
          "_timeout": 5000
        },
        {
          "uuid": "e0d97683-5c6c-470e-9efd-2a554a06fe20",
          "title": "derive/factors/uuid",
          "fullFile": "C:\\xampp\\htdocs\\Multifactor\\MFKDF\\test\\derive\\factors\\uuid.js",
          "file": "\\test\\derive\\factors\\uuid.js",
          "beforeHooks": [],
          "afterHooks": [],
          "tests": [
            {
              "title": "invalid/type",
              "fullTitle": "derive/factors/uuid invalid/type",
              "timedOut": false,
              "duration": 0,
              "state": "passed",
              "speed": "fast",
              "pass": true,
              "fail": false,
              "pending": false,
              "context": null,
              "code": "(() => {\n  mfkdf.derive.factors.uuid(12345)\n}).should.throw(TypeError)",
              "err": {},
              "uuid": "27a19e6c-7813-454b-83d0-89534cb41bc5",
              "parentUUID": "e0d97683-5c6c-470e-9efd-2a554a06fe20",
              "isHook": false,
              "skipped": false
            },
            {
              "title": "invalid/range",
              "fullTitle": "derive/factors/uuid invalid/range",
              "timedOut": false,
              "duration": 0,
              "state": "passed",
              "speed": "fast",
              "pass": true,
              "fail": false,
              "pending": false,
              "context": null,
              "code": "(() => {\n  mfkdf.derive.factors.uuid('')\n}).should.throw(TypeError)",
              "err": {},
              "uuid": "ee7647b4-043e-4ded-96a4-eb3caf3dc1f1",
              "parentUUID": "e0d97683-5c6c-470e-9efd-2a554a06fe20",
              "isHook": false,
              "skipped": false
            }
          ],
          "suites": [],
          "passes": [
            "27a19e6c-7813-454b-83d0-89534cb41bc5",
            "ee7647b4-043e-4ded-96a4-eb3caf3dc1f1"
          ],
          "failures": [],
          "pending": [],
          "skipped": [],
          "duration": 0,
          "root": false,
          "rootEmpty": false,
          "_timeout": 5000
        },
        {
          "uuid": "bb7451c4-5012-43e7-bcd0-fd2b89586d18",
          "title": "derive/key",
          "fullFile": "C:\\xampp\\htdocs\\Multifactor\\MFKDF\\test\\derive\\key.js",
          "file": "\\test\\derive\\key.js",
          "beforeHooks": [],
          "afterHooks": [],
          "tests": [
            {
              "title": "correct",
              "fullTitle": "derive/key correct",
              "timedOut": false,
              "duration": 572,
              "state": "passed",
              "speed": "slow",
              "pass": true,
              "fail": false,
              "pending": false,
              "context": null,
              "code": "const setup = await mfkdf.setup.key([\n  await mfkdf.setup.factors.password('password1', { id: 'password1' }),\n  await mfkdf.setup.factors.password('password2', { id: 'password2' }),\n  await mfkdf.setup.factors.password('password3', { id: 'password3' })\n], { threshold: 2 })\nconst derive1 = await mfkdf.derive.key(setup.policy, {\n  password1: mfkdf.derive.factors.password('password1'),\n  password2: mfkdf.derive.factors.password('password2')\n})\nconst derive2 = await mfkdf.derive.key(setup.policy, {\n  password2: mfkdf.derive.factors.password('password2'),\n  password3: mfkdf.derive.factors.password('password3')\n})\nconst derive3 = await mfkdf.derive.key(setup.policy, {\n  password1: mfkdf.derive.factors.password('password1'),\n  password3: mfkdf.derive.factors.password('password3')\n})\nconst derive4 = await mfkdf.derive.key(setup.policy, {\n  password1: mfkdf.derive.factors.password('password1'),\n  password2: mfkdf.derive.factors.password('password2'),\n  password3: mfkdf.derive.factors.password('password3')\n})\nsetup.key.toString('hex').should.equal(derive1.key.toString('hex'))\nsetup.key.toString('hex').should.equal(derive2.key.toString('hex'))\nsetup.key.toString('hex').should.equal(derive3.key.toString('hex'))\nsetup.key.toString('hex').should.equal(derive4.key.toString('hex'))\nJSON.stringify(setup.policy).should.equal(JSON.stringify(derive1.policy))\nJSON.stringify(setup.policy).should.equal(JSON.stringify(derive2.policy))\nJSON.stringify(setup.policy).should.equal(JSON.stringify(derive3.policy))\nJSON.stringify(setup.policy).should.equal(JSON.stringify(derive4.policy))",
              "err": {},
              "uuid": "8214211d-1e9b-4a79-8696-bcaec18ee272",
              "parentUUID": "bb7451c4-5012-43e7-bcd0-fd2b89586d18",
              "isHook": false,
              "skipped": false
            },
            {
              "title": "incorrect",
              "fullTitle": "derive/key incorrect",
              "timedOut": false,
              "duration": 561,
              "state": "passed",
              "speed": "slow",
              "pass": true,
              "fail": false,
              "pending": false,
              "context": null,
              "code": "const setup = await mfkdf.setup.key([\n  await mfkdf.setup.factors.password('password1', { id: 'password1' }),\n  await mfkdf.setup.factors.password('password2', { id: 'password2' }),\n  await mfkdf.setup.factors.password('password3', { id: 'password3' })\n], { threshold: 2 })\nconst derive1 = await mfkdf.derive.key(setup.policy, {\n  password1: mfkdf.derive.factors.password('password1'),\n  password2: mfkdf.derive.factors.password('wrongpassword2')\n})\nconst derive2 = await mfkdf.derive.key(setup.policy, {\n  password2: mfkdf.derive.factors.password('wrongpassword2'),\n  password3: mfkdf.derive.factors.password('wrongpassword3')\n})\nconst derive3 = await mfkdf.derive.key(setup.policy, {\n  password1: mfkdf.derive.factors.password('password1'),\n  password3: mfkdf.derive.factors.password('password2')\n})\nconst derive4 = await mfkdf.derive.key(setup.policy, {\n  password1: mfkdf.derive.factors.password('password1'),\n  password2: mfkdf.derive.factors.password('password2'),\n  password3: mfkdf.derive.factors.password('password4')\n})\nsetup.key.toString('hex').should.not.equal(derive1.key.toString('hex'))\nsetup.key.toString('hex').should.not.equal(derive2.key.toString('hex'))\nsetup.key.toString('hex').should.not.equal(derive3.key.toString('hex'))\nsetup.key.toString('hex').should.not.equal(derive4.key.toString('hex'))",
              "err": {},
              "uuid": "6afd8be4-9c39-4ec6-bba0-6304e9e60925",
              "parentUUID": "bb7451c4-5012-43e7-bcd0-fd2b89586d18",
              "isHook": false,
              "skipped": false
            },
            {
              "title": "mismatch",
              "fullTitle": "derive/key mismatch",
              "timedOut": false,
              "duration": 116,
              "state": "passed",
              "speed": "slow",
              "pass": true,
              "fail": false,
              "pending": false,
              "context": null,
              "code": "const setup = await mfkdf.setup.key([\n  await mfkdf.setup.factors.password('password', { id: 'password' })\n])\nmfkdf.derive.key(setup.policy, {\n  password: mfkdf.derive.factors.uuid('9b1deb4d-3b7d-4bad-9bdd-2b0d7b3dcb6d')\n}).should.be.rejectedWith(TypeError)",
              "err": {},
              "uuid": "d0d2673b-54bb-4980-a0ef-83687ebe483a",
              "parentUUID": "bb7451c4-5012-43e7-bcd0-fd2b89586d18",
              "isHook": false,
              "skipped": false
            }
          ],
          "suites": [
            {
              "uuid": "00a96388-52c7-4ecb-b613-50c938cc13a9",
              "title": "shares",
              "fullFile": "C:\\xampp\\htdocs\\Multifactor\\MFKDF\\test\\derive\\key.js",
              "file": "\\test\\derive\\key.js",
              "beforeHooks": [],
              "afterHooks": [],
              "tests": [
                {
                  "title": "valid",
                  "fullTitle": "derive/key shares valid",
                  "timedOut": false,
                  "duration": 473,
                  "state": "passed",
                  "speed": "slow",
                  "pass": true,
                  "fail": false,
                  "pending": false,
                  "context": null,
                  "code": "const setup = await mfkdf.setup.key([\n  await mfkdf.setup.factors.password('password1', { id: 'password1' }),\n  await mfkdf.setup.factors.password('password2', { id: 'password2' }),\n  await mfkdf.setup.factors.password('password3', { id: 'password3' })\n], { threshold: 2 })\nconst derive1 = await mfkdf.derive.key(setup.policy, {\n  password1: mfkdf.derive.factors.password('password1'),\n  password2: mfkdf.derive.factors.password('password2')\n})\nconst derive2 = await mfkdf.derive.key(derive1.policy, {\n  password2: mfkdf.derive.factors.password('password2'),\n  password3: mfkdf.derive.factors.password('password3')\n})\nconst derive3 = await mfkdf.derive.key(derive2.policy, {\n  password1: mfkdf.derive.factors.password('password1'),\n  password3: mfkdf.derive.factors.password('password3')\n})\nderive1.shares.should.deep.equal(setup.shares)\nderive2.shares.should.deep.equal(setup.shares)\nderive3.shares.should.deep.equal(setup.shares)",
                  "err": {},
                  "uuid": "f18527b0-2203-41ee-8cd3-fb2d4f99f589",
                  "parentUUID": "00a96388-52c7-4ecb-b613-50c938cc13a9",
                  "isHook": false,
                  "skipped": false
                }
              ],
              "suites": [],
              "passes": [
                "f18527b0-2203-41ee-8cd3-fb2d4f99f589"
              ],
              "failures": [],
              "pending": [],
              "skipped": [],
              "duration": 473,
              "root": false,
              "rootEmpty": false,
              "_timeout": 5000
            },
            {
              "uuid": "20a2377f-51ff-4061-b5f9-055114d1a5ef",
              "title": "invalid",
              "fullFile": "C:\\xampp\\htdocs\\Multifactor\\MFKDF\\test\\derive\\key.js",
              "file": "\\test\\derive\\key.js",
              "beforeHooks": [],
              "afterHooks": [],
              "tests": [
                {
                  "title": "schema",
                  "fullTitle": "derive/key invalid schema",
                  "timedOut": false,
                  "duration": 114,
                  "state": "passed",
                  "speed": "slow",
                  "pass": true,
                  "fail": false,
                  "pending": false,
                  "context": null,
                  "code": "const setup = await mfkdf.setup.key([\n  await mfkdf.setup.factors.password('password1', { id: 'password1' })\n])\ndelete setup.policy.$id\nmfkdf.derive.key(setup.policy, {\n  password1: mfkdf.derive.factors.password('password1')\n}).should.be.rejectedWith(TypeError)",
                  "err": {},
                  "uuid": "93025627-f06d-48ee-9094-9922c31f3dfa",
                  "parentUUID": "20a2377f-51ff-4061-b5f9-055114d1a5ef",
                  "isHook": false,
                  "skipped": false
                },
                {
                  "title": "factors",
                  "fullTitle": "derive/key invalid factors",
                  "timedOut": false,
                  "duration": 117,
                  "state": "passed",
                  "speed": "slow",
                  "pass": true,
                  "fail": false,
                  "pending": false,
                  "context": null,
                  "code": "const setup = await mfkdf.setup.key([\n  await mfkdf.setup.factors.password('password1', { id: 'password1' }),\n  await mfkdf.setup.factors.password('password2', { id: 'password2' }),\n  await mfkdf.setup.factors.password('password3', { id: 'password3' })\n], { threshold: 2 })\nmfkdf.derive.key(setup.policy, {\n  password1: mfkdf.derive.factors.password('password1')\n}).should.be.rejectedWith(RangeError)",
                  "err": {},
                  "uuid": "743e1a64-02db-491d-84d8-4aa32101beec",
                  "parentUUID": "20a2377f-51ff-4061-b5f9-055114d1a5ef",
                  "isHook": false,
                  "skipped": false
                }
              ],
              "suites": [],
              "passes": [
                "93025627-f06d-48ee-9094-9922c31f3dfa",
                "743e1a64-02db-491d-84d8-4aa32101beec"
              ],
              "failures": [],
              "pending": [],
              "skipped": [],
              "duration": 231,
              "root": false,
              "rootEmpty": false,
              "_timeout": 5000
            }
          ],
          "passes": [
            "8214211d-1e9b-4a79-8696-bcaec18ee272",
            "6afd8be4-9c39-4ec6-bba0-6304e9e60925",
            "d0d2673b-54bb-4980-a0ef-83687ebe483a"
          ],
          "failures": [],
          "pending": [],
          "skipped": [],
          "duration": 1249,
          "root": false,
          "rootEmpty": false,
          "_timeout": 5000
        },
        {
          "uuid": "3b7e0506-2a64-4333-90e6-50dc4f55154f",
          "title": "factors/hotp",
          "fullFile": "C:\\xampp\\htdocs\\Multifactor\\MFKDF\\test\\factors\\hotp.js",
          "file": "\\test\\factors\\hotp.js",
          "beforeHooks": [],
          "afterHooks": [],
          "tests": [
            {
              "title": "valid",
              "fullTitle": "factors/hotp valid",
              "timedOut": false,
              "duration": 452,
              "state": "passed",
              "speed": "slow",
              "pass": true,
              "fail": false,
              "pending": false,
              "context": null,
              "code": "const setup = await mfkdf.setup.key([\n  await mfkdf.setup.factors.hotp({\n    secret: Buffer.from('hello world')\n  })\n])\nconst derive1 = await mfkdf.derive.key(setup.policy, {\n  hotp: mfkdf.derive.factors.hotp(365287)\n})\nconst derive2 = await mfkdf.derive.key(derive1.policy, {\n  hotp: mfkdf.derive.factors.hotp(891649)\n})\nconst derive3 = await mfkdf.derive.key(derive2.policy, {\n  hotp: mfkdf.derive.factors.hotp(795484)\n})\nsetup.key.toString('hex').should.equal(derive1.key.toString('hex'))\nderive1.key.toString('hex').should.equal(derive2.key.toString('hex'))\nderive2.key.toString('hex').should.equal(derive3.key.toString('hex'))",
              "err": {},
              "uuid": "43899170-ce10-4277-be62-f9c0b8f58acc",
              "parentUUID": "3b7e0506-2a64-4333-90e6-50dc4f55154f",
              "isHook": false,
              "skipped": false
            },
            {
              "title": "defaults",
              "fullTitle": "factors/hotp defaults",
              "timedOut": false,
              "duration": 106,
              "state": "passed",
              "speed": "slow",
              "pass": true,
              "fail": false,
              "pending": false,
              "context": null,
              "code": "await mfkdf.setup.key([\n  await mfkdf.setup.factors.hotp()\n])",
              "err": {},
              "uuid": "2deb8114-348d-4871-a33c-79f2f06e0ed3",
              "parentUUID": "3b7e0506-2a64-4333-90e6-50dc4f55154f",
              "isHook": false,
              "skipped": false
            }
          ],
          "suites": [
            {
              "uuid": "d550a93e-bc50-402e-85b1-40923df05239",
              "title": "errors",
              "fullFile": "C:\\xampp\\htdocs\\Multifactor\\MFKDF\\test\\factors\\hotp.js",
              "file": "\\test\\factors\\hotp.js",
              "beforeHooks": [],
              "afterHooks": [],
              "tests": [
                {
                  "title": "code/type",
                  "fullTitle": "factors/hotp errors code/type",
                  "timedOut": false,
                  "duration": 0,
                  "state": "passed",
                  "speed": "fast",
                  "pass": true,
                  "fail": false,
                  "pending": false,
                  "context": null,
                  "code": "(() => {\n  mfkdf.derive.factors.hotp('hello')\n}).should.throw(TypeError)",
                  "err": {},
                  "uuid": "9891f577-573f-4dfd-9332-d70889ffe622",
                  "parentUUID": "d550a93e-bc50-402e-85b1-40923df05239",
                  "isHook": false,
                  "skipped": false
                },
                {
                  "title": "id/type",
                  "fullTitle": "factors/hotp errors id/type",
                  "timedOut": false,
                  "duration": 0,
                  "state": "passed",
                  "speed": "fast",
                  "pass": true,
                  "fail": false,
                  "pending": false,
                  "context": null,
                  "code": "mfkdf.setup.factors.hotp({\n  secret: Buffer.from('hello world'),\n  id: 12345\n}).should.be.rejectedWith(TypeError)",
                  "err": {},
                  "uuid": "8a40fa61-7dd1-49d6-a1b1-4542d584331d",
                  "parentUUID": "d550a93e-bc50-402e-85b1-40923df05239",
                  "isHook": false,
                  "skipped": false
                },
                {
                  "title": "id/range",
                  "fullTitle": "factors/hotp errors id/range",
                  "timedOut": false,
                  "duration": 1,
                  "state": "passed",
                  "speed": "slow",
                  "pass": true,
                  "fail": false,
                  "pending": false,
                  "context": null,
                  "code": "mfkdf.setup.factors.hotp({\n  secret: Buffer.from('hello world'),\n  id: ''\n}).should.be.rejectedWith(RangeError)",
                  "err": {},
                  "uuid": "0b870314-62b1-4908-8a49-580a3b80f064",
                  "parentUUID": "d550a93e-bc50-402e-85b1-40923df05239",
                  "isHook": false,
                  "skipped": false
                },
                {
                  "title": "digits/type",
                  "fullTitle": "factors/hotp errors digits/type",
                  "timedOut": false,
                  "duration": 0,
                  "state": "passed",
                  "speed": "fast",
                  "pass": true,
                  "fail": false,
                  "pending": false,
                  "context": null,
                  "code": "mfkdf.setup.factors.hotp({\n  secret: Buffer.from('hello world'),\n  digits: 'hello'\n}).should.be.rejectedWith(TypeError)",
                  "err": {},
                  "uuid": "4c7753bc-9060-4cbf-b828-e3097b951c10",
                  "parentUUID": "d550a93e-bc50-402e-85b1-40923df05239",
                  "isHook": false,
                  "skipped": false
                },
                {
                  "title": "digits/low",
                  "fullTitle": "factors/hotp errors digits/low",
                  "timedOut": false,
                  "duration": 0,
                  "state": "passed",
                  "speed": "fast",
                  "pass": true,
                  "fail": false,
                  "pending": false,
                  "context": null,
                  "code": "mfkdf.setup.factors.hotp({\n  secret: Buffer.from('hello world'),\n  digits: 4\n}).should.be.rejectedWith(RangeError)",
                  "err": {},
                  "uuid": "7247d683-0a08-4e53-8a66-643766a4418a",
                  "parentUUID": "d550a93e-bc50-402e-85b1-40923df05239",
                  "isHook": false,
                  "skipped": false
                },
                {
                  "title": "digits/high",
                  "fullTitle": "factors/hotp errors digits/high",
                  "timedOut": false,
                  "duration": 0,
                  "state": "passed",
                  "speed": "fast",
                  "pass": true,
                  "fail": false,
                  "pending": false,
                  "context": null,
                  "code": "mfkdf.setup.factors.hotp({\n  secret: Buffer.from('hello world'),\n  digits: 9\n}).should.be.rejectedWith(RangeError)",
                  "err": {},
                  "uuid": "17c1b812-b2d5-46a0-92a7-cf6dcc8a8dba",
                  "parentUUID": "d550a93e-bc50-402e-85b1-40923df05239",
                  "isHook": false,
                  "skipped": false
                },
                {
                  "title": "hash/range",
                  "fullTitle": "factors/hotp errors hash/range",
                  "timedOut": false,
                  "duration": 0,
                  "state": "passed",
                  "speed": "fast",
                  "pass": true,
                  "fail": false,
                  "pending": false,
                  "context": null,
                  "code": "await mfkdf.setup.factors.hotp({\n  secret: Buffer.from('hello world'),\n  hash: 'sha123'\n}).should.be.rejectedWith(RangeError)",
                  "err": {},
                  "uuid": "f48fc850-5256-4d1a-890c-2d76cc9a3123",
                  "parentUUID": "d550a93e-bc50-402e-85b1-40923df05239",
                  "isHook": false,
                  "skipped": false
                },
                {
                  "title": "secret/type",
                  "fullTitle": "factors/hotp errors secret/type",
                  "timedOut": false,
                  "duration": 0,
                  "state": "passed",
                  "speed": "fast",
                  "pass": true,
                  "fail": false,
                  "pending": false,
                  "context": null,
                  "code": "mfkdf.setup.factors.hotp({\n  secret: 'hello'\n}).should.be.rejectedWith(TypeError)",
                  "err": {},
                  "uuid": "ef3a1f83-fb9e-4644-bdfe-28c2576d053b",
                  "parentUUID": "d550a93e-bc50-402e-85b1-40923df05239",
                  "isHook": false,
                  "skipped": false
                }
              ],
              "suites": [],
              "passes": [
                "9891f577-573f-4dfd-9332-d70889ffe622",
                "8a40fa61-7dd1-49d6-a1b1-4542d584331d",
                "0b870314-62b1-4908-8a49-580a3b80f064",
                "4c7753bc-9060-4cbf-b828-e3097b951c10",
                "7247d683-0a08-4e53-8a66-643766a4418a",
                "17c1b812-b2d5-46a0-92a7-cf6dcc8a8dba",
                "f48fc850-5256-4d1a-890c-2d76cc9a3123",
                "ef3a1f83-fb9e-4644-bdfe-28c2576d053b"
              ],
              "failures": [],
              "pending": [],
              "skipped": [],
              "duration": 1,
              "root": false,
              "rootEmpty": false,
              "_timeout": 5000
            }
          ],
          "passes": [
            "43899170-ce10-4277-be62-f9c0b8f58acc",
            "2deb8114-348d-4871-a33c-79f2f06e0ed3"
          ],
          "failures": [],
          "pending": [],
          "skipped": [],
          "duration": 558,
          "root": false,
          "rootEmpty": false,
          "_timeout": 5000
        },
        {
          "uuid": "947c67b1-c671-4229-a551-7bb0dc84ef15",
          "title": "factors/stack",
          "fullFile": "C:\\xampp\\htdocs\\Multifactor\\MFKDF\\test\\factors\\stack.js",
          "file": "\\test\\factors\\stack.js",
          "beforeHooks": [],
          "afterHooks": [],
          "tests": [
            {
              "title": "errors/id/type",
              "fullTitle": "factors/stack errors/id/type",
              "timedOut": false,
              "duration": 0,
              "state": "passed",
              "speed": "fast",
              "pass": true,
              "fail": false,
              "pending": false,
              "context": null,
              "code": "mfkdf.setup.factors.stack([\n  await mfkdf.setup.factors.password('password1', { id: 'password1' }),\n  await mfkdf.setup.factors.password('password2', { id: 'password2' })\n], { id: 12345 }).should.be.rejectedWith(TypeError)",
              "err": {},
              "uuid": "7d110fcf-0a30-4a01-b64a-c6e694d00824",
              "parentUUID": "947c67b1-c671-4229-a551-7bb0dc84ef15",
              "isHook": false,
              "skipped": false
            },
            {
              "title": "errors/id/range",
              "fullTitle": "factors/stack errors/id/range",
              "timedOut": false,
              "duration": 0,
              "state": "passed",
              "speed": "fast",
              "pass": true,
              "fail": false,
              "pending": false,
              "context": null,
              "code": "mfkdf.setup.factors.stack([\n  await mfkdf.setup.factors.password('password1', { id: 'password1' }),\n  await mfkdf.setup.factors.password('password2', { id: 'password2' })\n], { id: '' }).should.be.rejectedWith(RangeError)",
              "err": {},
              "uuid": "b5bda0df-e8aa-4491-a5ed-a79e7f1b66a5",
              "parentUUID": "947c67b1-c671-4229-a551-7bb0dc84ef15",
              "isHook": false,
              "skipped": false
            },
            {
              "title": "valid",
              "fullTitle": "factors/stack valid",
              "timedOut": false,
              "duration": 349,
              "state": "passed",
              "speed": "slow",
              "pass": true,
              "fail": false,
              "pending": false,
              "context": null,
              "code": "const setup = await mfkdf.setup.key([\n  await mfkdf.setup.factors.stack([\n    await mfkdf.setup.factors.password('password1', { id: 'password1' }),\n    await mfkdf.setup.factors.password('password2', { id: 'password2' })\n  ], { id: 'stack1' }),\n  await mfkdf.setup.factors.stack([\n    await mfkdf.setup.factors.password('password3', { id: 'password3' }),\n    await mfkdf.setup.factors.password('password4', { id: 'password4' })\n  ], { id: 'stack2' })\n], { threshold: 1 })\nconst derive1 = await mfkdf.derive.key(setup.policy, {\n  stack1: mfkdf.derive.factors.stack({\n    password1: mfkdf.derive.factors.password('password1'),\n    password2: mfkdf.derive.factors.password('password2')\n  })\n})\nconst derive2 = await mfkdf.derive.key(setup.policy, {\n  stack2: mfkdf.derive.factors.stack({\n    password3: mfkdf.derive.factors.password('password3'),\n    password4: mfkdf.derive.factors.password('password4')\n  })\n})\nderive1.key.toString('hex').should.equal(setup.key.toString('hex'))\nderive2.key.toString('hex').should.equal(setup.key.toString('hex'))",
              "err": {},
              "uuid": "23b9974d-99e8-4a5a-8054-da69a722308d",
              "parentUUID": "947c67b1-c671-4229-a551-7bb0dc84ef15",
              "isHook": false,
              "skipped": false
            }
          ],
          "suites": [],
          "passes": [
            "7d110fcf-0a30-4a01-b64a-c6e694d00824",
            "b5bda0df-e8aa-4491-a5ed-a79e7f1b66a5",
            "23b9974d-99e8-4a5a-8054-da69a722308d"
          ],
          "failures": [],
          "pending": [],
          "skipped": [],
          "duration": 349,
          "root": false,
          "rootEmpty": false,
          "_timeout": 5000
        },
        {
          "uuid": "48bfcf73-8347-44b4-a588-fd1fceac74c1",
          "title": "factors/totp",
          "fullFile": "C:\\xampp\\htdocs\\Multifactor\\MFKDF\\test\\factors\\totp.js",
          "file": "\\test\\factors\\totp.js",
          "beforeHooks": [],
          "afterHooks": [],
          "tests": [
            {
              "title": "dynamic",
              "fullTitle": "factors/totp dynamic",
              "timedOut": false,
              "duration": 1062,
              "state": "passed",
              "speed": "slow",
              "pass": true,
              "fail": false,
              "pending": false,
              "context": null,
              "code": "const setup = await mfkdf.setup.key([\n  await mfkdf.setup.factors.totp()\n])\nconst code = parseInt(speakeasy.totp({\n  secret: setup.outputs.totp.secret.toString('hex'),\n  encoding: 'hex',\n  step: setup.outputs.totp.period,\n  algorithm: setup.outputs.totp.algorithm,\n  digits: setup.outputs.totp.digits\n}))\nconst derive1 = await mfkdf.derive.key(setup.policy, {\n  totp: mfkdf.derive.factors.totp(code)\n})\nconst derive2 = await mfkdf.derive.key(derive1.policy, {\n  totp: mfkdf.derive.factors.totp(code)\n})\nconst derive3 = await mfkdf.derive.key(derive2.policy, {\n  totp: mfkdf.derive.factors.totp(code)\n})\nderive1.key.toString('hex').should.equal(setup.key.toString('hex'))\nderive2.key.toString('hex').should.equal(setup.key.toString('hex'))\nderive3.key.toString('hex').should.equal(setup.key.toString('hex'))",
              "err": {},
              "uuid": "a8092a48-8818-4352-86bb-a4ab8e1d21ad",
              "parentUUID": "48bfcf73-8347-44b4-a588-fd1fceac74c1",
              "isHook": false,
              "skipped": false
            },
            {
              "title": "static",
              "fullTitle": "factors/totp static",
              "timedOut": false,
              "duration": 794,
              "state": "passed",
              "speed": "slow",
              "pass": true,
              "fail": false,
              "pending": false,
              "context": null,
              "code": "const setup = await mfkdf.setup.key([\n  await mfkdf.setup.factors.totp({\n    secret: Buffer.from('hello world'),\n    time: 1650430806597\n  })\n])\nconst derive1 = await mfkdf.derive.key(setup.policy, {\n  totp: mfkdf.derive.factors.totp(528258, { time: 1650430943604 })\n})\nconst derive2 = await mfkdf.derive.key(derive1.policy, {\n  totp: mfkdf.derive.factors.totp(99922, { time: 1650430991083 })\n})\nconst derive3 = await mfkdf.derive.key(derive1.policy, {\n  totp: mfkdf.derive.factors.totp(398884, { time: 1650431018392 })\n})\nderive1.key.toString('hex').should.equal(setup.key.toString('hex'))\nderive2.key.toString('hex').should.equal(setup.key.toString('hex'))\nderive3.key.toString('hex').should.equal(setup.key.toString('hex'))",
              "err": {},
              "uuid": "1d1e7639-7826-43d5-b5e4-05903f947d33",
              "parentUUID": "48bfcf73-8347-44b4-a588-fd1fceac74c1",
              "isHook": false,
              "skipped": false
            },
            {
              "title": "defaults",
              "fullTitle": "factors/totp defaults",
              "timedOut": false,
              "duration": 421,
              "state": "passed",
              "speed": "slow",
              "pass": true,
              "fail": false,
              "pending": false,
              "context": null,
              "code": "await mfkdf.setup.key([\n  await mfkdf.setup.factors.totp()\n])",
              "err": {},
              "uuid": "4409811a-8b4a-492d-807a-b76702d65ce3",
              "parentUUID": "48bfcf73-8347-44b4-a588-fd1fceac74c1",
              "isHook": false,
              "skipped": false
            }
          ],
          "suites": [
            {
              "uuid": "575f3868-1698-432f-bf82-c8c1803ce9a3",
              "title": "errors",
              "fullFile": "C:\\xampp\\htdocs\\Multifactor\\MFKDF\\test\\factors\\totp.js",
              "file": "\\test\\factors\\totp.js",
              "beforeHooks": [],
              "afterHooks": [],
              "tests": [
                {
                  "title": "code/type",
                  "fullTitle": "factors/totp errors code/type",
                  "timedOut": false,
                  "duration": 0,
                  "state": "passed",
                  "speed": "fast",
                  "pass": true,
                  "fail": false,
                  "pending": false,
                  "context": null,
                  "code": "(() => {\n  mfkdf.derive.factors.totp('hello')\n}).should.throw(TypeError)",
                  "err": {},
                  "uuid": "3dc6b3e7-fa4e-41f6-8b26-1915a7e11364",
                  "parentUUID": "575f3868-1698-432f-bf82-c8c1803ce9a3",
                  "isHook": false,
                  "skipped": false
                },
                {
                  "title": "code/window",
                  "fullTitle": "factors/totp errors code/window",
                  "timedOut": false,
                  "duration": 431,
                  "state": "passed",
                  "speed": "slow",
                  "pass": true,
                  "fail": false,
                  "pending": false,
                  "context": null,
                  "code": "const setup = await mfkdf.setup.key([\n  await mfkdf.setup.factors.totp({\n    secret: Buffer.from('hello world'),\n    time: 1650430806597\n  })\n])\nmfkdf.derive.key(setup.policy, {\n  totp: mfkdf.derive.factors.totp(528258, { time: 1750430943604 })\n}).should.be.rejectedWith(RangeError)",
                  "err": {},
                  "uuid": "c70e23f9-cba2-43eb-80c3-5a1efce70fdf",
                  "parentUUID": "575f3868-1698-432f-bf82-c8c1803ce9a3",
                  "isHook": false,
                  "skipped": false
                },
                {
                  "title": "time/type",
                  "fullTitle": "factors/totp errors time/type",
                  "timedOut": false,
                  "duration": 0,
                  "state": "passed",
                  "speed": "fast",
                  "pass": true,
                  "fail": false,
                  "pending": false,
                  "context": null,
                  "code": "(() => {\n  mfkdf.derive.factors.totp(12345, { time: 'hello' })\n}).should.throw(TypeError)",
                  "err": {},
                  "uuid": "a0e866d8-f136-42be-b5b6-fc3de6d1f477",
                  "parentUUID": "575f3868-1698-432f-bf82-c8c1803ce9a3",
                  "isHook": false,
                  "skipped": false
                },
                {
                  "title": "time/range",
                  "fullTitle": "factors/totp errors time/range",
                  "timedOut": false,
                  "duration": 1,
                  "state": "passed",
                  "speed": "slow",
                  "pass": true,
                  "fail": false,
                  "pending": false,
                  "context": null,
                  "code": "(() => {\n  mfkdf.derive.factors.totp(12345, { time: -1 })\n}).should.throw(RangeError)",
                  "err": {},
                  "uuid": "8c9bde77-bfaf-46fd-8638-9630d023d7c0",
                  "parentUUID": "575f3868-1698-432f-bf82-c8c1803ce9a3",
                  "isHook": false,
                  "skipped": false
                },
                {
                  "title": "id/type",
                  "fullTitle": "factors/totp errors id/type",
                  "timedOut": false,
                  "duration": 0,
                  "state": "passed",
                  "speed": "fast",
                  "pass": true,
                  "fail": false,
                  "pending": false,
                  "context": null,
                  "code": "mfkdf.setup.factors.totp({\n  secret: Buffer.from('hello world'),\n  id: 12345\n}).should.be.rejectedWith(TypeError)",
                  "err": {},
                  "uuid": "d2918e03-3972-48b3-aefc-69ea428487d3",
                  "parentUUID": "575f3868-1698-432f-bf82-c8c1803ce9a3",
                  "isHook": false,
                  "skipped": false
                },
                {
                  "title": "id/range",
                  "fullTitle": "factors/totp errors id/range",
                  "timedOut": false,
                  "duration": 0,
                  "state": "passed",
                  "speed": "fast",
                  "pass": true,
                  "fail": false,
                  "pending": false,
                  "context": null,
                  "code": "mfkdf.setup.factors.totp({\n  secret: Buffer.from('hello world'),\n  id: ''\n}).should.be.rejectedWith(RangeError)",
                  "err": {},
                  "uuid": "cdb4c9a0-94c6-4841-b78e-0e0fb64e5506",
                  "parentUUID": "575f3868-1698-432f-bf82-c8c1803ce9a3",
                  "isHook": false,
                  "skipped": false
                },
                {
                  "title": "digits/type",
                  "fullTitle": "factors/totp errors digits/type",
                  "timedOut": false,
                  "duration": 1,
                  "state": "passed",
                  "speed": "slow",
                  "pass": true,
                  "fail": false,
                  "pending": false,
                  "context": null,
                  "code": "mfkdf.setup.factors.totp({\n  secret: Buffer.from('hello world'),\n  digits: 'hello'\n}).should.be.rejectedWith(TypeError)",
                  "err": {},
                  "uuid": "b726b3b2-504a-4dd3-ae65-1484d10e4a9d",
                  "parentUUID": "575f3868-1698-432f-bf82-c8c1803ce9a3",
                  "isHook": false,
                  "skipped": false
                },
                {
                  "title": "digits/low",
                  "fullTitle": "factors/totp errors digits/low",
                  "timedOut": false,
                  "duration": 0,
                  "state": "passed",
                  "speed": "fast",
                  "pass": true,
                  "fail": false,
                  "pending": false,
                  "context": null,
                  "code": "mfkdf.setup.factors.totp({\n  secret: Buffer.from('hello world'),\n  digits: 4\n}).should.be.rejectedWith(RangeError)",
                  "err": {},
                  "uuid": "60b58414-c18d-4ca9-9557-3993805841e6",
                  "parentUUID": "575f3868-1698-432f-bf82-c8c1803ce9a3",
                  "isHook": false,
                  "skipped": false
                },
                {
                  "title": "digits/high",
                  "fullTitle": "factors/totp errors digits/high",
                  "timedOut": false,
                  "duration": 0,
                  "state": "passed",
                  "speed": "fast",
                  "pass": true,
                  "fail": false,
                  "pending": false,
                  "context": null,
                  "code": "mfkdf.setup.factors.totp({\n  secret: Buffer.from('hello world'),\n  digits: 9\n}).should.be.rejectedWith(RangeError)",
                  "err": {},
                  "uuid": "939d847e-e4be-4ff1-a5b9-36a5b434a285",
                  "parentUUID": "575f3868-1698-432f-bf82-c8c1803ce9a3",
                  "isHook": false,
                  "skipped": false
                },
                {
                  "title": "hash/range",
                  "fullTitle": "factors/totp errors hash/range",
                  "timedOut": false,
                  "duration": 1,
                  "state": "passed",
                  "speed": "slow",
                  "pass": true,
                  "fail": false,
                  "pending": false,
                  "context": null,
                  "code": "await mfkdf.setup.factors.totp({\n  secret: Buffer.from('hello world'),\n  hash: 'sha123'\n}).should.be.rejectedWith(RangeError)",
                  "err": {},
                  "uuid": "c23c33cb-95e8-46bf-832a-b563bef3c8e3",
                  "parentUUID": "575f3868-1698-432f-bf82-c8c1803ce9a3",
                  "isHook": false,
                  "skipped": false
                },
                {
                  "title": "secret/type",
                  "fullTitle": "factors/totp errors secret/type",
                  "timedOut": false,
                  "duration": 0,
                  "state": "passed",
                  "speed": "fast",
                  "pass": true,
                  "fail": false,
                  "pending": false,
                  "context": null,
                  "code": "mfkdf.setup.factors.totp({\n  secret: 'hello'\n}).should.be.rejectedWith(TypeError)",
                  "err": {},
                  "uuid": "d55edd95-092e-43c8-9633-8b5d734998ce",
                  "parentUUID": "575f3868-1698-432f-bf82-c8c1803ce9a3",
                  "isHook": false,
                  "skipped": false
                },
                {
                  "title": "time/type",
                  "fullTitle": "factors/totp errors time/type",
                  "timedOut": false,
                  "duration": 0,
                  "state": "passed",
                  "speed": "fast",
                  "pass": true,
                  "fail": false,
                  "pending": false,
                  "context": null,
                  "code": "mfkdf.setup.factors.totp({\n  time: 'hello'\n}).should.be.rejectedWith(TypeError)",
                  "err": {},
                  "uuid": "9f62dad2-8442-424c-8ecb-744b0e708c84",
                  "parentUUID": "575f3868-1698-432f-bf82-c8c1803ce9a3",
                  "isHook": false,
                  "skipped": false
                },
                {
                  "title": "time/range",
                  "fullTitle": "factors/totp errors time/range",
                  "timedOut": false,
                  "duration": 1,
                  "state": "passed",
                  "speed": "slow",
                  "pass": true,
                  "fail": false,
                  "pending": false,
                  "context": null,
                  "code": "mfkdf.setup.factors.totp({\n  time: -1\n}).should.be.rejectedWith(RangeError)",
                  "err": {},
                  "uuid": "59fc5323-b61c-4c04-ab7c-e3c0fe5db6dc",
                  "parentUUID": "575f3868-1698-432f-bf82-c8c1803ce9a3",
                  "isHook": false,
                  "skipped": false
                },
                {
                  "title": "step/type",
                  "fullTitle": "factors/totp errors step/type",
                  "timedOut": false,
                  "duration": 0,
                  "state": "passed",
                  "speed": "fast",
                  "pass": true,
                  "fail": false,
                  "pending": false,
                  "context": null,
                  "code": "mfkdf.setup.factors.totp({\n  step: 'hello'\n}).should.be.rejectedWith(TypeError)",
                  "err": {},
                  "uuid": "2b05d797-d263-4880-b739-06d3c1779b75",
                  "parentUUID": "575f3868-1698-432f-bf82-c8c1803ce9a3",
                  "isHook": false,
                  "skipped": false
                },
                {
                  "title": "step/range",
                  "fullTitle": "factors/totp errors step/range",
                  "timedOut": false,
                  "duration": 1,
                  "state": "passed",
                  "speed": "slow",
                  "pass": true,
                  "fail": false,
                  "pending": false,
                  "context": null,
                  "code": "mfkdf.setup.factors.totp({\n  step: -1\n}).should.be.rejectedWith(RangeError)",
                  "err": {},
                  "uuid": "0bcda4d1-2804-4d65-922f-55f87d5baed7",
                  "parentUUID": "575f3868-1698-432f-bf82-c8c1803ce9a3",
                  "isHook": false,
                  "skipped": false
                },
                {
                  "title": "window/type",
                  "fullTitle": "factors/totp errors window/type",
                  "timedOut": false,
                  "duration": 0,
                  "state": "passed",
                  "speed": "fast",
                  "pass": true,
                  "fail": false,
                  "pending": false,
                  "context": null,
                  "code": "mfkdf.setup.factors.totp({\n  window: 'hello'\n}).should.be.rejectedWith(TypeError)",
                  "err": {},
                  "uuid": "8e3c4103-f27d-40c0-8869-5d154bbbb8eb",
                  "parentUUID": "575f3868-1698-432f-bf82-c8c1803ce9a3",
                  "isHook": false,
                  "skipped": false
                },
                {
                  "title": "window/range",
                  "fullTitle": "factors/totp errors window/range",
                  "timedOut": false,
                  "duration": 1,
                  "state": "passed",
                  "speed": "slow",
                  "pass": true,
                  "fail": false,
                  "pending": false,
                  "context": null,
                  "code": "mfkdf.setup.factors.totp({\n  window: -1\n}).should.be.rejectedWith(RangeError)",
                  "err": {},
                  "uuid": "a0417fe1-b5ac-4d67-bb5e-bca07777cbb3",
                  "parentUUID": "575f3868-1698-432f-bf82-c8c1803ce9a3",
                  "isHook": false,
                  "skipped": false
                }
              ],
              "suites": [],
              "passes": [
                "3dc6b3e7-fa4e-41f6-8b26-1915a7e11364",
                "c70e23f9-cba2-43eb-80c3-5a1efce70fdf",
                "a0e866d8-f136-42be-b5b6-fc3de6d1f477",
                "8c9bde77-bfaf-46fd-8638-9630d023d7c0",
                "d2918e03-3972-48b3-aefc-69ea428487d3",
                "cdb4c9a0-94c6-4841-b78e-0e0fb64e5506",
                "b726b3b2-504a-4dd3-ae65-1484d10e4a9d",
                "60b58414-c18d-4ca9-9557-3993805841e6",
                "939d847e-e4be-4ff1-a5b9-36a5b434a285",
                "c23c33cb-95e8-46bf-832a-b563bef3c8e3",
                "d55edd95-092e-43c8-9633-8b5d734998ce",
                "9f62dad2-8442-424c-8ecb-744b0e708c84",
                "59fc5323-b61c-4c04-ab7c-e3c0fe5db6dc",
                "2b05d797-d263-4880-b739-06d3c1779b75",
                "0bcda4d1-2804-4d65-922f-55f87d5baed7",
                "8e3c4103-f27d-40c0-8869-5d154bbbb8eb",
                "a0417fe1-b5ac-4d67-bb5e-bca07777cbb3"
              ],
              "failures": [],
              "pending": [],
              "skipped": [],
              "duration": 437,
              "root": false,
              "rootEmpty": false,
              "_timeout": 5000
            }
          ],
          "passes": [
            "a8092a48-8818-4352-86bb-a4ab8e1d21ad",
            "1d1e7639-7826-43d5-b5e4-05903f947d33",
            "4409811a-8b4a-492d-807a-b76702d65ce3"
          ],
          "failures": [],
          "pending": [],
          "skipped": [],
          "duration": 2277,
          "root": false,
          "rootEmpty": false,
          "_timeout": 5000
        },
        {
          "uuid": "1a1c8805-3890-4ba5-bea7-d1e0df27bb2d",
          "title": "factors/uuid",
          "fullFile": "C:\\xampp\\htdocs\\Multifactor\\MFKDF\\test\\factors\\uuid.js",
          "file": "\\test\\factors\\uuid.js",
          "beforeHooks": [],
          "afterHooks": [],
          "tests": [
            {
              "title": "valid",
              "fullTitle": "factors/uuid valid",
              "timedOut": false,
[...]
                  "err": {},
                  "uuid": "aadcf443-3691-4279-8da7-8fb3ef48d6c5",
                  "parentUUID": "d4f5304d-2452-4f77-a669-6e8d1980c1ab",
                  "isHook": false,
                  "skipped": false
                },
                {
                  "title": "invalid/range",
                  "fullTitle": "setup/key id invalid/range",
                  "timedOut": false,
                  "duration": 0,
                  "state": "passed",
                  "speed": "fast",
                  "pass": true,
                  "fail": false,
                  "pending": false,
                  "context": null,
                  "code": "mfkdf.setup.key([\n  await mfkdf.setup.factors.password('hello')\n], { id: '' }).should.be.rejectedWith(RangeError)",
                  "err": {},
                  "uuid": "4f57509b-ccc2-459e-815f-62f5444a9026",
                  "parentUUID": "d4f5304d-2452-4f77-a669-6e8d1980c1ab",
                  "isHook": false,
                  "skipped": false
                }
              ],
              "suites": [],
              "passes": [
                "48e457b8-0b02-48ed-8444-a4d55a7c0825",
                "8c072502-006c-429d-9457-6e5609eea106",
                "aadcf443-3691-4279-8da7-8fb3ef48d6c5",
                "4f57509b-ccc2-459e-815f-62f5444a9026"
              ],
              "failures": [],
              "pending": [],
              "skipped": [],
              "duration": 206,
              "root": false,
              "rootEmpty": false,
              "_timeout": 5000
            },
            {
              "uuid": "fb714bda-91e4-4a5a-a026-1b143d070e1e",
              "title": "size",
              "fullFile": "C:\\xampp\\htdocs\\Multifactor\\MFKDF\\test\\setup\\key.js",
              "file": "\\test\\setup\\key.js",
              "beforeHooks": [],
              "afterHooks": [],
              "tests": [
                {
                  "title": "default",
                  "fullTitle": "setup/key size default",
                  "timedOut": false,
                  "duration": 104,
                  "state": "passed",
                  "speed": "slow",
                  "pass": true,
                  "fail": false,
                  "pending": false,
                  "context": null,
                  "code": "const { policy } = await mfkdf.setup.key([\n  await mfkdf.setup.factors.password('hello')\n])\npolicy.size.should.equal(32)",
                  "err": {},
                  "uuid": "5f0d0789-af65-4ad5-b47c-c74860664a8f",
                  "parentUUID": "fb714bda-91e4-4a5a-a026-1b143d070e1e",
                  "isHook": false,
                  "skipped": false
                },
                {
                  "title": "valid",
                  "fullTitle": "setup/key size valid",
                  "timedOut": false,
                  "duration": 105,
                  "state": "passed",
                  "speed": "slow",
                  "pass": true,
                  "fail": false,
                  "pending": false,
                  "context": null,
                  "code": "const { policy } = await mfkdf.setup.key([\n  await mfkdf.setup.factors.password('hello')\n], { size: 64 })\npolicy.size.should.equal(64)",
                  "err": {},
                  "uuid": "5a595558-442b-4361-aeb1-cc1c90c66965",
                  "parentUUID": "fb714bda-91e4-4a5a-a026-1b143d070e1e",
                  "isHook": false,
                  "skipped": false
                },
                {
                  "title": "invalid/type",
                  "fullTitle": "setup/key size invalid/type",
                  "timedOut": false,
                  "duration": 0,
                  "state": "passed",
                  "speed": "fast",
                  "pass": true,
                  "fail": false,
                  "pending": false,
                  "context": null,
                  "code": "mfkdf.setup.key([\n  await mfkdf.setup.factors.password('hello')\n], { size: 'hello' }).should.be.rejectedWith(TypeError)",
                  "err": {},
                  "uuid": "0f825e6e-0ec5-4ad0-a45b-e26b9bcbe418",
                  "parentUUID": "fb714bda-91e4-4a5a-a026-1b143d070e1e",
                  "isHook": false,
                  "skipped": false
                },
                {
                  "title": "invalid/range",
                  "fullTitle": "setup/key size invalid/range",
                  "timedOut": false,
                  "duration": 0,
                  "state": "passed",
                  "speed": "fast",
                  "pass": true,
                  "fail": false,
                  "pending": false,
                  "context": null,
                  "code": "mfkdf.setup.key([\n  await mfkdf.setup.factors.password('hello')\n], { size: 0 }).should.be.rejectedWith(RangeError)",
                  "err": {},
                  "uuid": "76b68eb4-eb78-4ef5-9dbd-d403919a17c6",
                  "parentUUID": "fb714bda-91e4-4a5a-a026-1b143d070e1e",
                  "isHook": false,
                  "skipped": false
                }
              ],
              "suites": [],
              "passes": [
                "5f0d0789-af65-4ad5-b47c-c74860664a8f",
                "5a595558-442b-4361-aeb1-cc1c90c66965",
                "0f825e6e-0ec5-4ad0-a45b-e26b9bcbe418",
                "76b68eb4-eb78-4ef5-9dbd-d403919a17c6"
              ],
              "failures": [],
              "pending": [],
              "skipped": [],
              "duration": 209,
              "root": false,
              "rootEmpty": false,
              "_timeout": 5000
            },
            {
              "uuid": "486181d6-f90a-498c-a539-b83c5ab0aec6",
              "title": "threshold",
              "fullFile": "C:\\xampp\\htdocs\\Multifactor\\MFKDF\\test\\setup\\key.js",
              "file": "\\test\\setup\\key.js",
              "beforeHooks": [],
              "afterHooks": [],
              "tests": [
                {
                  "title": "default",
                  "fullTitle": "setup/key threshold default",
                  "timedOut": false,
                  "duration": 106,
                  "state": "passed",
                  "speed": "slow",
                  "pass": true,
                  "fail": false,
                  "pending": false,
                  "context": null,
                  "code": "const { policy } = await mfkdf.setup.key([\n  await mfkdf.setup.factors.password('hello', { id: 'password1' }),\n  await mfkdf.setup.factors.password('hello', { id: 'password2' })\n])\npolicy.threshold.should.equal(2)",
                  "err": {},
                  "uuid": "19c83c2c-3b76-4127-8218-602b0bae3145",
                  "parentUUID": "486181d6-f90a-498c-a539-b83c5ab0aec6",
                  "isHook": false,
                  "skipped": false
                },
                {
                  "title": "valid",
                  "fullTitle": "setup/key threshold valid",
                  "timedOut": false,
                  "duration": 106,
                  "state": "passed",
                  "speed": "slow",
                  "pass": true,
                  "fail": false,
                  "pending": false,
                  "context": null,
                  "code": "const { policy } = await mfkdf.setup.key([\n  await mfkdf.setup.factors.password('hello', { id: 'password1' }),\n  await mfkdf.setup.factors.password('hello', { id: 'password2' })\n], { threshold: 1 })\npolicy.threshold.should.equal(1)",
                  "err": {},
                  "uuid": "d7a4e4db-8c41-445a-a9a6-01d7a0c035b6",
                  "parentUUID": "486181d6-f90a-498c-a539-b83c5ab0aec6",
                  "isHook": false,
                  "skipped": false
                },
                {
                  "title": "invalid/type",
                  "fullTitle": "setup/key threshold invalid/type",
                  "timedOut": false,
                  "duration": 0,
                  "state": "passed",
                  "speed": "fast",
                  "pass": true,
                  "fail": false,
                  "pending": false,
                  "context": null,
                  "code": "mfkdf.setup.key([\n  await mfkdf.setup.factors.password('hello')\n], { threshold: 'hello' }).should.be.rejectedWith(TypeError)",
                  "err": {},
                  "uuid": "5a84b9de-b3b6-4700-a057-abe82dc8a148",
                  "parentUUID": "486181d6-f90a-498c-a539-b83c5ab0aec6",
                  "isHook": false,
                  "skipped": false
                },
                {
                  "title": "invalid/range",
                  "fullTitle": "setup/key threshold invalid/range",
                  "timedOut": false,
                  "duration": 0,
                  "state": "passed",
                  "speed": "fast",
                  "pass": true,
                  "fail": false,
                  "pending": false,
                  "context": null,
                  "code": "mfkdf.setup.key([\n  await mfkdf.setup.factors.password('hello')\n], { threshold: 0 }).should.be.rejectedWith(RangeError)\nmfkdf.setup.key([\n  await mfkdf.setup.factors.password('hello')\n], { threshold: 2 }).should.be.rejectedWith(RangeError)",
                  "err": {},
                  "uuid": "8a43266f-3eb4-47ea-b410-2c5a9cc1231d",
                  "parentUUID": "486181d6-f90a-498c-a539-b83c5ab0aec6",
                  "isHook": false,
                  "skipped": false
                }
              ],
              "suites": [],
              "passes": [
                "19c83c2c-3b76-4127-8218-602b0bae3145",
                "d7a4e4db-8c41-445a-a9a6-01d7a0c035b6",
                "5a84b9de-b3b6-4700-a057-abe82dc8a148",
                "8a43266f-3eb4-47ea-b410-2c5a9cc1231d"
              ],
              "failures": [],
              "pending": [],
              "skipped": [],
              "duration": 212,
              "root": false,
              "rootEmpty": false,
              "_timeout": 5000
            },
            {
              "uuid": "63d9cbba-5b5c-4c65-81ad-e99ef79bae74",
              "title": "salt",
              "fullFile": "C:\\xampp\\htdocs\\Multifactor\\MFKDF\\test\\setup\\key.js",
              "file": "\\test\\setup\\key.js",
              "beforeHooks": [],
              "afterHooks": [],
              "tests": [
                {
                  "title": "default",
                  "fullTitle": "setup/key salt default",
                  "timedOut": false,
                  "duration": 106,
                  "state": "passed",
                  "speed": "slow",
                  "pass": true,
                  "fail": false,
                  "pending": false,
                  "context": null,
                  "code": "const { policy } = await mfkdf.setup.key([\n  await mfkdf.setup.factors.password('hello')\n], { size: 48 })\nconst salt = Buffer.from(policy.salt, 'base64')\nsalt.length.should.equal(48)",
                  "err": {},
                  "uuid": "07629b89-6a33-4434-9a90-171036819758",
                  "parentUUID": "63d9cbba-5b5c-4c65-81ad-e99ef79bae74",
                  "isHook": false,
                  "skipped": false
                },
                {
                  "title": "valid",
                  "fullTitle": "setup/key salt valid",
                  "timedOut": false,
                  "duration": 103,
                  "state": "passed",
                  "speed": "slow",
                  "pass": true,
                  "fail": false,
                  "pending": false,
                  "context": null,
                  "code": "const { policy } = await mfkdf.setup.key([\n  await mfkdf.setup.factors.password('hello')\n], { salt: Buffer.from('12345678', 'base64') })\npolicy.salt.should.equal('12345678')",
                  "err": {},
                  "uuid": "1e0d385a-5616-4e67-ad95-86c76683b84b",
                  "parentUUID": "63d9cbba-5b5c-4c65-81ad-e99ef79bae74",
                  "isHook": false,
                  "skipped": false
                },
                {
                  "title": "invalid/type",
                  "fullTitle": "setup/key salt invalid/type",
                  "timedOut": false,
                  "duration": 1,
                  "state": "passed",
                  "speed": "slow",
                  "pass": true,
                  "fail": false,
                  "pending": false,
                  "context": null,
                  "code": "mfkdf.setup.key([\n  await mfkdf.setup.factors.password('hello')\n], { salt: 'hello' }).should.be.rejectedWith(TypeError)",
                  "err": {},
                  "uuid": "f8c2e16e-b6c9-4eca-986b-13b0b9c5ffa4",
                  "parentUUID": "63d9cbba-5b5c-4c65-81ad-e99ef79bae74",
                  "isHook": false,
                  "skipped": false
                }
              ],
              "suites": [],
              "passes": [
                "07629b89-6a33-4434-9a90-171036819758",
                "1e0d385a-5616-4e67-ad95-86c76683b84b",
                "f8c2e16e-b6c9-4eca-986b-13b0b9c5ffa4"
              ],
              "failures": [],
              "pending": [],
              "skipped": [],
              "duration": 210,
              "root": false,
              "rootEmpty": false,
              "_timeout": 5000
            },
            {
              "uuid": "8aed2c6a-b108-48f8-84bd-8833701046e4",
              "title": "factors",
              "fullFile": "C:\\xampp\\htdocs\\Multifactor\\MFKDF\\test\\setup\\key.js",
              "file": "\\test\\setup\\key.js",
              "beforeHooks": [],
              "afterHooks": [],
              "tests": [
                {
                  "title": "valid",
                  "fullTitle": "setup/key factors valid",
                  "timedOut": false,
                  "duration": 105,
                  "state": "passed",
                  "speed": "slow",
                  "pass": true,
                  "fail": false,
                  "pending": false,
                  "context": null,
                  "code": "await mfkdf.setup.key([\n  {\n    type: 'password',\n    id: 'password',\n    data: Buffer.from('password', 'utf-8'),\n    params: async () => {\n      return {}\n    },\n    output: async () => {\n      return {}\n    }\n  }\n])",
                  "err": {},
                  "uuid": "c22566ef-1eb5-4121-95cc-57f0ff577fd2",
                  "parentUUID": "8aed2c6a-b108-48f8-84bd-8833701046e4",
                  "isHook": false,
                  "skipped": false
                },
                {
                  "title": "id",
                  "fullTitle": "setup/key factors id",
                  "timedOut": false,
                  "duration": 0,
                  "state": "passed",
                  "speed": "fast",
                  "pass": true,
                  "fail": false,
                  "pending": false,
                  "context": null,
                  "code": "mfkdf.setup.key([\n  await mfkdf.setup.factors.password('hello', { id: 'password1' }),\n  await mfkdf.setup.factors.password('hello', { id: 'password1' })\n]).should.be.rejectedWith(RangeError)",
                  "err": {},
                  "uuid": "296c5b3c-6fd4-450c-9b69-2df9bf3e852c",
                  "parentUUID": "8aed2c6a-b108-48f8-84bd-8833701046e4",
                  "isHook": false,
                  "skipped": false
                },
                {
                  "title": "invalid/type",
                  "fullTitle": "setup/key factors invalid/type",
                  "timedOut": false,
                  "duration": 0,
                  "state": "passed",
                  "speed": "fast",
                  "pass": true,
                  "fail": false,
                  "pending": false,
                  "context": null,
                  "code": "mfkdf.setup.key('hello').should.be.rejectedWith(TypeError)\nmfkdf.setup.key([\n  {\n    type: 12345,\n    id: 'password',\n    data: Buffer.from('password', 'utf-8'),\n    params: async () => {\n      return {}\n    }\n  }\n]).should.be.rejectedWith(TypeError)\nmfkdf.setup.key([\n  {\n    type: 'password',\n    id: 12345,\n    data: Buffer.from('password', 'utf-8'),\n    params: async () => {\n      return {}\n    }\n  }\n]).should.be.rejectedWith(TypeError)\nmfkdf.setup.key([\n  {\n    type: 'password',\n    id: 'password',\n    data: 12345,\n    params: async () => {\n      return {}\n    }\n  }\n]).should.be.rejectedWith(TypeError)\nmfkdf.setup.key([\n  {\n    type: 'password',\n    id: 'password',\n    data: Buffer.from('password', 'utf-8'),\n    params: 12345\n  }\n]).should.be.rejectedWith(TypeError)",
                  "err": {},
                  "uuid": "d2b00422-9f84-4732-a4fb-4c88f032a70a",
                  "parentUUID": "8aed2c6a-b108-48f8-84bd-8833701046e4",
                  "isHook": false,
                  "skipped": false
                },
                {
                  "title": "invalid/range",
                  "fullTitle": "setup/key factors invalid/range",
                  "timedOut": false,
                  "duration": 1,
                  "state": "passed",
                  "speed": "slow",
                  "pass": true,
                  "fail": false,
                  "pending": false,
                  "context": null,
                  "code": "mfkdf.setup.key([\n]).should.be.rejectedWith(RangeError)\nmfkdf.setup.key([\n  {\n    type: '',\n    id: 'password',\n    data: Buffer.from('password', 'utf-8'),\n    params: async () => {\n      return {}\n    }\n  }\n]).should.be.rejectedWith(RangeError)\nmfkdf.setup.key([\n  {\n    type: 'password',\n    id: '',\n    data: Buffer.from('password', 'utf-8'),\n    params: async () => {\n      return {}\n    }\n  }\n]).should.be.rejectedWith(RangeError)\nmfkdf.setup.key([\n  {\n    type: 'password',\n    id: 'password',\n    data: Buffer.from('', 'utf-8'),\n    params: async () => {\n      return {}\n    }\n  }\n]).should.be.rejectedWith(RangeError)",
                  "err": {},
                  "uuid": "8f1d0c5b-626d-4dd4-8105-161979da7f45",
                  "parentUUID": "8aed2c6a-b108-48f8-84bd-8833701046e4",
                  "isHook": false,
                  "skipped": false
                }
              ],
              "suites": [],
              "passes": [
                "c22566ef-1eb5-4121-95cc-57f0ff577fd2",
                "296c5b3c-6fd4-450c-9b69-2df9bf3e852c",
                "d2b00422-9f84-4732-a4fb-4c88f032a70a",
                "8f1d0c5b-626d-4dd4-8105-161979da7f45"
              ],
              "failures": [],
              "pending": [],
              "skipped": [],
              "duration": 106,
              "root": false,
              "rootEmpty": false,
              "_timeout": 5000
            }
          ],
          "passes": [
            "5b9b6793-1397-4eec-b710-8a61d7dd182c"
          ],
          "failures": [],
          "pending": [],
          "skipped": [],
          "duration": 110,
          "root": false,
          "rootEmpty": false,
          "_timeout": 5000
        }
      ],
      "passes": [],
      "failures": [],
      "pending": [],
      "skipped": [],
      "duration": 0,
      "root": true,
      "rootEmpty": true,
      "_timeout": 5000
    }
  ],
  "meta": {
    "mocha": {
      "version": "9.2.2"
    },
    "mochawesome": {
      "options": {
        "quiet": false,
        "reportFilename": "mochawesome",
        "saveHtml": true,
        "saveJson": true,
        "consoleReporter": "spec",
        "useInlineDiffs": false,
        "code": true
      },
      "version": "7.1.3"
    },
    "marge": {
      "options": {
        "reportDir": "./site/tests"
      },
      "version": "6.2.0"
    }
  }
}