{
  "stats": {
    "suites": 52,
    "tests": 205,
    "passes": 205,
    "pending": 0,
    "failures": 0,
    "start": "2025-09-08T00:44:34.045Z",
    "end": "2025-09-08T00:44:38.477Z",
    "duration": 4432,
    "testsRegistered": 205,
    "passPercent": 100,
    "pendingPercent": 0,
    "other": 0,
    "hasOther": false,
    "skipped": 0,
    "hasSkipped": false
  },
  "results": [
    {
      "uuid": "bd090282-4093-429b-afbb-ad4da3320663",
      "title": "",
      "fullFile": "",
      "file": "",
      "beforeHooks": [],
      "afterHooks": [],
      "tests": [],
      "suites": [
        {
          "uuid": "def663e1-7494-480a-8df2-4912da89f01c",
          "title": "encrypt",
          "fullFile": "C:\\Users\\Vivek\\Projects\\mfkdf\\test\\crypto\\symmetric.js",
          "file": "\\test\\crypto\\symmetric.js",
          "beforeHooks": [],
          "afterHooks": [],
          "tests": [],
          "suites": [
            {
              "uuid": "03c9fcbf-d8d4-445a-8abd-17bb41923090",
              "title": "utils",
              "fullFile": "C:\\Users\\Vivek\\Projects\\mfkdf\\test\\crypto\\symmetric.js",
              "file": "\\test\\crypto\\symmetric.js",
              "beforeHooks": [],
              "afterHooks": [],
              "tests": [
                {
                  "title": "subkey",
                  "fullTitle": "encrypt utils subkey",
                  "timedOut": false,
                  "duration": 4,
                  "state": "passed",
                  "speed": "slow",
                  "pass": true,
                  "fail": false,
                  "pending": false,
                  "context": null,
                  "code": "const setup = await mfkdf.setup.key([\n  await mfkdf.setup.factors.uuid({\n    id: 'uuid1',\n    uuid: '9b1deb4d-3b7d-4bad-9bdd-2b0d7b3dcb6d'\n  })\n])\nconst key3 = await setup.getSubkey()\nconst key4 = await setup.getSubkey()\nkey3.toString('hex').should.equal(key4.toString('hex'))",
                  "err": {},
                  "uuid": "3ba0c62a-fc59-4296-958c-85c86b39894c",
                  "parentUUID": "03c9fcbf-d8d4-445a-8abd-17bb41923090",
                  "isHook": false,
                  "skipped": false
                }
              ],
              "suites": [],
              "passes": [
                "3ba0c62a-fc59-4296-958c-85c86b39894c"
              ],
              "failures": [],
              "pending": [],
              "skipped": [],
              "duration": 4,
              "root": false,
              "rootEmpty": false,
              "_timeout": 5000
            }
          ],
          "passes": [],
          "failures": [],
          "pending": [],
          "skipped": [],
          "duration": 0,
          "root": false,
          "rootEmpty": false,
          "_timeout": 5000
        },
        {
          "uuid": "cec96b58-76d1-46e9-9903-7cd37422c830",
          "title": "derive/factors/password",
          "fullFile": "C:\\Users\\Vivek\\Projects\\mfkdf\\test\\derive\\factors\\password.js",
          "file": "\\test\\derive\\factors\\password.js",
          "beforeHooks": [],
          "afterHooks": [],
          "tests": [
            {
              "title": "invalid/type",
              "fullTitle": "derive/factors/password invalid/type",
              "timedOut": false,
              "duration": 1,
              "state": "passed",
              "speed": "slow",
              "pass": true,
              "fail": false,
              "pending": false,
              "context": null,
              "code": "(() => {\n  mfkdf.derive.factors.password(12345)\n}).should.throw(TypeError)",
              "err": {},
              "uuid": "6339d2c6-22cb-4b6a-9424-0f3f5ce42262",
              "parentUUID": "cec96b58-76d1-46e9-9903-7cd37422c830",
              "isHook": false,
              "skipped": false
            },
            {
              "title": "invalid/range",
              "fullTitle": "derive/factors/password invalid/range",
              "timedOut": false,
              "duration": 0,
              "state": "passed",
              "speed": "fast",
              "pass": true,
              "fail": false,
              "pending": false,
              "context": null,
              "code": "(() => {\n  mfkdf.derive.factors.password('')\n}).should.throw(RangeError)",
              "err": {},
              "uuid": "75318f6d-103c-48d3-b715-fbdb231a202c",
              "parentUUID": "cec96b58-76d1-46e9-9903-7cd37422c830",
              "isHook": false,
              "skipped": false
            }
          ],
          "suites": [],
          "passes": [
            "6339d2c6-22cb-4b6a-9424-0f3f5ce42262",
            "75318f6d-103c-48d3-b715-fbdb231a202c"
          ],
          "failures": [],
          "pending": [],
          "skipped": [],
          "duration": 1,
          "root": false,
          "rootEmpty": false,
          "_timeout": 5000
        },
        {
          "uuid": "20162058-b698-488f-9c27-ddf0625e5365",
          "title": "derive/factors/uuid",
          "fullFile": "C:\\Users\\Vivek\\Projects\\mfkdf\\test\\derive\\factors\\uuid.js",
          "file": "\\test\\derive\\factors\\uuid.js",
          "beforeHooks": [],
          "afterHooks": [],
          "tests": [
            {
              "title": "invalid/type",
              "fullTitle": "derive/factors/uuid invalid/type",
              "timedOut": false,
              "duration": 1,
              "state": "passed",
              "speed": "slow",
              "pass": true,
              "fail": false,
              "pending": false,
              "context": null,
              "code": "(() => {\n  mfkdf.derive.factors.uuid(12345)\n}).should.throw(TypeError)",
              "err": {},
              "uuid": "0380d3ed-0874-47c9-ba7f-9f37a84795e9",
              "parentUUID": "20162058-b698-488f-9c27-ddf0625e5365",
              "isHook": false,
              "skipped": false
            },
            {
              "title": "invalid/range",
              "fullTitle": "derive/factors/uuid invalid/range",
              "timedOut": false,
              "duration": 0,
              "state": "passed",
              "speed": "fast",
              "pass": true,
              "fail": false,
              "pending": false,
              "context": null,
              "code": "(() => {\n  mfkdf.derive.factors.uuid('')\n}).should.throw(TypeError)",
              "err": {},
              "uuid": "1885d4fc-f940-433a-bc54-299e95c6903f",
              "parentUUID": "20162058-b698-488f-9c27-ddf0625e5365",
              "isHook": false,
              "skipped": false
            }
          ],
          "suites": [],
          "passes": [
            "0380d3ed-0874-47c9-ba7f-9f37a84795e9",
            "1885d4fc-f940-433a-bc54-299e95c6903f"
          ],
          "failures": [],
          "pending": [],
          "skipped": [],
          "duration": 1,
          "root": false,
          "rootEmpty": false,
          "_timeout": 5000
        },
        {
          "uuid": "d39d6fae-e273-4682-9c77-e7ae534d15ae",
          "title": "derive/key",
          "fullFile": "C:\\Users\\Vivek\\Projects\\mfkdf\\test\\derive\\key.js",
          "file": "\\test\\derive\\key.js",
          "beforeHooks": [],
          "afterHooks": [],
          "tests": [
            {
              "title": "hkdf",
              "fullTitle": "derive/key hkdf",
              "timedOut": false,
              "duration": 18,
              "state": "passed",
              "speed": "slow",
              "pass": true,
              "fail": false,
              "pending": false,
              "context": null,
              "code": "const setup = await mfkdf.setup.key([\n  await mfkdf.setup.factors.password('password1', { id: 'password1' })\n], { kdf: 'hkdf' })\nconst derive = await mfkdf.derive.key(setup.policy, {\n  password1: mfkdf.derive.factors.password('password1')\n})\nderive.key.toString('hex').should.equal(setup.key.toString('hex'))",
              "err": {},
              "uuid": "123b893c-1c54-4612-a947-cc5563e57f92",
              "parentUUID": "d39d6fae-e273-4682-9c77-e7ae534d15ae",
              "isHook": false,
              "skipped": false
            },
            {
              "title": "correct",
              "fullTitle": "derive/key correct",
              "timedOut": false,
              "duration": 25,
              "state": "passed",
              "speed": "slow",
              "pass": true,
              "fail": false,
              "pending": false,
              "context": null,
              "code": "const setup = await mfkdf.setup.key([\n  await mfkdf.setup.factors.password('password1', { id: 'password1' }),\n  await mfkdf.setup.factors.password('password2', { id: 'password2' }),\n  await mfkdf.setup.factors.password('password3', { id: 'password3' })\n], { threshold: 2 })\nconst derive1 = await mfkdf.derive.key(setup.policy, {\n  password1: mfkdf.derive.factors.password('password1'),\n  password2: mfkdf.derive.factors.password('password2')\n})\nconst derive2 = await mfkdf.derive.key(setup.policy, {\n  password2: mfkdf.derive.factors.password('password2'),\n  password3: mfkdf.derive.factors.password('password3')\n})\nconst derive3 = await mfkdf.derive.key(setup.policy, {\n  password1: mfkdf.derive.factors.password('password1'),\n  password3: mfkdf.derive.factors.password('password3')\n})\nconst derive4 = await mfkdf.derive.key(setup.policy, {\n  password1: mfkdf.derive.factors.password('password1'),\n  password2: mfkdf.derive.factors.password('password2'),\n  password3: mfkdf.derive.factors.password('password3')\n})\nsetup.key.toString('hex').should.equal(derive1.key.toString('hex'))\nsetup.key.toString('hex').should.equal(derive2.key.toString('hex'))\nsetup.key.toString('hex').should.equal(derive3.key.toString('hex'))\nsetup.key.toString('hex').should.equal(derive4.key.toString('hex'))\nJSON.stringify(setup.policy).should.equal(JSON.stringify(derive1.policy))\nJSON.stringify(setup.policy).should.equal(JSON.stringify(derive2.policy))\nJSON.stringify(setup.policy).should.equal(JSON.stringify(derive3.policy))\nJSON.stringify(setup.policy).should.equal(JSON.stringify(derive4.policy))",
              "err": {},
              "uuid": "818a0f1d-24a8-4b1f-b06e-1de31443bcd7",
              "parentUUID": "d39d6fae-e273-4682-9c77-e7ae534d15ae",
              "isHook": false,
              "skipped": false
            },
            {
              "title": "incorrect",
              "fullTitle": "derive/key incorrect",
              "timedOut": false,
              "duration": 20,
              "state": "passed",
              "speed": "slow",
              "pass": true,
              "fail": false,
              "pending": false,
              "context": null,
              "code": "const setup = await mfkdf.setup.key([\n  await mfkdf.setup.factors.password('password1', { id: 'password1' }),\n  await mfkdf.setup.factors.password('password2', { id: 'password2' }),\n  await mfkdf.setup.factors.password('password3', { id: 'password3' })\n], { threshold: 2 })\nconst derive1 = await mfkdf.derive.key(setup.policy, {\n  password1: mfkdf.derive.factors.password('password1'),\n  password2: mfkdf.derive.factors.password('wrongpassword2')\n})\nconst derive2 = await mfkdf.derive.key(setup.policy, {\n  password2: mfkdf.derive.factors.password('wrongpassword2'),\n  password3: mfkdf.derive.factors.password('wrongpassword3')\n})\nconst derive3 = await mfkdf.derive.key(setup.policy, {\n  password1: mfkdf.derive.factors.password('password1'),\n  password3: mfkdf.derive.factors.password('password2')\n})\nconst derive4 = await mfkdf.derive.key(setup.policy, {\n  password1: mfkdf.derive.factors.password('password1'),\n  password2: mfkdf.derive.factors.password('password2'),\n  password3: mfkdf.derive.factors.password('password4')\n})\nsetup.key.toString('hex').should.not.equal(derive1.key.toString('hex'))\nsetup.key.toString('hex').should.not.equal(derive2.key.toString('hex'))\nsetup.key.toString('hex').should.not.equal(derive3.key.toString('hex'))\nsetup.key.toString('hex').should.not.equal(derive4.key.toString('hex'))",
              "err": {},
              "uuid": "89b75704-f267-45f2-862b-d708d15eae99",
              "parentUUID": "d39d6fae-e273-4682-9c77-e7ae534d15ae",
              "isHook": false,
              "skipped": false
            },
            {
              "title": "mismatch",
              "fullTitle": "derive/key mismatch",
              "timedOut": false,
              "duration": 4,
              "state": "passed",
              "speed": "slow",
              "pass": true,
              "fail": false,
              "pending": false,
              "context": null,
              "code": "const setup = await mfkdf.setup.key([\n  await mfkdf.setup.factors.password('password', { id: 'password' })\n])\nmfkdf.derive.key(setup.policy, {\n  password: mfkdf.derive.factors.uuid('9b1deb4d-3b7d-4bad-9bdd-2b0d7b3dcb6d')\n}).should.be.rejectedWith(TypeError)",
              "err": {},
              "uuid": "f0a2e305-cb85-4120-8585-41ac4e2c116c",
              "parentUUID": "d39d6fae-e273-4682-9c77-e7ae534d15ae",
              "isHook": false,
              "skipped": false
            }
          ],
          "suites": [
            {
              "uuid": "7de97413-a04f-4662-8a16-2ad216af3627",
              "title": "shares",
              "fullFile": "C:\\Users\\Vivek\\Projects\\mfkdf\\test\\derive\\key.js",
              "file": "\\test\\derive\\key.js",
              "beforeHooks": [],
              "afterHooks": [],
              "tests": [
                {
                  "title": "valid",
                  "fullTitle": "derive/key shares valid",
                  "timedOut": false,
                  "duration": 13,
                  "state": "passed",
                  "speed": "slow",
                  "pass": true,
                  "fail": false,
                  "pending": false,
                  "context": null,
                  "code": "const setup = await mfkdf.setup.key([\n  await mfkdf.setup.factors.password('password1', { id: 'password1' }),\n  await mfkdf.setup.factors.password('password2', { id: 'password2' }),\n  await mfkdf.setup.factors.password('password3', { id: 'password3' })\n], { threshold: 2 })\nconst derive1 = await mfkdf.derive.key(setup.policy, {\n  password1: mfkdf.derive.factors.password('password1'),\n  password2: mfkdf.derive.factors.password('password2')\n})\nconst derive2 = await mfkdf.derive.key(derive1.policy, {\n  password2: mfkdf.derive.factors.password('password2'),\n  password3: mfkdf.derive.factors.password('password3')\n})\nconst derive3 = await mfkdf.derive.key(derive2.policy, {\n  password1: mfkdf.derive.factors.password('password1'),\n  password3: mfkdf.derive.factors.password('password3')\n})\nderive1.shares.should.deep.equal(setup.shares)\nderive2.shares.should.deep.equal(setup.shares)\nderive3.shares.should.deep.equal(setup.shares)",
                  "err": {},
                  "uuid": "dd97160a-d464-413a-9bcc-6232cdb1ed3e",
                  "parentUUID": "7de97413-a04f-4662-8a16-2ad216af3627",
                  "isHook": false,
                  "skipped": false
                }
              ],
              "suites": [],
              "passes": [
                "dd97160a-d464-413a-9bcc-6232cdb1ed3e"
              ],
              "failures": [],
              "pending": [],
              "skipped": [],
              "duration": 13,
              "root": false,
              "rootEmpty": false,
              "_timeout": 5000
            },
            {
              "uuid": "625ce55d-baf9-47a7-b995-0982ec754b72",
              "title": "invalid",
              "fullFile": "C:\\Users\\Vivek\\Projects\\mfkdf\\test\\derive\\key.js",
              "file": "\\test\\derive\\key.js",
              "beforeHooks": [],
              "afterHooks": [],
              "tests": [
                {
                  "title": "schema",
                  "fullTitle": "derive/key invalid schema",
                  "timedOut": false,
                  "duration": 6,
                  "state": "passed",
                  "speed": "slow",
                  "pass": true,
                  "fail": false,
                  "pending": false,
                  "context": null,
                  "code": "const setup = await mfkdf.setup.key([\n  await mfkdf.setup.factors.password('password1', { id: 'password1' })\n])\ndelete setup.policy.$id\nmfkdf.derive.key(setup.policy, {\n  password1: mfkdf.derive.factors.password('password1')\n}).should.be.rejectedWith(TypeError)",
                  "err": {},
                  "uuid": "2c7a8e34-126b-496f-b8a8-fa0e3b2ca516",
                  "parentUUID": "625ce55d-baf9-47a7-b995-0982ec754b72",
                  "isHook": false,
                  "skipped": false
                },
                {
                  "title": "factors",
                  "fullTitle": "derive/key invalid factors",
                  "timedOut": false,
                  "duration": 5,
                  "state": "passed",
                  "speed": "slow",
                  "pass": true,
                  "fail": false,
                  "pending": false,
                  "context": null,
                  "code": "const setup = await mfkdf.setup.key([\n  await mfkdf.setup.factors.password('password1', { id: 'password1' }),\n  await mfkdf.setup.factors.password('password2', { id: 'password2' }),\n  await mfkdf.setup.factors.password('password3', { id: 'password3' })\n], { threshold: 2 })\nmfkdf.derive.key(setup.policy, {\n  password1: mfkdf.derive.factors.password('password1')\n}).should.be.rejectedWith(RangeError)",
                  "err": {},
                  "uuid": "a908c24b-82da-423e-a330-059028368637",
                  "parentUUID": "625ce55d-baf9-47a7-b995-0982ec754b72",
                  "isHook": false,
                  "skipped": false
                }
              ],
              "suites": [],
              "passes": [
                "2c7a8e34-126b-496f-b8a8-fa0e3b2ca516",
                "a908c24b-82da-423e-a330-059028368637"
              ],
              "failures": [],
              "pending": [],
              "skipped": [],
              "duration": 11,
              "root": false,
              "rootEmpty": false,
              "_timeout": 5000
            }
          ],
          "passes": [
            "123b893c-1c54-4612-a947-cc5563e57f92",
            "818a0f1d-24a8-4b1f-b06e-1de31443bcd7",
            "89b75704-f267-45f2-862b-d708d15eae99",
            "f0a2e305-cb85-4120-8585-41ac4e2c116c"
          ],
          "failures": [],
          "pending": [],
          "skipped": [],
          "duration": 67,
          "root": false,
          "rootEmpty": false,
          "_timeout": 5000
        },
        {
          "uuid": "bd9ec3f1-3322-437f-ad7b-ea0aef475976",
          "title": "derive/outputs",
          "fullFile": "C:\\Users\\Vivek\\Projects\\mfkdf\\test\\derive\\outputs.js",
          "file": "\\test\\derive\\outputs.js",
          "beforeHooks": [],
          "afterHooks": [],
          "tests": [
            {
              "title": "stack",
              "fullTitle": "derive/outputs stack",
              "timedOut": false,
              "duration": 8,
              "state": "passed",
              "speed": "slow",
              "pass": true,
              "fail": false,
              "pending": false,
              "context": null,
              "code": "const setup = await mfkdf.setup.key([\n  await mfkdf.setup.factors.stack([\n    await mfkdf.setup.factors.uuid({ id: 'uuid1', uuid: '9b1deb4d-3b7d-4bad-9bdd-2b0d7b3dcb6d' }),\n    await mfkdf.setup.factors.uuid({ id: 'uuid2', uuid: '1b9d6bcd-bbfd-4b2d-9b5d-ab8dfbbd4bed' })\n  ]),\n  await mfkdf.setup.factors.uuid({ id: 'uuid3', uuid: '6ec0bd7f-11c0-43da-975e-2a8ad9ebae0b' })\n], { size: 8 })\ndelete setup.outputs.stack.entropyBits\nconst derive = await mfkdf.derive.key(setup.policy, {\n  stack: mfkdf.derive.factors.stack({\n    uuid1: mfkdf.derive.factors.uuid('9b1deb4d-3b7d-4bad-9bdd-2b0d7b3dcb6d'),\n    uuid2: mfkdf.derive.factors.uuid('1b9d6bcd-bbfd-4b2d-9b5d-ab8dfbbd4bed')\n  }),\n  uuid3: mfkdf.derive.factors.uuid('6ec0bd7f-11c0-43da-975e-2a8ad9ebae0b')\n})\nsetup.outputs.should.deep.equal(derive.outputs)",
              "err": {},
              "uuid": "412e8263-07fb-4ca3-8c6e-e44a9a022a1f",
              "parentUUID": "bd9ec3f1-3322-437f-ad7b-ea0aef475976",
              "isHook": false,
              "skipped": false
            },
            {
              "title": "hmacsha1",
              "fullTitle": "derive/outputs hmacsha1",
              "timedOut": false,
              "duration": 4,
              "state": "passed",
              "speed": "slow",
              "pass": true,
              "fail": false,
              "pending": false,
              "context": null,
              "code": "const setup = await mfkdf.setup.key([\n  await mfkdf.setup.factors.hmacsha1()\n], { size: 8 })\nconst secret = setup.outputs.hmacsha1.secret\nconst challenge = Buffer.from(setup.policy.factors[0].params.challenge, 'hex')\nconst response = crypto.createHmac('sha1', secret).update(challenge).digest()\nconst derive = await mfkdf.derive.key(setup.policy, {\n  hmacsha1: mfkdf.derive.factors.hmacsha1(response)\n})\nsetup.outputs.should.deep.equal(derive.outputs)",
              "err": {},
              "uuid": "8a7c8444-bef4-4b80-9618-cdb56ccc5b61",
              "parentUUID": "bd9ec3f1-3322-437f-ad7b-ea0aef475976",
              "isHook": false,
              "skipped": false
            },
            {
              "title": "uuid",
              "fullTitle": "derive/outputs uuid",
              "timedOut": false,
              "duration": 3,
              "state": "passed",
              "speed": "slow",
              "pass": true,
              "fail": false,
              "pending": false,
              "context": null,
              "code": "const setup = await mfkdf.setup.key([\n  await mfkdf.setup.factors.uuid({ uuid: '9b1deb4d-3b7d-4bad-9bdd-2b0d7b3dcb6d' })\n], { size: 8 })\nconst derive = await mfkdf.derive.key(setup.policy, {\n  uuid: mfkdf.derive.factors.uuid('9b1deb4d-3b7d-4bad-9bdd-2b0d7b3dcb6d')\n})\nsetup.outputs.should.deep.equal(derive.outputs)",
              "err": {},
              "uuid": "ab3eec9a-8c7d-4002-9c7e-df0e61060e7d",
              "parentUUID": "bd9ec3f1-3322-437f-ad7b-ea0aef475976",
              "isHook": false,
              "skipped": false
            },
            {
              "title": "question",
              "fullTitle": "derive/outputs question",
              "timedOut": false,
              "duration": 4,
              "state": "passed",
              "speed": "slow",
              "pass": true,
              "fail": false,
              "pending": false,
              "context": null,
              "code": "const setup = await mfkdf.setup.key([\n  await mfkdf.setup.factors.question('Fido')\n], { size: 8 })\nconst derive = await mfkdf.derive.key(setup.policy, {\n  question: mfkdf.derive.factors.question('Fido')\n})\nsetup.outputs.question.strength.calc_time = null\nderive.outputs.question.strength.calc_time = null\nsetup.outputs.should.deep.equal(derive.outputs)",
              "err": {},
              "uuid": "d6f5a896-bdb0-4c9c-9db6-53d8fb9ac47f",
              "parentUUID": "bd9ec3f1-3322-437f-ad7b-ea0aef475976",
              "isHook": false,
              "skipped": false
            },
            {
              "title": "ooba",
              "fullTitle": "derive/outputs ooba",
              "timedOut": false,
              "duration": 164,
              "state": "passed",
              "speed": "slow",
              "pass": true,
              "fail": false,
              "pending": false,
              "context": null,
              "code": "const keyPair = await crypto.webcrypto.subtle.generateKey({ hash: 'SHA-256', modulusLength: 2048, name: 'RSA-OAEP', publicExponent: new Uint8Array([1, 0, 1]) }, true, ['encrypt', 'decrypt'])\nconst setup = await mfkdf.setup.key([\n  await mfkdf.setup.factors.ooba({\n    key: keyPair.publicKey, params: { email: 'test@mfkdf.com' }\n  })\n])\nconst next = setup.policy.factors[0].params.next\nconst decrypted = await crypto.webcrypto.subtle.decrypt({ name: 'RSA-OAEP' }, keyPair.privateKey, Buffer.from(next, 'hex'))\nconst code = JSON.parse(Buffer.from(decrypted).toString()).code\nconst derive = await mfkdf.derive.key(setup.policy, {\n  ooba: mfkdf.derive.factors.ooba(code)\n})\nsetup.outputs.should.deep.equal(derive.outputs)",
              "err": {},
              "uuid": "d85e4ad3-49cb-46c3-ac39-1cc769ed6318",
              "parentUUID": "bd9ec3f1-3322-437f-ad7b-ea0aef475976",
              "isHook": false,
              "skipped": false
            },
            {
              "title": "password",
              "fullTitle": "derive/outputs password",
              "timedOut": false,
              "duration": 4,
              "state": "passed",
              "speed": "slow",
              "pass": true,
              "fail": false,
              "pending": false,
              "context": null,
              "code": "const setup = await mfkdf.setup.key([\n  await mfkdf.setup.factors.password('password')\n], { size: 8 })\nconst derive = await mfkdf.derive.key(setup.policy, {\n  password: mfkdf.derive.factors.password('password')\n})\nsetup.outputs.password.strength.calc_time = null\nderive.outputs.password.strength.calc_time = null\nsetup.outputs.should.deep.equal(derive.outputs)",
              "err": {},
              "uuid": "8c648735-eabb-4356-a8d3-f9d733ca9a8f",
              "parentUUID": "bd9ec3f1-3322-437f-ad7b-ea0aef475976",
              "isHook": false,
              "skipped": false
            },
            {
              "title": "multiple",
              "fullTitle": "derive/outputs multiple",
              "timedOut": false,
              "duration": 4,
              "state": "passed",
              "speed": "slow",
              "pass": true,
              "fail": false,
              "pending": false,
              "context": null,
              "code": "const setup = await mfkdf.setup.key([\n  await mfkdf.setup.factors.uuid({ id: 'uuid1', uuid: '9b1deb4d-3b7d-4bad-9bdd-2b0d7b3dcb6d' }),\n  await mfkdf.setup.factors.uuid({ id: 'uuid2', uuid: '1b9d6bcd-bbfd-4b2d-9b5d-ab8dfbbd4bed' }),\n  await mfkdf.setup.factors.uuid({ id: 'uuid3', uuid: '6ec0bd7f-11c0-43da-975e-2a8ad9ebae0b' })\n], { threshold: 2 })\nsetup.outputs.should.deep.equal({\n  uuid1: { uuid: '9b1deb4d-3b7d-4bad-9bdd-2b0d7b3dcb6d' },\n  uuid2: { uuid: '1b9d6bcd-bbfd-4b2d-9b5d-ab8dfbbd4bed' },\n  uuid3: { uuid: '6ec0bd7f-11c0-43da-975e-2a8ad9ebae0b' }\n})\nconst derive = await mfkdf.derive.key(setup.policy, {\n  uuid1: mfkdf.derive.factors.uuid('9b1deb4d-3b7d-4bad-9bdd-2b0d7b3dcb6d'),\n  uuid3: mfkdf.derive.factors.uuid('6ec0bd7f-11c0-43da-975e-2a8ad9ebae0b')\n})\nderive.outputs.should.deep.equal({\n  uuid1: { uuid: '9b1deb4d-3b7d-4bad-9bdd-2b0d7b3dcb6d' },\n  uuid3: { uuid: '6ec0bd7f-11c0-43da-975e-2a8ad9ebae0b' }\n})",
              "err": {},
              "uuid": "fd7c7404-abdb-4a9d-b030-3ce98bdad9cb",
              "parentUUID": "bd9ec3f1-3322-437f-ad7b-ea0aef475976",
              "isHook": false,
              "skipped": false
            }
          ],
          "suites": [],
          "passes": [
            "412e8263-07fb-4ca3-8c6e-e44a9a022a1f",
            "8a7c8444-bef4-4b80-9618-cdb56ccc5b61",
            "ab3eec9a-8c7d-4002-9c7e-df0e61060e7d",
            "d6f5a896-bdb0-4c9c-9db6-53d8fb9ac47f",
            "d85e4ad3-49cb-46c3-ac39-1cc769ed6318",
            "8c648735-eabb-4356-a8d3-f9d733ca9a8f",
            "fd7c7404-abdb-4a9d-b030-3ce98bdad9cb"
          ],
          "failures": [],
          "pending": [],
          "skipped": [],
          "duration": 191,
          "root": false,
          "rootEmpty": false,
          "_timeout": 5000
        },
        {
          "uuid": "91ec68ac-103b-4b3d-b4f9-3aa0806b99c5",
          "title": "examples",
          "fullFile": "C:\\Users\\Vivek\\Projects\\mfkdf\\test\\examples\\examples.js",
          "file": "\\test\\examples\\examples.js",
          "beforeHooks": [],
          "afterHooks": [],
          "tests": [
            {
              "title": "setup/derive fast",
              "fullTitle": "examples setup/derive fast",
              "timedOut": false,
              "duration": 5,
              "state": "passed",
              "speed": "slow",
              "pass": true,
              "fail": false,
              "pending": false,
              "context": null,
              "code": "// setup 16 byte 2-of-3-factor multi-factor derived key with a password, HOTP code, and UUID recovery code\nconst setup = await mfkdf.setup.key(\n  [\n    await mfkdf.setup.factors.password('password'),\n    await mfkdf.setup.factors.hotp({ secret: Buffer.from('hello world') }),\n    await mfkdf.setup.factors.uuid({\n      id: 'recovery',\n      uuid: '9b1deb4d-3b7d-4bad-9bdd-2b0d7b3dcb6d'\n    })\n  ],\n  { threshold: 2, size: 16 }\n)\n// derive key using 2 of the 3 factors\nconst derive = await mfkdf.derive.key(setup.policy, {\n  password: mfkdf.derive.factors.password('password'),\n  hotp: mfkdf.derive.factors.hotp(365287)\n})\nsetup.key.toString('hex') // -> 34d20ced439ec2f871c96ca377f25771\nderive.key.toString('hex') // -> 34d20ced439ec2f871c96ca377f25771\nsetup.key.toString('hex').should.equal(derive.key.toString('hex'))",
              "err": {},
              "uuid": "dcc54fcd-e31e-4b0d-a444-23b062757171",
              "parentUUID": "91ec68ac-103b-4b3d-b4f9-3aa0806b99c5",
              "isHook": false,
              "skipped": false
            },
            {
              "title": "setup/derive",
              "fullTitle": "examples setup/derive",
              "timedOut": false,
              "duration": 4,
              "state": "passed",
              "speed": "slow",
              "pass": true,
              "fail": false,
              "pending": false,
              "context": null,
              "code": "// setup 16 byte 2-of-3-factor multi-factor derived key with a password, HOTP code, and UUID recovery code\nconst setup = await mfkdf.setup.key(\n  [\n    await mfkdf.setup.factors.password('password'),\n    await mfkdf.setup.factors.hotp({ secret: Buffer.from('hello world') }),\n    await mfkdf.setup.factors.uuid({\n      id: 'recovery',\n      uuid: '9b1deb4d-3b7d-4bad-9bdd-2b0d7b3dcb6d'\n    })\n  ],\n  { threshold: 2, size: 16 }\n)\n// derive key using 2 of the 3 factors\nconst derive = await mfkdf.derive.key(setup.policy, {\n  password: mfkdf.derive.factors.password('password'),\n  hotp: mfkdf.derive.factors.hotp(365287)\n})\nsetup.key.toString('hex') // -> 34d20ced439ec2f871c96ca377f25771\nderive.key.toString('hex') // -> 34d20ced439ec2f871c96ca377f25771\nsetup.key.toString('hex').should.equal(derive.key.toString('hex'))",
              "err": {},
              "uuid": "8d75ee14-2383-43c0-8ece-d5d391b842cd",
              "parentUUID": "91ec68ac-103b-4b3d-b4f9-3aa0806b99c5",
              "isHook": false,
              "skipped": false
            }
          ],
          "suites": [
            {
              "uuid": "b9251315-6a66-4aab-90c4-277eb79fa9f9",
              "title": "factors",
              "fullFile": "C:\\Users\\Vivek\\Projects\\mfkdf\\test\\examples\\examples.js",
              "file": "\\test\\examples\\examples.js",
              "beforeHooks": [],
              "afterHooks": [],
              "tests": [
                {
                  "title": "stack",
                  "fullTitle": "examples factors stack",
                  "timedOut": false,
                  "duration": 9,
                  "state": "passed",
                  "speed": "slow",
                  "pass": true,
                  "fail": false,
                  "pending": false,
                  "context": null,
                  "code": "// setup key with stack factor\nconst setup = await mfkdf.setup.key(\n  [\n    await mfkdf.setup.factors.stack([\n      await mfkdf.setup.factors.password('password1', {\n        id: 'password1'\n      }),\n      await mfkdf.setup.factors.password('password2', {\n        id: 'password2'\n      })\n    ]),\n    await mfkdf.setup.factors.password('password3', { id: 'password3' })\n  ],\n  { size: 8 }\n)\n// derive key with stack factor\nconst derive = await mfkdf.derive.key(setup.policy, {\n  stack: mfkdf.derive.factors.stack({\n    password1: mfkdf.derive.factors.password('password1'),\n    password2: mfkdf.derive.factors.password('password2')\n  }),\n  password3: mfkdf.derive.factors.password('password3')\n})\nsetup.key.toString('hex') // -> 01d0c7236adf2516\nderive.key.toString('hex') // -> 01d0c7236adf2516\nsetup.key.toString('hex').should.equal(derive.key.toString('hex'))",
                  "err": {},
                  "uuid": "ec37b1d5-0bf3-4e9c-93b1-a5927e6a7046",
                  "parentUUID": "b9251315-6a66-4aab-90c4-277eb79fa9f9",
                  "isHook": false,
                  "skipped": false
                },
                {
                  "title": "hmacsha1",
                  "fullTitle": "examples factors hmacsha1",
                  "timedOut": false,
                  "duration": 4,
                  "state": "passed",
                  "speed": "slow",
                  "pass": true,
                  "fail": false,
                  "pending": false,
                  "context": null,
                  "code": "// setup key with hmacsha1 factor\nconst setup = await mfkdf.setup.key(\n  [await mfkdf.setup.factors.hmacsha1()],\n  { size: 8 }\n)\n// calculate response; could be done using hardware device\nconst secret = setup.outputs.hmacsha1.secret\nconst challenge = Buffer.from(\n  setup.policy.factors[0].params.challenge,\n  'hex'\n)\nconst response = crypto\n  .createHmac('sha1', secret)\n  .update(challenge)\n  .digest()\n// derive key with hmacsha1 factor\nconst derive = await mfkdf.derive.key(setup.policy, {\n  hmacsha1: mfkdf.derive.factors.hmacsha1(response)\n})\nsetup.key.toString('hex') // -> 01d0c7236adf2516\nderive.key.toString('hex') // -> 01d0c7236adf2516\nsetup.key.toString('hex').should.equal(derive.key.toString('hex'))",
                  "err": {},
                  "uuid": "90945b09-f1f0-474f-94a3-6d8179c57e15",
                  "parentUUID": "b9251315-6a66-4aab-90c4-277eb79fa9f9",
                  "isHook": false,
                  "skipped": false
                },
                {
                  "title": "totp",
                  "fullTitle": "examples factors totp",
                  "timedOut": false,
                  "duration": 423,
                  "state": "passed",
                  "speed": "slow",
                  "pass": true,
                  "fail": false,
                  "pending": false,
                  "context": null,
                  "code": "// setup key with totp factor\nconst setup = await mfkdf.setup.key(\n  [\n    await mfkdf.setup.factors.totp({\n      secret: Buffer.from('hello world'),\n      time: 1650430806597\n    })\n  ],\n  { size: 8 }\n)\n// derive key with totp factor\nconst derive = await mfkdf.derive.key(setup.policy, {\n  totp: mfkdf.derive.factors.totp(528258, { time: 1650430943604 })\n})\nsetup.key.toString('hex') // -> 01d0c7236adf2516\nderive.key.toString('hex') // -> 01d0c7236adf2516\nsetup.key.toString('hex').should.equal(derive.key.toString('hex'))",
                  "err": {},
                  "uuid": "70ca4751-1608-4d80-9b0c-f8cb20dd195f",
                  "parentUUID": "b9251315-6a66-4aab-90c4-277eb79fa9f9",
                  "isHook": false,
                  "skipped": false
                },
                {
                  "title": "hotp",
                  "fullTitle": "examples factors hotp",
                  "timedOut": false,
                  "duration": 4,
                  "state": "passed",
                  "speed": "slow",
                  "pass": true,
                  "fail": false,
                  "pending": false,
                  "context": null,
                  "code": "// setup key with hotp factor\nconst setup = await mfkdf.setup.key(\n  [\n    await mfkdf.setup.factors.hotp({\n      secret: Buffer.from('hello world')\n    })\n  ],\n  { size: 8 }\n)\n// derive key with hotp factor\nconst derive = await mfkdf.derive.key(setup.policy, {\n  hotp: mfkdf.derive.factors.hotp(365287)\n})\nsetup.key.toString('hex') // -> 01d0c7236adf2516\nderive.key.toString('hex') // -> 01d0c7236adf2516\nsetup.key.toString('hex').should.equal(derive.key.toString('hex'))",
                  "err": {},
                  "uuid": "9a8bbe83-5255-4977-aaaf-1c15a59b1e0d",
                  "parentUUID": "b9251315-6a66-4aab-90c4-277eb79fa9f9",
                  "isHook": false,
                  "skipped": false
                },
                {
                  "title": "uuid",
                  "fullTitle": "examples factors uuid",
                  "timedOut": false,
                  "duration": 4,
                  "state": "passed",
                  "speed": "slow",
                  "pass": true,
                  "fail": false,
                  "pending": false,
                  "context": null,
                  "code": "// setup key with uuid factor\nconst setup = await mfkdf.setup.key(\n  [\n    await mfkdf.setup.factors.uuid({\n      uuid: '9b1deb4d-3b7d-4bad-9bdd-2b0d7b3dcb6d'\n    })\n  ],\n  { size: 8 }\n)\n// derive key with uuid factor\nconst derive = await mfkdf.derive.key(setup.policy, {\n  uuid: mfkdf.derive.factors.uuid('9b1deb4d-3b7d-4bad-9bdd-2b0d7b3dcb6d')\n})\nsetup.key.toString('hex') // -> 01d0c7236adf2516\nderive.key.toString('hex') // -> 01d0c7236adf2516\nsetup.key.toString('hex').should.equal(derive.key.toString('hex'))",
                  "err": {},
                  "uuid": "26714323-c088-430a-be32-2b40a7238ede",
                  "parentUUID": "b9251315-6a66-4aab-90c4-277eb79fa9f9",
                  "isHook": false,
                  "skipped": false
                },
                {
                  "title": "question",
                  "fullTitle": "examples factors question",
                  "timedOut": false,
                  "duration": 4,
                  "state": "passed",
                  "speed": "slow",
                  "pass": true,
                  "fail": false,
                  "pending": false,
                  "context": null,
                  "code": "// setup key with security question factor\nconst setup = await mfkdf.setup.key(\n  [await mfkdf.setup.factors.question('Fido')],\n  { size: 8 }\n)\n// derive key with security question factor\nconst derive = await mfkdf.derive.key(setup.policy, {\n  question: mfkdf.derive.factors.question('Fido')\n})\nsetup.key.toString('hex').should.equal(derive.key.toString('hex'))",
                  "err": {},
                  "uuid": "d98e733a-6337-4172-b2c8-b7d5b8088102",
                  "parentUUID": "b9251315-6a66-4aab-90c4-277eb79fa9f9",
                  "isHook": false,
                  "skipped": false
                },
                {
                  "title": "ooba",
                  "fullTitle": "examples factors ooba",
                  "timedOut": false,
                  "duration": 61,
                  "state": "passed",
                  "speed": "slow",
                  "pass": true,
                  "fail": false,
                  "pending": false,
                  "context": null,
                  "code": "// setup RSA key pair (on out-of-band server)\nconst keyPair = await crypto.webcrypto.subtle.generateKey(\n  {\n    hash: 'SHA-256',\n    modulusLength: 2048,\n    name: 'RSA-OAEP',\n    publicExponent: new Uint8Array([1, 0, 1])\n  },\n  true,\n  ['encrypt', 'decrypt']\n)\n// setup key with out-of-band authentication factor\nconst setup = await mfkdf.setup.key([\n  await mfkdf.setup.factors.ooba({\n    key: keyPair.publicKey,\n    params: { email: 'test@mfkdf.com' }\n  })\n])\n// decrypt and send code (on out-of-band server)\nconst next = setup.policy.factors[0].params.next\nconst decrypted = await crypto.webcrypto.subtle.decrypt(\n  { name: 'RSA-OAEP' },\n  keyPair.privateKey,\n  Buffer.from(next, 'hex')\n)\nconst code = JSON.parse(Buffer.from(decrypted).toString()).code\n// derive key with out-of-band factor\nconst derive = await mfkdf.derive.key(setup.policy, {\n  ooba: mfkdf.derive.factors.ooba(code)\n})\nsetup.key.toString('hex') // -> 01d0c7236adf2516\nderive.key.toString('hex') // -> 01d0c7236adf2516\nsetup.key.toString('hex').should.equal(derive.key.toString('hex'))",
                  "err": {},
                  "uuid": "4330bce9-d052-4805-af72-490af5858995",
                  "parentUUID": "b9251315-6a66-4aab-90c4-277eb79fa9f9",
                  "isHook": false,
                  "skipped": false
                },
                {
                  "title": "password",
                  "fullTitle": "examples factors password",
                  "timedOut": false,
                  "duration": 5,
                  "state": "passed",
                  "speed": "slow",
                  "pass": true,
                  "fail": false,
                  "pending": false,
                  "context": null,
                  "code": "// setup key with password factor\nconst setup = await mfkdf.setup.key(\n  [await mfkdf.setup.factors.password('password')],\n  { size: 8 }\n)\n// derive key with password factor\nconst derive = await mfkdf.derive.key(setup.policy, {\n  password: mfkdf.derive.factors.password('password')\n})\nsetup.key.toString('hex') // -> 01d0c7236adf2516\nderive.key.toString('hex') // -> 01d0c7236adf2516\nsetup.key.toString('hex').should.equal(derive.key.toString('hex'))",
                  "err": {},
                  "uuid": "660cce12-c234-41f8-88bd-fa4ca5870a0b",
                  "parentUUID": "b9251315-6a66-4aab-90c4-277eb79fa9f9",
                  "isHook": false,
                  "skipped": false
                }
              ],
              "suites": [],
              "passes": [
                "ec37b1d5-0bf3-4e9c-93b1-a5927e6a7046",
                "90945b09-f1f0-474f-94a3-6d8179c57e15",
                "70ca4751-1608-4d80-9b0c-f8cb20dd195f",
                "9a8bbe83-5255-4977-aaaf-1c15a59b1e0d",
                "26714323-c088-430a-be32-2b40a7238ede",
                "d98e733a-6337-4172-b2c8-b7d5b8088102",
                "4330bce9-d052-4805-af72-490af5858995",
                "660cce12-c234-41f8-88bd-fa4ca5870a0b"
              ],
              "failures": [],
              "pending": [],
              "skipped": [],
              "duration": 514,
              "root": false,
              "rootEmpty": false,
              "_timeout": 5000
            },
            {
              "uuid": "0f1c5dfb-9e39-46f9-9dcd-a75389bda4e1",
              "title": "secrets",
              "fullFile": "C:\\Users\\Vivek\\Projects\\mfkdf\\test\\examples\\examples.js",
              "file": "\\test\\examples\\examples.js",
              "beforeHooks": [],
              "afterHooks": [],
              "tests": [
                {
                  "title": "full",
                  "fullTitle": "examples secrets full",
                  "timedOut": false,
                  "duration": 1,
                  "state": "passed",
                  "speed": "slow",
                  "pass": true,
                  "fail": false,
                  "pending": false,
                  "context": null,
                  "code": "// share secret using 2-of-3 shares\nconst shares = mfkdf.secrets.share(Buffer.from('hello world'), 2, 3) // -> [Buffer, Buffer, Buffer]\n// recover secret using 2 shares\nconst secret = mfkdf.secrets.combine([shares[0], null, shares[2]], 2, 3)\nsecret.toString() // -> hello world\n// recover original 3 shares\nconst recover = mfkdf.secrets.recover([shares[0], null, shares[2]], 2, 3) // -> [Buffer, Buffer, Buffer]\nrecover.should.be.a('array')",
                  "err": {},
                  "uuid": "d3298ba2-6d1b-4d7f-9c64-fd9b3aa9fc5e",
                  "parentUUID": "0f1c5dfb-9e39-46f9-9dcd-a75389bda4e1",
                  "isHook": false,
                  "skipped": false
                }
              ],
              "suites": [],
              "passes": [
                "d3298ba2-6d1b-4d7f-9c64-fd9b3aa9fc5e"
              ],
              "failures": [],
              "pending": [],
              "skipped": [],
              "duration": 1,
              "root": false,
              "rootEmpty": false,
              "_timeout": 5000
            },
            {
              "uuid": "b7f22add-27df-48a7-a345-ff0c86f0b4b9",
              "title": "policy",
              "fullFile": "C:\\Users\\Vivek\\Projects\\mfkdf\\test\\examples\\examples.js",
              "file": "\\test\\examples\\examples.js",
              "beforeHooks": [],
              "afterHooks": [],
              "tests": [
                {
                  "title": "validate",
                  "fullTitle": "examples policy validate",
                  "timedOut": false,
                  "duration": 2,
                  "state": "passed",
                  "speed": "slow",
                  "pass": true,
                  "fail": false,
                  "pending": false,
                  "context": null,
                  "code": "// setup key that can be derived from passwordA AND (passwordB OR passwordC)\nconst setup = await mfkdf.policy.setup(\n  await mfkdf.policy.and(\n    await mfkdf.setup.factors.password('passwordA', { id: 'passwordA' }),\n    await mfkdf.policy.or(\n      await mfkdf.setup.factors.password('passwordB', {\n        id: 'passwordB'\n      }),\n      await mfkdf.setup.factors.password('passwordC', { id: 'passwordC' })\n    )\n  )\n)\n// validate policy\nconst valid = mfkdf.policy.validate(setup.policy) // -> true\nvalid.should.be.true",
                  "err": {},
                  "uuid": "b890138b-2e78-4e84-82ed-77319d9ca2f0",
                  "parentUUID": "b7f22add-27df-48a7-a345-ff0c86f0b4b9",
                  "isHook": false,
                  "skipped": false
                },
                {
                  "title": "ids",
                  "fullTitle": "examples policy ids",
                  "timedOut": false,
                  "duration": 2,
                  "state": "passed",
                  "speed": "slow",
                  "pass": true,
                  "fail": false,
                  "pending": false,
                  "context": null,
                  "code": "// setup key that can be derived from passwordA AND (passwordB OR passwordC)\nconst setup = await mfkdf.policy.setup(\n  await mfkdf.policy.and(\n    await mfkdf.setup.factors.password('passwordA', { id: 'passwordA' }),\n    await mfkdf.policy.or(\n      await mfkdf.setup.factors.password('passwordB', {\n        id: 'passwordB'\n      }),\n      await mfkdf.setup.factors.password('passwordC', { id: 'passwordC' })\n    )\n  )\n)\n// get list of ids\nconst ids = mfkdf.policy.ids(setup.policy) // -> ['passwordA', 'passwordB', 'passwordC', ...]\nids.includes('passwordA').should.be.true\nids.includes('passwordB').should.be.true\nids.includes('passwordC').should.be.true",
                  "err": {},
                  "uuid": "6b64006e-1139-4fc4-804d-3d8e6b632183",
                  "parentUUID": "b7f22add-27df-48a7-a345-ff0c86f0b4b9",
                  "isHook": false,
                  "skipped": false
                },
                {
                  "title": "evaluate",
                  "fullTitle": "examples policy evaluate",
                  "timedOut": false,
                  "duration": 1,
                  "state": "passed",
                  "speed": "slow",
                  "pass": true,
                  "fail": false,
                  "pending": false,
                  "context": null,
                  "code": "// setup key that can be derived from passwordA AND (passwordB OR passwordC)\nconst setup = await mfkdf.policy.setup(\n  await mfkdf.policy.and(\n    await mfkdf.setup.factors.password('passwordA', { id: 'passwordA' }),\n    await mfkdf.policy.or(\n      await mfkdf.setup.factors.password('passwordB', {\n        id: 'passwordB'\n      }),\n      await mfkdf.setup.factors.password('passwordC', { id: 'passwordC' })\n    )\n  )\n)\n// check if key can be derived with passwordA and passwordC\nconst valid1 = await mfkdf.policy.evaluate(setup.policy, [\n  'passwordA',\n  'passwordC'\n]) // -> true\n// check if key can be derived with passwordB and passwordC\nconst valid2 = await mfkdf.policy.evaluate(setup.policy, [\n  'passwordB',\n  'passwordC'\n]) // -> false\nvalid1.should.be.true\nvalid2.should.be.false",
                  "err": {},
                  "uuid": "f6faf958-de21-4fb4-8d46-461bd0f411b9",
                  "parentUUID": "b7f22add-27df-48a7-a345-ff0c86f0b4b9",
                  "isHook": false,
                  "skipped": false
                },
                {
                  "title": "setup/derive",
                  "fullTitle": "examples policy setup/derive",
                  "timedOut": false,
                  "duration": 13,
                  "state": "passed",
                  "speed": "slow",
                  "pass": true,
                  "fail": false,
                  "pending": false,
                  "context": null,
                  "code": "// setup key that can be derived from passwordA AND (passwordB OR passwordC)\nconst setup = await mfkdf.policy.setup(\n  await mfkdf.policy.and(\n    await mfkdf.setup.factors.password('passwordA', { id: 'passwordA' }),\n    await mfkdf.policy.or(\n      await mfkdf.setup.factors.password('passwordB', {\n        id: 'passwordB'\n      }),\n      await mfkdf.setup.factors.password('passwordC', { id: 'passwordC' })\n    )\n  ),\n  { size: 8 }\n)\n// derive key with passwordA and passwordC (or passwordA and passwordB)\nconst derive = await mfkdf.policy.derive(setup.policy, {\n  passwordA: mfkdf.derive.factors.password('passwordA'),\n  passwordC: mfkdf.derive.factors.password('passwordC')\n})\nsetup.key.toString('hex') // -> e16a227944a65263\nderive.key.toString('hex') // -> e16a227944a65263\nsetup.key.toString('hex').should.equal(derive.key.toString('hex'))",
                  "err": {},
                  "uuid": "d3b58455-e5c3-4ba3-b5be-caf9a7b98d03",
                  "parentUUID": "b7f22add-27df-48a7-a345-ff0c86f0b4b9",
                  "isHook": false,
                  "skipped": false
                },
                {
                  "title": "all",
                  "fullTitle": "examples policy all",
                  "timedOut": false,
                  "duration": 9,
                  "state": "passed",
                  "speed": "slow",
                  "pass": true,
                  "fail": false,
                  "pending": false,
                  "context": null,
                  "code": "// setup key that can be derived from passwordA AND passwordB AND passwordC\nconst setup = await mfkdf.policy.setup(\n  await mfkdf.policy.all([\n    await mfkdf.setup.factors.password('passwordA', { id: 'passwordA' }),\n    await mfkdf.setup.factors.password('passwordB', { id: 'passwordB' }),\n    await mfkdf.setup.factors.password('passwordC', { id: 'passwordC' })\n  ]),\n  { size: 8 }\n)\n// derive key with passwordA and passwordB and passwordC\nconst derive = await mfkdf.policy.derive(setup.policy, {\n  passwordA: mfkdf.derive.factors.password('passwordA'),\n  passwordB: mfkdf.derive.factors.password('passwordB'),\n  passwordC: mfkdf.derive.factors.password('passwordC')\n})\nsetup.key.toString('hex') // -> e16a227944a65263\nderive.key.toString('hex') // -> e16a227944a65263\nsetup.key.toString('hex').should.equal(derive.key.toString('hex'))",
                  "err": {},
                  "uuid": "b01dbdb5-8299-4621-acde-6629618a26c7",
                  "parentUUID": "b7f22add-27df-48a7-a345-ff0c86f0b4b9",
                  "isHook": false,
                  "skipped": false
                },
                {
                  "title": "any",
                  "fullTitle": "examples policy any",
                  "timedOut": false,
                  "duration": 8,
                  "state": "passed",
                  "speed": "slow",
                  "pass": true,
                  "fail": false,
                  "pending": false,
                  "context": null,
                  "code": "// setup key that can be derived from passwordA OR passwordB OR passwordC\nconst setup = await mfkdf.policy.setup(\n  await mfkdf.policy.any([\n    await mfkdf.setup.factors.password('passwordA', { id: 'passwordA' }),\n    await mfkdf.setup.factors.password('passwordB', { id: 'passwordB' }),\n    await mfkdf.setup.factors.password('passwordC', { id: 'passwordC' })\n  ]),\n  { size: 8 }\n)\n// derive key with passwordA (or passwordB or passwordC)\nconst derive = await mfkdf.policy.derive(setup.policy, {\n  passwordB: mfkdf.derive.factors.password('passwordB')\n})\nsetup.key.toString('hex') // -> e16a227944a65263\nderive.key.toString('hex') // -> e16a227944a65263\nsetup.key.toString('hex').should.equal(derive.key.toString('hex'))",
                  "err": {},
                  "uuid": "9205d1de-2cd3-4bd5-8ddc-068146a71434",
                  "parentUUID": "b7f22add-27df-48a7-a345-ff0c86f0b4b9",
                  "isHook": false,
                  "skipped": false
                },
                {
                  "title": "atLeast2",
                  "fullTitle": "examples policy atLeast2",
                  "timedOut": false,
                  "duration": 8,
                  "state": "passed",
                  "speed": "slow",
                  "pass": true,
                  "fail": false,
                  "pending": false,
                  "context": null,
                  "code": "// setup key that can be derived from at least 2 of (passwordA, passwordB, passwordC)\nconst setup = await mfkdf.policy.setup(\n  await mfkdf.policy.any([\n    await mfkdf.setup.factors.password('passwordA', { id: 'passwordA' }),\n    await mfkdf.setup.factors.password('passwordB', { id: 'passwordB' }),\n    await mfkdf.setup.factors.password('passwordC', { id: 'passwordC' })\n  ]),\n  { size: 8 }\n)\n// derive key with passwordA and passwordB (or passwordA and passwordC, or passwordB and passwordC)\nconst derive = await mfkdf.policy.derive(setup.policy, {\n  passwordA: mfkdf.derive.factors.password('passwordA'),\n  passwordB: mfkdf.derive.factors.password('passwordB')\n})\nsetup.key.toString('hex') // -> e16a227944a65263\nderive.key.toString('hex') // -> e16a227944a65263\nsetup.key.toString('hex').should.equal(derive.key.toString('hex'))",
                  "err": {},
                  "uuid": "85935fee-6e8b-4ca2-84b7-7ae25631b755",
                  "parentUUID": "b7f22add-27df-48a7-a345-ff0c86f0b4b9",
                  "isHook": false,
                  "skipped": false
                }
              ],
              "suites": [],
              "passes": [
                "b890138b-2e78-4e84-82ed-77319d9ca2f0",
                "6b64006e-1139-4fc4-804d-3d8e6b632183",
                "f6faf958-de21-4fb4-8d46-461bd0f411b9",
                "d3b58455-e5c3-4ba3-b5be-caf9a7b98d03",
                "b01dbdb5-8299-4621-acde-6629618a26c7",
                "9205d1de-2cd3-4bd5-8ddc-068146a71434",
                "85935fee-6e8b-4ca2-84b7-7ae25631b755"
              ],
              "failures": [],
              "pending": [],
              "skipped": [],
              "duration": 43,
              "root": false,
              "rootEmpty": false,
              "_timeout": 5000
            },
            {
              "uuid": "775eb890-496f-47a4-af8b-c6ae04c466dc",
              "title": "reconstitution",
              "fullFile": "C:\\Users\\Vivek\\Projects\\mfkdf\\test\\examples\\examples.js",
              "file": "\\test\\examples\\examples.js",
              "beforeHooks": [],
              "afterHooks": [],
              "tests": [
                {
                  "title": "setThreshold",
                  "fullTitle": "examples reconstitution setThreshold",
                  "timedOut": false,
                  "duration": 5,
                  "state": "passed",
                  "speed": "slow",
                  "pass": true,
                  "fail": false,
                  "pending": false,
                  "context": null,
                  "code": "// setup 3-factor multi-factor derived key\nconst setup = await mfkdf.setup.key(\n  [\n    await mfkdf.setup.factors.password('password1', { id: 'password1' }),\n    await mfkdf.setup.factors.password('password2', { id: 'password2' }),\n    await mfkdf.setup.factors.password('password3', { id: 'password3' })\n  ],\n  { size: 8 }\n)\n// change threshold to 2/3\nawait setup.setThreshold(2)\n// derive key with 2 factors\nconst derived = await mfkdf.derive.key(setup.policy, {\n  password1: mfkdf.derive.factors.password('password1'),\n  password3: mfkdf.derive.factors.password('password3')\n})\nsetup.key.toString('hex') // -> 64587f2a0e65dc3c\nderived.key.toString('hex') // -> 64587f2a0e65dc3c\nsetup.key.toString('hex').should.equal(derived.key.toString('hex'))",
                  "err": {},
                  "uuid": "8601f185-cec0-4bbf-9b8b-953a34c7dc8c",
                  "parentUUID": "775eb890-496f-47a4-af8b-c6ae04c466dc",
                  "isHook": false,
                  "skipped": false
                },
                {
                  "title": "removeFactor",
                  "fullTitle": "examples reconstitution removeFactor",
                  "timedOut": false,
                  "duration": 5,
                  "state": "passed",
                  "speed": "slow",
                  "pass": true,
                  "fail": false,
                  "pending": false,
                  "context": null,
                  "code": "// setup 2-of-3-factor multi-factor derived key\nconst setup = await mfkdf.setup.key(\n  [\n    await mfkdf.setup.factors.password('password1', { id: 'password1' }),\n    await mfkdf.setup.factors.password('password2', { id: 'password2' }),\n    await mfkdf.setup.factors.password('password3', { id: 'password3' })\n  ],\n  { size: 8, threshold: 2 }\n)\n// remove one of the factors\nawait setup.removeFactor('password2')\n// derive key with remaining 2 factors\nconst derived = await mfkdf.derive.key(setup.policy, {\n  password1: mfkdf.derive.factors.password('password1'),\n  password3: mfkdf.derive.factors.password('password3')\n})\nsetup.key.toString('hex') // -> 64587f2a0e65dc3c\nderived.key.toString('hex') // -> 64587f2a0e65dc3c\nsetup.key.toString('hex').should.equal(derived.key.toString('hex'))",
                  "err": {},
                  "uuid": "c2479b64-8591-4a70-a9f1-b2dfa5c459c4",
                  "parentUUID": "775eb890-496f-47a4-af8b-c6ae04c466dc",
                  "isHook": false,
                  "skipped": false
                },
                {
                  "title": "removeFactors",
                  "fullTitle": "examples reconstitution removeFactors",
                  "timedOut": false,
                  "duration": 5,
                  "state": "passed",
                  "speed": "slow",
                  "pass": true,
                  "fail": false,
                  "pending": false,
                  "context": null,
                  "code": "// setup 1-of-3-factor multi-factor derived key\nconst setup = await mfkdf.setup.key(\n  [\n    await mfkdf.setup.factors.password('password1', { id: 'password1' }),\n    await mfkdf.setup.factors.password('password2', { id: 'password2' }),\n    await mfkdf.setup.factors.password('password3', { id: 'password3' })\n  ],\n  { size: 8, threshold: 1 }\n)\n// remove two factors\nawait setup.removeFactors(['password1', 'password2'])\n// derive key with remaining factor\nconst derived = await mfkdf.derive.key(setup.policy, {\n  password3: mfkdf.derive.factors.password('password3')\n})\nsetup.key.toString('hex') // -> 64587f2a0e65dc3c\nderived.key.toString('hex') // -> 64587f2a0e65dc3c\nsetup.key.toString('hex').should.equal(derived.key.toString('hex'))",
                  "err": {},
                  "uuid": "52c6e0d4-075f-477c-a7e0-c29ebf2418a3",
                  "parentUUID": "775eb890-496f-47a4-af8b-c6ae04c466dc",
                  "isHook": false,
                  "skipped": false
                },
                {
                  "title": "addFactor",
                  "fullTitle": "examples reconstitution addFactor",
                  "timedOut": false,
                  "duration": 6,
                  "state": "passed",
                  "speed": "slow",
                  "pass": true,
                  "fail": false,
                  "pending": false,
                  "context": null,
                  "code": "// setup 2-of-3-factor multi-factor derived key\nconst setup = await mfkdf.setup.key(\n  [\n    await mfkdf.setup.factors.password('password1', { id: 'password1' }),\n    await mfkdf.setup.factors.password('password2', { id: 'password2' }),\n    await mfkdf.setup.factors.password('password3', { id: 'password3' })\n  ],\n  { size: 8, threshold: 2 }\n)\nconsole.log(setup.policy)\n// add fourth factor\nawait setup.addFactor(\n  await mfkdf.setup.factors.password('password4', { id: 'password4' })\n)\nconsole.log(setup.policy)\n// derive key with any 2 factors\nconst derived = await mfkdf.derive.key(setup.policy, {\n  password2: mfkdf.derive.factors.password('password2'),\n  password4: mfkdf.derive.factors.password('password4')\n})\nsetup.key.toString('hex') // -> 64587f2a0e65dc3c\nderived.key.toString('hex') // -> 64587f2a0e65dc3c\nsetup.key.toString('hex').should.equal(derived.key.toString('hex'))",
                  "err": {},
                  "uuid": "9c1ce76a-781e-48ef-9e6f-691a2a94b77d",
                  "parentUUID": "775eb890-496f-47a4-af8b-c6ae04c466dc",
                  "isHook": false,
                  "skipped": false
                },
                {
                  "title": "addFactors",
                  "fullTitle": "examples reconstitution addFactors",
                  "timedOut": false,
                  "duration": 13,
                  "state": "passed",
                  "speed": "slow",
                  "pass": true,
                  "fail": false,
                  "pending": false,
                  "context": null,
                  "code": "// setup 2-of-3-factor multi-factor derived key\nconst setup = await mfkdf.setup.key(\n  [\n    await mfkdf.setup.factors.password('password1', { id: 'password1' }),\n    await mfkdf.setup.factors.password('password2', { id: 'password2' }),\n    await mfkdf.setup.factors.password('password3', { id: 'password3' })\n  ],\n  { size: 8, threshold: 2 }\n)\n// add two more factors\nawait setup.addFactors([\n  await mfkdf.setup.factors.password('password4', { id: 'password4' }),\n  await mfkdf.setup.factors.password('password5', { id: 'password5' })\n])\n// derive key with any 2 factors\nconst derived = await mfkdf.derive.key(setup.policy, {\n  password3: mfkdf.derive.factors.password('password3'),\n  password5: mfkdf.derive.factors.password('password5')\n})\nsetup.key.toString('hex') // -> 64587f2a0e65dc3c\nderived.key.toString('hex') // -> 64587f2a0e65dc3c\nsetup.key.toString('hex').should.equal(derived.key.toString('hex'))",
                  "err": {},
                  "uuid": "bf7cc61b-14e7-4656-b3e8-a40e4b08e956",
                  "parentUUID": "775eb890-496f-47a4-af8b-c6ae04c466dc",
                  "isHook": false,
                  "skipped": false
                },
                {
                  "title": "recoverFactor",
                  "fullTitle": "examples reconstitution recoverFactor",
                  "timedOut": false,
                  "duration": 5,
                  "state": "passed",
                  "speed": "slow",
                  "pass": true,
                  "fail": false,
                  "pending": false,
                  "context": null,
                  "code": "// setup 3-factor multi-factor derived key\nconst setup = await mfkdf.setup.key(\n  [\n    await mfkdf.setup.factors.password('password1', { id: 'password1' }),\n    await mfkdf.setup.factors.password('password2', { id: 'password2' }),\n    await mfkdf.setup.factors.password('password3', { id: 'password3' })\n  ],\n  { size: 8 }\n)\n// change the 2nd factor\nawait setup.recoverFactor(\n  await mfkdf.setup.factors.password('newPassword2', { id: 'password2' })\n)\n// derive key with new factors\nconst derived = await mfkdf.derive.key(setup.policy, {\n  password1: mfkdf.derive.factors.password('password1'),\n  password2: mfkdf.derive.factors.password('newPassword2'),\n  password3: mfkdf.derive.factors.password('password3')\n})\nsetup.key.toString('hex') // -> 64587f2a0e65dc3c\nderived.key.toString('hex') // -> 64587f2a0e65dc3c\nsetup.key.toString('hex').should.equal(derived.key.toString('hex'))",
                  "err": {},
                  "uuid": "169dbb0e-52d9-430c-b657-b268febb1b58",
                  "parentUUID": "775eb890-496f-47a4-af8b-c6ae04c466dc",
                  "isHook": false,
                  "skipped": false
                },
                {
                  "title": "recoverFactors",
                  "fullTitle": "examples reconstitution recoverFactors",
                  "timedOut": false,
                  "duration": 6,
                  "state": "passed",
                  "speed": "slow",
                  "pass": true,
                  "fail": false,
                  "pending": false,
                  "context": null,
                  "code": "// setup 3-factor multi-factor derived key\nconst setup = await mfkdf.setup.key(\n  [\n    await mfkdf.setup.factors.password('password1', { id: 'password1' }),\n    await mfkdf.setup.factors.password('password2', { id: 'password2' }),\n    await mfkdf.setup.factors.password('password3', { id: 'password3' })\n  ],\n  { size: 8 }\n)\n// change 2 factors\nawait setup.recoverFactors([\n  await mfkdf.setup.factors.password('newPassword2', { id: 'password2' }),\n  await mfkdf.setup.factors.password('newPassword3', { id: 'password3' })\n])\n// derive key with new factors\nconst derived = await mfkdf.derive.key(setup.policy, {\n  password1: mfkdf.derive.factors.password('password1'),\n  password2: mfkdf.derive.factors.password('newPassword2'),\n  password3: mfkdf.derive.factors.password('newPassword3')\n})\nsetup.key.toString('hex') // -> 64587f2a0e65dc3c\nderived.key.toString('hex') // -> 64587f2a0e65dc3c\nsetup.key.toString('hex').should.equal(derived.key.toString('hex'))",
                  "err": {},
                  "uuid": "78155aa9-a5e2-4587-ae9b-eee38f2fc2d1",
                  "parentUUID": "775eb890-496f-47a4-af8b-c6ae04c466dc",
                  "isHook": false,
                  "skipped": false
                },
                {
                  "title": "reconstitute",
                  "fullTitle": "examples reconstitution reconstitute",
                  "timedOut": false,
                  "duration": 5,
                  "state": "passed",
                  "speed": "slow",
                  "pass": true,
                  "fail": false,
                  "pending": false,
                  "context": null,
                  "code": "// setup 2-of-3-factor multi-factor derived key\nconst setup = await mfkdf.setup.key(\n  [\n    await mfkdf.setup.factors.password('password1', { id: 'password1' }),\n    await mfkdf.setup.factors.password('password2', { id: 'password2' }),\n    await mfkdf.setup.factors.password('password3', { id: 'password3' })\n  ],\n  { size: 8, threshold: 2 }\n)\n// remove 1 factor and add 1 new factor\nawait setup.reconstitute(\n  ['password1'], // remove\n  [await mfkdf.setup.factors.password('password4', { id: 'password4' })] // add\n)\n// derive key with new factors\nconst derived = await mfkdf.derive.key(setup.policy, {\n  password3: mfkdf.derive.factors.password('password3'),\n  password4: mfkdf.derive.factors.password('password4')\n})\nsetup.key.toString('hex') // -> 64587f2a0e65dc3c\nderived.key.toString('hex') // -> 64587f2a0e65dc3c\nsetup.key.toString('hex').should.equal(derived.key.toString('hex'))",
                  "err": {},
                  "uuid": "ab2bbb83-d237-444e-aa7f-e451f24eaa77",
                  "parentUUID": "775eb890-496f-47a4-af8b-c6ae04c466dc",
                  "isHook": false,
                  "skipped": false
                }
              ],
              "suites": [],
              "passes": [
                "8601f185-cec0-4bbf-9b8b-953a34c7dc8c",
                "c2479b64-8591-4a70-a9f1-b2dfa5c459c4",
                "52c6e0d4-075f-477c-a7e0-c29ebf2418a3",
                "9c1ce76a-781e-48ef-9e6f-691a2a94b77d",
                "bf7cc61b-14e7-4656-b3e8-a40e4b08e956",
                "169dbb0e-52d9-430c-b657-b268febb1b58",
                "78155aa9-a5e2-4587-ae9b-eee38f2fc2d1",
                "ab2bbb83-d237-444e-aa7f-e451f24eaa77"
              ],
              "failures": [],
              "pending": [],
              "skipped": [],
              "duration": 50,
              "root": false,
              "rootEmpty": false,
              "_timeout": 5000
            },
            {
              "uuid": "32d968b6-23fe-448e-b818-aec50207bf0a",
              "title": "persistence",
              "fullFile": "C:\\Users\\Vivek\\Projects\\mfkdf\\test\\examples\\examples.js",
              "file": "\\test\\examples\\examples.js",
              "beforeHooks": [],
              "afterHooks": [],
              "tests": [
                {
                  "title": "persistence",
                  "fullTitle": "examples persistence persistence",
                  "timedOut": false,
                  "duration": 5,
                  "state": "passed",
                  "speed": "slow",
                  "pass": true,
                  "fail": false,
                  "pending": false,
                  "context": null,
                  "code": "// setup 3-factor multi-factor derived key\nconst setup = await mfkdf.setup.key(\n  [\n    await mfkdf.setup.factors.password('password1', { id: 'password1' }),\n    await mfkdf.setup.factors.password('password2', { id: 'password2' }),\n    await mfkdf.setup.factors.password('password3', { id: 'password3' })\n  ],\n  { size: 8 }\n)\n// persist one of the factors\nconst factor2 = setup.persistFactor('password2')\n// derive key with 2 factors\nconst derived = await mfkdf.derive.key(setup.policy, {\n  password1: mfkdf.derive.factors.password('password1'),\n  password2: mfkdf.derive.factors.persisted(factor2),\n  password3: mfkdf.derive.factors.password('password3')\n})\nsetup.key.toString('hex') // -> 64587f2a0e65dc3c\nderived.key.toString('hex') // -> 64587f2a0e65dc3c\nsetup.key.toString('hex').should.equal(derived.key.toString('hex'))",
                  "err": {},
                  "uuid": "94181a79-b1a6-4667-a846-c2c941296552",
                  "parentUUID": "32d968b6-23fe-448e-b818-aec50207bf0a",
                  "isHook": false,
                  "skipped": false
                }
              ],
              "suites": [],
              "passes": [
                "94181a79-b1a6-4667-a846-c2c941296552"
              ],
              "failures": [],
              "pending": [],
              "skipped": [],
              "duration": 5,
              "root": false,
              "rootEmpty": false,
              "_timeout": 5000
            },
            {
              "uuid": "297ff7e8-da25-4f80-bd96-18d859c5d782",
              "title": "crypto",
              "fullFile": "C:\\Users\\Vivek\\Projects\\mfkdf\\test\\examples\\examples.js",
              "file": "\\test\\examples\\examples.js",
              "beforeHooks": [],
              "afterHooks": [],
              "tests": [
                {
                  "title": "getSubkey",
                  "fullTitle": "examples crypto getSubkey",
                  "timedOut": false,
                  "duration": 1,
                  "state": "passed",
                  "speed": "slow",
                  "pass": true,
                  "fail": false,
                  "pending": false,
                  "context": null,
                  "code": "// setup multi-factor derived key\nconst key = await mfkdf.setup.key([\n  await mfkdf.setup.factors.password('password')\n])\n// get sub-key for \"eth\"\nconst subkey = key.getSubkey('eth')\nsubkey.toString('hex') // -> 97cbb79f622ef8fcc86ab5e06fc0311377b1e59d6f43b0c24883c38fe8bcbac5",
                  "err": {},
                  "uuid": "e7b975f6-5b15-4fd9-b23f-70ac3f8239a5",
                  "parentUUID": "297ff7e8-da25-4f80-bd96-18d859c5d782",
                  "isHook": false,
                  "skipped": false
                }
              ],
              "suites": [],
              "passes": [
                "e7b975f6-5b15-4fd9-b23f-70ac3f8239a5"
              ],
              "failures": [],
              "pending": [],
              "skipped": [],
              "duration": 1,
              "root": false,
              "rootEmpty": false,
              "_timeout": 5000
            }
          ],
          "passes": [
            "dcc54fcd-e31e-4b0d-a444-23b062757171",
            "8d75ee14-2383-43c0-8ece-d5d391b842cd"
          ],
          "failures": [],
          "pending": [],
          "skipped": [],
          "duration": 9,
          "root": false,
          "rootEmpty": false,
          "_timeout": 5000
        },
        {
          "uuid": "a849aab2-c8e3-4545-bd44-442c48a8f26e",
          "title": "site",
          "fullFile": "C:\\Users\\Vivek\\Projects\\mfkdf\\test\\examples\\site.js",
          "file": "\\test\\examples\\site.js",
          "beforeHooks": [],
          "afterHooks": [],
          "tests": [
            {
              "title": "Go beyond passwords",
              "fullTitle": "site Go beyond passwords",
              "timedOut": false,
              "duration": 5,
              "state": "passed",
              "speed": "slow",
              "pass": true,
              "fail": false,
              "pending": false,
              "context": null,
              "code": "const keyPolicy = JSON.stringify(\n  (\n    await mfkdf.setup.key(\n      [\n        await mfkdf.setup.factors.password('password'),\n        await mfkdf.setup.factors.hotp({\n          secret: Buffer.from('hello world')\n        }),\n        await mfkdf.setup.factors.uuid({\n          id: 'recovery',\n          uuid: '9b1deb4d-3b7d-4bad-9bdd-2b0d7b3dcb6d'\n        })\n      ],\n      { threshold: 2, size: 16, pbkdf2rounds: 1 }\n    )\n  ).policy\n)\nconst derivedKey = await mfkdf.derive.key(JSON.parse(keyPolicy), {\n  password: mfkdf.derive.factors.password('Tr0ub4dour'),\n  hotp: mfkdf.derive.factors.hotp(365287),\n  recovery: mfkdf.derive.factors.uuid(\n    '9b1deb4d-3b7d-4bad-9bdd-2b0d7b3dcb6d'\n  )\n})\nderivedKey.should.be.a('object')",
              "err": {},
              "uuid": "f9a98ba3-019f-4be8-a28c-ce2f34819482",
              "parentUUID": "a849aab2-c8e3-4545-bd44-442c48a8f26e",
              "isHook": false,
              "skipped": false
            },
            {
              "title": "Increased key entropy",
              "fullTitle": "site Increased key entropy",
              "timedOut": false,
              "duration": 1,
              "state": "passed",
              "speed": "slow",
              "pass": true,
              "fail": false,
              "pending": false,
              "context": null,
              "code": "Math.floor(\n  (\n    await mfkdf.setup.key([\n      await mfkdf.setup.factors.password('Tr0ub4dour')\n    ])\n  ).entropyBits.real\n).should.equal(16)\nMath.floor(\n  (\n    await mfkdf.setup.key([\n      await mfkdf.setup.factors.password('Tr0ub4dour'),\n      await mfkdf.setup.factors.hotp(),\n      await mfkdf.setup.factors.hmacsha1()\n    ])\n  ).entropyBits.real\n).should.equal(196)",
              "err": {},
              "uuid": "c995e5d2-ee32-4e9a-b30c-c81ed1030e2c",
              "parentUUID": "a849aab2-c8e3-4545-bd44-442c48a8f26e",
              "isHook": false,
              "skipped": false
            },
            {
              "title": "Enforce advanced policies",
              "fullTitle": "site Enforce advanced policies",
              "timedOut": false,
              "duration": 333,
              "state": "passed",
              "speed": "slow",
              "pass": true,
              "fail": false,
              "pending": false,
              "context": null,
              "code": "const policyBasedKey = await mfkdf.policy.setup(\n  await mfkdf.policy.or(\n    await mfkdf.setup.factors.uuid({ id: 'recoveryCode' }),\n    await mfkdf.policy.and(\n      await mfkdf.setup.factors.password('Tr0ub4dour'),\n      await mfkdf.setup.factors.totp()\n    )\n  )\n)\npolicyBasedKey.should.be.a('object')",
              "err": {},
              "uuid": "0d019261-e0e6-4a36-beea-40570ce5ee4a",
              "parentUUID": "a849aab2-c8e3-4545-bd44-442c48a8f26e",
              "isHook": false,
              "skipped": false
            },
            {
              "title": "Self-service factor recovery",
              "fullTitle": "site Self-service factor recovery",
              "timedOut": false,
              "duration": 5,
              "state": "passed",
              "speed": "slow",
              "pass": true,
              "fail": false,
              "pending": false,
              "context": null,
              "code": "const keyPolicy = JSON.stringify(\n  (\n    await mfkdf.setup.key(\n      [\n        await mfkdf.setup.factors.password('password'),\n        await mfkdf.setup.factors.hotp({\n          secret: Buffer.from('hello world')\n        }),\n        await mfkdf.setup.factors.uuid({\n          id: 'recoveryCode',\n          uuid: '9b1deb4d-3b7d-4bad-9bdd-2b0d7b3dcb6d'\n        })\n      ],\n      { threshold: 2, size: 16, pbkdf2rounds: 1 }\n    )\n  ).policy\n)\nconst key = await mfkdf.derive.key(JSON.parse(keyPolicy), {\n  hotp: mfkdf.derive.factors.hotp(365287),\n  recoveryCode: mfkdf.derive.factors.uuid(\n    '9b1deb4d-3b7d-4bad-9bdd-2b0d7b3dcb6d'\n  )\n})\nawait key.recoverFactor(\n  await mfkdf.setup.factors.password('myNewPassword', { id: 'password' })\n) // modify key to use new password factor",
              "err": {},
              "uuid": "d376bb54-0438-46bf-96a7-75eb8f9bf728",
              "parentUUID": "a849aab2-c8e3-4545-bd44-442c48a8f26e",
              "isHook": false,
              "skipped": false
            }
          ],
          "suites": [],
          "passes": [
            "f9a98ba3-019f-4be8-a28c-ce2f34819482",
            "c995e5d2-ee32-4e9a-b30c-c81ed1030e2c",
            "0d019261-e0e6-4a36-beea-40570ce5ee4a",
            "d376bb54-0438-46bf-96a7-75eb8f9bf728"
          ],
          "failures": [],
          "pending": [],
          "skipped": [],
          "duration": 344,
          "root": false,
          "rootEmpty": false,
          "_timeout": 5000
        },
        {
          "uuid": "0725e466-71e4-4c95-b29b-3a54a5325035",
          "title": "tutorials",
          "fullFile": "C:\\Users\\Vivek\\Projects\\mfkdf\\test\\examples\\tutorials.js",
          "file": "\\test\\examples\\tutorials.js",
          "beforeHooks": [],
          "afterHooks": [],
          "tests": [
            {
              "title": "Persistence",
              "fullTitle": "tutorials Persistence",
              "timedOut": false,
              "duration": 6,
              "state": "passed",
              "speed": "slow",
              "pass": true,
              "fail": false,
              "pending": false,
[...]
                  "isHook": false,
                  "skipped": false
                },
                {
                  "title": "invalid/range",
                  "fullTitle": "setup/key id invalid/range",
                  "timedOut": false,
                  "duration": 0,
                  "state": "passed",
                  "speed": "fast",
                  "pass": true,
                  "fail": false,
                  "pending": false,
                  "context": null,
                  "code": "mfkdf.setup\n  .key([await mfkdf.setup.factors.password('hello')], { id: '' })\n  .should.be.rejectedWith(RangeError)",
                  "err": {},
                  "uuid": "ed2185f2-4fc4-468f-bfc2-8ddfd770afd8",
                  "parentUUID": "f26bfea6-2b11-4971-b7c9-c1a9f8fa1cc0",
                  "isHook": false,
                  "skipped": false
                }
              ],
              "suites": [],
              "passes": [
                "587feacb-35c2-4cc5-bcc5-42bc2b7f560c",
                "b18b5779-eea4-4102-8bf7-5e47cd10e997",
                "06bc0c86-ee51-4ed1-9215-208dd5161cf9",
                "ed2185f2-4fc4-468f-bfc2-8ddfd770afd8"
              ],
              "failures": [],
              "pending": [],
              "skipped": [],
              "duration": 2,
              "root": false,
              "rootEmpty": false,
              "_timeout": 5000
            },
            {
              "uuid": "beda613f-9194-4ac0-8a52-c141bc57e3e9",
              "title": "size",
              "fullFile": "C:\\Users\\Vivek\\Projects\\mfkdf\\test\\setup\\key.js",
              "file": "\\test\\setup\\key.js",
              "beforeHooks": [],
              "afterHooks": [],
              "tests": [
                {
                  "title": "default",
                  "fullTitle": "setup/key size default",
                  "timedOut": false,
                  "duration": 0,
                  "state": "passed",
                  "speed": "fast",
                  "pass": true,
                  "fail": false,
                  "pending": false,
                  "context": null,
                  "code": "const { policy } = await mfkdf.setup.key([\n  await mfkdf.setup.factors.password('hello')\n])\npolicy.size.should.equal(32)",
                  "err": {},
                  "uuid": "e804c7f9-860b-4e7d-bb80-7dc4fb4fcaca",
                  "parentUUID": "beda613f-9194-4ac0-8a52-c141bc57e3e9",
                  "isHook": false,
                  "skipped": false
                },
                {
                  "title": "valid",
                  "fullTitle": "setup/key size valid",
                  "timedOut": false,
                  "duration": 0,
                  "state": "passed",
                  "speed": "fast",
                  "pass": true,
                  "fail": false,
                  "pending": false,
                  "context": null,
                  "code": "const { policy } = await mfkdf.setup.key(\n  [await mfkdf.setup.factors.password('hello')],\n  { size: 64 }\n)\npolicy.size.should.equal(64)",
                  "err": {},
                  "uuid": "13f967bb-b329-4958-964e-4ecb9b6ebfbd",
                  "parentUUID": "beda613f-9194-4ac0-8a52-c141bc57e3e9",
                  "isHook": false,
                  "skipped": false
                },
                {
                  "title": "invalid/type",
                  "fullTitle": "setup/key size invalid/type",
                  "timedOut": false,
                  "duration": 0,
                  "state": "passed",
                  "speed": "fast",
                  "pass": true,
                  "fail": false,
                  "pending": false,
                  "context": null,
                  "code": "mfkdf.setup\n  .key([await mfkdf.setup.factors.password('hello')], { size: 'hello' })\n  .should.be.rejectedWith(TypeError)",
                  "err": {},
                  "uuid": "b2a054e7-a234-4984-b854-82bba70b00d1",
                  "parentUUID": "beda613f-9194-4ac0-8a52-c141bc57e3e9",
                  "isHook": false,
                  "skipped": false
                },
                {
                  "title": "invalid/range",
                  "fullTitle": "setup/key size invalid/range",
                  "timedOut": false,
                  "duration": 0,
                  "state": "passed",
                  "speed": "fast",
                  "pass": true,
                  "fail": false,
                  "pending": false,
                  "context": null,
                  "code": "mfkdf.setup\n  .key([await mfkdf.setup.factors.password('hello')], { size: 0 })\n  .should.be.rejectedWith(RangeError)",
                  "err": {},
                  "uuid": "bf18cecc-6492-4618-a036-6a4f15765fc9",
                  "parentUUID": "beda613f-9194-4ac0-8a52-c141bc57e3e9",
                  "isHook": false,
                  "skipped": false
                }
              ],
              "suites": [],
              "passes": [
                "e804c7f9-860b-4e7d-bb80-7dc4fb4fcaca",
                "13f967bb-b329-4958-964e-4ecb9b6ebfbd",
                "b2a054e7-a234-4984-b854-82bba70b00d1",
                "bf18cecc-6492-4618-a036-6a4f15765fc9"
              ],
              "failures": [],
              "pending": [],
              "skipped": [],
              "duration": 0,
              "root": false,
              "rootEmpty": false,
              "_timeout": 5000
            },
            {
              "uuid": "efe1db46-03b9-4e74-9bc4-f524fea9a274",
              "title": "threshold",
              "fullFile": "C:\\Users\\Vivek\\Projects\\mfkdf\\test\\setup\\key.js",
              "file": "\\test\\setup\\key.js",
              "beforeHooks": [],
              "afterHooks": [],
              "tests": [
                {
                  "title": "default",
                  "fullTitle": "setup/key threshold default",
                  "timedOut": false,
                  "duration": 1,
                  "state": "passed",
                  "speed": "slow",
                  "pass": true,
                  "fail": false,
                  "pending": false,
                  "context": null,
                  "code": "const { policy } = await mfkdf.setup.key([\n  await mfkdf.setup.factors.password('hello', { id: 'password1' }),\n  await mfkdf.setup.factors.password('hello', { id: 'password2' })\n])\npolicy.threshold.should.equal(2)",
                  "err": {},
                  "uuid": "f6b90194-e550-4943-842c-86e84b87b2dd",
                  "parentUUID": "efe1db46-03b9-4e74-9bc4-f524fea9a274",
                  "isHook": false,
                  "skipped": false
                },
                {
                  "title": "valid",
                  "fullTitle": "setup/key threshold valid",
                  "timedOut": false,
                  "duration": 0,
                  "state": "passed",
                  "speed": "fast",
                  "pass": true,
                  "fail": false,
                  "pending": false,
                  "context": null,
                  "code": "const { policy } = await mfkdf.setup.key(\n  [\n    await mfkdf.setup.factors.password('hello', { id: 'password1' }),\n    await mfkdf.setup.factors.password('hello', { id: 'password2' })\n  ],\n  { threshold: 1 }\n)\npolicy.threshold.should.equal(1)",
                  "err": {},
                  "uuid": "c68c1647-08f3-43d7-9099-a0c52a8d7530",
                  "parentUUID": "efe1db46-03b9-4e74-9bc4-f524fea9a274",
                  "isHook": false,
                  "skipped": false
                },
                {
                  "title": "invalid/type",
                  "fullTitle": "setup/key threshold invalid/type",
                  "timedOut": false,
                  "duration": 0,
                  "state": "passed",
                  "speed": "fast",
                  "pass": true,
                  "fail": false,
                  "pending": false,
                  "context": null,
                  "code": "mfkdf.setup\n  .key([await mfkdf.setup.factors.password('hello')], {\n    threshold: 'hello'\n  })\n  .should.be.rejectedWith(TypeError)",
                  "err": {},
                  "uuid": "b2efb80d-7a6b-4b22-a82d-809fd449d817",
                  "parentUUID": "efe1db46-03b9-4e74-9bc4-f524fea9a274",
                  "isHook": false,
                  "skipped": false
                },
                {
                  "title": "invalid/range",
                  "fullTitle": "setup/key threshold invalid/range",
                  "timedOut": false,
                  "duration": 1,
                  "state": "passed",
                  "speed": "slow",
                  "pass": true,
                  "fail": false,
                  "pending": false,
                  "context": null,
                  "code": "mfkdf.setup\n  .key([await mfkdf.setup.factors.password('hello')], { threshold: 0 })\n  .should.be.rejectedWith(RangeError)\nmfkdf.setup\n  .key([await mfkdf.setup.factors.password('hello')], { threshold: 2 })\n  .should.be.rejectedWith(RangeError)",
                  "err": {},
                  "uuid": "8763a690-036a-43d8-9ba2-7c14b5814bbd",
                  "parentUUID": "efe1db46-03b9-4e74-9bc4-f524fea9a274",
                  "isHook": false,
                  "skipped": false
                }
              ],
              "suites": [],
              "passes": [
                "f6b90194-e550-4943-842c-86e84b87b2dd",
                "c68c1647-08f3-43d7-9099-a0c52a8d7530",
                "b2efb80d-7a6b-4b22-a82d-809fd449d817",
                "8763a690-036a-43d8-9ba2-7c14b5814bbd"
              ],
              "failures": [],
              "pending": [],
              "skipped": [],
              "duration": 2,
              "root": false,
              "rootEmpty": false,
              "_timeout": 5000
            },
            {
              "uuid": "36588ed9-efcd-4e54-8aea-f2db9b50601a",
              "title": "salt",
              "fullFile": "C:\\Users\\Vivek\\Projects\\mfkdf\\test\\setup\\key.js",
              "file": "\\test\\setup\\key.js",
              "beforeHooks": [],
              "afterHooks": [],
              "tests": [
                {
                  "title": "default",
                  "fullTitle": "setup/key salt default",
                  "timedOut": false,
                  "duration": 0,
                  "state": "passed",
                  "speed": "fast",
                  "pass": true,
                  "fail": false,
                  "pending": false,
                  "context": null,
                  "code": "const { policy } = await mfkdf.setup.key(\n  [await mfkdf.setup.factors.password('hello')],\n  { size: 48 }\n)\nconst salt = Buffer.from(policy.salt, 'base64')\nsalt.length.should.equal(48)",
                  "err": {},
                  "uuid": "584b4217-c171-403f-a5fe-72912c4d691f",
                  "parentUUID": "36588ed9-efcd-4e54-8aea-f2db9b50601a",
                  "isHook": false,
                  "skipped": false
                },
                {
                  "title": "valid",
                  "fullTitle": "setup/key salt valid",
                  "timedOut": false,
                  "duration": 1,
                  "state": "passed",
                  "speed": "slow",
                  "pass": true,
                  "fail": false,
                  "pending": false,
                  "context": null,
                  "code": "const { policy } = await mfkdf.setup.key(\n  [await mfkdf.setup.factors.password('hello')],\n  { salt: Buffer.from('1234567812345678', 'base64') }\n)\npolicy.salt.should.equal('1234567812345678')",
                  "err": {},
                  "uuid": "91d086de-4ecb-4e16-b7af-68204d1ccc0a",
                  "parentUUID": "36588ed9-efcd-4e54-8aea-f2db9b50601a",
                  "isHook": false,
                  "skipped": false
                },
                {
                  "title": "invalid/type",
                  "fullTitle": "setup/key salt invalid/type",
                  "timedOut": false,
                  "duration": 0,
                  "state": "passed",
                  "speed": "fast",
                  "pass": true,
                  "fail": false,
                  "pending": false,
                  "context": null,
                  "code": "mfkdf.setup\n  .key([await mfkdf.setup.factors.password('hello')], { salt: 'hello' })\n  .should.be.rejectedWith(TypeError)",
                  "err": {},
                  "uuid": "a72bf2d1-8c06-4aa6-81ec-5e9be7d1bfa8",
                  "parentUUID": "36588ed9-efcd-4e54-8aea-f2db9b50601a",
                  "isHook": false,
                  "skipped": false
                }
              ],
              "suites": [],
              "passes": [
                "584b4217-c171-403f-a5fe-72912c4d691f",
                "91d086de-4ecb-4e16-b7af-68204d1ccc0a",
                "a72bf2d1-8c06-4aa6-81ec-5e9be7d1bfa8"
              ],
              "failures": [],
              "pending": [],
              "skipped": [],
              "duration": 1,
              "root": false,
              "rootEmpty": false,
              "_timeout": 5000
            },
            {
              "uuid": "45860699-8fc5-4b65-9291-d95555c06583",
              "title": "factors",
              "fullFile": "C:\\Users\\Vivek\\Projects\\mfkdf\\test\\setup\\key.js",
              "file": "\\test\\setup\\key.js",
              "beforeHooks": [],
              "afterHooks": [],
              "tests": [
                {
                  "title": "valid",
                  "fullTitle": "setup/key factors valid",
                  "timedOut": false,
                  "duration": 0,
                  "state": "passed",
                  "speed": "fast",
                  "pass": true,
                  "fail": false,
                  "pending": false,
                  "context": null,
                  "code": "await mfkdf.setup.key([\n  {\n    type: 'password',\n    id: 'password',\n    data: Buffer.from('password', 'utf-8'),\n    params: async () => {\n      return {}\n    },\n    output: async () => {\n      return {}\n    }\n  }\n])",
                  "err": {},
                  "uuid": "fa780f41-bfd9-4a01-864e-82145896dcf0",
                  "parentUUID": "45860699-8fc5-4b65-9291-d95555c06583",
                  "isHook": false,
                  "skipped": false
                },
                {
                  "title": "id",
                  "fullTitle": "setup/key factors id",
                  "timedOut": false,
                  "duration": 0,
                  "state": "passed",
                  "speed": "fast",
                  "pass": true,
                  "fail": false,
                  "pending": false,
                  "context": null,
                  "code": "mfkdf.setup\n  .key([\n    await mfkdf.setup.factors.password('hello', { id: 'password1' }),\n    await mfkdf.setup.factors.password('hello', { id: 'password1' })\n  ])\n  .should.be.rejectedWith(RangeError)",
                  "err": {},
                  "uuid": "3b95356b-e93a-44b7-99e6-f4ba0adedd1d",
                  "parentUUID": "45860699-8fc5-4b65-9291-d95555c06583",
                  "isHook": false,
                  "skipped": false
                },
                {
                  "title": "invalid/type",
                  "fullTitle": "setup/key factors invalid/type",
                  "timedOut": false,
                  "duration": 0,
                  "state": "passed",
                  "speed": "fast",
                  "pass": true,
                  "fail": false,
                  "pending": false,
                  "context": null,
                  "code": "mfkdf.setup.key('hello').should.be.rejectedWith(TypeError)\nmfkdf.setup\n  .key([\n    {\n      type: 12345,\n      id: 'password',\n      data: Buffer.from('password', 'utf-8'),\n      params: async () => {\n        return {}\n      }\n    }\n  ])\n  .should.be.rejectedWith(TypeError)\nmfkdf.setup\n  .key([\n    {\n      type: 'password',\n      id: 12345,\n      data: Buffer.from('password', 'utf-8'),\n      params: async () => {\n        return {}\n      }\n    }\n  ])\n  .should.be.rejectedWith(TypeError)\nmfkdf.setup\n  .key([\n    {\n      type: 'password',\n      id: 'password',\n      data: 12345,\n      params: async () => {\n        return {}\n      }\n    }\n  ])\n  .should.be.rejectedWith(TypeError)\nmfkdf.setup\n  .key([\n    {\n      type: 'password',\n      id: 'password',\n      data: Buffer.from('password', 'utf-8'),\n      params: 12345\n    }\n  ])\n  .should.be.rejectedWith(TypeError)",
                  "err": {},
                  "uuid": "b2c85a6d-22b9-46ee-8cd3-05cabdf75d49",
                  "parentUUID": "45860699-8fc5-4b65-9291-d95555c06583",
                  "isHook": false,
                  "skipped": false
                },
                {
                  "title": "invalid/range",
                  "fullTitle": "setup/key factors invalid/range",
                  "timedOut": false,
                  "duration": 1,
                  "state": "passed",
                  "speed": "slow",
                  "pass": true,
                  "fail": false,
                  "pending": false,
                  "context": null,
                  "code": "mfkdf.setup.key([]).should.be.rejectedWith(RangeError)\nmfkdf.setup\n  .key([\n    {\n      type: '',\n      id: 'password',\n      data: Buffer.from('password', 'utf-8'),\n      params: async () => {\n        return {}\n      }\n    }\n  ])\n  .should.be.rejectedWith(RangeError)\nmfkdf.setup\n  .key([\n    {\n      type: 'password',\n      id: '',\n      data: Buffer.from('password', 'utf-8'),\n      params: async () => {\n        return {}\n      }\n    }\n  ])\n  .should.be.rejectedWith(RangeError)\nmfkdf.setup\n  .key([\n    {\n      type: 'password',\n      id: 'password',\n      data: Buffer.from('', 'utf-8'),\n      params: async () => {\n        return {}\n      }\n    }\n  ])\n  .should.be.rejectedWith(RangeError)",
                  "err": {},
                  "uuid": "00e60621-4883-4066-ba80-482dc00feb28",
                  "parentUUID": "45860699-8fc5-4b65-9291-d95555c06583",
                  "isHook": false,
                  "skipped": false
                }
              ],
              "suites": [],
              "passes": [
                "fa780f41-bfd9-4a01-864e-82145896dcf0",
                "3b95356b-e93a-44b7-99e6-f4ba0adedd1d",
                "b2c85a6d-22b9-46ee-8cd3-05cabdf75d49",
                "00e60621-4883-4066-ba80-482dc00feb28"
              ],
              "failures": [],
              "pending": [],
              "skipped": [],
              "duration": 1,
              "root": false,
              "rootEmpty": false,
              "_timeout": 5000
            }
          ],
          "passes": [
            "a71ed4d1-73f8-4534-817c-2731b8dfacbd"
          ],
          "failures": [],
          "pending": [],
          "skipped": [],
          "duration": 3,
          "root": false,
          "rootEmpty": false,
          "_timeout": 5000
        }
      ],
      "passes": [],
      "failures": [],
      "pending": [],
      "skipped": [],
      "duration": 0,
      "root": true,
      "rootEmpty": true,
      "_timeout": 5000
    }
  ],
  "meta": {
    "mocha": {
      "version": "10.8.2"
    },
    "mochawesome": {
      "options": {
        "quiet": false,
        "reportFilename": "mochawesome",
        "saveHtml": true,
        "saveJson": true,
        "consoleReporter": "spec",
        "useInlineDiffs": false,
        "code": true
      },
      "version": "7.1.3"
    },
    "marge": {
      "options": {
        "reportDir": "./site/mochawesome"
      },
      "version": "6.2.0"
    }
  }
}