{
  "stats": {
    "suites": 85,
    "tests": 335,
    "passes": 335,
    "pending": 0,
    "failures": 0,
    "start": "2023-06-15T00:49:05.794Z",
    "end": "2023-06-15T00:50:25.995Z",
    "duration": 80201,
    "testsRegistered": 335,
    "passPercent": 100,
    "pendingPercent": 0,
    "other": 0,
    "hasOther": false,
    "skipped": 0,
    "hasSkipped": false
  },
  "results": [
    {
      "uuid": "f4f483a4-ce53-4a2c-8f79-f0f6b786dad9",
      "title": "",
      "fullFile": "",
      "file": "",
      "beforeHooks": [],
      "afterHooks": [],
      "tests": [],
      "suites": [
        {
          "uuid": "e8738d88-8472-48c3-b97e-ff10c1c8bfa2",
          "title": "asymmetric",
          "fullFile": "C:\\xampp\\htdocs\\Multifactor\\MFKDF\\test\\crypto\\asymmetric.js",
          "file": "\\test\\crypto\\asymmetric.js",
          "beforeHooks": [],
          "afterHooks": [],
          "tests": [],
          "suites": [
            {
              "uuid": "6839bfdc-6fb3-4d3c-9179-bc8170a8a1bf",
              "title": "encryption",
              "fullFile": "C:\\xampp\\htdocs\\Multifactor\\MFKDF\\test\\crypto\\asymmetric.js",
              "file": "\\test\\crypto\\asymmetric.js",
              "beforeHooks": [],
              "afterHooks": [],
              "tests": [
                {
                  "title": "rsa1024",
                  "fullTitle": "asymmetric encryption rsa1024",
                  "timedOut": false,
                  "duration": 215,
                  "state": "passed",
                  "speed": "slow",
                  "pass": true,
                  "fail": false,
                  "pending": false,
                  "context": null,
                  "code": "const setup = await mfkdf.setup.key([\n  await mfkdf.setup.factors.uuid({ id: 'uuid1', uuid: '9b1deb4d-3b7d-4bad-9bdd-2b0d7b3dcb6d' })\n])\nconst ct = await setup.encrypt('hello world', 'rsa1024')\nconst pt = await setup.decrypt(ct, 'rsa1024')\npt.toString().should.equal('hello world')",
                  "err": {},
                  "uuid": "d453a721-52db-4f19-84d3-165b495c3730",
                  "parentUUID": "6839bfdc-6fb3-4d3c-9179-bc8170a8a1bf",
                  "isHook": false,
                  "skipped": false
                },
                {
                  "title": "rsa2048",
                  "fullTitle": "asymmetric encryption rsa2048",
                  "timedOut": false,
                  "duration": 1150,
                  "state": "passed",
                  "speed": "slow",
                  "pass": true,
                  "fail": false,
                  "pending": false,
                  "context": null,
                  "code": "const setup = await mfkdf.setup.key([\n  await mfkdf.setup.factors.uuid({ id: 'uuid1', uuid: '9b1deb4d-3b7d-4bad-9bdd-2b0d7b3dcb6d' })\n])\nconst ct = await setup.encrypt('hello world', 'rsa2048')\nconst pt = await setup.decrypt(ct, 'rsa2048')\npt.toString().should.equal('hello world')",
                  "err": {},
                  "uuid": "ac3c2d7d-cc62-406e-94be-35efa800957a",
                  "parentUUID": "6839bfdc-6fb3-4d3c-9179-bc8170a8a1bf",
                  "isHook": false,
                  "skipped": false
                }
              ],
              "suites": [],
              "passes": [
                "d453a721-52db-4f19-84d3-165b495c3730",
                "ac3c2d7d-cc62-406e-94be-35efa800957a"
              ],
              "failures": [],
              "pending": [],
              "skipped": [],
              "duration": 1365,
              "root": false,
              "rootEmpty": false,
              "_timeout": 5000
            },
            {
              "uuid": "b5ba25f0-787d-4379-9c55-b28340ae109d",
              "title": "signatures",
              "fullFile": "C:\\xampp\\htdocs\\Multifactor\\MFKDF\\test\\crypto\\asymmetric.js",
              "file": "\\test\\crypto\\asymmetric.js",
              "beforeHooks": [],
              "afterHooks": [],
              "tests": [
                {
                  "title": "rsa1024",
                  "fullTitle": "asymmetric signatures rsa1024",
                  "timedOut": false,
                  "duration": 233,
                  "state": "passed",
                  "speed": "slow",
                  "pass": true,
                  "fail": false,
                  "pending": false,
                  "context": null,
                  "code": "const setup = await mfkdf.setup.key([\n  await mfkdf.setup.factors.uuid({ id: 'uuid1', uuid: '9b1deb4d-3b7d-4bad-9bdd-2b0d7b3dcb6d' })\n])\nconst signature = await setup.sign('hello world', 'rsa1024')\nconst validity = await setup.verify('hello world', signature, 'rsa1024')\nvalidity.should.be.true",
                  "err": {},
                  "uuid": "34d0236f-5f62-40ce-8cce-ee8e8d01db1e",
                  "parentUUID": "b5ba25f0-787d-4379-9c55-b28340ae109d",
                  "isHook": false,
                  "skipped": false
                },
                {
                  "title": "rsa2048",
                  "fullTitle": "asymmetric signatures rsa2048",
                  "timedOut": false,
                  "duration": 1635,
                  "state": "passed",
                  "speed": "slow",
                  "pass": true,
                  "fail": false,
                  "pending": false,
                  "context": null,
                  "code": "const setup = await mfkdf.setup.key([\n  await mfkdf.setup.factors.uuid({ id: 'uuid1', uuid: '9b1deb4d-3b7d-4bad-9bdd-2b0d7b3dcb6d' })\n])\nconst signature = await setup.sign('hello world', 'rsa2048')\nconst validity = await setup.verify('hello world', signature, 'rsa2048')\nvalidity.should.be.true",
                  "err": {},
                  "uuid": "f24fff29-4fdd-4eda-a873-300f1f2a2986",
                  "parentUUID": "b5ba25f0-787d-4379-9c55-b28340ae109d",
                  "isHook": false,
                  "skipped": false
                },
                {
                  "title": "rsa3072",
                  "fullTitle": "asymmetric signatures rsa3072",
                  "timedOut": false,
                  "duration": 20585,
                  "state": "passed",
                  "speed": "slow",
                  "pass": true,
                  "fail": false,
                  "pending": false,
                  "context": null,
                  "code": "const setup = await mfkdf.setup.key([\n  await mfkdf.setup.factors.uuid({ id: 'uuid1', uuid: '9b1deb4d-3b7d-4bad-9bdd-2b0d7b3dcb6d' })\n])\nconst signature = await setup.sign('hello world', 'rsa3072')\nconst validity = await setup.verify('hello world', signature, 'rsa3072')\nvalidity.should.be.true",
                  "err": {},
                  "uuid": "50bb913f-e39f-4648-b359-dfcfdcfa230e",
                  "parentUUID": "b5ba25f0-787d-4379-9c55-b28340ae109d",
                  "isHook": false,
                  "skipped": false
                },
                {
                  "title": "defaults",
                  "fullTitle": "asymmetric signatures defaults",
                  "timedOut": false,
                  "duration": 15036,
                  "state": "passed",
                  "speed": "slow",
                  "pass": true,
                  "fail": false,
                  "pending": false,
                  "context": null,
                  "code": "const setup = await mfkdf.setup.key([\n  await mfkdf.setup.factors.uuid({ id: 'uuid1', uuid: '9b1deb4d-3b7d-4bad-9bdd-2b0d7b3dcb6d' })\n])\nconst signature = await setup.sign('hello world')\nconst validity = await setup.verify('hello world', signature)\nvalidity.should.be.true\nawait setup.getAsymmetricKeyPair()",
                  "err": {},
                  "uuid": "e25defb3-1bf1-46be-a59e-44be8435c57f",
                  "parentUUID": "b5ba25f0-787d-4379-9c55-b28340ae109d",
                  "isHook": false,
                  "skipped": false
                },
                {
                  "title": "ed25519",
                  "fullTitle": "asymmetric signatures ed25519",
                  "timedOut": false,
                  "duration": 66,
                  "state": "passed",
                  "speed": "slow",
                  "pass": true,
                  "fail": false,
                  "pending": false,
                  "context": null,
                  "code": "const setup = await mfkdf.setup.key([\n  await mfkdf.setup.factors.uuid({ id: 'uuid1', uuid: '9b1deb4d-3b7d-4bad-9bdd-2b0d7b3dcb6d' })\n])\nawait setup.getAsymmetricKeyPair('ed25519')",
                  "err": {},
                  "uuid": "81621503-10fa-4a55-98ea-8fe6ff737a19",
                  "parentUUID": "b5ba25f0-787d-4379-9c55-b28340ae109d",
                  "isHook": false,
                  "skipped": false
                },
                {
                  "title": "unknown",
                  "fullTitle": "asymmetric signatures unknown",
                  "timedOut": false,
                  "duration": 45,
                  "state": "passed",
                  "speed": "slow",
                  "pass": true,
                  "fail": false,
                  "pending": false,
                  "context": null,
                  "code": "const setup = await mfkdf.setup.key([\n  await mfkdf.setup.factors.uuid({ id: 'uuid1', uuid: '9b1deb4d-3b7d-4bad-9bdd-2b0d7b3dcb6d' })\n])\nsetup.getAsymmetricKeyPair('unknown').should.be.rejectedWith(RangeError)",
                  "err": {},
                  "uuid": "7024c844-529b-48fb-8943-9b40ffdc501c",
                  "parentUUID": "b5ba25f0-787d-4379-9c55-b28340ae109d",
                  "isHook": false,
                  "skipped": false
                },
                {
                  "title": "errors",
                  "fullTitle": "asymmetric signatures errors",
                  "timedOut": false,
                  "duration": 2655,
                  "state": "passed",
                  "speed": "slow",
                  "pass": true,
                  "fail": false,
                  "pending": false,
                  "context": null,
                  "code": "const setup = await mfkdf.setup.key([\n  await mfkdf.setup.factors.uuid({ id: 'uuid1', uuid: '9b1deb4d-3b7d-4bad-9bdd-2b0d7b3dcb6d' })\n])\nsetup.sign(12345, 'rsa1024').should.be.rejectedWith(TypeError)\nconst signature = await setup.sign('hello world')\nsetup.verify(12345, signature).should.be.rejectedWith(TypeError)",
                  "err": {},
                  "uuid": "21576be7-e9d4-472c-a96a-0b8701734cd7",
                  "parentUUID": "b5ba25f0-787d-4379-9c55-b28340ae109d",
                  "isHook": false,
                  "skipped": false
                }
              ],
              "suites": [],
              "passes": [
                "34d0236f-5f62-40ce-8cce-ee8e8d01db1e",
                "f24fff29-4fdd-4eda-a873-300f1f2a2986",
                "50bb913f-e39f-4648-b359-dfcfdcfa230e",
                "e25defb3-1bf1-46be-a59e-44be8435c57f",
                "81621503-10fa-4a55-98ea-8fe6ff737a19",
                "7024c844-529b-48fb-8943-9b40ffdc501c",
                "21576be7-e9d4-472c-a96a-0b8701734cd7"
              ],
              "failures": [],
              "pending": [],
              "skipped": [],
              "duration": 40255,
              "root": false,
              "rootEmpty": false,
              "_timeout": 5000
            }
          ],
          "passes": [],
          "failures": [],
          "pending": [],
          "skipped": [],
          "duration": 0,
          "root": false,
          "rootEmpty": false,
          "_timeout": 5000
        },
        {
          "uuid": "57f6d1db-881b-4665-91ce-bf3c6aaa220d",
          "title": "encrypt",
          "fullFile": "C:\\xampp\\htdocs\\Multifactor\\MFKDF\\test\\crypto\\symmetric.js",
          "file": "\\test\\crypto\\symmetric.js",
          "beforeHooks": [],
          "afterHooks": [],
          "tests": [
            {
              "title": "defaults",
              "fullTitle": "encrypt defaults",
              "timedOut": false,
              "duration": 142,
              "state": "passed",
              "speed": "slow",
              "pass": true,
              "fail": false,
              "pending": false,
              "context": null,
              "code": "const setup = await mfkdf.setup.key([\n  await mfkdf.setup.factors.uuid({ id: 'uuid1', uuid: '9b1deb4d-3b7d-4bad-9bdd-2b0d7b3dcb6d' })\n])\nconst ciphertext = await setup.encrypt(Buffer.from('hello world'))\nconst derive = await mfkdf.derive.key(setup.policy, {\n  uuid1: mfkdf.derive.factors.uuid('9b1deb4d-3b7d-4bad-9bdd-2b0d7b3dcb6d')\n})\nconst plaintext = await derive.decrypt(ciphertext)\nplaintext.toString().should.equal('hello world')",
              "err": {},
              "uuid": "05e5cef2-ea10-43da-a5f9-5e51e6d92307",
              "parentUUID": "57f6d1db-881b-4665-91ce-bf3c6aaa220d",
              "isHook": false,
              "skipped": false
            },
            {
              "title": "AES256-CBC",
              "fullTitle": "encrypt AES256-CBC",
              "timedOut": false,
              "duration": 130,
              "state": "passed",
              "speed": "slow",
              "pass": true,
              "fail": false,
              "pending": false,
              "context": null,
              "code": "const setup = await mfkdf.setup.key([\n  await mfkdf.setup.factors.uuid({ id: 'uuid1', uuid: '9b1deb4d-3b7d-4bad-9bdd-2b0d7b3dcb6d' })\n])\nconst ciphertext = await setup.encrypt(Buffer.from('hello world'), 'aes256')\nconst derive = await mfkdf.derive.key(setup.policy, {\n  uuid1: mfkdf.derive.factors.uuid('9b1deb4d-3b7d-4bad-9bdd-2b0d7b3dcb6d')\n})\nconst plaintext = await derive.decrypt(ciphertext, 'aes256')\nplaintext.toString().should.equal('hello world')",
              "err": {},
              "uuid": "b2b20a94-82ff-4778-b4bc-d307a2694e16",
              "parentUUID": "57f6d1db-881b-4665-91ce-bf3c6aaa220d",
              "isHook": false,
              "skipped": false
            },
            {
              "title": "AES192-CBC",
              "fullTitle": "encrypt AES192-CBC",
              "timedOut": false,
              "duration": 125,
              "state": "passed",
              "speed": "slow",
              "pass": true,
              "fail": false,
              "pending": false,
              "context": null,
              "code": "const setup = await mfkdf.setup.key([\n  await mfkdf.setup.factors.uuid({ id: 'uuid1', uuid: '9b1deb4d-3b7d-4bad-9bdd-2b0d7b3dcb6d' })\n])\nconst ciphertext = await setup.encrypt('hello world', 'aes192')\nconst derive = await mfkdf.derive.key(setup.policy, {\n  uuid1: mfkdf.derive.factors.uuid('9b1deb4d-3b7d-4bad-9bdd-2b0d7b3dcb6d')\n})\nconst plaintext = await derive.decrypt(ciphertext, 'aes192')\nplaintext.toString().should.equal('hello world')",
              "err": {},
              "uuid": "3f175629-614a-422b-a8a3-47526557b232",
              "parentUUID": "57f6d1db-881b-4665-91ce-bf3c6aaa220d",
              "isHook": false,
              "skipped": false
            },
            {
              "title": "AES128-CBC",
              "fullTitle": "encrypt AES128-CBC",
              "timedOut": false,
              "duration": 125,
              "state": "passed",
              "speed": "slow",
              "pass": true,
              "fail": false,
              "pending": false,
              "context": null,
              "code": "const setup = await mfkdf.setup.key([\n  await mfkdf.setup.factors.uuid({ id: 'uuid1', uuid: '9b1deb4d-3b7d-4bad-9bdd-2b0d7b3dcb6d' })\n])\nconst ciphertext = await setup.encrypt('hello world', 'aes128')\nconst derive = await mfkdf.derive.key(setup.policy, {\n  uuid1: mfkdf.derive.factors.uuid('9b1deb4d-3b7d-4bad-9bdd-2b0d7b3dcb6d')\n})\nconst plaintext = await derive.decrypt(ciphertext, 'aes128')\nplaintext.toString().should.equal('hello world')",
              "err": {},
              "uuid": "096ee9db-6757-49b6-bc00-934ac7efee79",
              "parentUUID": "57f6d1db-881b-4665-91ce-bf3c6aaa220d",
              "isHook": false,
              "skipped": false
            },
            {
              "title": "3DES-CBC",
              "fullTitle": "encrypt 3DES-CBC",
              "timedOut": false,
              "duration": 122,
              "state": "passed",
              "speed": "slow",
              "pass": true,
              "fail": false,
              "pending": false,
              "context": null,
              "code": "const setup = await mfkdf.setup.key([\n  await mfkdf.setup.factors.uuid({ id: 'uuid1', uuid: '9b1deb4d-3b7d-4bad-9bdd-2b0d7b3dcb6d' })\n])\nconst ciphertext = await setup.encrypt('hello world', '3des')\nconst derive = await mfkdf.derive.key(setup.policy, {\n  uuid1: mfkdf.derive.factors.uuid('9b1deb4d-3b7d-4bad-9bdd-2b0d7b3dcb6d')\n})\nconst plaintext = await derive.decrypt(ciphertext, '3des')\nplaintext.toString().should.equal('hello world')",
              "err": {},
              "uuid": "e9c8dd1a-ae94-4bab-b9db-eb2b0fbee67c",
              "parentUUID": "57f6d1db-881b-4665-91ce-bf3c6aaa220d",
              "isHook": false,
              "skipped": false
            },
            {
              "title": "AES256-ECB",
              "fullTitle": "encrypt AES256-ECB",
              "timedOut": false,
              "duration": 170,
              "state": "passed",
              "speed": "slow",
              "pass": true,
              "fail": false,
              "pending": false,
              "context": null,
              "code": "const setup = await mfkdf.setup.key([\n  await mfkdf.setup.factors.uuid({ id: 'uuid1', uuid: '9b1deb4d-3b7d-4bad-9bdd-2b0d7b3dcb6d' })\n])\nconst ciphertext = await setup.encrypt(Buffer.from('hello world'), 'aes256', 'ECB')\nconst derive = await mfkdf.derive.key(setup.policy, {\n  uuid1: mfkdf.derive.factors.uuid('9b1deb4d-3b7d-4bad-9bdd-2b0d7b3dcb6d')\n})\nconst plaintext = await derive.decrypt(ciphertext, 'aes256', 'ECB')\nplaintext.toString().should.equal('hello world')",
              "err": {},
              "uuid": "89c777a6-8e5e-46e0-8ceb-08907a677ab4",
              "parentUUID": "57f6d1db-881b-4665-91ce-bf3c6aaa220d",
              "isHook": false,
              "skipped": false
            },
            {
              "title": "AES192-ECB",
              "fullTitle": "encrypt AES192-ECB",
              "timedOut": false,
              "duration": 122,
              "state": "passed",
              "speed": "slow",
              "pass": true,
              "fail": false,
              "pending": false,
              "context": null,
              "code": "const setup = await mfkdf.setup.key([\n  await mfkdf.setup.factors.uuid({ id: 'uuid1', uuid: '9b1deb4d-3b7d-4bad-9bdd-2b0d7b3dcb6d' })\n])\nconst ciphertext = await setup.encrypt('hello world', 'aes192', 'ECB')\nconst derive = await mfkdf.derive.key(setup.policy, {\n  uuid1: mfkdf.derive.factors.uuid('9b1deb4d-3b7d-4bad-9bdd-2b0d7b3dcb6d')\n})\nconst plaintext = await derive.decrypt(ciphertext, 'aes192', 'ECB')\nplaintext.toString().should.equal('hello world')",
              "err": {},
              "uuid": "1ffd6bf2-185b-46b3-ad7d-495636677921",
              "parentUUID": "57f6d1db-881b-4665-91ce-bf3c6aaa220d",
              "isHook": false,
              "skipped": false
            },
            {
              "title": "AES128-ECB",
              "fullTitle": "encrypt AES128-ECB",
              "timedOut": false,
              "duration": 117,
              "state": "passed",
              "speed": "slow",
              "pass": true,
              "fail": false,
              "pending": false,
              "context": null,
              "code": "const setup = await mfkdf.setup.key([\n  await mfkdf.setup.factors.uuid({ id: 'uuid1', uuid: '9b1deb4d-3b7d-4bad-9bdd-2b0d7b3dcb6d' })\n])\nconst ciphertext = await setup.encrypt('hello world', 'aes128', 'ECB')\nconst derive = await mfkdf.derive.key(setup.policy, {\n  uuid1: mfkdf.derive.factors.uuid('9b1deb4d-3b7d-4bad-9bdd-2b0d7b3dcb6d')\n})\nconst plaintext = await derive.decrypt(ciphertext, 'aes128', 'ECB')\nplaintext.toString().should.equal('hello world')",
              "err": {},
              "uuid": "9d3c21e9-dfb5-47ce-ab69-387cd44cda20",
              "parentUUID": "57f6d1db-881b-4665-91ce-bf3c6aaa220d",
              "isHook": false,
              "skipped": false
            },
            {
              "title": "3DES-ECB",
              "fullTitle": "encrypt 3DES-ECB",
              "timedOut": false,
              "duration": 115,
              "state": "passed",
              "speed": "slow",
              "pass": true,
              "fail": false,
              "pending": false,
              "context": null,
              "code": "const setup = await mfkdf.setup.key([\n  await mfkdf.setup.factors.uuid({ id: 'uuid1', uuid: '9b1deb4d-3b7d-4bad-9bdd-2b0d7b3dcb6d' })\n])\nconst ciphertext = await setup.encrypt('hello world', '3des', 'ECB')\nconst derive = await mfkdf.derive.key(setup.policy, {\n  uuid1: mfkdf.derive.factors.uuid('9b1deb4d-3b7d-4bad-9bdd-2b0d7b3dcb6d')\n})\nconst plaintext = await derive.decrypt(ciphertext, '3des', 'ECB')\nplaintext.toString().should.equal('hello world')",
              "err": {},
              "uuid": "63cbb2f4-03fa-4ba4-a884-117a0ff0f793",
              "parentUUID": "57f6d1db-881b-4665-91ce-bf3c6aaa220d",
              "isHook": false,
              "skipped": false
            }
          ],
          "suites": [
            {
              "uuid": "c056ba5e-c8cc-4297-a7b3-fcd7402bfe24",
              "title": "utils",
              "fullFile": "C:\\xampp\\htdocs\\Multifactor\\MFKDF\\test\\crypto\\symmetric.js",
              "file": "\\test\\crypto\\symmetric.js",
              "beforeHooks": [],
              "afterHooks": [],
              "tests": [
                {
                  "title": "subkey",
                  "fullTitle": "encrypt utils subkey",
                  "timedOut": false,
                  "duration": 61,
                  "state": "passed",
                  "speed": "slow",
                  "pass": true,
                  "fail": false,
                  "pending": false,
                  "context": null,
                  "code": "const setup = await mfkdf.setup.key([\n  await mfkdf.setup.factors.uuid({ id: 'uuid1', uuid: '9b1deb4d-3b7d-4bad-9bdd-2b0d7b3dcb6d' })\n])\nconst key1 = await setup.getSubkey(32, 'AES256', 'sha256')\nconst key2 = await setup.getSymmetricKey('aes256')\nkey1.toString('hex').should.equal(key2.toString('hex'))\nconst key3 = await setup.getSubkey()\nconst key4 = await setup.getSubkey(32, '', 'sha512')\nkey3.toString('hex').should.equal(key4.toString('hex'))",
                  "err": {},
                  "uuid": "d2f1ef33-4421-442b-b1b2-a6e8701d430b",
                  "parentUUID": "c056ba5e-c8cc-4297-a7b3-fcd7402bfe24",
                  "isHook": false,
                  "skipped": false
                },
                {
                  "title": "symmetric key",
                  "fullTitle": "encrypt utils symmetric key",
                  "timedOut": false,
                  "duration": 46,
                  "state": "passed",
                  "speed": "slow",
                  "pass": true,
                  "fail": false,
                  "pending": false,
                  "context": null,
                  "code": "const setup = await mfkdf.setup.key([\n  await mfkdf.setup.factors.uuid({ id: 'uuid1', uuid: '9b1deb4d-3b7d-4bad-9bdd-2b0d7b3dcb6d' })\n])\nconst key1 = await setup.getSymmetricKey()\nconst key2 = await setup.getSymmetricKey('aes256')\nkey1.toString('hex').should.equal(key2.toString('hex'))",
                  "err": {},
                  "uuid": "bbea5be5-426c-44b8-828f-3e154ea059b1",
                  "parentUUID": "c056ba5e-c8cc-4297-a7b3-fcd7402bfe24",
                  "isHook": false,
                  "skipped": false
                }
              ],
              "suites": [],
              "passes": [
                "d2f1ef33-4421-442b-b1b2-a6e8701d430b",
                "bbea5be5-426c-44b8-828f-3e154ea059b1"
              ],
              "failures": [],
              "pending": [],
              "skipped": [],
              "duration": 107,
              "root": false,
              "rootEmpty": false,
              "_timeout": 5000
            },
            {
              "uuid": "ff7f88b6-0345-47f3-8a79-aca6551bbfc6",
              "title": "errors",
              "fullFile": "C:\\xampp\\htdocs\\Multifactor\\MFKDF\\test\\crypto\\symmetric.js",
              "file": "\\test\\crypto\\symmetric.js",
              "beforeHooks": [],
              "afterHooks": [],
              "tests": [
                {
                  "title": "invalid key",
                  "fullTitle": "encrypt errors invalid key",
                  "timedOut": false,
                  "duration": 58,
                  "state": "passed",
                  "speed": "slow",
                  "pass": true,
                  "fail": false,
                  "pending": false,
                  "context": null,
                  "code": "const setup = await mfkdf.setup.key([\n  await mfkdf.setup.factors.uuid({ id: 'uuid1', uuid: '9b1deb4d-3b7d-4bad-9bdd-2b0d7b3dcb6d' })\n])\nsetup.encrypt('hello world', 'unknown').should.be.rejectedWith(RangeError)",
                  "err": {},
                  "uuid": "718e3a0a-6c7a-4f76-b34d-6cbe78d3e297",
                  "parentUUID": "ff7f88b6-0345-47f3-8a79-aca6551bbfc6",
                  "isHook": false,
                  "skipped": false
                },
                {
                  "title": "invalid message",
                  "fullTitle": "encrypt errors invalid message",
                  "timedOut": false,
                  "duration": 45,
                  "state": "passed",
                  "speed": "slow",
                  "pass": true,
                  "fail": false,
                  "pending": false,
                  "context": null,
                  "code": "const setup = await mfkdf.setup.key([\n  await mfkdf.setup.factors.uuid({ id: 'uuid1', uuid: '9b1deb4d-3b7d-4bad-9bdd-2b0d7b3dcb6d' })\n])\nsetup.encrypt(12345, 'unknown').should.be.rejectedWith(TypeError)",
                  "err": {},
                  "uuid": "3d7b3276-2227-452a-8dec-600179b9290c",
                  "parentUUID": "ff7f88b6-0345-47f3-8a79-aca6551bbfc6",
                  "isHook": false,
                  "skipped": false
                },
                {
                  "title": "invalid ciphertext",
                  "fullTitle": "encrypt errors invalid ciphertext",
                  "timedOut": false,
                  "duration": 55,
                  "state": "passed",
                  "speed": "slow",
                  "pass": true,
                  "fail": false,
                  "pending": false,
                  "context": null,
                  "code": "const setup = await mfkdf.setup.key([\n  await mfkdf.setup.factors.uuid({ id: 'uuid1', uuid: '9b1deb4d-3b7d-4bad-9bdd-2b0d7b3dcb6d' })\n])\nsetup.decrypt(12345, 'unknown').should.be.rejectedWith(TypeError)",
                  "err": {},
                  "uuid": "5c61ad9f-a05f-4581-946c-364d7bc7a377",
                  "parentUUID": "ff7f88b6-0345-47f3-8a79-aca6551bbfc6",
                  "isHook": false,
                  "skipped": false
                }
              ],
              "suites": [],
              "passes": [
                "718e3a0a-6c7a-4f76-b34d-6cbe78d3e297",
                "3d7b3276-2227-452a-8dec-600179b9290c",
                "5c61ad9f-a05f-4581-946c-364d7bc7a377"
              ],
              "failures": [],
              "pending": [],
              "skipped": [],
              "duration": 158,
              "root": false,
              "rootEmpty": false,
              "_timeout": 5000
            }
          ],
          "passes": [
            "05e5cef2-ea10-43da-a5f9-5e51e6d92307",
            "b2b20a94-82ff-4778-b4bc-d307a2694e16",
            "3f175629-614a-422b-a8a3-47526557b232",
            "096ee9db-6757-49b6-bc00-934ac7efee79",
            "e9c8dd1a-ae94-4bab-b9db-eb2b0fbee67c",
            "89c777a6-8e5e-46e0-8ceb-08907a677ab4",
            "1ffd6bf2-185b-46b3-ad7d-495636677921",
            "9d3c21e9-dfb5-47ce-ab69-387cd44cda20",
            "63cbb2f4-03fa-4ba4-a884-117a0ff0f793"
          ],
          "failures": [],
          "pending": [],
          "skipped": [],
          "duration": 1168,
          "root": false,
          "rootEmpty": false,
          "_timeout": 5000
        },
        {
          "uuid": "830465cb-5568-43d3-b0b0-cac04e2af2b3",
          "title": "derive/factors/password",
          "fullFile": "C:\\xampp\\htdocs\\Multifactor\\MFKDF\\test\\derive\\factors\\password.js",
          "file": "\\test\\derive\\factors\\password.js",
          "beforeHooks": [],
          "afterHooks": [],
          "tests": [
            {
              "title": "invalid/type",
              "fullTitle": "derive/factors/password invalid/type",
              "timedOut": false,
              "duration": 0,
              "state": "passed",
              "speed": "fast",
              "pass": true,
              "fail": false,
              "pending": false,
              "context": null,
              "code": "(() => {\n  mfkdf.derive.factors.password(12345)\n}).should.throw(TypeError)",
              "err": {},
              "uuid": "4240f070-bd00-4dec-b7dd-f1d36224ccf7",
              "parentUUID": "830465cb-5568-43d3-b0b0-cac04e2af2b3",
              "isHook": false,
              "skipped": false
            },
            {
              "title": "invalid/range",
              "fullTitle": "derive/factors/password invalid/range",
              "timedOut": false,
              "duration": 0,
              "state": "passed",
              "speed": "fast",
              "pass": true,
              "fail": false,
              "pending": false,
              "context": null,
              "code": "(() => {\n  mfkdf.derive.factors.password('')\n}).should.throw(RangeError)",
              "err": {},
              "uuid": "da569bed-324d-4806-b3a1-fe49fbdc3e73",
              "parentUUID": "830465cb-5568-43d3-b0b0-cac04e2af2b3",
              "isHook": false,
              "skipped": false
            }
          ],
          "suites": [],
          "passes": [
            "4240f070-bd00-4dec-b7dd-f1d36224ccf7",
            "da569bed-324d-4806-b3a1-fe49fbdc3e73"
          ],
          "failures": [],
          "pending": [],
          "skipped": [],
          "duration": 0,
          "root": false,
          "rootEmpty": false,
          "_timeout": 5000
        },
        {
          "uuid": "4dd453a8-ebe4-4b70-94f3-9aa6ba99e76b",
          "title": "derive/factors/uuid",
          "fullFile": "C:\\xampp\\htdocs\\Multifactor\\MFKDF\\test\\derive\\factors\\uuid.js",
          "file": "\\test\\derive\\factors\\uuid.js",
          "beforeHooks": [],
          "afterHooks": [],
          "tests": [
            {
              "title": "invalid/type",
              "fullTitle": "derive/factors/uuid invalid/type",
              "timedOut": false,
              "duration": 0,
              "state": "passed",
              "speed": "fast",
              "pass": true,
              "fail": false,
              "pending": false,
              "context": null,
              "code": "(() => {\n  mfkdf.derive.factors.uuid(12345)\n}).should.throw(TypeError)",
              "err": {},
              "uuid": "f256dc92-7ac0-4c03-a896-2e1020464c96",
              "parentUUID": "4dd453a8-ebe4-4b70-94f3-9aa6ba99e76b",
              "isHook": false,
              "skipped": false
            },
            {
              "title": "invalid/range",
              "fullTitle": "derive/factors/uuid invalid/range",
              "timedOut": false,
              "duration": 0,
              "state": "passed",
              "speed": "fast",
              "pass": true,
              "fail": false,
              "pending": false,
              "context": null,
              "code": "(() => {\n  mfkdf.derive.factors.uuid('')\n}).should.throw(TypeError)",
              "err": {},
              "uuid": "69c8c4fc-b065-4ad1-b1a7-7c6eebd8c6ee",
              "parentUUID": "4dd453a8-ebe4-4b70-94f3-9aa6ba99e76b",
              "isHook": false,
              "skipped": false
            }
          ],
          "suites": [],
          "passes": [
            "f256dc92-7ac0-4c03-a896-2e1020464c96",
            "69c8c4fc-b065-4ad1-b1a7-7c6eebd8c6ee"
          ],
          "failures": [],
          "pending": [],
          "skipped": [],
          "duration": 0,
          "root": false,
          "rootEmpty": false,
          "_timeout": 5000
        },
        {
          "uuid": "bc0dfa2d-adc6-4592-ac93-21bad8a5c652",
          "title": "derive/key",
          "fullFile": "C:\\xampp\\htdocs\\Multifactor\\MFKDF\\test\\derive\\key.js",
          "file": "\\test\\derive\\key.js",
          "beforeHooks": [],
          "afterHooks": [],
          "tests": [
            {
              "title": "hkdf",
              "fullTitle": "derive/key hkdf",
              "timedOut": false,
              "duration": 20,
              "state": "passed",
              "speed": "slow",
              "pass": true,
              "fail": false,
              "pending": false,
              "context": null,
              "code": "const setup = await mfkdf.setup.key([\n  await mfkdf.setup.factors.password('password1', { id: 'password1' })\n], { kdf: 'hkdf' })\nconst derive = await mfkdf.derive.key(setup.policy, {\n  password1: mfkdf.derive.factors.password('password1')\n})\nderive.key.toString('hex').should.equal(setup.key.toString('hex'))",
              "err": {},
              "uuid": "dd1cb34d-8762-45c8-99ca-ada743ae2a92",
              "parentUUID": "bc0dfa2d-adc6-4592-ac93-21bad8a5c652",
              "isHook": false,
              "skipped": false
            },
            {
              "title": "correct",
              "fullTitle": "derive/key correct",
              "timedOut": false,
              "duration": 354,
              "state": "passed",
              "speed": "slow",
              "pass": true,
              "fail": false,
              "pending": false,
              "context": null,
              "code": "const setup = await mfkdf.setup.key([\n  await mfkdf.setup.factors.password('password1', { id: 'password1' }),\n  await mfkdf.setup.factors.password('password2', { id: 'password2' }),\n  await mfkdf.setup.factors.password('password3', { id: 'password3' })\n], { threshold: 2 })\nconst derive1 = await mfkdf.derive.key(setup.policy, {\n  password1: mfkdf.derive.factors.password('password1'),\n  password2: mfkdf.derive.factors.password('password2')\n})\nconst derive2 = await mfkdf.derive.key(setup.policy, {\n  password2: mfkdf.derive.factors.password('password2'),\n  password3: mfkdf.derive.factors.password('password3')\n})\nconst derive3 = await mfkdf.derive.key(setup.policy, {\n  password1: mfkdf.derive.factors.password('password1'),\n  password3: mfkdf.derive.factors.password('password3')\n})\nconst derive4 = await mfkdf.derive.key(setup.policy, {\n  password1: mfkdf.derive.factors.password('password1'),\n  password2: mfkdf.derive.factors.password('password2'),\n  password3: mfkdf.derive.factors.password('password3')\n})\nsetup.key.toString('hex').should.equal(derive1.key.toString('hex'))\nsetup.key.toString('hex').should.equal(derive2.key.toString('hex'))\nsetup.key.toString('hex').should.equal(derive3.key.toString('hex'))\nsetup.key.toString('hex').should.equal(derive4.key.toString('hex'))\nJSON.stringify(setup.policy).should.equal(JSON.stringify(derive1.policy))\nJSON.stringify(setup.policy).should.equal(JSON.stringify(derive2.policy))\nJSON.stringify(setup.policy).should.equal(JSON.stringify(derive3.policy))\nJSON.stringify(setup.policy).should.equal(JSON.stringify(derive4.policy))",
              "err": {},
              "uuid": "ccd988fc-134a-4ae1-8b51-ea55efce9879",
              "parentUUID": "bc0dfa2d-adc6-4592-ac93-21bad8a5c652",
              "isHook": false,
              "skipped": false
            },
            {
              "title": "incorrect",
              "fullTitle": "derive/key incorrect",
              "timedOut": false,
              "duration": 330,
              "state": "passed",
              "speed": "slow",
              "pass": true,
              "fail": false,
              "pending": false,
              "context": null,
              "code": "const setup = await mfkdf.setup.key([\n  await mfkdf.setup.factors.password('password1', { id: 'password1' }),\n  await mfkdf.setup.factors.password('password2', { id: 'password2' }),\n  await mfkdf.setup.factors.password('password3', { id: 'password3' })\n], { threshold: 2 })\nconst derive1 = await mfkdf.derive.key(setup.policy, {\n  password1: mfkdf.derive.factors.password('password1'),\n  password2: mfkdf.derive.factors.password('wrongpassword2')\n})\nconst derive2 = await mfkdf.derive.key(setup.policy, {\n  password2: mfkdf.derive.factors.password('wrongpassword2'),\n  password3: mfkdf.derive.factors.password('wrongpassword3')\n})\nconst derive3 = await mfkdf.derive.key(setup.policy, {\n  password1: mfkdf.derive.factors.password('password1'),\n  password3: mfkdf.derive.factors.password('password2')\n})\nconst derive4 = await mfkdf.derive.key(setup.policy, {\n  password1: mfkdf.derive.factors.password('password1'),\n  password2: mfkdf.derive.factors.password('password2'),\n  password3: mfkdf.derive.factors.password('password4')\n})\nsetup.key.toString('hex').should.not.equal(derive1.key.toString('hex'))\nsetup.key.toString('hex').should.not.equal(derive2.key.toString('hex'))\nsetup.key.toString('hex').should.not.equal(derive3.key.toString('hex'))\nsetup.key.toString('hex').should.not.equal(derive4.key.toString('hex'))",
              "err": {},
              "uuid": "300b7639-92f3-49c0-9894-57d0fc991a40",
              "parentUUID": "bc0dfa2d-adc6-4592-ac93-21bad8a5c652",
              "isHook": false,
              "skipped": false
            },
            {
              "title": "mismatch",
              "fullTitle": "derive/key mismatch",
              "timedOut": false,
              "duration": 74,
              "state": "passed",
              "speed": "slow",
              "pass": true,
              "fail": false,
              "pending": false,
              "context": null,
              "code": "const setup = await mfkdf.setup.key([\n  await mfkdf.setup.factors.password('password', { id: 'password' })\n])\nmfkdf.derive.key(setup.policy, {\n  password: mfkdf.derive.factors.uuid('9b1deb4d-3b7d-4bad-9bdd-2b0d7b3dcb6d')\n}).should.be.rejectedWith(TypeError)",
              "err": {},
              "uuid": "d39616f3-1f2e-4d11-bb5f-a3fce78c01d4",
              "parentUUID": "bc0dfa2d-adc6-4592-ac93-21bad8a5c652",
              "isHook": false,
              "skipped": false
            }
          ],
          "suites": [
            {
              "uuid": "de5413ba-62d9-42af-9095-1e016d715464",
              "title": "shares",
              "fullFile": "C:\\xampp\\htdocs\\Multifactor\\MFKDF\\test\\derive\\key.js",
              "file": "\\test\\derive\\key.js",
              "beforeHooks": [],
              "afterHooks": [],
              "tests": [
                {
                  "title": "valid",
                  "fullTitle": "derive/key shares valid",
                  "timedOut": false,
                  "duration": 259,
                  "state": "passed",
                  "speed": "slow",
                  "pass": true,
                  "fail": false,
                  "pending": false,
                  "context": null,
                  "code": "const setup = await mfkdf.setup.key([\n  await mfkdf.setup.factors.password('password1', { id: 'password1' }),\n  await mfkdf.setup.factors.password('password2', { id: 'password2' }),\n  await mfkdf.setup.factors.password('password3', { id: 'password3' })\n], { threshold: 2 })\nconst derive1 = await mfkdf.derive.key(setup.policy, {\n  password1: mfkdf.derive.factors.password('password1'),\n  password2: mfkdf.derive.factors.password('password2')\n})\nconst derive2 = await mfkdf.derive.key(derive1.policy, {\n  password2: mfkdf.derive.factors.password('password2'),\n  password3: mfkdf.derive.factors.password('password3')\n})\nconst derive3 = await mfkdf.derive.key(derive2.policy, {\n  password1: mfkdf.derive.factors.password('password1'),\n  password3: mfkdf.derive.factors.password('password3')\n})\nderive1.shares.should.deep.equal(setup.shares)\nderive2.shares.should.deep.equal(setup.shares)\nderive3.shares.should.deep.equal(setup.shares)",
                  "err": {},
                  "uuid": "c7b3ac69-3887-4dd5-b710-1564c7ba31d1",
                  "parentUUID": "de5413ba-62d9-42af-9095-1e016d715464",
                  "isHook": false,
                  "skipped": false
                }
              ],
              "suites": [],
              "passes": [
                "c7b3ac69-3887-4dd5-b710-1564c7ba31d1"
              ],
              "failures": [],
              "pending": [],
              "skipped": [],
              "duration": 259,
              "root": false,
              "rootEmpty": false,
              "_timeout": 5000
            },
            {
              "uuid": "168d80dd-eeed-47d7-b6e1-0bf9a4c61ba7",
              "title": "invalid",
              "fullFile": "C:\\xampp\\htdocs\\Multifactor\\MFKDF\\test\\derive\\key.js",
              "file": "\\test\\derive\\key.js",
              "beforeHooks": [],
              "afterHooks": [],
              "tests": [
                {
                  "title": "schema",
                  "fullTitle": "derive/key invalid schema",
                  "timedOut": false,
                  "duration": 57,
                  "state": "passed",
                  "speed": "slow",
                  "pass": true,
                  "fail": false,
                  "pending": false,
                  "context": null,
                  "code": "const setup = await mfkdf.setup.key([\n  await mfkdf.setup.factors.password('password1', { id: 'password1' })\n])\ndelete setup.policy.$id\nmfkdf.derive.key(setup.policy, {\n  password1: mfkdf.derive.factors.password('password1')\n}).should.be.rejectedWith(TypeError)",
                  "err": {},
                  "uuid": "5aacf667-b2e1-4c1f-b364-fb383459f019",
                  "parentUUID": "168d80dd-eeed-47d7-b6e1-0bf9a4c61ba7",
                  "isHook": false,
                  "skipped": false
                },
                {
                  "title": "factors",
                  "fullTitle": "derive/key invalid factors",
                  "timedOut": false,
                  "duration": 72,
                  "state": "passed",
                  "speed": "slow",
                  "pass": true,
                  "fail": false,
                  "pending": false,
                  "context": null,
                  "code": "const setup = await mfkdf.setup.key([\n  await mfkdf.setup.factors.password('password1', { id: 'password1' }),\n  await mfkdf.setup.factors.password('password2', { id: 'password2' }),\n  await mfkdf.setup.factors.password('password3', { id: 'password3' })\n], { threshold: 2 })\nmfkdf.derive.key(setup.policy, {\n  password1: mfkdf.derive.factors.password('password1')\n}).should.be.rejectedWith(RangeError)",
                  "err": {},
                  "uuid": "c070eb2e-7e0c-4b05-86bc-c43ae72ed1e1",
                  "parentUUID": "168d80dd-eeed-47d7-b6e1-0bf9a4c61ba7",
                  "isHook": false,
                  "skipped": false
                }
              ],
              "suites": [],
              "passes": [
                "5aacf667-b2e1-4c1f-b364-fb383459f019",
                "c070eb2e-7e0c-4b05-86bc-c43ae72ed1e1"
              ],
              "failures": [],
              "pending": [],
              "skipped": [],
              "duration": 129,
              "root": false,
              "rootEmpty": false,
              "_timeout": 5000
            }
          ],
          "passes": [
            "dd1cb34d-8762-45c8-99ca-ada743ae2a92",
            "ccd988fc-134a-4ae1-8b51-ea55efce9879",
            "300b7639-92f3-49c0-9894-57d0fc991a40",
            "d39616f3-1f2e-4d11-bb5f-a3fce78c01d4"
          ],
          "failures": [],
          "pending": [],
          "skipped": [],
          "duration": 778,
          "root": false,
          "rootEmpty": false,
          "_timeout": 5000
        },
        {
          "uuid": "849cc921-af26-4745-86f9-917477336e22",
          "title": "derive/outputs",
          "fullFile": "C:\\xampp\\htdocs\\Multifactor\\MFKDF\\test\\derive\\outputs.js",
          "file": "\\test\\derive\\outputs.js",
          "beforeHooks": [],
          "afterHooks": [],
          "tests": [
            {
              "title": "stack",
              "fullTitle": "derive/outputs stack",
              "timedOut": false,
              "duration": 122,
              "state": "passed",
              "speed": "slow",
              "pass": true,
              "fail": false,
              "pending": false,
              "context": null,
              "code": "const setup = await mfkdf.setup.key([\n  await mfkdf.setup.factors.stack([\n    await mfkdf.setup.factors.uuid({ id: 'uuid1', uuid: '9b1deb4d-3b7d-4bad-9bdd-2b0d7b3dcb6d' }),\n    await mfkdf.setup.factors.uuid({ id: 'uuid2', uuid: '1b9d6bcd-bbfd-4b2d-9b5d-ab8dfbbd4bed' })\n  ]),\n  await mfkdf.setup.factors.uuid({ id: 'uuid3', uuid: '6ec0bd7f-11c0-43da-975e-2a8ad9ebae0b' })\n], { size: 8 })\ndelete setup.outputs.stack.entropyBits\nconst derive = await mfkdf.derive.key(setup.policy, {\n  stack: mfkdf.derive.factors.stack({\n    uuid1: mfkdf.derive.factors.uuid('9b1deb4d-3b7d-4bad-9bdd-2b0d7b3dcb6d'),\n    uuid2: mfkdf.derive.factors.uuid('1b9d6bcd-bbfd-4b2d-9b5d-ab8dfbbd4bed')\n  }),\n  uuid3: mfkdf.derive.factors.uuid('6ec0bd7f-11c0-43da-975e-2a8ad9ebae0b')\n})\nsetup.outputs.should.deep.equal(derive.outputs)",
              "err": {},
              "uuid": "f9ccaa3a-7fc7-4c06-a639-28016c767a51",
              "parentUUID": "849cc921-af26-4745-86f9-917477336e22",
              "isHook": false,
              "skipped": false
            },
            {
              "title": "hmacsha1",
              "fullTitle": "derive/outputs hmacsha1",
              "timedOut": false,
              "duration": 117,
              "state": "passed",
              "speed": "slow",
              "pass": true,
              "fail": false,
              "pending": false,
              "context": null,
              "code": "const setup = await mfkdf.setup.key([\n  await mfkdf.setup.factors.hmacsha1()\n], { size: 8 })\nconst secret = setup.outputs.hmacsha1.secret\nconst challenge = Buffer.from(setup.policy.factors[0].params.challenge, 'hex')\nconst response = crypto.createHmac('sha1', secret).update(challenge).digest()\nconst derive = await mfkdf.derive.key(setup.policy, {\n  hmacsha1: mfkdf.derive.factors.hmacsha1(response)\n})\nsetup.outputs.should.deep.equal(derive.outputs)",
              "err": {},
              "uuid": "d6b890d5-b080-4dc6-950d-64d0ba6ef7f3",
              "parentUUID": "849cc921-af26-4745-86f9-917477336e22",
              "isHook": false,
              "skipped": false
            },
            {
              "title": "uuid",
              "fullTitle": "derive/outputs uuid",
              "timedOut": false,
              "duration": 121,
              "state": "passed",
              "speed": "slow",
              "pass": true,
              "fail": false,
              "pending": false,
              "context": null,
              "code": "const setup = await mfkdf.setup.key([\n  await mfkdf.setup.factors.uuid({ uuid: '9b1deb4d-3b7d-4bad-9bdd-2b0d7b3dcb6d' })\n], { size: 8 })\nconst derive = await mfkdf.derive.key(setup.policy, {\n  uuid: mfkdf.derive.factors.uuid('9b1deb4d-3b7d-4bad-9bdd-2b0d7b3dcb6d')\n})\nsetup.outputs.should.deep.equal(derive.outputs)",
              "err": {},
              "uuid": "3a3be250-e0f7-45b8-a3c9-7fb4f275842f",
              "parentUUID": "849cc921-af26-4745-86f9-917477336e22",
              "isHook": false,
              "skipped": false
            },
            {
              "title": "question",
              "fullTitle": "derive/outputs question",
              "timedOut": false,
              "duration": 123,
              "state": "passed",
              "speed": "slow",
              "pass": true,
              "fail": false,
              "pending": false,
              "context": null,
              "code": "const setup = await mfkdf.setup.key([\n  await mfkdf.setup.factors.question('Fido')\n], { size: 8 })\nconst derive = await mfkdf.derive.key(setup.policy, {\n  question: mfkdf.derive.factors.question('Fido')\n})\nsetup.outputs.question.strength.calc_time = null\nderive.outputs.question.strength.calc_time = null\nsetup.outputs.should.deep.equal(derive.outputs)",
              "err": {},
              "uuid": "317f21fd-3e12-4294-9040-ad184f80f9ac",
              "parentUUID": "849cc921-af26-4745-86f9-917477336e22",
              "isHook": false,
              "skipped": false
            },
            {
              "title": "ooba",
              "fullTitle": "derive/outputs ooba",
              "timedOut": false,
              "duration": 209,
              "state": "passed",
              "speed": "slow",
              "pass": true,
              "fail": false,
              "pending": false,
              "context": null,
              "code": "const keyPair = await crypto.webcrypto.subtle.generateKey({ hash: 'SHA-256', modulusLength: 2048, name: 'RSA-OAEP', publicExponent: new Uint8Array([1, 0, 1]) }, true, ['encrypt', 'decrypt'])\nconst setup = await mfkdf.setup.key([\n  await mfkdf.setup.factors.ooba({\n    key: keyPair.publicKey, params: { email: 'test@mfkdf.com' }\n  })\n])\nconst next = setup.policy.factors[0].params.next\nconst decrypted = await crypto.webcrypto.subtle.decrypt({ name: 'RSA-OAEP' }, keyPair.privateKey, Buffer.from(next, 'hex'))\nconst code = JSON.parse(Buffer.from(decrypted).toString()).code\nconst derive = await mfkdf.derive.key(setup.policy, {\n  ooba: mfkdf.derive.factors.ooba(code)\n})\nsetup.outputs.should.deep.equal(derive.outputs)",
              "err": {},
              "uuid": "1a9839ea-e27b-4378-a5b1-42b1813bac28",
              "parentUUID": "849cc921-af26-4745-86f9-917477336e22",
              "isHook": false,
              "skipped": false
            },
            {
              "title": "password",
              "fullTitle": "derive/outputs password",
              "timedOut": false,
              "duration": 114,
              "state": "passed",
              "speed": "slow",
              "pass": true,
              "fail": false,
              "pending": false,
              "context": null,
              "code": "const setup = await mfkdf.setup.key([\n  await mfkdf.setup.factors.password('password')\n], { size: 8 })\nconst derive = await mfkdf.derive.key(setup.policy, {\n  password: mfkdf.derive.factors.password('password')\n})\nsetup.outputs.password.strength.calc_time = null\nderive.outputs.password.strength.calc_time = null\nsetup.outputs.should.deep.equal(derive.outputs)",
              "err": {},
              "uuid": "095c2d30-bb95-44c4-ba38-ab080d8fcb20",
              "parentUUID": "849cc921-af26-4745-86f9-917477336e22",
              "isHook": false,
              "skipped": false
            },
            {
              "title": "multiple",
              "fullTitle": "derive/outputs multiple",
              "timedOut": false,
              "duration": 118,
              "state": "passed",
              "speed": "slow",
              "pass": true,
              "fail": false,
              "pending": false,
              "context": null,
              "code": "const setup = await mfkdf.setup.key([\n  await mfkdf.setup.factors.uuid({ id: 'uuid1', uuid: '9b1deb4d-3b7d-4bad-9bdd-2b0d7b3dcb6d' }),\n  await mfkdf.setup.factors.uuid({ id: 'uuid2', uuid: '1b9d6bcd-bbfd-4b2d-9b5d-ab8dfbbd4bed' }),\n  await mfkdf.setup.factors.uuid({ id: 'uuid3', uuid: '6ec0bd7f-11c0-43da-975e-2a8ad9ebae0b' })\n], { threshold: 2 })\nsetup.outputs.should.deep.equal({\n  uuid1: { uuid: '9b1deb4d-3b7d-4bad-9bdd-2b0d7b3dcb6d' },\n  uuid2: { uuid: '1b9d6bcd-bbfd-4b2d-9b5d-ab8dfbbd4bed' },\n  uuid3: { uuid: '6ec0bd7f-11c0-43da-975e-2a8ad9ebae0b' }\n})\nconst derive = await mfkdf.derive.key(setup.policy, {\n  uuid1: mfkdf.derive.factors.uuid('9b1deb4d-3b7d-4bad-9bdd-2b0d7b3dcb6d'),\n  uuid3: mfkdf.derive.factors.uuid('6ec0bd7f-11c0-43da-975e-2a8ad9ebae0b')\n})\nderive.outputs.should.deep.equal({\n  uuid1: { uuid: '9b1deb4d-3b7d-4bad-9bdd-2b0d7b3dcb6d' },\n  uuid3: { uuid: '6ec0bd7f-11c0-43da-975e-2a8ad9ebae0b' }\n})",
              "err": {},
              "uuid": "837f6efe-415d-49ce-bfdb-d2afc92f119e",
              "parentUUID": "849cc921-af26-4745-86f9-917477336e22",
              "isHook": false,
              "skipped": false
            }
          ],
          "suites": [],
          "passes": [
            "f9ccaa3a-7fc7-4c06-a639-28016c767a51",
            "d6b890d5-b080-4dc6-950d-64d0ba6ef7f3",
            "3a3be250-e0f7-45b8-a3c9-7fb4f275842f",
            "317f21fd-3e12-4294-9040-ad184f80f9ac",
            "1a9839ea-e27b-4378-a5b1-42b1813bac28",
            "095c2d30-bb95-44c4-ba38-ab080d8fcb20",
            "837f6efe-415d-49ce-bfdb-d2afc92f119e"
          ],
          "failures": [],
          "pending": [],
          "skipped": [],
          "duration": 924,
          "root": false,
          "rootEmpty": false,
          "_timeout": 5000
        },
        {
          "uuid": "efac08a8-a567-407c-b091-cfeb9435d9b9",
          "title": "examples",
          "fullFile": "C:\\xampp\\htdocs\\Multifactor\\MFKDF\\test\\examples\\examples.js",
          "file": "\\test\\examples\\examples.js",
          "beforeHooks": [],
          "afterHooks": [],
          "tests": [
            {
              "title": "kdf",
              "fullTitle": "examples kdf",
              "timedOut": false,
              "duration": 20,
              "state": "passed",
              "speed": "slow",
              "pass": true,
              "fail": false,
              "pending": false,
              "context": null,
              "code": "// setup kdf configuration\nconst config = await mfkdf.setup.kdf({\n  kdf: 'pbkdf2',\n  pbkdf2rounds: 100000,\n  pbkdf2digest: 'sha256'\n}) // -> { type: 'pbkdf2', params: { rounds: 100000, digest: 'sha256' } }\n// derive key\nconst key = await mfkdf.kdf('password', 'salt', 8, config)\nkey.toString('hex') // -> 0394a2ede332c9a1\nconfig.should.deep.equal({ type: 'pbkdf2', params: { rounds: 100000, digest: 'sha256' } })\nkey.toString('hex').should.equal('0394a2ede332c9a1')",
              "err": {},
              "uuid": "404ad135-2951-439a-bea7-1a52a3c93ee6",
              "parentUUID": "efac08a8-a567-407c-b091-cfeb9435d9b9",
              "isHook": false,
              "skipped": false
            },
            {
              "title": "setup/derive fast",
              "fullTitle": "examples setup/derive fast",
              "timedOut": false,
              "duration": 18,
              "state": "passed",
              "speed": "slow",
              "pass": true,
              "fail": false,
              "pending": false,
              "context": null,
              "code": "// setup 16 byte 2-of-3-factor multi-factor derived key with a password, HOTP code, and UUID recovery code\nconst setup = await mfkdf.setup.key([\n  await mfkdf.setup.factors.password('password'),\n  await mfkdf.setup.factors.hotp({ secret: Buffer.from('hello world') }),\n  await mfkdf.setup.factors.uuid({ id: 'recovery', uuid: '9b1deb4d-3b7d-4bad-9bdd-2b0d7b3dcb6d' })\n], { threshold: 2, size: 16, kdf: 'pbkdf2', pbkdf2rounds: 1 })\n// derive key using 2 of the 3 factors\nconst derive = await mfkdf.derive.key(setup.policy, {\n  password: mfkdf.derive.factors.password('password'),\n  hotp: mfkdf.derive.factors.hotp(365287)\n})\nsetup.key.toString('hex') // -> 34d20ced439ec2f871c96ca377f25771\nderive.key.toString('hex') // -> 34d20ced439ec2f871c96ca377f25771\nsetup.key.toString('hex').should.equal(derive.key.toString('hex'))",
              "err": {},
              "uuid": "5d10b364-30f4-4496-99d6-e5033366907b",
              "parentUUID": "efac08a8-a567-407c-b091-cfeb9435d9b9",
              "isHook": false,
              "skipped": false
            },
            {
              "title": "setup/derive",
              "fullTitle": "examples setup/derive",
              "timedOut": false,
              "duration": 119,
              "state": "passed",
              "speed": "slow",
              "pass": true,
              "fail": false,
              "pending": false,
              "context": null,
              "code": "// setup 16 byte 2-of-3-factor multi-factor derived key with a password, HOTP code, and UUID recovery code\nconst setup = await mfkdf.setup.key([\n  await mfkdf.setup.factors.password('password'),\n  await mfkdf.setup.factors.hotp({ secret: Buffer.from('hello world') }),\n  await mfkdf.setup.factors.uuid({ id: 'recovery', uuid: '9b1deb4d-3b7d-4bad-9bdd-2b0d7b3dcb6d' })\n], { threshold: 2, size: 16 })\n// derive key using 2 of the 3 factors\nconst derive = await mfkdf.derive.key(setup.policy, {\n  password: mfkdf.derive.factors.password('password'),\n  hotp: mfkdf.derive.factors.hotp(365287)\n})\nsetup.key.toString('hex') // -> 34d20ced439ec2f871c96ca377f25771\nderive.key.toString('hex') // -> 34d20ced439ec2f871c96ca377f25771\nsetup.key.toString('hex').should.equal(derive.key.toString('hex'))",
              "err": {},
              "uuid": "e8e823b4-c71e-4245-99ad-9f48b68db6af",
              "parentUUID": "efac08a8-a567-407c-b091-cfeb9435d9b9",
              "isHook": false,
              "skipped": false
            }
          ],
          "suites": [
            {
              "uuid": "d9a2766c-d124-4722-a6a6-9e318a561d22",
              "title": "factors",
              "fullFile": "C:\\xampp\\htdocs\\Multifactor\\MFKDF\\test\\examples\\examples.js",
              "file": "\\test\\examples\\examples.js",
              "beforeHooks": [],
              "afterHooks": [],
              "tests": [
                {
                  "title": "stack",
                  "fullTitle": "examples factors stack",
                  "timedOut": false,
                  "duration": 139,
                  "state": "passed",
                  "speed": "slow",
                  "pass": true,
                  "fail": false,
                  "pending": false,
                  "context": null,
                  "code": "// setup key with stack factor\nconst setup = await mfkdf.setup.key([\n  await mfkdf.setup.factors.stack([\n    await mfkdf.setup.factors.password('password1', { id: 'password1' }),\n    await mfkdf.setup.factors.password('password2', { id: 'password2' })\n  ]),\n  await mfkdf.setup.factors.password('password3', { id: 'password3' })\n], { size: 8 })\n// derive key with stack factor\nconst derive = await mfkdf.derive.key(setup.policy, {\n  stack: mfkdf.derive.factors.stack({\n    password1: mfkdf.derive.factors.password('password1'),\n    password2: mfkdf.derive.factors.password('password2')\n  }),\n  password3: mfkdf.derive.factors.password('password3')\n})\nsetup.key.toString('hex') // -> 01d0c7236adf2516\nderive.key.toString('hex') // -> 01d0c7236adf2516\nsetup.key.toString('hex').should.equal(derive.key.toString('hex'))",
                  "err": {},
                  "uuid": "fb339ceb-d3db-42fd-8297-acb0b587a2af",
                  "parentUUID": "d9a2766c-d124-4722-a6a6-9e318a561d22",
                  "isHook": false,
                  "skipped": false
                },
                {
                  "title": "hmacsha1",
                  "fullTitle": "examples factors hmacsha1",
                  "timedOut": false,
                  "duration": 123,
                  "state": "passed",
                  "speed": "slow",
                  "pass": true,
                  "fail": false,
                  "pending": false,
                  "context": null,
                  "code": "// setup key with hmacsha1 factor\nconst setup = await mfkdf.setup.key([\n  await mfkdf.setup.factors.hmacsha1()\n], { size: 8 })\n// calculate response; could be done using hardware device\nconst secret = setup.outputs.hmacsha1.secret\nconst challenge = Buffer.from(setup.policy.factors[0].params.challenge, 'hex')\nconst response = crypto.createHmac('sha1', secret).update(challenge).digest()\n// derive key with hmacsha1 factor\nconst derive = await mfkdf.derive.key(setup.policy, {\n  hmacsha1: mfkdf.derive.factors.hmacsha1(response)\n})\nsetup.key.toString('hex') // -> 01d0c7236adf2516\nderive.key.toString('hex') // -> 01d0c7236adf2516\nsetup.key.toString('hex').should.equal(derive.key.toString('hex'))",
                  "err": {},
                  "uuid": "285831c5-7999-4b9c-8e97-c82cd7e09861",
                  "parentUUID": "d9a2766c-d124-4722-a6a6-9e318a561d22",
                  "isHook": false,
                  "skipped": false
                },
                {
                  "title": "totp",
                  "fullTitle": "examples factors totp",
                  "timedOut": false,
                  "duration": 1069,
                  "state": "passed",
                  "speed": "slow",
                  "pass": true,
                  "fail": false,
                  "pending": false,
                  "context": null,
                  "code": "// setup key with totp factor\nconst setup = await mfkdf.setup.key([\n  await mfkdf.setup.factors.totp({\n    secret: Buffer.from('hello world'),\n    time: 1650430806597\n  })\n], { size: 8 })\n// derive key with totp factor\nconst derive = await mfkdf.derive.key(setup.policy, {\n  totp: mfkdf.derive.factors.totp(528258, { time: 1650430943604 })\n})\nsetup.key.toString('hex') // -> 01d0c7236adf2516\nderive.key.toString('hex') // -> 01d0c7236adf2516\nsetup.key.toString('hex').should.equal(derive.key.toString('hex'))",
                  "err": {},
                  "uuid": "e12fe3f9-96a8-45cc-97aa-60aaf1349e86",
                  "parentUUID": "d9a2766c-d124-4722-a6a6-9e318a561d22",
                  "isHook": false,
                  "skipped": false
                },
                {
                  "title": "hotp",
                  "fullTitle": "examples factors hotp",
                  "timedOut": false,
                  "duration": 124,
                  "state": "passed",
                  "speed": "slow",
                  "pass": true,
                  "fail": false,
                  "pending": false,
                  "context": null,
                  "code": "// setup key with hotp factor\nconst setup = await mfkdf.setup.key([\n  await mfkdf.setup.factors.hotp({ secret: Buffer.from('hello world') })\n], { size: 8 })\n// derive key with hotp factor\nconst derive = await mfkdf.derive.key(setup.policy, {\n  hotp: mfkdf.derive.factors.hotp(365287)\n})\nsetup.key.toString('hex') // -> 01d0c7236adf2516\nderive.key.toString('hex') // -> 01d0c7236adf2516\nsetup.key.toString('hex').should.equal(derive.key.toString('hex'))",
                  "err": {},
                  "uuid": "c1fef56c-60c6-48a1-b712-4ad5f1135f8b",
                  "parentUUID": "d9a2766c-d124-4722-a6a6-9e318a561d22",
                  "isHook": false,
                  "skipped": false
                },
                {
                  "title": "uuid",
                  "fullTitle": "examples factors uuid",
                  "timedOut": false,
                  "duration": 120,
                  "state": "passed",
                  "speed": "slow",
                  "pass": true,
                  "fail": false,
                  "pending": false,
                  "context": null,
                  "code": "// setup key with uuid factor\nconst setup = await mfkdf.setup.key([\n  await mfkdf.setup.factors.uuid({ uuid: '9b1deb4d-3b7d-4bad-9bdd-2b0d7b3dcb6d' })\n], { size: 8 })\n// derive key with uuid factor\nconst derive = await mfkdf.derive.key(setup.policy, {\n  uuid: mfkdf.derive.factors.uuid('9b1deb4d-3b7d-4bad-9bdd-2b0d7b3dcb6d')\n})\nsetup.key.toString('hex') // -> 01d0c7236adf2516\nderive.key.toString('hex') // -> 01d0c7236adf2516\nsetup.key.toString('hex').should.equal(derive.key.toString('hex'))",
                  "err": {},
                  "uuid": "0f4834da-cce5-47a9-82f8-8d18c242c576",
                  "parentUUID": "d9a2766c-d124-4722-a6a6-9e318a561d22",
                  "isHook": false,
                  "skipped": false
                },
                {
                  "title": "question",
                  "fullTitle": "examples factors question",
                  "timedOut": false,
                  "duration": 116,
                  "state": "passed",
                  "speed": "slow",
                  "pass": true,
                  "fail": false,
                  "pending": false,
                  "context": null,
                  "code": "// setup key with security question factor\nconst setup = await mfkdf.setup.key([\n  await mfkdf.setup.factors.question('Fido')\n], { size: 8 })\n// derive key with security question factor\nconst derive = await mfkdf.derive.key(setup.policy, {\n  question: mfkdf.derive.factors.question('Fido')\n})\nsetup.key.toString('hex').should.equal(derive.key.toString('hex'))",
                  "err": {},
                  "uuid": "d2a538eb-a4ea-4f36-a341-9513eb73c9e4",
                  "parentUUID": "d9a2766c-d124-4722-a6a6-9e318a561d22",
                  "isHook": false,
                  "skipped": false
                },
                {
                  "title": "ooba",
                  "fullTitle": "examples factors ooba",
                  "timedOut": false,
                  "duration": 170,
                  "state": "passed",
                  "speed": "slow",
                  "pass": true,
                  "fail": false,
                  "pending": false,
                  "context": null,
                  "code": "// setup RSA key pair (on out-of-band server)\nconst keyPair = await crypto.webcrypto.subtle.generateKey({ hash: 'SHA-256', modulusLength: 2048, name: 'RSA-OAEP', publicExponent: new Uint8Array([1, 0, 1]) }, true, ['encrypt', 'decrypt'])\n// setup key with out-of-band authentication factor\nconst setup = await mfkdf.setup.key([\n  await mfkdf.setup.factors.ooba({\n    key: keyPair.publicKey, params: { email: 'test@mfkdf.com' }\n  })\n])\n// decrypt and send code (on out-of-band server)\nconst next = setup.policy.factors[0].params.next\nconst decrypted = await crypto.webcrypto.subtle.decrypt({ name: 'RSA-OAEP' }, keyPair.privateKey, Buffer.from(next, 'hex'))\nconst code = JSON.parse(Buffer.from(decrypted).toString()).code\n// derive key with out-of-band factor\nconst derive = await mfkdf.derive.key(setup.policy, {\n  ooba: mfkdf.derive.factors.ooba(code)\n})\nsetup.key.toString('hex') // -> 01d0c7236adf2516\nderive.key.toString('hex') // -> 01d0c7236adf2516\nsetup.key.toString('hex').should.equal(derive.key.toString('hex'))",
                  "err": {},
                  "uuid": "1a6c3a7f-39a9-4143-89bd-78ab15e8df73",
                  "parentUUID": "d9a2766c-d124-4722-a6a6-9e318a561d22",
                  "isHook": false,
                  "skipped": false
                },
                {
                  "title": "password",
                  "fullTitle": "examples factors password",
                  "timedOut": false,
                  "duration": 120,
                  "state": "passed",
                  "speed": "slow",
                  "pass": true,
                  "fail": false,
                  "pending": false,
                  "context": null,
                  "code": "// setup key with password factor\nconst setup = await mfkdf.setup.key([\n  await mfkdf.setup.factors.password('password')\n], { size: 8 })\n// derive key with password factor\nconst derive = await mfkdf.derive.key(setup.policy, {\n  password: mfkdf.derive.factors.password('password')\n})\nsetup.key.toString('hex') // -> 01d0c7236adf2516\nderive.key.toString('hex') // -> 01d0c7236adf2516\nsetup.key.toString('hex').should.equal(derive.key.toString('hex'))",
                  "err": {},
                  "uuid": "28a098d7-e055-4ea5-9350-133e1df2ecb9",
                  "parentUUID": "d9a2766c-d124-4722-a6a6-9e318a561d22",
                  "isHook": false,
                  "skipped": false
                }
              ],
              "suites": [],
              "passes": [
                "fb339ceb-d3db-42fd-8297-acb0b587a2af",
                "285831c5-7999-4b9c-8e97-c82cd7e09861",
                "e12fe3f9-96a8-45cc-97aa-60aaf1349e86",
                "c1fef56c-60c6-48a1-b712-4ad5f1135f8b",
                "0f4834da-cce5-47a9-82f8-8d18c242c576",
                "d2a538eb-a4ea-4f36-a341-9513eb73c9e4",
                "1a6c3a7f-39a9-4143-89bd-78ab15e8df73",
                "28a098d7-e055-4ea5-9350-133e1df2ecb9"
              ],
              "failures": [],
              "pending": [],
              "skipped": [],
              "duration": 1981,
              "root": false,
              "rootEmpty": false,
              "_timeout": 5000
            },
            {
              "uuid": "09203e0b-a128-441e-bb2a-3947c3d4a758",
              "title": "secrets",
              "fullFile": "C:\\xampp\\htdocs\\Multifactor\\MFKDF\\test\\examples\\examples.js",
              "file": "\\test\\examples\\examples.js",
              "beforeHooks": [],
              "afterHooks": [],
              "tests": [
                {
                  "title": "full",
                  "fullTitle": "examples secrets full",
                  "timedOut": false,
                  "duration": 1,
                  "state": "passed",
                  "speed": "slow",
                  "pass": true,
                  "fail": false,
                  "pending": false,
                  "context": null,
                  "code": "// share secret using 2-of-3 shares\nconst shares = mfkdf.secrets.share(Buffer.from('hello world'), 2, 3) // -> [Buffer, Buffer, Buffer]\n// recover secret using 2 shares\nconst secret = mfkdf.secrets.combine([shares[0], null, shares[2]], 2, 3)\nsecret.toString() // -> hello world\n// recover original 3 shares\nconst recover = mfkdf.secrets.recover([shares[0], null, shares[2]], 2, 3) // -> [Buffer, Buffer, Buffer]\nrecover.should.be.a('array')",
                  "err": {},
                  "uuid": "05d12ced-f51d-4d71-a120-b69ccefe445e",
                  "parentUUID": "09203e0b-a128-441e-bb2a-3947c3d4a758",
                  "isHook": false,
                  "skipped": false
                }
              ],
              "suites": [],
              "passes": [
                "05d12ced-f51d-4d71-a120-b69ccefe445e"
              ],
              "failures": [],
              "pending": [],
              "skipped": [],
              "duration": 1,
              "root": false,
              "rootEmpty": false,
              "_timeout": 5000
            },
            {
              "uuid": "88fc2d26-8830-4853-a7c8-7d89b9771015",
              "title": "policy",
              "fullFile": "C:\\xampp\\htdocs\\Multifactor\\MFKDF\\test\\examples\\examples.js",
              "file": "\\test\\examples\\examples.js",
              "beforeHooks": [],
              "afterHooks": [],
              "tests": [
                {
                  "title": "validate",
                  "fullTitle": "examples policy validate",
                  "timedOut": false,
                  "duration": 61,
                  "state": "passed",
                  "speed": "slow",
                  "pass": true,
                  "fail": false,
                  "pending": false,
                  "context": null,
                  "code": "// setup key that can be derived from passwordA AND (passwordB OR passwordC)\nconst setup = await mfkdf.policy.setup(\n  await mfkdf.policy.and(\n    await mfkdf.setup.factors.password('passwordA', { id: 'passwordA' }),\n    await mfkdf.policy.or(\n      await mfkdf.setup.factors.password('passwordB', { id: 'passwordB' }),\n      await mfkdf.setup.factors.password('passwordC', { id: 'passwordC' })\n    )\n  )\n)\n// validate policy\nconst valid = mfkdf.policy.validate(setup.policy) // -> true\nvalid.should.be.true",
                  "err": {},
                  "uuid": "5784b63e-9404-49a8-8f50-c16cdd83aeec",
                  "parentUUID": "88fc2d26-8830-4853-a7c8-7d89b9771015",
                  "isHook": false,
                  "skipped": false
                },
                {
                  "title": "ids",
                  "fullTitle": "examples policy ids",
                  "timedOut": false,
                  "duration": 56,
                  "state": "passed",
                  "speed": "slow",
                  "pass": true,
                  "fail": false,
                  "pending": false,
                  "context": null,
                  "code": "// setup key that can be derived from passwordA AND (passwordB OR passwordC)\nconst setup = await mfkdf.policy.setup(\n  await mfkdf.policy.and(\n    await mfkdf.setup.factors.password('passwordA', { id: 'passwordA' }),\n    await mfkdf.policy.or(\n      await mfkdf.setup.factors.password('passwordB', { id: 'passwordB' }),\n      await mfkdf.setup.factors.password('passwordC', { id: 'passwordC' })\n    )\n  )\n)\n// get list of ids\nconst ids = mfkdf.policy.ids(setup.policy) // -> ['passwordA', 'passwordB', 'passwordC', ...]\nids.includes('passwordA').should.be.true\nids.includes('passwordB').should.be.true\nids.includes('passwordC').should.be.true",
                  "err": {},
                  "uuid": "e537f7a0-bf05-4ccb-ab36-41811054006f",
                  "parentUUID": "88fc2d26-8830-4853-a7c8-7d89b9771015",
                  "isHook": false,
                  "skipped": false
                },
                {
                  "title": "evaluate",
                  "fullTitle": "examples policy evaluate",
                  "timedOut": false,
                  "duration": 57,
                  "state": "passed",
                  "speed": "slow",
                  "pass": true,
                  "fail": false,
                  "pending": false,
                  "context": null,
                  "code": "// setup key that can be derived from passwordA AND (passwordB OR passwordC)\nconst setup = await mfkdf.policy.setup(\n  await mfkdf.policy.and(\n    await mfkdf.setup.factors.password('passwordA', { id: 'passwordA' }),\n    await mfkdf.policy.or(\n      await mfkdf.setup.factors.password('passwordB', { id: 'passwordB' }),\n      await mfkdf.setup.factors.password('passwordC', { id: 'passwordC' })\n    )\n  )\n)\n// check if key can be derived with passwordA and passwordC\nconst valid1 = await mfkdf.policy.evaluate(setup.policy, ['passwordA', 'passwordC']) // -> true\n// check if key can be derived with passwordB and passwordC\nconst valid2 = await mfkdf.policy.evaluate(setup.policy, ['passwordB', 'passwordC']) // -> false\nvalid1.should.be.true\nvalid2.should.be.false",
                  "err": {},
                  "uuid": "2ab8749a-467a-4858-aefd-baf609366764",
                  "parentUUID": "88fc2d26-8830-4853-a7c8-7d89b9771015",
                  "isHook": false,
                  "skipped": false
                },
                {
                  "title": "setup/derive",
                  "fullTitle": "examples policy setup/derive",
                  "timedOut": false,
                  "duration": 145,
                  "state": "passed",
                  "speed": "slow",
                  "pass": true,
                  "fail": false,
                  "pending": false,
                  "context": null,
                  "code": "// setup key that can be derived from passwordA AND (passwordB OR passwordC)\nconst setup = await mfkdf.policy.setup(\n  await mfkdf.policy.and(\n    await mfkdf.setup.factors.password('passwordA', { id: 'passwordA' }),\n    await mfkdf.policy.or(\n      await mfkdf.setup.factors.password('passwordB', { id: 'passwordB' }),\n      await mfkdf.setup.factors.password('passwordC', { id: 'passwordC' })\n    )\n  ), { size: 8 }\n)\n// derive key with passwordA and passwordC (or passwordA and passwordB)\nconst derive = await mfkdf.policy.derive(setup.policy, {\n  passwordA: mfkdf.derive.factors.password('passwordA'),\n  passwordC: mfkdf.derive.factors.password('passwordC')\n})\nsetup.key.toString('hex') // -> e16a227944a65263\nderive.key.toString('hex') // -> e16a227944a65263\nsetup.key.toString('hex').should.equal(derive.key.toString('hex'))",
                  "err": {},
                  "uuid": "4610f8ee-e22f-4fd0-a7b8-30e4c7a59bfd",
                  "parentUUID": "88fc2d26-8830-4853-a7c8-7d89b9771015",
                  "isHook": false,
                  "skipped": false
                },
                {
                  "title": "all",
                  "fullTitle": "examples policy all",
                  "timedOut": false,
                  "duration": 125,
                  "state": "passed",
                  "speed": "slow",
                  "pass": true,
                  "fail": false,
                  "pending": false,
                  "context": null,
                  "code": "// setup key that can be derived from passwordA AND passwordB AND passwordC\nconst setup = await mfkdf.policy.setup(\n  await mfkdf.policy.all([\n    await mfkdf.setup.factors.password('passwordA', { id: 'passwordA' }),\n    await mfkdf.setup.factors.password('passwordB', { id: 'passwordB' }),\n    await mfkdf.setup.factors.password('passwordC', { id: 'passwordC' })\n  ]), { size: 8 }\n)\n// derive key with passwordA and passwordB and passwordC\nconst derive = await mfkdf.policy.derive(setup.policy, {\n  passwordA: mfkdf.derive.factors.password('passwordA'),\n  passwordB: mfkdf.derive.factors.password('passwordB'),\n  passwordC: mfkdf.derive.factors.password('passwordC')\n})\nsetup.key.toString('hex') // -> e16a227944a65263\nderive.key.toString('hex') // -> e16a227944a65263\nsetup.key.toString('hex').should.equal(derive.key.toString('hex'))",
                  "err": {},
                  "uuid": "2c926f03-1104-40f6-9149-defcfca1182f",
                  "parentUUID": "88fc2d26-8830-4853-a7c8-7d89b9771015",
                  "isHook": false,
                  "skipped": false
                },
                {
                  "title": "any",
                  "fullTitle": "examples policy any",
                  "timedOut": false,
                  "duration": 127,
                  "state": "passed",
                  "speed": "slow",
                  "pass": true,
                  "fail": false,
                  "pending": false,
                  "context": null,
[...]
                  "err": {},
                  "uuid": "3471842c-e89f-40c1-82b3-2f1625463463",
                  "parentUUID": "b9b0aaf0-7e98-4920-9785-91fac8aa784c",
                  "isHook": false,
                  "skipped": false
                },
                {
                  "title": "invalid/range",
                  "fullTitle": "setup/key id invalid/range",
                  "timedOut": false,
                  "duration": 0,
                  "state": "passed",
                  "speed": "fast",
                  "pass": true,
                  "fail": false,
                  "pending": false,
                  "context": null,
                  "code": "mfkdf.setup.key([\n  await mfkdf.setup.factors.password('hello')\n], { id: '' }).should.be.rejectedWith(RangeError)",
                  "err": {},
                  "uuid": "400533fc-2fda-4e25-bac0-703172b6ef1e",
                  "parentUUID": "b9b0aaf0-7e98-4920-9785-91fac8aa784c",
                  "isHook": false,
                  "skipped": false
                }
              ],
              "suites": [],
              "passes": [
                "833e402d-9cb2-4bcc-9d6b-fdababf80826",
                "4705a613-5599-4333-8768-bf15422d7f9f",
                "3471842c-e89f-40c1-82b3-2f1625463463",
                "400533fc-2fda-4e25-bac0-703172b6ef1e"
              ],
              "failures": [],
              "pending": [],
              "skipped": [],
              "duration": 112,
              "root": false,
              "rootEmpty": false,
              "_timeout": 5000
            },
            {
              "uuid": "aacdaf6f-c432-4dbd-9a66-450281a35554",
              "title": "size",
              "fullFile": "C:\\xampp\\htdocs\\Multifactor\\MFKDF\\test\\setup\\key.js",
              "file": "\\test\\setup\\key.js",
              "beforeHooks": [],
              "afterHooks": [],
              "tests": [
                {
                  "title": "default",
                  "fullTitle": "setup/key size default",
                  "timedOut": false,
                  "duration": 61,
                  "state": "passed",
                  "speed": "slow",
                  "pass": true,
                  "fail": false,
                  "pending": false,
                  "context": null,
                  "code": "const { policy } = await mfkdf.setup.key([\n  await mfkdf.setup.factors.password('hello')\n])\npolicy.size.should.equal(32)",
                  "err": {},
                  "uuid": "96d1e1a2-a58b-4ff8-a3e4-c786b9b758c9",
                  "parentUUID": "aacdaf6f-c432-4dbd-9a66-450281a35554",
                  "isHook": false,
                  "skipped": false
                },
                {
                  "title": "valid",
                  "fullTitle": "setup/key size valid",
                  "timedOut": false,
                  "duration": 47,
                  "state": "passed",
                  "speed": "slow",
                  "pass": true,
                  "fail": false,
                  "pending": false,
                  "context": null,
                  "code": "const { policy } = await mfkdf.setup.key([\n  await mfkdf.setup.factors.password('hello')\n], { size: 64 })\npolicy.size.should.equal(64)",
                  "err": {},
                  "uuid": "861a770d-7dc4-480c-90d0-98ee3e56acf6",
                  "parentUUID": "aacdaf6f-c432-4dbd-9a66-450281a35554",
                  "isHook": false,
                  "skipped": false
                },
                {
                  "title": "invalid/type",
                  "fullTitle": "setup/key size invalid/type",
                  "timedOut": false,
                  "duration": 0,
                  "state": "passed",
                  "speed": "fast",
                  "pass": true,
                  "fail": false,
                  "pending": false,
                  "context": null,
                  "code": "mfkdf.setup.key([\n  await mfkdf.setup.factors.password('hello')\n], { size: 'hello' }).should.be.rejectedWith(TypeError)",
                  "err": {},
                  "uuid": "75ecbd77-b1d9-4c34-8967-853dbc6a910d",
                  "parentUUID": "aacdaf6f-c432-4dbd-9a66-450281a35554",
                  "isHook": false,
                  "skipped": false
                },
                {
                  "title": "invalid/range",
                  "fullTitle": "setup/key size invalid/range",
                  "timedOut": false,
                  "duration": 0,
                  "state": "passed",
                  "speed": "fast",
                  "pass": true,
                  "fail": false,
                  "pending": false,
                  "context": null,
                  "code": "mfkdf.setup.key([\n  await mfkdf.setup.factors.password('hello')\n], { size: 0 }).should.be.rejectedWith(RangeError)",
                  "err": {},
                  "uuid": "ed436602-3ee3-4f0f-a0f7-608999c8ce1a",
                  "parentUUID": "aacdaf6f-c432-4dbd-9a66-450281a35554",
                  "isHook": false,
                  "skipped": false
                }
              ],
              "suites": [],
              "passes": [
                "96d1e1a2-a58b-4ff8-a3e4-c786b9b758c9",
                "861a770d-7dc4-480c-90d0-98ee3e56acf6",
                "75ecbd77-b1d9-4c34-8967-853dbc6a910d",
                "ed436602-3ee3-4f0f-a0f7-608999c8ce1a"
              ],
              "failures": [],
              "pending": [],
              "skipped": [],
              "duration": 108,
              "root": false,
              "rootEmpty": false,
              "_timeout": 5000
            },
            {
              "uuid": "c4f45993-286f-47cd-a2ac-dcae30e5b781",
              "title": "threshold",
              "fullFile": "C:\\xampp\\htdocs\\Multifactor\\MFKDF\\test\\setup\\key.js",
              "file": "\\test\\setup\\key.js",
              "beforeHooks": [],
              "afterHooks": [],
              "tests": [
                {
                  "title": "default",
                  "fullTitle": "setup/key threshold default",
                  "timedOut": false,
                  "duration": 58,
                  "state": "passed",
                  "speed": "slow",
                  "pass": true,
                  "fail": false,
                  "pending": false,
                  "context": null,
                  "code": "const { policy } = await mfkdf.setup.key([\n  await mfkdf.setup.factors.password('hello', { id: 'password1' }),\n  await mfkdf.setup.factors.password('hello', { id: 'password2' })\n])\npolicy.threshold.should.equal(2)",
                  "err": {},
                  "uuid": "0342f2bd-b2a7-480c-99ca-14c8bd65db2c",
                  "parentUUID": "c4f45993-286f-47cd-a2ac-dcae30e5b781",
                  "isHook": false,
                  "skipped": false
                },
                {
                  "title": "valid",
                  "fullTitle": "setup/key threshold valid",
                  "timedOut": false,
                  "duration": 46,
                  "state": "passed",
                  "speed": "slow",
                  "pass": true,
                  "fail": false,
                  "pending": false,
                  "context": null,
                  "code": "const { policy } = await mfkdf.setup.key([\n  await mfkdf.setup.factors.password('hello', { id: 'password1' }),\n  await mfkdf.setup.factors.password('hello', { id: 'password2' })\n], { threshold: 1 })\npolicy.threshold.should.equal(1)",
                  "err": {},
                  "uuid": "c863fc7b-227f-4c2b-9979-d790893e9dab",
                  "parentUUID": "c4f45993-286f-47cd-a2ac-dcae30e5b781",
                  "isHook": false,
                  "skipped": false
                },
                {
                  "title": "invalid/type",
                  "fullTitle": "setup/key threshold invalid/type",
                  "timedOut": false,
                  "duration": 0,
                  "state": "passed",
                  "speed": "fast",
                  "pass": true,
                  "fail": false,
                  "pending": false,
                  "context": null,
                  "code": "mfkdf.setup.key([\n  await mfkdf.setup.factors.password('hello')\n], { threshold: 'hello' }).should.be.rejectedWith(TypeError)",
                  "err": {},
                  "uuid": "a8c068ad-766e-40a8-839c-c41d5d5f5a16",
                  "parentUUID": "c4f45993-286f-47cd-a2ac-dcae30e5b781",
                  "isHook": false,
                  "skipped": false
                },
                {
                  "title": "invalid/range",
                  "fullTitle": "setup/key threshold invalid/range",
                  "timedOut": false,
                  "duration": 1,
                  "state": "passed",
                  "speed": "slow",
                  "pass": true,
                  "fail": false,
                  "pending": false,
                  "context": null,
                  "code": "mfkdf.setup.key([\n  await mfkdf.setup.factors.password('hello')\n], { threshold: 0 }).should.be.rejectedWith(RangeError)\nmfkdf.setup.key([\n  await mfkdf.setup.factors.password('hello')\n], { threshold: 2 }).should.be.rejectedWith(RangeError)",
                  "err": {},
                  "uuid": "a86a5f3c-824b-4872-a106-a911619e45f5",
                  "parentUUID": "c4f45993-286f-47cd-a2ac-dcae30e5b781",
                  "isHook": false,
                  "skipped": false
                }
              ],
              "suites": [],
              "passes": [
                "0342f2bd-b2a7-480c-99ca-14c8bd65db2c",
                "c863fc7b-227f-4c2b-9979-d790893e9dab",
                "a8c068ad-766e-40a8-839c-c41d5d5f5a16",
                "a86a5f3c-824b-4872-a106-a911619e45f5"
              ],
              "failures": [],
              "pending": [],
              "skipped": [],
              "duration": 105,
              "root": false,
              "rootEmpty": false,
              "_timeout": 5000
            },
            {
              "uuid": "f02d8db1-9ef5-472d-976c-2a2c69d54ecd",
              "title": "salt",
              "fullFile": "C:\\xampp\\htdocs\\Multifactor\\MFKDF\\test\\setup\\key.js",
              "file": "\\test\\setup\\key.js",
              "beforeHooks": [],
              "afterHooks": [],
              "tests": [
                {
                  "title": "default",
                  "fullTitle": "setup/key salt default",
                  "timedOut": false,
                  "duration": 57,
                  "state": "passed",
                  "speed": "slow",
                  "pass": true,
                  "fail": false,
                  "pending": false,
                  "context": null,
                  "code": "const { policy } = await mfkdf.setup.key([\n  await mfkdf.setup.factors.password('hello')\n], { size: 48 })\nconst salt = Buffer.from(policy.salt, 'base64')\nsalt.length.should.equal(48)",
                  "err": {},
                  "uuid": "cc30e61e-3d68-4f30-984d-dc1a9c707509",
                  "parentUUID": "f02d8db1-9ef5-472d-976c-2a2c69d54ecd",
                  "isHook": false,
                  "skipped": false
                },
                {
                  "title": "valid",
                  "fullTitle": "setup/key salt valid",
                  "timedOut": false,
                  "duration": 49,
                  "state": "passed",
                  "speed": "slow",
                  "pass": true,
                  "fail": false,
                  "pending": false,
                  "context": null,
                  "code": "const { policy } = await mfkdf.setup.key([\n  await mfkdf.setup.factors.password('hello')\n], { salt: Buffer.from('12345678', 'base64') })\npolicy.salt.should.equal('12345678')",
                  "err": {},
                  "uuid": "c49031d5-fc05-4e42-885e-94fcac0226fc",
                  "parentUUID": "f02d8db1-9ef5-472d-976c-2a2c69d54ecd",
                  "isHook": false,
                  "skipped": false
                },
                {
                  "title": "invalid/type",
                  "fullTitle": "setup/key salt invalid/type",
                  "timedOut": false,
                  "duration": 0,
                  "state": "passed",
                  "speed": "fast",
                  "pass": true,
                  "fail": false,
                  "pending": false,
                  "context": null,
                  "code": "mfkdf.setup.key([\n  await mfkdf.setup.factors.password('hello')\n], { salt: 'hello' }).should.be.rejectedWith(TypeError)",
                  "err": {},
                  "uuid": "f47eaa6c-0dce-4e4c-a9ec-b768f5555aef",
                  "parentUUID": "f02d8db1-9ef5-472d-976c-2a2c69d54ecd",
                  "isHook": false,
                  "skipped": false
                }
              ],
              "suites": [],
              "passes": [
                "cc30e61e-3d68-4f30-984d-dc1a9c707509",
                "c49031d5-fc05-4e42-885e-94fcac0226fc",
                "f47eaa6c-0dce-4e4c-a9ec-b768f5555aef"
              ],
              "failures": [],
              "pending": [],
              "skipped": [],
              "duration": 106,
              "root": false,
              "rootEmpty": false,
              "_timeout": 5000
            },
            {
              "uuid": "1e0d5c52-8d0f-437d-a21b-d15678942953",
              "title": "factors",
              "fullFile": "C:\\xampp\\htdocs\\Multifactor\\MFKDF\\test\\setup\\key.js",
              "file": "\\test\\setup\\key.js",
              "beforeHooks": [],
              "afterHooks": [],
              "tests": [
                {
                  "title": "valid",
                  "fullTitle": "setup/key factors valid",
                  "timedOut": false,
                  "duration": 55,
                  "state": "passed",
                  "speed": "slow",
                  "pass": true,
                  "fail": false,
                  "pending": false,
                  "context": null,
                  "code": "await mfkdf.setup.key([\n  {\n    type: 'password',\n    id: 'password',\n    data: Buffer.from('password', 'utf-8'),\n    params: async () => {\n      return {}\n    },\n    output: async () => {\n      return {}\n    }\n  }\n])",
                  "err": {},
                  "uuid": "2c21da72-b05e-4c27-83ce-d79c6df23e09",
                  "parentUUID": "1e0d5c52-8d0f-437d-a21b-d15678942953",
                  "isHook": false,
                  "skipped": false
                },
                {
                  "title": "id",
                  "fullTitle": "setup/key factors id",
                  "timedOut": false,
                  "duration": 1,
                  "state": "passed",
                  "speed": "slow",
                  "pass": true,
                  "fail": false,
                  "pending": false,
                  "context": null,
                  "code": "mfkdf.setup.key([\n  await mfkdf.setup.factors.password('hello', { id: 'password1' }),\n  await mfkdf.setup.factors.password('hello', { id: 'password1' })\n]).should.be.rejectedWith(RangeError)",
                  "err": {},
                  "uuid": "d1592366-ac72-42bb-acbd-0be7c897fd3e",
                  "parentUUID": "1e0d5c52-8d0f-437d-a21b-d15678942953",
                  "isHook": false,
                  "skipped": false
                },
                {
                  "title": "invalid/type",
                  "fullTitle": "setup/key factors invalid/type",
                  "timedOut": false,
                  "duration": 1,
                  "state": "passed",
                  "speed": "slow",
                  "pass": true,
                  "fail": false,
                  "pending": false,
                  "context": null,
                  "code": "mfkdf.setup.key('hello').should.be.rejectedWith(TypeError)\nmfkdf.setup.key([\n  {\n    type: 12345,\n    id: 'password',\n    data: Buffer.from('password', 'utf-8'),\n    params: async () => {\n      return {}\n    }\n  }\n]).should.be.rejectedWith(TypeError)\nmfkdf.setup.key([\n  {\n    type: 'password',\n    id: 12345,\n    data: Buffer.from('password', 'utf-8'),\n    params: async () => {\n      return {}\n    }\n  }\n]).should.be.rejectedWith(TypeError)\nmfkdf.setup.key([\n  {\n    type: 'password',\n    id: 'password',\n    data: 12345,\n    params: async () => {\n      return {}\n    }\n  }\n]).should.be.rejectedWith(TypeError)\nmfkdf.setup.key([\n  {\n    type: 'password',\n    id: 'password',\n    data: Buffer.from('password', 'utf-8'),\n    params: 12345\n  }\n]).should.be.rejectedWith(TypeError)",
                  "err": {},
                  "uuid": "cd95430c-b3fd-4533-b116-7faa0211fdbd",
                  "parentUUID": "1e0d5c52-8d0f-437d-a21b-d15678942953",
                  "isHook": false,
                  "skipped": false
                },
                {
                  "title": "invalid/range",
                  "fullTitle": "setup/key factors invalid/range",
                  "timedOut": false,
                  "duration": 1,
                  "state": "passed",
                  "speed": "slow",
                  "pass": true,
                  "fail": false,
                  "pending": false,
                  "context": null,
                  "code": "mfkdf.setup.key([\n]).should.be.rejectedWith(RangeError)\nmfkdf.setup.key([\n  {\n    type: '',\n    id: 'password',\n    data: Buffer.from('password', 'utf-8'),\n    params: async () => {\n      return {}\n    }\n  }\n]).should.be.rejectedWith(RangeError)\nmfkdf.setup.key([\n  {\n    type: 'password',\n    id: '',\n    data: Buffer.from('password', 'utf-8'),\n    params: async () => {\n      return {}\n    }\n  }\n]).should.be.rejectedWith(RangeError)\nmfkdf.setup.key([\n  {\n    type: 'password',\n    id: 'password',\n    data: Buffer.from('', 'utf-8'),\n    params: async () => {\n      return {}\n    }\n  }\n]).should.be.rejectedWith(RangeError)",
                  "err": {},
                  "uuid": "6fe376f9-efdf-4fb0-9d8b-b19d94e7361b",
                  "parentUUID": "1e0d5c52-8d0f-437d-a21b-d15678942953",
                  "isHook": false,
                  "skipped": false
                }
              ],
              "suites": [],
              "passes": [
                "2c21da72-b05e-4c27-83ce-d79c6df23e09",
                "d1592366-ac72-42bb-acbd-0be7c897fd3e",
                "cd95430c-b3fd-4533-b116-7faa0211fdbd",
                "6fe376f9-efdf-4fb0-9d8b-b19d94e7361b"
              ],
              "failures": [],
              "pending": [],
              "skipped": [],
              "duration": 58,
              "root": false,
              "rootEmpty": false,
              "_timeout": 5000
            }
          ],
          "passes": [
            "b68f0ab9-d708-4885-9525-e5279bb588d1"
          ],
          "failures": [],
          "pending": [],
          "skipped": [],
          "duration": 59,
          "root": false,
          "rootEmpty": false,
          "_timeout": 5000
        }
      ],
      "passes": [],
      "failures": [],
      "pending": [],
      "skipped": [],
      "duration": 0,
      "root": true,
      "rootEmpty": true,
      "_timeout": 5000
    }
  ],
  "meta": {
    "mocha": {
      "version": "10.2.0"
    },
    "mochawesome": {
      "options": {
        "quiet": false,
        "reportFilename": "mochawesome",
        "saveHtml": true,
        "saveJson": true,
        "consoleReporter": "spec",
        "useInlineDiffs": false,
        "code": true
      },
      "version": "7.1.3"
    },
    "marge": {
      "options": {
        "reportDir": "./site/mochawesome"
      },
      "version": "6.2.0"
    }
  }
}