{
  "stats": {
    "suites": 85,
    "tests": 337,
    "passes": 337,
    "pending": 0,
    "failures": 0,
    "start": "2022-07-19T17:48:55.499Z",
    "end": "2022-07-19T17:50:43.485Z",
    "duration": 107986,
    "testsRegistered": 337,
    "passPercent": 100,
    "pendingPercent": 0,
    "other": 0,
    "hasOther": false,
    "skipped": 0,
    "hasSkipped": false
  },
  "results": [
    {
      "uuid": "8df6cb40-3cc7-4120-8205-7e23608fd965",
      "title": "",
      "fullFile": "",
      "file": "",
      "beforeHooks": [],
      "afterHooks": [],
      "tests": [],
      "suites": [
        {
          "uuid": "2775adcb-7ace-4390-a5cf-3f21404d74fa",
          "title": "asymmetric",
          "fullFile": "C:\\xampp\\htdocs\\Multifactor\\MFKDF\\test\\crypto\\asymmetric.js",
          "file": "\\test\\crypto\\asymmetric.js",
          "beforeHooks": [],
          "afterHooks": [],
          "tests": [],
          "suites": [
            {
              "uuid": "be45550e-becc-4a94-848a-4462aa62883a",
              "title": "encryption",
              "fullFile": "C:\\xampp\\htdocs\\Multifactor\\MFKDF\\test\\crypto\\asymmetric.js",
              "file": "\\test\\crypto\\asymmetric.js",
              "beforeHooks": [],
              "afterHooks": [],
              "tests": [
                {
                  "title": "rsa1024",
                  "fullTitle": "asymmetric encryption rsa1024",
                  "timedOut": false,
                  "duration": 391,
                  "state": "passed",
                  "speed": "slow",
                  "pass": true,
                  "fail": false,
                  "pending": false,
                  "context": null,
                  "code": "const setup = await mfkdf.setup.key([\n  await mfkdf.setup.factors.uuid({ id: 'uuid1', uuid: '9b1deb4d-3b7d-4bad-9bdd-2b0d7b3dcb6d' })\n])\nconst ct = await setup.encrypt('hello world', 'rsa1024')\nconst pt = await setup.decrypt(ct, 'rsa1024')\npt.toString().should.equal('hello world')",
                  "err": {},
                  "uuid": "d5256e80-b4be-4163-9d27-bea7978f725c",
                  "parentUUID": "be45550e-becc-4a94-848a-4462aa62883a",
                  "isHook": false,
                  "skipped": false
                },
                {
                  "title": "rsa2048",
                  "fullTitle": "asymmetric encryption rsa2048",
                  "timedOut": false,
                  "duration": 371,
                  "state": "passed",
                  "speed": "slow",
                  "pass": true,
                  "fail": false,
                  "pending": false,
                  "context": null,
                  "code": "const setup = await mfkdf.setup.key([\n  await mfkdf.setup.factors.uuid({ id: 'uuid1', uuid: '9b1deb4d-3b7d-4bad-9bdd-2b0d7b3dcb6d' })\n])\nconst ct = await setup.encrypt('hello world', 'rsa2048')\nconst pt = await setup.decrypt(ct, 'rsa2048')\npt.toString().should.equal('hello world')",
                  "err": {},
                  "uuid": "cf70fbc5-4593-4d0e-8fe8-3961b0964f3b",
                  "parentUUID": "be45550e-becc-4a94-848a-4462aa62883a",
                  "isHook": false,
                  "skipped": false
                }
              ],
              "suites": [],
              "passes": [
                "d5256e80-b4be-4163-9d27-bea7978f725c",
                "cf70fbc5-4593-4d0e-8fe8-3961b0964f3b"
              ],
              "failures": [],
              "pending": [],
              "skipped": [],
              "duration": 762,
              "root": false,
              "rootEmpty": false,
              "_timeout": 5000
            },
            {
              "uuid": "200e6c88-0674-4eb7-bc89-d4836f26b050",
              "title": "signatures",
              "fullFile": "C:\\xampp\\htdocs\\Multifactor\\MFKDF\\test\\crypto\\asymmetric.js",
              "file": "\\test\\crypto\\asymmetric.js",
              "beforeHooks": [],
              "afterHooks": [],
              "tests": [
                {
                  "title": "rsa1024",
                  "fullTitle": "asymmetric signatures rsa1024",
                  "timedOut": false,
                  "duration": 148,
                  "state": "passed",
                  "speed": "slow",
                  "pass": true,
                  "fail": false,
                  "pending": false,
                  "context": null,
                  "code": "const setup = await mfkdf.setup.key([\n  await mfkdf.setup.factors.uuid({ id: 'uuid1', uuid: '9b1deb4d-3b7d-4bad-9bdd-2b0d7b3dcb6d' })\n])\nconst signature = await setup.sign('hello world', 'rsa1024')\nconst validity = await setup.verify('hello world', signature, 'rsa1024')\nvalidity.should.be.true",
                  "err": {},
                  "uuid": "1d3ad720-3eed-4cd3-bf3d-705537326829",
                  "parentUUID": "200e6c88-0674-4eb7-bc89-d4836f26b050",
                  "isHook": false,
                  "skipped": false
                },
                {
                  "title": "rsa2048",
                  "fullTitle": "asymmetric signatures rsa2048",
                  "timedOut": false,
                  "duration": 473,
                  "state": "passed",
                  "speed": "slow",
                  "pass": true,
                  "fail": false,
                  "pending": false,
                  "context": null,
                  "code": "const setup = await mfkdf.setup.key([\n  await mfkdf.setup.factors.uuid({ id: 'uuid1', uuid: '9b1deb4d-3b7d-4bad-9bdd-2b0d7b3dcb6d' })\n])\nconst signature = await setup.sign('hello world', 'rsa2048')\nconst validity = await setup.verify('hello world', signature, 'rsa2048')\nvalidity.should.be.true",
                  "err": {},
                  "uuid": "e74aab77-5ae8-442f-8ef7-f2f64edffebd",
                  "parentUUID": "200e6c88-0674-4eb7-bc89-d4836f26b050",
                  "isHook": false,
                  "skipped": false
                },
                {
                  "title": "rsa3072",
                  "fullTitle": "asymmetric signatures rsa3072",
                  "timedOut": false,
                  "duration": 14519,
                  "state": "passed",
                  "speed": "slow",
                  "pass": true,
                  "fail": false,
                  "pending": false,
                  "context": null,
                  "code": "const setup = await mfkdf.setup.key([\n  await mfkdf.setup.factors.uuid({ id: 'uuid1', uuid: '9b1deb4d-3b7d-4bad-9bdd-2b0d7b3dcb6d' })\n])\nconst signature = await setup.sign('hello world', 'rsa3072')\nconst validity = await setup.verify('hello world', signature, 'rsa3072')\nvalidity.should.be.true",
                  "err": {},
                  "uuid": "922a9296-a889-4bfc-a016-14dedbba513f",
                  "parentUUID": "200e6c88-0674-4eb7-bc89-d4836f26b050",
                  "isHook": false,
                  "skipped": false
                },
                {
                  "title": "defaults",
                  "fullTitle": "asymmetric signatures defaults",
                  "timedOut": false,
                  "duration": 29548,
                  "state": "passed",
                  "speed": "slow",
                  "pass": true,
                  "fail": false,
                  "pending": false,
                  "context": null,
                  "code": "const setup = await mfkdf.setup.key([\n  await mfkdf.setup.factors.uuid({ id: 'uuid1', uuid: '9b1deb4d-3b7d-4bad-9bdd-2b0d7b3dcb6d' })\n])\nconst signature = await setup.sign('hello world')\nconst validity = await setup.verify('hello world', signature)\nvalidity.should.be.true\nawait setup.getAsymmetricKeyPair()",
                  "err": {},
                  "uuid": "9038a12d-d7ea-4372-9f1b-b0235fed3943",
                  "parentUUID": "200e6c88-0674-4eb7-bc89-d4836f26b050",
                  "isHook": false,
                  "skipped": false
                },
                {
                  "title": "ed25519",
                  "fullTitle": "asymmetric signatures ed25519",
                  "timedOut": false,
                  "duration": 117,
                  "state": "passed",
                  "speed": "slow",
                  "pass": true,
                  "fail": false,
                  "pending": false,
                  "context": null,
                  "code": "const setup = await mfkdf.setup.key([\n  await mfkdf.setup.factors.uuid({ id: 'uuid1', uuid: '9b1deb4d-3b7d-4bad-9bdd-2b0d7b3dcb6d' })\n])\nawait setup.getAsymmetricKeyPair('ed25519')",
                  "err": {},
                  "uuid": "79213b65-0bb4-4c05-866f-29aec89a428c",
                  "parentUUID": "200e6c88-0674-4eb7-bc89-d4836f26b050",
                  "isHook": false,
                  "skipped": false
                },
                {
                  "title": "unknown",
                  "fullTitle": "asymmetric signatures unknown",
                  "timedOut": false,
                  "duration": 103,
                  "state": "passed",
                  "speed": "slow",
                  "pass": true,
                  "fail": false,
                  "pending": false,
                  "context": null,
                  "code": "const setup = await mfkdf.setup.key([\n  await mfkdf.setup.factors.uuid({ id: 'uuid1', uuid: '9b1deb4d-3b7d-4bad-9bdd-2b0d7b3dcb6d' })\n])\nsetup.getAsymmetricKeyPair('unknown').should.be.rejectedWith(RangeError)",
                  "err": {},
                  "uuid": "db40c985-85fc-4f90-9fda-b2e0387f88e9",
                  "parentUUID": "200e6c88-0674-4eb7-bc89-d4836f26b050",
                  "isHook": false,
                  "skipped": false
                },
                {
                  "title": "errors",
                  "fullTitle": "asymmetric signatures errors",
                  "timedOut": false,
                  "duration": 12741,
                  "state": "passed",
                  "speed": "slow",
                  "pass": true,
                  "fail": false,
                  "pending": false,
                  "context": null,
                  "code": "const setup = await mfkdf.setup.key([\n  await mfkdf.setup.factors.uuid({ id: 'uuid1', uuid: '9b1deb4d-3b7d-4bad-9bdd-2b0d7b3dcb6d' })\n])\nsetup.sign(12345, 'rsa1024').should.be.rejectedWith(TypeError)\nconst signature = await setup.sign('hello world')\nsetup.verify(12345, signature).should.be.rejectedWith(TypeError)",
                  "err": {},
                  "uuid": "c2653a88-d798-4426-a682-614e40609610",
                  "parentUUID": "200e6c88-0674-4eb7-bc89-d4836f26b050",
                  "isHook": false,
                  "skipped": false
                }
              ],
              "suites": [],
              "passes": [
                "1d3ad720-3eed-4cd3-bf3d-705537326829",
                "e74aab77-5ae8-442f-8ef7-f2f64edffebd",
                "922a9296-a889-4bfc-a016-14dedbba513f",
                "9038a12d-d7ea-4372-9f1b-b0235fed3943",
                "79213b65-0bb4-4c05-866f-29aec89a428c",
                "db40c985-85fc-4f90-9fda-b2e0387f88e9",
                "c2653a88-d798-4426-a682-614e40609610"
              ],
              "failures": [],
              "pending": [],
              "skipped": [],
              "duration": 57649,
              "root": false,
              "rootEmpty": false,
              "_timeout": 5000
            }
          ],
          "passes": [],
          "failures": [],
          "pending": [],
          "skipped": [],
          "duration": 0,
          "root": false,
          "rootEmpty": false,
          "_timeout": 5000
        },
        {
          "uuid": "78ee6d7f-6c46-4aba-92cc-82bb61948651",
          "title": "encrypt",
          "fullFile": "C:\\xampp\\htdocs\\Multifactor\\MFKDF\\test\\crypto\\symmetric.js",
          "file": "\\test\\crypto\\symmetric.js",
          "beforeHooks": [],
          "afterHooks": [],
          "tests": [
            {
              "title": "defaults",
              "fullTitle": "encrypt defaults",
              "timedOut": false,
              "duration": 247,
              "state": "passed",
              "speed": "slow",
              "pass": true,
              "fail": false,
              "pending": false,
              "context": null,
              "code": "const setup = await mfkdf.setup.key([\n  await mfkdf.setup.factors.uuid({ id: 'uuid1', uuid: '9b1deb4d-3b7d-4bad-9bdd-2b0d7b3dcb6d' })\n])\nconst ciphertext = await setup.encrypt(Buffer.from('hello world'))\nconst derive = await mfkdf.derive.key(setup.policy, {\n  uuid1: mfkdf.derive.factors.uuid('9b1deb4d-3b7d-4bad-9bdd-2b0d7b3dcb6d')\n})\nconst plaintext = await derive.decrypt(ciphertext)\nplaintext.toString().should.equal('hello world')",
              "err": {},
              "uuid": "2f11fddc-f5bd-4733-8565-c8409439ce26",
              "parentUUID": "78ee6d7f-6c46-4aba-92cc-82bb61948651",
              "isHook": false,
              "skipped": false
            },
            {
              "title": "AES256-CBC",
              "fullTitle": "encrypt AES256-CBC",
              "timedOut": false,
              "duration": 228,
              "state": "passed",
              "speed": "slow",
              "pass": true,
              "fail": false,
              "pending": false,
              "context": null,
              "code": "const setup = await mfkdf.setup.key([\n  await mfkdf.setup.factors.uuid({ id: 'uuid1', uuid: '9b1deb4d-3b7d-4bad-9bdd-2b0d7b3dcb6d' })\n])\nconst ciphertext = await setup.encrypt(Buffer.from('hello world'), 'aes256')\nconst derive = await mfkdf.derive.key(setup.policy, {\n  uuid1: mfkdf.derive.factors.uuid('9b1deb4d-3b7d-4bad-9bdd-2b0d7b3dcb6d')\n})\nconst plaintext = await derive.decrypt(ciphertext, 'aes256')\nplaintext.toString().should.equal('hello world')",
              "err": {},
              "uuid": "cd9001ad-1990-4e83-a8f6-7bce222c114c",
              "parentUUID": "78ee6d7f-6c46-4aba-92cc-82bb61948651",
              "isHook": false,
              "skipped": false
            },
            {
              "title": "AES192-CBC",
              "fullTitle": "encrypt AES192-CBC",
              "timedOut": false,
              "duration": 222,
              "state": "passed",
              "speed": "slow",
              "pass": true,
              "fail": false,
              "pending": false,
              "context": null,
              "code": "const setup = await mfkdf.setup.key([\n  await mfkdf.setup.factors.uuid({ id: 'uuid1', uuid: '9b1deb4d-3b7d-4bad-9bdd-2b0d7b3dcb6d' })\n])\nconst ciphertext = await setup.encrypt('hello world', 'aes192')\nconst derive = await mfkdf.derive.key(setup.policy, {\n  uuid1: mfkdf.derive.factors.uuid('9b1deb4d-3b7d-4bad-9bdd-2b0d7b3dcb6d')\n})\nconst plaintext = await derive.decrypt(ciphertext, 'aes192')\nplaintext.toString().should.equal('hello world')",
              "err": {},
              "uuid": "a598aed0-3e80-4422-9ad9-bbd194654740",
              "parentUUID": "78ee6d7f-6c46-4aba-92cc-82bb61948651",
              "isHook": false,
              "skipped": false
            },
            {
              "title": "AES128-CBC",
              "fullTitle": "encrypt AES128-CBC",
              "timedOut": false,
              "duration": 220,
              "state": "passed",
              "speed": "slow",
              "pass": true,
              "fail": false,
              "pending": false,
              "context": null,
              "code": "const setup = await mfkdf.setup.key([\n  await mfkdf.setup.factors.uuid({ id: 'uuid1', uuid: '9b1deb4d-3b7d-4bad-9bdd-2b0d7b3dcb6d' })\n])\nconst ciphertext = await setup.encrypt('hello world', 'aes128')\nconst derive = await mfkdf.derive.key(setup.policy, {\n  uuid1: mfkdf.derive.factors.uuid('9b1deb4d-3b7d-4bad-9bdd-2b0d7b3dcb6d')\n})\nconst plaintext = await derive.decrypt(ciphertext, 'aes128')\nplaintext.toString().should.equal('hello world')",
              "err": {},
              "uuid": "64f1dd9a-b91c-4237-b730-e1cbd3c7dcf3",
              "parentUUID": "78ee6d7f-6c46-4aba-92cc-82bb61948651",
              "isHook": false,
              "skipped": false
            },
            {
              "title": "3DES-CBC",
              "fullTitle": "encrypt 3DES-CBC",
              "timedOut": false,
              "duration": 225,
              "state": "passed",
              "speed": "slow",
              "pass": true,
              "fail": false,
              "pending": false,
              "context": null,
              "code": "const setup = await mfkdf.setup.key([\n  await mfkdf.setup.factors.uuid({ id: 'uuid1', uuid: '9b1deb4d-3b7d-4bad-9bdd-2b0d7b3dcb6d' })\n])\nconst ciphertext = await setup.encrypt('hello world', '3des')\nconst derive = await mfkdf.derive.key(setup.policy, {\n  uuid1: mfkdf.derive.factors.uuid('9b1deb4d-3b7d-4bad-9bdd-2b0d7b3dcb6d')\n})\nconst plaintext = await derive.decrypt(ciphertext, '3des')\nplaintext.toString().should.equal('hello world')",
              "err": {},
              "uuid": "797f4148-51a9-4726-b552-3c2ae2afc2ef",
              "parentUUID": "78ee6d7f-6c46-4aba-92cc-82bb61948651",
              "isHook": false,
              "skipped": false
            },
            {
              "title": "DES-CBC",
              "fullTitle": "encrypt DES-CBC",
              "timedOut": false,
              "duration": 225,
              "state": "passed",
              "speed": "slow",
              "pass": true,
              "fail": false,
              "pending": false,
              "context": null,
              "code": "const setup = await mfkdf.setup.key([\n  await mfkdf.setup.factors.uuid({ id: 'uuid1', uuid: '9b1deb4d-3b7d-4bad-9bdd-2b0d7b3dcb6d' })\n])\nconst ciphertext = await setup.encrypt('hello world', 'des')\nconst derive = await mfkdf.derive.key(setup.policy, {\n  uuid1: mfkdf.derive.factors.uuid('9b1deb4d-3b7d-4bad-9bdd-2b0d7b3dcb6d')\n})\nconst plaintext = await derive.decrypt(ciphertext, 'des')\nplaintext.toString().should.equal('hello world')",
              "err": {},
              "uuid": "7b9b3f5d-3024-4408-ae63-b1f90b6e8a99",
              "parentUUID": "78ee6d7f-6c46-4aba-92cc-82bb61948651",
              "isHook": false,
              "skipped": false
            },
            {
              "title": "AES256-ECB",
              "fullTitle": "encrypt AES256-ECB",
              "timedOut": false,
              "duration": 225,
              "state": "passed",
              "speed": "slow",
              "pass": true,
              "fail": false,
              "pending": false,
              "context": null,
              "code": "const setup = await mfkdf.setup.key([\n  await mfkdf.setup.factors.uuid({ id: 'uuid1', uuid: '9b1deb4d-3b7d-4bad-9bdd-2b0d7b3dcb6d' })\n])\nconst ciphertext = await setup.encrypt(Buffer.from('hello world'), 'aes256', 'ECB')\nconst derive = await mfkdf.derive.key(setup.policy, {\n  uuid1: mfkdf.derive.factors.uuid('9b1deb4d-3b7d-4bad-9bdd-2b0d7b3dcb6d')\n})\nconst plaintext = await derive.decrypt(ciphertext, 'aes256', 'ECB')\nplaintext.toString().should.equal('hello world')",
              "err": {},
              "uuid": "9f526a6a-9e15-4467-b861-2c7ebf28a421",
              "parentUUID": "78ee6d7f-6c46-4aba-92cc-82bb61948651",
              "isHook": false,
              "skipped": false
            },
            {
              "title": "AES192-ECB",
              "fullTitle": "encrypt AES192-ECB",
              "timedOut": false,
              "duration": 221,
              "state": "passed",
              "speed": "slow",
              "pass": true,
              "fail": false,
              "pending": false,
              "context": null,
              "code": "const setup = await mfkdf.setup.key([\n  await mfkdf.setup.factors.uuid({ id: 'uuid1', uuid: '9b1deb4d-3b7d-4bad-9bdd-2b0d7b3dcb6d' })\n])\nconst ciphertext = await setup.encrypt('hello world', 'aes192', 'ECB')\nconst derive = await mfkdf.derive.key(setup.policy, {\n  uuid1: mfkdf.derive.factors.uuid('9b1deb4d-3b7d-4bad-9bdd-2b0d7b3dcb6d')\n})\nconst plaintext = await derive.decrypt(ciphertext, 'aes192', 'ECB')\nplaintext.toString().should.equal('hello world')",
              "err": {},
              "uuid": "92682e14-e888-477c-a474-9385f221c795",
              "parentUUID": "78ee6d7f-6c46-4aba-92cc-82bb61948651",
              "isHook": false,
              "skipped": false
            },
            {
              "title": "AES128-ECB",
              "fullTitle": "encrypt AES128-ECB",
              "timedOut": false,
              "duration": 223,
              "state": "passed",
              "speed": "slow",
              "pass": true,
              "fail": false,
              "pending": false,
              "context": null,
              "code": "const setup = await mfkdf.setup.key([\n  await mfkdf.setup.factors.uuid({ id: 'uuid1', uuid: '9b1deb4d-3b7d-4bad-9bdd-2b0d7b3dcb6d' })\n])\nconst ciphertext = await setup.encrypt('hello world', 'aes128', 'ECB')\nconst derive = await mfkdf.derive.key(setup.policy, {\n  uuid1: mfkdf.derive.factors.uuid('9b1deb4d-3b7d-4bad-9bdd-2b0d7b3dcb6d')\n})\nconst plaintext = await derive.decrypt(ciphertext, 'aes128', 'ECB')\nplaintext.toString().should.equal('hello world')",
              "err": {},
              "uuid": "feb67336-ca17-4c6b-8498-d79de30d4d95",
              "parentUUID": "78ee6d7f-6c46-4aba-92cc-82bb61948651",
              "isHook": false,
              "skipped": false
            },
            {
              "title": "3DES-ECB",
              "fullTitle": "encrypt 3DES-ECB",
              "timedOut": false,
              "duration": 222,
              "state": "passed",
              "speed": "slow",
              "pass": true,
              "fail": false,
              "pending": false,
              "context": null,
              "code": "const setup = await mfkdf.setup.key([\n  await mfkdf.setup.factors.uuid({ id: 'uuid1', uuid: '9b1deb4d-3b7d-4bad-9bdd-2b0d7b3dcb6d' })\n])\nconst ciphertext = await setup.encrypt('hello world', '3des', 'ECB')\nconst derive = await mfkdf.derive.key(setup.policy, {\n  uuid1: mfkdf.derive.factors.uuid('9b1deb4d-3b7d-4bad-9bdd-2b0d7b3dcb6d')\n})\nconst plaintext = await derive.decrypt(ciphertext, '3des', 'ECB')\nplaintext.toString().should.equal('hello world')",
              "err": {},
              "uuid": "203984e8-0ee2-4234-872d-373b6da6aab2",
              "parentUUID": "78ee6d7f-6c46-4aba-92cc-82bb61948651",
              "isHook": false,
              "skipped": false
            },
            {
              "title": "DES-ECB",
              "fullTitle": "encrypt DES-ECB",
              "timedOut": false,
              "duration": 224,
              "state": "passed",
              "speed": "slow",
              "pass": true,
              "fail": false,
              "pending": false,
              "context": null,
              "code": "const setup = await mfkdf.setup.key([\n  await mfkdf.setup.factors.uuid({ id: 'uuid1', uuid: '9b1deb4d-3b7d-4bad-9bdd-2b0d7b3dcb6d' })\n])\nconst ciphertext = await setup.encrypt('hello world', 'des', 'ECB')\nconst derive = await mfkdf.derive.key(setup.policy, {\n  uuid1: mfkdf.derive.factors.uuid('9b1deb4d-3b7d-4bad-9bdd-2b0d7b3dcb6d')\n})\nconst plaintext = await derive.decrypt(ciphertext, 'des', 'ECB')\nplaintext.toString().should.equal('hello world')",
              "err": {},
              "uuid": "aeaa324b-8df7-481f-a25f-f6d3db8f7e03",
              "parentUUID": "78ee6d7f-6c46-4aba-92cc-82bb61948651",
              "isHook": false,
              "skipped": false
            }
          ],
          "suites": [
            {
              "uuid": "56923491-e950-4502-b55f-3d287b0b3508",
              "title": "utils",
              "fullFile": "C:\\xampp\\htdocs\\Multifactor\\MFKDF\\test\\crypto\\symmetric.js",
              "file": "\\test\\crypto\\symmetric.js",
              "beforeHooks": [],
              "afterHooks": [],
              "tests": [
                {
                  "title": "subkey",
                  "fullTitle": "encrypt utils subkey",
                  "timedOut": false,
                  "duration": 106,
                  "state": "passed",
                  "speed": "slow",
                  "pass": true,
                  "fail": false,
                  "pending": false,
                  "context": null,
                  "code": "const setup = await mfkdf.setup.key([\n  await mfkdf.setup.factors.uuid({ id: 'uuid1', uuid: '9b1deb4d-3b7d-4bad-9bdd-2b0d7b3dcb6d' })\n])\nconst key1 = await setup.getSubkey(32, 'AES256', 'sha256')\nconst key2 = await setup.getSymmetricKey('aes256')\nkey1.toString('hex').should.equal(key2.toString('hex'))\nconst key3 = await setup.getSubkey()\nconst key4 = await setup.getSubkey(32, '', 'sha512')\nkey3.toString('hex').should.equal(key4.toString('hex'))",
                  "err": {},
                  "uuid": "f7c1f16a-07e7-46bf-84ab-b46385c87cda",
                  "parentUUID": "56923491-e950-4502-b55f-3d287b0b3508",
                  "isHook": false,
                  "skipped": false
                },
                {
                  "title": "symmetric key",
                  "fullTitle": "encrypt utils symmetric key",
                  "timedOut": false,
                  "duration": 118,
                  "state": "passed",
                  "speed": "slow",
                  "pass": true,
                  "fail": false,
                  "pending": false,
                  "context": null,
                  "code": "const setup = await mfkdf.setup.key([\n  await mfkdf.setup.factors.uuid({ id: 'uuid1', uuid: '9b1deb4d-3b7d-4bad-9bdd-2b0d7b3dcb6d' })\n])\nconst key1 = await setup.getSymmetricKey()\nconst key2 = await setup.getSymmetricKey('aes256')\nkey1.toString('hex').should.equal(key2.toString('hex'))",
                  "err": {},
                  "uuid": "bcb9407b-dd31-4b8f-a71e-f5ea2d641953",
                  "parentUUID": "56923491-e950-4502-b55f-3d287b0b3508",
                  "isHook": false,
                  "skipped": false
                }
              ],
              "suites": [],
              "passes": [
                "f7c1f16a-07e7-46bf-84ab-b46385c87cda",
                "bcb9407b-dd31-4b8f-a71e-f5ea2d641953"
              ],
              "failures": [],
              "pending": [],
              "skipped": [],
              "duration": 224,
              "root": false,
              "rootEmpty": false,
              "_timeout": 5000
            },
            {
              "uuid": "aefeb4b6-afa1-4f17-9192-3e5bcbbe5842",
              "title": "errors",
              "fullFile": "C:\\xampp\\htdocs\\Multifactor\\MFKDF\\test\\crypto\\symmetric.js",
              "file": "\\test\\crypto\\symmetric.js",
              "beforeHooks": [],
              "afterHooks": [],
              "tests": [
                {
                  "title": "invalid key",
                  "fullTitle": "encrypt errors invalid key",
                  "timedOut": false,
                  "duration": 112,
                  "state": "passed",
                  "speed": "slow",
                  "pass": true,
                  "fail": false,
                  "pending": false,
                  "context": null,
                  "code": "const setup = await mfkdf.setup.key([\n  await mfkdf.setup.factors.uuid({ id: 'uuid1', uuid: '9b1deb4d-3b7d-4bad-9bdd-2b0d7b3dcb6d' })\n])\nsetup.encrypt('hello world', 'unknown').should.be.rejectedWith(RangeError)",
                  "err": {},
                  "uuid": "fb96b5b7-5706-4083-9973-4d58d6ffc838",
                  "parentUUID": "aefeb4b6-afa1-4f17-9192-3e5bcbbe5842",
                  "isHook": false,
                  "skipped": false
                },
                {
                  "title": "invalid message",
                  "fullTitle": "encrypt errors invalid message",
                  "timedOut": false,
                  "duration": 107,
                  "state": "passed",
                  "speed": "slow",
                  "pass": true,
                  "fail": false,
                  "pending": false,
                  "context": null,
                  "code": "const setup = await mfkdf.setup.key([\n  await mfkdf.setup.factors.uuid({ id: 'uuid1', uuid: '9b1deb4d-3b7d-4bad-9bdd-2b0d7b3dcb6d' })\n])\nsetup.encrypt(12345, 'unknown').should.be.rejectedWith(TypeError)",
                  "err": {},
                  "uuid": "11c54c9b-4a9a-4260-8aed-b36e002c4846",
                  "parentUUID": "aefeb4b6-afa1-4f17-9192-3e5bcbbe5842",
                  "isHook": false,
                  "skipped": false
                },
                {
                  "title": "invalid ciphertext",
                  "fullTitle": "encrypt errors invalid ciphertext",
                  "timedOut": false,
                  "duration": 108,
                  "state": "passed",
                  "speed": "slow",
                  "pass": true,
                  "fail": false,
                  "pending": false,
                  "context": null,
                  "code": "const setup = await mfkdf.setup.key([\n  await mfkdf.setup.factors.uuid({ id: 'uuid1', uuid: '9b1deb4d-3b7d-4bad-9bdd-2b0d7b3dcb6d' })\n])\nsetup.decrypt(12345, 'unknown').should.be.rejectedWith(TypeError)",
                  "err": {},
                  "uuid": "f7f40e09-18c6-4983-959b-6ae35cefc0b3",
                  "parentUUID": "aefeb4b6-afa1-4f17-9192-3e5bcbbe5842",
                  "isHook": false,
                  "skipped": false
                }
              ],
              "suites": [],
              "passes": [
                "fb96b5b7-5706-4083-9973-4d58d6ffc838",
                "11c54c9b-4a9a-4260-8aed-b36e002c4846",
                "f7f40e09-18c6-4983-959b-6ae35cefc0b3"
              ],
              "failures": [],
              "pending": [],
              "skipped": [],
              "duration": 327,
              "root": false,
              "rootEmpty": false,
              "_timeout": 5000
            }
          ],
          "passes": [
            "2f11fddc-f5bd-4733-8565-c8409439ce26",
            "cd9001ad-1990-4e83-a8f6-7bce222c114c",
            "a598aed0-3e80-4422-9ad9-bbd194654740",
            "64f1dd9a-b91c-4237-b730-e1cbd3c7dcf3",
            "797f4148-51a9-4726-b552-3c2ae2afc2ef",
            "7b9b3f5d-3024-4408-ae63-b1f90b6e8a99",
            "9f526a6a-9e15-4467-b861-2c7ebf28a421",
            "92682e14-e888-477c-a474-9385f221c795",
            "feb67336-ca17-4c6b-8498-d79de30d4d95",
            "203984e8-0ee2-4234-872d-373b6da6aab2",
            "aeaa324b-8df7-481f-a25f-f6d3db8f7e03"
          ],
          "failures": [],
          "pending": [],
          "skipped": [],
          "duration": 2482,
          "root": false,
          "rootEmpty": false,
          "_timeout": 5000
        },
        {
          "uuid": "1db7129c-7853-43d4-a42f-287fbe2d8be4",
          "title": "derive/factors/password",
          "fullFile": "C:\\xampp\\htdocs\\Multifactor\\MFKDF\\test\\derive\\factors\\password.js",
          "file": "\\test\\derive\\factors\\password.js",
          "beforeHooks": [],
          "afterHooks": [],
          "tests": [
            {
              "title": "invalid/type",
              "fullTitle": "derive/factors/password invalid/type",
              "timedOut": false,
              "duration": 1,
              "state": "passed",
              "speed": "slow",
              "pass": true,
              "fail": false,
              "pending": false,
              "context": null,
              "code": "(() => {\n  mfkdf.derive.factors.password(12345)\n}).should.throw(TypeError)",
              "err": {},
              "uuid": "0882e5d1-1011-47de-9c7e-835002af2919",
              "parentUUID": "1db7129c-7853-43d4-a42f-287fbe2d8be4",
              "isHook": false,
              "skipped": false
            },
            {
              "title": "invalid/range",
              "fullTitle": "derive/factors/password invalid/range",
              "timedOut": false,
              "duration": 0,
              "state": "passed",
              "speed": "fast",
              "pass": true,
              "fail": false,
              "pending": false,
              "context": null,
              "code": "(() => {\n  mfkdf.derive.factors.password('')\n}).should.throw(RangeError)",
              "err": {},
              "uuid": "94bcce07-d370-4b8b-8033-d87673677979",
              "parentUUID": "1db7129c-7853-43d4-a42f-287fbe2d8be4",
              "isHook": false,
              "skipped": false
            }
          ],
          "suites": [],
          "passes": [
            "0882e5d1-1011-47de-9c7e-835002af2919",
            "94bcce07-d370-4b8b-8033-d87673677979"
          ],
          "failures": [],
          "pending": [],
          "skipped": [],
          "duration": 1,
          "root": false,
          "rootEmpty": false,
          "_timeout": 5000
        },
        {
          "uuid": "f8f160cc-3ab9-4991-a1a7-5f9f673c2f30",
          "title": "derive/factors/uuid",
          "fullFile": "C:\\xampp\\htdocs\\Multifactor\\MFKDF\\test\\derive\\factors\\uuid.js",
          "file": "\\test\\derive\\factors\\uuid.js",
          "beforeHooks": [],
          "afterHooks": [],
          "tests": [
            {
              "title": "invalid/type",
              "fullTitle": "derive/factors/uuid invalid/type",
              "timedOut": false,
              "duration": 0,
              "state": "passed",
              "speed": "fast",
              "pass": true,
              "fail": false,
              "pending": false,
              "context": null,
              "code": "(() => {\n  mfkdf.derive.factors.uuid(12345)\n}).should.throw(TypeError)",
              "err": {},
              "uuid": "d7c0e4aa-8339-49a4-a600-2aaed45f3d6b",
              "parentUUID": "f8f160cc-3ab9-4991-a1a7-5f9f673c2f30",
              "isHook": false,
              "skipped": false
            },
            {
              "title": "invalid/range",
              "fullTitle": "derive/factors/uuid invalid/range",
              "timedOut": false,
              "duration": 1,
              "state": "passed",
              "speed": "slow",
              "pass": true,
              "fail": false,
              "pending": false,
              "context": null,
              "code": "(() => {\n  mfkdf.derive.factors.uuid('')\n}).should.throw(TypeError)",
              "err": {},
              "uuid": "e1e47d8f-3305-400f-99c3-3ffcb7dea502",
              "parentUUID": "f8f160cc-3ab9-4991-a1a7-5f9f673c2f30",
              "isHook": false,
              "skipped": false
            }
          ],
          "suites": [],
          "passes": [
            "d7c0e4aa-8339-49a4-a600-2aaed45f3d6b",
            "e1e47d8f-3305-400f-99c3-3ffcb7dea502"
          ],
          "failures": [],
          "pending": [],
          "skipped": [],
          "duration": 1,
          "root": false,
          "rootEmpty": false,
          "_timeout": 5000
        },
        {
          "uuid": "debd90e6-4a86-479e-8d9d-c1c89e130884",
          "title": "derive/key",
          "fullFile": "C:\\xampp\\htdocs\\Multifactor\\MFKDF\\test\\derive\\key.js",
          "file": "\\test\\derive\\key.js",
          "beforeHooks": [],
          "afterHooks": [],
          "tests": [
            {
              "title": "hkdf",
              "fullTitle": "derive/key hkdf",
              "timedOut": false,
              "duration": 16,
              "state": "passed",
              "speed": "slow",
              "pass": true,
              "fail": false,
              "pending": false,
              "context": null,
              "code": "const setup = await mfkdf.setup.key([\n  await mfkdf.setup.factors.password('password1', { id: 'password1' })\n], { kdf: 'hkdf' })\nconst derive = await mfkdf.derive.key(setup.policy, {\n  password1: mfkdf.derive.factors.password('password1')\n})\nderive.key.toString('hex').should.equal(setup.key.toString('hex'))",
              "err": {},
              "uuid": "ca0c9a79-70ef-497e-bcc4-69f63d431442",
              "parentUUID": "debd90e6-4a86-479e-8d9d-c1c89e130884",
              "isHook": false,
              "skipped": false
            },
            {
              "title": "correct",
              "fullTitle": "derive/key correct",
              "timedOut": false,
              "duration": 593,
              "state": "passed",
              "speed": "slow",
              "pass": true,
              "fail": false,
              "pending": false,
              "context": null,
              "code": "const setup = await mfkdf.setup.key([\n  await mfkdf.setup.factors.password('password1', { id: 'password1' }),\n  await mfkdf.setup.factors.password('password2', { id: 'password2' }),\n  await mfkdf.setup.factors.password('password3', { id: 'password3' })\n], { threshold: 2 })\nconst derive1 = await mfkdf.derive.key(setup.policy, {\n  password1: mfkdf.derive.factors.password('password1'),\n  password2: mfkdf.derive.factors.password('password2')\n})\nconst derive2 = await mfkdf.derive.key(setup.policy, {\n  password2: mfkdf.derive.factors.password('password2'),\n  password3: mfkdf.derive.factors.password('password3')\n})\nconst derive3 = await mfkdf.derive.key(setup.policy, {\n  password1: mfkdf.derive.factors.password('password1'),\n  password3: mfkdf.derive.factors.password('password3')\n})\nconst derive4 = await mfkdf.derive.key(setup.policy, {\n  password1: mfkdf.derive.factors.password('password1'),\n  password2: mfkdf.derive.factors.password('password2'),\n  password3: mfkdf.derive.factors.password('password3')\n})\nsetup.key.toString('hex').should.equal(derive1.key.toString('hex'))\nsetup.key.toString('hex').should.equal(derive2.key.toString('hex'))\nsetup.key.toString('hex').should.equal(derive3.key.toString('hex'))\nsetup.key.toString('hex').should.equal(derive4.key.toString('hex'))\nJSON.stringify(setup.policy).should.equal(JSON.stringify(derive1.policy))\nJSON.stringify(setup.policy).should.equal(JSON.stringify(derive2.policy))\nJSON.stringify(setup.policy).should.equal(JSON.stringify(derive3.policy))\nJSON.stringify(setup.policy).should.equal(JSON.stringify(derive4.policy))",
              "err": {},
              "uuid": "2605ee28-994c-4c2f-a668-4dadc345794e",
              "parentUUID": "debd90e6-4a86-479e-8d9d-c1c89e130884",
              "isHook": false,
              "skipped": false
            },
            {
              "title": "incorrect",
              "fullTitle": "derive/key incorrect",
              "timedOut": false,
              "duration": 599,
              "state": "passed",
              "speed": "slow",
              "pass": true,
              "fail": false,
              "pending": false,
              "context": null,
              "code": "const setup = await mfkdf.setup.key([\n  await mfkdf.setup.factors.password('password1', { id: 'password1' }),\n  await mfkdf.setup.factors.password('password2', { id: 'password2' }),\n  await mfkdf.setup.factors.password('password3', { id: 'password3' })\n], { threshold: 2 })\nconst derive1 = await mfkdf.derive.key(setup.policy, {\n  password1: mfkdf.derive.factors.password('password1'),\n  password2: mfkdf.derive.factors.password('wrongpassword2')\n})\nconst derive2 = await mfkdf.derive.key(setup.policy, {\n  password2: mfkdf.derive.factors.password('wrongpassword2'),\n  password3: mfkdf.derive.factors.password('wrongpassword3')\n})\nconst derive3 = await mfkdf.derive.key(setup.policy, {\n  password1: mfkdf.derive.factors.password('password1'),\n  password3: mfkdf.derive.factors.password('password2')\n})\nconst derive4 = await mfkdf.derive.key(setup.policy, {\n  password1: mfkdf.derive.factors.password('password1'),\n  password2: mfkdf.derive.factors.password('password2'),\n  password3: mfkdf.derive.factors.password('password4')\n})\nsetup.key.toString('hex').should.not.equal(derive1.key.toString('hex'))\nsetup.key.toString('hex').should.not.equal(derive2.key.toString('hex'))\nsetup.key.toString('hex').should.not.equal(derive3.key.toString('hex'))\nsetup.key.toString('hex').should.not.equal(derive4.key.toString('hex'))",
              "err": {},
              "uuid": "42a40249-67ff-46d2-8c82-6180c937a477",
              "parentUUID": "debd90e6-4a86-479e-8d9d-c1c89e130884",
              "isHook": false,
              "skipped": false
            },
            {
              "title": "mismatch",
              "fullTitle": "derive/key mismatch",
              "timedOut": false,
              "duration": 118,
              "state": "passed",
              "speed": "slow",
              "pass": true,
              "fail": false,
              "pending": false,
              "context": null,
              "code": "const setup = await mfkdf.setup.key([\n  await mfkdf.setup.factors.password('password', { id: 'password' })\n])\nmfkdf.derive.key(setup.policy, {\n  password: mfkdf.derive.factors.uuid('9b1deb4d-3b7d-4bad-9bdd-2b0d7b3dcb6d')\n}).should.be.rejectedWith(TypeError)",
              "err": {},
              "uuid": "de13a94f-6fee-4833-85eb-dd08eef95073",
              "parentUUID": "debd90e6-4a86-479e-8d9d-c1c89e130884",
              "isHook": false,
              "skipped": false
            }
          ],
          "suites": [
            {
              "uuid": "183a92ac-a81c-4e59-a446-36459438c518",
              "title": "shares",
              "fullFile": "C:\\xampp\\htdocs\\Multifactor\\MFKDF\\test\\derive\\key.js",
              "file": "\\test\\derive\\key.js",
              "beforeHooks": [],
              "afterHooks": [],
              "tests": [
                {
                  "title": "valid",
                  "fullTitle": "derive/key shares valid",
                  "timedOut": false,
                  "duration": 471,
                  "state": "passed",
                  "speed": "slow",
                  "pass": true,
                  "fail": false,
                  "pending": false,
                  "context": null,
                  "code": "const setup = await mfkdf.setup.key([\n  await mfkdf.setup.factors.password('password1', { id: 'password1' }),\n  await mfkdf.setup.factors.password('password2', { id: 'password2' }),\n  await mfkdf.setup.factors.password('password3', { id: 'password3' })\n], { threshold: 2 })\nconst derive1 = await mfkdf.derive.key(setup.policy, {\n  password1: mfkdf.derive.factors.password('password1'),\n  password2: mfkdf.derive.factors.password('password2')\n})\nconst derive2 = await mfkdf.derive.key(derive1.policy, {\n  password2: mfkdf.derive.factors.password('password2'),\n  password3: mfkdf.derive.factors.password('password3')\n})\nconst derive3 = await mfkdf.derive.key(derive2.policy, {\n  password1: mfkdf.derive.factors.password('password1'),\n  password3: mfkdf.derive.factors.password('password3')\n})\nderive1.shares.should.deep.equal(setup.shares)\nderive2.shares.should.deep.equal(setup.shares)\nderive3.shares.should.deep.equal(setup.shares)",
                  "err": {},
                  "uuid": "18776848-3acf-4177-abd3-f6d34436c447",
                  "parentUUID": "183a92ac-a81c-4e59-a446-36459438c518",
                  "isHook": false,
                  "skipped": false
                }
              ],
              "suites": [],
              "passes": [
                "18776848-3acf-4177-abd3-f6d34436c447"
              ],
              "failures": [],
              "pending": [],
              "skipped": [],
              "duration": 471,
              "root": false,
              "rootEmpty": false,
              "_timeout": 5000
            },
            {
              "uuid": "9afb1669-93f5-4dce-a543-1e5b68aa2c5f",
              "title": "invalid",
              "fullFile": "C:\\xampp\\htdocs\\Multifactor\\MFKDF\\test\\derive\\key.js",
              "file": "\\test\\derive\\key.js",
              "beforeHooks": [],
              "afterHooks": [],
              "tests": [
                {
                  "title": "schema",
                  "fullTitle": "derive/key invalid schema",
                  "timedOut": false,
                  "duration": 116,
                  "state": "passed",
                  "speed": "slow",
                  "pass": true,
                  "fail": false,
                  "pending": false,
                  "context": null,
                  "code": "const setup = await mfkdf.setup.key([\n  await mfkdf.setup.factors.password('password1', { id: 'password1' })\n])\ndelete setup.policy.$id\nmfkdf.derive.key(setup.policy, {\n  password1: mfkdf.derive.factors.password('password1')\n}).should.be.rejectedWith(TypeError)",
                  "err": {},
                  "uuid": "e61b6947-acdb-40e5-8648-706f843eaa90",
                  "parentUUID": "9afb1669-93f5-4dce-a543-1e5b68aa2c5f",
                  "isHook": false,
                  "skipped": false
                },
                {
                  "title": "factors",
                  "fullTitle": "derive/key invalid factors",
                  "timedOut": false,
                  "duration": 122,
                  "state": "passed",
                  "speed": "slow",
                  "pass": true,
                  "fail": false,
                  "pending": false,
                  "context": null,
                  "code": "const setup = await mfkdf.setup.key([\n  await mfkdf.setup.factors.password('password1', { id: 'password1' }),\n  await mfkdf.setup.factors.password('password2', { id: 'password2' }),\n  await mfkdf.setup.factors.password('password3', { id: 'password3' })\n], { threshold: 2 })\nmfkdf.derive.key(setup.policy, {\n  password1: mfkdf.derive.factors.password('password1')\n}).should.be.rejectedWith(RangeError)",
                  "err": {},
                  "uuid": "c122c0f5-ebc4-4e03-9de0-ce4714c44338",
                  "parentUUID": "9afb1669-93f5-4dce-a543-1e5b68aa2c5f",
                  "isHook": false,
                  "skipped": false
                }
              ],
              "suites": [],
              "passes": [
                "e61b6947-acdb-40e5-8648-706f843eaa90",
                "c122c0f5-ebc4-4e03-9de0-ce4714c44338"
              ],
              "failures": [],
              "pending": [],
              "skipped": [],
              "duration": 238,
              "root": false,
              "rootEmpty": false,
              "_timeout": 5000
            }
          ],
          "passes": [
            "ca0c9a79-70ef-497e-bcc4-69f63d431442",
            "2605ee28-994c-4c2f-a668-4dadc345794e",
            "42a40249-67ff-46d2-8c82-6180c937a477",
            "de13a94f-6fee-4833-85eb-dd08eef95073"
          ],
          "failures": [],
          "pending": [],
          "skipped": [],
          "duration": 1326,
          "root": false,
          "rootEmpty": false,
          "_timeout": 5000
        },
        {
          "uuid": "fed48cf8-11a7-4971-8503-5f87c75cbd8c",
          "title": "derive/outputs",
          "fullFile": "C:\\xampp\\htdocs\\Multifactor\\MFKDF\\test\\derive\\outputs.js",
          "file": "\\test\\derive\\outputs.js",
          "beforeHooks": [],
          "afterHooks": [],
          "tests": [
            {
              "title": "stack",
              "fullTitle": "derive/outputs stack",
              "timedOut": false,
              "duration": 228,
              "state": "passed",
              "speed": "slow",
              "pass": true,
              "fail": false,
              "pending": false,
              "context": null,
              "code": "const setup = await mfkdf.setup.key([\n  await mfkdf.setup.factors.stack([\n    await mfkdf.setup.factors.uuid({ id: 'uuid1', uuid: '9b1deb4d-3b7d-4bad-9bdd-2b0d7b3dcb6d' }),\n    await mfkdf.setup.factors.uuid({ id: 'uuid2', uuid: '1b9d6bcd-bbfd-4b2d-9b5d-ab8dfbbd4bed' })\n  ]),\n  await mfkdf.setup.factors.uuid({ id: 'uuid3', uuid: '6ec0bd7f-11c0-43da-975e-2a8ad9ebae0b' })\n], { size: 8 })\ndelete setup.outputs.stack.entropyBits\nconst derive = await mfkdf.derive.key(setup.policy, {\n  stack: mfkdf.derive.factors.stack({\n    uuid1: mfkdf.derive.factors.uuid('9b1deb4d-3b7d-4bad-9bdd-2b0d7b3dcb6d'),\n    uuid2: mfkdf.derive.factors.uuid('1b9d6bcd-bbfd-4b2d-9b5d-ab8dfbbd4bed')\n  }),\n  uuid3: mfkdf.derive.factors.uuid('6ec0bd7f-11c0-43da-975e-2a8ad9ebae0b')\n})\nsetup.outputs.should.deep.equal(derive.outputs)",
              "err": {},
              "uuid": "f6ce0edf-d6bc-4cb3-919d-1af4201b01c6",
              "parentUUID": "fed48cf8-11a7-4971-8503-5f87c75cbd8c",
              "isHook": false,
              "skipped": false
            },
            {
              "title": "hmacsha1",
              "fullTitle": "derive/outputs hmacsha1",
              "timedOut": false,
              "duration": 216,
              "state": "passed",
              "speed": "slow",
              "pass": true,
              "fail": false,
              "pending": false,
              "context": null,
              "code": "const setup = await mfkdf.setup.key([\n  await mfkdf.setup.factors.hmacsha1()\n], { size: 8 })\nconst secret = setup.outputs.hmacsha1.secret\nconst challenge = Buffer.from(setup.policy.factors[0].params.challenge, 'hex')\nconst response = crypto.createHmac('sha1', secret).update(challenge).digest()\nconst derive = await mfkdf.derive.key(setup.policy, {\n  hmacsha1: mfkdf.derive.factors.hmacsha1(response)\n})\nsetup.outputs.should.deep.equal(derive.outputs)",
              "err": {},
              "uuid": "f8b7e527-3f9f-4eed-83be-d20cffa776e0",
              "parentUUID": "fed48cf8-11a7-4971-8503-5f87c75cbd8c",
              "isHook": false,
              "skipped": false
            },
            {
              "title": "uuid",
              "fullTitle": "derive/outputs uuid",
              "timedOut": false,
              "duration": 216,
              "state": "passed",
              "speed": "slow",
              "pass": true,
              "fail": false,
              "pending": false,
              "context": null,
              "code": "const setup = await mfkdf.setup.key([\n  await mfkdf.setup.factors.uuid({ uuid: '9b1deb4d-3b7d-4bad-9bdd-2b0d7b3dcb6d' })\n], { size: 8 })\nconst derive = await mfkdf.derive.key(setup.policy, {\n  uuid: mfkdf.derive.factors.uuid('9b1deb4d-3b7d-4bad-9bdd-2b0d7b3dcb6d')\n})\nsetup.outputs.should.deep.equal(derive.outputs)",
              "err": {},
              "uuid": "f3173e25-be08-4638-b3b9-6cb40ce96777",
              "parentUUID": "fed48cf8-11a7-4971-8503-5f87c75cbd8c",
              "isHook": false,
              "skipped": false
            },
            {
              "title": "question",
              "fullTitle": "derive/outputs question",
              "timedOut": false,
              "duration": 214,
              "state": "passed",
              "speed": "slow",
              "pass": true,
              "fail": false,
              "pending": false,
              "context": null,
              "code": "const setup = await mfkdf.setup.key([\n  await mfkdf.setup.factors.question('Fido')\n], { size: 8 })\nconst derive = await mfkdf.derive.key(setup.policy, {\n  question: mfkdf.derive.factors.question('Fido')\n})\nsetup.outputs.question.strength.calc_time = null\nderive.outputs.question.strength.calc_time = null\nsetup.outputs.should.deep.equal(derive.outputs)",
              "err": {},
              "uuid": "1582603a-9a8e-48de-bb05-713c18306b1e",
              "parentUUID": "fed48cf8-11a7-4971-8503-5f87c75cbd8c",
              "isHook": false,
              "skipped": false
            },
            {
              "title": "ooba",
              "fullTitle": "derive/outputs ooba",
              "timedOut": false,
              "duration": 255,
              "state": "passed",
              "speed": "slow",
              "pass": true,
              "fail": false,
              "pending": false,
              "context": null,
              "code": "const keyPair = await crypto.webcrypto.subtle.generateKey({ hash: 'SHA-256', modulusLength: 2048, name: 'RSA-OAEP', publicExponent: new Uint8Array([1, 0, 1]) }, true, ['encrypt', 'decrypt'])\nconst setup = await mfkdf.setup.key([\n  await mfkdf.setup.factors.ooba({\n    key: keyPair.publicKey, params: { email: 'test@mfkdf.com' }\n  })\n])\nconst next = setup.policy.factors[0].params.next\nconst decrypted = await crypto.webcrypto.subtle.decrypt({ name: 'RSA-OAEP' }, keyPair.privateKey, Buffer.from(next, 'hex'))\nconst code = JSON.parse(Buffer.from(decrypted).toString()).code\nconst derive = await mfkdf.derive.key(setup.policy, {\n  ooba: mfkdf.derive.factors.ooba(code)\n})\nsetup.outputs.should.deep.equal(derive.outputs)",
              "err": {},
              "uuid": "ce30a37b-ca30-4c25-a6e8-5bcb5bdb134e",
              "parentUUID": "fed48cf8-11a7-4971-8503-5f87c75cbd8c",
              "isHook": false,
              "skipped": false
            },
            {
              "title": "password",
              "fullTitle": "derive/outputs password",
              "timedOut": false,
              "duration": 222,
              "state": "passed",
              "speed": "slow",
              "pass": true,
              "fail": false,
              "pending": false,
              "context": null,
              "code": "const setup = await mfkdf.setup.key([\n  await mfkdf.setup.factors.password('password')\n], { size: 8 })\nconst derive = await mfkdf.derive.key(setup.policy, {\n  password: mfkdf.derive.factors.password('password')\n})\nsetup.outputs.password.strength.calc_time = null\nderive.outputs.password.strength.calc_time = null\nsetup.outputs.should.deep.equal(derive.outputs)",
              "err": {},
              "uuid": "33945078-14ed-4dae-afdd-db6d09b4a736",
              "parentUUID": "fed48cf8-11a7-4971-8503-5f87c75cbd8c",
              "isHook": false,
              "skipped": false
            },
            {
              "title": "multiple",
              "fullTitle": "derive/outputs multiple",
              "timedOut": false,
              "duration": 222,
              "state": "passed",
              "speed": "slow",
              "pass": true,
              "fail": false,
              "pending": false,
              "context": null,
              "code": "const setup = await mfkdf.setup.key([\n  await mfkdf.setup.factors.uuid({ id: 'uuid1', uuid: '9b1deb4d-3b7d-4bad-9bdd-2b0d7b3dcb6d' }),\n  await mfkdf.setup.factors.uuid({ id: 'uuid2', uuid: '1b9d6bcd-bbfd-4b2d-9b5d-ab8dfbbd4bed' }),\n  await mfkdf.setup.factors.uuid({ id: 'uuid3', uuid: '6ec0bd7f-11c0-43da-975e-2a8ad9ebae0b' })\n], { threshold: 2 })\nsetup.outputs.should.deep.equal({\n  uuid1: { uuid: '9b1deb4d-3b7d-4bad-9bdd-2b0d7b3dcb6d' },\n  uuid2: { uuid: '1b9d6bcd-bbfd-4b2d-9b5d-ab8dfbbd4bed' },\n  uuid3: { uuid: '6ec0bd7f-11c0-43da-975e-2a8ad9ebae0b' }\n})\nconst derive = await mfkdf.derive.key(setup.policy, {\n  uuid1: mfkdf.derive.factors.uuid('9b1deb4d-3b7d-4bad-9bdd-2b0d7b3dcb6d'),\n  uuid3: mfkdf.derive.factors.uuid('6ec0bd7f-11c0-43da-975e-2a8ad9ebae0b')\n})\nderive.outputs.should.deep.equal({\n  uuid1: { uuid: '9b1deb4d-3b7d-4bad-9bdd-2b0d7b3dcb6d' },\n  uuid3: { uuid: '6ec0bd7f-11c0-43da-975e-2a8ad9ebae0b' }\n})",
              "err": {},
              "uuid": "494e0694-b7dc-4df2-ad4d-18c6034137a9",
              "parentUUID": "fed48cf8-11a7-4971-8503-5f87c75cbd8c",
              "isHook": false,
              "skipped": false
            }
          ],
          "suites": [],
          "passes": [
            "f6ce0edf-d6bc-4cb3-919d-1af4201b01c6",
            "f8b7e527-3f9f-4eed-83be-d20cffa776e0",
            "f3173e25-be08-4638-b3b9-6cb40ce96777",
            "1582603a-9a8e-48de-bb05-713c18306b1e",
            "ce30a37b-ca30-4c25-a6e8-5bcb5bdb134e",
            "33945078-14ed-4dae-afdd-db6d09b4a736",
            "494e0694-b7dc-4df2-ad4d-18c6034137a9"
          ],
          "failures": [],
          "pending": [],
          "skipped": [],
          "duration": 1573,
          "root": false,
          "rootEmpty": false,
          "_timeout": 5000
        },
        {
          "uuid": "edd536cf-9cdf-44b0-977a-cb05fedff35f",
          "title": "examples",
          "fullFile": "C:\\xampp\\htdocs\\Multifactor\\MFKDF\\test\\examples\\examples.js",
          "file": "\\test\\examples\\examples.js",
          "beforeHooks": [],
          "afterHooks": [],
          "tests": [
            {
              "title": "kdf",
              "fullTitle": "examples kdf",
              "timedOut": false,
              "duration": 19,
              "state": "passed",
              "speed": "slow",
              "pass": true,
              "fail": false,
              "pending": false,
              "context": null,
              "code": "// setup kdf configuration\nconst config = await mfkdf.setup.kdf({\n  kdf: 'pbkdf2',\n  pbkdf2rounds: 100000,\n  pbkdf2digest: 'sha256'\n}) // -> { type: 'pbkdf2', params: { rounds: 100000, digest: 'sha256' } }\n// derive key\nconst key = await mfkdf.kdf('password', 'salt', 8, config)\nkey.toString('hex') // -> 0394a2ede332c9a1\nconfig.should.deep.equal({ type: 'pbkdf2', params: { rounds: 100000, digest: 'sha256' } })\nkey.toString('hex').should.equal('0394a2ede332c9a1')",
              "err": {},
              "uuid": "30f17b21-29c2-4059-b594-997a5e8a6158",
              "parentUUID": "edd536cf-9cdf-44b0-977a-cb05fedff35f",
              "isHook": false,
              "skipped": false
            },
            {
              "title": "setup/derive fast",
              "fullTitle": "examples setup/derive fast",
              "timedOut": false,
              "duration": 14,
              "state": "passed",
              "speed": "slow",
              "pass": true,
              "fail": false,
              "pending": false,
              "context": null,
              "code": "// setup 16 byte 2-of-3-factor multi-factor derived key with a password, HOTP code, and UUID recovery code\nconst setup = await mfkdf.setup.key([\n  await mfkdf.setup.factors.password('password'),\n  await mfkdf.setup.factors.hotp({ secret: Buffer.from('hello world') }),\n  await mfkdf.setup.factors.uuid({ id: 'recovery', uuid: '9b1deb4d-3b7d-4bad-9bdd-2b0d7b3dcb6d' })\n], { threshold: 2, size: 16, kdf: 'pbkdf2', pbkdf2rounds: 1 })\n// derive key using 2 of the 3 factors\nconst derive = await mfkdf.derive.key(setup.policy, {\n  password: mfkdf.derive.factors.password('password'),\n  hotp: mfkdf.derive.factors.hotp(365287)\n})\nsetup.key.toString('hex') // -> 34d20ced439ec2f871c96ca377f25771\nderive.key.toString('hex') // -> 34d20ced439ec2f871c96ca377f25771\nsetup.key.toString('hex').should.equal(derive.key.toString('hex'))",
              "err": {},
              "uuid": "794e50dc-d406-44f7-b4c9-597bddbe0f4c",
              "parentUUID": "edd536cf-9cdf-44b0-977a-cb05fedff35f",
              "isHook": false,
              "skipped": false
            },
            {
              "title": "setup/derive",
              "fullTitle": "examples setup/derive",
              "timedOut": false,
              "duration": 228,
              "state": "passed",
              "speed": "slow",
              "pass": true,
              "fail": false,
              "pending": false,
              "context": null,
              "code": "// setup 16 byte 2-of-3-factor multi-factor derived key with a password, HOTP code, and UUID recovery code\nconst setup = await mfkdf.setup.key([\n  await mfkdf.setup.factors.password('password'),\n  await mfkdf.setup.factors.hotp({ secret: Buffer.from('hello world') }),\n  await mfkdf.setup.factors.uuid({ id: 'recovery', uuid: '9b1deb4d-3b7d-4bad-9bdd-2b0d7b3dcb6d' })\n], { threshold: 2, size: 16 })\n// derive key using 2 of the 3 factors\nconst derive = await mfkdf.derive.key(setup.policy, {\n  password: mfkdf.derive.factors.password('password'),\n  hotp: mfkdf.derive.factors.hotp(365287)\n})\nsetup.key.toString('hex') // -> 34d20ced439ec2f871c96ca377f25771\nderive.key.toString('hex') // -> 34d20ced439ec2f871c96ca377f25771\nsetup.key.toString('hex').should.equal(derive.key.toString('hex'))",
              "err": {},
              "uuid": "01ef0ad2-2c25-4cec-b17b-7de58e31830b",
              "parentUUID": "edd536cf-9cdf-44b0-977a-cb05fedff35f",
              "isHook": false,
              "skipped": false
            }
          ],
          "suites": [
            {
              "uuid": "d259d60e-681e-48cb-a665-be36ea4390a8",
              "title": "factors",
              "fullFile": "C:\\xampp\\htdocs\\Multifactor\\MFKDF\\test\\examples\\examples.js",
              "file": "\\test\\examples\\examples.js",
              "beforeHooks": [],
              "afterHooks": [],
              "tests": [
                {
                  "title": "stack",
                  "fullTitle": "examples factors stack",
                  "timedOut": false,
                  "duration": 242,
                  "state": "passed",
                  "speed": "slow",
                  "pass": true,
                  "fail": false,
                  "pending": false,
                  "context": null,
                  "code": "// setup key with stack factor\nconst setup = await mfkdf.setup.key([\n  await mfkdf.setup.factors.stack([\n    await mfkdf.setup.factors.password('password1', { id: 'password1' }),\n    await mfkdf.setup.factors.password('password2', { id: 'password2' })\n  ]),\n  await mfkdf.setup.factors.password('password3', { id: 'password3' })\n], { size: 8 })\n// derive key with stack factor\nconst derive = await mfkdf.derive.key(setup.policy, {\n  stack: mfkdf.derive.factors.stack({\n    password1: mfkdf.derive.factors.password('password1'),\n    password2: mfkdf.derive.factors.password('password2')\n  }),\n  password3: mfkdf.derive.factors.password('password3')\n})\nsetup.key.toString('hex') // -> 01d0c7236adf2516\nderive.key.toString('hex') // -> 01d0c7236adf2516\nsetup.key.toString('hex').should.equal(derive.key.toString('hex'))",
                  "err": {},
                  "uuid": "cce271e9-dbb7-4c39-a7b0-049f5272c342",
                  "parentUUID": "d259d60e-681e-48cb-a665-be36ea4390a8",
                  "isHook": false,
                  "skipped": false
                },
                {
                  "title": "hmacsha1",
                  "fullTitle": "examples factors hmacsha1",
                  "timedOut": false,
                  "duration": 226,
                  "state": "passed",
                  "speed": "slow",
                  "pass": true,
                  "fail": false,
                  "pending": false,
                  "context": null,
                  "code": "// setup key with hmacsha1 factor\nconst setup = await mfkdf.setup.key([\n  await mfkdf.setup.factors.hmacsha1()\n], { size: 8 })\n// calculate response; could be done using hardware device\nconst secret = setup.outputs.hmacsha1.secret\nconst challenge = Buffer.from(setup.policy.factors[0].params.challenge, 'hex')\nconst response = crypto.createHmac('sha1', secret).update(challenge).digest()\n// derive key with hmacsha1 factor\nconst derive = await mfkdf.derive.key(setup.policy, {\n  hmacsha1: mfkdf.derive.factors.hmacsha1(response)\n})\nsetup.key.toString('hex') // -> 01d0c7236adf2516\nderive.key.toString('hex') // -> 01d0c7236adf2516\nsetup.key.toString('hex').should.equal(derive.key.toString('hex'))",
                  "err": {},
                  "uuid": "96b24e06-a194-4a42-9aff-ea47947dc630",
                  "parentUUID": "d259d60e-681e-48cb-a665-be36ea4390a8",
                  "isHook": false,
                  "skipped": false
                },
                {
                  "title": "totp",
                  "fullTitle": "examples factors totp",
                  "timedOut": false,
                  "duration": 1200,
                  "state": "passed",
                  "speed": "slow",
                  "pass": true,
                  "fail": false,
                  "pending": false,
                  "context": null,
                  "code": "// setup key with totp factor\nconst setup = await mfkdf.setup.key([\n  await mfkdf.setup.factors.totp({\n    secret: Buffer.from('hello world'),\n    time: 1650430806597\n  })\n], { size: 8 })\n// derive key with totp factor\nconst derive = await mfkdf.derive.key(setup.policy, {\n  totp: mfkdf.derive.factors.totp(528258, { time: 1650430943604 })\n})\nsetup.key.toString('hex') // -> 01d0c7236adf2516\nderive.key.toString('hex') // -> 01d0c7236adf2516\nsetup.key.toString('hex').should.equal(derive.key.toString('hex'))",
                  "err": {},
                  "uuid": "0b630195-140e-4f8e-aac2-a7230774140d",
                  "parentUUID": "d259d60e-681e-48cb-a665-be36ea4390a8",
                  "isHook": false,
                  "skipped": false
                },
                {
                  "title": "hotp",
                  "fullTitle": "examples factors hotp",
                  "timedOut": false,
                  "duration": 220,
                  "state": "passed",
                  "speed": "slow",
                  "pass": true,
                  "fail": false,
                  "pending": false,
                  "context": null,
                  "code": "// setup key with hotp factor\nconst setup = await mfkdf.setup.key([\n  await mfkdf.setup.factors.hotp({ secret: Buffer.from('hello world') })\n], { size: 8 })\n// derive key with hotp factor\nconst derive = await mfkdf.derive.key(setup.policy, {\n  hotp: mfkdf.derive.factors.hotp(365287)\n})\nsetup.key.toString('hex') // -> 01d0c7236adf2516\nderive.key.toString('hex') // -> 01d0c7236adf2516\nsetup.key.toString('hex').should.equal(derive.key.toString('hex'))",
                  "err": {},
                  "uuid": "d12302d4-f0fd-4692-9ff8-1cae203f10f5",
                  "parentUUID": "d259d60e-681e-48cb-a665-be36ea4390a8",
                  "isHook": false,
                  "skipped": false
                },
                {
                  "title": "uuid",
                  "fullTitle": "examples factors uuid",
                  "timedOut": false,
                  "duration": 228,
                  "state": "passed",
                  "speed": "slow",
                  "pass": true,
                  "fail": false,
                  "pending": false,
                  "context": null,
                  "code": "// setup key with uuid factor\nconst setup = await mfkdf.setup.key([\n  await mfkdf.setup.factors.uuid({ uuid: '9b1deb4d-3b7d-4bad-9bdd-2b0d7b3dcb6d' })\n], { size: 8 })\n// derive key with uuid factor\nconst derive = await mfkdf.derive.key(setup.policy, {\n  uuid: mfkdf.derive.factors.uuid('9b1deb4d-3b7d-4bad-9bdd-2b0d7b3dcb6d')\n})\nsetup.key.toString('hex') // -> 01d0c7236adf2516\nderive.key.toString('hex') // -> 01d0c7236adf2516\nsetup.key.toString('hex').should.equal(derive.key.toString('hex'))",
                  "err": {},
                  "uuid": "e5dc4703-53ae-4c4c-bf89-83a9c5b74da8",
                  "parentUUID": "d259d60e-681e-48cb-a665-be36ea4390a8",
                  "isHook": false,
                  "skipped": false
                },
                {
                  "title": "question",
                  "fullTitle": "examples factors question",
                  "timedOut": false,
                  "duration": 225,
                  "state": "passed",
                  "speed": "slow",
                  "pass": true,
                  "fail": false,
                  "pending": false,
                  "context": null,
                  "code": "// setup key with security question factor\nconst setup = await mfkdf.setup.key([\n  await mfkdf.setup.factors.question('Fido')\n], { size: 8 })\n// derive key with security question factor\nconst derive = await mfkdf.derive.key(setup.policy, {\n  question: mfkdf.derive.factors.question('Fido')\n})\nsetup.key.toString('hex').should.equal(derive.key.toString('hex'))",
                  "err": {},
                  "uuid": "a6f1ea24-c3ce-4463-8b48-01e6d0a1ea15",
                  "parentUUID": "d259d60e-681e-48cb-a665-be36ea4390a8",
                  "isHook": false,
                  "skipped": false
                },
                {
                  "title": "ooba",
                  "fullTitle": "examples factors ooba",
                  "timedOut": false,
                  "duration": 231,
                  "state": "passed",
                  "speed": "slow",
                  "pass": true,
                  "fail": false,
                  "pending": false,
                  "context": null,
                  "code": "// setup RSA key pair (on out-of-band server)\nconst keyPair = await crypto.webcrypto.subtle.generateKey({ hash: 'SHA-256', modulusLength: 2048, name: 'RSA-OAEP', publicExponent: new Uint8Array([1, 0, 1]) }, true, ['encrypt', 'decrypt'])\n// setup key with out-of-band authentication factor\nconst setup = await mfkdf.setup.key([\n  await mfkdf.setup.factors.ooba({\n    key: keyPair.publicKey, params: { email: 'test@mfkdf.com' }\n  })\n])\n// decrypt and send code (on out-of-band server)\nconst next = setup.policy.factors[0].params.next\nconst decrypted = await crypto.webcrypto.subtle.decrypt({ name: 'RSA-OAEP' }, keyPair.privateKey, Buffer.from(next, 'hex'))\nconst code = JSON.parse(Buffer.from(decrypted).toString()).code\n// derive key with out-of-band factor\nconst derive = await mfkdf.derive.key(setup.policy, {\n  ooba: mfkdf.derive.factors.ooba(code)\n})\nsetup.key.toString('hex') // -> 01d0c7236adf2516\nderive.key.toString('hex') // -> 01d0c7236adf2516\nsetup.key.toString('hex').should.equal(derive.key.toString('hex'))",
                  "err": {},
                  "uuid": "37626199-5fcb-4864-9220-4ffbbcd29c66",
                  "parentUUID": "d259d60e-681e-48cb-a665-be36ea4390a8",
                  "isHook": false,
                  "skipped": false
                },
                {
                  "title": "password",
                  "fullTitle": "examples factors password",
                  "timedOut": false,
                  "duration": 221,
                  "state": "passed",
                  "speed": "slow",
                  "pass": true,
                  "fail": false,
                  "pending": false,
                  "context": null,
                  "code": "// setup key with password factor\nconst setup = await mfkdf.setup.key([\n  await mfkdf.setup.factors.password('password')\n], { size: 8 })\n// derive key with password factor\nconst derive = await mfkdf.derive.key(setup.policy, {\n  password: mfkdf.derive.factors.password('password')\n})\nsetup.key.toString('hex') // -> 01d0c7236adf2516\nderive.key.toString('hex') // -> 01d0c7236adf2516\nsetup.key.toString('hex').should.equal(derive.key.toString('hex'))",
                  "err": {},
                  "uuid": "4d49ffaf-a2bd-43c8-9ff0-ecd4f69f70d9",
                  "parentUUID": "d259d60e-681e-48cb-a665-be36ea4390a8",
                  "isHook": false,
                  "skipped": false
                }
              ],
              "suites": [],
              "passes": [
                "cce271e9-dbb7-4c39-a7b0-049f5272c342",
                "96b24e06-a194-4a42-9aff-ea47947dc630",
                "0b630195-140e-4f8e-aac2-a7230774140d",
                "d12302d4-f0fd-4692-9ff8-1cae203f10f5",
                "e5dc4703-53ae-4c4c-bf89-83a9c5b74da8",
                "a6f1ea24-c3ce-4463-8b48-01e6d0a1ea15",
                "37626199-5fcb-4864-9220-4ffbbcd29c66",
                "4d49ffaf-a2bd-43c8-9ff0-ecd4f69f70d9"
              ],
              "failures": [],
              "pending": [],
              "skipped": [],
              "duration": 2793,
              "root": false,
              "rootEmpty": false,
              "_timeout": 5000
            },
            {
              "uuid": "fb78caef-42a9-49c5-a9b0-f8e189e21b3d",
              "title": "secrets",
              "fullFile": "C:\\xampp\\htdocs\\Multifactor\\MFKDF\\test\\examples\\examples.js",
              "file": "\\test\\examples\\examples.js",
              "beforeHooks": [],
              "afterHooks": [],
              "tests": [
                {
                  "title": "full",
                  "fullTitle": "examples secrets full",
                  "timedOut": false,
                  "duration": 1,
                  "state": "passed",
                  "speed": "slow",
                  "pass": true,
                  "fail": false,
                  "pending": false,
                  "context": null,
                  "code": "// share secret using 2-of-3 shares\nconst shares = mfkdf.secrets.share(Buffer.from('hello world'), 2, 3) // -> [Buffer, Buffer, Buffer]\n// recover secret using 2 shares\nconst secret = mfkdf.secrets.combine([shares[0], null, shares[2]], 2, 3)\nsecret.toString() // -> hello world\n// recover original 3 shares\nconst recover = mfkdf.secrets.recover([shares[0], null, shares[2]], 2, 3) // -> [Buffer, Buffer, Buffer]\nrecover.should.be.a('array')",
                  "err": {},
                  "uuid": "469bcf3e-a9df-4ee7-8798-71e861013d4f",
                  "parentUUID": "fb78caef-42a9-49c5-a9b0-f8e189e21b3d",
                  "isHook": false,
                  "skipped": false
                }
              ],
              "suites": [],
              "passes": [
                "469bcf3e-a9df-4ee7-8798-71e861013d4f"
              ],
              "failures": [],
              "pending": [],
              "skipped": [],
              "duration": 1,
              "root": false,
              "rootEmpty": false,
              "_timeout": 5000
            },
            {
              "uuid": "c15f60f2-63c5-494b-9c96-dca2f52a853f",
              "title": "policy",
              "fullFile": "C:\\xampp\\htdocs\\Multifactor\\MFKDF\\test\\examples\\examples.js",
              "file": "\\test\\examples\\examples.js",
              "beforeHooks": [],
              "afterHooks": [],
              "tests": [
                {
                  "title": "validate",
                  "fullTitle": "examples policy validate",
                  "timedOut": false,
                  "duration": 107,
                  "state": "passed",
                  "speed": "slow",
                  "pass": true,
                  "fail": false,
                  "pending": false,
                  "context": null,
                  "code": "// setup key that can be derived from passwordA AND (passwordB OR passwordC)\nconst setup = await mfkdf.policy.setup(\n  await mfkdf.policy.and(\n    await mfkdf.setup.factors.password('passwordA', { id: 'passwordA' }),\n    await mfkdf.policy.or(\n      await mfkdf.setup.factors.password('passwordB', { id: 'passwordB' }),\n      await mfkdf.setup.factors.password('passwordC', { id: 'passwordC' })\n    )\n  )\n)\n// validate policy\nconst valid = mfkdf.policy.validate(setup.policy) // -> true\nvalid.should.be.true",
                  "err": {},
                  "uuid": "8e3d3eec-d92f-4eee-b62c-0f31ce3bc54a",
                  "parentUUID": "c15f60f2-63c5-494b-9c96-dca2f52a853f",
                  "isHook": false,
                  "skipped": false
                },
                {
                  "title": "ids",
                  "fullTitle": "examples policy ids",
                  "timedOut": false,
                  "duration": 109,
                  "state": "passed",
                  "speed": "slow",
                  "pass": true,
                  "fail": false,
                  "pending": false,
                  "context": null,
                  "code": "// setup key that can be derived from passwordA AND (passwordB OR passwordC)\nconst setup = await mfkdf.policy.setup(\n  await mfkdf.policy.and(\n    await mfkdf.setup.factors.password('passwordA', { id: 'passwordA' }),\n    await mfkdf.policy.or(\n      await mfkdf.setup.factors.password('passwordB', { id: 'passwordB' }),\n      await mfkdf.setup.factors.password('passwordC', { id: 'passwordC' })\n    )\n  )\n)\n// get list of ids\nconst ids = mfkdf.policy.ids(setup.policy) // -> ['passwordA', 'passwordB', 'passwordC', ...]\nids.includes('passwordA').should.be.true\nids.includes('passwordB').should.be.true\nids.includes('passwordC').should.be.true",
                  "err": {},
                  "uuid": "aaed773c-3715-4142-bbc7-9566a23a9ea1",
                  "parentUUID": "c15f60f2-63c5-494b-9c96-dca2f52a853f",
                  "isHook": false,
                  "skipped": false
                },
                {
                  "title": "evaluate",
                  "fullTitle": "examples policy evaluate",
                  "timedOut": false,
                  "duration": 106,
                  "state": "passed",
                  "speed": "slow",
                  "pass": true,
                  "fail": false,
                  "pending": false,
                  "context": null,
                  "code": "// setup key that can be derived from passwordA AND (passwordB OR passwordC)\nconst setup = await mfkdf.policy.setup(\n  await mfkdf.policy.and(\n    await mfkdf.setup.factors.password('passwordA', { id: 'passwordA' }),\n    await mfkdf.policy.or(\n      await mfkdf.setup.factors.password('passwordB', { id: 'passwordB' }),\n      await mfkdf.setup.factors.password('passwordC', { id: 'passwordC' })\n    )\n  )\n)\n// check if key can be derived with passwordA and passwordC\nconst valid1 = await mfkdf.policy.evaluate(setup.policy, ['passwordA', 'passwordC']) // -> true\n// check if key can be derived with passwordB and passwordC\nconst valid2 = await mfkdf.policy.evaluate(setup.policy, ['passwordB', 'passwordC']) // -> false\nvalid1.should.be.true\nvalid2.should.be.false",
                  "err": {},
                  "uuid": "07eb7633-4b33-4651-a829-b17809ac6666",
                  "parentUUID": "c15f60f2-63c5-494b-9c96-dca2f52a853f",
                  "isHook": false,
                  "skipped": false
                },
                {
                  "title": "setup/derive",
                  "fullTitle": "examples policy setup/derive",
                  "timedOut": false,
                  "duration": 234,
                  "state": "passed",
                  "speed": "slow",
                  "pass": true,
                  "fail": false,
                  "pending": false,
                  "context": null,
                  "code": "// setup key that can be derived from passwordA AND (passwordB OR passwordC)\nconst setup = await mfkdf.policy.setup(\n  await mfkdf.policy.and(\n    await mfkdf.setup.factors.password('passwordA', { id: 'passwordA' }),\n    await mfkdf.policy.or(\n      await mfkdf.setup.factors.password('passwordB', { id: 'passwordB' }),\n      await mfkdf.setup.factors.password('passwordC', { id: 'passwordC' })\n    )\n  ), { size: 8 }\n)\n// derive key with passwordA and passwordC (or passwordA and passwordB)\nconst derive = await mfkdf.policy.derive(setup.policy, {\n  passwordA: mfkdf.derive.factors.password('passwordA'),\n  passwordC: mfkdf.derive.factors.password('passwordC')\n})\nsetup.key.toString('hex') // -> e16a227944a65263\nderive.key.toString('hex') // -> e16a227944a65263\nsetup.key.toString('hex').should.equal(derive.key.toString('hex'))",
                  "err": {},
                  "uuid": "e56e2a50-aec9-46b4-a7a9-465a659d56b1",
                  "parentUUID": "c15f60f2-63c5-494b-9c96-dca2f52a853f",
                  "isHook": false,
                  "skipped": false
                },
                {
                  "title": "all",
                  "fullTitle": "examples policy all",
                  "timedOut": false,
                  "duration": 237,
                  "state": "passed",
                  "speed": "slow",
                  "pass": true,
                  "fail": false,
                  "pending": false,
[...]
                  "err": {},
                  "uuid": "f5b8bf59-6026-450b-b4e7-b7cc85ffe26b",
                  "parentUUID": "67d1cabb-1a31-4f66-bdf4-d80d03534f25",
                  "isHook": false,
                  "skipped": false
                },
                {
                  "title": "invalid/range",
                  "fullTitle": "setup/key id invalid/range",
                  "timedOut": false,
                  "duration": 0,
                  "state": "passed",
                  "speed": "fast",
                  "pass": true,
                  "fail": false,
                  "pending": false,
                  "context": null,
                  "code": "mfkdf.setup.key([\n  await mfkdf.setup.factors.password('hello')\n], { id: '' }).should.be.rejectedWith(RangeError)",
                  "err": {},
                  "uuid": "a5cfc3f0-6c88-4eae-9fa0-e5612ed40098",
                  "parentUUID": "67d1cabb-1a31-4f66-bdf4-d80d03534f25",
                  "isHook": false,
                  "skipped": false
                }
              ],
              "suites": [],
              "passes": [
                "55319ece-ab1c-4b6d-bf8a-b9019d72f018",
                "beaea35e-3e85-42be-becc-214e2ca6efdd",
                "f5b8bf59-6026-450b-b4e7-b7cc85ffe26b",
                "a5cfc3f0-6c88-4eae-9fa0-e5612ed40098"
              ],
              "failures": [],
              "pending": [],
              "skipped": [],
              "duration": 209,
              "root": false,
              "rootEmpty": false,
              "_timeout": 5000
            },
            {
              "uuid": "3f683c41-d36e-45f0-8f0d-a09f99b58fc5",
              "title": "size",
              "fullFile": "C:\\xampp\\htdocs\\Multifactor\\MFKDF\\test\\setup\\key.js",
              "file": "\\test\\setup\\key.js",
              "beforeHooks": [],
              "afterHooks": [],
              "tests": [
                {
                  "title": "default",
                  "fullTitle": "setup/key size default",
                  "timedOut": false,
                  "duration": 107,
                  "state": "passed",
                  "speed": "slow",
                  "pass": true,
                  "fail": false,
                  "pending": false,
                  "context": null,
                  "code": "const { policy } = await mfkdf.setup.key([\n  await mfkdf.setup.factors.password('hello')\n])\npolicy.size.should.equal(32)",
                  "err": {},
                  "uuid": "a7df107a-0e74-4e8c-900a-997b8cec5a4f",
                  "parentUUID": "3f683c41-d36e-45f0-8f0d-a09f99b58fc5",
                  "isHook": false,
                  "skipped": false
                },
                {
                  "title": "valid",
                  "fullTitle": "setup/key size valid",
                  "timedOut": false,
                  "duration": 109,
                  "state": "passed",
                  "speed": "slow",
                  "pass": true,
                  "fail": false,
                  "pending": false,
                  "context": null,
                  "code": "const { policy } = await mfkdf.setup.key([\n  await mfkdf.setup.factors.password('hello')\n], { size: 64 })\npolicy.size.should.equal(64)",
                  "err": {},
                  "uuid": "98a77977-6e9f-4072-b685-94a9b2b2400f",
                  "parentUUID": "3f683c41-d36e-45f0-8f0d-a09f99b58fc5",
                  "isHook": false,
                  "skipped": false
                },
                {
                  "title": "invalid/type",
                  "fullTitle": "setup/key size invalid/type",
                  "timedOut": false,
                  "duration": 0,
                  "state": "passed",
                  "speed": "fast",
                  "pass": true,
                  "fail": false,
                  "pending": false,
                  "context": null,
                  "code": "mfkdf.setup.key([\n  await mfkdf.setup.factors.password('hello')\n], { size: 'hello' }).should.be.rejectedWith(TypeError)",
                  "err": {},
                  "uuid": "96f540d1-17de-48ae-b39d-58f35f4259d7",
                  "parentUUID": "3f683c41-d36e-45f0-8f0d-a09f99b58fc5",
                  "isHook": false,
                  "skipped": false
                },
                {
                  "title": "invalid/range",
                  "fullTitle": "setup/key size invalid/range",
                  "timedOut": false,
                  "duration": 0,
                  "state": "passed",
                  "speed": "fast",
                  "pass": true,
                  "fail": false,
                  "pending": false,
                  "context": null,
                  "code": "mfkdf.setup.key([\n  await mfkdf.setup.factors.password('hello')\n], { size: 0 }).should.be.rejectedWith(RangeError)",
                  "err": {},
                  "uuid": "0c9eb069-4843-4d82-9755-98294331e841",
                  "parentUUID": "3f683c41-d36e-45f0-8f0d-a09f99b58fc5",
                  "isHook": false,
                  "skipped": false
                }
              ],
              "suites": [],
              "passes": [
                "a7df107a-0e74-4e8c-900a-997b8cec5a4f",
                "98a77977-6e9f-4072-b685-94a9b2b2400f",
                "96f540d1-17de-48ae-b39d-58f35f4259d7",
                "0c9eb069-4843-4d82-9755-98294331e841"
              ],
              "failures": [],
              "pending": [],
              "skipped": [],
              "duration": 216,
              "root": false,
              "rootEmpty": false,
              "_timeout": 5000
            },
            {
              "uuid": "c062ca02-5c0f-43f1-aac7-2f1cbf567263",
              "title": "threshold",
              "fullFile": "C:\\xampp\\htdocs\\Multifactor\\MFKDF\\test\\setup\\key.js",
              "file": "\\test\\setup\\key.js",
              "beforeHooks": [],
              "afterHooks": [],
              "tests": [
                {
                  "title": "default",
                  "fullTitle": "setup/key threshold default",
                  "timedOut": false,
                  "duration": 107,
                  "state": "passed",
                  "speed": "slow",
                  "pass": true,
                  "fail": false,
                  "pending": false,
                  "context": null,
                  "code": "const { policy } = await mfkdf.setup.key([\n  await mfkdf.setup.factors.password('hello', { id: 'password1' }),\n  await mfkdf.setup.factors.password('hello', { id: 'password2' })\n])\npolicy.threshold.should.equal(2)",
                  "err": {},
                  "uuid": "35a8c9cc-6b76-46fb-bb05-061d50c47adb",
                  "parentUUID": "c062ca02-5c0f-43f1-aac7-2f1cbf567263",
                  "isHook": false,
                  "skipped": false
                },
                {
                  "title": "valid",
                  "fullTitle": "setup/key threshold valid",
                  "timedOut": false,
                  "duration": 105,
                  "state": "passed",
                  "speed": "slow",
                  "pass": true,
                  "fail": false,
                  "pending": false,
                  "context": null,
                  "code": "const { policy } = await mfkdf.setup.key([\n  await mfkdf.setup.factors.password('hello', { id: 'password1' }),\n  await mfkdf.setup.factors.password('hello', { id: 'password2' })\n], { threshold: 1 })\npolicy.threshold.should.equal(1)",
                  "err": {},
                  "uuid": "baf51fb7-1cd8-42c9-b513-01a1c8890c2a",
                  "parentUUID": "c062ca02-5c0f-43f1-aac7-2f1cbf567263",
                  "isHook": false,
                  "skipped": false
                },
                {
                  "title": "invalid/type",
                  "fullTitle": "setup/key threshold invalid/type",
                  "timedOut": false,
                  "duration": 0,
                  "state": "passed",
                  "speed": "fast",
                  "pass": true,
                  "fail": false,
                  "pending": false,
                  "context": null,
                  "code": "mfkdf.setup.key([\n  await mfkdf.setup.factors.password('hello')\n], { threshold: 'hello' }).should.be.rejectedWith(TypeError)",
                  "err": {},
                  "uuid": "f3d16b52-2b14-49e8-a9f6-469a4f03037e",
                  "parentUUID": "c062ca02-5c0f-43f1-aac7-2f1cbf567263",
                  "isHook": false,
                  "skipped": false
                },
                {
                  "title": "invalid/range",
                  "fullTitle": "setup/key threshold invalid/range",
                  "timedOut": false,
                  "duration": 0,
                  "state": "passed",
                  "speed": "fast",
                  "pass": true,
                  "fail": false,
                  "pending": false,
                  "context": null,
                  "code": "mfkdf.setup.key([\n  await mfkdf.setup.factors.password('hello')\n], { threshold: 0 }).should.be.rejectedWith(RangeError)\nmfkdf.setup.key([\n  await mfkdf.setup.factors.password('hello')\n], { threshold: 2 }).should.be.rejectedWith(RangeError)",
                  "err": {},
                  "uuid": "81dbecc0-a568-4a84-9b31-65f7a33ccdab",
                  "parentUUID": "c062ca02-5c0f-43f1-aac7-2f1cbf567263",
                  "isHook": false,
                  "skipped": false
                }
              ],
              "suites": [],
              "passes": [
                "35a8c9cc-6b76-46fb-bb05-061d50c47adb",
                "baf51fb7-1cd8-42c9-b513-01a1c8890c2a",
                "f3d16b52-2b14-49e8-a9f6-469a4f03037e",
                "81dbecc0-a568-4a84-9b31-65f7a33ccdab"
              ],
              "failures": [],
              "pending": [],
              "skipped": [],
              "duration": 212,
              "root": false,
              "rootEmpty": false,
              "_timeout": 5000
            },
            {
              "uuid": "ac272e03-6881-41c5-8031-4da9b2117d00",
              "title": "salt",
              "fullFile": "C:\\xampp\\htdocs\\Multifactor\\MFKDF\\test\\setup\\key.js",
              "file": "\\test\\setup\\key.js",
              "beforeHooks": [],
              "afterHooks": [],
              "tests": [
                {
                  "title": "default",
                  "fullTitle": "setup/key salt default",
                  "timedOut": false,
                  "duration": 103,
                  "state": "passed",
                  "speed": "slow",
                  "pass": true,
                  "fail": false,
                  "pending": false,
                  "context": null,
                  "code": "const { policy } = await mfkdf.setup.key([\n  await mfkdf.setup.factors.password('hello')\n], { size: 48 })\nconst salt = Buffer.from(policy.salt, 'base64')\nsalt.length.should.equal(48)",
                  "err": {},
                  "uuid": "0871f772-2c26-40c0-a763-6a13e13e7837",
                  "parentUUID": "ac272e03-6881-41c5-8031-4da9b2117d00",
                  "isHook": false,
                  "skipped": false
                },
                {
                  "title": "valid",
                  "fullTitle": "setup/key salt valid",
                  "timedOut": false,
                  "duration": 105,
                  "state": "passed",
                  "speed": "slow",
                  "pass": true,
                  "fail": false,
                  "pending": false,
                  "context": null,
                  "code": "const { policy } = await mfkdf.setup.key([\n  await mfkdf.setup.factors.password('hello')\n], { salt: Buffer.from('12345678', 'base64') })\npolicy.salt.should.equal('12345678')",
                  "err": {},
                  "uuid": "126e7ea8-7112-4c80-b3fd-4f204c9c2317",
                  "parentUUID": "ac272e03-6881-41c5-8031-4da9b2117d00",
                  "isHook": false,
                  "skipped": false
                },
                {
                  "title": "invalid/type",
                  "fullTitle": "setup/key salt invalid/type",
                  "timedOut": false,
                  "duration": 0,
                  "state": "passed",
                  "speed": "fast",
                  "pass": true,
                  "fail": false,
                  "pending": false,
                  "context": null,
                  "code": "mfkdf.setup.key([\n  await mfkdf.setup.factors.password('hello')\n], { salt: 'hello' }).should.be.rejectedWith(TypeError)",
                  "err": {},
                  "uuid": "d867eb87-5df3-4b3e-9efd-d672d213136a",
                  "parentUUID": "ac272e03-6881-41c5-8031-4da9b2117d00",
                  "isHook": false,
                  "skipped": false
                }
              ],
              "suites": [],
              "passes": [
                "0871f772-2c26-40c0-a763-6a13e13e7837",
                "126e7ea8-7112-4c80-b3fd-4f204c9c2317",
                "d867eb87-5df3-4b3e-9efd-d672d213136a"
              ],
              "failures": [],
              "pending": [],
              "skipped": [],
              "duration": 208,
              "root": false,
              "rootEmpty": false,
              "_timeout": 5000
            },
            {
              "uuid": "cd26b5a3-cf63-4fd6-9389-1d9cc0a1ad69",
              "title": "factors",
              "fullFile": "C:\\xampp\\htdocs\\Multifactor\\MFKDF\\test\\setup\\key.js",
              "file": "\\test\\setup\\key.js",
              "beforeHooks": [],
              "afterHooks": [],
              "tests": [
                {
                  "title": "valid",
                  "fullTitle": "setup/key factors valid",
                  "timedOut": false,
                  "duration": 103,
                  "state": "passed",
                  "speed": "slow",
                  "pass": true,
                  "fail": false,
                  "pending": false,
                  "context": null,
                  "code": "await mfkdf.setup.key([\n  {\n    type: 'password',\n    id: 'password',\n    data: Buffer.from('password', 'utf-8'),\n    params: async () => {\n      return {}\n    },\n    output: async () => {\n      return {}\n    }\n  }\n])",
                  "err": {},
                  "uuid": "cb2b001b-ef12-4941-ac6a-a9e50a268cce",
                  "parentUUID": "cd26b5a3-cf63-4fd6-9389-1d9cc0a1ad69",
                  "isHook": false,
                  "skipped": false
                },
                {
                  "title": "id",
                  "fullTitle": "setup/key factors id",
                  "timedOut": false,
                  "duration": 0,
                  "state": "passed",
                  "speed": "fast",
                  "pass": true,
                  "fail": false,
                  "pending": false,
                  "context": null,
                  "code": "mfkdf.setup.key([\n  await mfkdf.setup.factors.password('hello', { id: 'password1' }),\n  await mfkdf.setup.factors.password('hello', { id: 'password1' })\n]).should.be.rejectedWith(RangeError)",
                  "err": {},
                  "uuid": "d3d5e0c4-139b-4302-9b1b-4e9b2d8dcd75",
                  "parentUUID": "cd26b5a3-cf63-4fd6-9389-1d9cc0a1ad69",
                  "isHook": false,
                  "skipped": false
                },
                {
                  "title": "invalid/type",
                  "fullTitle": "setup/key factors invalid/type",
                  "timedOut": false,
                  "duration": 1,
                  "state": "passed",
                  "speed": "slow",
                  "pass": true,
                  "fail": false,
                  "pending": false,
                  "context": null,
                  "code": "mfkdf.setup.key('hello').should.be.rejectedWith(TypeError)\nmfkdf.setup.key([\n  {\n    type: 12345,\n    id: 'password',\n    data: Buffer.from('password', 'utf-8'),\n    params: async () => {\n      return {}\n    }\n  }\n]).should.be.rejectedWith(TypeError)\nmfkdf.setup.key([\n  {\n    type: 'password',\n    id: 12345,\n    data: Buffer.from('password', 'utf-8'),\n    params: async () => {\n      return {}\n    }\n  }\n]).should.be.rejectedWith(TypeError)\nmfkdf.setup.key([\n  {\n    type: 'password',\n    id: 'password',\n    data: 12345,\n    params: async () => {\n      return {}\n    }\n  }\n]).should.be.rejectedWith(TypeError)\nmfkdf.setup.key([\n  {\n    type: 'password',\n    id: 'password',\n    data: Buffer.from('password', 'utf-8'),\n    params: 12345\n  }\n]).should.be.rejectedWith(TypeError)",
                  "err": {},
                  "uuid": "9986e936-b9ee-455a-9614-dad8f82abfc1",
                  "parentUUID": "cd26b5a3-cf63-4fd6-9389-1d9cc0a1ad69",
                  "isHook": false,
                  "skipped": false
                },
                {
                  "title": "invalid/range",
                  "fullTitle": "setup/key factors invalid/range",
                  "timedOut": false,
                  "duration": 1,
                  "state": "passed",
                  "speed": "slow",
                  "pass": true,
                  "fail": false,
                  "pending": false,
                  "context": null,
                  "code": "mfkdf.setup.key([\n]).should.be.rejectedWith(RangeError)\nmfkdf.setup.key([\n  {\n    type: '',\n    id: 'password',\n    data: Buffer.from('password', 'utf-8'),\n    params: async () => {\n      return {}\n    }\n  }\n]).should.be.rejectedWith(RangeError)\nmfkdf.setup.key([\n  {\n    type: 'password',\n    id: '',\n    data: Buffer.from('password', 'utf-8'),\n    params: async () => {\n      return {}\n    }\n  }\n]).should.be.rejectedWith(RangeError)\nmfkdf.setup.key([\n  {\n    type: 'password',\n    id: 'password',\n    data: Buffer.from('', 'utf-8'),\n    params: async () => {\n      return {}\n    }\n  }\n]).should.be.rejectedWith(RangeError)",
                  "err": {},
                  "uuid": "ee35d9c2-ef88-4be5-9038-1b927ae66269",
                  "parentUUID": "cd26b5a3-cf63-4fd6-9389-1d9cc0a1ad69",
                  "isHook": false,
                  "skipped": false
                }
              ],
              "suites": [],
              "passes": [
                "cb2b001b-ef12-4941-ac6a-a9e50a268cce",
                "d3d5e0c4-139b-4302-9b1b-4e9b2d8dcd75",
                "9986e936-b9ee-455a-9614-dad8f82abfc1",
                "ee35d9c2-ef88-4be5-9038-1b927ae66269"
              ],
              "failures": [],
              "pending": [],
              "skipped": [],
              "duration": 105,
              "root": false,
              "rootEmpty": false,
              "_timeout": 5000
            }
          ],
          "passes": [
            "993c7b83-7b13-4707-a149-e320200dc136"
          ],
          "failures": [],
          "pending": [],
          "skipped": [],
          "duration": 109,
          "root": false,
          "rootEmpty": false,
          "_timeout": 5000
        }
      ],
      "passes": [],
      "failures": [],
      "pending": [],
      "skipped": [],
      "duration": 0,
      "root": true,
      "rootEmpty": true,
      "_timeout": 5000
    }
  ],
  "meta": {
    "mocha": {
      "version": "6.2.3"
    },
    "mochawesome": {
      "options": {
        "quiet": false,
        "reportFilename": "mochawesome",
        "saveHtml": true,
        "saveJson": true,
        "consoleReporter": "spec",
        "useInlineDiffs": false,
        "code": true
      },
      "version": "7.1.3"
    },
    "marge": {
      "options": {
        "reportDir": "./site/mochawesome"
      },
      "version": "6.2.0"
    }
  }
}