{
  "stats": {
    "suites": 82,
    "tests": 330,
    "passes": 330,
    "pending": 0,
    "failures": 0,
    "start": "2022-06-15T04:52:48.045Z",
    "end": "2022-06-15T04:54:15.638Z",
    "duration": 87593,
    "testsRegistered": 330,
    "passPercent": 100,
    "pendingPercent": 0,
    "other": 0,
    "hasOther": false,
    "skipped": 0,
    "hasSkipped": false
  },
  "results": [
    {
      "uuid": "dcc0f6f5-5d46-43a8-b699-578dfdf1bc5f",
      "title": "",
      "fullFile": "",
      "file": "",
      "beforeHooks": [],
      "afterHooks": [],
      "tests": [],
      "suites": [
        {
          "uuid": "efb3fd97-d853-4fb3-a5cc-54d691efabb7",
          "title": "asymmetric",
          "fullFile": "C:\\xampp\\htdocs\\Multifactor\\MFKDF\\test\\crypto\\asymmetric.js",
          "file": "\\test\\crypto\\asymmetric.js",
          "beforeHooks": [],
          "afterHooks": [],
          "tests": [],
          "suites": [
            {
              "uuid": "bdc9afa9-beae-44b8-8f3c-48ff1d275e03",
              "title": "encryption",
              "fullFile": "C:\\xampp\\htdocs\\Multifactor\\MFKDF\\test\\crypto\\asymmetric.js",
              "file": "\\test\\crypto\\asymmetric.js",
              "beforeHooks": [],
              "afterHooks": [],
              "tests": [
                {
                  "title": "rsa1024",
                  "fullTitle": "asymmetric encryption rsa1024",
                  "timedOut": false,
                  "duration": 655,
                  "state": "passed",
                  "speed": "slow",
                  "pass": true,
                  "fail": false,
                  "pending": false,
                  "context": null,
                  "code": "const setup = await mfkdf.setup.key([\n  await mfkdf.setup.factors.uuid({ id: 'uuid1', uuid: '9b1deb4d-3b7d-4bad-9bdd-2b0d7b3dcb6d' })\n])\nconst ct = await setup.encrypt('hello world', 'rsa1024')\nconst pt = await setup.decrypt(ct, 'rsa1024')\npt.toString().should.equal('hello world')",
                  "err": {},
                  "uuid": "beb19594-e7a3-4037-9154-61c1ff8b6b48",
                  "parentUUID": "bdc9afa9-beae-44b8-8f3c-48ff1d275e03",
                  "isHook": false,
                  "skipped": false
                },
                {
                  "title": "rsa2048",
                  "fullTitle": "asymmetric encryption rsa2048",
                  "timedOut": false,
                  "duration": 613,
                  "state": "passed",
                  "speed": "slow",
                  "pass": true,
                  "fail": false,
                  "pending": false,
                  "context": null,
                  "code": "const setup = await mfkdf.setup.key([\n  await mfkdf.setup.factors.uuid({ id: 'uuid1', uuid: '9b1deb4d-3b7d-4bad-9bdd-2b0d7b3dcb6d' })\n])\nconst ct = await setup.encrypt('hello world', 'rsa2048')\nconst pt = await setup.decrypt(ct, 'rsa2048')\npt.toString().should.equal('hello world')",
                  "err": {},
                  "uuid": "15d3ba88-01bc-48e8-8304-b037e5f91ad4",
                  "parentUUID": "bdc9afa9-beae-44b8-8f3c-48ff1d275e03",
                  "isHook": false,
                  "skipped": false
                }
              ],
              "suites": [],
              "passes": [
                "beb19594-e7a3-4037-9154-61c1ff8b6b48",
                "15d3ba88-01bc-48e8-8304-b037e5f91ad4"
              ],
              "failures": [],
              "pending": [],
              "skipped": [],
              "duration": 1268,
              "root": false,
              "rootEmpty": false,
              "_timeout": 5000
            },
            {
              "uuid": "95482cf0-b8e7-43c5-bd6a-9e9358ca714a",
              "title": "signatures",
              "fullFile": "C:\\xampp\\htdocs\\Multifactor\\MFKDF\\test\\crypto\\asymmetric.js",
              "file": "\\test\\crypto\\asymmetric.js",
              "beforeHooks": [],
              "afterHooks": [],
              "tests": [
                {
                  "title": "rsa1024",
                  "fullTitle": "asymmetric signatures rsa1024",
                  "timedOut": false,
                  "duration": 190,
                  "state": "passed",
                  "speed": "slow",
                  "pass": true,
                  "fail": false,
                  "pending": false,
                  "context": null,
                  "code": "const setup = await mfkdf.setup.key([\n  await mfkdf.setup.factors.uuid({ id: 'uuid1', uuid: '9b1deb4d-3b7d-4bad-9bdd-2b0d7b3dcb6d' })\n])\nconst signature = await setup.sign('hello world', 'rsa1024')\nconst validity = await setup.verify('hello world', signature, 'rsa1024')\nvalidity.should.be.true",
                  "err": {},
                  "uuid": "301f2abf-2517-4f4b-b4a1-7ce3fd30c57b",
                  "parentUUID": "95482cf0-b8e7-43c5-bd6a-9e9358ca714a",
                  "isHook": false,
                  "skipped": false
                },
                {
                  "title": "rsa2048",
                  "fullTitle": "asymmetric signatures rsa2048",
                  "timedOut": false,
                  "duration": 1592,
                  "state": "passed",
                  "speed": "slow",
                  "pass": true,
                  "fail": false,
                  "pending": false,
                  "context": null,
                  "code": "const setup = await mfkdf.setup.key([\n  await mfkdf.setup.factors.uuid({ id: 'uuid1', uuid: '9b1deb4d-3b7d-4bad-9bdd-2b0d7b3dcb6d' })\n])\nconst signature = await setup.sign('hello world', 'rsa2048')\nconst validity = await setup.verify('hello world', signature, 'rsa2048')\nvalidity.should.be.true",
                  "err": {},
                  "uuid": "7598868e-93f4-41b1-8ef0-f76156c600ba",
                  "parentUUID": "95482cf0-b8e7-43c5-bd6a-9e9358ca714a",
                  "isHook": false,
                  "skipped": false
                },
                {
                  "title": "rsa3072",
                  "fullTitle": "asymmetric signatures rsa3072",
                  "timedOut": false,
                  "duration": 10382,
                  "state": "passed",
                  "speed": "slow",
                  "pass": true,
                  "fail": false,
                  "pending": false,
                  "context": null,
                  "code": "const setup = await mfkdf.setup.key([\n  await mfkdf.setup.factors.uuid({ id: 'uuid1', uuid: '9b1deb4d-3b7d-4bad-9bdd-2b0d7b3dcb6d' })\n])\nconst signature = await setup.sign('hello world', 'rsa3072')\nconst validity = await setup.verify('hello world', signature, 'rsa3072')\nvalidity.should.be.true",
                  "err": {},
                  "uuid": "4314f7a9-16e7-493a-8354-20ae149be8e4",
                  "parentUUID": "95482cf0-b8e7-43c5-bd6a-9e9358ca714a",
                  "isHook": false,
                  "skipped": false
                },
                {
                  "title": "defaults",
                  "fullTitle": "asymmetric signatures defaults",
                  "timedOut": false,
                  "duration": 8429,
                  "state": "passed",
                  "speed": "slow",
                  "pass": true,
                  "fail": false,
                  "pending": false,
                  "context": null,
                  "code": "const setup = await mfkdf.setup.key([\n  await mfkdf.setup.factors.uuid({ id: 'uuid1', uuid: '9b1deb4d-3b7d-4bad-9bdd-2b0d7b3dcb6d' })\n])\nconst signature = await setup.sign('hello world')\nconst validity = await setup.verify('hello world', signature)\nvalidity.should.be.true\nawait setup.getAsymmetricKeyPair()",
                  "err": {},
                  "uuid": "c207c39f-6653-443c-8117-abdb46365ab2",
                  "parentUUID": "95482cf0-b8e7-43c5-bd6a-9e9358ca714a",
                  "isHook": false,
                  "skipped": false
                },
                {
                  "title": "ed25519",
                  "fullTitle": "asymmetric signatures ed25519",
                  "timedOut": false,
                  "duration": 121,
                  "state": "passed",
                  "speed": "slow",
                  "pass": true,
                  "fail": false,
                  "pending": false,
                  "context": null,
                  "code": "const setup = await mfkdf.setup.key([\n  await mfkdf.setup.factors.uuid({ id: 'uuid1', uuid: '9b1deb4d-3b7d-4bad-9bdd-2b0d7b3dcb6d' })\n])\nawait setup.getAsymmetricKeyPair('ed25519')",
                  "err": {},
                  "uuid": "6c007f26-c02d-409f-b46f-2defd947aaee",
                  "parentUUID": "95482cf0-b8e7-43c5-bd6a-9e9358ca714a",
                  "isHook": false,
                  "skipped": false
                },
                {
                  "title": "unknown",
                  "fullTitle": "asymmetric signatures unknown",
                  "timedOut": false,
                  "duration": 106,
                  "state": "passed",
                  "speed": "slow",
                  "pass": true,
                  "fail": false,
                  "pending": false,
                  "context": null,
                  "code": "const setup = await mfkdf.setup.key([\n  await mfkdf.setup.factors.uuid({ id: 'uuid1', uuid: '9b1deb4d-3b7d-4bad-9bdd-2b0d7b3dcb6d' })\n])\nsetup.getAsymmetricKeyPair('unknown').should.be.rejectedWith(RangeError)",
                  "err": {},
                  "uuid": "da80a2f7-6450-4ae3-808e-30fd31d0f765",
                  "parentUUID": "95482cf0-b8e7-43c5-bd6a-9e9358ca714a",
                  "isHook": false,
                  "skipped": false
                },
                {
                  "title": "errors",
                  "fullTitle": "asymmetric signatures errors",
                  "timedOut": false,
                  "duration": 12866,
                  "state": "passed",
                  "speed": "slow",
                  "pass": true,
                  "fail": false,
                  "pending": false,
                  "context": null,
                  "code": "const setup = await mfkdf.setup.key([\n  await mfkdf.setup.factors.uuid({ id: 'uuid1', uuid: '9b1deb4d-3b7d-4bad-9bdd-2b0d7b3dcb6d' })\n])\nsetup.sign(12345, 'rsa1024').should.be.rejectedWith(TypeError)\nconst signature = await setup.sign('hello world')\nsetup.verify(12345, signature).should.be.rejectedWith(TypeError)",
                  "err": {},
                  "uuid": "f19748c0-3a8f-4d3d-b179-68bdf817e8b6",
                  "parentUUID": "95482cf0-b8e7-43c5-bd6a-9e9358ca714a",
                  "isHook": false,
                  "skipped": false
                }
              ],
              "suites": [],
              "passes": [
                "301f2abf-2517-4f4b-b4a1-7ce3fd30c57b",
                "7598868e-93f4-41b1-8ef0-f76156c600ba",
                "4314f7a9-16e7-493a-8354-20ae149be8e4",
                "c207c39f-6653-443c-8117-abdb46365ab2",
                "6c007f26-c02d-409f-b46f-2defd947aaee",
                "da80a2f7-6450-4ae3-808e-30fd31d0f765",
                "f19748c0-3a8f-4d3d-b179-68bdf817e8b6"
              ],
              "failures": [],
              "pending": [],
              "skipped": [],
              "duration": 33686,
              "root": false,
              "rootEmpty": false,
              "_timeout": 5000
            }
          ],
          "passes": [],
          "failures": [],
          "pending": [],
          "skipped": [],
          "duration": 0,
          "root": false,
          "rootEmpty": false,
          "_timeout": 5000
        },
        {
          "uuid": "ce858164-76af-4e50-8748-c5c33beba4a0",
          "title": "encrypt",
          "fullFile": "C:\\xampp\\htdocs\\Multifactor\\MFKDF\\test\\crypto\\symmetric.js",
          "file": "\\test\\crypto\\symmetric.js",
          "beforeHooks": [],
          "afterHooks": [],
          "tests": [
            {
              "title": "defaults",
              "fullTitle": "encrypt defaults",
              "timedOut": false,
              "duration": 242,
              "state": "passed",
              "speed": "slow",
              "pass": true,
              "fail": false,
              "pending": false,
              "context": null,
              "code": "const setup = await mfkdf.setup.key([\n  await mfkdf.setup.factors.uuid({ id: 'uuid1', uuid: '9b1deb4d-3b7d-4bad-9bdd-2b0d7b3dcb6d' })\n])\nconst ciphertext = await setup.encrypt(Buffer.from('hello world'))\nconst derive = await mfkdf.derive.key(setup.policy, {\n  uuid1: mfkdf.derive.factors.uuid('9b1deb4d-3b7d-4bad-9bdd-2b0d7b3dcb6d')\n})\nconst plaintext = await derive.decrypt(ciphertext)\nplaintext.toString().should.equal('hello world')",
              "err": {},
              "uuid": "80f90d6c-e1a2-4a1d-9b63-a079a8873e04",
              "parentUUID": "ce858164-76af-4e50-8748-c5c33beba4a0",
              "isHook": false,
              "skipped": false
            },
            {
              "title": "AES256-CBC",
              "fullTitle": "encrypt AES256-CBC",
              "timedOut": false,
              "duration": 233,
              "state": "passed",
              "speed": "slow",
              "pass": true,
              "fail": false,
              "pending": false,
              "context": null,
              "code": "const setup = await mfkdf.setup.key([\n  await mfkdf.setup.factors.uuid({ id: 'uuid1', uuid: '9b1deb4d-3b7d-4bad-9bdd-2b0d7b3dcb6d' })\n])\nconst ciphertext = await setup.encrypt(Buffer.from('hello world'), 'aes256')\nconst derive = await mfkdf.derive.key(setup.policy, {\n  uuid1: mfkdf.derive.factors.uuid('9b1deb4d-3b7d-4bad-9bdd-2b0d7b3dcb6d')\n})\nconst plaintext = await derive.decrypt(ciphertext, 'aes256')\nplaintext.toString().should.equal('hello world')",
              "err": {},
              "uuid": "e5029e29-13a6-4997-978b-688d76fe4204",
              "parentUUID": "ce858164-76af-4e50-8748-c5c33beba4a0",
              "isHook": false,
              "skipped": false
            },
            {
              "title": "AES192-CBC",
              "fullTitle": "encrypt AES192-CBC",
              "timedOut": false,
              "duration": 224,
              "state": "passed",
              "speed": "slow",
              "pass": true,
              "fail": false,
              "pending": false,
              "context": null,
              "code": "const setup = await mfkdf.setup.key([\n  await mfkdf.setup.factors.uuid({ id: 'uuid1', uuid: '9b1deb4d-3b7d-4bad-9bdd-2b0d7b3dcb6d' })\n])\nconst ciphertext = await setup.encrypt('hello world', 'aes192')\nconst derive = await mfkdf.derive.key(setup.policy, {\n  uuid1: mfkdf.derive.factors.uuid('9b1deb4d-3b7d-4bad-9bdd-2b0d7b3dcb6d')\n})\nconst plaintext = await derive.decrypt(ciphertext, 'aes192')\nplaintext.toString().should.equal('hello world')",
              "err": {},
              "uuid": "1170230b-bc2d-42e8-b116-c3462ec359f8",
              "parentUUID": "ce858164-76af-4e50-8748-c5c33beba4a0",
              "isHook": false,
              "skipped": false
            },
            {
              "title": "AES128-CBC",
              "fullTitle": "encrypt AES128-CBC",
              "timedOut": false,
              "duration": 218,
              "state": "passed",
              "speed": "slow",
              "pass": true,
              "fail": false,
              "pending": false,
              "context": null,
              "code": "const setup = await mfkdf.setup.key([\n  await mfkdf.setup.factors.uuid({ id: 'uuid1', uuid: '9b1deb4d-3b7d-4bad-9bdd-2b0d7b3dcb6d' })\n])\nconst ciphertext = await setup.encrypt('hello world', 'aes128')\nconst derive = await mfkdf.derive.key(setup.policy, {\n  uuid1: mfkdf.derive.factors.uuid('9b1deb4d-3b7d-4bad-9bdd-2b0d7b3dcb6d')\n})\nconst plaintext = await derive.decrypt(ciphertext, 'aes128')\nplaintext.toString().should.equal('hello world')",
              "err": {},
              "uuid": "4cb961bd-add3-4890-84a8-2b5f38dd1d4b",
              "parentUUID": "ce858164-76af-4e50-8748-c5c33beba4a0",
              "isHook": false,
              "skipped": false
            },
            {
              "title": "3DES-CBC",
              "fullTitle": "encrypt 3DES-CBC",
              "timedOut": false,
              "duration": 219,
              "state": "passed",
              "speed": "slow",
              "pass": true,
              "fail": false,
              "pending": false,
              "context": null,
              "code": "const setup = await mfkdf.setup.key([\n  await mfkdf.setup.factors.uuid({ id: 'uuid1', uuid: '9b1deb4d-3b7d-4bad-9bdd-2b0d7b3dcb6d' })\n])\nconst ciphertext = await setup.encrypt('hello world', '3des')\nconst derive = await mfkdf.derive.key(setup.policy, {\n  uuid1: mfkdf.derive.factors.uuid('9b1deb4d-3b7d-4bad-9bdd-2b0d7b3dcb6d')\n})\nconst plaintext = await derive.decrypt(ciphertext, '3des')\nplaintext.toString().should.equal('hello world')",
              "err": {},
              "uuid": "19549e9b-5bb6-4ee4-b349-972e8b92ab42",
              "parentUUID": "ce858164-76af-4e50-8748-c5c33beba4a0",
              "isHook": false,
              "skipped": false
            },
            {
              "title": "DES-CBC",
              "fullTitle": "encrypt DES-CBC",
              "timedOut": false,
              "duration": 237,
              "state": "passed",
              "speed": "slow",
              "pass": true,
              "fail": false,
              "pending": false,
              "context": null,
              "code": "const setup = await mfkdf.setup.key([\n  await mfkdf.setup.factors.uuid({ id: 'uuid1', uuid: '9b1deb4d-3b7d-4bad-9bdd-2b0d7b3dcb6d' })\n])\nconst ciphertext = await setup.encrypt('hello world', 'des')\nconst derive = await mfkdf.derive.key(setup.policy, {\n  uuid1: mfkdf.derive.factors.uuid('9b1deb4d-3b7d-4bad-9bdd-2b0d7b3dcb6d')\n})\nconst plaintext = await derive.decrypt(ciphertext, 'des')\nplaintext.toString().should.equal('hello world')",
              "err": {},
              "uuid": "9da1fdd1-4b96-46fb-bc9a-5e6cbedba538",
              "parentUUID": "ce858164-76af-4e50-8748-c5c33beba4a0",
              "isHook": false,
              "skipped": false
            },
            {
              "title": "AES256-ECB",
              "fullTitle": "encrypt AES256-ECB",
              "timedOut": false,
              "duration": 218,
              "state": "passed",
              "speed": "slow",
              "pass": true,
              "fail": false,
              "pending": false,
              "context": null,
              "code": "const setup = await mfkdf.setup.key([\n  await mfkdf.setup.factors.uuid({ id: 'uuid1', uuid: '9b1deb4d-3b7d-4bad-9bdd-2b0d7b3dcb6d' })\n])\nconst ciphertext = await setup.encrypt(Buffer.from('hello world'), 'aes256', 'ECB')\nconst derive = await mfkdf.derive.key(setup.policy, {\n  uuid1: mfkdf.derive.factors.uuid('9b1deb4d-3b7d-4bad-9bdd-2b0d7b3dcb6d')\n})\nconst plaintext = await derive.decrypt(ciphertext, 'aes256', 'ECB')\nplaintext.toString().should.equal('hello world')",
              "err": {},
              "uuid": "2720f412-2839-4882-824f-31a292b074cd",
              "parentUUID": "ce858164-76af-4e50-8748-c5c33beba4a0",
              "isHook": false,
              "skipped": false
            },
            {
              "title": "AES192-ECB",
              "fullTitle": "encrypt AES192-ECB",
              "timedOut": false,
              "duration": 216,
              "state": "passed",
              "speed": "slow",
              "pass": true,
              "fail": false,
              "pending": false,
              "context": null,
              "code": "const setup = await mfkdf.setup.key([\n  await mfkdf.setup.factors.uuid({ id: 'uuid1', uuid: '9b1deb4d-3b7d-4bad-9bdd-2b0d7b3dcb6d' })\n])\nconst ciphertext = await setup.encrypt('hello world', 'aes192', 'ECB')\nconst derive = await mfkdf.derive.key(setup.policy, {\n  uuid1: mfkdf.derive.factors.uuid('9b1deb4d-3b7d-4bad-9bdd-2b0d7b3dcb6d')\n})\nconst plaintext = await derive.decrypt(ciphertext, 'aes192', 'ECB')\nplaintext.toString().should.equal('hello world')",
              "err": {},
              "uuid": "0f60cb67-b42c-43a4-805c-330aa2502f1d",
              "parentUUID": "ce858164-76af-4e50-8748-c5c33beba4a0",
              "isHook": false,
              "skipped": false
            },
            {
              "title": "AES128-ECB",
              "fullTitle": "encrypt AES128-ECB",
              "timedOut": false,
              "duration": 218,
              "state": "passed",
              "speed": "slow",
              "pass": true,
              "fail": false,
              "pending": false,
              "context": null,
              "code": "const setup = await mfkdf.setup.key([\n  await mfkdf.setup.factors.uuid({ id: 'uuid1', uuid: '9b1deb4d-3b7d-4bad-9bdd-2b0d7b3dcb6d' })\n])\nconst ciphertext = await setup.encrypt('hello world', 'aes128', 'ECB')\nconst derive = await mfkdf.derive.key(setup.policy, {\n  uuid1: mfkdf.derive.factors.uuid('9b1deb4d-3b7d-4bad-9bdd-2b0d7b3dcb6d')\n})\nconst plaintext = await derive.decrypt(ciphertext, 'aes128', 'ECB')\nplaintext.toString().should.equal('hello world')",
              "err": {},
              "uuid": "c540c0f9-509e-43fb-b9fd-ff3d996506a1",
              "parentUUID": "ce858164-76af-4e50-8748-c5c33beba4a0",
              "isHook": false,
              "skipped": false
            },
            {
              "title": "3DES-ECB",
              "fullTitle": "encrypt 3DES-ECB",
              "timedOut": false,
              "duration": 218,
              "state": "passed",
              "speed": "slow",
              "pass": true,
              "fail": false,
              "pending": false,
              "context": null,
              "code": "const setup = await mfkdf.setup.key([\n  await mfkdf.setup.factors.uuid({ id: 'uuid1', uuid: '9b1deb4d-3b7d-4bad-9bdd-2b0d7b3dcb6d' })\n])\nconst ciphertext = await setup.encrypt('hello world', '3des', 'ECB')\nconst derive = await mfkdf.derive.key(setup.policy, {\n  uuid1: mfkdf.derive.factors.uuid('9b1deb4d-3b7d-4bad-9bdd-2b0d7b3dcb6d')\n})\nconst plaintext = await derive.decrypt(ciphertext, '3des', 'ECB')\nplaintext.toString().should.equal('hello world')",
              "err": {},
              "uuid": "96f94819-f251-4c81-be47-777d5a6ac006",
              "parentUUID": "ce858164-76af-4e50-8748-c5c33beba4a0",
              "isHook": false,
              "skipped": false
            },
            {
              "title": "DES-ECB",
              "fullTitle": "encrypt DES-ECB",
              "timedOut": false,
              "duration": 220,
              "state": "passed",
              "speed": "slow",
              "pass": true,
              "fail": false,
              "pending": false,
              "context": null,
              "code": "const setup = await mfkdf.setup.key([\n  await mfkdf.setup.factors.uuid({ id: 'uuid1', uuid: '9b1deb4d-3b7d-4bad-9bdd-2b0d7b3dcb6d' })\n])\nconst ciphertext = await setup.encrypt('hello world', 'des', 'ECB')\nconst derive = await mfkdf.derive.key(setup.policy, {\n  uuid1: mfkdf.derive.factors.uuid('9b1deb4d-3b7d-4bad-9bdd-2b0d7b3dcb6d')\n})\nconst plaintext = await derive.decrypt(ciphertext, 'des', 'ECB')\nplaintext.toString().should.equal('hello world')",
              "err": {},
              "uuid": "8662ddae-e21a-4113-85e9-e87f1ab123f2",
              "parentUUID": "ce858164-76af-4e50-8748-c5c33beba4a0",
              "isHook": false,
              "skipped": false
            }
          ],
          "suites": [
            {
              "uuid": "d69e8d14-7e2f-4fa2-abfd-ff0cd7e72f86",
              "title": "utils",
              "fullFile": "C:\\xampp\\htdocs\\Multifactor\\MFKDF\\test\\crypto\\symmetric.js",
              "file": "\\test\\crypto\\symmetric.js",
              "beforeHooks": [],
              "afterHooks": [],
              "tests": [
                {
                  "title": "subkey",
                  "fullTitle": "encrypt utils subkey",
                  "timedOut": false,
                  "duration": 104,
                  "state": "passed",
                  "speed": "slow",
                  "pass": true,
                  "fail": false,
                  "pending": false,
                  "context": null,
                  "code": "const setup = await mfkdf.setup.key([\n  await mfkdf.setup.factors.uuid({ id: 'uuid1', uuid: '9b1deb4d-3b7d-4bad-9bdd-2b0d7b3dcb6d' })\n])\nconst key1 = await setup.getSubkey(32, 'AES256', 'sha256')\nconst key2 = await setup.getSymmetricKey('aes256')\nkey1.toString('hex').should.equal(key2.toString('hex'))\nconst key3 = await setup.getSubkey()\nconst key4 = await setup.getSubkey(32, '', 'sha512')\nkey3.toString('hex').should.equal(key4.toString('hex'))",
                  "err": {},
                  "uuid": "92f164f2-29be-4304-96d8-5641affff239",
                  "parentUUID": "d69e8d14-7e2f-4fa2-abfd-ff0cd7e72f86",
                  "isHook": false,
                  "skipped": false
                },
                {
                  "title": "symmetric key",
                  "fullTitle": "encrypt utils symmetric key",
                  "timedOut": false,
                  "duration": 104,
                  "state": "passed",
                  "speed": "slow",
                  "pass": true,
                  "fail": false,
                  "pending": false,
                  "context": null,
                  "code": "const setup = await mfkdf.setup.key([\n  await mfkdf.setup.factors.uuid({ id: 'uuid1', uuid: '9b1deb4d-3b7d-4bad-9bdd-2b0d7b3dcb6d' })\n])\nconst key1 = await setup.getSymmetricKey()\nconst key2 = await setup.getSymmetricKey('aes256')\nkey1.toString('hex').should.equal(key2.toString('hex'))",
                  "err": {},
                  "uuid": "657c5445-8123-48ea-b8cc-ee978d7148d4",
                  "parentUUID": "d69e8d14-7e2f-4fa2-abfd-ff0cd7e72f86",
                  "isHook": false,
                  "skipped": false
                }
              ],
              "suites": [],
              "passes": [
                "92f164f2-29be-4304-96d8-5641affff239",
                "657c5445-8123-48ea-b8cc-ee978d7148d4"
              ],
              "failures": [],
              "pending": [],
              "skipped": [],
              "duration": 208,
              "root": false,
              "rootEmpty": false,
              "_timeout": 5000
            },
            {
              "uuid": "a0e5dbac-a92c-4c18-808f-950b626fa468",
              "title": "errors",
              "fullFile": "C:\\xampp\\htdocs\\Multifactor\\MFKDF\\test\\crypto\\symmetric.js",
              "file": "\\test\\crypto\\symmetric.js",
              "beforeHooks": [],
              "afterHooks": [],
              "tests": [
                {
                  "title": "invalid key",
                  "fullTitle": "encrypt errors invalid key",
                  "timedOut": false,
                  "duration": 104,
                  "state": "passed",
                  "speed": "slow",
                  "pass": true,
                  "fail": false,
                  "pending": false,
                  "context": null,
                  "code": "const setup = await mfkdf.setup.key([\n  await mfkdf.setup.factors.uuid({ id: 'uuid1', uuid: '9b1deb4d-3b7d-4bad-9bdd-2b0d7b3dcb6d' })\n])\nsetup.encrypt('hello world', 'unknown').should.be.rejectedWith(RangeError)",
                  "err": {},
                  "uuid": "c499cf2a-b219-43a1-9d8c-dc3e4505ffc3",
                  "parentUUID": "a0e5dbac-a92c-4c18-808f-950b626fa468",
                  "isHook": false,
                  "skipped": false
                },
                {
                  "title": "invalid message",
                  "fullTitle": "encrypt errors invalid message",
                  "timedOut": false,
                  "duration": 104,
                  "state": "passed",
                  "speed": "slow",
                  "pass": true,
                  "fail": false,
                  "pending": false,
                  "context": null,
                  "code": "const setup = await mfkdf.setup.key([\n  await mfkdf.setup.factors.uuid({ id: 'uuid1', uuid: '9b1deb4d-3b7d-4bad-9bdd-2b0d7b3dcb6d' })\n])\nsetup.encrypt(12345, 'unknown').should.be.rejectedWith(TypeError)",
                  "err": {},
                  "uuid": "2c2c8927-daaa-46a5-85a5-85409044b1bb",
                  "parentUUID": "a0e5dbac-a92c-4c18-808f-950b626fa468",
                  "isHook": false,
                  "skipped": false
                },
                {
                  "title": "invalid ciphertext",
                  "fullTitle": "encrypt errors invalid ciphertext",
                  "timedOut": false,
                  "duration": 103,
                  "state": "passed",
                  "speed": "slow",
                  "pass": true,
                  "fail": false,
                  "pending": false,
                  "context": null,
                  "code": "const setup = await mfkdf.setup.key([\n  await mfkdf.setup.factors.uuid({ id: 'uuid1', uuid: '9b1deb4d-3b7d-4bad-9bdd-2b0d7b3dcb6d' })\n])\nsetup.decrypt(12345, 'unknown').should.be.rejectedWith(TypeError)",
                  "err": {},
                  "uuid": "59c39c26-129f-404c-af73-3343b0cdeb89",
                  "parentUUID": "a0e5dbac-a92c-4c18-808f-950b626fa468",
                  "isHook": false,
                  "skipped": false
                }
              ],
              "suites": [],
              "passes": [
                "c499cf2a-b219-43a1-9d8c-dc3e4505ffc3",
                "2c2c8927-daaa-46a5-85a5-85409044b1bb",
                "59c39c26-129f-404c-af73-3343b0cdeb89"
              ],
              "failures": [],
              "pending": [],
              "skipped": [],
              "duration": 311,
              "root": false,
              "rootEmpty": false,
              "_timeout": 5000
            }
          ],
          "passes": [
            "80f90d6c-e1a2-4a1d-9b63-a079a8873e04",
            "e5029e29-13a6-4997-978b-688d76fe4204",
            "1170230b-bc2d-42e8-b116-c3462ec359f8",
            "4cb961bd-add3-4890-84a8-2b5f38dd1d4b",
            "19549e9b-5bb6-4ee4-b349-972e8b92ab42",
            "9da1fdd1-4b96-46fb-bc9a-5e6cbedba538",
            "2720f412-2839-4882-824f-31a292b074cd",
            "0f60cb67-b42c-43a4-805c-330aa2502f1d",
            "c540c0f9-509e-43fb-b9fd-ff3d996506a1",
            "96f94819-f251-4c81-be47-777d5a6ac006",
            "8662ddae-e21a-4113-85e9-e87f1ab123f2"
          ],
          "failures": [],
          "pending": [],
          "skipped": [],
          "duration": 2463,
          "root": false,
          "rootEmpty": false,
          "_timeout": 5000
        },
        {
          "uuid": "175f9ca3-11fd-431d-a2ab-330a6a9e393c",
          "title": "derive/factors/password",
          "fullFile": "C:\\xampp\\htdocs\\Multifactor\\MFKDF\\test\\derive\\factors\\password.js",
          "file": "\\test\\derive\\factors\\password.js",
          "beforeHooks": [],
          "afterHooks": [],
          "tests": [
            {
              "title": "invalid/type",
              "fullTitle": "derive/factors/password invalid/type",
              "timedOut": false,
              "duration": 1,
              "state": "passed",
              "speed": "slow",
              "pass": true,
              "fail": false,
              "pending": false,
              "context": null,
              "code": "(() => {\n  mfkdf.derive.factors.password(12345)\n}).should.throw(TypeError)",
              "err": {},
              "uuid": "e534a598-82c4-40e2-828e-a1b6741eee22",
              "parentUUID": "175f9ca3-11fd-431d-a2ab-330a6a9e393c",
              "isHook": false,
              "skipped": false
            },
            {
              "title": "invalid/range",
              "fullTitle": "derive/factors/password invalid/range",
              "timedOut": false,
              "duration": 0,
              "state": "passed",
              "speed": "fast",
              "pass": true,
              "fail": false,
              "pending": false,
              "context": null,
              "code": "(() => {\n  mfkdf.derive.factors.password('')\n}).should.throw(RangeError)",
              "err": {},
              "uuid": "25621364-14d4-4470-80f3-29e547911f5f",
              "parentUUID": "175f9ca3-11fd-431d-a2ab-330a6a9e393c",
              "isHook": false,
              "skipped": false
            }
          ],
          "suites": [],
          "passes": [
            "e534a598-82c4-40e2-828e-a1b6741eee22",
            "25621364-14d4-4470-80f3-29e547911f5f"
          ],
          "failures": [],
          "pending": [],
          "skipped": [],
          "duration": 1,
          "root": false,
          "rootEmpty": false,
          "_timeout": 5000
        },
        {
          "uuid": "89f82d31-337d-4c48-8e76-b7dd2a319aae",
          "title": "derive/factors/uuid",
          "fullFile": "C:\\xampp\\htdocs\\Multifactor\\MFKDF\\test\\derive\\factors\\uuid.js",
          "file": "\\test\\derive\\factors\\uuid.js",
          "beforeHooks": [],
          "afterHooks": [],
          "tests": [
            {
              "title": "invalid/type",
              "fullTitle": "derive/factors/uuid invalid/type",
              "timedOut": false,
              "duration": 0,
              "state": "passed",
              "speed": "fast",
              "pass": true,
              "fail": false,
              "pending": false,
              "context": null,
              "code": "(() => {\n  mfkdf.derive.factors.uuid(12345)\n}).should.throw(TypeError)",
              "err": {},
              "uuid": "63abecf8-bf21-498e-acd6-b0cc9e8c0cb6",
              "parentUUID": "89f82d31-337d-4c48-8e76-b7dd2a319aae",
              "isHook": false,
              "skipped": false
            },
            {
              "title": "invalid/range",
              "fullTitle": "derive/factors/uuid invalid/range",
              "timedOut": false,
              "duration": 0,
              "state": "passed",
              "speed": "fast",
              "pass": true,
              "fail": false,
              "pending": false,
              "context": null,
              "code": "(() => {\n  mfkdf.derive.factors.uuid('')\n}).should.throw(TypeError)",
              "err": {},
              "uuid": "e75d3587-25d5-4837-aa8d-a9318b06ed97",
              "parentUUID": "89f82d31-337d-4c48-8e76-b7dd2a319aae",
              "isHook": false,
              "skipped": false
            }
          ],
          "suites": [],
          "passes": [
            "63abecf8-bf21-498e-acd6-b0cc9e8c0cb6",
            "e75d3587-25d5-4837-aa8d-a9318b06ed97"
          ],
          "failures": [],
          "pending": [],
          "skipped": [],
          "duration": 0,
          "root": false,
          "rootEmpty": false,
          "_timeout": 5000
        },
        {
          "uuid": "78c736a1-d0d7-4d93-93b2-cb3c57a1a44a",
          "title": "derive/key",
          "fullFile": "C:\\xampp\\htdocs\\Multifactor\\MFKDF\\test\\derive\\key.js",
          "file": "\\test\\derive\\key.js",
          "beforeHooks": [],
          "afterHooks": [],
          "tests": [
            {
              "title": "correct",
              "fullTitle": "derive/key correct",
              "timedOut": false,
              "duration": 574,
              "state": "passed",
              "speed": "slow",
              "pass": true,
              "fail": false,
              "pending": false,
              "context": null,
              "code": "const setup = await mfkdf.setup.key([\n  await mfkdf.setup.factors.password('password1', { id: 'password1' }),\n  await mfkdf.setup.factors.password('password2', { id: 'password2' }),\n  await mfkdf.setup.factors.password('password3', { id: 'password3' })\n], { threshold: 2 })\nconst derive1 = await mfkdf.derive.key(setup.policy, {\n  password1: mfkdf.derive.factors.password('password1'),\n  password2: mfkdf.derive.factors.password('password2')\n})\nconst derive2 = await mfkdf.derive.key(setup.policy, {\n  password2: mfkdf.derive.factors.password('password2'),\n  password3: mfkdf.derive.factors.password('password3')\n})\nconst derive3 = await mfkdf.derive.key(setup.policy, {\n  password1: mfkdf.derive.factors.password('password1'),\n  password3: mfkdf.derive.factors.password('password3')\n})\nconst derive4 = await mfkdf.derive.key(setup.policy, {\n  password1: mfkdf.derive.factors.password('password1'),\n  password2: mfkdf.derive.factors.password('password2'),\n  password3: mfkdf.derive.factors.password('password3')\n})\nsetup.key.toString('hex').should.equal(derive1.key.toString('hex'))\nsetup.key.toString('hex').should.equal(derive2.key.toString('hex'))\nsetup.key.toString('hex').should.equal(derive3.key.toString('hex'))\nsetup.key.toString('hex').should.equal(derive4.key.toString('hex'))\nJSON.stringify(setup.policy).should.equal(JSON.stringify(derive1.policy))\nJSON.stringify(setup.policy).should.equal(JSON.stringify(derive2.policy))\nJSON.stringify(setup.policy).should.equal(JSON.stringify(derive3.policy))\nJSON.stringify(setup.policy).should.equal(JSON.stringify(derive4.policy))",
              "err": {},
              "uuid": "701bd9b9-cf73-41ce-99a5-9cf3a882c111",
              "parentUUID": "78c736a1-d0d7-4d93-93b2-cb3c57a1a44a",
              "isHook": false,
              "skipped": false
            },
            {
              "title": "incorrect",
              "fullTitle": "derive/key incorrect",
              "timedOut": false,
              "duration": 567,
              "state": "passed",
              "speed": "slow",
              "pass": true,
              "fail": false,
              "pending": false,
              "context": null,
              "code": "const setup = await mfkdf.setup.key([\n  await mfkdf.setup.factors.password('password1', { id: 'password1' }),\n  await mfkdf.setup.factors.password('password2', { id: 'password2' }),\n  await mfkdf.setup.factors.password('password3', { id: 'password3' })\n], { threshold: 2 })\nconst derive1 = await mfkdf.derive.key(setup.policy, {\n  password1: mfkdf.derive.factors.password('password1'),\n  password2: mfkdf.derive.factors.password('wrongpassword2')\n})\nconst derive2 = await mfkdf.derive.key(setup.policy, {\n  password2: mfkdf.derive.factors.password('wrongpassword2'),\n  password3: mfkdf.derive.factors.password('wrongpassword3')\n})\nconst derive3 = await mfkdf.derive.key(setup.policy, {\n  password1: mfkdf.derive.factors.password('password1'),\n  password3: mfkdf.derive.factors.password('password2')\n})\nconst derive4 = await mfkdf.derive.key(setup.policy, {\n  password1: mfkdf.derive.factors.password('password1'),\n  password2: mfkdf.derive.factors.password('password2'),\n  password3: mfkdf.derive.factors.password('password4')\n})\nsetup.key.toString('hex').should.not.equal(derive1.key.toString('hex'))\nsetup.key.toString('hex').should.not.equal(derive2.key.toString('hex'))\nsetup.key.toString('hex').should.not.equal(derive3.key.toString('hex'))\nsetup.key.toString('hex').should.not.equal(derive4.key.toString('hex'))",
              "err": {},
              "uuid": "0a9a16f1-1f1f-4b7f-b4de-728d809725c7",
              "parentUUID": "78c736a1-d0d7-4d93-93b2-cb3c57a1a44a",
              "isHook": false,
              "skipped": false
            },
            {
              "title": "mismatch",
              "fullTitle": "derive/key mismatch",
              "timedOut": false,
              "duration": 111,
              "state": "passed",
              "speed": "slow",
              "pass": true,
              "fail": false,
              "pending": false,
              "context": null,
              "code": "const setup = await mfkdf.setup.key([\n  await mfkdf.setup.factors.password('password', { id: 'password' })\n])\nmfkdf.derive.key(setup.policy, {\n  password: mfkdf.derive.factors.uuid('9b1deb4d-3b7d-4bad-9bdd-2b0d7b3dcb6d')\n}).should.be.rejectedWith(TypeError)",
              "err": {},
              "uuid": "64c92374-d77e-4a18-a6eb-014c374f640d",
              "parentUUID": "78c736a1-d0d7-4d93-93b2-cb3c57a1a44a",
              "isHook": false,
              "skipped": false
            }
          ],
          "suites": [
            {
              "uuid": "f0e1b189-b1bf-4c26-b56a-f83bb07376e3",
              "title": "shares",
              "fullFile": "C:\\xampp\\htdocs\\Multifactor\\MFKDF\\test\\derive\\key.js",
              "file": "\\test\\derive\\key.js",
              "beforeHooks": [],
              "afterHooks": [],
              "tests": [
                {
                  "title": "valid",
                  "fullTitle": "derive/key shares valid",
                  "timedOut": false,
                  "duration": 445,
                  "state": "passed",
                  "speed": "slow",
                  "pass": true,
                  "fail": false,
                  "pending": false,
                  "context": null,
                  "code": "const setup = await mfkdf.setup.key([\n  await mfkdf.setup.factors.password('password1', { id: 'password1' }),\n  await mfkdf.setup.factors.password('password2', { id: 'password2' }),\n  await mfkdf.setup.factors.password('password3', { id: 'password3' })\n], { threshold: 2 })\nconst derive1 = await mfkdf.derive.key(setup.policy, {\n  password1: mfkdf.derive.factors.password('password1'),\n  password2: mfkdf.derive.factors.password('password2')\n})\nconst derive2 = await mfkdf.derive.key(derive1.policy, {\n  password2: mfkdf.derive.factors.password('password2'),\n  password3: mfkdf.derive.factors.password('password3')\n})\nconst derive3 = await mfkdf.derive.key(derive2.policy, {\n  password1: mfkdf.derive.factors.password('password1'),\n  password3: mfkdf.derive.factors.password('password3')\n})\nderive1.shares.should.deep.equal(setup.shares)\nderive2.shares.should.deep.equal(setup.shares)\nderive3.shares.should.deep.equal(setup.shares)",
                  "err": {},
                  "uuid": "9cf27775-e960-4012-8b49-ca0271c035f0",
                  "parentUUID": "f0e1b189-b1bf-4c26-b56a-f83bb07376e3",
                  "isHook": false,
                  "skipped": false
                }
              ],
              "suites": [],
              "passes": [
                "9cf27775-e960-4012-8b49-ca0271c035f0"
              ],
              "failures": [],
              "pending": [],
              "skipped": [],
              "duration": 445,
              "root": false,
              "rootEmpty": false,
              "_timeout": 5000
            },
            {
              "uuid": "72b25087-b49a-4ca3-8f41-94ace50072d6",
              "title": "invalid",
              "fullFile": "C:\\xampp\\htdocs\\Multifactor\\MFKDF\\test\\derive\\key.js",
              "file": "\\test\\derive\\key.js",
              "beforeHooks": [],
              "afterHooks": [],
              "tests": [
                {
                  "title": "schema",
                  "fullTitle": "derive/key invalid schema",
                  "timedOut": false,
                  "duration": 112,
                  "state": "passed",
                  "speed": "slow",
                  "pass": true,
                  "fail": false,
                  "pending": false,
                  "context": null,
                  "code": "const setup = await mfkdf.setup.key([\n  await mfkdf.setup.factors.password('password1', { id: 'password1' })\n])\ndelete setup.policy.$id\nmfkdf.derive.key(setup.policy, {\n  password1: mfkdf.derive.factors.password('password1')\n}).should.be.rejectedWith(TypeError)",
                  "err": {},
                  "uuid": "09386307-d29e-4783-9168-32851f25a90d",
                  "parentUUID": "72b25087-b49a-4ca3-8f41-94ace50072d6",
                  "isHook": false,
                  "skipped": false
                },
                {
                  "title": "factors",
                  "fullTitle": "derive/key invalid factors",
                  "timedOut": false,
                  "duration": 115,
                  "state": "passed",
                  "speed": "slow",
                  "pass": true,
                  "fail": false,
                  "pending": false,
                  "context": null,
                  "code": "const setup = await mfkdf.setup.key([\n  await mfkdf.setup.factors.password('password1', { id: 'password1' }),\n  await mfkdf.setup.factors.password('password2', { id: 'password2' }),\n  await mfkdf.setup.factors.password('password3', { id: 'password3' })\n], { threshold: 2 })\nmfkdf.derive.key(setup.policy, {\n  password1: mfkdf.derive.factors.password('password1')\n}).should.be.rejectedWith(RangeError)",
                  "err": {},
                  "uuid": "672bab43-9812-4c8f-8498-6c0dcfc822fe",
                  "parentUUID": "72b25087-b49a-4ca3-8f41-94ace50072d6",
                  "isHook": false,
                  "skipped": false
                }
              ],
              "suites": [],
              "passes": [
                "09386307-d29e-4783-9168-32851f25a90d",
                "672bab43-9812-4c8f-8498-6c0dcfc822fe"
              ],
              "failures": [],
              "pending": [],
              "skipped": [],
              "duration": 227,
              "root": false,
              "rootEmpty": false,
              "_timeout": 5000
            }
          ],
          "passes": [
            "701bd9b9-cf73-41ce-99a5-9cf3a882c111",
            "0a9a16f1-1f1f-4b7f-b4de-728d809725c7",
            "64c92374-d77e-4a18-a6eb-014c374f640d"
          ],
          "failures": [],
          "pending": [],
          "skipped": [],
          "duration": 1252,
          "root": false,
          "rootEmpty": false,
          "_timeout": 5000
        },
        {
          "uuid": "5efcd5fe-5344-4a7b-94c8-4df5a8cf26f4",
          "title": "derive/outputs",
          "fullFile": "C:\\xampp\\htdocs\\Multifactor\\MFKDF\\test\\derive\\outputs.js",
          "file": "\\test\\derive\\outputs.js",
          "beforeHooks": [],
          "afterHooks": [],
          "tests": [
            {
              "title": "stack",
              "fullTitle": "derive/outputs stack",
              "timedOut": false,
              "duration": 226,
              "state": "passed",
              "speed": "slow",
              "pass": true,
              "fail": false,
              "pending": false,
              "context": null,
              "code": "const setup = await mfkdf.setup.key([\n  await mfkdf.setup.factors.stack([\n    await mfkdf.setup.factors.uuid({ id: 'uuid1', uuid: '9b1deb4d-3b7d-4bad-9bdd-2b0d7b3dcb6d' }),\n    await mfkdf.setup.factors.uuid({ id: 'uuid2', uuid: '1b9d6bcd-bbfd-4b2d-9b5d-ab8dfbbd4bed' })\n  ]),\n  await mfkdf.setup.factors.uuid({ id: 'uuid3', uuid: '6ec0bd7f-11c0-43da-975e-2a8ad9ebae0b' })\n], { size: 8 })\ndelete setup.outputs.stack.entropyBits\nconst derive = await mfkdf.derive.key(setup.policy, {\n  stack: mfkdf.derive.factors.stack({\n    uuid1: mfkdf.derive.factors.uuid('9b1deb4d-3b7d-4bad-9bdd-2b0d7b3dcb6d'),\n    uuid2: mfkdf.derive.factors.uuid('1b9d6bcd-bbfd-4b2d-9b5d-ab8dfbbd4bed')\n  }),\n  uuid3: mfkdf.derive.factors.uuid('6ec0bd7f-11c0-43da-975e-2a8ad9ebae0b')\n})\nsetup.outputs.should.deep.equal(derive.outputs)",
              "err": {},
              "uuid": "d57fcb5f-2844-4b0c-b7fe-b384423138d2",
              "parentUUID": "5efcd5fe-5344-4a7b-94c8-4df5a8cf26f4",
              "isHook": false,
              "skipped": false
            },
            {
              "title": "hmacsha1",
              "fullTitle": "derive/outputs hmacsha1",
              "timedOut": false,
              "duration": 214,
              "state": "passed",
              "speed": "slow",
              "pass": true,
              "fail": false,
              "pending": false,
              "context": null,
              "code": "const setup = await mfkdf.setup.key([\n  await mfkdf.setup.factors.hmacsha1()\n], { size: 8 })\nconst secret = setup.outputs.hmacsha1.secret\nconst challenge = Buffer.from(setup.policy.factors[0].params.challenge, 'hex')\nconst response = crypto.createHmac('sha1', secret).update(challenge).digest()\nconst derive = await mfkdf.derive.key(setup.policy, {\n  hmacsha1: mfkdf.derive.factors.hmacsha1(response)\n})\nsetup.outputs.should.deep.equal(derive.outputs)",
              "err": {},
              "uuid": "947005c5-5858-44e3-b5f9-c4734fea545e",
              "parentUUID": "5efcd5fe-5344-4a7b-94c8-4df5a8cf26f4",
              "isHook": false,
              "skipped": false
            },
            {
              "title": "uuid",
              "fullTitle": "derive/outputs uuid",
              "timedOut": false,
              "duration": 214,
              "state": "passed",
              "speed": "slow",
              "pass": true,
              "fail": false,
              "pending": false,
              "context": null,
              "code": "const setup = await mfkdf.setup.key([\n  await mfkdf.setup.factors.uuid({ uuid: '9b1deb4d-3b7d-4bad-9bdd-2b0d7b3dcb6d' })\n], { size: 8 })\nconst derive = await mfkdf.derive.key(setup.policy, {\n  uuid: mfkdf.derive.factors.uuid('9b1deb4d-3b7d-4bad-9bdd-2b0d7b3dcb6d')\n})\nsetup.outputs.should.deep.equal(derive.outputs)",
              "err": {},
              "uuid": "d2eb2125-c16e-492c-b8c0-8be9d6f52403",
              "parentUUID": "5efcd5fe-5344-4a7b-94c8-4df5a8cf26f4",
              "isHook": false,
              "skipped": false
            },
            {
              "title": "question",
              "fullTitle": "derive/outputs question",
              "timedOut": false,
              "duration": 211,
              "state": "passed",
              "speed": "slow",
              "pass": true,
              "fail": false,
              "pending": false,
              "context": null,
              "code": "const setup = await mfkdf.setup.key([\n  await mfkdf.setup.factors.question('Fido')\n], { size: 8 })\nconst derive = await mfkdf.derive.key(setup.policy, {\n  question: mfkdf.derive.factors.question('Fido')\n})\nsetup.outputs.question.strength.calc_time = null\nderive.outputs.question.strength.calc_time = null\nsetup.outputs.should.deep.equal(derive.outputs)",
              "err": {},
              "uuid": "b1cda848-9191-4cdf-a559-932384b24798",
              "parentUUID": "5efcd5fe-5344-4a7b-94c8-4df5a8cf26f4",
              "isHook": false,
              "skipped": false
            },
            {
              "title": "ooba",
              "fullTitle": "derive/outputs ooba",
              "timedOut": false,
              "duration": 229,
              "state": "passed",
              "speed": "slow",
              "pass": true,
              "fail": false,
              "pending": false,
              "context": null,
              "code": "const keyPair = await crypto.webcrypto.subtle.generateKey({ hash: 'SHA-256', modulusLength: 2048, name: 'RSA-OAEP', publicExponent: new Uint8Array([1, 0, 1]) }, true, ['encrypt', 'decrypt'])\nconst setup = await mfkdf.setup.key([\n  await mfkdf.setup.factors.ooba({\n    key: keyPair.publicKey, params: { email: 'test@mfkdf.com' }\n  })\n])\nconst next = setup.policy.factors[0].params.next\nconst decrypted = await crypto.webcrypto.subtle.decrypt({ name: 'RSA-OAEP' }, keyPair.privateKey, Buffer.from(next, 'hex'))\nconst code = JSON.parse(Buffer.from(decrypted).toString()).code\nconst derive = await mfkdf.derive.key(setup.policy, {\n  ooba: mfkdf.derive.factors.ooba(code)\n})\nsetup.outputs.should.deep.equal(derive.outputs)",
              "err": {},
              "uuid": "1dabaa6d-ddb2-4870-b955-3370b5790ce2",
              "parentUUID": "5efcd5fe-5344-4a7b-94c8-4df5a8cf26f4",
              "isHook": false,
              "skipped": false
            },
            {
              "title": "password",
              "fullTitle": "derive/outputs password",
              "timedOut": false,
              "duration": 213,
              "state": "passed",
              "speed": "slow",
              "pass": true,
              "fail": false,
              "pending": false,
              "context": null,
              "code": "const setup = await mfkdf.setup.key([\n  await mfkdf.setup.factors.password('password')\n], { size: 8 })\nconst derive = await mfkdf.derive.key(setup.policy, {\n  password: mfkdf.derive.factors.password('password')\n})\nsetup.outputs.password.strength.calc_time = null\nderive.outputs.password.strength.calc_time = null\nsetup.outputs.should.deep.equal(derive.outputs)",
              "err": {},
              "uuid": "291f246b-9933-4e5f-be62-1d9d3d725a8c",
              "parentUUID": "5efcd5fe-5344-4a7b-94c8-4df5a8cf26f4",
              "isHook": false,
              "skipped": false
            },
            {
              "title": "multiple",
              "fullTitle": "derive/outputs multiple",
              "timedOut": false,
              "duration": 215,
              "state": "passed",
              "speed": "slow",
              "pass": true,
              "fail": false,
              "pending": false,
              "context": null,
              "code": "const setup = await mfkdf.setup.key([\n  await mfkdf.setup.factors.uuid({ id: 'uuid1', uuid: '9b1deb4d-3b7d-4bad-9bdd-2b0d7b3dcb6d' }),\n  await mfkdf.setup.factors.uuid({ id: 'uuid2', uuid: '1b9d6bcd-bbfd-4b2d-9b5d-ab8dfbbd4bed' }),\n  await mfkdf.setup.factors.uuid({ id: 'uuid3', uuid: '6ec0bd7f-11c0-43da-975e-2a8ad9ebae0b' })\n], { threshold: 2 })\nsetup.outputs.should.deep.equal({\n  uuid1: { uuid: '9b1deb4d-3b7d-4bad-9bdd-2b0d7b3dcb6d' },\n  uuid2: { uuid: '1b9d6bcd-bbfd-4b2d-9b5d-ab8dfbbd4bed' },\n  uuid3: { uuid: '6ec0bd7f-11c0-43da-975e-2a8ad9ebae0b' }\n})\nconst derive = await mfkdf.derive.key(setup.policy, {\n  uuid1: mfkdf.derive.factors.uuid('9b1deb4d-3b7d-4bad-9bdd-2b0d7b3dcb6d'),\n  uuid3: mfkdf.derive.factors.uuid('6ec0bd7f-11c0-43da-975e-2a8ad9ebae0b')\n})\nderive.outputs.should.deep.equal({\n  uuid1: { uuid: '9b1deb4d-3b7d-4bad-9bdd-2b0d7b3dcb6d' },\n  uuid3: { uuid: '6ec0bd7f-11c0-43da-975e-2a8ad9ebae0b' }\n})",
              "err": {},
              "uuid": "96486ec5-7a5b-4342-a5df-b7430925857a",
              "parentUUID": "5efcd5fe-5344-4a7b-94c8-4df5a8cf26f4",
              "isHook": false,
              "skipped": false
            }
          ],
          "suites": [],
          "passes": [
            "d57fcb5f-2844-4b0c-b7fe-b384423138d2",
            "947005c5-5858-44e3-b5f9-c4734fea545e",
            "d2eb2125-c16e-492c-b8c0-8be9d6f52403",
            "b1cda848-9191-4cdf-a559-932384b24798",
            "1dabaa6d-ddb2-4870-b955-3370b5790ce2",
            "291f246b-9933-4e5f-be62-1d9d3d725a8c",
            "96486ec5-7a5b-4342-a5df-b7430925857a"
          ],
          "failures": [],
          "pending": [],
          "skipped": [],
          "duration": 1522,
          "root": false,
          "rootEmpty": false,
          "_timeout": 5000
        },
        {
          "uuid": "c8857678-1fcc-43fe-9eb1-e9e0fd8d7694",
          "title": "examples",
          "fullFile": "C:\\xampp\\htdocs\\Multifactor\\MFKDF\\test\\examples\\examples.js",
          "file": "\\test\\examples\\examples.js",
          "beforeHooks": [],
          "afterHooks": [],
          "tests": [
            {
              "title": "kdf",
              "fullTitle": "examples kdf",
              "timedOut": false,
              "duration": 19,
              "state": "passed",
              "speed": "slow",
              "pass": true,
              "fail": false,
              "pending": false,
              "context": null,
              "code": "// setup kdf configuration\nconst config = await mfkdf.setup.kdf({\n  kdf: 'pbkdf2',\n  pbkdf2rounds: 100000,\n  pbkdf2digest: 'sha256'\n}) // -> { type: 'pbkdf2', params: { rounds: 100000, digest: 'sha256' } }\n// derive key\nconst key = await mfkdf.kdf('password', 'salt', 8, config)\nkey.toString('hex') // -> 0394a2ede332c9a1\nconfig.should.deep.equal({ type: 'pbkdf2', params: { rounds: 100000, digest: 'sha256' } })\nkey.toString('hex').should.equal('0394a2ede332c9a1')",
              "err": {},
              "uuid": "716580ca-9f84-4221-ae51-6af88a9ef258",
              "parentUUID": "c8857678-1fcc-43fe-9eb1-e9e0fd8d7694",
              "isHook": false,
              "skipped": false
            },
            {
              "title": "setup/derive fast",
              "fullTitle": "examples setup/derive fast",
              "timedOut": false,
              "duration": 11,
              "state": "passed",
              "speed": "slow",
              "pass": true,
              "fail": false,
              "pending": false,
              "context": null,
              "code": "// setup 16 byte 2-of-3-factor multi-factor derived key with a password, HOTP code, and UUID recovery code\nconst setup = await mfkdf.setup.key([\n  await mfkdf.setup.factors.password('password'),\n  await mfkdf.setup.factors.hotp({ secret: Buffer.from('hello world') }),\n  await mfkdf.setup.factors.uuid({ id: 'recovery', uuid: '9b1deb4d-3b7d-4bad-9bdd-2b0d7b3dcb6d' })\n], { threshold: 2, size: 16, kdf: 'pbkdf2', pbkdf2rounds: 1 })\n// derive key using 2 of the 3 factors\nconst derive = await mfkdf.derive.key(setup.policy, {\n  password: mfkdf.derive.factors.password('password'),\n  hotp: mfkdf.derive.factors.hotp(365287)\n})\nsetup.key.toString('hex') // -> 34d20ced439ec2f871c96ca377f25771\nderive.key.toString('hex') // -> 34d20ced439ec2f871c96ca377f25771\nsetup.key.toString('hex').should.equal(derive.key.toString('hex'))",
              "err": {},
              "uuid": "7464ab80-cf13-4b44-a31e-c76a28ed9538",
              "parentUUID": "c8857678-1fcc-43fe-9eb1-e9e0fd8d7694",
              "isHook": false,
              "skipped": false
            },
            {
              "title": "setup/derive",
              "fullTitle": "examples setup/derive",
              "timedOut": false,
              "duration": 218,
              "state": "passed",
              "speed": "slow",
              "pass": true,
              "fail": false,
              "pending": false,
              "context": null,
              "code": "// setup 16 byte 2-of-3-factor multi-factor derived key with a password, HOTP code, and UUID recovery code\nconst setup = await mfkdf.setup.key([\n  await mfkdf.setup.factors.password('password'),\n  await mfkdf.setup.factors.hotp({ secret: Buffer.from('hello world') }),\n  await mfkdf.setup.factors.uuid({ id: 'recovery', uuid: '9b1deb4d-3b7d-4bad-9bdd-2b0d7b3dcb6d' })\n], { threshold: 2, size: 16 })\n// derive key using 2 of the 3 factors\nconst derive = await mfkdf.derive.key(setup.policy, {\n  password: mfkdf.derive.factors.password('password'),\n  hotp: mfkdf.derive.factors.hotp(365287)\n})\nsetup.key.toString('hex') // -> 34d20ced439ec2f871c96ca377f25771\nderive.key.toString('hex') // -> 34d20ced439ec2f871c96ca377f25771\nsetup.key.toString('hex').should.equal(derive.key.toString('hex'))",
              "err": {},
              "uuid": "22df7693-5d5a-4975-a7cd-4bdb510e5233",
              "parentUUID": "c8857678-1fcc-43fe-9eb1-e9e0fd8d7694",
              "isHook": false,
              "skipped": false
            }
          ],
          "suites": [
            {
              "uuid": "4e4f628c-0d9b-4293-94a8-2313a39b9dda",
              "title": "factors",
              "fullFile": "C:\\xampp\\htdocs\\Multifactor\\MFKDF\\test\\examples\\examples.js",
              "file": "\\test\\examples\\examples.js",
              "beforeHooks": [],
              "afterHooks": [],
              "tests": [
                {
                  "title": "stack",
                  "fullTitle": "examples factors stack",
                  "timedOut": false,
                  "duration": 225,
                  "state": "passed",
                  "speed": "slow",
                  "pass": true,
                  "fail": false,
                  "pending": false,
                  "context": null,
                  "code": "// setup key with stack factor\nconst setup = await mfkdf.setup.key([\n  await mfkdf.setup.factors.stack([\n    await mfkdf.setup.factors.password('password1', { id: 'password1' }),\n    await mfkdf.setup.factors.password('password2', { id: 'password2' })\n  ]),\n  await mfkdf.setup.factors.password('password3', { id: 'password3' })\n], { size: 8 })\n// derive key with stack factor\nconst derive = await mfkdf.derive.key(setup.policy, {\n  stack: mfkdf.derive.factors.stack({\n    password1: mfkdf.derive.factors.password('password1'),\n    password2: mfkdf.derive.factors.password('password2')\n  }),\n  password3: mfkdf.derive.factors.password('password3')\n})\nsetup.key.toString('hex') // -> 01d0c7236adf2516\nderive.key.toString('hex') // -> 01d0c7236adf2516\nsetup.key.toString('hex').should.equal(derive.key.toString('hex'))",
                  "err": {},
                  "uuid": "43f601a7-b267-4188-9caf-2e56ede85b6f",
                  "parentUUID": "4e4f628c-0d9b-4293-94a8-2313a39b9dda",
                  "isHook": false,
                  "skipped": false
                },
                {
                  "title": "hmacsha1",
                  "fullTitle": "examples factors hmacsha1",
                  "timedOut": false,
                  "duration": 214,
                  "state": "passed",
                  "speed": "slow",
                  "pass": true,
                  "fail": false,
                  "pending": false,
                  "context": null,
                  "code": "// setup key with hmacsha1 factor\nconst setup = await mfkdf.setup.key([\n  await mfkdf.setup.factors.hmacsha1()\n], { size: 8 })\n// calculate response; could be done using hardware device\nconst secret = setup.outputs.hmacsha1.secret\nconst challenge = Buffer.from(setup.policy.factors[0].params.challenge, 'hex')\nconst response = crypto.createHmac('sha1', secret).update(challenge).digest()\n// derive key with hmacsha1 factor\nconst derive = await mfkdf.derive.key(setup.policy, {\n  hmacsha1: mfkdf.derive.factors.hmacsha1(response)\n})\nsetup.key.toString('hex') // -> 01d0c7236adf2516\nderive.key.toString('hex') // -> 01d0c7236adf2516\nsetup.key.toString('hex').should.equal(derive.key.toString('hex'))",
                  "err": {},
                  "uuid": "99735202-c0d9-47f6-9161-284a2046136f",
                  "parentUUID": "4e4f628c-0d9b-4293-94a8-2313a39b9dda",
                  "isHook": false,
                  "skipped": false
                },
                {
                  "title": "totp",
                  "fullTitle": "examples factors totp",
                  "timedOut": false,
                  "duration": 1094,
                  "state": "passed",
                  "speed": "slow",
                  "pass": true,
                  "fail": false,
                  "pending": false,
                  "context": null,
                  "code": "// setup key with totp factor\nconst setup = await mfkdf.setup.key([\n  await mfkdf.setup.factors.totp({\n    secret: Buffer.from('hello world'),\n    time: 1650430806597\n  })\n], { size: 8 })\n// derive key with totp factor\nconst derive = await mfkdf.derive.key(setup.policy, {\n  totp: mfkdf.derive.factors.totp(528258, { time: 1650430943604 })\n})\nsetup.key.toString('hex') // -> 01d0c7236adf2516\nderive.key.toString('hex') // -> 01d0c7236adf2516\nsetup.key.toString('hex').should.equal(derive.key.toString('hex'))",
                  "err": {},
                  "uuid": "2173ecf3-05f7-4b6a-8088-22591a25f430",
                  "parentUUID": "4e4f628c-0d9b-4293-94a8-2313a39b9dda",
                  "isHook": false,
                  "skipped": false
                },
                {
                  "title": "hotp",
                  "fullTitle": "examples factors hotp",
                  "timedOut": false,
                  "duration": 210,
                  "state": "passed",
                  "speed": "slow",
                  "pass": true,
                  "fail": false,
                  "pending": false,
                  "context": null,
                  "code": "// setup key with hotp factor\nconst setup = await mfkdf.setup.key([\n  await mfkdf.setup.factors.hotp({ secret: Buffer.from('hello world') })\n], { size: 8 })\n// derive key with hotp factor\nconst derive = await mfkdf.derive.key(setup.policy, {\n  hotp: mfkdf.derive.factors.hotp(365287)\n})\nsetup.key.toString('hex') // -> 01d0c7236adf2516\nderive.key.toString('hex') // -> 01d0c7236adf2516\nsetup.key.toString('hex').should.equal(derive.key.toString('hex'))",
                  "err": {},
                  "uuid": "85f2331f-f907-4a37-be27-af7263a84bef",
                  "parentUUID": "4e4f628c-0d9b-4293-94a8-2313a39b9dda",
                  "isHook": false,
                  "skipped": false
                },
                {
                  "title": "uuid",
                  "fullTitle": "examples factors uuid",
                  "timedOut": false,
                  "duration": 211,
                  "state": "passed",
                  "speed": "slow",
                  "pass": true,
                  "fail": false,
                  "pending": false,
                  "context": null,
                  "code": "// setup key with uuid factor\nconst setup = await mfkdf.setup.key([\n  await mfkdf.setup.factors.uuid({ uuid: '9b1deb4d-3b7d-4bad-9bdd-2b0d7b3dcb6d' })\n], { size: 8 })\n// derive key with uuid factor\nconst derive = await mfkdf.derive.key(setup.policy, {\n  uuid: mfkdf.derive.factors.uuid('9b1deb4d-3b7d-4bad-9bdd-2b0d7b3dcb6d')\n})\nsetup.key.toString('hex') // -> 01d0c7236adf2516\nderive.key.toString('hex') // -> 01d0c7236adf2516\nsetup.key.toString('hex').should.equal(derive.key.toString('hex'))",
                  "err": {},
                  "uuid": "aabe061b-b95f-424a-969e-193a77a5edc0",
                  "parentUUID": "4e4f628c-0d9b-4293-94a8-2313a39b9dda",
                  "isHook": false,
                  "skipped": false
                },
                {
                  "title": "question",
                  "fullTitle": "examples factors question",
                  "timedOut": false,
                  "duration": 215,
                  "state": "passed",
                  "speed": "slow",
                  "pass": true,
                  "fail": false,
                  "pending": false,
                  "context": null,
                  "code": "// setup key with security question factor\nconst setup = await mfkdf.setup.key([\n  await mfkdf.setup.factors.question('Fido')\n], { size: 8 })\n// derive key with security question factor\nconst derive = await mfkdf.derive.key(setup.policy, {\n  question: mfkdf.derive.factors.question('Fido')\n})\nsetup.key.toString('hex').should.equal(derive.key.toString('hex'))",
                  "err": {},
                  "uuid": "45f24059-b520-469a-a84d-eb0695d1d2ad",
                  "parentUUID": "4e4f628c-0d9b-4293-94a8-2313a39b9dda",
                  "isHook": false,
                  "skipped": false
                },
                {
                  "title": "ooba",
                  "fullTitle": "examples factors ooba",
                  "timedOut": false,
                  "duration": 253,
                  "state": "passed",
                  "speed": "slow",
                  "pass": true,
                  "fail": false,
                  "pending": false,
                  "context": null,
                  "code": "// setup RSA key pair (on out-of-band server)\nconst keyPair = await crypto.webcrypto.subtle.generateKey({ hash: 'SHA-256', modulusLength: 2048, name: 'RSA-OAEP', publicExponent: new Uint8Array([1, 0, 1]) }, true, ['encrypt', 'decrypt'])\n// setup key with out-of-band authentication factor\nconst setup = await mfkdf.setup.key([\n  await mfkdf.setup.factors.ooba({\n    key: keyPair.publicKey, params: { email: 'test@mfkdf.com' }\n  })\n])\n// decrypt and send code (on out-of-band server)\nconst next = setup.policy.factors[0].params.next\nconst decrypted = await crypto.webcrypto.subtle.decrypt({ name: 'RSA-OAEP' }, keyPair.privateKey, Buffer.from(next, 'hex'))\nconst code = JSON.parse(Buffer.from(decrypted).toString()).code\n// derive key with out-of-band factor\nconst derive = await mfkdf.derive.key(setup.policy, {\n  ooba: mfkdf.derive.factors.ooba(code)\n})\nsetup.key.toString('hex') // -> 01d0c7236adf2516\nderive.key.toString('hex') // -> 01d0c7236adf2516\nsetup.key.toString('hex').should.equal(derive.key.toString('hex'))",
                  "err": {},
                  "uuid": "460e7c9a-3510-46b1-9370-e554076d94fb",
                  "parentUUID": "4e4f628c-0d9b-4293-94a8-2313a39b9dda",
                  "isHook": false,
                  "skipped": false
                },
                {
                  "title": "password",
                  "fullTitle": "examples factors password",
                  "timedOut": false,
                  "duration": 212,
                  "state": "passed",
                  "speed": "slow",
                  "pass": true,
                  "fail": false,
                  "pending": false,
                  "context": null,
                  "code": "// setup key with password factor\nconst setup = await mfkdf.setup.key([\n  await mfkdf.setup.factors.password('password')\n], { size: 8 })\n// derive key with password factor\nconst derive = await mfkdf.derive.key(setup.policy, {\n  password: mfkdf.derive.factors.password('password')\n})\nsetup.key.toString('hex') // -> 01d0c7236adf2516\nderive.key.toString('hex') // -> 01d0c7236adf2516\nsetup.key.toString('hex').should.equal(derive.key.toString('hex'))",
                  "err": {},
                  "uuid": "eaf39fd6-f665-4f44-a0b2-baecac546fe2",
                  "parentUUID": "4e4f628c-0d9b-4293-94a8-2313a39b9dda",
                  "isHook": false,
                  "skipped": false
                }
              ],
              "suites": [],
              "passes": [
                "43f601a7-b267-4188-9caf-2e56ede85b6f",
                "99735202-c0d9-47f6-9161-284a2046136f",
                "2173ecf3-05f7-4b6a-8088-22591a25f430",
                "85f2331f-f907-4a37-be27-af7263a84bef",
                "aabe061b-b95f-424a-969e-193a77a5edc0",
                "45f24059-b520-469a-a84d-eb0695d1d2ad",
                "460e7c9a-3510-46b1-9370-e554076d94fb",
                "eaf39fd6-f665-4f44-a0b2-baecac546fe2"
              ],
              "failures": [],
              "pending": [],
              "skipped": [],
              "duration": 2634,
              "root": false,
              "rootEmpty": false,
              "_timeout": 5000
            },
            {
              "uuid": "d8761ed9-3132-4c5b-9bce-2c759d3ee626",
              "title": "secrets",
              "fullFile": "C:\\xampp\\htdocs\\Multifactor\\MFKDF\\test\\examples\\examples.js",
              "file": "\\test\\examples\\examples.js",
              "beforeHooks": [],
              "afterHooks": [],
              "tests": [
                {
                  "title": "full",
                  "fullTitle": "examples secrets full",
                  "timedOut": false,
                  "duration": 1,
                  "state": "passed",
                  "speed": "slow",
                  "pass": true,
                  "fail": false,
                  "pending": false,
                  "context": null,
                  "code": "// share secret using 2-of-3 shares\nconst shares = mfkdf.secrets.share(Buffer.from('hello world'), 2, 3) // -> [Buffer, Buffer, Buffer]\n// recover secret using 2 shares\nconst secret = mfkdf.secrets.combine([shares[0], null, shares[2]], 2, 3)\nsecret.toString() // -> hello world\n// recover original 3 shares\nconst recover = mfkdf.secrets.recover([shares[0], null, shares[2]], 2, 3) // -> [Buffer, Buffer, Buffer]\nrecover.should.be.a('array')",
                  "err": {},
                  "uuid": "72b5e41d-a6c6-4867-8108-9592cd02d20f",
                  "parentUUID": "d8761ed9-3132-4c5b-9bce-2c759d3ee626",
                  "isHook": false,
                  "skipped": false
                }
              ],
              "suites": [],
              "passes": [
                "72b5e41d-a6c6-4867-8108-9592cd02d20f"
              ],
              "failures": [],
              "pending": [],
              "skipped": [],
              "duration": 1,
              "root": false,
              "rootEmpty": false,
              "_timeout": 5000
            },
            {
              "uuid": "02a71a37-171c-4fef-9ff6-ed3730d84026",
              "title": "policy",
              "fullFile": "C:\\xampp\\htdocs\\Multifactor\\MFKDF\\test\\examples\\examples.js",
              "file": "\\test\\examples\\examples.js",
              "beforeHooks": [],
              "afterHooks": [],
              "tests": [
                {
                  "title": "validate",
                  "fullTitle": "examples policy validate",
                  "timedOut": false,
                  "duration": 107,
                  "state": "passed",
                  "speed": "slow",
                  "pass": true,
                  "fail": false,
                  "pending": false,
                  "context": null,
                  "code": "// setup key that can be derived from passwordA AND (passwordB OR passwordC)\nconst setup = await mfkdf.policy.setup(\n  await mfkdf.policy.and(\n    await mfkdf.setup.factors.password('passwordA', { id: 'passwordA' }),\n    await mfkdf.policy.or(\n      await mfkdf.setup.factors.password('passwordB', { id: 'passwordB' }),\n      await mfkdf.setup.factors.password('passwordC', { id: 'passwordC' })\n    )\n  )\n)\n// validate policy\nconst valid = mfkdf.policy.validate(setup.policy) // -> true\nvalid.should.be.true",
                  "err": {},
                  "uuid": "56bf5b00-6e9f-4045-b006-a296917c9531",
                  "parentUUID": "02a71a37-171c-4fef-9ff6-ed3730d84026",
                  "isHook": false,
                  "skipped": false
                },
                {
                  "title": "ids",
                  "fullTitle": "examples policy ids",
                  "timedOut": false,
                  "duration": 106,
                  "state": "passed",
                  "speed": "slow",
                  "pass": true,
                  "fail": false,
                  "pending": false,
                  "context": null,
                  "code": "// setup key that can be derived from passwordA AND (passwordB OR passwordC)\nconst setup = await mfkdf.policy.setup(\n  await mfkdf.policy.and(\n    await mfkdf.setup.factors.password('passwordA', { id: 'passwordA' }),\n    await mfkdf.policy.or(\n      await mfkdf.setup.factors.password('passwordB', { id: 'passwordB' }),\n      await mfkdf.setup.factors.password('passwordC', { id: 'passwordC' })\n    )\n  )\n)\n// get list of ids\nconst ids = mfkdf.policy.ids(setup.policy) // -> ['passwordA', 'passwordB', 'passwordC', ...]\nids.includes('passwordA').should.be.true\nids.includes('passwordB').should.be.true\nids.includes('passwordC').should.be.true",
                  "err": {},
                  "uuid": "d14b90d3-b428-4349-ab7f-40a271b54c17",
                  "parentUUID": "02a71a37-171c-4fef-9ff6-ed3730d84026",
                  "isHook": false,
                  "skipped": false
                },
                {
                  "title": "evaluate",
                  "fullTitle": "examples policy evaluate",
                  "timedOut": false,
                  "duration": 105,
                  "state": "passed",
                  "speed": "slow",
                  "pass": true,
                  "fail": false,
                  "pending": false,
                  "context": null,
                  "code": "// setup key that can be derived from passwordA AND (passwordB OR passwordC)\nconst setup = await mfkdf.policy.setup(\n  await mfkdf.policy.and(\n    await mfkdf.setup.factors.password('passwordA', { id: 'passwordA' }),\n    await mfkdf.policy.or(\n      await mfkdf.setup.factors.password('passwordB', { id: 'passwordB' }),\n      await mfkdf.setup.factors.password('passwordC', { id: 'passwordC' })\n    )\n  )\n)\n// check if key can be derived with passwordA and passwordC\nconst valid1 = await mfkdf.policy.evaluate(setup.policy, ['passwordA', 'passwordC']) // -> true\n// check if key can be derived with passwordB and passwordC\nconst valid2 = await mfkdf.policy.evaluate(setup.policy, ['passwordB', 'passwordC']) // -> false\nvalid1.should.be.true\nvalid2.should.be.false",
                  "err": {},
                  "uuid": "409d886f-299a-4878-91b8-105df6c96c35",
                  "parentUUID": "02a71a37-171c-4fef-9ff6-ed3730d84026",
                  "isHook": false,
                  "skipped": false
                },
                {
                  "title": "setup/derive",
                  "fullTitle": "examples policy setup/derive",
                  "timedOut": false,
                  "duration": 228,
                  "state": "passed",
                  "speed": "slow",
                  "pass": true,
                  "fail": false,
                  "pending": false,
                  "context": null,
                  "code": "// setup key that can be derived from passwordA AND (passwordB OR passwordC)\nconst setup = await mfkdf.policy.setup(\n  await mfkdf.policy.and(\n    await mfkdf.setup.factors.password('passwordA', { id: 'passwordA' }),\n    await mfkdf.policy.or(\n      await mfkdf.setup.factors.password('passwordB', { id: 'passwordB' }),\n      await mfkdf.setup.factors.password('passwordC', { id: 'passwordC' })\n    )\n  ), { size: 8 }\n)\n// derive key with passwordA and passwordC (or passwordA and passwordB)\nconst derive = await mfkdf.policy.derive(setup.policy, {\n  passwordA: mfkdf.derive.factors.password('passwordA'),\n  passwordC: mfkdf.derive.factors.password('passwordC')\n})\nsetup.key.toString('hex') // -> e16a227944a65263\nderive.key.toString('hex') // -> e16a227944a65263\nsetup.key.toString('hex').should.equal(derive.key.toString('hex'))",
                  "err": {},
                  "uuid": "b2b53f4b-50ee-48fe-99c8-3c624a131bf5",
                  "parentUUID": "02a71a37-171c-4fef-9ff6-ed3730d84026",
                  "isHook": false,
                  "skipped": false
                },
                {
                  "title": "all",
                  "fullTitle": "examples policy all",
                  "timedOut": false,
                  "duration": 218,
                  "state": "passed",
                  "speed": "slow",
                  "pass": true,
                  "fail": false,
                  "pending": false,
                  "context": null,
                  "code": "// setup key that can be derived from passwordA AND passwordB AND passwordC\nconst setup = await mfkdf.policy.setup(\n  await mfkdf.policy.all([\n    await mfkdf.setup.factors.password('passwordA', { id: 'passwordA' }),\n    await mfkdf.setup.factors.password('passwordB', { id: 'passwordB' }),\n    await mfkdf.setup.factors.password('passwordC', { id: 'passwordC' })\n  ]), { size: 8 }\n)\n// derive key with passwordA and passwordB and passwordC\nconst derive = await mfkdf.policy.derive(setup.policy, {\n  passwordA: mfkdf.derive.factors.password('passwordA'),\n  passwordB: mfkdf.derive.factors.password('passwordB'),\n  passwordC: mfkdf.derive.factors.password('passwordC')\n})\nsetup.key.toString('hex') // -> e16a227944a65263\nderive.key.toString('hex') // -> e16a227944a65263\nsetup.key.toString('hex').should.equal(derive.key.toString('hex'))",
                  "err": {},
[...]
                  "err": {},
                  "uuid": "96bf291c-f411-4b62-b46a-3b3a99592c3d",
                  "parentUUID": "0ce0aef3-210d-4e0a-aa31-781697d76f87",
                  "isHook": false,
                  "skipped": false
                },
                {
                  "title": "invalid/range",
                  "fullTitle": "setup/key id invalid/range",
                  "timedOut": false,
                  "duration": 0,
                  "state": "passed",
                  "speed": "fast",
                  "pass": true,
                  "fail": false,
                  "pending": false,
                  "context": null,
                  "code": "mfkdf.setup.key([\n  await mfkdf.setup.factors.password('hello')\n], { id: '' }).should.be.rejectedWith(RangeError)",
                  "err": {},
                  "uuid": "e21fb83a-b622-4fa2-a6b7-50f9146efdb9",
                  "parentUUID": "0ce0aef3-210d-4e0a-aa31-781697d76f87",
                  "isHook": false,
                  "skipped": false
                }
              ],
              "suites": [],
              "passes": [
                "e8578d8c-fcc1-4ce5-9ac8-e0fb50ddbef2",
                "566b5e0a-aa61-4ff8-bbfd-2d3301c5d66b",
                "96bf291c-f411-4b62-b46a-3b3a99592c3d",
                "e21fb83a-b622-4fa2-a6b7-50f9146efdb9"
              ],
              "failures": [],
              "pending": [],
              "skipped": [],
              "duration": 208,
              "root": false,
              "rootEmpty": false,
              "_timeout": 5000
            },
            {
              "uuid": "e1b91ad9-aafa-4274-9bdc-ca505e0a127b",
              "title": "size",
              "fullFile": "C:\\xampp\\htdocs\\Multifactor\\MFKDF\\test\\setup\\key.js",
              "file": "\\test\\setup\\key.js",
              "beforeHooks": [],
              "afterHooks": [],
              "tests": [
                {
                  "title": "default",
                  "fullTitle": "setup/key size default",
                  "timedOut": false,
                  "duration": 105,
                  "state": "passed",
                  "speed": "slow",
                  "pass": true,
                  "fail": false,
                  "pending": false,
                  "context": null,
                  "code": "const { policy } = await mfkdf.setup.key([\n  await mfkdf.setup.factors.password('hello')\n])\npolicy.size.should.equal(32)",
                  "err": {},
                  "uuid": "730894ff-894c-4889-99a3-ff708db37764",
                  "parentUUID": "e1b91ad9-aafa-4274-9bdc-ca505e0a127b",
                  "isHook": false,
                  "skipped": false
                },
                {
                  "title": "valid",
                  "fullTitle": "setup/key size valid",
                  "timedOut": false,
                  "duration": 103,
                  "state": "passed",
                  "speed": "slow",
                  "pass": true,
                  "fail": false,
                  "pending": false,
                  "context": null,
                  "code": "const { policy } = await mfkdf.setup.key([\n  await mfkdf.setup.factors.password('hello')\n], { size: 64 })\npolicy.size.should.equal(64)",
                  "err": {},
                  "uuid": "ba7a69f3-bdc8-4f6d-a6c4-37c66858b310",
                  "parentUUID": "e1b91ad9-aafa-4274-9bdc-ca505e0a127b",
                  "isHook": false,
                  "skipped": false
                },
                {
                  "title": "invalid/type",
                  "fullTitle": "setup/key size invalid/type",
                  "timedOut": false,
                  "duration": 0,
                  "state": "passed",
                  "speed": "fast",
                  "pass": true,
                  "fail": false,
                  "pending": false,
                  "context": null,
                  "code": "mfkdf.setup.key([\n  await mfkdf.setup.factors.password('hello')\n], { size: 'hello' }).should.be.rejectedWith(TypeError)",
                  "err": {},
                  "uuid": "8a0f8ce6-7abd-447c-a404-4947baac7446",
                  "parentUUID": "e1b91ad9-aafa-4274-9bdc-ca505e0a127b",
                  "isHook": false,
                  "skipped": false
                },
                {
                  "title": "invalid/range",
                  "fullTitle": "setup/key size invalid/range",
                  "timedOut": false,
                  "duration": 1,
                  "state": "passed",
                  "speed": "slow",
                  "pass": true,
                  "fail": false,
                  "pending": false,
                  "context": null,
                  "code": "mfkdf.setup.key([\n  await mfkdf.setup.factors.password('hello')\n], { size: 0 }).should.be.rejectedWith(RangeError)",
                  "err": {},
                  "uuid": "d8972f19-650b-4394-8ae6-64e63ef5cf9c",
                  "parentUUID": "e1b91ad9-aafa-4274-9bdc-ca505e0a127b",
                  "isHook": false,
                  "skipped": false
                }
              ],
              "suites": [],
              "passes": [
                "730894ff-894c-4889-99a3-ff708db37764",
                "ba7a69f3-bdc8-4f6d-a6c4-37c66858b310",
                "8a0f8ce6-7abd-447c-a404-4947baac7446",
                "d8972f19-650b-4394-8ae6-64e63ef5cf9c"
              ],
              "failures": [],
              "pending": [],
              "skipped": [],
              "duration": 209,
              "root": false,
              "rootEmpty": false,
              "_timeout": 5000
            },
            {
              "uuid": "981c5761-55ac-434d-a7f5-00a14641bf9a",
              "title": "threshold",
              "fullFile": "C:\\xampp\\htdocs\\Multifactor\\MFKDF\\test\\setup\\key.js",
              "file": "\\test\\setup\\key.js",
              "beforeHooks": [],
              "afterHooks": [],
              "tests": [
                {
                  "title": "default",
                  "fullTitle": "setup/key threshold default",
                  "timedOut": false,
                  "duration": 103,
                  "state": "passed",
                  "speed": "slow",
                  "pass": true,
                  "fail": false,
                  "pending": false,
                  "context": null,
                  "code": "const { policy } = await mfkdf.setup.key([\n  await mfkdf.setup.factors.password('hello', { id: 'password1' }),\n  await mfkdf.setup.factors.password('hello', { id: 'password2' })\n])\npolicy.threshold.should.equal(2)",
                  "err": {},
                  "uuid": "17897497-b0aa-406e-9fb7-aa39106a4c36",
                  "parentUUID": "981c5761-55ac-434d-a7f5-00a14641bf9a",
                  "isHook": false,
                  "skipped": false
                },
                {
                  "title": "valid",
                  "fullTitle": "setup/key threshold valid",
                  "timedOut": false,
                  "duration": 102,
                  "state": "passed",
                  "speed": "slow",
                  "pass": true,
                  "fail": false,
                  "pending": false,
                  "context": null,
                  "code": "const { policy } = await mfkdf.setup.key([\n  await mfkdf.setup.factors.password('hello', { id: 'password1' }),\n  await mfkdf.setup.factors.password('hello', { id: 'password2' })\n], { threshold: 1 })\npolicy.threshold.should.equal(1)",
                  "err": {},
                  "uuid": "2c5c6e98-4461-4191-92a9-072e3f23aba7",
                  "parentUUID": "981c5761-55ac-434d-a7f5-00a14641bf9a",
                  "isHook": false,
                  "skipped": false
                },
                {
                  "title": "invalid/type",
                  "fullTitle": "setup/key threshold invalid/type",
                  "timedOut": false,
                  "duration": 1,
                  "state": "passed",
                  "speed": "slow",
                  "pass": true,
                  "fail": false,
                  "pending": false,
                  "context": null,
                  "code": "mfkdf.setup.key([\n  await mfkdf.setup.factors.password('hello')\n], { threshold: 'hello' }).should.be.rejectedWith(TypeError)",
                  "err": {},
                  "uuid": "551e0b3e-aa75-4044-9daa-5c37edaa8ee7",
                  "parentUUID": "981c5761-55ac-434d-a7f5-00a14641bf9a",
                  "isHook": false,
                  "skipped": false
                },
                {
                  "title": "invalid/range",
                  "fullTitle": "setup/key threshold invalid/range",
                  "timedOut": false,
                  "duration": 0,
                  "state": "passed",
                  "speed": "fast",
                  "pass": true,
                  "fail": false,
                  "pending": false,
                  "context": null,
                  "code": "mfkdf.setup.key([\n  await mfkdf.setup.factors.password('hello')\n], { threshold: 0 }).should.be.rejectedWith(RangeError)\nmfkdf.setup.key([\n  await mfkdf.setup.factors.password('hello')\n], { threshold: 2 }).should.be.rejectedWith(RangeError)",
                  "err": {},
                  "uuid": "90f94c70-a918-4b3b-a1ad-dacb2ca6d7aa",
                  "parentUUID": "981c5761-55ac-434d-a7f5-00a14641bf9a",
                  "isHook": false,
                  "skipped": false
                }
              ],
              "suites": [],
              "passes": [
                "17897497-b0aa-406e-9fb7-aa39106a4c36",
                "2c5c6e98-4461-4191-92a9-072e3f23aba7",
                "551e0b3e-aa75-4044-9daa-5c37edaa8ee7",
                "90f94c70-a918-4b3b-a1ad-dacb2ca6d7aa"
              ],
              "failures": [],
              "pending": [],
              "skipped": [],
              "duration": 206,
              "root": false,
              "rootEmpty": false,
              "_timeout": 5000
            },
            {
              "uuid": "5b8c94cf-0918-48c2-8d82-62255b895d79",
              "title": "salt",
              "fullFile": "C:\\xampp\\htdocs\\Multifactor\\MFKDF\\test\\setup\\key.js",
              "file": "\\test\\setup\\key.js",
              "beforeHooks": [],
              "afterHooks": [],
              "tests": [
                {
                  "title": "default",
                  "fullTitle": "setup/key salt default",
                  "timedOut": false,
                  "duration": 104,
                  "state": "passed",
                  "speed": "slow",
                  "pass": true,
                  "fail": false,
                  "pending": false,
                  "context": null,
                  "code": "const { policy } = await mfkdf.setup.key([\n  await mfkdf.setup.factors.password('hello')\n], { size: 48 })\nconst salt = Buffer.from(policy.salt, 'base64')\nsalt.length.should.equal(48)",
                  "err": {},
                  "uuid": "49f63472-2c1c-4e95-93f0-561128aa20de",
                  "parentUUID": "5b8c94cf-0918-48c2-8d82-62255b895d79",
                  "isHook": false,
                  "skipped": false
                },
                {
                  "title": "valid",
                  "fullTitle": "setup/key salt valid",
                  "timedOut": false,
                  "duration": 104,
                  "state": "passed",
                  "speed": "slow",
                  "pass": true,
                  "fail": false,
                  "pending": false,
                  "context": null,
                  "code": "const { policy } = await mfkdf.setup.key([\n  await mfkdf.setup.factors.password('hello')\n], { salt: Buffer.from('12345678', 'base64') })\npolicy.salt.should.equal('12345678')",
                  "err": {},
                  "uuid": "3b78ecaf-b6cb-40f4-8c9a-50197191dc5e",
                  "parentUUID": "5b8c94cf-0918-48c2-8d82-62255b895d79",
                  "isHook": false,
                  "skipped": false
                },
                {
                  "title": "invalid/type",
                  "fullTitle": "setup/key salt invalid/type",
                  "timedOut": false,
                  "duration": 0,
                  "state": "passed",
                  "speed": "fast",
                  "pass": true,
                  "fail": false,
                  "pending": false,
                  "context": null,
                  "code": "mfkdf.setup.key([\n  await mfkdf.setup.factors.password('hello')\n], { salt: 'hello' }).should.be.rejectedWith(TypeError)",
                  "err": {},
                  "uuid": "3f052795-4980-48ab-af40-3f889c562e4a",
                  "parentUUID": "5b8c94cf-0918-48c2-8d82-62255b895d79",
                  "isHook": false,
                  "skipped": false
                }
              ],
              "suites": [],
              "passes": [
                "49f63472-2c1c-4e95-93f0-561128aa20de",
                "3b78ecaf-b6cb-40f4-8c9a-50197191dc5e",
                "3f052795-4980-48ab-af40-3f889c562e4a"
              ],
              "failures": [],
              "pending": [],
              "skipped": [],
              "duration": 208,
              "root": false,
              "rootEmpty": false,
              "_timeout": 5000
            },
            {
              "uuid": "e15313b1-ec9a-43d3-a3b8-a85433dca428",
              "title": "factors",
              "fullFile": "C:\\xampp\\htdocs\\Multifactor\\MFKDF\\test\\setup\\key.js",
              "file": "\\test\\setup\\key.js",
              "beforeHooks": [],
              "afterHooks": [],
              "tests": [
                {
                  "title": "valid",
                  "fullTitle": "setup/key factors valid",
                  "timedOut": false,
                  "duration": 103,
                  "state": "passed",
                  "speed": "slow",
                  "pass": true,
                  "fail": false,
                  "pending": false,
                  "context": null,
                  "code": "await mfkdf.setup.key([\n  {\n    type: 'password',\n    id: 'password',\n    data: Buffer.from('password', 'utf-8'),\n    params: async () => {\n      return {}\n    },\n    output: async () => {\n      return {}\n    }\n  }\n])",
                  "err": {},
                  "uuid": "061cbee3-555c-4668-836e-5af50be179f3",
                  "parentUUID": "e15313b1-ec9a-43d3-a3b8-a85433dca428",
                  "isHook": false,
                  "skipped": false
                },
                {
                  "title": "id",
                  "fullTitle": "setup/key factors id",
                  "timedOut": false,
                  "duration": 1,
                  "state": "passed",
                  "speed": "slow",
                  "pass": true,
                  "fail": false,
                  "pending": false,
                  "context": null,
                  "code": "mfkdf.setup.key([\n  await mfkdf.setup.factors.password('hello', { id: 'password1' }),\n  await mfkdf.setup.factors.password('hello', { id: 'password1' })\n]).should.be.rejectedWith(RangeError)",
                  "err": {},
                  "uuid": "5c909022-34cb-4677-bd2b-1e3a25819a74",
                  "parentUUID": "e15313b1-ec9a-43d3-a3b8-a85433dca428",
                  "isHook": false,
                  "skipped": false
                },
                {
                  "title": "invalid/type",
                  "fullTitle": "setup/key factors invalid/type",
                  "timedOut": false,
                  "duration": 1,
                  "state": "passed",
                  "speed": "slow",
                  "pass": true,
                  "fail": false,
                  "pending": false,
                  "context": null,
                  "code": "mfkdf.setup.key('hello').should.be.rejectedWith(TypeError)\nmfkdf.setup.key([\n  {\n    type: 12345,\n    id: 'password',\n    data: Buffer.from('password', 'utf-8'),\n    params: async () => {\n      return {}\n    }\n  }\n]).should.be.rejectedWith(TypeError)\nmfkdf.setup.key([\n  {\n    type: 'password',\n    id: 12345,\n    data: Buffer.from('password', 'utf-8'),\n    params: async () => {\n      return {}\n    }\n  }\n]).should.be.rejectedWith(TypeError)\nmfkdf.setup.key([\n  {\n    type: 'password',\n    id: 'password',\n    data: 12345,\n    params: async () => {\n      return {}\n    }\n  }\n]).should.be.rejectedWith(TypeError)\nmfkdf.setup.key([\n  {\n    type: 'password',\n    id: 'password',\n    data: Buffer.from('password', 'utf-8'),\n    params: 12345\n  }\n]).should.be.rejectedWith(TypeError)",
                  "err": {},
                  "uuid": "15b4127a-5155-41de-8d47-0211c06c80ba",
                  "parentUUID": "e15313b1-ec9a-43d3-a3b8-a85433dca428",
                  "isHook": false,
                  "skipped": false
                },
                {
                  "title": "invalid/range",
                  "fullTitle": "setup/key factors invalid/range",
                  "timedOut": false,
                  "duration": 0,
                  "state": "passed",
                  "speed": "fast",
                  "pass": true,
                  "fail": false,
                  "pending": false,
                  "context": null,
                  "code": "mfkdf.setup.key([\n]).should.be.rejectedWith(RangeError)\nmfkdf.setup.key([\n  {\n    type: '',\n    id: 'password',\n    data: Buffer.from('password', 'utf-8'),\n    params: async () => {\n      return {}\n    }\n  }\n]).should.be.rejectedWith(RangeError)\nmfkdf.setup.key([\n  {\n    type: 'password',\n    id: '',\n    data: Buffer.from('password', 'utf-8'),\n    params: async () => {\n      return {}\n    }\n  }\n]).should.be.rejectedWith(RangeError)\nmfkdf.setup.key([\n  {\n    type: 'password',\n    id: 'password',\n    data: Buffer.from('', 'utf-8'),\n    params: async () => {\n      return {}\n    }\n  }\n]).should.be.rejectedWith(RangeError)",
                  "err": {},
                  "uuid": "346e576f-79a8-4df8-b121-b839b7620580",
                  "parentUUID": "e15313b1-ec9a-43d3-a3b8-a85433dca428",
                  "isHook": false,
                  "skipped": false
                }
              ],
              "suites": [],
              "passes": [
                "061cbee3-555c-4668-836e-5af50be179f3",
                "5c909022-34cb-4677-bd2b-1e3a25819a74",
                "15b4127a-5155-41de-8d47-0211c06c80ba",
                "346e576f-79a8-4df8-b121-b839b7620580"
              ],
              "failures": [],
              "pending": [],
              "skipped": [],
              "duration": 105,
              "root": false,
              "rootEmpty": false,
              "_timeout": 5000
            }
          ],
          "passes": [
            "674ff824-1654-4596-b1f5-a3a770fd5c30"
          ],
          "failures": [],
          "pending": [],
          "skipped": [],
          "duration": 110,
          "root": false,
          "rootEmpty": false,
          "_timeout": 5000
        }
      ],
      "passes": [],
      "failures": [],
      "pending": [],
      "skipped": [],
      "duration": 0,
      "root": true,
      "rootEmpty": true,
      "_timeout": 5000
    }
  ],
  "meta": {
    "mocha": {
      "version": "9.2.2"
    },
    "mochawesome": {
      "options": {
        "quiet": false,
        "reportFilename": "mochawesome",
        "saveHtml": true,
        "saveJson": true,
        "consoleReporter": "spec",
        "useInlineDiffs": false,
        "code": true
      },
      "version": "7.1.3"
    },
    "marge": {
      "options": {
        "reportDir": "./site/mochawesome"
      },
      "version": "6.2.0"
    }
  }
}