{
  "stats": {
    "suites": 52,
    "tests": 205,
    "passes": 205,
    "pending": 0,
    "failures": 0,
    "start": "2025-09-08T00:51:14.469Z",
    "end": "2025-09-08T00:51:18.684Z",
    "duration": 4215,
    "testsRegistered": 205,
    "passPercent": 100,
    "pendingPercent": 0,
    "other": 0,
    "hasOther": false,
    "skipped": 0,
    "hasSkipped": false
  },
  "results": [
    {
      "uuid": "d62696a8-a519-4a48-93eb-78b96fbec3e2",
      "title": "",
      "fullFile": "",
      "file": "",
      "beforeHooks": [],
      "afterHooks": [],
      "tests": [],
      "suites": [
        {
          "uuid": "6d3d47df-af18-4d8b-8250-d737f9bb4a2e",
          "title": "encrypt",
          "fullFile": "C:\\Users\\Vivek\\Projects\\mfkdf\\test\\crypto\\symmetric.js",
          "file": "\\test\\crypto\\symmetric.js",
          "beforeHooks": [],
          "afterHooks": [],
          "tests": [],
          "suites": [
            {
              "uuid": "400e63fb-bb00-4c0c-bfce-d422cca43331",
              "title": "utils",
              "fullFile": "C:\\Users\\Vivek\\Projects\\mfkdf\\test\\crypto\\symmetric.js",
              "file": "\\test\\crypto\\symmetric.js",
              "beforeHooks": [],
              "afterHooks": [],
              "tests": [
                {
                  "title": "subkey",
                  "fullTitle": "encrypt utils subkey",
                  "timedOut": false,
                  "duration": 4,
                  "state": "passed",
                  "speed": "slow",
                  "pass": true,
                  "fail": false,
                  "pending": false,
                  "context": null,
                  "code": "const setup = await mfkdf.setup.key([\n  await mfkdf.setup.factors.uuid({\n    id: 'uuid1',\n    uuid: '9b1deb4d-3b7d-4bad-9bdd-2b0d7b3dcb6d'\n  })\n])\nconst key3 = await setup.getSubkey()\nconst key4 = await setup.getSubkey()\nkey3.toString('hex').should.equal(key4.toString('hex'))",
                  "err": {},
                  "uuid": "ecad8031-175c-4676-8329-a301d9783866",
                  "parentUUID": "400e63fb-bb00-4c0c-bfce-d422cca43331",
                  "isHook": false,
                  "skipped": false
                }
              ],
              "suites": [],
              "passes": [
                "ecad8031-175c-4676-8329-a301d9783866"
              ],
              "failures": [],
              "pending": [],
              "skipped": [],
              "duration": 4,
              "root": false,
              "rootEmpty": false,
              "_timeout": 5000
            }
          ],
          "passes": [],
          "failures": [],
          "pending": [],
          "skipped": [],
          "duration": 0,
          "root": false,
          "rootEmpty": false,
          "_timeout": 5000
        },
        {
          "uuid": "70d3d86e-d2b6-41ca-89b4-56c0ec375c08",
          "title": "derive/factors/password",
          "fullFile": "C:\\Users\\Vivek\\Projects\\mfkdf\\test\\derive\\factors\\password.js",
          "file": "\\test\\derive\\factors\\password.js",
          "beforeHooks": [],
          "afterHooks": [],
          "tests": [
            {
              "title": "invalid/type",
              "fullTitle": "derive/factors/password invalid/type",
              "timedOut": false,
              "duration": 0,
              "state": "passed",
              "speed": "fast",
              "pass": true,
              "fail": false,
              "pending": false,
              "context": null,
              "code": "(() => {\n  mfkdf.derive.factors.password(12345)\n}).should.throw(TypeError)",
              "err": {},
              "uuid": "d420e592-f04b-4535-8414-2c1ca10d541f",
              "parentUUID": "70d3d86e-d2b6-41ca-89b4-56c0ec375c08",
              "isHook": false,
              "skipped": false
            },
            {
              "title": "invalid/range",
              "fullTitle": "derive/factors/password invalid/range",
              "timedOut": false,
              "duration": 0,
              "state": "passed",
              "speed": "fast",
              "pass": true,
              "fail": false,
              "pending": false,
              "context": null,
              "code": "(() => {\n  mfkdf.derive.factors.password('')\n}).should.throw(RangeError)",
              "err": {},
              "uuid": "a865ac90-0306-49a1-b076-386129a44fed",
              "parentUUID": "70d3d86e-d2b6-41ca-89b4-56c0ec375c08",
              "isHook": false,
              "skipped": false
            }
          ],
          "suites": [],
          "passes": [
            "d420e592-f04b-4535-8414-2c1ca10d541f",
            "a865ac90-0306-49a1-b076-386129a44fed"
          ],
          "failures": [],
          "pending": [],
          "skipped": [],
          "duration": 0,
          "root": false,
          "rootEmpty": false,
          "_timeout": 5000
        },
        {
          "uuid": "a40a8cee-54b6-47aa-8989-9c18b5f20f8c",
          "title": "derive/factors/uuid",
          "fullFile": "C:\\Users\\Vivek\\Projects\\mfkdf\\test\\derive\\factors\\uuid.js",
          "file": "\\test\\derive\\factors\\uuid.js",
          "beforeHooks": [],
          "afterHooks": [],
          "tests": [
            {
              "title": "invalid/type",
              "fullTitle": "derive/factors/uuid invalid/type",
              "timedOut": false,
              "duration": 1,
              "state": "passed",
              "speed": "slow",
              "pass": true,
              "fail": false,
              "pending": false,
              "context": null,
              "code": "(() => {\n  mfkdf.derive.factors.uuid(12345)\n}).should.throw(TypeError)",
              "err": {},
              "uuid": "15f75705-f15c-4db3-8197-79159ea883a1",
              "parentUUID": "a40a8cee-54b6-47aa-8989-9c18b5f20f8c",
              "isHook": false,
              "skipped": false
            },
            {
              "title": "invalid/range",
              "fullTitle": "derive/factors/uuid invalid/range",
              "timedOut": false,
              "duration": 0,
              "state": "passed",
              "speed": "fast",
              "pass": true,
              "fail": false,
              "pending": false,
              "context": null,
              "code": "(() => {\n  mfkdf.derive.factors.uuid('')\n}).should.throw(TypeError)",
              "err": {},
              "uuid": "7368cee2-4827-4399-b6ca-600e904adc72",
              "parentUUID": "a40a8cee-54b6-47aa-8989-9c18b5f20f8c",
              "isHook": false,
              "skipped": false
            }
          ],
          "suites": [],
          "passes": [
            "15f75705-f15c-4db3-8197-79159ea883a1",
            "7368cee2-4827-4399-b6ca-600e904adc72"
          ],
          "failures": [],
          "pending": [],
          "skipped": [],
          "duration": 1,
          "root": false,
          "rootEmpty": false,
          "_timeout": 5000
        },
        {
          "uuid": "aad0df45-ed55-4d36-bdaf-62608723f60c",
          "title": "derive/key",
          "fullFile": "C:\\Users\\Vivek\\Projects\\mfkdf\\test\\derive\\key.js",
          "file": "\\test\\derive\\key.js",
          "beforeHooks": [],
          "afterHooks": [],
          "tests": [
            {
              "title": "hkdf",
              "fullTitle": "derive/key hkdf",
              "timedOut": false,
              "duration": 17,
              "state": "passed",
              "speed": "slow",
              "pass": true,
              "fail": false,
              "pending": false,
              "context": null,
              "code": "const setup = await mfkdf.setup.key([\n  await mfkdf.setup.factors.password('password1', { id: 'password1' })\n], { kdf: 'hkdf' })\nconst derive = await mfkdf.derive.key(setup.policy, {\n  password1: mfkdf.derive.factors.password('password1')\n})\nderive.key.toString('hex').should.equal(setup.key.toString('hex'))",
              "err": {},
              "uuid": "08db29f3-6000-4214-be2d-5bc069aec2c3",
              "parentUUID": "aad0df45-ed55-4d36-bdaf-62608723f60c",
              "isHook": false,
              "skipped": false
            },
            {
              "title": "correct",
              "fullTitle": "derive/key correct",
              "timedOut": false,
              "duration": 25,
              "state": "passed",
              "speed": "slow",
              "pass": true,
              "fail": false,
              "pending": false,
              "context": null,
              "code": "const setup = await mfkdf.setup.key([\n  await mfkdf.setup.factors.password('password1', { id: 'password1' }),\n  await mfkdf.setup.factors.password('password2', { id: 'password2' }),\n  await mfkdf.setup.factors.password('password3', { id: 'password3' })\n], { threshold: 2 })\nconst derive1 = await mfkdf.derive.key(setup.policy, {\n  password1: mfkdf.derive.factors.password('password1'),\n  password2: mfkdf.derive.factors.password('password2')\n})\nconst derive2 = await mfkdf.derive.key(setup.policy, {\n  password2: mfkdf.derive.factors.password('password2'),\n  password3: mfkdf.derive.factors.password('password3')\n})\nconst derive3 = await mfkdf.derive.key(setup.policy, {\n  password1: mfkdf.derive.factors.password('password1'),\n  password3: mfkdf.derive.factors.password('password3')\n})\nconst derive4 = await mfkdf.derive.key(setup.policy, {\n  password1: mfkdf.derive.factors.password('password1'),\n  password2: mfkdf.derive.factors.password('password2'),\n  password3: mfkdf.derive.factors.password('password3')\n})\nsetup.key.toString('hex').should.equal(derive1.key.toString('hex'))\nsetup.key.toString('hex').should.equal(derive2.key.toString('hex'))\nsetup.key.toString('hex').should.equal(derive3.key.toString('hex'))\nsetup.key.toString('hex').should.equal(derive4.key.toString('hex'))\nJSON.stringify(setup.policy).should.equal(JSON.stringify(derive1.policy))\nJSON.stringify(setup.policy).should.equal(JSON.stringify(derive2.policy))\nJSON.stringify(setup.policy).should.equal(JSON.stringify(derive3.policy))\nJSON.stringify(setup.policy).should.equal(JSON.stringify(derive4.policy))",
              "err": {},
              "uuid": "9b6a6afa-eee1-4349-9984-467e45de630b",
              "parentUUID": "aad0df45-ed55-4d36-bdaf-62608723f60c",
              "isHook": false,
              "skipped": false
            },
            {
              "title": "incorrect",
              "fullTitle": "derive/key incorrect",
              "timedOut": false,
              "duration": 20,
              "state": "passed",
              "speed": "slow",
              "pass": true,
              "fail": false,
              "pending": false,
              "context": null,
              "code": "const setup = await mfkdf.setup.key([\n  await mfkdf.setup.factors.password('password1', { id: 'password1' }),\n  await mfkdf.setup.factors.password('password2', { id: 'password2' }),\n  await mfkdf.setup.factors.password('password3', { id: 'password3' })\n], { threshold: 2 })\nconst derive1 = await mfkdf.derive.key(setup.policy, {\n  password1: mfkdf.derive.factors.password('password1'),\n  password2: mfkdf.derive.factors.password('wrongpassword2')\n})\nconst derive2 = await mfkdf.derive.key(setup.policy, {\n  password2: mfkdf.derive.factors.password('wrongpassword2'),\n  password3: mfkdf.derive.factors.password('wrongpassword3')\n})\nconst derive3 = await mfkdf.derive.key(setup.policy, {\n  password1: mfkdf.derive.factors.password('password1'),\n  password3: mfkdf.derive.factors.password('password2')\n})\nconst derive4 = await mfkdf.derive.key(setup.policy, {\n  password1: mfkdf.derive.factors.password('password1'),\n  password2: mfkdf.derive.factors.password('password2'),\n  password3: mfkdf.derive.factors.password('password4')\n})\nsetup.key.toString('hex').should.not.equal(derive1.key.toString('hex'))\nsetup.key.toString('hex').should.not.equal(derive2.key.toString('hex'))\nsetup.key.toString('hex').should.not.equal(derive3.key.toString('hex'))\nsetup.key.toString('hex').should.not.equal(derive4.key.toString('hex'))",
              "err": {},
              "uuid": "3dd32fbd-ac0a-4510-88d5-8f867aa6fe7d",
              "parentUUID": "aad0df45-ed55-4d36-bdaf-62608723f60c",
              "isHook": false,
              "skipped": false
            },
            {
              "title": "mismatch",
              "fullTitle": "derive/key mismatch",
              "timedOut": false,
              "duration": 4,
              "state": "passed",
              "speed": "slow",
              "pass": true,
              "fail": false,
              "pending": false,
              "context": null,
              "code": "const setup = await mfkdf.setup.key([\n  await mfkdf.setup.factors.password('password', { id: 'password' })\n])\nmfkdf.derive.key(setup.policy, {\n  password: mfkdf.derive.factors.uuid('9b1deb4d-3b7d-4bad-9bdd-2b0d7b3dcb6d')\n}).should.be.rejectedWith(TypeError)",
              "err": {},
              "uuid": "c8dccad5-32d2-4188-a9eb-fc9a80b7a059",
              "parentUUID": "aad0df45-ed55-4d36-bdaf-62608723f60c",
              "isHook": false,
              "skipped": false
            }
          ],
          "suites": [
            {
              "uuid": "9452b7df-e814-44fa-b781-b9db7c11e15b",
              "title": "shares",
              "fullFile": "C:\\Users\\Vivek\\Projects\\mfkdf\\test\\derive\\key.js",
              "file": "\\test\\derive\\key.js",
              "beforeHooks": [],
              "afterHooks": [],
              "tests": [
                {
                  "title": "valid",
                  "fullTitle": "derive/key shares valid",
                  "timedOut": false,
                  "duration": 13,
                  "state": "passed",
                  "speed": "slow",
                  "pass": true,
                  "fail": false,
                  "pending": false,
                  "context": null,
                  "code": "const setup = await mfkdf.setup.key([\n  await mfkdf.setup.factors.password('password1', { id: 'password1' }),\n  await mfkdf.setup.factors.password('password2', { id: 'password2' }),\n  await mfkdf.setup.factors.password('password3', { id: 'password3' })\n], { threshold: 2 })\nconst derive1 = await mfkdf.derive.key(setup.policy, {\n  password1: mfkdf.derive.factors.password('password1'),\n  password2: mfkdf.derive.factors.password('password2')\n})\nconst derive2 = await mfkdf.derive.key(derive1.policy, {\n  password2: mfkdf.derive.factors.password('password2'),\n  password3: mfkdf.derive.factors.password('password3')\n})\nconst derive3 = await mfkdf.derive.key(derive2.policy, {\n  password1: mfkdf.derive.factors.password('password1'),\n  password3: mfkdf.derive.factors.password('password3')\n})\nderive1.shares.should.deep.equal(setup.shares)\nderive2.shares.should.deep.equal(setup.shares)\nderive3.shares.should.deep.equal(setup.shares)",
                  "err": {},
                  "uuid": "a5ac3e52-4f16-40f4-a5a8-974c6b019563",
                  "parentUUID": "9452b7df-e814-44fa-b781-b9db7c11e15b",
                  "isHook": false,
                  "skipped": false
                }
              ],
              "suites": [],
              "passes": [
                "a5ac3e52-4f16-40f4-a5a8-974c6b019563"
              ],
              "failures": [],
              "pending": [],
              "skipped": [],
              "duration": 13,
              "root": false,
              "rootEmpty": false,
              "_timeout": 5000
            },
            {
              "uuid": "cc028828-4e2f-4383-bfd0-268b556113ce",
              "title": "invalid",
              "fullFile": "C:\\Users\\Vivek\\Projects\\mfkdf\\test\\derive\\key.js",
              "file": "\\test\\derive\\key.js",
              "beforeHooks": [],
              "afterHooks": [],
              "tests": [
                {
                  "title": "schema",
                  "fullTitle": "derive/key invalid schema",
                  "timedOut": false,
                  "duration": 5,
                  "state": "passed",
                  "speed": "slow",
                  "pass": true,
                  "fail": false,
                  "pending": false,
                  "context": null,
                  "code": "const setup = await mfkdf.setup.key([\n  await mfkdf.setup.factors.password('password1', { id: 'password1' })\n])\ndelete setup.policy.$id\nmfkdf.derive.key(setup.policy, {\n  password1: mfkdf.derive.factors.password('password1')\n}).should.be.rejectedWith(TypeError)",
                  "err": {},
                  "uuid": "06f59988-962b-4017-8ab4-dc2d279e7fc6",
                  "parentUUID": "cc028828-4e2f-4383-bfd0-268b556113ce",
                  "isHook": false,
                  "skipped": false
                },
                {
                  "title": "factors",
                  "fullTitle": "derive/key invalid factors",
                  "timedOut": false,
                  "duration": 5,
                  "state": "passed",
                  "speed": "slow",
                  "pass": true,
                  "fail": false,
                  "pending": false,
                  "context": null,
                  "code": "const setup = await mfkdf.setup.key([\n  await mfkdf.setup.factors.password('password1', { id: 'password1' }),\n  await mfkdf.setup.factors.password('password2', { id: 'password2' }),\n  await mfkdf.setup.factors.password('password3', { id: 'password3' })\n], { threshold: 2 })\nmfkdf.derive.key(setup.policy, {\n  password1: mfkdf.derive.factors.password('password1')\n}).should.be.rejectedWith(RangeError)",
                  "err": {},
                  "uuid": "10eae0fe-5f9f-4329-ba90-8d8df3cf2f71",
                  "parentUUID": "cc028828-4e2f-4383-bfd0-268b556113ce",
                  "isHook": false,
                  "skipped": false
                }
              ],
              "suites": [],
              "passes": [
                "06f59988-962b-4017-8ab4-dc2d279e7fc6",
                "10eae0fe-5f9f-4329-ba90-8d8df3cf2f71"
              ],
              "failures": [],
              "pending": [],
              "skipped": [],
              "duration": 10,
              "root": false,
              "rootEmpty": false,
              "_timeout": 5000
            }
          ],
          "passes": [
            "08db29f3-6000-4214-be2d-5bc069aec2c3",
            "9b6a6afa-eee1-4349-9984-467e45de630b",
            "3dd32fbd-ac0a-4510-88d5-8f867aa6fe7d",
            "c8dccad5-32d2-4188-a9eb-fc9a80b7a059"
          ],
          "failures": [],
          "pending": [],
          "skipped": [],
          "duration": 66,
          "root": false,
          "rootEmpty": false,
          "_timeout": 5000
        },
        {
          "uuid": "a07ec9ce-2114-47f9-a99e-e009345aa2ac",
          "title": "derive/outputs",
          "fullFile": "C:\\Users\\Vivek\\Projects\\mfkdf\\test\\derive\\outputs.js",
          "file": "\\test\\derive\\outputs.js",
          "beforeHooks": [],
          "afterHooks": [],
          "tests": [
            {
              "title": "stack",
              "fullTitle": "derive/outputs stack",
              "timedOut": false,
              "duration": 7,
              "state": "passed",
              "speed": "slow",
              "pass": true,
              "fail": false,
              "pending": false,
              "context": null,
              "code": "const setup = await mfkdf.setup.key([\n  await mfkdf.setup.factors.stack([\n    await mfkdf.setup.factors.uuid({ id: 'uuid1', uuid: '9b1deb4d-3b7d-4bad-9bdd-2b0d7b3dcb6d' }),\n    await mfkdf.setup.factors.uuid({ id: 'uuid2', uuid: '1b9d6bcd-bbfd-4b2d-9b5d-ab8dfbbd4bed' })\n  ]),\n  await mfkdf.setup.factors.uuid({ id: 'uuid3', uuid: '6ec0bd7f-11c0-43da-975e-2a8ad9ebae0b' })\n], { size: 8 })\ndelete setup.outputs.stack.entropyBits\nconst derive = await mfkdf.derive.key(setup.policy, {\n  stack: mfkdf.derive.factors.stack({\n    uuid1: mfkdf.derive.factors.uuid('9b1deb4d-3b7d-4bad-9bdd-2b0d7b3dcb6d'),\n    uuid2: mfkdf.derive.factors.uuid('1b9d6bcd-bbfd-4b2d-9b5d-ab8dfbbd4bed')\n  }),\n  uuid3: mfkdf.derive.factors.uuid('6ec0bd7f-11c0-43da-975e-2a8ad9ebae0b')\n})\nsetup.outputs.should.deep.equal(derive.outputs)",
              "err": {},
              "uuid": "13310964-7761-4f10-8f70-b4ffeda1bc9f",
              "parentUUID": "a07ec9ce-2114-47f9-a99e-e009345aa2ac",
              "isHook": false,
              "skipped": false
            },
            {
              "title": "hmacsha1",
              "fullTitle": "derive/outputs hmacsha1",
              "timedOut": false,
              "duration": 5,
              "state": "passed",
              "speed": "slow",
              "pass": true,
              "fail": false,
              "pending": false,
              "context": null,
              "code": "const setup = await mfkdf.setup.key([\n  await mfkdf.setup.factors.hmacsha1()\n], { size: 8 })\nconst secret = setup.outputs.hmacsha1.secret\nconst challenge = Buffer.from(setup.policy.factors[0].params.challenge, 'hex')\nconst response = crypto.createHmac('sha1', secret).update(challenge).digest()\nconst derive = await mfkdf.derive.key(setup.policy, {\n  hmacsha1: mfkdf.derive.factors.hmacsha1(response)\n})\nsetup.outputs.should.deep.equal(derive.outputs)",
              "err": {},
              "uuid": "6e563389-d422-4707-9e83-36382fd5cb4d",
              "parentUUID": "a07ec9ce-2114-47f9-a99e-e009345aa2ac",
              "isHook": false,
              "skipped": false
            },
            {
              "title": "uuid",
              "fullTitle": "derive/outputs uuid",
              "timedOut": false,
              "duration": 4,
              "state": "passed",
              "speed": "slow",
              "pass": true,
              "fail": false,
              "pending": false,
              "context": null,
              "code": "const setup = await mfkdf.setup.key([\n  await mfkdf.setup.factors.uuid({ uuid: '9b1deb4d-3b7d-4bad-9bdd-2b0d7b3dcb6d' })\n], { size: 8 })\nconst derive = await mfkdf.derive.key(setup.policy, {\n  uuid: mfkdf.derive.factors.uuid('9b1deb4d-3b7d-4bad-9bdd-2b0d7b3dcb6d')\n})\nsetup.outputs.should.deep.equal(derive.outputs)",
              "err": {},
              "uuid": "a20b38d2-5fd2-4e6e-a9f0-c8d3304efae6",
              "parentUUID": "a07ec9ce-2114-47f9-a99e-e009345aa2ac",
              "isHook": false,
              "skipped": false
            },
            {
              "title": "question",
              "fullTitle": "derive/outputs question",
              "timedOut": false,
              "duration": 4,
              "state": "passed",
              "speed": "slow",
              "pass": true,
              "fail": false,
              "pending": false,
              "context": null,
              "code": "const setup = await mfkdf.setup.key([\n  await mfkdf.setup.factors.question('Fido')\n], { size: 8 })\nconst derive = await mfkdf.derive.key(setup.policy, {\n  question: mfkdf.derive.factors.question('Fido')\n})\nsetup.outputs.question.strength.calc_time = null\nderive.outputs.question.strength.calc_time = null\nsetup.outputs.should.deep.equal(derive.outputs)",
              "err": {},
              "uuid": "c77ec36f-a6f8-4251-8b98-3cfd8ad5d613",
              "parentUUID": "a07ec9ce-2114-47f9-a99e-e009345aa2ac",
              "isHook": false,
              "skipped": false
            },
            {
              "title": "ooba",
              "fullTitle": "derive/outputs ooba",
              "timedOut": false,
              "duration": 143,
              "state": "passed",
              "speed": "slow",
              "pass": true,
              "fail": false,
              "pending": false,
              "context": null,
              "code": "const keyPair = await crypto.webcrypto.subtle.generateKey({ hash: 'SHA-256', modulusLength: 2048, name: 'RSA-OAEP', publicExponent: new Uint8Array([1, 0, 1]) }, true, ['encrypt', 'decrypt'])\nconst setup = await mfkdf.setup.key([\n  await mfkdf.setup.factors.ooba({\n    key: keyPair.publicKey, params: { email: 'test@mfkdf.com' }\n  })\n])\nconst next = setup.policy.factors[0].params.next\nconst decrypted = await crypto.webcrypto.subtle.decrypt({ name: 'RSA-OAEP' }, keyPair.privateKey, Buffer.from(next, 'hex'))\nconst code = JSON.parse(Buffer.from(decrypted).toString()).code\nconst derive = await mfkdf.derive.key(setup.policy, {\n  ooba: mfkdf.derive.factors.ooba(code)\n})\nsetup.outputs.should.deep.equal(derive.outputs)",
              "err": {},
              "uuid": "5208c1c6-b632-4216-9f0a-6a9ac525bd33",
              "parentUUID": "a07ec9ce-2114-47f9-a99e-e009345aa2ac",
              "isHook": false,
              "skipped": false
            },
            {
              "title": "password",
              "fullTitle": "derive/outputs password",
              "timedOut": false,
              "duration": 4,
              "state": "passed",
              "speed": "slow",
              "pass": true,
              "fail": false,
              "pending": false,
              "context": null,
              "code": "const setup = await mfkdf.setup.key([\n  await mfkdf.setup.factors.password('password')\n], { size: 8 })\nconst derive = await mfkdf.derive.key(setup.policy, {\n  password: mfkdf.derive.factors.password('password')\n})\nsetup.outputs.password.strength.calc_time = null\nderive.outputs.password.strength.calc_time = null\nsetup.outputs.should.deep.equal(derive.outputs)",
              "err": {},
              "uuid": "e33e01ad-1c7a-4a00-9f8f-cc97589d8335",
              "parentUUID": "a07ec9ce-2114-47f9-a99e-e009345aa2ac",
              "isHook": false,
              "skipped": false
            },
            {
              "title": "multiple",
              "fullTitle": "derive/outputs multiple",
              "timedOut": false,
              "duration": 4,
              "state": "passed",
              "speed": "slow",
              "pass": true,
              "fail": false,
              "pending": false,
              "context": null,
              "code": "const setup = await mfkdf.setup.key([\n  await mfkdf.setup.factors.uuid({ id: 'uuid1', uuid: '9b1deb4d-3b7d-4bad-9bdd-2b0d7b3dcb6d' }),\n  await mfkdf.setup.factors.uuid({ id: 'uuid2', uuid: '1b9d6bcd-bbfd-4b2d-9b5d-ab8dfbbd4bed' }),\n  await mfkdf.setup.factors.uuid({ id: 'uuid3', uuid: '6ec0bd7f-11c0-43da-975e-2a8ad9ebae0b' })\n], { threshold: 2 })\nsetup.outputs.should.deep.equal({\n  uuid1: { uuid: '9b1deb4d-3b7d-4bad-9bdd-2b0d7b3dcb6d' },\n  uuid2: { uuid: '1b9d6bcd-bbfd-4b2d-9b5d-ab8dfbbd4bed' },\n  uuid3: { uuid: '6ec0bd7f-11c0-43da-975e-2a8ad9ebae0b' }\n})\nconst derive = await mfkdf.derive.key(setup.policy, {\n  uuid1: mfkdf.derive.factors.uuid('9b1deb4d-3b7d-4bad-9bdd-2b0d7b3dcb6d'),\n  uuid3: mfkdf.derive.factors.uuid('6ec0bd7f-11c0-43da-975e-2a8ad9ebae0b')\n})\nderive.outputs.should.deep.equal({\n  uuid1: { uuid: '9b1deb4d-3b7d-4bad-9bdd-2b0d7b3dcb6d' },\n  uuid3: { uuid: '6ec0bd7f-11c0-43da-975e-2a8ad9ebae0b' }\n})",
              "err": {},
              "uuid": "f286c743-4a5d-4b38-ba0c-d2d4b1848239",
              "parentUUID": "a07ec9ce-2114-47f9-a99e-e009345aa2ac",
              "isHook": false,
              "skipped": false
            }
          ],
          "suites": [],
          "passes": [
            "13310964-7761-4f10-8f70-b4ffeda1bc9f",
            "6e563389-d422-4707-9e83-36382fd5cb4d",
            "a20b38d2-5fd2-4e6e-a9f0-c8d3304efae6",
            "c77ec36f-a6f8-4251-8b98-3cfd8ad5d613",
            "5208c1c6-b632-4216-9f0a-6a9ac525bd33",
            "e33e01ad-1c7a-4a00-9f8f-cc97589d8335",
            "f286c743-4a5d-4b38-ba0c-d2d4b1848239"
          ],
          "failures": [],
          "pending": [],
          "skipped": [],
          "duration": 171,
          "root": false,
          "rootEmpty": false,
          "_timeout": 5000
        },
        {
          "uuid": "b348a50f-37e2-4a57-9f6a-9bce21b157ec",
          "title": "examples",
          "fullFile": "C:\\Users\\Vivek\\Projects\\mfkdf\\test\\examples\\examples.js",
          "file": "\\test\\examples\\examples.js",
          "beforeHooks": [],
          "afterHooks": [],
          "tests": [
            {
              "title": "setup/derive fast",
              "fullTitle": "examples setup/derive fast",
              "timedOut": false,
              "duration": 5,
              "state": "passed",
              "speed": "slow",
              "pass": true,
              "fail": false,
              "pending": false,
              "context": null,
              "code": "// setup 16 byte 2-of-3-factor multi-factor derived key with a password, HOTP code, and UUID recovery code\nconst setup = await mfkdf.setup.key(\n  [\n    await mfkdf.setup.factors.password('password'),\n    await mfkdf.setup.factors.hotp({ secret: Buffer.from('hello world') }),\n    await mfkdf.setup.factors.uuid({\n      id: 'recovery',\n      uuid: '9b1deb4d-3b7d-4bad-9bdd-2b0d7b3dcb6d'\n    })\n  ],\n  { threshold: 2, size: 16 }\n)\n// derive key using 2 of the 3 factors\nconst derive = await mfkdf.derive.key(setup.policy, {\n  password: mfkdf.derive.factors.password('password'),\n  hotp: mfkdf.derive.factors.hotp(365287)\n})\nsetup.key.toString('hex') // -> 34d20ced439ec2f871c96ca377f25771\nderive.key.toString('hex') // -> 34d20ced439ec2f871c96ca377f25771\nsetup.key.toString('hex').should.equal(derive.key.toString('hex'))",
              "err": {},
              "uuid": "c484852b-f49d-4fd3-8095-abb968ac84e4",
              "parentUUID": "b348a50f-37e2-4a57-9f6a-9bce21b157ec",
              "isHook": false,
              "skipped": false
            },
            {
              "title": "setup/derive",
              "fullTitle": "examples setup/derive",
              "timedOut": false,
              "duration": 5,
              "state": "passed",
              "speed": "slow",
              "pass": true,
              "fail": false,
              "pending": false,
              "context": null,
              "code": "// setup 16 byte 2-of-3-factor multi-factor derived key with a password, HOTP code, and UUID recovery code\nconst setup = await mfkdf.setup.key(\n  [\n    await mfkdf.setup.factors.password('password'),\n    await mfkdf.setup.factors.hotp({ secret: Buffer.from('hello world') }),\n    await mfkdf.setup.factors.uuid({\n      id: 'recovery',\n      uuid: '9b1deb4d-3b7d-4bad-9bdd-2b0d7b3dcb6d'\n    })\n  ],\n  { threshold: 2, size: 16 }\n)\n// derive key using 2 of the 3 factors\nconst derive = await mfkdf.derive.key(setup.policy, {\n  password: mfkdf.derive.factors.password('password'),\n  hotp: mfkdf.derive.factors.hotp(365287)\n})\nsetup.key.toString('hex') // -> 34d20ced439ec2f871c96ca377f25771\nderive.key.toString('hex') // -> 34d20ced439ec2f871c96ca377f25771\nsetup.key.toString('hex').should.equal(derive.key.toString('hex'))",
              "err": {},
              "uuid": "1ee7acd1-9898-4b02-8091-7b490104e149",
              "parentUUID": "b348a50f-37e2-4a57-9f6a-9bce21b157ec",
              "isHook": false,
              "skipped": false
            }
          ],
          "suites": [
            {
              "uuid": "7c39dc42-45d5-4586-b5b4-13bcfbd998da",
              "title": "factors",
              "fullFile": "C:\\Users\\Vivek\\Projects\\mfkdf\\test\\examples\\examples.js",
              "file": "\\test\\examples\\examples.js",
              "beforeHooks": [],
              "afterHooks": [],
              "tests": [
                {
                  "title": "stack",
                  "fullTitle": "examples factors stack",
                  "timedOut": false,
                  "duration": 8,
                  "state": "passed",
                  "speed": "slow",
                  "pass": true,
                  "fail": false,
                  "pending": false,
                  "context": null,
                  "code": "// setup key with stack factor\nconst setup = await mfkdf.setup.key(\n  [\n    await mfkdf.setup.factors.stack([\n      await mfkdf.setup.factors.password('password1', {\n        id: 'password1'\n      }),\n      await mfkdf.setup.factors.password('password2', {\n        id: 'password2'\n      })\n    ]),\n    await mfkdf.setup.factors.password('password3', { id: 'password3' })\n  ],\n  { size: 8 }\n)\n// derive key with stack factor\nconst derive = await mfkdf.derive.key(setup.policy, {\n  stack: mfkdf.derive.factors.stack({\n    password1: mfkdf.derive.factors.password('password1'),\n    password2: mfkdf.derive.factors.password('password2')\n  }),\n  password3: mfkdf.derive.factors.password('password3')\n})\nsetup.key.toString('hex') // -> 01d0c7236adf2516\nderive.key.toString('hex') // -> 01d0c7236adf2516\nsetup.key.toString('hex').should.equal(derive.key.toString('hex'))",
                  "err": {},
                  "uuid": "ff758c4b-791f-48e8-9556-5bec3c47456d",
                  "parentUUID": "7c39dc42-45d5-4586-b5b4-13bcfbd998da",
                  "isHook": false,
                  "skipped": false
                },
                {
                  "title": "hmacsha1",
                  "fullTitle": "examples factors hmacsha1",
                  "timedOut": false,
                  "duration": 4,
                  "state": "passed",
                  "speed": "slow",
                  "pass": true,
                  "fail": false,
                  "pending": false,
                  "context": null,
                  "code": "// setup key with hmacsha1 factor\nconst setup = await mfkdf.setup.key(\n  [await mfkdf.setup.factors.hmacsha1()],\n  { size: 8 }\n)\n// calculate response; could be done using hardware device\nconst secret = setup.outputs.hmacsha1.secret\nconst challenge = Buffer.from(\n  setup.policy.factors[0].params.challenge,\n  'hex'\n)\nconst response = crypto\n  .createHmac('sha1', secret)\n  .update(challenge)\n  .digest()\n// derive key with hmacsha1 factor\nconst derive = await mfkdf.derive.key(setup.policy, {\n  hmacsha1: mfkdf.derive.factors.hmacsha1(response)\n})\nsetup.key.toString('hex') // -> 01d0c7236adf2516\nderive.key.toString('hex') // -> 01d0c7236adf2516\nsetup.key.toString('hex').should.equal(derive.key.toString('hex'))",
                  "err": {},
                  "uuid": "aaf8e492-8d3c-4683-a46d-41e7f3b5d8a4",
                  "parentUUID": "7c39dc42-45d5-4586-b5b4-13bcfbd998da",
                  "isHook": false,
                  "skipped": false
                },
                {
                  "title": "totp",
                  "fullTitle": "examples factors totp",
                  "timedOut": false,
                  "duration": 424,
                  "state": "passed",
                  "speed": "slow",
                  "pass": true,
                  "fail": false,
                  "pending": false,
                  "context": null,
                  "code": "// setup key with totp factor\nconst setup = await mfkdf.setup.key(\n  [\n    await mfkdf.setup.factors.totp({\n      secret: Buffer.from('hello world'),\n      time: 1650430806597\n    })\n  ],\n  { size: 8 }\n)\n// derive key with totp factor\nconst derive = await mfkdf.derive.key(setup.policy, {\n  totp: mfkdf.derive.factors.totp(528258, { time: 1650430943604 })\n})\nsetup.key.toString('hex') // -> 01d0c7236adf2516\nderive.key.toString('hex') // -> 01d0c7236adf2516\nsetup.key.toString('hex').should.equal(derive.key.toString('hex'))",
                  "err": {},
                  "uuid": "61b37c4e-0c11-4d9d-aac3-bcc8e8e2086e",
                  "parentUUID": "7c39dc42-45d5-4586-b5b4-13bcfbd998da",
                  "isHook": false,
                  "skipped": false
                },
                {
                  "title": "hotp",
                  "fullTitle": "examples factors hotp",
                  "timedOut": false,
                  "duration": 4,
                  "state": "passed",
                  "speed": "slow",
                  "pass": true,
                  "fail": false,
                  "pending": false,
                  "context": null,
                  "code": "// setup key with hotp factor\nconst setup = await mfkdf.setup.key(\n  [\n    await mfkdf.setup.factors.hotp({\n      secret: Buffer.from('hello world')\n    })\n  ],\n  { size: 8 }\n)\n// derive key with hotp factor\nconst derive = await mfkdf.derive.key(setup.policy, {\n  hotp: mfkdf.derive.factors.hotp(365287)\n})\nsetup.key.toString('hex') // -> 01d0c7236adf2516\nderive.key.toString('hex') // -> 01d0c7236adf2516\nsetup.key.toString('hex').should.equal(derive.key.toString('hex'))",
                  "err": {},
                  "uuid": "666e8591-fb41-443c-853c-7afb621918c6",
                  "parentUUID": "7c39dc42-45d5-4586-b5b4-13bcfbd998da",
                  "isHook": false,
                  "skipped": false
                },
                {
                  "title": "uuid",
                  "fullTitle": "examples factors uuid",
                  "timedOut": false,
                  "duration": 3,
                  "state": "passed",
                  "speed": "slow",
                  "pass": true,
                  "fail": false,
                  "pending": false,
                  "context": null,
                  "code": "// setup key with uuid factor\nconst setup = await mfkdf.setup.key(\n  [\n    await mfkdf.setup.factors.uuid({\n      uuid: '9b1deb4d-3b7d-4bad-9bdd-2b0d7b3dcb6d'\n    })\n  ],\n  { size: 8 }\n)\n// derive key with uuid factor\nconst derive = await mfkdf.derive.key(setup.policy, {\n  uuid: mfkdf.derive.factors.uuid('9b1deb4d-3b7d-4bad-9bdd-2b0d7b3dcb6d')\n})\nsetup.key.toString('hex') // -> 01d0c7236adf2516\nderive.key.toString('hex') // -> 01d0c7236adf2516\nsetup.key.toString('hex').should.equal(derive.key.toString('hex'))",
                  "err": {},
                  "uuid": "1b56e9be-4061-4c3a-8fc8-4a19e82688a4",
                  "parentUUID": "7c39dc42-45d5-4586-b5b4-13bcfbd998da",
                  "isHook": false,
                  "skipped": false
                },
                {
                  "title": "question",
                  "fullTitle": "examples factors question",
                  "timedOut": false,
                  "duration": 5,
                  "state": "passed",
                  "speed": "slow",
                  "pass": true,
                  "fail": false,
                  "pending": false,
                  "context": null,
                  "code": "// setup key with security question factor\nconst setup = await mfkdf.setup.key(\n  [await mfkdf.setup.factors.question('Fido')],\n  { size: 8 }\n)\n// derive key with security question factor\nconst derive = await mfkdf.derive.key(setup.policy, {\n  question: mfkdf.derive.factors.question('Fido')\n})\nsetup.key.toString('hex').should.equal(derive.key.toString('hex'))",
                  "err": {},
                  "uuid": "113f1aad-5029-48e7-a250-5b0698c46c1e",
                  "parentUUID": "7c39dc42-45d5-4586-b5b4-13bcfbd998da",
                  "isHook": false,
                  "skipped": false
                },
                {
                  "title": "ooba",
                  "fullTitle": "examples factors ooba",
                  "timedOut": false,
                  "duration": 71,
                  "state": "passed",
                  "speed": "slow",
                  "pass": true,
                  "fail": false,
                  "pending": false,
                  "context": null,
                  "code": "// setup RSA key pair (on out-of-band server)\nconst keyPair = await crypto.webcrypto.subtle.generateKey(\n  {\n    hash: 'SHA-256',\n    modulusLength: 2048,\n    name: 'RSA-OAEP',\n    publicExponent: new Uint8Array([1, 0, 1])\n  },\n  true,\n  ['encrypt', 'decrypt']\n)\n// setup key with out-of-band authentication factor\nconst setup = await mfkdf.setup.key([\n  await mfkdf.setup.factors.ooba({\n    key: keyPair.publicKey,\n    params: { email: 'test@mfkdf.com' }\n  })\n])\n// decrypt and send code (on out-of-band server)\nconst next = setup.policy.factors[0].params.next\nconst decrypted = await crypto.webcrypto.subtle.decrypt(\n  { name: 'RSA-OAEP' },\n  keyPair.privateKey,\n  Buffer.from(next, 'hex')\n)\nconst code = JSON.parse(Buffer.from(decrypted).toString()).code\n// derive key with out-of-band factor\nconst derive = await mfkdf.derive.key(setup.policy, {\n  ooba: mfkdf.derive.factors.ooba(code)\n})\nsetup.key.toString('hex') // -> 01d0c7236adf2516\nderive.key.toString('hex') // -> 01d0c7236adf2516\nsetup.key.toString('hex').should.equal(derive.key.toString('hex'))",
                  "err": {},
                  "uuid": "5e86ab4e-3f59-49ac-9ea1-5c9acaa1d6a2",
                  "parentUUID": "7c39dc42-45d5-4586-b5b4-13bcfbd998da",
                  "isHook": false,
                  "skipped": false
                },
                {
                  "title": "password",
                  "fullTitle": "examples factors password",
                  "timedOut": false,
                  "duration": 5,
                  "state": "passed",
                  "speed": "slow",
                  "pass": true,
                  "fail": false,
                  "pending": false,
                  "context": null,
                  "code": "// setup key with password factor\nconst setup = await mfkdf.setup.key(\n  [await mfkdf.setup.factors.password('password')],\n  { size: 8 }\n)\n// derive key with password factor\nconst derive = await mfkdf.derive.key(setup.policy, {\n  password: mfkdf.derive.factors.password('password')\n})\nsetup.key.toString('hex') // -> 01d0c7236adf2516\nderive.key.toString('hex') // -> 01d0c7236adf2516\nsetup.key.toString('hex').should.equal(derive.key.toString('hex'))",
                  "err": {},
                  "uuid": "61d5fafb-447e-45f3-b62b-88c8165bc7f1",
                  "parentUUID": "7c39dc42-45d5-4586-b5b4-13bcfbd998da",
                  "isHook": false,
                  "skipped": false
                }
              ],
              "suites": [],
              "passes": [
                "ff758c4b-791f-48e8-9556-5bec3c47456d",
                "aaf8e492-8d3c-4683-a46d-41e7f3b5d8a4",
                "61b37c4e-0c11-4d9d-aac3-bcc8e8e2086e",
                "666e8591-fb41-443c-853c-7afb621918c6",
                "1b56e9be-4061-4c3a-8fc8-4a19e82688a4",
                "113f1aad-5029-48e7-a250-5b0698c46c1e",
                "5e86ab4e-3f59-49ac-9ea1-5c9acaa1d6a2",
                "61d5fafb-447e-45f3-b62b-88c8165bc7f1"
              ],
              "failures": [],
              "pending": [],
              "skipped": [],
              "duration": 524,
              "root": false,
              "rootEmpty": false,
              "_timeout": 5000
            },
            {
              "uuid": "b7ff9711-3c43-4096-8a0b-8dc6c546977b",
              "title": "secrets",
              "fullFile": "C:\\Users\\Vivek\\Projects\\mfkdf\\test\\examples\\examples.js",
              "file": "\\test\\examples\\examples.js",
              "beforeHooks": [],
              "afterHooks": [],
              "tests": [
                {
                  "title": "full",
                  "fullTitle": "examples secrets full",
                  "timedOut": false,
                  "duration": 0,
                  "state": "passed",
                  "speed": "fast",
                  "pass": true,
                  "fail": false,
                  "pending": false,
                  "context": null,
                  "code": "// share secret using 2-of-3 shares\nconst shares = mfkdf.secrets.share(Buffer.from('hello world'), 2, 3) // -> [Buffer, Buffer, Buffer]\n// recover secret using 2 shares\nconst secret = mfkdf.secrets.combine([shares[0], null, shares[2]], 2, 3)\nsecret.toString() // -> hello world\n// recover original 3 shares\nconst recover = mfkdf.secrets.recover([shares[0], null, shares[2]], 2, 3) // -> [Buffer, Buffer, Buffer]\nrecover.should.be.a('array')",
                  "err": {},
                  "uuid": "c2e9d348-a4be-41ba-b79a-aa012a2e47a4",
                  "parentUUID": "b7ff9711-3c43-4096-8a0b-8dc6c546977b",
                  "isHook": false,
                  "skipped": false
                }
              ],
              "suites": [],
              "passes": [
                "c2e9d348-a4be-41ba-b79a-aa012a2e47a4"
              ],
              "failures": [],
              "pending": [],
              "skipped": [],
              "duration": 0,
              "root": false,
              "rootEmpty": false,
              "_timeout": 5000
            },
            {
              "uuid": "30bdd11b-9c0a-434e-8cdc-eee7079ec3f1",
              "title": "policy",
              "fullFile": "C:\\Users\\Vivek\\Projects\\mfkdf\\test\\examples\\examples.js",
              "file": "\\test\\examples\\examples.js",
              "beforeHooks": [],
              "afterHooks": [],
              "tests": [
                {
                  "title": "validate",
                  "fullTitle": "examples policy validate",
                  "timedOut": false,
                  "duration": 2,
                  "state": "passed",
                  "speed": "slow",
                  "pass": true,
                  "fail": false,
                  "pending": false,
                  "context": null,
                  "code": "// setup key that can be derived from passwordA AND (passwordB OR passwordC)\nconst setup = await mfkdf.policy.setup(\n  await mfkdf.policy.and(\n    await mfkdf.setup.factors.password('passwordA', { id: 'passwordA' }),\n    await mfkdf.policy.or(\n      await mfkdf.setup.factors.password('passwordB', {\n        id: 'passwordB'\n      }),\n      await mfkdf.setup.factors.password('passwordC', { id: 'passwordC' })\n    )\n  )\n)\n// validate policy\nconst valid = mfkdf.policy.validate(setup.policy) // -> true\nvalid.should.be.true",
                  "err": {},
                  "uuid": "e0c65661-eeda-4f61-9260-d4dbbceb6e86",
                  "parentUUID": "30bdd11b-9c0a-434e-8cdc-eee7079ec3f1",
                  "isHook": false,
                  "skipped": false
                },
                {
                  "title": "ids",
                  "fullTitle": "examples policy ids",
                  "timedOut": false,
                  "duration": 2,
                  "state": "passed",
                  "speed": "slow",
                  "pass": true,
                  "fail": false,
                  "pending": false,
                  "context": null,
                  "code": "// setup key that can be derived from passwordA AND (passwordB OR passwordC)\nconst setup = await mfkdf.policy.setup(\n  await mfkdf.policy.and(\n    await mfkdf.setup.factors.password('passwordA', { id: 'passwordA' }),\n    await mfkdf.policy.or(\n      await mfkdf.setup.factors.password('passwordB', {\n        id: 'passwordB'\n      }),\n      await mfkdf.setup.factors.password('passwordC', { id: 'passwordC' })\n    )\n  )\n)\n// get list of ids\nconst ids = mfkdf.policy.ids(setup.policy) // -> ['passwordA', 'passwordB', 'passwordC', ...]\nids.includes('passwordA').should.be.true\nids.includes('passwordB').should.be.true\nids.includes('passwordC').should.be.true",
                  "err": {},
                  "uuid": "43ed7359-8c78-4fc5-adb5-383ea0ce2582",
                  "parentUUID": "30bdd11b-9c0a-434e-8cdc-eee7079ec3f1",
                  "isHook": false,
                  "skipped": false
                },
                {
                  "title": "evaluate",
                  "fullTitle": "examples policy evaluate",
                  "timedOut": false,
                  "duration": 1,
                  "state": "passed",
                  "speed": "slow",
                  "pass": true,
                  "fail": false,
                  "pending": false,
                  "context": null,
                  "code": "// setup key that can be derived from passwordA AND (passwordB OR passwordC)\nconst setup = await mfkdf.policy.setup(\n  await mfkdf.policy.and(\n    await mfkdf.setup.factors.password('passwordA', { id: 'passwordA' }),\n    await mfkdf.policy.or(\n      await mfkdf.setup.factors.password('passwordB', {\n        id: 'passwordB'\n      }),\n      await mfkdf.setup.factors.password('passwordC', { id: 'passwordC' })\n    )\n  )\n)\n// check if key can be derived with passwordA and passwordC\nconst valid1 = await mfkdf.policy.evaluate(setup.policy, [\n  'passwordA',\n  'passwordC'\n]) // -> true\n// check if key can be derived with passwordB and passwordC\nconst valid2 = await mfkdf.policy.evaluate(setup.policy, [\n  'passwordB',\n  'passwordC'\n]) // -> false\nvalid1.should.be.true\nvalid2.should.be.false",
                  "err": {},
                  "uuid": "9fc5b430-9ff4-4844-8986-343e6864aec4",
                  "parentUUID": "30bdd11b-9c0a-434e-8cdc-eee7079ec3f1",
                  "isHook": false,
                  "skipped": false
                },
                {
                  "title": "setup/derive",
                  "fullTitle": "examples policy setup/derive",
                  "timedOut": false,
                  "duration": 12,
                  "state": "passed",
                  "speed": "slow",
                  "pass": true,
                  "fail": false,
                  "pending": false,
                  "context": null,
                  "code": "// setup key that can be derived from passwordA AND (passwordB OR passwordC)\nconst setup = await mfkdf.policy.setup(\n  await mfkdf.policy.and(\n    await mfkdf.setup.factors.password('passwordA', { id: 'passwordA' }),\n    await mfkdf.policy.or(\n      await mfkdf.setup.factors.password('passwordB', {\n        id: 'passwordB'\n      }),\n      await mfkdf.setup.factors.password('passwordC', { id: 'passwordC' })\n    )\n  ),\n  { size: 8 }\n)\n// derive key with passwordA and passwordC (or passwordA and passwordB)\nconst derive = await mfkdf.policy.derive(setup.policy, {\n  passwordA: mfkdf.derive.factors.password('passwordA'),\n  passwordC: mfkdf.derive.factors.password('passwordC')\n})\nsetup.key.toString('hex') // -> e16a227944a65263\nderive.key.toString('hex') // -> e16a227944a65263\nsetup.key.toString('hex').should.equal(derive.key.toString('hex'))",
                  "err": {},
                  "uuid": "adb76bed-fbdd-4882-9995-495b5a08b23b",
                  "parentUUID": "30bdd11b-9c0a-434e-8cdc-eee7079ec3f1",
                  "isHook": false,
                  "skipped": false
                },
                {
                  "title": "all",
                  "fullTitle": "examples policy all",
                  "timedOut": false,
                  "duration": 7,
                  "state": "passed",
                  "speed": "slow",
                  "pass": true,
                  "fail": false,
                  "pending": false,
                  "context": null,
                  "code": "// setup key that can be derived from passwordA AND passwordB AND passwordC\nconst setup = await mfkdf.policy.setup(\n  await mfkdf.policy.all([\n    await mfkdf.setup.factors.password('passwordA', { id: 'passwordA' }),\n    await mfkdf.setup.factors.password('passwordB', { id: 'passwordB' }),\n    await mfkdf.setup.factors.password('passwordC', { id: 'passwordC' })\n  ]),\n  { size: 8 }\n)\n// derive key with passwordA and passwordB and passwordC\nconst derive = await mfkdf.policy.derive(setup.policy, {\n  passwordA: mfkdf.derive.factors.password('passwordA'),\n  passwordB: mfkdf.derive.factors.password('passwordB'),\n  passwordC: mfkdf.derive.factors.password('passwordC')\n})\nsetup.key.toString('hex') // -> e16a227944a65263\nderive.key.toString('hex') // -> e16a227944a65263\nsetup.key.toString('hex').should.equal(derive.key.toString('hex'))",
                  "err": {},
                  "uuid": "f471c56f-6990-44c3-8fcd-c8a36b5a3e22",
                  "parentUUID": "30bdd11b-9c0a-434e-8cdc-eee7079ec3f1",
                  "isHook": false,
                  "skipped": false
                },
                {
                  "title": "any",
                  "fullTitle": "examples policy any",
                  "timedOut": false,
                  "duration": 7,
                  "state": "passed",
                  "speed": "slow",
                  "pass": true,
                  "fail": false,
                  "pending": false,
                  "context": null,
                  "code": "// setup key that can be derived from passwordA OR passwordB OR passwordC\nconst setup = await mfkdf.policy.setup(\n  await mfkdf.policy.any([\n    await mfkdf.setup.factors.password('passwordA', { id: 'passwordA' }),\n    await mfkdf.setup.factors.password('passwordB', { id: 'passwordB' }),\n    await mfkdf.setup.factors.password('passwordC', { id: 'passwordC' })\n  ]),\n  { size: 8 }\n)\n// derive key with passwordA (or passwordB or passwordC)\nconst derive = await mfkdf.policy.derive(setup.policy, {\n  passwordB: mfkdf.derive.factors.password('passwordB')\n})\nsetup.key.toString('hex') // -> e16a227944a65263\nderive.key.toString('hex') // -> e16a227944a65263\nsetup.key.toString('hex').should.equal(derive.key.toString('hex'))",
                  "err": {},
                  "uuid": "5a0467f5-ae5b-444e-a716-710730aedaa6",
                  "parentUUID": "30bdd11b-9c0a-434e-8cdc-eee7079ec3f1",
                  "isHook": false,
                  "skipped": false
                },
                {
                  "title": "atLeast2",
                  "fullTitle": "examples policy atLeast2",
                  "timedOut": false,
                  "duration": 7,
                  "state": "passed",
                  "speed": "slow",
                  "pass": true,
                  "fail": false,
                  "pending": false,
                  "context": null,
                  "code": "// setup key that can be derived from at least 2 of (passwordA, passwordB, passwordC)\nconst setup = await mfkdf.policy.setup(\n  await mfkdf.policy.any([\n    await mfkdf.setup.factors.password('passwordA', { id: 'passwordA' }),\n    await mfkdf.setup.factors.password('passwordB', { id: 'passwordB' }),\n    await mfkdf.setup.factors.password('passwordC', { id: 'passwordC' })\n  ]),\n  { size: 8 }\n)\n// derive key with passwordA and passwordB (or passwordA and passwordC, or passwordB and passwordC)\nconst derive = await mfkdf.policy.derive(setup.policy, {\n  passwordA: mfkdf.derive.factors.password('passwordA'),\n  passwordB: mfkdf.derive.factors.password('passwordB')\n})\nsetup.key.toString('hex') // -> e16a227944a65263\nderive.key.toString('hex') // -> e16a227944a65263\nsetup.key.toString('hex').should.equal(derive.key.toString('hex'))",
                  "err": {},
                  "uuid": "15883ef1-679b-40b3-b0b2-ff3a4b752800",
                  "parentUUID": "30bdd11b-9c0a-434e-8cdc-eee7079ec3f1",
                  "isHook": false,
                  "skipped": false
                }
              ],
              "suites": [],
              "passes": [
                "e0c65661-eeda-4f61-9260-d4dbbceb6e86",
                "43ed7359-8c78-4fc5-adb5-383ea0ce2582",
                "9fc5b430-9ff4-4844-8986-343e6864aec4",
                "adb76bed-fbdd-4882-9995-495b5a08b23b",
                "f471c56f-6990-44c3-8fcd-c8a36b5a3e22",
                "5a0467f5-ae5b-444e-a716-710730aedaa6",
                "15883ef1-679b-40b3-b0b2-ff3a4b752800"
              ],
              "failures": [],
              "pending": [],
              "skipped": [],
              "duration": 38,
              "root": false,
              "rootEmpty": false,
              "_timeout": 5000
            },
            {
              "uuid": "4690e808-606e-4c28-b025-8fbe652d52d0",
              "title": "reconstitution",
              "fullFile": "C:\\Users\\Vivek\\Projects\\mfkdf\\test\\examples\\examples.js",
              "file": "\\test\\examples\\examples.js",
              "beforeHooks": [],
              "afterHooks": [],
              "tests": [
                {
                  "title": "setThreshold",
                  "fullTitle": "examples reconstitution setThreshold",
                  "timedOut": false,
                  "duration": 5,
                  "state": "passed",
                  "speed": "slow",
                  "pass": true,
                  "fail": false,
                  "pending": false,
                  "context": null,
                  "code": "// setup 3-factor multi-factor derived key\nconst setup = await mfkdf.setup.key(\n  [\n    await mfkdf.setup.factors.password('password1', { id: 'password1' }),\n    await mfkdf.setup.factors.password('password2', { id: 'password2' }),\n    await mfkdf.setup.factors.password('password3', { id: 'password3' })\n  ],\n  { size: 8 }\n)\n// change threshold to 2/3\nawait setup.setThreshold(2)\n// derive key with 2 factors\nconst derived = await mfkdf.derive.key(setup.policy, {\n  password1: mfkdf.derive.factors.password('password1'),\n  password3: mfkdf.derive.factors.password('password3')\n})\nsetup.key.toString('hex') // -> 64587f2a0e65dc3c\nderived.key.toString('hex') // -> 64587f2a0e65dc3c\nsetup.key.toString('hex').should.equal(derived.key.toString('hex'))",
                  "err": {},
                  "uuid": "a839343b-0a89-4a92-85a1-80e7f7887b9e",
                  "parentUUID": "4690e808-606e-4c28-b025-8fbe652d52d0",
                  "isHook": false,
                  "skipped": false
                },
                {
                  "title": "removeFactor",
                  "fullTitle": "examples reconstitution removeFactor",
                  "timedOut": false,
                  "duration": 4,
                  "state": "passed",
                  "speed": "slow",
                  "pass": true,
                  "fail": false,
                  "pending": false,
                  "context": null,
                  "code": "// setup 2-of-3-factor multi-factor derived key\nconst setup = await mfkdf.setup.key(\n  [\n    await mfkdf.setup.factors.password('password1', { id: 'password1' }),\n    await mfkdf.setup.factors.password('password2', { id: 'password2' }),\n    await mfkdf.setup.factors.password('password3', { id: 'password3' })\n  ],\n  { size: 8, threshold: 2 }\n)\n// remove one of the factors\nawait setup.removeFactor('password2')\n// derive key with remaining 2 factors\nconst derived = await mfkdf.derive.key(setup.policy, {\n  password1: mfkdf.derive.factors.password('password1'),\n  password3: mfkdf.derive.factors.password('password3')\n})\nsetup.key.toString('hex') // -> 64587f2a0e65dc3c\nderived.key.toString('hex') // -> 64587f2a0e65dc3c\nsetup.key.toString('hex').should.equal(derived.key.toString('hex'))",
                  "err": {},
                  "uuid": "1e86ecd0-d1f7-44c3-9f9e-8a1d4f969082",
                  "parentUUID": "4690e808-606e-4c28-b025-8fbe652d52d0",
                  "isHook": false,
                  "skipped": false
                },
                {
                  "title": "removeFactors",
                  "fullTitle": "examples reconstitution removeFactors",
                  "timedOut": false,
                  "duration": 5,
                  "state": "passed",
                  "speed": "slow",
                  "pass": true,
                  "fail": false,
                  "pending": false,
                  "context": null,
                  "code": "// setup 1-of-3-factor multi-factor derived key\nconst setup = await mfkdf.setup.key(\n  [\n    await mfkdf.setup.factors.password('password1', { id: 'password1' }),\n    await mfkdf.setup.factors.password('password2', { id: 'password2' }),\n    await mfkdf.setup.factors.password('password3', { id: 'password3' })\n  ],\n  { size: 8, threshold: 1 }\n)\n// remove two factors\nawait setup.removeFactors(['password1', 'password2'])\n// derive key with remaining factor\nconst derived = await mfkdf.derive.key(setup.policy, {\n  password3: mfkdf.derive.factors.password('password3')\n})\nsetup.key.toString('hex') // -> 64587f2a0e65dc3c\nderived.key.toString('hex') // -> 64587f2a0e65dc3c\nsetup.key.toString('hex').should.equal(derived.key.toString('hex'))",
                  "err": {},
                  "uuid": "0773b383-3a0c-47ef-9978-6eec59219c70",
                  "parentUUID": "4690e808-606e-4c28-b025-8fbe652d52d0",
                  "isHook": false,
                  "skipped": false
                },
                {
                  "title": "addFactor",
                  "fullTitle": "examples reconstitution addFactor",
                  "timedOut": false,
                  "duration": 5,
                  "state": "passed",
                  "speed": "slow",
                  "pass": true,
                  "fail": false,
                  "pending": false,
                  "context": null,
                  "code": "// setup 2-of-3-factor multi-factor derived key\nconst setup = await mfkdf.setup.key(\n  [\n    await mfkdf.setup.factors.password('password1', { id: 'password1' }),\n    await mfkdf.setup.factors.password('password2', { id: 'password2' }),\n    await mfkdf.setup.factors.password('password3', { id: 'password3' })\n  ],\n  { size: 8, threshold: 2 }\n)\nconsole.log(setup.policy)\n// add fourth factor\nawait setup.addFactor(\n  await mfkdf.setup.factors.password('password4', { id: 'password4' })\n)\nconsole.log(setup.policy)\n// derive key with any 2 factors\nconst derived = await mfkdf.derive.key(setup.policy, {\n  password2: mfkdf.derive.factors.password('password2'),\n  password4: mfkdf.derive.factors.password('password4')\n})\nsetup.key.toString('hex') // -> 64587f2a0e65dc3c\nderived.key.toString('hex') // -> 64587f2a0e65dc3c\nsetup.key.toString('hex').should.equal(derived.key.toString('hex'))",
                  "err": {},
                  "uuid": "20ae6dcd-f01a-42c8-ae44-5f11eb55301c",
                  "parentUUID": "4690e808-606e-4c28-b025-8fbe652d52d0",
                  "isHook": false,
                  "skipped": false
                },
                {
                  "title": "addFactors",
                  "fullTitle": "examples reconstitution addFactors",
                  "timedOut": false,
                  "duration": 13,
                  "state": "passed",
                  "speed": "slow",
                  "pass": true,
                  "fail": false,
                  "pending": false,
                  "context": null,
                  "code": "// setup 2-of-3-factor multi-factor derived key\nconst setup = await mfkdf.setup.key(\n  [\n    await mfkdf.setup.factors.password('password1', { id: 'password1' }),\n    await mfkdf.setup.factors.password('password2', { id: 'password2' }),\n    await mfkdf.setup.factors.password('password3', { id: 'password3' })\n  ],\n  { size: 8, threshold: 2 }\n)\n// add two more factors\nawait setup.addFactors([\n  await mfkdf.setup.factors.password('password4', { id: 'password4' }),\n  await mfkdf.setup.factors.password('password5', { id: 'password5' })\n])\n// derive key with any 2 factors\nconst derived = await mfkdf.derive.key(setup.policy, {\n  password3: mfkdf.derive.factors.password('password3'),\n  password5: mfkdf.derive.factors.password('password5')\n})\nsetup.key.toString('hex') // -> 64587f2a0e65dc3c\nderived.key.toString('hex') // -> 64587f2a0e65dc3c\nsetup.key.toString('hex').should.equal(derived.key.toString('hex'))",
                  "err": {},
                  "uuid": "f8d40328-9290-4da7-b929-14f82410b13b",
                  "parentUUID": "4690e808-606e-4c28-b025-8fbe652d52d0",
                  "isHook": false,
                  "skipped": false
                },
                {
                  "title": "recoverFactor",
                  "fullTitle": "examples reconstitution recoverFactor",
                  "timedOut": false,
                  "duration": 5,
                  "state": "passed",
                  "speed": "slow",
                  "pass": true,
                  "fail": false,
                  "pending": false,
                  "context": null,
                  "code": "// setup 3-factor multi-factor derived key\nconst setup = await mfkdf.setup.key(\n  [\n    await mfkdf.setup.factors.password('password1', { id: 'password1' }),\n    await mfkdf.setup.factors.password('password2', { id: 'password2' }),\n    await mfkdf.setup.factors.password('password3', { id: 'password3' })\n  ],\n  { size: 8 }\n)\n// change the 2nd factor\nawait setup.recoverFactor(\n  await mfkdf.setup.factors.password('newPassword2', { id: 'password2' })\n)\n// derive key with new factors\nconst derived = await mfkdf.derive.key(setup.policy, {\n  password1: mfkdf.derive.factors.password('password1'),\n  password2: mfkdf.derive.factors.password('newPassword2'),\n  password3: mfkdf.derive.factors.password('password3')\n})\nsetup.key.toString('hex') // -> 64587f2a0e65dc3c\nderived.key.toString('hex') // -> 64587f2a0e65dc3c\nsetup.key.toString('hex').should.equal(derived.key.toString('hex'))",
                  "err": {},
                  "uuid": "0585e385-9ddd-4330-a7b3-530cd626d1d0",
                  "parentUUID": "4690e808-606e-4c28-b025-8fbe652d52d0",
                  "isHook": false,
                  "skipped": false
                },
                {
                  "title": "recoverFactors",
                  "fullTitle": "examples reconstitution recoverFactors",
                  "timedOut": false,
                  "duration": 5,
                  "state": "passed",
                  "speed": "slow",
                  "pass": true,
                  "fail": false,
                  "pending": false,
                  "context": null,
                  "code": "// setup 3-factor multi-factor derived key\nconst setup = await mfkdf.setup.key(\n  [\n    await mfkdf.setup.factors.password('password1', { id: 'password1' }),\n    await mfkdf.setup.factors.password('password2', { id: 'password2' }),\n    await mfkdf.setup.factors.password('password3', { id: 'password3' })\n  ],\n  { size: 8 }\n)\n// change 2 factors\nawait setup.recoverFactors([\n  await mfkdf.setup.factors.password('newPassword2', { id: 'password2' }),\n  await mfkdf.setup.factors.password('newPassword3', { id: 'password3' })\n])\n// derive key with new factors\nconst derived = await mfkdf.derive.key(setup.policy, {\n  password1: mfkdf.derive.factors.password('password1'),\n  password2: mfkdf.derive.factors.password('newPassword2'),\n  password3: mfkdf.derive.factors.password('newPassword3')\n})\nsetup.key.toString('hex') // -> 64587f2a0e65dc3c\nderived.key.toString('hex') // -> 64587f2a0e65dc3c\nsetup.key.toString('hex').should.equal(derived.key.toString('hex'))",
                  "err": {},
                  "uuid": "45fabb0c-309c-4d49-860a-b910d4d76e99",
                  "parentUUID": "4690e808-606e-4c28-b025-8fbe652d52d0",
                  "isHook": false,
                  "skipped": false
                },
                {
                  "title": "reconstitute",
                  "fullTitle": "examples reconstitution reconstitute",
                  "timedOut": false,
                  "duration": 5,
                  "state": "passed",
                  "speed": "slow",
                  "pass": true,
                  "fail": false,
                  "pending": false,
                  "context": null,
                  "code": "// setup 2-of-3-factor multi-factor derived key\nconst setup = await mfkdf.setup.key(\n  [\n    await mfkdf.setup.factors.password('password1', { id: 'password1' }),\n    await mfkdf.setup.factors.password('password2', { id: 'password2' }),\n    await mfkdf.setup.factors.password('password3', { id: 'password3' })\n  ],\n  { size: 8, threshold: 2 }\n)\n// remove 1 factor and add 1 new factor\nawait setup.reconstitute(\n  ['password1'], // remove\n  [await mfkdf.setup.factors.password('password4', { id: 'password4' })] // add\n)\n// derive key with new factors\nconst derived = await mfkdf.derive.key(setup.policy, {\n  password3: mfkdf.derive.factors.password('password3'),\n  password4: mfkdf.derive.factors.password('password4')\n})\nsetup.key.toString('hex') // -> 64587f2a0e65dc3c\nderived.key.toString('hex') // -> 64587f2a0e65dc3c\nsetup.key.toString('hex').should.equal(derived.key.toString('hex'))",
                  "err": {},
                  "uuid": "af0f4abe-b279-4ea9-87d2-cdaddb8ccc21",
                  "parentUUID": "4690e808-606e-4c28-b025-8fbe652d52d0",
                  "isHook": false,
                  "skipped": false
                }
              ],
              "suites": [],
              "passes": [
                "a839343b-0a89-4a92-85a1-80e7f7887b9e",
                "1e86ecd0-d1f7-44c3-9f9e-8a1d4f969082",
                "0773b383-3a0c-47ef-9978-6eec59219c70",
                "20ae6dcd-f01a-42c8-ae44-5f11eb55301c",
                "f8d40328-9290-4da7-b929-14f82410b13b",
                "0585e385-9ddd-4330-a7b3-530cd626d1d0",
                "45fabb0c-309c-4d49-860a-b910d4d76e99",
                "af0f4abe-b279-4ea9-87d2-cdaddb8ccc21"
              ],
              "failures": [],
              "pending": [],
              "skipped": [],
              "duration": 47,
              "root": false,
              "rootEmpty": false,
              "_timeout": 5000
            },
            {
              "uuid": "1d044f17-24de-49ea-9550-d83f11ed5b03",
              "title": "persistence",
              "fullFile": "C:\\Users\\Vivek\\Projects\\mfkdf\\test\\examples\\examples.js",
              "file": "\\test\\examples\\examples.js",
              "beforeHooks": [],
              "afterHooks": [],
              "tests": [
                {
                  "title": "persistence",
                  "fullTitle": "examples persistence persistence",
                  "timedOut": false,
                  "duration": 5,
                  "state": "passed",
                  "speed": "slow",
                  "pass": true,
                  "fail": false,
                  "pending": false,
                  "context": null,
                  "code": "// setup 3-factor multi-factor derived key\nconst setup = await mfkdf.setup.key(\n  [\n    await mfkdf.setup.factors.password('password1', { id: 'password1' }),\n    await mfkdf.setup.factors.password('password2', { id: 'password2' }),\n    await mfkdf.setup.factors.password('password3', { id: 'password3' })\n  ],\n  { size: 8 }\n)\n// persist one of the factors\nconst factor2 = setup.persistFactor('password2')\n// derive key with 2 factors\nconst derived = await mfkdf.derive.key(setup.policy, {\n  password1: mfkdf.derive.factors.password('password1'),\n  password2: mfkdf.derive.factors.persisted(factor2),\n  password3: mfkdf.derive.factors.password('password3')\n})\nsetup.key.toString('hex') // -> 64587f2a0e65dc3c\nderived.key.toString('hex') // -> 64587f2a0e65dc3c\nsetup.key.toString('hex').should.equal(derived.key.toString('hex'))",
                  "err": {},
                  "uuid": "9346e3f2-51ce-42a5-96c5-a561346f49ce",
                  "parentUUID": "1d044f17-24de-49ea-9550-d83f11ed5b03",
                  "isHook": false,
                  "skipped": false
                }
              ],
              "suites": [],
              "passes": [
                "9346e3f2-51ce-42a5-96c5-a561346f49ce"
              ],
              "failures": [],
              "pending": [],
              "skipped": [],
              "duration": 5,
              "root": false,
              "rootEmpty": false,
              "_timeout": 5000
            },
            {
              "uuid": "3905cd17-a2e0-4986-935b-db5cfe4d1782",
              "title": "crypto",
              "fullFile": "C:\\Users\\Vivek\\Projects\\mfkdf\\test\\examples\\examples.js",
              "file": "\\test\\examples\\examples.js",
              "beforeHooks": [],
              "afterHooks": [],
              "tests": [
                {
                  "title": "getSubkey",
                  "fullTitle": "examples crypto getSubkey",
                  "timedOut": false,
                  "duration": 0,
                  "state": "passed",
                  "speed": "fast",
                  "pass": true,
                  "fail": false,
                  "pending": false,
                  "context": null,
                  "code": "// setup multi-factor derived key\nconst key = await mfkdf.setup.key([\n  await mfkdf.setup.factors.password('password')\n])\n// get sub-key for \"eth\"\nconst subkey = key.getSubkey('eth')\nsubkey.toString('hex') // -> 97cbb79f622ef8fcc86ab5e06fc0311377b1e59d6f43b0c24883c38fe8bcbac5",
                  "err": {},
                  "uuid": "cb9cf1b2-1173-42e6-87b3-de276bf799fd",
                  "parentUUID": "3905cd17-a2e0-4986-935b-db5cfe4d1782",
                  "isHook": false,
                  "skipped": false
                }
              ],
              "suites": [],
              "passes": [
                "cb9cf1b2-1173-42e6-87b3-de276bf799fd"
              ],
              "failures": [],
              "pending": [],
              "skipped": [],
              "duration": 0,
              "root": false,
              "rootEmpty": false,
              "_timeout": 5000
            }
          ],
          "passes": [
            "c484852b-f49d-4fd3-8095-abb968ac84e4",
            "1ee7acd1-9898-4b02-8091-7b490104e149"
          ],
          "failures": [],
          "pending": [],
          "skipped": [],
          "duration": 10,
          "root": false,
          "rootEmpty": false,
          "_timeout": 5000
        },
        {
          "uuid": "59feede3-77c6-4b7f-bc60-08884acf1f80",
          "title": "site",
          "fullFile": "C:\\Users\\Vivek\\Projects\\mfkdf\\test\\examples\\site.js",
          "file": "\\test\\examples\\site.js",
          "beforeHooks": [],
          "afterHooks": [],
          "tests": [
            {
              "title": "Go beyond passwords",
              "fullTitle": "site Go beyond passwords",
              "timedOut": false,
              "duration": 4,
              "state": "passed",
              "speed": "slow",
              "pass": true,
              "fail": false,
              "pending": false,
              "context": null,
              "code": "const keyPolicy = JSON.stringify(\n  (\n    await mfkdf.setup.key(\n      [\n        await mfkdf.setup.factors.password('password'),\n        await mfkdf.setup.factors.hotp({\n          secret: Buffer.from('hello world')\n        }),\n        await mfkdf.setup.factors.uuid({\n          id: 'recovery',\n          uuid: '9b1deb4d-3b7d-4bad-9bdd-2b0d7b3dcb6d'\n        })\n      ],\n      { threshold: 2, size: 16, pbkdf2rounds: 1 }\n    )\n  ).policy\n)\nconst derivedKey = await mfkdf.derive.key(JSON.parse(keyPolicy), {\n  password: mfkdf.derive.factors.password('Tr0ub4dour'),\n  hotp: mfkdf.derive.factors.hotp(365287),\n  recovery: mfkdf.derive.factors.uuid(\n    '9b1deb4d-3b7d-4bad-9bdd-2b0d7b3dcb6d'\n  )\n})\nderivedKey.should.be.a('object')",
              "err": {},
              "uuid": "53552c42-90f7-4a15-b874-7fa40adf97c3",
              "parentUUID": "59feede3-77c6-4b7f-bc60-08884acf1f80",
              "isHook": false,
              "skipped": false
            },
            {
              "title": "Increased key entropy",
              "fullTitle": "site Increased key entropy",
              "timedOut": false,
              "duration": 1,
              "state": "passed",
              "speed": "slow",
              "pass": true,
              "fail": false,
              "pending": false,
              "context": null,
              "code": "Math.floor(\n  (\n    await mfkdf.setup.key([\n      await mfkdf.setup.factors.password('Tr0ub4dour')\n    ])\n  ).entropyBits.real\n).should.equal(16)\nMath.floor(\n  (\n    await mfkdf.setup.key([\n      await mfkdf.setup.factors.password('Tr0ub4dour'),\n      await mfkdf.setup.factors.hotp(),\n      await mfkdf.setup.factors.hmacsha1()\n    ])\n  ).entropyBits.real\n).should.equal(196)",
              "err": {},
              "uuid": "d50945d0-1930-487a-84da-04b68bb134ad",
              "parentUUID": "59feede3-77c6-4b7f-bc60-08884acf1f80",
              "isHook": false,
              "skipped": false
            },
            {
              "title": "Enforce advanced policies",
              "fullTitle": "site Enforce advanced policies",
              "timedOut": false,
              "duration": 334,
              "state": "passed",
              "speed": "slow",
              "pass": true,
              "fail": false,
              "pending": false,
              "context": null,
              "code": "const policyBasedKey = await mfkdf.policy.setup(\n  await mfkdf.policy.or(\n    await mfkdf.setup.factors.uuid({ id: 'recoveryCode' }),\n    await mfkdf.policy.and(\n      await mfkdf.setup.factors.password('Tr0ub4dour'),\n      await mfkdf.setup.factors.totp()\n    )\n  )\n)\npolicyBasedKey.should.be.a('object')",
              "err": {},
              "uuid": "daeff135-f9f2-4750-818e-f3d32d97c757",
              "parentUUID": "59feede3-77c6-4b7f-bc60-08884acf1f80",
              "isHook": false,
              "skipped": false
            },
            {
              "title": "Self-service factor recovery",
              "fullTitle": "site Self-service factor recovery",
              "timedOut": false,
              "duration": 6,
              "state": "passed",
              "speed": "slow",
              "pass": true,
              "fail": false,
              "pending": false,
              "context": null,
              "code": "const keyPolicy = JSON.stringify(\n  (\n    await mfkdf.setup.key(\n      [\n        await mfkdf.setup.factors.password('password'),\n        await mfkdf.setup.factors.hotp({\n          secret: Buffer.from('hello world')\n        }),\n        await mfkdf.setup.factors.uuid({\n          id: 'recoveryCode',\n          uuid: '9b1deb4d-3b7d-4bad-9bdd-2b0d7b3dcb6d'\n        })\n      ],\n      { threshold: 2, size: 16, pbkdf2rounds: 1 }\n    )\n  ).policy\n)\nconst key = await mfkdf.derive.key(JSON.parse(keyPolicy), {\n  hotp: mfkdf.derive.factors.hotp(365287),\n  recoveryCode: mfkdf.derive.factors.uuid(\n    '9b1deb4d-3b7d-4bad-9bdd-2b0d7b3dcb6d'\n  )\n})\nawait key.recoverFactor(\n  await mfkdf.setup.factors.password('myNewPassword', { id: 'password' })\n) // modify key to use new password factor",
              "err": {},
              "uuid": "d76df993-6d76-4449-a94a-6b85cc359041",
              "parentUUID": "59feede3-77c6-4b7f-bc60-08884acf1f80",
              "isHook": false,
              "skipped": false
            }
          ],
          "suites": [],
          "passes": [
            "53552c42-90f7-4a15-b874-7fa40adf97c3",
            "d50945d0-1930-487a-84da-04b68bb134ad",
            "daeff135-f9f2-4750-818e-f3d32d97c757",
            "d76df993-6d76-4449-a94a-6b85cc359041"
          ],
          "failures": [],
          "pending": [],
          "skipped": [],
          "duration": 345,
          "root": false,
          "rootEmpty": false,
          "_timeout": 5000
        },
        {
          "uuid": "8ec70762-aee8-4c4c-be29-a369622c5ef8",
          "title": "tutorials",
          "fullFile": "C:\\Users\\Vivek\\Projects\\mfkdf\\test\\examples\\tutorials.js",
          "file": "\\test\\examples\\tutorials.js",
          "beforeHooks": [],
          "afterHooks": [],
          "tests": [
            {
              "title": "Persistence",
              "fullTitle": "tutorials Persistence",
              "timedOut": false,
              "duration": 5,
              "state": "passed",
              "speed": "slow",
              "pass": true,
              "fail": false,
              "pending": false,
[...]
                  "isHook": false,
                  "skipped": false
                },
                {
                  "title": "invalid/range",
                  "fullTitle": "setup/key id invalid/range",
                  "timedOut": false,
                  "duration": 0,
                  "state": "passed",
                  "speed": "fast",
                  "pass": true,
                  "fail": false,
                  "pending": false,
                  "context": null,
                  "code": "mfkdf.setup\n  .key([await mfkdf.setup.factors.password('hello')], { id: '' })\n  .should.be.rejectedWith(RangeError)",
                  "err": {},
                  "uuid": "ed5e4d7b-4fbf-4273-9583-04c4bb2eb003",
                  "parentUUID": "1d071ce2-45a7-4f84-8563-d30da045962d",
                  "isHook": false,
                  "skipped": false
                }
              ],
              "suites": [],
              "passes": [
                "16d1647a-adbf-4b9d-9a0e-e785eb73926c",
                "dbdad891-3737-43bf-8e42-9ffe9b40aa15",
                "03be89ef-a927-4597-b407-32d124630cf0",
                "ed5e4d7b-4fbf-4273-9583-04c4bb2eb003"
              ],
              "failures": [],
              "pending": [],
              "skipped": [],
              "duration": 1,
              "root": false,
              "rootEmpty": false,
              "_timeout": 5000
            },
            {
              "uuid": "fe104d5c-c59e-4d7a-ac06-4a5954e1d220",
              "title": "size",
              "fullFile": "C:\\Users\\Vivek\\Projects\\mfkdf\\test\\setup\\key.js",
              "file": "\\test\\setup\\key.js",
              "beforeHooks": [],
              "afterHooks": [],
              "tests": [
                {
                  "title": "default",
                  "fullTitle": "setup/key size default",
                  "timedOut": false,
                  "duration": 1,
                  "state": "passed",
                  "speed": "slow",
                  "pass": true,
                  "fail": false,
                  "pending": false,
                  "context": null,
                  "code": "const { policy } = await mfkdf.setup.key([\n  await mfkdf.setup.factors.password('hello')\n])\npolicy.size.should.equal(32)",
                  "err": {},
                  "uuid": "be69ab8e-c99a-4583-9904-59399fa9743c",
                  "parentUUID": "fe104d5c-c59e-4d7a-ac06-4a5954e1d220",
                  "isHook": false,
                  "skipped": false
                },
                {
                  "title": "valid",
                  "fullTitle": "setup/key size valid",
                  "timedOut": false,
                  "duration": 0,
                  "state": "passed",
                  "speed": "fast",
                  "pass": true,
                  "fail": false,
                  "pending": false,
                  "context": null,
                  "code": "const { policy } = await mfkdf.setup.key(\n  [await mfkdf.setup.factors.password('hello')],\n  { size: 64 }\n)\npolicy.size.should.equal(64)",
                  "err": {},
                  "uuid": "7f4f2efe-6142-427f-91bb-513ac5dab793",
                  "parentUUID": "fe104d5c-c59e-4d7a-ac06-4a5954e1d220",
                  "isHook": false,
                  "skipped": false
                },
                {
                  "title": "invalid/type",
                  "fullTitle": "setup/key size invalid/type",
                  "timedOut": false,
                  "duration": 0,
                  "state": "passed",
                  "speed": "fast",
                  "pass": true,
                  "fail": false,
                  "pending": false,
                  "context": null,
                  "code": "mfkdf.setup\n  .key([await mfkdf.setup.factors.password('hello')], { size: 'hello' })\n  .should.be.rejectedWith(TypeError)",
                  "err": {},
                  "uuid": "b86e22ad-47f4-4300-ac7d-8449b891e9ee",
                  "parentUUID": "fe104d5c-c59e-4d7a-ac06-4a5954e1d220",
                  "isHook": false,
                  "skipped": false
                },
                {
                  "title": "invalid/range",
                  "fullTitle": "setup/key size invalid/range",
                  "timedOut": false,
                  "duration": 0,
                  "state": "passed",
                  "speed": "fast",
                  "pass": true,
                  "fail": false,
                  "pending": false,
                  "context": null,
                  "code": "mfkdf.setup\n  .key([await mfkdf.setup.factors.password('hello')], { size: 0 })\n  .should.be.rejectedWith(RangeError)",
                  "err": {},
                  "uuid": "07b1b2b5-e07e-45c4-8d1e-9a2dfa4c0ec5",
                  "parentUUID": "fe104d5c-c59e-4d7a-ac06-4a5954e1d220",
                  "isHook": false,
                  "skipped": false
                }
              ],
              "suites": [],
              "passes": [
                "be69ab8e-c99a-4583-9904-59399fa9743c",
                "7f4f2efe-6142-427f-91bb-513ac5dab793",
                "b86e22ad-47f4-4300-ac7d-8449b891e9ee",
                "07b1b2b5-e07e-45c4-8d1e-9a2dfa4c0ec5"
              ],
              "failures": [],
              "pending": [],
              "skipped": [],
              "duration": 1,
              "root": false,
              "rootEmpty": false,
              "_timeout": 5000
            },
            {
              "uuid": "0ced8756-bd23-462b-8ab5-80ea39ad15e6",
              "title": "threshold",
              "fullFile": "C:\\Users\\Vivek\\Projects\\mfkdf\\test\\setup\\key.js",
              "file": "\\test\\setup\\key.js",
              "beforeHooks": [],
              "afterHooks": [],
              "tests": [
                {
                  "title": "default",
                  "fullTitle": "setup/key threshold default",
                  "timedOut": false,
                  "duration": 0,
                  "state": "passed",
                  "speed": "fast",
                  "pass": true,
                  "fail": false,
                  "pending": false,
                  "context": null,
                  "code": "const { policy } = await mfkdf.setup.key([\n  await mfkdf.setup.factors.password('hello', { id: 'password1' }),\n  await mfkdf.setup.factors.password('hello', { id: 'password2' })\n])\npolicy.threshold.should.equal(2)",
                  "err": {},
                  "uuid": "c90588d6-12bb-4509-adf2-a28a12f0e66b",
                  "parentUUID": "0ced8756-bd23-462b-8ab5-80ea39ad15e6",
                  "isHook": false,
                  "skipped": false
                },
                {
                  "title": "valid",
                  "fullTitle": "setup/key threshold valid",
                  "timedOut": false,
                  "duration": 0,
                  "state": "passed",
                  "speed": "fast",
                  "pass": true,
                  "fail": false,
                  "pending": false,
                  "context": null,
                  "code": "const { policy } = await mfkdf.setup.key(\n  [\n    await mfkdf.setup.factors.password('hello', { id: 'password1' }),\n    await mfkdf.setup.factors.password('hello', { id: 'password2' })\n  ],\n  { threshold: 1 }\n)\npolicy.threshold.should.equal(1)",
                  "err": {},
                  "uuid": "1f713c0c-b5a7-44b5-8a34-db0578a43ec8",
                  "parentUUID": "0ced8756-bd23-462b-8ab5-80ea39ad15e6",
                  "isHook": false,
                  "skipped": false
                },
                {
                  "title": "invalid/type",
                  "fullTitle": "setup/key threshold invalid/type",
                  "timedOut": false,
                  "duration": 0,
                  "state": "passed",
                  "speed": "fast",
                  "pass": true,
                  "fail": false,
                  "pending": false,
                  "context": null,
                  "code": "mfkdf.setup\n  .key([await mfkdf.setup.factors.password('hello')], {\n    threshold: 'hello'\n  })\n  .should.be.rejectedWith(TypeError)",
                  "err": {},
                  "uuid": "06828c05-c65e-4af2-9786-34479c556786",
                  "parentUUID": "0ced8756-bd23-462b-8ab5-80ea39ad15e6",
                  "isHook": false,
                  "skipped": false
                },
                {
                  "title": "invalid/range",
                  "fullTitle": "setup/key threshold invalid/range",
                  "timedOut": false,
                  "duration": 0,
                  "state": "passed",
                  "speed": "fast",
                  "pass": true,
                  "fail": false,
                  "pending": false,
                  "context": null,
                  "code": "mfkdf.setup\n  .key([await mfkdf.setup.factors.password('hello')], { threshold: 0 })\n  .should.be.rejectedWith(RangeError)\nmfkdf.setup\n  .key([await mfkdf.setup.factors.password('hello')], { threshold: 2 })\n  .should.be.rejectedWith(RangeError)",
                  "err": {},
                  "uuid": "43e3174d-4a5a-4a2e-b835-d2c6ca38ff73",
                  "parentUUID": "0ced8756-bd23-462b-8ab5-80ea39ad15e6",
                  "isHook": false,
                  "skipped": false
                }
              ],
              "suites": [],
              "passes": [
                "c90588d6-12bb-4509-adf2-a28a12f0e66b",
                "1f713c0c-b5a7-44b5-8a34-db0578a43ec8",
                "06828c05-c65e-4af2-9786-34479c556786",
                "43e3174d-4a5a-4a2e-b835-d2c6ca38ff73"
              ],
              "failures": [],
              "pending": [],
              "skipped": [],
              "duration": 0,
              "root": false,
              "rootEmpty": false,
              "_timeout": 5000
            },
            {
              "uuid": "ec724e60-6d07-4af6-8228-509a71eb3f5a",
              "title": "salt",
              "fullFile": "C:\\Users\\Vivek\\Projects\\mfkdf\\test\\setup\\key.js",
              "file": "\\test\\setup\\key.js",
              "beforeHooks": [],
              "afterHooks": [],
              "tests": [
                {
                  "title": "default",
                  "fullTitle": "setup/key salt default",
                  "timedOut": false,
                  "duration": 0,
                  "state": "passed",
                  "speed": "fast",
                  "pass": true,
                  "fail": false,
                  "pending": false,
                  "context": null,
                  "code": "const { policy } = await mfkdf.setup.key(\n  [await mfkdf.setup.factors.password('hello')],\n  { size: 48 }\n)\nconst salt = Buffer.from(policy.salt, 'base64')\nsalt.length.should.equal(48)",
                  "err": {},
                  "uuid": "d596d7b0-9e55-40cc-9402-96c89a0515e7",
                  "parentUUID": "ec724e60-6d07-4af6-8228-509a71eb3f5a",
                  "isHook": false,
                  "skipped": false
                },
                {
                  "title": "valid",
                  "fullTitle": "setup/key salt valid",
                  "timedOut": false,
                  "duration": 1,
                  "state": "passed",
                  "speed": "slow",
                  "pass": true,
                  "fail": false,
                  "pending": false,
                  "context": null,
                  "code": "const { policy } = await mfkdf.setup.key(\n  [await mfkdf.setup.factors.password('hello')],\n  { salt: Buffer.from('1234567812345678', 'base64') }\n)\npolicy.salt.should.equal('1234567812345678')",
                  "err": {},
                  "uuid": "36805d0d-c12e-4a5f-8379-34967eb681ba",
                  "parentUUID": "ec724e60-6d07-4af6-8228-509a71eb3f5a",
                  "isHook": false,
                  "skipped": false
                },
                {
                  "title": "invalid/type",
                  "fullTitle": "setup/key salt invalid/type",
                  "timedOut": false,
                  "duration": 0,
                  "state": "passed",
                  "speed": "fast",
                  "pass": true,
                  "fail": false,
                  "pending": false,
                  "context": null,
                  "code": "mfkdf.setup\n  .key([await mfkdf.setup.factors.password('hello')], { salt: 'hello' })\n  .should.be.rejectedWith(TypeError)",
                  "err": {},
                  "uuid": "cbfb4907-b424-4517-a8a4-b62702c52813",
                  "parentUUID": "ec724e60-6d07-4af6-8228-509a71eb3f5a",
                  "isHook": false,
                  "skipped": false
                }
              ],
              "suites": [],
              "passes": [
                "d596d7b0-9e55-40cc-9402-96c89a0515e7",
                "36805d0d-c12e-4a5f-8379-34967eb681ba",
                "cbfb4907-b424-4517-a8a4-b62702c52813"
              ],
              "failures": [],
              "pending": [],
              "skipped": [],
              "duration": 1,
              "root": false,
              "rootEmpty": false,
              "_timeout": 5000
            },
            {
              "uuid": "68ac21f4-9124-4c4e-b1d0-f6e9a6a02368",
              "title": "factors",
              "fullFile": "C:\\Users\\Vivek\\Projects\\mfkdf\\test\\setup\\key.js",
              "file": "\\test\\setup\\key.js",
              "beforeHooks": [],
              "afterHooks": [],
              "tests": [
                {
                  "title": "valid",
                  "fullTitle": "setup/key factors valid",
                  "timedOut": false,
                  "duration": 0,
                  "state": "passed",
                  "speed": "fast",
                  "pass": true,
                  "fail": false,
                  "pending": false,
                  "context": null,
                  "code": "await mfkdf.setup.key([\n  {\n    type: 'password',\n    id: 'password',\n    data: Buffer.from('password', 'utf-8'),\n    params: async () => {\n      return {}\n    },\n    output: async () => {\n      return {}\n    }\n  }\n])",
                  "err": {},
                  "uuid": "db98e561-333b-43bf-81b6-07b2e20d2606",
                  "parentUUID": "68ac21f4-9124-4c4e-b1d0-f6e9a6a02368",
                  "isHook": false,
                  "skipped": false
                },
                {
                  "title": "id",
                  "fullTitle": "setup/key factors id",
                  "timedOut": false,
                  "duration": 0,
                  "state": "passed",
                  "speed": "fast",
                  "pass": true,
                  "fail": false,
                  "pending": false,
                  "context": null,
                  "code": "mfkdf.setup\n  .key([\n    await mfkdf.setup.factors.password('hello', { id: 'password1' }),\n    await mfkdf.setup.factors.password('hello', { id: 'password1' })\n  ])\n  .should.be.rejectedWith(RangeError)",
                  "err": {},
                  "uuid": "dd437c8d-bfda-4a6b-a473-2de29003c797",
                  "parentUUID": "68ac21f4-9124-4c4e-b1d0-f6e9a6a02368",
                  "isHook": false,
                  "skipped": false
                },
                {
                  "title": "invalid/type",
                  "fullTitle": "setup/key factors invalid/type",
                  "timedOut": false,
                  "duration": 0,
                  "state": "passed",
                  "speed": "fast",
                  "pass": true,
                  "fail": false,
                  "pending": false,
                  "context": null,
                  "code": "mfkdf.setup.key('hello').should.be.rejectedWith(TypeError)\nmfkdf.setup\n  .key([\n    {\n      type: 12345,\n      id: 'password',\n      data: Buffer.from('password', 'utf-8'),\n      params: async () => {\n        return {}\n      }\n    }\n  ])\n  .should.be.rejectedWith(TypeError)\nmfkdf.setup\n  .key([\n    {\n      type: 'password',\n      id: 12345,\n      data: Buffer.from('password', 'utf-8'),\n      params: async () => {\n        return {}\n      }\n    }\n  ])\n  .should.be.rejectedWith(TypeError)\nmfkdf.setup\n  .key([\n    {\n      type: 'password',\n      id: 'password',\n      data: 12345,\n      params: async () => {\n        return {}\n      }\n    }\n  ])\n  .should.be.rejectedWith(TypeError)\nmfkdf.setup\n  .key([\n    {\n      type: 'password',\n      id: 'password',\n      data: Buffer.from('password', 'utf-8'),\n      params: 12345\n    }\n  ])\n  .should.be.rejectedWith(TypeError)",
                  "err": {},
                  "uuid": "c505061d-afb1-4701-8bea-5829bb9069f6",
                  "parentUUID": "68ac21f4-9124-4c4e-b1d0-f6e9a6a02368",
                  "isHook": false,
                  "skipped": false
                },
                {
                  "title": "invalid/range",
                  "fullTitle": "setup/key factors invalid/range",
                  "timedOut": false,
                  "duration": 0,
                  "state": "passed",
                  "speed": "fast",
                  "pass": true,
                  "fail": false,
                  "pending": false,
                  "context": null,
                  "code": "mfkdf.setup.key([]).should.be.rejectedWith(RangeError)\nmfkdf.setup\n  .key([\n    {\n      type: '',\n      id: 'password',\n      data: Buffer.from('password', 'utf-8'),\n      params: async () => {\n        return {}\n      }\n    }\n  ])\n  .should.be.rejectedWith(RangeError)\nmfkdf.setup\n  .key([\n    {\n      type: 'password',\n      id: '',\n      data: Buffer.from('password', 'utf-8'),\n      params: async () => {\n        return {}\n      }\n    }\n  ])\n  .should.be.rejectedWith(RangeError)\nmfkdf.setup\n  .key([\n    {\n      type: 'password',\n      id: 'password',\n      data: Buffer.from('', 'utf-8'),\n      params: async () => {\n        return {}\n      }\n    }\n  ])\n  .should.be.rejectedWith(RangeError)",
                  "err": {},
                  "uuid": "35e5b43a-2f40-4e4c-bc4e-fb65440b2773",
                  "parentUUID": "68ac21f4-9124-4c4e-b1d0-f6e9a6a02368",
                  "isHook": false,
                  "skipped": false
                }
              ],
              "suites": [],
              "passes": [
                "db98e561-333b-43bf-81b6-07b2e20d2606",
                "dd437c8d-bfda-4a6b-a473-2de29003c797",
                "c505061d-afb1-4701-8bea-5829bb9069f6",
                "35e5b43a-2f40-4e4c-bc4e-fb65440b2773"
              ],
              "failures": [],
              "pending": [],
              "skipped": [],
              "duration": 0,
              "root": false,
              "rootEmpty": false,
              "_timeout": 5000
            }
          ],
          "passes": [
            "0013efb3-f787-461d-9c64-67ea7c08e290"
          ],
          "failures": [],
          "pending": [],
          "skipped": [],
          "duration": 3,
          "root": false,
          "rootEmpty": false,
          "_timeout": 5000
        }
      ],
      "passes": [],
      "failures": [],
      "pending": [],
      "skipped": [],
      "duration": 0,
      "root": true,
      "rootEmpty": true,
      "_timeout": 5000
    }
  ],
  "meta": {
    "mocha": {
      "version": "10.8.2"
    },
    "mochawesome": {
      "options": {
        "quiet": false,
        "reportFilename": "mochawesome",
        "saveHtml": true,
        "saveJson": true,
        "consoleReporter": "spec",
        "useInlineDiffs": false,
        "code": true
      },
      "version": "7.1.3"
    },
    "marge": {
      "options": {
        "reportDir": "./site/mochawesome"
      },
      "version": "6.2.0"
    }
  }
}