{
  "stats": {
    "suites": 85,
    "tests": 337,
    "passes": 337,
    "pending": 0,
    "failures": 0,
    "start": "2022-08-10T18:09:36.999Z",
    "end": "2022-08-10T18:11:21.088Z",
    "duration": 104089,
    "testsRegistered": 337,
    "passPercent": 100,
    "pendingPercent": 0,
    "other": 0,
    "hasOther": false,
    "skipped": 0,
    "hasSkipped": false
  },
  "results": [
    {
      "uuid": "15b654b8-e155-454c-94c9-5616c95fda5a",
      "title": "",
      "fullFile": "",
      "file": "",
      "beforeHooks": [],
      "afterHooks": [],
      "tests": [],
      "suites": [
        {
          "uuid": "eb94f23f-6de7-4761-982e-e3aa8f3d3842",
          "title": "asymmetric",
          "fullFile": "C:\\xampp\\htdocs\\Multifactor\\MFKDF\\test\\crypto\\asymmetric.js",
          "file": "\\test\\crypto\\asymmetric.js",
          "beforeHooks": [],
          "afterHooks": [],
          "tests": [],
          "suites": [
            {
              "uuid": "f734fdb3-2d5e-4741-9a62-2eb3683e0f57",
              "title": "encryption",
              "fullFile": "C:\\xampp\\htdocs\\Multifactor\\MFKDF\\test\\crypto\\asymmetric.js",
              "file": "\\test\\crypto\\asymmetric.js",
              "beforeHooks": [],
              "afterHooks": [],
              "tests": [
                {
                  "title": "rsa1024",
                  "fullTitle": "asymmetric encryption rsa1024",
                  "timedOut": false,
                  "duration": 379,
                  "state": "passed",
                  "speed": "slow",
                  "pass": true,
                  "fail": false,
                  "pending": false,
                  "context": null,
                  "code": "const setup = await mfkdf.setup.key([\n  await mfkdf.setup.factors.uuid({ id: 'uuid1', uuid: '9b1deb4d-3b7d-4bad-9bdd-2b0d7b3dcb6d' })\n])\nconst ct = await setup.encrypt('hello world', 'rsa1024')\nconst pt = await setup.decrypt(ct, 'rsa1024')\npt.toString().should.equal('hello world')",
                  "err": {},
                  "uuid": "7da25948-95fb-4f98-bfaf-ecfc9586ab20",
                  "parentUUID": "f734fdb3-2d5e-4741-9a62-2eb3683e0f57",
                  "isHook": false,
                  "skipped": false
                },
                {
                  "title": "rsa2048",
                  "fullTitle": "asymmetric encryption rsa2048",
                  "timedOut": false,
                  "duration": 2704,
                  "state": "passed",
                  "speed": "slow",
                  "pass": true,
                  "fail": false,
                  "pending": false,
                  "context": null,
                  "code": "const setup = await mfkdf.setup.key([\n  await mfkdf.setup.factors.uuid({ id: 'uuid1', uuid: '9b1deb4d-3b7d-4bad-9bdd-2b0d7b3dcb6d' })\n])\nconst ct = await setup.encrypt('hello world', 'rsa2048')\nconst pt = await setup.decrypt(ct, 'rsa2048')\npt.toString().should.equal('hello world')",
                  "err": {},
                  "uuid": "28aa1b9f-5a0f-431c-a764-821bbce36386",
                  "parentUUID": "f734fdb3-2d5e-4741-9a62-2eb3683e0f57",
                  "isHook": false,
                  "skipped": false
                }
              ],
              "suites": [],
              "passes": [
                "7da25948-95fb-4f98-bfaf-ecfc9586ab20",
                "28aa1b9f-5a0f-431c-a764-821bbce36386"
              ],
              "failures": [],
              "pending": [],
              "skipped": [],
              "duration": 3083,
              "root": false,
              "rootEmpty": false,
              "_timeout": 5000
            },
            {
              "uuid": "0a8afb68-74c4-4601-81e3-07f5002c2a4c",
              "title": "signatures",
              "fullFile": "C:\\xampp\\htdocs\\Multifactor\\MFKDF\\test\\crypto\\asymmetric.js",
              "file": "\\test\\crypto\\asymmetric.js",
              "beforeHooks": [],
              "afterHooks": [],
              "tests": [
                {
                  "title": "rsa1024",
                  "fullTitle": "asymmetric signatures rsa1024",
                  "timedOut": false,
                  "duration": 215,
                  "state": "passed",
                  "speed": "slow",
                  "pass": true,
                  "fail": false,
                  "pending": false,
                  "context": null,
                  "code": "const setup = await mfkdf.setup.key([\n  await mfkdf.setup.factors.uuid({ id: 'uuid1', uuid: '9b1deb4d-3b7d-4bad-9bdd-2b0d7b3dcb6d' })\n])\nconst signature = await setup.sign('hello world', 'rsa1024')\nconst validity = await setup.verify('hello world', signature, 'rsa1024')\nvalidity.should.be.true",
                  "err": {},
                  "uuid": "26aa5f2e-dc95-4118-8991-728dd4f202ec",
                  "parentUUID": "0a8afb68-74c4-4601-81e3-07f5002c2a4c",
                  "isHook": false,
                  "skipped": false
                },
                {
                  "title": "rsa2048",
                  "fullTitle": "asymmetric signatures rsa2048",
                  "timedOut": false,
                  "duration": 1442,
                  "state": "passed",
                  "speed": "slow",
                  "pass": true,
                  "fail": false,
                  "pending": false,
                  "context": null,
                  "code": "const setup = await mfkdf.setup.key([\n  await mfkdf.setup.factors.uuid({ id: 'uuid1', uuid: '9b1deb4d-3b7d-4bad-9bdd-2b0d7b3dcb6d' })\n])\nconst signature = await setup.sign('hello world', 'rsa2048')\nconst validity = await setup.verify('hello world', signature, 'rsa2048')\nvalidity.should.be.true",
                  "err": {},
                  "uuid": "70dc3a56-fd94-487e-8bf2-411f72c8881c",
                  "parentUUID": "0a8afb68-74c4-4601-81e3-07f5002c2a4c",
                  "isHook": false,
                  "skipped": false
                },
                {
                  "title": "rsa3072",
                  "fullTitle": "asymmetric signatures rsa3072",
                  "timedOut": false,
                  "duration": 18753,
                  "state": "passed",
                  "speed": "slow",
                  "pass": true,
                  "fail": false,
                  "pending": false,
                  "context": null,
                  "code": "const setup = await mfkdf.setup.key([\n  await mfkdf.setup.factors.uuid({ id: 'uuid1', uuid: '9b1deb4d-3b7d-4bad-9bdd-2b0d7b3dcb6d' })\n])\nconst signature = await setup.sign('hello world', 'rsa3072')\nconst validity = await setup.verify('hello world', signature, 'rsa3072')\nvalidity.should.be.true",
                  "err": {},
                  "uuid": "29908b04-1256-4e04-9f8a-7f44ead5ed71",
                  "parentUUID": "0a8afb68-74c4-4601-81e3-07f5002c2a4c",
                  "isHook": false,
                  "skipped": false
                },
                {
                  "title": "defaults",
                  "fullTitle": "asymmetric signatures defaults",
                  "timedOut": false,
                  "duration": 16023,
                  "state": "passed",
                  "speed": "slow",
                  "pass": true,
                  "fail": false,
                  "pending": false,
                  "context": null,
                  "code": "const setup = await mfkdf.setup.key([\n  await mfkdf.setup.factors.uuid({ id: 'uuid1', uuid: '9b1deb4d-3b7d-4bad-9bdd-2b0d7b3dcb6d' })\n])\nconst signature = await setup.sign('hello world')\nconst validity = await setup.verify('hello world', signature)\nvalidity.should.be.true\nawait setup.getAsymmetricKeyPair()",
                  "err": {},
                  "uuid": "90782c9a-836b-451c-8f3a-d9d30f671d9e",
                  "parentUUID": "0a8afb68-74c4-4601-81e3-07f5002c2a4c",
                  "isHook": false,
                  "skipped": false
                },
                {
                  "title": "ed25519",
                  "fullTitle": "asymmetric signatures ed25519",
                  "timedOut": false,
                  "duration": 121,
                  "state": "passed",
                  "speed": "slow",
                  "pass": true,
                  "fail": false,
                  "pending": false,
                  "context": null,
                  "code": "const setup = await mfkdf.setup.key([\n  await mfkdf.setup.factors.uuid({ id: 'uuid1', uuid: '9b1deb4d-3b7d-4bad-9bdd-2b0d7b3dcb6d' })\n])\nawait setup.getAsymmetricKeyPair('ed25519')",
                  "err": {},
                  "uuid": "00ac56c9-2fe0-4b46-ab82-5ef0ace96ef0",
                  "parentUUID": "0a8afb68-74c4-4601-81e3-07f5002c2a4c",
                  "isHook": false,
                  "skipped": false
                },
                {
                  "title": "unknown",
                  "fullTitle": "asymmetric signatures unknown",
                  "timedOut": false,
                  "duration": 107,
                  "state": "passed",
                  "speed": "slow",
                  "pass": true,
                  "fail": false,
                  "pending": false,
                  "context": null,
                  "code": "const setup = await mfkdf.setup.key([\n  await mfkdf.setup.factors.uuid({ id: 'uuid1', uuid: '9b1deb4d-3b7d-4bad-9bdd-2b0d7b3dcb6d' })\n])\nsetup.getAsymmetricKeyPair('unknown').should.be.rejectedWith(RangeError)",
                  "err": {},
                  "uuid": "aeb543dc-b07e-4a42-a60f-2c69289b4a1c",
                  "parentUUID": "0a8afb68-74c4-4601-81e3-07f5002c2a4c",
                  "isHook": false,
                  "skipped": false
                },
                {
                  "title": "errors",
                  "fullTitle": "asymmetric signatures errors",
                  "timedOut": false,
                  "duration": 6431,
                  "state": "passed",
                  "speed": "slow",
                  "pass": true,
                  "fail": false,
                  "pending": false,
                  "context": null,
                  "code": "const setup = await mfkdf.setup.key([\n  await mfkdf.setup.factors.uuid({ id: 'uuid1', uuid: '9b1deb4d-3b7d-4bad-9bdd-2b0d7b3dcb6d' })\n])\nsetup.sign(12345, 'rsa1024').should.be.rejectedWith(TypeError)\nconst signature = await setup.sign('hello world')\nsetup.verify(12345, signature).should.be.rejectedWith(TypeError)",
                  "err": {},
                  "uuid": "50f973ea-ae9c-4b68-8355-78597e2b080c",
                  "parentUUID": "0a8afb68-74c4-4601-81e3-07f5002c2a4c",
                  "isHook": false,
                  "skipped": false
                }
              ],
              "suites": [],
              "passes": [
                "26aa5f2e-dc95-4118-8991-728dd4f202ec",
                "70dc3a56-fd94-487e-8bf2-411f72c8881c",
                "29908b04-1256-4e04-9f8a-7f44ead5ed71",
                "90782c9a-836b-451c-8f3a-d9d30f671d9e",
                "00ac56c9-2fe0-4b46-ab82-5ef0ace96ef0",
                "aeb543dc-b07e-4a42-a60f-2c69289b4a1c",
                "50f973ea-ae9c-4b68-8355-78597e2b080c"
              ],
              "failures": [],
              "pending": [],
              "skipped": [],
              "duration": 43092,
              "root": false,
              "rootEmpty": false,
              "_timeout": 5000
            }
          ],
          "passes": [],
          "failures": [],
          "pending": [],
          "skipped": [],
          "duration": 0,
          "root": false,
          "rootEmpty": false,
          "_timeout": 5000
        },
        {
          "uuid": "5c2dc432-0d76-45bd-93d9-7eb494ba8727",
          "title": "encrypt",
          "fullFile": "C:\\xampp\\htdocs\\Multifactor\\MFKDF\\test\\crypto\\symmetric.js",
          "file": "\\test\\crypto\\symmetric.js",
          "beforeHooks": [],
          "afterHooks": [],
          "tests": [
            {
              "title": "defaults",
              "fullTitle": "encrypt defaults",
              "timedOut": false,
              "duration": 251,
              "state": "passed",
              "speed": "slow",
              "pass": true,
              "fail": false,
              "pending": false,
              "context": null,
              "code": "const setup = await mfkdf.setup.key([\n  await mfkdf.setup.factors.uuid({ id: 'uuid1', uuid: '9b1deb4d-3b7d-4bad-9bdd-2b0d7b3dcb6d' })\n])\nconst ciphertext = await setup.encrypt(Buffer.from('hello world'))\nconst derive = await mfkdf.derive.key(setup.policy, {\n  uuid1: mfkdf.derive.factors.uuid('9b1deb4d-3b7d-4bad-9bdd-2b0d7b3dcb6d')\n})\nconst plaintext = await derive.decrypt(ciphertext)\nplaintext.toString().should.equal('hello world')",
              "err": {},
              "uuid": "e6686338-e454-4235-9f3a-e397e02118d5",
              "parentUUID": "5c2dc432-0d76-45bd-93d9-7eb494ba8727",
              "isHook": false,
              "skipped": false
            },
            {
              "title": "AES256-CBC",
              "fullTitle": "encrypt AES256-CBC",
              "timedOut": false,
              "duration": 230,
              "state": "passed",
              "speed": "slow",
              "pass": true,
              "fail": false,
              "pending": false,
              "context": null,
              "code": "const setup = await mfkdf.setup.key([\n  await mfkdf.setup.factors.uuid({ id: 'uuid1', uuid: '9b1deb4d-3b7d-4bad-9bdd-2b0d7b3dcb6d' })\n])\nconst ciphertext = await setup.encrypt(Buffer.from('hello world'), 'aes256')\nconst derive = await mfkdf.derive.key(setup.policy, {\n  uuid1: mfkdf.derive.factors.uuid('9b1deb4d-3b7d-4bad-9bdd-2b0d7b3dcb6d')\n})\nconst plaintext = await derive.decrypt(ciphertext, 'aes256')\nplaintext.toString().should.equal('hello world')",
              "err": {},
              "uuid": "e82b2d55-b1e1-418c-830c-6d36f103ab3f",
              "parentUUID": "5c2dc432-0d76-45bd-93d9-7eb494ba8727",
              "isHook": false,
              "skipped": false
            },
            {
              "title": "AES192-CBC",
              "fullTitle": "encrypt AES192-CBC",
              "timedOut": false,
              "duration": 225,
              "state": "passed",
              "speed": "slow",
              "pass": true,
              "fail": false,
              "pending": false,
              "context": null,
              "code": "const setup = await mfkdf.setup.key([\n  await mfkdf.setup.factors.uuid({ id: 'uuid1', uuid: '9b1deb4d-3b7d-4bad-9bdd-2b0d7b3dcb6d' })\n])\nconst ciphertext = await setup.encrypt('hello world', 'aes192')\nconst derive = await mfkdf.derive.key(setup.policy, {\n  uuid1: mfkdf.derive.factors.uuid('9b1deb4d-3b7d-4bad-9bdd-2b0d7b3dcb6d')\n})\nconst plaintext = await derive.decrypt(ciphertext, 'aes192')\nplaintext.toString().should.equal('hello world')",
              "err": {},
              "uuid": "8bdff09b-efcc-4c2c-b876-3fc62c6879dd",
              "parentUUID": "5c2dc432-0d76-45bd-93d9-7eb494ba8727",
              "isHook": false,
              "skipped": false
            },
            {
              "title": "AES128-CBC",
              "fullTitle": "encrypt AES128-CBC",
              "timedOut": false,
              "duration": 232,
              "state": "passed",
              "speed": "slow",
              "pass": true,
              "fail": false,
              "pending": false,
              "context": null,
              "code": "const setup = await mfkdf.setup.key([\n  await mfkdf.setup.factors.uuid({ id: 'uuid1', uuid: '9b1deb4d-3b7d-4bad-9bdd-2b0d7b3dcb6d' })\n])\nconst ciphertext = await setup.encrypt('hello world', 'aes128')\nconst derive = await mfkdf.derive.key(setup.policy, {\n  uuid1: mfkdf.derive.factors.uuid('9b1deb4d-3b7d-4bad-9bdd-2b0d7b3dcb6d')\n})\nconst plaintext = await derive.decrypt(ciphertext, 'aes128')\nplaintext.toString().should.equal('hello world')",
              "err": {},
              "uuid": "9f3a206f-ebfd-47b8-be30-ed7a39081362",
              "parentUUID": "5c2dc432-0d76-45bd-93d9-7eb494ba8727",
              "isHook": false,
              "skipped": false
            },
            {
              "title": "3DES-CBC",
              "fullTitle": "encrypt 3DES-CBC",
              "timedOut": false,
              "duration": 226,
              "state": "passed",
              "speed": "slow",
              "pass": true,
              "fail": false,
              "pending": false,
              "context": null,
              "code": "const setup = await mfkdf.setup.key([\n  await mfkdf.setup.factors.uuid({ id: 'uuid1', uuid: '9b1deb4d-3b7d-4bad-9bdd-2b0d7b3dcb6d' })\n])\nconst ciphertext = await setup.encrypt('hello world', '3des')\nconst derive = await mfkdf.derive.key(setup.policy, {\n  uuid1: mfkdf.derive.factors.uuid('9b1deb4d-3b7d-4bad-9bdd-2b0d7b3dcb6d')\n})\nconst plaintext = await derive.decrypt(ciphertext, '3des')\nplaintext.toString().should.equal('hello world')",
              "err": {},
              "uuid": "4ccff3ae-862f-42e8-9704-aa85e3b14a97",
              "parentUUID": "5c2dc432-0d76-45bd-93d9-7eb494ba8727",
              "isHook": false,
              "skipped": false
            },
            {
              "title": "DES-CBC",
              "fullTitle": "encrypt DES-CBC",
              "timedOut": false,
              "duration": 232,
              "state": "passed",
              "speed": "slow",
              "pass": true,
              "fail": false,
              "pending": false,
              "context": null,
              "code": "const setup = await mfkdf.setup.key([\n  await mfkdf.setup.factors.uuid({ id: 'uuid1', uuid: '9b1deb4d-3b7d-4bad-9bdd-2b0d7b3dcb6d' })\n])\nconst ciphertext = await setup.encrypt('hello world', 'des')\nconst derive = await mfkdf.derive.key(setup.policy, {\n  uuid1: mfkdf.derive.factors.uuid('9b1deb4d-3b7d-4bad-9bdd-2b0d7b3dcb6d')\n})\nconst plaintext = await derive.decrypt(ciphertext, 'des')\nplaintext.toString().should.equal('hello world')",
              "err": {},
              "uuid": "a52f9a49-e2d3-4f37-93da-86e4c577ab85",
              "parentUUID": "5c2dc432-0d76-45bd-93d9-7eb494ba8727",
              "isHook": false,
              "skipped": false
            },
            {
              "title": "AES256-ECB",
              "fullTitle": "encrypt AES256-ECB",
              "timedOut": false,
              "duration": 227,
              "state": "passed",
              "speed": "slow",
              "pass": true,
              "fail": false,
              "pending": false,
              "context": null,
              "code": "const setup = await mfkdf.setup.key([\n  await mfkdf.setup.factors.uuid({ id: 'uuid1', uuid: '9b1deb4d-3b7d-4bad-9bdd-2b0d7b3dcb6d' })\n])\nconst ciphertext = await setup.encrypt(Buffer.from('hello world'), 'aes256', 'ECB')\nconst derive = await mfkdf.derive.key(setup.policy, {\n  uuid1: mfkdf.derive.factors.uuid('9b1deb4d-3b7d-4bad-9bdd-2b0d7b3dcb6d')\n})\nconst plaintext = await derive.decrypt(ciphertext, 'aes256', 'ECB')\nplaintext.toString().should.equal('hello world')",
              "err": {},
              "uuid": "08982e51-2cc7-4cf6-b818-5063c9113386",
              "parentUUID": "5c2dc432-0d76-45bd-93d9-7eb494ba8727",
              "isHook": false,
              "skipped": false
            },
            {
              "title": "AES192-ECB",
              "fullTitle": "encrypt AES192-ECB",
              "timedOut": false,
              "duration": 227,
              "state": "passed",
              "speed": "slow",
              "pass": true,
              "fail": false,
              "pending": false,
              "context": null,
              "code": "const setup = await mfkdf.setup.key([\n  await mfkdf.setup.factors.uuid({ id: 'uuid1', uuid: '9b1deb4d-3b7d-4bad-9bdd-2b0d7b3dcb6d' })\n])\nconst ciphertext = await setup.encrypt('hello world', 'aes192', 'ECB')\nconst derive = await mfkdf.derive.key(setup.policy, {\n  uuid1: mfkdf.derive.factors.uuid('9b1deb4d-3b7d-4bad-9bdd-2b0d7b3dcb6d')\n})\nconst plaintext = await derive.decrypt(ciphertext, 'aes192', 'ECB')\nplaintext.toString().should.equal('hello world')",
              "err": {},
              "uuid": "e0accce6-cfc7-4365-8b8d-eee9e9fe76f0",
              "parentUUID": "5c2dc432-0d76-45bd-93d9-7eb494ba8727",
              "isHook": false,
              "skipped": false
            },
            {
              "title": "AES128-ECB",
              "fullTitle": "encrypt AES128-ECB",
              "timedOut": false,
              "duration": 225,
              "state": "passed",
              "speed": "slow",
              "pass": true,
              "fail": false,
              "pending": false,
              "context": null,
              "code": "const setup = await mfkdf.setup.key([\n  await mfkdf.setup.factors.uuid({ id: 'uuid1', uuid: '9b1deb4d-3b7d-4bad-9bdd-2b0d7b3dcb6d' })\n])\nconst ciphertext = await setup.encrypt('hello world', 'aes128', 'ECB')\nconst derive = await mfkdf.derive.key(setup.policy, {\n  uuid1: mfkdf.derive.factors.uuid('9b1deb4d-3b7d-4bad-9bdd-2b0d7b3dcb6d')\n})\nconst plaintext = await derive.decrypt(ciphertext, 'aes128', 'ECB')\nplaintext.toString().should.equal('hello world')",
              "err": {},
              "uuid": "4b87aa07-4bc1-4e55-85b6-a3159751d4d6",
              "parentUUID": "5c2dc432-0d76-45bd-93d9-7eb494ba8727",
              "isHook": false,
              "skipped": false
            },
            {
              "title": "3DES-ECB",
              "fullTitle": "encrypt 3DES-ECB",
              "timedOut": false,
              "duration": 227,
              "state": "passed",
              "speed": "slow",
              "pass": true,
              "fail": false,
              "pending": false,
              "context": null,
              "code": "const setup = await mfkdf.setup.key([\n  await mfkdf.setup.factors.uuid({ id: 'uuid1', uuid: '9b1deb4d-3b7d-4bad-9bdd-2b0d7b3dcb6d' })\n])\nconst ciphertext = await setup.encrypt('hello world', '3des', 'ECB')\nconst derive = await mfkdf.derive.key(setup.policy, {\n  uuid1: mfkdf.derive.factors.uuid('9b1deb4d-3b7d-4bad-9bdd-2b0d7b3dcb6d')\n})\nconst plaintext = await derive.decrypt(ciphertext, '3des', 'ECB')\nplaintext.toString().should.equal('hello world')",
              "err": {},
              "uuid": "10ef7faf-d1f7-49e6-ac08-013b36f75852",
              "parentUUID": "5c2dc432-0d76-45bd-93d9-7eb494ba8727",
              "isHook": false,
              "skipped": false
            },
            {
              "title": "DES-ECB",
              "fullTitle": "encrypt DES-ECB",
              "timedOut": false,
              "duration": 230,
              "state": "passed",
              "speed": "slow",
              "pass": true,
              "fail": false,
              "pending": false,
              "context": null,
              "code": "const setup = await mfkdf.setup.key([\n  await mfkdf.setup.factors.uuid({ id: 'uuid1', uuid: '9b1deb4d-3b7d-4bad-9bdd-2b0d7b3dcb6d' })\n])\nconst ciphertext = await setup.encrypt('hello world', 'des', 'ECB')\nconst derive = await mfkdf.derive.key(setup.policy, {\n  uuid1: mfkdf.derive.factors.uuid('9b1deb4d-3b7d-4bad-9bdd-2b0d7b3dcb6d')\n})\nconst plaintext = await derive.decrypt(ciphertext, 'des', 'ECB')\nplaintext.toString().should.equal('hello world')",
              "err": {},
              "uuid": "1e47603e-8503-41a8-8849-5844f907b245",
              "parentUUID": "5c2dc432-0d76-45bd-93d9-7eb494ba8727",
              "isHook": false,
              "skipped": false
            }
          ],
          "suites": [
            {
              "uuid": "459caa56-4ecb-42aa-8c54-5f6d489b7f71",
              "title": "utils",
              "fullFile": "C:\\xampp\\htdocs\\Multifactor\\MFKDF\\test\\crypto\\symmetric.js",
              "file": "\\test\\crypto\\symmetric.js",
              "beforeHooks": [],
              "afterHooks": [],
              "tests": [
                {
                  "title": "subkey",
                  "fullTitle": "encrypt utils subkey",
                  "timedOut": false,
                  "duration": 107,
                  "state": "passed",
                  "speed": "slow",
                  "pass": true,
                  "fail": false,
                  "pending": false,
                  "context": null,
                  "code": "const setup = await mfkdf.setup.key([\n  await mfkdf.setup.factors.uuid({ id: 'uuid1', uuid: '9b1deb4d-3b7d-4bad-9bdd-2b0d7b3dcb6d' })\n])\nconst key1 = await setup.getSubkey(32, 'AES256', 'sha256')\nconst key2 = await setup.getSymmetricKey('aes256')\nkey1.toString('hex').should.equal(key2.toString('hex'))\nconst key3 = await setup.getSubkey()\nconst key4 = await setup.getSubkey(32, '', 'sha512')\nkey3.toString('hex').should.equal(key4.toString('hex'))",
                  "err": {},
                  "uuid": "fba9ede6-a776-44a3-a072-2032ca4b1b28",
                  "parentUUID": "459caa56-4ecb-42aa-8c54-5f6d489b7f71",
                  "isHook": false,
                  "skipped": false
                },
                {
                  "title": "symmetric key",
                  "fullTitle": "encrypt utils symmetric key",
                  "timedOut": false,
                  "duration": 106,
                  "state": "passed",
                  "speed": "slow",
                  "pass": true,
                  "fail": false,
                  "pending": false,
                  "context": null,
                  "code": "const setup = await mfkdf.setup.key([\n  await mfkdf.setup.factors.uuid({ id: 'uuid1', uuid: '9b1deb4d-3b7d-4bad-9bdd-2b0d7b3dcb6d' })\n])\nconst key1 = await setup.getSymmetricKey()\nconst key2 = await setup.getSymmetricKey('aes256')\nkey1.toString('hex').should.equal(key2.toString('hex'))",
                  "err": {},
                  "uuid": "8af368e4-e813-44a7-8dae-e3e203283fa3",
                  "parentUUID": "459caa56-4ecb-42aa-8c54-5f6d489b7f71",
                  "isHook": false,
                  "skipped": false
                }
              ],
              "suites": [],
              "passes": [
                "fba9ede6-a776-44a3-a072-2032ca4b1b28",
                "8af368e4-e813-44a7-8dae-e3e203283fa3"
              ],
              "failures": [],
              "pending": [],
              "skipped": [],
              "duration": 213,
              "root": false,
              "rootEmpty": false,
              "_timeout": 5000
            },
            {
              "uuid": "95b4c8fe-3613-45fb-a4cb-ceac351c32e7",
              "title": "errors",
              "fullFile": "C:\\xampp\\htdocs\\Multifactor\\MFKDF\\test\\crypto\\symmetric.js",
              "file": "\\test\\crypto\\symmetric.js",
              "beforeHooks": [],
              "afterHooks": [],
              "tests": [
                {
                  "title": "invalid key",
                  "fullTitle": "encrypt errors invalid key",
                  "timedOut": false,
                  "duration": 106,
                  "state": "passed",
                  "speed": "slow",
                  "pass": true,
                  "fail": false,
                  "pending": false,
                  "context": null,
                  "code": "const setup = await mfkdf.setup.key([\n  await mfkdf.setup.factors.uuid({ id: 'uuid1', uuid: '9b1deb4d-3b7d-4bad-9bdd-2b0d7b3dcb6d' })\n])\nsetup.encrypt('hello world', 'unknown').should.be.rejectedWith(RangeError)",
                  "err": {},
                  "uuid": "aea04199-2284-4648-9732-51ef2c2d8a1d",
                  "parentUUID": "95b4c8fe-3613-45fb-a4cb-ceac351c32e7",
                  "isHook": false,
                  "skipped": false
                },
                {
                  "title": "invalid message",
                  "fullTitle": "encrypt errors invalid message",
                  "timedOut": false,
                  "duration": 108,
                  "state": "passed",
                  "speed": "slow",
                  "pass": true,
                  "fail": false,
                  "pending": false,
                  "context": null,
                  "code": "const setup = await mfkdf.setup.key([\n  await mfkdf.setup.factors.uuid({ id: 'uuid1', uuid: '9b1deb4d-3b7d-4bad-9bdd-2b0d7b3dcb6d' })\n])\nsetup.encrypt(12345, 'unknown').should.be.rejectedWith(TypeError)",
                  "err": {},
                  "uuid": "ed64c6cc-d45a-4215-99a3-21ff28df0207",
                  "parentUUID": "95b4c8fe-3613-45fb-a4cb-ceac351c32e7",
                  "isHook": false,
                  "skipped": false
                },
                {
                  "title": "invalid ciphertext",
                  "fullTitle": "encrypt errors invalid ciphertext",
                  "timedOut": false,
                  "duration": 106,
                  "state": "passed",
                  "speed": "slow",
                  "pass": true,
                  "fail": false,
                  "pending": false,
                  "context": null,
                  "code": "const setup = await mfkdf.setup.key([\n  await mfkdf.setup.factors.uuid({ id: 'uuid1', uuid: '9b1deb4d-3b7d-4bad-9bdd-2b0d7b3dcb6d' })\n])\nsetup.decrypt(12345, 'unknown').should.be.rejectedWith(TypeError)",
                  "err": {},
                  "uuid": "d54b9106-4f47-4f8e-b7cb-ac03a6b5d878",
                  "parentUUID": "95b4c8fe-3613-45fb-a4cb-ceac351c32e7",
                  "isHook": false,
                  "skipped": false
                }
              ],
              "suites": [],
              "passes": [
                "aea04199-2284-4648-9732-51ef2c2d8a1d",
                "ed64c6cc-d45a-4215-99a3-21ff28df0207",
                "d54b9106-4f47-4f8e-b7cb-ac03a6b5d878"
              ],
              "failures": [],
              "pending": [],
              "skipped": [],
              "duration": 320,
              "root": false,
              "rootEmpty": false,
              "_timeout": 5000
            }
          ],
          "passes": [
            "e6686338-e454-4235-9f3a-e397e02118d5",
            "e82b2d55-b1e1-418c-830c-6d36f103ab3f",
            "8bdff09b-efcc-4c2c-b876-3fc62c6879dd",
            "9f3a206f-ebfd-47b8-be30-ed7a39081362",
            "4ccff3ae-862f-42e8-9704-aa85e3b14a97",
            "a52f9a49-e2d3-4f37-93da-86e4c577ab85",
            "08982e51-2cc7-4cf6-b818-5063c9113386",
            "e0accce6-cfc7-4365-8b8d-eee9e9fe76f0",
            "4b87aa07-4bc1-4e55-85b6-a3159751d4d6",
            "10ef7faf-d1f7-49e6-ac08-013b36f75852",
            "1e47603e-8503-41a8-8849-5844f907b245"
          ],
          "failures": [],
          "pending": [],
          "skipped": [],
          "duration": 2532,
          "root": false,
          "rootEmpty": false,
          "_timeout": 5000
        },
        {
          "uuid": "95598020-1a0e-420f-a310-14e29d8a2b92",
          "title": "derive/factors/password",
          "fullFile": "C:\\xampp\\htdocs\\Multifactor\\MFKDF\\test\\derive\\factors\\password.js",
          "file": "\\test\\derive\\factors\\password.js",
          "beforeHooks": [],
          "afterHooks": [],
          "tests": [
            {
              "title": "invalid/type",
              "fullTitle": "derive/factors/password invalid/type",
              "timedOut": false,
              "duration": 1,
              "state": "passed",
              "speed": "slow",
              "pass": true,
              "fail": false,
              "pending": false,
              "context": null,
              "code": "(() => {\n  mfkdf.derive.factors.password(12345)\n}).should.throw(TypeError)",
              "err": {},
              "uuid": "7800a9c0-6782-4d67-90a9-54da38a437a9",
              "parentUUID": "95598020-1a0e-420f-a310-14e29d8a2b92",
              "isHook": false,
              "skipped": false
            },
            {
              "title": "invalid/range",
              "fullTitle": "derive/factors/password invalid/range",
              "timedOut": false,
              "duration": 0,
              "state": "passed",
              "speed": "fast",
              "pass": true,
              "fail": false,
              "pending": false,
              "context": null,
              "code": "(() => {\n  mfkdf.derive.factors.password('')\n}).should.throw(RangeError)",
              "err": {},
              "uuid": "8cd34889-14f5-4254-9118-adffcdc68403",
              "parentUUID": "95598020-1a0e-420f-a310-14e29d8a2b92",
              "isHook": false,
              "skipped": false
            }
          ],
          "suites": [],
          "passes": [
            "7800a9c0-6782-4d67-90a9-54da38a437a9",
            "8cd34889-14f5-4254-9118-adffcdc68403"
          ],
          "failures": [],
          "pending": [],
          "skipped": [],
          "duration": 1,
          "root": false,
          "rootEmpty": false,
          "_timeout": 5000
        },
        {
          "uuid": "be2ebea0-4a2b-4dfc-8746-56a56dd564b9",
          "title": "derive/factors/uuid",
          "fullFile": "C:\\xampp\\htdocs\\Multifactor\\MFKDF\\test\\derive\\factors\\uuid.js",
          "file": "\\test\\derive\\factors\\uuid.js",
          "beforeHooks": [],
          "afterHooks": [],
          "tests": [
            {
              "title": "invalid/type",
              "fullTitle": "derive/factors/uuid invalid/type",
              "timedOut": false,
              "duration": 1,
              "state": "passed",
              "speed": "slow",
              "pass": true,
              "fail": false,
              "pending": false,
              "context": null,
              "code": "(() => {\n  mfkdf.derive.factors.uuid(12345)\n}).should.throw(TypeError)",
              "err": {},
              "uuid": "b556c859-bc10-48be-90f4-8b151ea0adb8",
              "parentUUID": "be2ebea0-4a2b-4dfc-8746-56a56dd564b9",
              "isHook": false,
              "skipped": false
            },
            {
              "title": "invalid/range",
              "fullTitle": "derive/factors/uuid invalid/range",
              "timedOut": false,
              "duration": 0,
              "state": "passed",
              "speed": "fast",
              "pass": true,
              "fail": false,
              "pending": false,
              "context": null,
              "code": "(() => {\n  mfkdf.derive.factors.uuid('')\n}).should.throw(TypeError)",
              "err": {},
              "uuid": "0fc869c2-8e41-476f-bd50-13e7f28012fd",
              "parentUUID": "be2ebea0-4a2b-4dfc-8746-56a56dd564b9",
              "isHook": false,
              "skipped": false
            }
          ],
          "suites": [],
          "passes": [
            "b556c859-bc10-48be-90f4-8b151ea0adb8",
            "0fc869c2-8e41-476f-bd50-13e7f28012fd"
          ],
          "failures": [],
          "pending": [],
          "skipped": [],
          "duration": 1,
          "root": false,
          "rootEmpty": false,
          "_timeout": 5000
        },
        {
          "uuid": "ece581b8-cdaf-4983-9356-0f20d711d71a",
          "title": "derive/key",
          "fullFile": "C:\\xampp\\htdocs\\Multifactor\\MFKDF\\test\\derive\\key.js",
          "file": "\\test\\derive\\key.js",
          "beforeHooks": [],
          "afterHooks": [],
          "tests": [
            {
              "title": "hkdf",
              "fullTitle": "derive/key hkdf",
              "timedOut": false,
              "duration": 15,
              "state": "passed",
              "speed": "slow",
              "pass": true,
              "fail": false,
              "pending": false,
              "context": null,
              "code": "const setup = await mfkdf.setup.key([\n  await mfkdf.setup.factors.password('password1', { id: 'password1' })\n], { kdf: 'hkdf' })\nconst derive = await mfkdf.derive.key(setup.policy, {\n  password1: mfkdf.derive.factors.password('password1')\n})\nderive.key.toString('hex').should.equal(setup.key.toString('hex'))",
              "err": {},
              "uuid": "92c6ec63-c737-4d09-a291-183152e54257",
              "parentUUID": "ece581b8-cdaf-4983-9356-0f20d711d71a",
              "isHook": false,
              "skipped": false
            },
            {
              "title": "correct",
              "fullTitle": "derive/key correct",
              "timedOut": false,
              "duration": 590,
              "state": "passed",
              "speed": "slow",
              "pass": true,
              "fail": false,
              "pending": false,
              "context": null,
              "code": "const setup = await mfkdf.setup.key([\n  await mfkdf.setup.factors.password('password1', { id: 'password1' }),\n  await mfkdf.setup.factors.password('password2', { id: 'password2' }),\n  await mfkdf.setup.factors.password('password3', { id: 'password3' })\n], { threshold: 2 })\nconst derive1 = await mfkdf.derive.key(setup.policy, {\n  password1: mfkdf.derive.factors.password('password1'),\n  password2: mfkdf.derive.factors.password('password2')\n})\nconst derive2 = await mfkdf.derive.key(setup.policy, {\n  password2: mfkdf.derive.factors.password('password2'),\n  password3: mfkdf.derive.factors.password('password3')\n})\nconst derive3 = await mfkdf.derive.key(setup.policy, {\n  password1: mfkdf.derive.factors.password('password1'),\n  password3: mfkdf.derive.factors.password('password3')\n})\nconst derive4 = await mfkdf.derive.key(setup.policy, {\n  password1: mfkdf.derive.factors.password('password1'),\n  password2: mfkdf.derive.factors.password('password2'),\n  password3: mfkdf.derive.factors.password('password3')\n})\nsetup.key.toString('hex').should.equal(derive1.key.toString('hex'))\nsetup.key.toString('hex').should.equal(derive2.key.toString('hex'))\nsetup.key.toString('hex').should.equal(derive3.key.toString('hex'))\nsetup.key.toString('hex').should.equal(derive4.key.toString('hex'))\nJSON.stringify(setup.policy).should.equal(JSON.stringify(derive1.policy))\nJSON.stringify(setup.policy).should.equal(JSON.stringify(derive2.policy))\nJSON.stringify(setup.policy).should.equal(JSON.stringify(derive3.policy))\nJSON.stringify(setup.policy).should.equal(JSON.stringify(derive4.policy))",
              "err": {},
              "uuid": "b3299a0a-5ef3-462a-893c-800d192952a3",
              "parentUUID": "ece581b8-cdaf-4983-9356-0f20d711d71a",
              "isHook": false,
              "skipped": false
            },
            {
              "title": "incorrect",
              "fullTitle": "derive/key incorrect",
              "timedOut": false,
              "duration": 594,
              "state": "passed",
              "speed": "slow",
              "pass": true,
              "fail": false,
              "pending": false,
              "context": null,
              "code": "const setup = await mfkdf.setup.key([\n  await mfkdf.setup.factors.password('password1', { id: 'password1' }),\n  await mfkdf.setup.factors.password('password2', { id: 'password2' }),\n  await mfkdf.setup.factors.password('password3', { id: 'password3' })\n], { threshold: 2 })\nconst derive1 = await mfkdf.derive.key(setup.policy, {\n  password1: mfkdf.derive.factors.password('password1'),\n  password2: mfkdf.derive.factors.password('wrongpassword2')\n})\nconst derive2 = await mfkdf.derive.key(setup.policy, {\n  password2: mfkdf.derive.factors.password('wrongpassword2'),\n  password3: mfkdf.derive.factors.password('wrongpassword3')\n})\nconst derive3 = await mfkdf.derive.key(setup.policy, {\n  password1: mfkdf.derive.factors.password('password1'),\n  password3: mfkdf.derive.factors.password('password2')\n})\nconst derive4 = await mfkdf.derive.key(setup.policy, {\n  password1: mfkdf.derive.factors.password('password1'),\n  password2: mfkdf.derive.factors.password('password2'),\n  password3: mfkdf.derive.factors.password('password4')\n})\nsetup.key.toString('hex').should.not.equal(derive1.key.toString('hex'))\nsetup.key.toString('hex').should.not.equal(derive2.key.toString('hex'))\nsetup.key.toString('hex').should.not.equal(derive3.key.toString('hex'))\nsetup.key.toString('hex').should.not.equal(derive4.key.toString('hex'))",
              "err": {},
              "uuid": "d714fb17-5ab7-403a-a917-65d916b168d9",
              "parentUUID": "ece581b8-cdaf-4983-9356-0f20d711d71a",
              "isHook": false,
              "skipped": false
            },
            {
              "title": "mismatch",
              "fullTitle": "derive/key mismatch",
              "timedOut": false,
              "duration": 113,
              "state": "passed",
              "speed": "slow",
              "pass": true,
              "fail": false,
              "pending": false,
              "context": null,
              "code": "const setup = await mfkdf.setup.key([\n  await mfkdf.setup.factors.password('password', { id: 'password' })\n])\nmfkdf.derive.key(setup.policy, {\n  password: mfkdf.derive.factors.uuid('9b1deb4d-3b7d-4bad-9bdd-2b0d7b3dcb6d')\n}).should.be.rejectedWith(TypeError)",
              "err": {},
              "uuid": "ec304e48-aacf-45e4-a2d4-b166103c3773",
              "parentUUID": "ece581b8-cdaf-4983-9356-0f20d711d71a",
              "isHook": false,
              "skipped": false
            }
          ],
          "suites": [
            {
              "uuid": "630d4a9b-f23e-4a7a-a5d9-faa06747acc4",
              "title": "shares",
              "fullFile": "C:\\xampp\\htdocs\\Multifactor\\MFKDF\\test\\derive\\key.js",
              "file": "\\test\\derive\\key.js",
              "beforeHooks": [],
              "afterHooks": [],
              "tests": [
                {
                  "title": "valid",
                  "fullTitle": "derive/key shares valid",
                  "timedOut": false,
                  "duration": 468,
                  "state": "passed",
                  "speed": "slow",
                  "pass": true,
                  "fail": false,
                  "pending": false,
                  "context": null,
                  "code": "const setup = await mfkdf.setup.key([\n  await mfkdf.setup.factors.password('password1', { id: 'password1' }),\n  await mfkdf.setup.factors.password('password2', { id: 'password2' }),\n  await mfkdf.setup.factors.password('password3', { id: 'password3' })\n], { threshold: 2 })\nconst derive1 = await mfkdf.derive.key(setup.policy, {\n  password1: mfkdf.derive.factors.password('password1'),\n  password2: mfkdf.derive.factors.password('password2')\n})\nconst derive2 = await mfkdf.derive.key(derive1.policy, {\n  password2: mfkdf.derive.factors.password('password2'),\n  password3: mfkdf.derive.factors.password('password3')\n})\nconst derive3 = await mfkdf.derive.key(derive2.policy, {\n  password1: mfkdf.derive.factors.password('password1'),\n  password3: mfkdf.derive.factors.password('password3')\n})\nderive1.shares.should.deep.equal(setup.shares)\nderive2.shares.should.deep.equal(setup.shares)\nderive3.shares.should.deep.equal(setup.shares)",
                  "err": {},
                  "uuid": "832c7750-cf2a-46d3-9de2-c452ad34ae54",
                  "parentUUID": "630d4a9b-f23e-4a7a-a5d9-faa06747acc4",
                  "isHook": false,
                  "skipped": false
                }
              ],
              "suites": [],
              "passes": [
                "832c7750-cf2a-46d3-9de2-c452ad34ae54"
              ],
              "failures": [],
              "pending": [],
              "skipped": [],
              "duration": 468,
              "root": false,
              "rootEmpty": false,
              "_timeout": 5000
            },
            {
              "uuid": "01556ed4-7728-4607-905a-fd130abb40cf",
              "title": "invalid",
              "fullFile": "C:\\xampp\\htdocs\\Multifactor\\MFKDF\\test\\derive\\key.js",
              "file": "\\test\\derive\\key.js",
              "beforeHooks": [],
              "afterHooks": [],
              "tests": [
                {
                  "title": "schema",
                  "fullTitle": "derive/key invalid schema",
                  "timedOut": false,
                  "duration": 115,
                  "state": "passed",
                  "speed": "slow",
                  "pass": true,
                  "fail": false,
                  "pending": false,
                  "context": null,
                  "code": "const setup = await mfkdf.setup.key([\n  await mfkdf.setup.factors.password('password1', { id: 'password1' })\n])\ndelete setup.policy.$id\nmfkdf.derive.key(setup.policy, {\n  password1: mfkdf.derive.factors.password('password1')\n}).should.be.rejectedWith(TypeError)",
                  "err": {},
                  "uuid": "4bca39a3-e329-4813-a7a0-31c34f2dc12b",
                  "parentUUID": "01556ed4-7728-4607-905a-fd130abb40cf",
                  "isHook": false,
                  "skipped": false
                },
                {
                  "title": "factors",
                  "fullTitle": "derive/key invalid factors",
                  "timedOut": false,
                  "duration": 117,
                  "state": "passed",
                  "speed": "slow",
                  "pass": true,
                  "fail": false,
                  "pending": false,
                  "context": null,
                  "code": "const setup = await mfkdf.setup.key([\n  await mfkdf.setup.factors.password('password1', { id: 'password1' }),\n  await mfkdf.setup.factors.password('password2', { id: 'password2' }),\n  await mfkdf.setup.factors.password('password3', { id: 'password3' })\n], { threshold: 2 })\nmfkdf.derive.key(setup.policy, {\n  password1: mfkdf.derive.factors.password('password1')\n}).should.be.rejectedWith(RangeError)",
                  "err": {},
                  "uuid": "e27073bc-a56e-4f1b-9d74-0cee4fc9fa85",
                  "parentUUID": "01556ed4-7728-4607-905a-fd130abb40cf",
                  "isHook": false,
                  "skipped": false
                }
              ],
              "suites": [],
              "passes": [
                "4bca39a3-e329-4813-a7a0-31c34f2dc12b",
                "e27073bc-a56e-4f1b-9d74-0cee4fc9fa85"
              ],
              "failures": [],
              "pending": [],
              "skipped": [],
              "duration": 232,
              "root": false,
              "rootEmpty": false,
              "_timeout": 5000
            }
          ],
          "passes": [
            "92c6ec63-c737-4d09-a291-183152e54257",
            "b3299a0a-5ef3-462a-893c-800d192952a3",
            "d714fb17-5ab7-403a-a917-65d916b168d9",
            "ec304e48-aacf-45e4-a2d4-b166103c3773"
          ],
          "failures": [],
          "pending": [],
          "skipped": [],
          "duration": 1312,
          "root": false,
          "rootEmpty": false,
          "_timeout": 5000
        },
        {
          "uuid": "1aa8ad19-b25f-4efc-829b-4b0f857c6f42",
          "title": "derive/outputs",
          "fullFile": "C:\\xampp\\htdocs\\Multifactor\\MFKDF\\test\\derive\\outputs.js",
          "file": "\\test\\derive\\outputs.js",
          "beforeHooks": [],
          "afterHooks": [],
          "tests": [
            {
              "title": "stack",
              "fullTitle": "derive/outputs stack",
              "timedOut": false,
              "duration": 236,
              "state": "passed",
              "speed": "slow",
              "pass": true,
              "fail": false,
              "pending": false,
              "context": null,
              "code": "const setup = await mfkdf.setup.key([\n  await mfkdf.setup.factors.stack([\n    await mfkdf.setup.factors.uuid({ id: 'uuid1', uuid: '9b1deb4d-3b7d-4bad-9bdd-2b0d7b3dcb6d' }),\n    await mfkdf.setup.factors.uuid({ id: 'uuid2', uuid: '1b9d6bcd-bbfd-4b2d-9b5d-ab8dfbbd4bed' })\n  ]),\n  await mfkdf.setup.factors.uuid({ id: 'uuid3', uuid: '6ec0bd7f-11c0-43da-975e-2a8ad9ebae0b' })\n], { size: 8 })\ndelete setup.outputs.stack.entropyBits\nconst derive = await mfkdf.derive.key(setup.policy, {\n  stack: mfkdf.derive.factors.stack({\n    uuid1: mfkdf.derive.factors.uuid('9b1deb4d-3b7d-4bad-9bdd-2b0d7b3dcb6d'),\n    uuid2: mfkdf.derive.factors.uuid('1b9d6bcd-bbfd-4b2d-9b5d-ab8dfbbd4bed')\n  }),\n  uuid3: mfkdf.derive.factors.uuid('6ec0bd7f-11c0-43da-975e-2a8ad9ebae0b')\n})\nsetup.outputs.should.deep.equal(derive.outputs)",
              "err": {},
              "uuid": "5628b58d-1b01-43b9-92b3-da3a22a0cd17",
              "parentUUID": "1aa8ad19-b25f-4efc-829b-4b0f857c6f42",
              "isHook": false,
              "skipped": false
            },
            {
              "title": "hmacsha1",
              "fullTitle": "derive/outputs hmacsha1",
              "timedOut": false,
              "duration": 222,
              "state": "passed",
              "speed": "slow",
              "pass": true,
              "fail": false,
              "pending": false,
              "context": null,
              "code": "const setup = await mfkdf.setup.key([\n  await mfkdf.setup.factors.hmacsha1()\n], { size: 8 })\nconst secret = setup.outputs.hmacsha1.secret\nconst challenge = Buffer.from(setup.policy.factors[0].params.challenge, 'hex')\nconst response = crypto.createHmac('sha1', secret).update(challenge).digest()\nconst derive = await mfkdf.derive.key(setup.policy, {\n  hmacsha1: mfkdf.derive.factors.hmacsha1(response)\n})\nsetup.outputs.should.deep.equal(derive.outputs)",
              "err": {},
              "uuid": "c84c7f4d-31f7-48eb-880b-82938d05ea53",
              "parentUUID": "1aa8ad19-b25f-4efc-829b-4b0f857c6f42",
              "isHook": false,
              "skipped": false
            },
            {
              "title": "uuid",
              "fullTitle": "derive/outputs uuid",
              "timedOut": false,
              "duration": 221,
              "state": "passed",
              "speed": "slow",
              "pass": true,
              "fail": false,
              "pending": false,
              "context": null,
              "code": "const setup = await mfkdf.setup.key([\n  await mfkdf.setup.factors.uuid({ uuid: '9b1deb4d-3b7d-4bad-9bdd-2b0d7b3dcb6d' })\n], { size: 8 })\nconst derive = await mfkdf.derive.key(setup.policy, {\n  uuid: mfkdf.derive.factors.uuid('9b1deb4d-3b7d-4bad-9bdd-2b0d7b3dcb6d')\n})\nsetup.outputs.should.deep.equal(derive.outputs)",
              "err": {},
              "uuid": "d912e69d-eeeb-4fb3-9e0c-9701686b5c19",
              "parentUUID": "1aa8ad19-b25f-4efc-829b-4b0f857c6f42",
              "isHook": false,
              "skipped": false
            },
            {
              "title": "question",
              "fullTitle": "derive/outputs question",
              "timedOut": false,
              "duration": 218,
              "state": "passed",
              "speed": "slow",
              "pass": true,
              "fail": false,
              "pending": false,
              "context": null,
              "code": "const setup = await mfkdf.setup.key([\n  await mfkdf.setup.factors.question('Fido')\n], { size: 8 })\nconst derive = await mfkdf.derive.key(setup.policy, {\n  question: mfkdf.derive.factors.question('Fido')\n})\nsetup.outputs.question.strength.calc_time = null\nderive.outputs.question.strength.calc_time = null\nsetup.outputs.should.deep.equal(derive.outputs)",
              "err": {},
              "uuid": "69acec0d-e617-4815-964b-eaf3a2cbfb4e",
              "parentUUID": "1aa8ad19-b25f-4efc-829b-4b0f857c6f42",
              "isHook": false,
              "skipped": false
            },
            {
              "title": "ooba",
              "fullTitle": "derive/outputs ooba",
              "timedOut": false,
              "duration": 239,
              "state": "passed",
              "speed": "slow",
              "pass": true,
              "fail": false,
              "pending": false,
              "context": null,
              "code": "const keyPair = await crypto.webcrypto.subtle.generateKey({ hash: 'SHA-256', modulusLength: 2048, name: 'RSA-OAEP', publicExponent: new Uint8Array([1, 0, 1]) }, true, ['encrypt', 'decrypt'])\nconst setup = await mfkdf.setup.key([\n  await mfkdf.setup.factors.ooba({\n    key: keyPair.publicKey, params: { email: 'test@mfkdf.com' }\n  })\n])\nconst next = setup.policy.factors[0].params.next\nconst decrypted = await crypto.webcrypto.subtle.decrypt({ name: 'RSA-OAEP' }, keyPair.privateKey, Buffer.from(next, 'hex'))\nconst code = JSON.parse(Buffer.from(decrypted).toString()).code\nconst derive = await mfkdf.derive.key(setup.policy, {\n  ooba: mfkdf.derive.factors.ooba(code)\n})\nsetup.outputs.should.deep.equal(derive.outputs)",
              "err": {},
              "uuid": "3983bc8e-0c20-4d10-b5d0-7a003d12ef67",
              "parentUUID": "1aa8ad19-b25f-4efc-829b-4b0f857c6f42",
              "isHook": false,
              "skipped": false
            },
            {
              "title": "password",
              "fullTitle": "derive/outputs password",
              "timedOut": false,
              "duration": 223,
              "state": "passed",
              "speed": "slow",
              "pass": true,
              "fail": false,
              "pending": false,
              "context": null,
              "code": "const setup = await mfkdf.setup.key([\n  await mfkdf.setup.factors.password('password')\n], { size: 8 })\nconst derive = await mfkdf.derive.key(setup.policy, {\n  password: mfkdf.derive.factors.password('password')\n})\nsetup.outputs.password.strength.calc_time = null\nderive.outputs.password.strength.calc_time = null\nsetup.outputs.should.deep.equal(derive.outputs)",
              "err": {},
              "uuid": "aba309a5-d345-418c-a953-5ea3fbbbe5b1",
              "parentUUID": "1aa8ad19-b25f-4efc-829b-4b0f857c6f42",
              "isHook": false,
              "skipped": false
            },
            {
              "title": "multiple",
              "fullTitle": "derive/outputs multiple",
              "timedOut": false,
              "duration": 223,
              "state": "passed",
              "speed": "slow",
              "pass": true,
              "fail": false,
              "pending": false,
              "context": null,
              "code": "const setup = await mfkdf.setup.key([\n  await mfkdf.setup.factors.uuid({ id: 'uuid1', uuid: '9b1deb4d-3b7d-4bad-9bdd-2b0d7b3dcb6d' }),\n  await mfkdf.setup.factors.uuid({ id: 'uuid2', uuid: '1b9d6bcd-bbfd-4b2d-9b5d-ab8dfbbd4bed' }),\n  await mfkdf.setup.factors.uuid({ id: 'uuid3', uuid: '6ec0bd7f-11c0-43da-975e-2a8ad9ebae0b' })\n], { threshold: 2 })\nsetup.outputs.should.deep.equal({\n  uuid1: { uuid: '9b1deb4d-3b7d-4bad-9bdd-2b0d7b3dcb6d' },\n  uuid2: { uuid: '1b9d6bcd-bbfd-4b2d-9b5d-ab8dfbbd4bed' },\n  uuid3: { uuid: '6ec0bd7f-11c0-43da-975e-2a8ad9ebae0b' }\n})\nconst derive = await mfkdf.derive.key(setup.policy, {\n  uuid1: mfkdf.derive.factors.uuid('9b1deb4d-3b7d-4bad-9bdd-2b0d7b3dcb6d'),\n  uuid3: mfkdf.derive.factors.uuid('6ec0bd7f-11c0-43da-975e-2a8ad9ebae0b')\n})\nderive.outputs.should.deep.equal({\n  uuid1: { uuid: '9b1deb4d-3b7d-4bad-9bdd-2b0d7b3dcb6d' },\n  uuid3: { uuid: '6ec0bd7f-11c0-43da-975e-2a8ad9ebae0b' }\n})",
              "err": {},
              "uuid": "9b40571f-3ad2-4d6a-8e86-d5edb630b1b3",
              "parentUUID": "1aa8ad19-b25f-4efc-829b-4b0f857c6f42",
              "isHook": false,
              "skipped": false
            }
          ],
          "suites": [],
          "passes": [
            "5628b58d-1b01-43b9-92b3-da3a22a0cd17",
            "c84c7f4d-31f7-48eb-880b-82938d05ea53",
            "d912e69d-eeeb-4fb3-9e0c-9701686b5c19",
            "69acec0d-e617-4815-964b-eaf3a2cbfb4e",
            "3983bc8e-0c20-4d10-b5d0-7a003d12ef67",
            "aba309a5-d345-418c-a953-5ea3fbbbe5b1",
            "9b40571f-3ad2-4d6a-8e86-d5edb630b1b3"
          ],
          "failures": [],
          "pending": [],
          "skipped": [],
          "duration": 1582,
          "root": false,
          "rootEmpty": false,
          "_timeout": 5000
        },
        {
          "uuid": "7a16034b-dd1b-44bf-a5ad-abe46f9d50e5",
          "title": "examples",
          "fullFile": "C:\\xampp\\htdocs\\Multifactor\\MFKDF\\test\\examples\\examples.js",
          "file": "\\test\\examples\\examples.js",
          "beforeHooks": [],
          "afterHooks": [],
          "tests": [
            {
              "title": "kdf",
              "fullTitle": "examples kdf",
              "timedOut": false,
              "duration": 19,
              "state": "passed",
              "speed": "slow",
              "pass": true,
              "fail": false,
              "pending": false,
              "context": null,
              "code": "// setup kdf configuration\nconst config = await mfkdf.setup.kdf({\n  kdf: 'pbkdf2',\n  pbkdf2rounds: 100000,\n  pbkdf2digest: 'sha256'\n}) // -> { type: 'pbkdf2', params: { rounds: 100000, digest: 'sha256' } }\n// derive key\nconst key = await mfkdf.kdf('password', 'salt', 8, config)\nkey.toString('hex') // -> 0394a2ede332c9a1\nconfig.should.deep.equal({ type: 'pbkdf2', params: { rounds: 100000, digest: 'sha256' } })\nkey.toString('hex').should.equal('0394a2ede332c9a1')",
              "err": {},
              "uuid": "22089476-297e-4a47-b14e-0b8d861f2052",
              "parentUUID": "7a16034b-dd1b-44bf-a5ad-abe46f9d50e5",
              "isHook": false,
              "skipped": false
            },
            {
              "title": "setup/derive fast",
              "fullTitle": "examples setup/derive fast",
              "timedOut": false,
              "duration": 11,
              "state": "passed",
              "speed": "slow",
              "pass": true,
              "fail": false,
              "pending": false,
              "context": null,
              "code": "// setup 16 byte 2-of-3-factor multi-factor derived key with a password, HOTP code, and UUID recovery code\nconst setup = await mfkdf.setup.key([\n  await mfkdf.setup.factors.password('password'),\n  await mfkdf.setup.factors.hotp({ secret: Buffer.from('hello world') }),\n  await mfkdf.setup.factors.uuid({ id: 'recovery', uuid: '9b1deb4d-3b7d-4bad-9bdd-2b0d7b3dcb6d' })\n], { threshold: 2, size: 16, kdf: 'pbkdf2', pbkdf2rounds: 1 })\n// derive key using 2 of the 3 factors\nconst derive = await mfkdf.derive.key(setup.policy, {\n  password: mfkdf.derive.factors.password('password'),\n  hotp: mfkdf.derive.factors.hotp(365287)\n})\nsetup.key.toString('hex') // -> 34d20ced439ec2f871c96ca377f25771\nderive.key.toString('hex') // -> 34d20ced439ec2f871c96ca377f25771\nsetup.key.toString('hex').should.equal(derive.key.toString('hex'))",
              "err": {},
              "uuid": "169be595-8fc6-4f97-8572-4d2108147e8e",
              "parentUUID": "7a16034b-dd1b-44bf-a5ad-abe46f9d50e5",
              "isHook": false,
              "skipped": false
            },
            {
              "title": "setup/derive",
              "fullTitle": "examples setup/derive",
              "timedOut": false,
              "duration": 228,
              "state": "passed",
              "speed": "slow",
              "pass": true,
              "fail": false,
              "pending": false,
              "context": null,
              "code": "// setup 16 byte 2-of-3-factor multi-factor derived key with a password, HOTP code, and UUID recovery code\nconst setup = await mfkdf.setup.key([\n  await mfkdf.setup.factors.password('password'),\n  await mfkdf.setup.factors.hotp({ secret: Buffer.from('hello world') }),\n  await mfkdf.setup.factors.uuid({ id: 'recovery', uuid: '9b1deb4d-3b7d-4bad-9bdd-2b0d7b3dcb6d' })\n], { threshold: 2, size: 16 })\n// derive key using 2 of the 3 factors\nconst derive = await mfkdf.derive.key(setup.policy, {\n  password: mfkdf.derive.factors.password('password'),\n  hotp: mfkdf.derive.factors.hotp(365287)\n})\nsetup.key.toString('hex') // -> 34d20ced439ec2f871c96ca377f25771\nderive.key.toString('hex') // -> 34d20ced439ec2f871c96ca377f25771\nsetup.key.toString('hex').should.equal(derive.key.toString('hex'))",
              "err": {},
              "uuid": "4b8161c1-b9a3-4105-a623-46dcfa8db79a",
              "parentUUID": "7a16034b-dd1b-44bf-a5ad-abe46f9d50e5",
              "isHook": false,
              "skipped": false
            }
          ],
          "suites": [
            {
              "uuid": "a388d4f2-a634-4da0-900d-e1d9b42ed0e1",
              "title": "factors",
              "fullFile": "C:\\xampp\\htdocs\\Multifactor\\MFKDF\\test\\examples\\examples.js",
              "file": "\\test\\examples\\examples.js",
              "beforeHooks": [],
              "afterHooks": [],
              "tests": [
                {
                  "title": "stack",
                  "fullTitle": "examples factors stack",
                  "timedOut": false,
                  "duration": 235,
                  "state": "passed",
                  "speed": "slow",
                  "pass": true,
                  "fail": false,
                  "pending": false,
                  "context": null,
                  "code": "// setup key with stack factor\nconst setup = await mfkdf.setup.key([\n  await mfkdf.setup.factors.stack([\n    await mfkdf.setup.factors.password('password1', { id: 'password1' }),\n    await mfkdf.setup.factors.password('password2', { id: 'password2' })\n  ]),\n  await mfkdf.setup.factors.password('password3', { id: 'password3' })\n], { size: 8 })\n// derive key with stack factor\nconst derive = await mfkdf.derive.key(setup.policy, {\n  stack: mfkdf.derive.factors.stack({\n    password1: mfkdf.derive.factors.password('password1'),\n    password2: mfkdf.derive.factors.password('password2')\n  }),\n  password3: mfkdf.derive.factors.password('password3')\n})\nsetup.key.toString('hex') // -> 01d0c7236adf2516\nderive.key.toString('hex') // -> 01d0c7236adf2516\nsetup.key.toString('hex').should.equal(derive.key.toString('hex'))",
                  "err": {},
                  "uuid": "64508dbb-a461-4852-beff-03c6f9d2ff62",
                  "parentUUID": "a388d4f2-a634-4da0-900d-e1d9b42ed0e1",
                  "isHook": false,
                  "skipped": false
                },
                {
                  "title": "hmacsha1",
                  "fullTitle": "examples factors hmacsha1",
                  "timedOut": false,
                  "duration": 224,
                  "state": "passed",
                  "speed": "slow",
                  "pass": true,
                  "fail": false,
                  "pending": false,
                  "context": null,
                  "code": "// setup key with hmacsha1 factor\nconst setup = await mfkdf.setup.key([\n  await mfkdf.setup.factors.hmacsha1()\n], { size: 8 })\n// calculate response; could be done using hardware device\nconst secret = setup.outputs.hmacsha1.secret\nconst challenge = Buffer.from(setup.policy.factors[0].params.challenge, 'hex')\nconst response = crypto.createHmac('sha1', secret).update(challenge).digest()\n// derive key with hmacsha1 factor\nconst derive = await mfkdf.derive.key(setup.policy, {\n  hmacsha1: mfkdf.derive.factors.hmacsha1(response)\n})\nsetup.key.toString('hex') // -> 01d0c7236adf2516\nderive.key.toString('hex') // -> 01d0c7236adf2516\nsetup.key.toString('hex').should.equal(derive.key.toString('hex'))",
                  "err": {},
                  "uuid": "9cffd5a1-eac9-443b-8a03-dd574a550713",
                  "parentUUID": "a388d4f2-a634-4da0-900d-e1d9b42ed0e1",
                  "isHook": false,
                  "skipped": false
                },
                {
                  "title": "totp",
                  "fullTitle": "examples factors totp",
                  "timedOut": false,
                  "duration": 1108,
                  "state": "passed",
                  "speed": "slow",
                  "pass": true,
                  "fail": false,
                  "pending": false,
                  "context": null,
                  "code": "// setup key with totp factor\nconst setup = await mfkdf.setup.key([\n  await mfkdf.setup.factors.totp({\n    secret: Buffer.from('hello world'),\n    time: 1650430806597\n  })\n], { size: 8 })\n// derive key with totp factor\nconst derive = await mfkdf.derive.key(setup.policy, {\n  totp: mfkdf.derive.factors.totp(528258, { time: 1650430943604 })\n})\nsetup.key.toString('hex') // -> 01d0c7236adf2516\nderive.key.toString('hex') // -> 01d0c7236adf2516\nsetup.key.toString('hex').should.equal(derive.key.toString('hex'))",
                  "err": {},
                  "uuid": "f5130e5a-2867-43ac-9fdb-a39dddd4e2b4",
                  "parentUUID": "a388d4f2-a634-4da0-900d-e1d9b42ed0e1",
                  "isHook": false,
                  "skipped": false
                },
                {
                  "title": "hotp",
                  "fullTitle": "examples factors hotp",
                  "timedOut": false,
                  "duration": 223,
                  "state": "passed",
                  "speed": "slow",
                  "pass": true,
                  "fail": false,
                  "pending": false,
                  "context": null,
                  "code": "// setup key with hotp factor\nconst setup = await mfkdf.setup.key([\n  await mfkdf.setup.factors.hotp({ secret: Buffer.from('hello world') })\n], { size: 8 })\n// derive key with hotp factor\nconst derive = await mfkdf.derive.key(setup.policy, {\n  hotp: mfkdf.derive.factors.hotp(365287)\n})\nsetup.key.toString('hex') // -> 01d0c7236adf2516\nderive.key.toString('hex') // -> 01d0c7236adf2516\nsetup.key.toString('hex').should.equal(derive.key.toString('hex'))",
                  "err": {},
                  "uuid": "b33f28bc-f442-4c05-9cb4-d9eafe9f5efa",
                  "parentUUID": "a388d4f2-a634-4da0-900d-e1d9b42ed0e1",
                  "isHook": false,
                  "skipped": false
                },
                {
                  "title": "uuid",
                  "fullTitle": "examples factors uuid",
                  "timedOut": false,
                  "duration": 221,
                  "state": "passed",
                  "speed": "slow",
                  "pass": true,
                  "fail": false,
                  "pending": false,
                  "context": null,
                  "code": "// setup key with uuid factor\nconst setup = await mfkdf.setup.key([\n  await mfkdf.setup.factors.uuid({ uuid: '9b1deb4d-3b7d-4bad-9bdd-2b0d7b3dcb6d' })\n], { size: 8 })\n// derive key with uuid factor\nconst derive = await mfkdf.derive.key(setup.policy, {\n  uuid: mfkdf.derive.factors.uuid('9b1deb4d-3b7d-4bad-9bdd-2b0d7b3dcb6d')\n})\nsetup.key.toString('hex') // -> 01d0c7236adf2516\nderive.key.toString('hex') // -> 01d0c7236adf2516\nsetup.key.toString('hex').should.equal(derive.key.toString('hex'))",
                  "err": {},
                  "uuid": "a45c12eb-0d7a-4c87-b6a8-92c932c48082",
                  "parentUUID": "a388d4f2-a634-4da0-900d-e1d9b42ed0e1",
                  "isHook": false,
                  "skipped": false
                },
                {
                  "title": "question",
                  "fullTitle": "examples factors question",
                  "timedOut": false,
                  "duration": 218,
                  "state": "passed",
                  "speed": "slow",
                  "pass": true,
                  "fail": false,
                  "pending": false,
                  "context": null,
                  "code": "// setup key with security question factor\nconst setup = await mfkdf.setup.key([\n  await mfkdf.setup.factors.question('Fido')\n], { size: 8 })\n// derive key with security question factor\nconst derive = await mfkdf.derive.key(setup.policy, {\n  question: mfkdf.derive.factors.question('Fido')\n})\nsetup.key.toString('hex').should.equal(derive.key.toString('hex'))",
                  "err": {},
                  "uuid": "47b067bb-49e3-46ae-a351-75abc180f83e",
                  "parentUUID": "a388d4f2-a634-4da0-900d-e1d9b42ed0e1",
                  "isHook": false,
                  "skipped": false
                },
                {
                  "title": "ooba",
                  "fullTitle": "examples factors ooba",
                  "timedOut": false,
                  "duration": 284,
                  "state": "passed",
                  "speed": "slow",
                  "pass": true,
                  "fail": false,
                  "pending": false,
                  "context": null,
                  "code": "// setup RSA key pair (on out-of-band server)\nconst keyPair = await crypto.webcrypto.subtle.generateKey({ hash: 'SHA-256', modulusLength: 2048, name: 'RSA-OAEP', publicExponent: new Uint8Array([1, 0, 1]) }, true, ['encrypt', 'decrypt'])\n// setup key with out-of-band authentication factor\nconst setup = await mfkdf.setup.key([\n  await mfkdf.setup.factors.ooba({\n    key: keyPair.publicKey, params: { email: 'test@mfkdf.com' }\n  })\n])\n// decrypt and send code (on out-of-band server)\nconst next = setup.policy.factors[0].params.next\nconst decrypted = await crypto.webcrypto.subtle.decrypt({ name: 'RSA-OAEP' }, keyPair.privateKey, Buffer.from(next, 'hex'))\nconst code = JSON.parse(Buffer.from(decrypted).toString()).code\n// derive key with out-of-band factor\nconst derive = await mfkdf.derive.key(setup.policy, {\n  ooba: mfkdf.derive.factors.ooba(code)\n})\nsetup.key.toString('hex') // -> 01d0c7236adf2516\nderive.key.toString('hex') // -> 01d0c7236adf2516\nsetup.key.toString('hex').should.equal(derive.key.toString('hex'))",
                  "err": {},
                  "uuid": "997c3c0b-c4a2-4639-b922-1757c311feaf",
                  "parentUUID": "a388d4f2-a634-4da0-900d-e1d9b42ed0e1",
                  "isHook": false,
                  "skipped": false
                },
                {
                  "title": "password",
                  "fullTitle": "examples factors password",
                  "timedOut": false,
                  "duration": 222,
                  "state": "passed",
                  "speed": "slow",
                  "pass": true,
                  "fail": false,
                  "pending": false,
                  "context": null,
                  "code": "// setup key with password factor\nconst setup = await mfkdf.setup.key([\n  await mfkdf.setup.factors.password('password')\n], { size: 8 })\n// derive key with password factor\nconst derive = await mfkdf.derive.key(setup.policy, {\n  password: mfkdf.derive.factors.password('password')\n})\nsetup.key.toString('hex') // -> 01d0c7236adf2516\nderive.key.toString('hex') // -> 01d0c7236adf2516\nsetup.key.toString('hex').should.equal(derive.key.toString('hex'))",
                  "err": {},
                  "uuid": "c1d3cf04-0fd8-435b-bb12-428e91835f18",
                  "parentUUID": "a388d4f2-a634-4da0-900d-e1d9b42ed0e1",
                  "isHook": false,
                  "skipped": false
                }
              ],
              "suites": [],
              "passes": [
                "64508dbb-a461-4852-beff-03c6f9d2ff62",
                "9cffd5a1-eac9-443b-8a03-dd574a550713",
                "f5130e5a-2867-43ac-9fdb-a39dddd4e2b4",
                "b33f28bc-f442-4c05-9cb4-d9eafe9f5efa",
                "a45c12eb-0d7a-4c87-b6a8-92c932c48082",
                "47b067bb-49e3-46ae-a351-75abc180f83e",
                "997c3c0b-c4a2-4639-b922-1757c311feaf",
                "c1d3cf04-0fd8-435b-bb12-428e91835f18"
              ],
              "failures": [],
              "pending": [],
              "skipped": [],
              "duration": 2735,
              "root": false,
              "rootEmpty": false,
              "_timeout": 5000
            },
            {
              "uuid": "30d22c82-bbb0-4208-a0f9-08df662120d1",
              "title": "secrets",
              "fullFile": "C:\\xampp\\htdocs\\Multifactor\\MFKDF\\test\\examples\\examples.js",
              "file": "\\test\\examples\\examples.js",
              "beforeHooks": [],
              "afterHooks": [],
              "tests": [
                {
                  "title": "full",
                  "fullTitle": "examples secrets full",
                  "timedOut": false,
                  "duration": 1,
                  "state": "passed",
                  "speed": "slow",
                  "pass": true,
                  "fail": false,
                  "pending": false,
                  "context": null,
                  "code": "// share secret using 2-of-3 shares\nconst shares = mfkdf.secrets.share(Buffer.from('hello world'), 2, 3) // -> [Buffer, Buffer, Buffer]\n// recover secret using 2 shares\nconst secret = mfkdf.secrets.combine([shares[0], null, shares[2]], 2, 3)\nsecret.toString() // -> hello world\n// recover original 3 shares\nconst recover = mfkdf.secrets.recover([shares[0], null, shares[2]], 2, 3) // -> [Buffer, Buffer, Buffer]\nrecover.should.be.a('array')",
                  "err": {},
                  "uuid": "6aba0cb7-d4bb-4b3b-854c-43f281d67631",
                  "parentUUID": "30d22c82-bbb0-4208-a0f9-08df662120d1",
                  "isHook": false,
                  "skipped": false
                }
              ],
              "suites": [],
              "passes": [
                "6aba0cb7-d4bb-4b3b-854c-43f281d67631"
              ],
              "failures": [],
              "pending": [],
              "skipped": [],
              "duration": 1,
              "root": false,
              "rootEmpty": false,
              "_timeout": 5000
            },
            {
              "uuid": "d41b8693-d42a-4d29-8633-85590b7a0ee9",
              "title": "policy",
              "fullFile": "C:\\xampp\\htdocs\\Multifactor\\MFKDF\\test\\examples\\examples.js",
              "file": "\\test\\examples\\examples.js",
              "beforeHooks": [],
              "afterHooks": [],
              "tests": [
                {
                  "title": "validate",
                  "fullTitle": "examples policy validate",
                  "timedOut": false,
                  "duration": 112,
                  "state": "passed",
                  "speed": "slow",
                  "pass": true,
                  "fail": false,
                  "pending": false,
                  "context": null,
                  "code": "// setup key that can be derived from passwordA AND (passwordB OR passwordC)\nconst setup = await mfkdf.policy.setup(\n  await mfkdf.policy.and(\n    await mfkdf.setup.factors.password('passwordA', { id: 'passwordA' }),\n    await mfkdf.policy.or(\n      await mfkdf.setup.factors.password('passwordB', { id: 'passwordB' }),\n      await mfkdf.setup.factors.password('passwordC', { id: 'passwordC' })\n    )\n  )\n)\n// validate policy\nconst valid = mfkdf.policy.validate(setup.policy) // -> true\nvalid.should.be.true",
                  "err": {},
                  "uuid": "935a8c8d-be45-468d-872d-f5c4d189275e",
                  "parentUUID": "d41b8693-d42a-4d29-8633-85590b7a0ee9",
                  "isHook": false,
                  "skipped": false
                },
                {
                  "title": "ids",
                  "fullTitle": "examples policy ids",
                  "timedOut": false,
                  "duration": 111,
                  "state": "passed",
                  "speed": "slow",
                  "pass": true,
                  "fail": false,
                  "pending": false,
                  "context": null,
                  "code": "// setup key that can be derived from passwordA AND (passwordB OR passwordC)\nconst setup = await mfkdf.policy.setup(\n  await mfkdf.policy.and(\n    await mfkdf.setup.factors.password('passwordA', { id: 'passwordA' }),\n    await mfkdf.policy.or(\n      await mfkdf.setup.factors.password('passwordB', { id: 'passwordB' }),\n      await mfkdf.setup.factors.password('passwordC', { id: 'passwordC' })\n    )\n  )\n)\n// get list of ids\nconst ids = mfkdf.policy.ids(setup.policy) // -> ['passwordA', 'passwordB', 'passwordC', ...]\nids.includes('passwordA').should.be.true\nids.includes('passwordB').should.be.true\nids.includes('passwordC').should.be.true",
                  "err": {},
                  "uuid": "f79cdf29-26ad-485f-a26a-5a1070d02c0c",
                  "parentUUID": "d41b8693-d42a-4d29-8633-85590b7a0ee9",
                  "isHook": false,
                  "skipped": false
                },
                {
                  "title": "evaluate",
                  "fullTitle": "examples policy evaluate",
                  "timedOut": false,
                  "duration": 114,
                  "state": "passed",
                  "speed": "slow",
                  "pass": true,
                  "fail": false,
                  "pending": false,
                  "context": null,
                  "code": "// setup key that can be derived from passwordA AND (passwordB OR passwordC)\nconst setup = await mfkdf.policy.setup(\n  await mfkdf.policy.and(\n    await mfkdf.setup.factors.password('passwordA', { id: 'passwordA' }),\n    await mfkdf.policy.or(\n      await mfkdf.setup.factors.password('passwordB', { id: 'passwordB' }),\n      await mfkdf.setup.factors.password('passwordC', { id: 'passwordC' })\n    )\n  )\n)\n// check if key can be derived with passwordA and passwordC\nconst valid1 = await mfkdf.policy.evaluate(setup.policy, ['passwordA', 'passwordC']) // -> true\n// check if key can be derived with passwordB and passwordC\nconst valid2 = await mfkdf.policy.evaluate(setup.policy, ['passwordB', 'passwordC']) // -> false\nvalid1.should.be.true\nvalid2.should.be.false",
                  "err": {},
                  "uuid": "e4d97e3d-31d4-471f-8dac-c99ffb6fae28",
                  "parentUUID": "d41b8693-d42a-4d29-8633-85590b7a0ee9",
                  "isHook": false,
                  "skipped": false
                },
                {
                  "title": "setup/derive",
                  "fullTitle": "examples policy setup/derive",
                  "timedOut": false,
                  "duration": 237,
                  "state": "passed",
                  "speed": "slow",
                  "pass": true,
                  "fail": false,
                  "pending": false,
                  "context": null,
                  "code": "// setup key that can be derived from passwordA AND (passwordB OR passwordC)\nconst setup = await mfkdf.policy.setup(\n  await mfkdf.policy.and(\n    await mfkdf.setup.factors.password('passwordA', { id: 'passwordA' }),\n    await mfkdf.policy.or(\n      await mfkdf.setup.factors.password('passwordB', { id: 'passwordB' }),\n      await mfkdf.setup.factors.password('passwordC', { id: 'passwordC' })\n    )\n  ), { size: 8 }\n)\n// derive key with passwordA and passwordC (or passwordA and passwordB)\nconst derive = await mfkdf.policy.derive(setup.policy, {\n  passwordA: mfkdf.derive.factors.password('passwordA'),\n  passwordC: mfkdf.derive.factors.password('passwordC')\n})\nsetup.key.toString('hex') // -> e16a227944a65263\nderive.key.toString('hex') // -> e16a227944a65263\nsetup.key.toString('hex').should.equal(derive.key.toString('hex'))",
                  "err": {},
                  "uuid": "91b72956-2a2f-4aae-81e9-a121ecc04ad9",
                  "parentUUID": "d41b8693-d42a-4d29-8633-85590b7a0ee9",
                  "isHook": false,
                  "skipped": false
                },
                {
                  "title": "all",
                  "fullTitle": "examples policy all",
                  "timedOut": false,
                  "duration": 237,
                  "state": "passed",
                  "speed": "slow",
                  "pass": true,
                  "fail": false,
                  "pending": false,
[...]
                  "err": {},
                  "uuid": "6d8a8ce5-1181-45df-b14f-d3e8f4b143a1",
                  "parentUUID": "1753a14c-6144-422d-af2d-ff88a2de509a",
                  "isHook": false,
                  "skipped": false
                },
                {
                  "title": "invalid/range",
                  "fullTitle": "setup/key id invalid/range",
                  "timedOut": false,
                  "duration": 0,
                  "state": "passed",
                  "speed": "fast",
                  "pass": true,
                  "fail": false,
                  "pending": false,
                  "context": null,
                  "code": "mfkdf.setup.key([\n  await mfkdf.setup.factors.password('hello')\n], { id: '' }).should.be.rejectedWith(RangeError)",
                  "err": {},
                  "uuid": "abdc7f8d-4647-4f30-8c66-02354505a6f6",
                  "parentUUID": "1753a14c-6144-422d-af2d-ff88a2de509a",
                  "isHook": false,
                  "skipped": false
                }
              ],
              "suites": [],
              "passes": [
                "86a96ee7-3774-412c-b82a-bef26863e7e3",
                "99a7f7dc-b25d-4e52-944a-192bdb477053",
                "6d8a8ce5-1181-45df-b14f-d3e8f4b143a1",
                "abdc7f8d-4647-4f30-8c66-02354505a6f6"
              ],
              "failures": [],
              "pending": [],
              "skipped": [],
              "duration": 215,
              "root": false,
              "rootEmpty": false,
              "_timeout": 5000
            },
            {
              "uuid": "98307e13-287e-4e02-9df7-e58091fb21ea",
              "title": "size",
              "fullFile": "C:\\xampp\\htdocs\\Multifactor\\MFKDF\\test\\setup\\key.js",
              "file": "\\test\\setup\\key.js",
              "beforeHooks": [],
              "afterHooks": [],
              "tests": [
                {
                  "title": "default",
                  "fullTitle": "setup/key size default",
                  "timedOut": false,
                  "duration": 104,
                  "state": "passed",
                  "speed": "slow",
                  "pass": true,
                  "fail": false,
                  "pending": false,
                  "context": null,
                  "code": "const { policy } = await mfkdf.setup.key([\n  await mfkdf.setup.factors.password('hello')\n])\npolicy.size.should.equal(32)",
                  "err": {},
                  "uuid": "1d3a2831-8864-40a5-87f5-f5c5b51218f8",
                  "parentUUID": "98307e13-287e-4e02-9df7-e58091fb21ea",
                  "isHook": false,
                  "skipped": false
                },
                {
                  "title": "valid",
                  "fullTitle": "setup/key size valid",
                  "timedOut": false,
                  "duration": 105,
                  "state": "passed",
                  "speed": "slow",
                  "pass": true,
                  "fail": false,
                  "pending": false,
                  "context": null,
                  "code": "const { policy } = await mfkdf.setup.key([\n  await mfkdf.setup.factors.password('hello')\n], { size: 64 })\npolicy.size.should.equal(64)",
                  "err": {},
                  "uuid": "5c7de128-f2da-4c4e-b95e-163a80f28b53",
                  "parentUUID": "98307e13-287e-4e02-9df7-e58091fb21ea",
                  "isHook": false,
                  "skipped": false
                },
                {
                  "title": "invalid/type",
                  "fullTitle": "setup/key size invalid/type",
                  "timedOut": false,
                  "duration": 0,
                  "state": "passed",
                  "speed": "fast",
                  "pass": true,
                  "fail": false,
                  "pending": false,
                  "context": null,
                  "code": "mfkdf.setup.key([\n  await mfkdf.setup.factors.password('hello')\n], { size: 'hello' }).should.be.rejectedWith(TypeError)",
                  "err": {},
                  "uuid": "b5cfad5f-4573-458a-ad53-cfac5ad62e5d",
                  "parentUUID": "98307e13-287e-4e02-9df7-e58091fb21ea",
                  "isHook": false,
                  "skipped": false
                },
                {
                  "title": "invalid/range",
                  "fullTitle": "setup/key size invalid/range",
                  "timedOut": false,
                  "duration": 1,
                  "state": "passed",
                  "speed": "slow",
                  "pass": true,
                  "fail": false,
                  "pending": false,
                  "context": null,
                  "code": "mfkdf.setup.key([\n  await mfkdf.setup.factors.password('hello')\n], { size: 0 }).should.be.rejectedWith(RangeError)",
                  "err": {},
                  "uuid": "c8716e3d-a691-4f4e-a5b8-eee215a4333e",
                  "parentUUID": "98307e13-287e-4e02-9df7-e58091fb21ea",
                  "isHook": false,
                  "skipped": false
                }
              ],
              "suites": [],
              "passes": [
                "1d3a2831-8864-40a5-87f5-f5c5b51218f8",
                "5c7de128-f2da-4c4e-b95e-163a80f28b53",
                "b5cfad5f-4573-458a-ad53-cfac5ad62e5d",
                "c8716e3d-a691-4f4e-a5b8-eee215a4333e"
              ],
              "failures": [],
              "pending": [],
              "skipped": [],
              "duration": 210,
              "root": false,
              "rootEmpty": false,
              "_timeout": 5000
            },
            {
              "uuid": "a0957caa-4f50-4dca-8dfc-b91cc4268db5",
              "title": "threshold",
              "fullFile": "C:\\xampp\\htdocs\\Multifactor\\MFKDF\\test\\setup\\key.js",
              "file": "\\test\\setup\\key.js",
              "beforeHooks": [],
              "afterHooks": [],
              "tests": [
                {
                  "title": "default",
                  "fullTitle": "setup/key threshold default",
                  "timedOut": false,
                  "duration": 108,
                  "state": "passed",
                  "speed": "slow",
                  "pass": true,
                  "fail": false,
                  "pending": false,
                  "context": null,
                  "code": "const { policy } = await mfkdf.setup.key([\n  await mfkdf.setup.factors.password('hello', { id: 'password1' }),\n  await mfkdf.setup.factors.password('hello', { id: 'password2' })\n])\npolicy.threshold.should.equal(2)",
                  "err": {},
                  "uuid": "940085ea-a8dc-4405-a225-b55455d09049",
                  "parentUUID": "a0957caa-4f50-4dca-8dfc-b91cc4268db5",
                  "isHook": false,
                  "skipped": false
                },
                {
                  "title": "valid",
                  "fullTitle": "setup/key threshold valid",
                  "timedOut": false,
                  "duration": 105,
                  "state": "passed",
                  "speed": "slow",
                  "pass": true,
                  "fail": false,
                  "pending": false,
                  "context": null,
                  "code": "const { policy } = await mfkdf.setup.key([\n  await mfkdf.setup.factors.password('hello', { id: 'password1' }),\n  await mfkdf.setup.factors.password('hello', { id: 'password2' })\n], { threshold: 1 })\npolicy.threshold.should.equal(1)",
                  "err": {},
                  "uuid": "f34ae59f-1bf2-43f5-950f-ecc836aa2af1",
                  "parentUUID": "a0957caa-4f50-4dca-8dfc-b91cc4268db5",
                  "isHook": false,
                  "skipped": false
                },
                {
                  "title": "invalid/type",
                  "fullTitle": "setup/key threshold invalid/type",
                  "timedOut": false,
                  "duration": 1,
                  "state": "passed",
                  "speed": "slow",
                  "pass": true,
                  "fail": false,
                  "pending": false,
                  "context": null,
                  "code": "mfkdf.setup.key([\n  await mfkdf.setup.factors.password('hello')\n], { threshold: 'hello' }).should.be.rejectedWith(TypeError)",
                  "err": {},
                  "uuid": "f11a29d7-9e21-4ea8-94ae-85b3a1c5d549",
                  "parentUUID": "a0957caa-4f50-4dca-8dfc-b91cc4268db5",
                  "isHook": false,
                  "skipped": false
                },
                {
                  "title": "invalid/range",
                  "fullTitle": "setup/key threshold invalid/range",
                  "timedOut": false,
                  "duration": 0,
                  "state": "passed",
                  "speed": "fast",
                  "pass": true,
                  "fail": false,
                  "pending": false,
                  "context": null,
                  "code": "mfkdf.setup.key([\n  await mfkdf.setup.factors.password('hello')\n], { threshold: 0 }).should.be.rejectedWith(RangeError)\nmfkdf.setup.key([\n  await mfkdf.setup.factors.password('hello')\n], { threshold: 2 }).should.be.rejectedWith(RangeError)",
                  "err": {},
                  "uuid": "ce7fe192-19e1-402a-b948-79b49d513662",
                  "parentUUID": "a0957caa-4f50-4dca-8dfc-b91cc4268db5",
                  "isHook": false,
                  "skipped": false
                }
              ],
              "suites": [],
              "passes": [
                "940085ea-a8dc-4405-a225-b55455d09049",
                "f34ae59f-1bf2-43f5-950f-ecc836aa2af1",
                "f11a29d7-9e21-4ea8-94ae-85b3a1c5d549",
                "ce7fe192-19e1-402a-b948-79b49d513662"
              ],
              "failures": [],
              "pending": [],
              "skipped": [],
              "duration": 214,
              "root": false,
              "rootEmpty": false,
              "_timeout": 5000
            },
            {
              "uuid": "b657038c-3731-4c6e-9261-bb7a73a88455",
              "title": "salt",
              "fullFile": "C:\\xampp\\htdocs\\Multifactor\\MFKDF\\test\\setup\\key.js",
              "file": "\\test\\setup\\key.js",
              "beforeHooks": [],
              "afterHooks": [],
              "tests": [
                {
                  "title": "default",
                  "fullTitle": "setup/key salt default",
                  "timedOut": false,
                  "duration": 105,
                  "state": "passed",
                  "speed": "slow",
                  "pass": true,
                  "fail": false,
                  "pending": false,
                  "context": null,
                  "code": "const { policy } = await mfkdf.setup.key([\n  await mfkdf.setup.factors.password('hello')\n], { size: 48 })\nconst salt = Buffer.from(policy.salt, 'base64')\nsalt.length.should.equal(48)",
                  "err": {},
                  "uuid": "8ae64bce-1716-492a-9d65-d35314029fd1",
                  "parentUUID": "b657038c-3731-4c6e-9261-bb7a73a88455",
                  "isHook": false,
                  "skipped": false
                },
                {
                  "title": "valid",
                  "fullTitle": "setup/key salt valid",
                  "timedOut": false,
                  "duration": 107,
                  "state": "passed",
                  "speed": "slow",
                  "pass": true,
                  "fail": false,
                  "pending": false,
                  "context": null,
                  "code": "const { policy } = await mfkdf.setup.key([\n  await mfkdf.setup.factors.password('hello')\n], { salt: Buffer.from('12345678', 'base64') })\npolicy.salt.should.equal('12345678')",
                  "err": {},
                  "uuid": "9f2dca15-960a-4f4e-bd9a-6d10e549a3f9",
                  "parentUUID": "b657038c-3731-4c6e-9261-bb7a73a88455",
                  "isHook": false,
                  "skipped": false
                },
                {
                  "title": "invalid/type",
                  "fullTitle": "setup/key salt invalid/type",
                  "timedOut": false,
                  "duration": 0,
                  "state": "passed",
                  "speed": "fast",
                  "pass": true,
                  "fail": false,
                  "pending": false,
                  "context": null,
                  "code": "mfkdf.setup.key([\n  await mfkdf.setup.factors.password('hello')\n], { salt: 'hello' }).should.be.rejectedWith(TypeError)",
                  "err": {},
                  "uuid": "cb157350-45e5-4e09-a463-141150401559",
                  "parentUUID": "b657038c-3731-4c6e-9261-bb7a73a88455",
                  "isHook": false,
                  "skipped": false
                }
              ],
              "suites": [],
              "passes": [
                "8ae64bce-1716-492a-9d65-d35314029fd1",
                "9f2dca15-960a-4f4e-bd9a-6d10e549a3f9",
                "cb157350-45e5-4e09-a463-141150401559"
              ],
              "failures": [],
              "pending": [],
              "skipped": [],
              "duration": 212,
              "root": false,
              "rootEmpty": false,
              "_timeout": 5000
            },
            {
              "uuid": "86300982-9f50-4bde-895f-f8e87dc085f7",
              "title": "factors",
              "fullFile": "C:\\xampp\\htdocs\\Multifactor\\MFKDF\\test\\setup\\key.js",
              "file": "\\test\\setup\\key.js",
              "beforeHooks": [],
              "afterHooks": [],
              "tests": [
                {
                  "title": "valid",
                  "fullTitle": "setup/key factors valid",
                  "timedOut": false,
                  "duration": 107,
                  "state": "passed",
                  "speed": "slow",
                  "pass": true,
                  "fail": false,
                  "pending": false,
                  "context": null,
                  "code": "await mfkdf.setup.key([\n  {\n    type: 'password',\n    id: 'password',\n    data: Buffer.from('password', 'utf-8'),\n    params: async () => {\n      return {}\n    },\n    output: async () => {\n      return {}\n    }\n  }\n])",
                  "err": {},
                  "uuid": "ac5dcddc-abb5-40fd-be8a-c164d807a804",
                  "parentUUID": "86300982-9f50-4bde-895f-f8e87dc085f7",
                  "isHook": false,
                  "skipped": false
                },
                {
                  "title": "id",
                  "fullTitle": "setup/key factors id",
                  "timedOut": false,
                  "duration": 1,
                  "state": "passed",
                  "speed": "slow",
                  "pass": true,
                  "fail": false,
                  "pending": false,
                  "context": null,
                  "code": "mfkdf.setup.key([\n  await mfkdf.setup.factors.password('hello', { id: 'password1' }),\n  await mfkdf.setup.factors.password('hello', { id: 'password1' })\n]).should.be.rejectedWith(RangeError)",
                  "err": {},
                  "uuid": "7ca6dd72-5c05-46ec-9122-5ac24d997200",
                  "parentUUID": "86300982-9f50-4bde-895f-f8e87dc085f7",
                  "isHook": false,
                  "skipped": false
                },
                {
                  "title": "invalid/type",
                  "fullTitle": "setup/key factors invalid/type",
                  "timedOut": false,
                  "duration": 1,
                  "state": "passed",
                  "speed": "slow",
                  "pass": true,
                  "fail": false,
                  "pending": false,
                  "context": null,
                  "code": "mfkdf.setup.key('hello').should.be.rejectedWith(TypeError)\nmfkdf.setup.key([\n  {\n    type: 12345,\n    id: 'password',\n    data: Buffer.from('password', 'utf-8'),\n    params: async () => {\n      return {}\n    }\n  }\n]).should.be.rejectedWith(TypeError)\nmfkdf.setup.key([\n  {\n    type: 'password',\n    id: 12345,\n    data: Buffer.from('password', 'utf-8'),\n    params: async () => {\n      return {}\n    }\n  }\n]).should.be.rejectedWith(TypeError)\nmfkdf.setup.key([\n  {\n    type: 'password',\n    id: 'password',\n    data: 12345,\n    params: async () => {\n      return {}\n    }\n  }\n]).should.be.rejectedWith(TypeError)\nmfkdf.setup.key([\n  {\n    type: 'password',\n    id: 'password',\n    data: Buffer.from('password', 'utf-8'),\n    params: 12345\n  }\n]).should.be.rejectedWith(TypeError)",
                  "err": {},
                  "uuid": "bd864dad-7ea6-49aa-9e8b-5eb4d2c554eb",
                  "parentUUID": "86300982-9f50-4bde-895f-f8e87dc085f7",
                  "isHook": false,
                  "skipped": false
                },
                {
                  "title": "invalid/range",
                  "fullTitle": "setup/key factors invalid/range",
                  "timedOut": false,
                  "duration": 0,
                  "state": "passed",
                  "speed": "fast",
                  "pass": true,
                  "fail": false,
                  "pending": false,
                  "context": null,
                  "code": "mfkdf.setup.key([\n]).should.be.rejectedWith(RangeError)\nmfkdf.setup.key([\n  {\n    type: '',\n    id: 'password',\n    data: Buffer.from('password', 'utf-8'),\n    params: async () => {\n      return {}\n    }\n  }\n]).should.be.rejectedWith(RangeError)\nmfkdf.setup.key([\n  {\n    type: 'password',\n    id: '',\n    data: Buffer.from('password', 'utf-8'),\n    params: async () => {\n      return {}\n    }\n  }\n]).should.be.rejectedWith(RangeError)\nmfkdf.setup.key([\n  {\n    type: 'password',\n    id: 'password',\n    data: Buffer.from('', 'utf-8'),\n    params: async () => {\n      return {}\n    }\n  }\n]).should.be.rejectedWith(RangeError)",
                  "err": {},
                  "uuid": "d3122fc1-0b28-4d46-bd8a-1df1d8c377e0",
                  "parentUUID": "86300982-9f50-4bde-895f-f8e87dc085f7",
                  "isHook": false,
                  "skipped": false
                }
              ],
              "suites": [],
              "passes": [
                "ac5dcddc-abb5-40fd-be8a-c164d807a804",
                "7ca6dd72-5c05-46ec-9122-5ac24d997200",
                "bd864dad-7ea6-49aa-9e8b-5eb4d2c554eb",
                "d3122fc1-0b28-4d46-bd8a-1df1d8c377e0"
              ],
              "failures": [],
              "pending": [],
              "skipped": [],
              "duration": 109,
              "root": false,
              "rootEmpty": false,
              "_timeout": 5000
            }
          ],
          "passes": [
            "de94aa0d-c216-43e1-96ac-5a61f33477c0"
          ],
          "failures": [],
          "pending": [],
          "skipped": [],
          "duration": 113,
          "root": false,
          "rootEmpty": false,
          "_timeout": 5000
        }
      ],
      "passes": [],
      "failures": [],
      "pending": [],
      "skipped": [],
      "duration": 0,
      "root": true,
      "rootEmpty": true,
      "_timeout": 5000
    }
  ],
  "meta": {
    "mocha": {
      "version": "6.2.3"
    },
    "mochawesome": {
      "options": {
        "quiet": false,
        "reportFilename": "mochawesome",
        "saveHtml": true,
        "saveJson": true,
        "consoleReporter": "spec",
        "useInlineDiffs": false,
        "code": true
      },
      "version": "7.1.3"
    },
    "marge": {
      "options": {
        "reportDir": "./site/mochawesome"
      },
      "version": "6.2.0"
    }
  }
}