{
  "stats": {
    "suites": 85,
    "tests": 337,
    "passes": 337,
    "pending": 0,
    "failures": 0,
    "start": "2022-08-15T17:58:26.071Z",
    "end": "2022-08-15T18:00:05.993Z",
    "duration": 99922,
    "testsRegistered": 337,
    "passPercent": 100,
    "pendingPercent": 0,
    "other": 0,
    "hasOther": false,
    "skipped": 0,
    "hasSkipped": false
  },
  "results": [
    {
      "uuid": "cc12dc30-3b70-4532-aa40-6056a7cedb0f",
      "title": "",
      "fullFile": "",
      "file": "",
      "beforeHooks": [],
      "afterHooks": [],
      "tests": [],
      "suites": [
        {
          "uuid": "84bb2290-bcc5-4b8b-a6be-87ff2f6cbd1f",
          "title": "asymmetric",
          "fullFile": "C:\\xampp\\htdocs\\Multifactor\\MFKDF\\test\\crypto\\asymmetric.js",
          "file": "\\test\\crypto\\asymmetric.js",
          "beforeHooks": [],
          "afterHooks": [],
          "tests": [],
          "suites": [
            {
              "uuid": "65399b38-9a8a-4259-8b40-77a799794e0c",
              "title": "encryption",
              "fullFile": "C:\\xampp\\htdocs\\Multifactor\\MFKDF\\test\\crypto\\asymmetric.js",
              "file": "\\test\\crypto\\asymmetric.js",
              "beforeHooks": [],
              "afterHooks": [],
              "tests": [
                {
                  "title": "rsa1024",
                  "fullTitle": "asymmetric encryption rsa1024",
                  "timedOut": false,
                  "duration": 504,
                  "state": "passed",
                  "speed": "slow",
                  "pass": true,
                  "fail": false,
                  "pending": false,
                  "context": null,
                  "code": "const setup = await mfkdf.setup.key([\n  await mfkdf.setup.factors.uuid({ id: 'uuid1', uuid: '9b1deb4d-3b7d-4bad-9bdd-2b0d7b3dcb6d' })\n])\nconst ct = await setup.encrypt('hello world', 'rsa1024')\nconst pt = await setup.decrypt(ct, 'rsa1024')\npt.toString().should.equal('hello world')",
                  "err": {},
                  "uuid": "2ad8c8fe-9738-4b2b-bbed-ac7117f3b505",
                  "parentUUID": "65399b38-9a8a-4259-8b40-77a799794e0c",
                  "isHook": false,
                  "skipped": false
                },
                {
                  "title": "rsa2048",
                  "fullTitle": "asymmetric encryption rsa2048",
                  "timedOut": false,
                  "duration": 2387,
                  "state": "passed",
                  "speed": "slow",
                  "pass": true,
                  "fail": false,
                  "pending": false,
                  "context": null,
                  "code": "const setup = await mfkdf.setup.key([\n  await mfkdf.setup.factors.uuid({ id: 'uuid1', uuid: '9b1deb4d-3b7d-4bad-9bdd-2b0d7b3dcb6d' })\n])\nconst ct = await setup.encrypt('hello world', 'rsa2048')\nconst pt = await setup.decrypt(ct, 'rsa2048')\npt.toString().should.equal('hello world')",
                  "err": {},
                  "uuid": "6b902951-6d24-498f-b161-e8fe914df02d",
                  "parentUUID": "65399b38-9a8a-4259-8b40-77a799794e0c",
                  "isHook": false,
                  "skipped": false
                }
              ],
              "suites": [],
              "passes": [
                "2ad8c8fe-9738-4b2b-bbed-ac7117f3b505",
                "6b902951-6d24-498f-b161-e8fe914df02d"
              ],
              "failures": [],
              "pending": [],
              "skipped": [],
              "duration": 2891,
              "root": false,
              "rootEmpty": false,
              "_timeout": 5000
            },
            {
              "uuid": "df75a2c1-2f00-4b2b-9581-32668e72b7ea",
              "title": "signatures",
              "fullFile": "C:\\xampp\\htdocs\\Multifactor\\MFKDF\\test\\crypto\\asymmetric.js",
              "file": "\\test\\crypto\\asymmetric.js",
              "beforeHooks": [],
              "afterHooks": [],
              "tests": [
                {
                  "title": "rsa1024",
                  "fullTitle": "asymmetric signatures rsa1024",
                  "timedOut": false,
                  "duration": 329,
                  "state": "passed",
                  "speed": "slow",
                  "pass": true,
                  "fail": false,
                  "pending": false,
                  "context": null,
                  "code": "const setup = await mfkdf.setup.key([\n  await mfkdf.setup.factors.uuid({ id: 'uuid1', uuid: '9b1deb4d-3b7d-4bad-9bdd-2b0d7b3dcb6d' })\n])\nconst signature = await setup.sign('hello world', 'rsa1024')\nconst validity = await setup.verify('hello world', signature, 'rsa1024')\nvalidity.should.be.true",
                  "err": {},
                  "uuid": "c6c6929f-3624-432b-b2a6-16e241c0fc61",
                  "parentUUID": "df75a2c1-2f00-4b2b-9581-32668e72b7ea",
                  "isHook": false,
                  "skipped": false
                },
                {
                  "title": "rsa2048",
                  "fullTitle": "asymmetric signatures rsa2048",
                  "timedOut": false,
                  "duration": 1858,
                  "state": "passed",
                  "speed": "slow",
                  "pass": true,
                  "fail": false,
                  "pending": false,
                  "context": null,
                  "code": "const setup = await mfkdf.setup.key([\n  await mfkdf.setup.factors.uuid({ id: 'uuid1', uuid: '9b1deb4d-3b7d-4bad-9bdd-2b0d7b3dcb6d' })\n])\nconst signature = await setup.sign('hello world', 'rsa2048')\nconst validity = await setup.verify('hello world', signature, 'rsa2048')\nvalidity.should.be.true",
                  "err": {},
                  "uuid": "aa09285a-c4ba-477d-bc3a-5923c94f65eb",
                  "parentUUID": "df75a2c1-2f00-4b2b-9581-32668e72b7ea",
                  "isHook": false,
                  "skipped": false
                },
                {
                  "title": "rsa3072",
                  "fullTitle": "asymmetric signatures rsa3072",
                  "timedOut": false,
                  "duration": 13535,
                  "state": "passed",
                  "speed": "slow",
                  "pass": true,
                  "fail": false,
                  "pending": false,
                  "context": null,
                  "code": "const setup = await mfkdf.setup.key([\n  await mfkdf.setup.factors.uuid({ id: 'uuid1', uuid: '9b1deb4d-3b7d-4bad-9bdd-2b0d7b3dcb6d' })\n])\nconst signature = await setup.sign('hello world', 'rsa3072')\nconst validity = await setup.verify('hello world', signature, 'rsa3072')\nvalidity.should.be.true",
                  "err": {},
                  "uuid": "b21f6973-cfc1-4a2a-aa26-3d7efc596a87",
                  "parentUUID": "df75a2c1-2f00-4b2b-9581-32668e72b7ea",
                  "isHook": false,
                  "skipped": false
                },
                {
                  "title": "defaults",
                  "fullTitle": "asymmetric signatures defaults",
                  "timedOut": false,
                  "duration": 20074,
                  "state": "passed",
                  "speed": "slow",
                  "pass": true,
                  "fail": false,
                  "pending": false,
                  "context": null,
                  "code": "const setup = await mfkdf.setup.key([\n  await mfkdf.setup.factors.uuid({ id: 'uuid1', uuid: '9b1deb4d-3b7d-4bad-9bdd-2b0d7b3dcb6d' })\n])\nconst signature = await setup.sign('hello world')\nconst validity = await setup.verify('hello world', signature)\nvalidity.should.be.true\nawait setup.getAsymmetricKeyPair()",
                  "err": {},
                  "uuid": "b1b47f73-714d-4186-86c1-10a51fc59c40",
                  "parentUUID": "df75a2c1-2f00-4b2b-9581-32668e72b7ea",
                  "isHook": false,
                  "skipped": false
                },
                {
                  "title": "ed25519",
                  "fullTitle": "asymmetric signatures ed25519",
                  "timedOut": false,
                  "duration": 117,
                  "state": "passed",
                  "speed": "slow",
                  "pass": true,
                  "fail": false,
                  "pending": false,
                  "context": null,
                  "code": "const setup = await mfkdf.setup.key([\n  await mfkdf.setup.factors.uuid({ id: 'uuid1', uuid: '9b1deb4d-3b7d-4bad-9bdd-2b0d7b3dcb6d' })\n])\nawait setup.getAsymmetricKeyPair('ed25519')",
                  "err": {},
                  "uuid": "d2233e60-6b79-4531-8bb8-992c265839d0",
                  "parentUUID": "df75a2c1-2f00-4b2b-9581-32668e72b7ea",
                  "isHook": false,
                  "skipped": false
                },
                {
                  "title": "unknown",
                  "fullTitle": "asymmetric signatures unknown",
                  "timedOut": false,
                  "duration": 103,
                  "state": "passed",
                  "speed": "slow",
                  "pass": true,
                  "fail": false,
                  "pending": false,
                  "context": null,
                  "code": "const setup = await mfkdf.setup.key([\n  await mfkdf.setup.factors.uuid({ id: 'uuid1', uuid: '9b1deb4d-3b7d-4bad-9bdd-2b0d7b3dcb6d' })\n])\nsetup.getAsymmetricKeyPair('unknown').should.be.rejectedWith(RangeError)",
                  "err": {},
                  "uuid": "d3a4de7c-2a96-4a9f-aec0-41a3b2d0d52f",
                  "parentUUID": "df75a2c1-2f00-4b2b-9581-32668e72b7ea",
                  "isHook": false,
                  "skipped": false
                },
                {
                  "title": "errors",
                  "fullTitle": "asymmetric signatures errors",
                  "timedOut": false,
                  "duration": 1725,
                  "state": "passed",
                  "speed": "slow",
                  "pass": true,
                  "fail": false,
                  "pending": false,
                  "context": null,
                  "code": "const setup = await mfkdf.setup.key([\n  await mfkdf.setup.factors.uuid({ id: 'uuid1', uuid: '9b1deb4d-3b7d-4bad-9bdd-2b0d7b3dcb6d' })\n])\nsetup.sign(12345, 'rsa1024').should.be.rejectedWith(TypeError)\nconst signature = await setup.sign('hello world')\nsetup.verify(12345, signature).should.be.rejectedWith(TypeError)",
                  "err": {},
                  "uuid": "0cf8b5d0-87b5-4cd5-8b80-8bff5f020ad5",
                  "parentUUID": "df75a2c1-2f00-4b2b-9581-32668e72b7ea",
                  "isHook": false,
                  "skipped": false
                }
              ],
              "suites": [],
              "passes": [
                "c6c6929f-3624-432b-b2a6-16e241c0fc61",
                "aa09285a-c4ba-477d-bc3a-5923c94f65eb",
                "b21f6973-cfc1-4a2a-aa26-3d7efc596a87",
                "b1b47f73-714d-4186-86c1-10a51fc59c40",
                "d2233e60-6b79-4531-8bb8-992c265839d0",
                "d3a4de7c-2a96-4a9f-aec0-41a3b2d0d52f",
                "0cf8b5d0-87b5-4cd5-8b80-8bff5f020ad5"
              ],
              "failures": [],
              "pending": [],
              "skipped": [],
              "duration": 37741,
              "root": false,
              "rootEmpty": false,
              "_timeout": 5000
            }
          ],
          "passes": [],
          "failures": [],
          "pending": [],
          "skipped": [],
          "duration": 0,
          "root": false,
          "rootEmpty": false,
          "_timeout": 5000
        },
        {
          "uuid": "be5654cb-ba40-40e8-9299-0860b993ca06",
          "title": "encrypt",
          "fullFile": "C:\\xampp\\htdocs\\Multifactor\\MFKDF\\test\\crypto\\symmetric.js",
          "file": "\\test\\crypto\\symmetric.js",
          "beforeHooks": [],
          "afterHooks": [],
          "tests": [
            {
              "title": "defaults",
              "fullTitle": "encrypt defaults",
              "timedOut": false,
              "duration": 239,
              "state": "passed",
              "speed": "slow",
              "pass": true,
              "fail": false,
              "pending": false,
              "context": null,
              "code": "const setup = await mfkdf.setup.key([\n  await mfkdf.setup.factors.uuid({ id: 'uuid1', uuid: '9b1deb4d-3b7d-4bad-9bdd-2b0d7b3dcb6d' })\n])\nconst ciphertext = await setup.encrypt(Buffer.from('hello world'))\nconst derive = await mfkdf.derive.key(setup.policy, {\n  uuid1: mfkdf.derive.factors.uuid('9b1deb4d-3b7d-4bad-9bdd-2b0d7b3dcb6d')\n})\nconst plaintext = await derive.decrypt(ciphertext)\nplaintext.toString().should.equal('hello world')",
              "err": {},
              "uuid": "591c74f1-01fa-4667-99a1-91471c28940d",
              "parentUUID": "be5654cb-ba40-40e8-9299-0860b993ca06",
              "isHook": false,
              "skipped": false
            },
            {
              "title": "AES256-CBC",
              "fullTitle": "encrypt AES256-CBC",
              "timedOut": false,
              "duration": 221,
              "state": "passed",
              "speed": "slow",
              "pass": true,
              "fail": false,
              "pending": false,
              "context": null,
              "code": "const setup = await mfkdf.setup.key([\n  await mfkdf.setup.factors.uuid({ id: 'uuid1', uuid: '9b1deb4d-3b7d-4bad-9bdd-2b0d7b3dcb6d' })\n])\nconst ciphertext = await setup.encrypt(Buffer.from('hello world'), 'aes256')\nconst derive = await mfkdf.derive.key(setup.policy, {\n  uuid1: mfkdf.derive.factors.uuid('9b1deb4d-3b7d-4bad-9bdd-2b0d7b3dcb6d')\n})\nconst plaintext = await derive.decrypt(ciphertext, 'aes256')\nplaintext.toString().should.equal('hello world')",
              "err": {},
              "uuid": "ef71df35-7265-44fe-8613-8b4a93e171c4",
              "parentUUID": "be5654cb-ba40-40e8-9299-0860b993ca06",
              "isHook": false,
              "skipped": false
            },
            {
              "title": "AES192-CBC",
              "fullTitle": "encrypt AES192-CBC",
              "timedOut": false,
              "duration": 222,
              "state": "passed",
              "speed": "slow",
              "pass": true,
              "fail": false,
              "pending": false,
              "context": null,
              "code": "const setup = await mfkdf.setup.key([\n  await mfkdf.setup.factors.uuid({ id: 'uuid1', uuid: '9b1deb4d-3b7d-4bad-9bdd-2b0d7b3dcb6d' })\n])\nconst ciphertext = await setup.encrypt('hello world', 'aes192')\nconst derive = await mfkdf.derive.key(setup.policy, {\n  uuid1: mfkdf.derive.factors.uuid('9b1deb4d-3b7d-4bad-9bdd-2b0d7b3dcb6d')\n})\nconst plaintext = await derive.decrypt(ciphertext, 'aes192')\nplaintext.toString().should.equal('hello world')",
              "err": {},
              "uuid": "b0ee1131-7174-4358-9f33-cca44d17e793",
              "parentUUID": "be5654cb-ba40-40e8-9299-0860b993ca06",
              "isHook": false,
              "skipped": false
            },
            {
              "title": "AES128-CBC",
              "fullTitle": "encrypt AES128-CBC",
              "timedOut": false,
              "duration": 215,
              "state": "passed",
              "speed": "slow",
              "pass": true,
              "fail": false,
              "pending": false,
              "context": null,
              "code": "const setup = await mfkdf.setup.key([\n  await mfkdf.setup.factors.uuid({ id: 'uuid1', uuid: '9b1deb4d-3b7d-4bad-9bdd-2b0d7b3dcb6d' })\n])\nconst ciphertext = await setup.encrypt('hello world', 'aes128')\nconst derive = await mfkdf.derive.key(setup.policy, {\n  uuid1: mfkdf.derive.factors.uuid('9b1deb4d-3b7d-4bad-9bdd-2b0d7b3dcb6d')\n})\nconst plaintext = await derive.decrypt(ciphertext, 'aes128')\nplaintext.toString().should.equal('hello world')",
              "err": {},
              "uuid": "fdde6215-7008-4ce5-aa22-aa3dfadd8e84",
              "parentUUID": "be5654cb-ba40-40e8-9299-0860b993ca06",
              "isHook": false,
              "skipped": false
            },
            {
              "title": "3DES-CBC",
              "fullTitle": "encrypt 3DES-CBC",
              "timedOut": false,
              "duration": 215,
              "state": "passed",
              "speed": "slow",
              "pass": true,
              "fail": false,
              "pending": false,
              "context": null,
              "code": "const setup = await mfkdf.setup.key([\n  await mfkdf.setup.factors.uuid({ id: 'uuid1', uuid: '9b1deb4d-3b7d-4bad-9bdd-2b0d7b3dcb6d' })\n])\nconst ciphertext = await setup.encrypt('hello world', '3des')\nconst derive = await mfkdf.derive.key(setup.policy, {\n  uuid1: mfkdf.derive.factors.uuid('9b1deb4d-3b7d-4bad-9bdd-2b0d7b3dcb6d')\n})\nconst plaintext = await derive.decrypt(ciphertext, '3des')\nplaintext.toString().should.equal('hello world')",
              "err": {},
              "uuid": "f34c32b3-2c88-4e1e-8b96-a0f8f0cb1cea",
              "parentUUID": "be5654cb-ba40-40e8-9299-0860b993ca06",
              "isHook": false,
              "skipped": false
            },
            {
              "title": "DES-CBC",
              "fullTitle": "encrypt DES-CBC",
              "timedOut": false,
              "duration": 217,
              "state": "passed",
              "speed": "slow",
              "pass": true,
              "fail": false,
              "pending": false,
              "context": null,
              "code": "const setup = await mfkdf.setup.key([\n  await mfkdf.setup.factors.uuid({ id: 'uuid1', uuid: '9b1deb4d-3b7d-4bad-9bdd-2b0d7b3dcb6d' })\n])\nconst ciphertext = await setup.encrypt('hello world', 'des')\nconst derive = await mfkdf.derive.key(setup.policy, {\n  uuid1: mfkdf.derive.factors.uuid('9b1deb4d-3b7d-4bad-9bdd-2b0d7b3dcb6d')\n})\nconst plaintext = await derive.decrypt(ciphertext, 'des')\nplaintext.toString().should.equal('hello world')",
              "err": {},
              "uuid": "da992e0c-9392-4263-9f8b-285cf6c893a2",
              "parentUUID": "be5654cb-ba40-40e8-9299-0860b993ca06",
              "isHook": false,
              "skipped": false
            },
            {
              "title": "AES256-ECB",
              "fullTitle": "encrypt AES256-ECB",
              "timedOut": false,
              "duration": 215,
              "state": "passed",
              "speed": "slow",
              "pass": true,
              "fail": false,
              "pending": false,
              "context": null,
              "code": "const setup = await mfkdf.setup.key([\n  await mfkdf.setup.factors.uuid({ id: 'uuid1', uuid: '9b1deb4d-3b7d-4bad-9bdd-2b0d7b3dcb6d' })\n])\nconst ciphertext = await setup.encrypt(Buffer.from('hello world'), 'aes256', 'ECB')\nconst derive = await mfkdf.derive.key(setup.policy, {\n  uuid1: mfkdf.derive.factors.uuid('9b1deb4d-3b7d-4bad-9bdd-2b0d7b3dcb6d')\n})\nconst plaintext = await derive.decrypt(ciphertext, 'aes256', 'ECB')\nplaintext.toString().should.equal('hello world')",
              "err": {},
              "uuid": "10551871-c68f-42bd-ac85-5693156a49c8",
              "parentUUID": "be5654cb-ba40-40e8-9299-0860b993ca06",
              "isHook": false,
              "skipped": false
            },
            {
              "title": "AES192-ECB",
              "fullTitle": "encrypt AES192-ECB",
              "timedOut": false,
              "duration": 218,
              "state": "passed",
              "speed": "slow",
              "pass": true,
              "fail": false,
              "pending": false,
              "context": null,
              "code": "const setup = await mfkdf.setup.key([\n  await mfkdf.setup.factors.uuid({ id: 'uuid1', uuid: '9b1deb4d-3b7d-4bad-9bdd-2b0d7b3dcb6d' })\n])\nconst ciphertext = await setup.encrypt('hello world', 'aes192', 'ECB')\nconst derive = await mfkdf.derive.key(setup.policy, {\n  uuid1: mfkdf.derive.factors.uuid('9b1deb4d-3b7d-4bad-9bdd-2b0d7b3dcb6d')\n})\nconst plaintext = await derive.decrypt(ciphertext, 'aes192', 'ECB')\nplaintext.toString().should.equal('hello world')",
              "err": {},
              "uuid": "c74187aa-4ba1-482c-8fc0-4347064512df",
              "parentUUID": "be5654cb-ba40-40e8-9299-0860b993ca06",
              "isHook": false,
              "skipped": false
            },
            {
              "title": "AES128-ECB",
              "fullTitle": "encrypt AES128-ECB",
              "timedOut": false,
              "duration": 216,
              "state": "passed",
              "speed": "slow",
              "pass": true,
              "fail": false,
              "pending": false,
              "context": null,
              "code": "const setup = await mfkdf.setup.key([\n  await mfkdf.setup.factors.uuid({ id: 'uuid1', uuid: '9b1deb4d-3b7d-4bad-9bdd-2b0d7b3dcb6d' })\n])\nconst ciphertext = await setup.encrypt('hello world', 'aes128', 'ECB')\nconst derive = await mfkdf.derive.key(setup.policy, {\n  uuid1: mfkdf.derive.factors.uuid('9b1deb4d-3b7d-4bad-9bdd-2b0d7b3dcb6d')\n})\nconst plaintext = await derive.decrypt(ciphertext, 'aes128', 'ECB')\nplaintext.toString().should.equal('hello world')",
              "err": {},
              "uuid": "08fdd382-f803-4f8f-9332-3b93bb8e1227",
              "parentUUID": "be5654cb-ba40-40e8-9299-0860b993ca06",
              "isHook": false,
              "skipped": false
            },
            {
              "title": "3DES-ECB",
              "fullTitle": "encrypt 3DES-ECB",
              "timedOut": false,
              "duration": 215,
              "state": "passed",
              "speed": "slow",
              "pass": true,
              "fail": false,
              "pending": false,
              "context": null,
              "code": "const setup = await mfkdf.setup.key([\n  await mfkdf.setup.factors.uuid({ id: 'uuid1', uuid: '9b1deb4d-3b7d-4bad-9bdd-2b0d7b3dcb6d' })\n])\nconst ciphertext = await setup.encrypt('hello world', '3des', 'ECB')\nconst derive = await mfkdf.derive.key(setup.policy, {\n  uuid1: mfkdf.derive.factors.uuid('9b1deb4d-3b7d-4bad-9bdd-2b0d7b3dcb6d')\n})\nconst plaintext = await derive.decrypt(ciphertext, '3des', 'ECB')\nplaintext.toString().should.equal('hello world')",
              "err": {},
              "uuid": "6e2ec980-d3ca-43af-90b3-3f9c976bd1ea",
              "parentUUID": "be5654cb-ba40-40e8-9299-0860b993ca06",
              "isHook": false,
              "skipped": false
            },
            {
              "title": "DES-ECB",
              "fullTitle": "encrypt DES-ECB",
              "timedOut": false,
              "duration": 216,
              "state": "passed",
              "speed": "slow",
              "pass": true,
              "fail": false,
              "pending": false,
              "context": null,
              "code": "const setup = await mfkdf.setup.key([\n  await mfkdf.setup.factors.uuid({ id: 'uuid1', uuid: '9b1deb4d-3b7d-4bad-9bdd-2b0d7b3dcb6d' })\n])\nconst ciphertext = await setup.encrypt('hello world', 'des', 'ECB')\nconst derive = await mfkdf.derive.key(setup.policy, {\n  uuid1: mfkdf.derive.factors.uuid('9b1deb4d-3b7d-4bad-9bdd-2b0d7b3dcb6d')\n})\nconst plaintext = await derive.decrypt(ciphertext, 'des', 'ECB')\nplaintext.toString().should.equal('hello world')",
              "err": {},
              "uuid": "3e0fe625-2c87-4f9c-a34c-97f9b30c7c17",
              "parentUUID": "be5654cb-ba40-40e8-9299-0860b993ca06",
              "isHook": false,
              "skipped": false
            }
          ],
          "suites": [
            {
              "uuid": "ab141cab-63f6-4e06-b39a-490db4730341",
              "title": "utils",
              "fullFile": "C:\\xampp\\htdocs\\Multifactor\\MFKDF\\test\\crypto\\symmetric.js",
              "file": "\\test\\crypto\\symmetric.js",
              "beforeHooks": [],
              "afterHooks": [],
              "tests": [
                {
                  "title": "subkey",
                  "fullTitle": "encrypt utils subkey",
                  "timedOut": false,
                  "duration": 103,
                  "state": "passed",
                  "speed": "slow",
                  "pass": true,
                  "fail": false,
                  "pending": false,
                  "context": null,
                  "code": "const setup = await mfkdf.setup.key([\n  await mfkdf.setup.factors.uuid({ id: 'uuid1', uuid: '9b1deb4d-3b7d-4bad-9bdd-2b0d7b3dcb6d' })\n])\nconst key1 = await setup.getSubkey(32, 'AES256', 'sha256')\nconst key2 = await setup.getSymmetricKey('aes256')\nkey1.toString('hex').should.equal(key2.toString('hex'))\nconst key3 = await setup.getSubkey()\nconst key4 = await setup.getSubkey(32, '', 'sha512')\nkey3.toString('hex').should.equal(key4.toString('hex'))",
                  "err": {},
                  "uuid": "6cb5362f-a1a9-4437-a6cf-3a120f763cde",
                  "parentUUID": "ab141cab-63f6-4e06-b39a-490db4730341",
                  "isHook": false,
                  "skipped": false
                },
                {
                  "title": "symmetric key",
                  "fullTitle": "encrypt utils symmetric key",
                  "timedOut": false,
                  "duration": 103,
                  "state": "passed",
                  "speed": "slow",
                  "pass": true,
                  "fail": false,
                  "pending": false,
                  "context": null,
                  "code": "const setup = await mfkdf.setup.key([\n  await mfkdf.setup.factors.uuid({ id: 'uuid1', uuid: '9b1deb4d-3b7d-4bad-9bdd-2b0d7b3dcb6d' })\n])\nconst key1 = await setup.getSymmetricKey()\nconst key2 = await setup.getSymmetricKey('aes256')\nkey1.toString('hex').should.equal(key2.toString('hex'))",
                  "err": {},
                  "uuid": "76794674-e4a6-4fbc-85e8-43e91f3a15c8",
                  "parentUUID": "ab141cab-63f6-4e06-b39a-490db4730341",
                  "isHook": false,
                  "skipped": false
                }
              ],
              "suites": [],
              "passes": [
                "6cb5362f-a1a9-4437-a6cf-3a120f763cde",
                "76794674-e4a6-4fbc-85e8-43e91f3a15c8"
              ],
              "failures": [],
              "pending": [],
              "skipped": [],
              "duration": 206,
              "root": false,
              "rootEmpty": false,
              "_timeout": 5000
            },
            {
              "uuid": "551b6eb7-994c-4963-a841-2a14f5ac2c8b",
              "title": "errors",
              "fullFile": "C:\\xampp\\htdocs\\Multifactor\\MFKDF\\test\\crypto\\symmetric.js",
              "file": "\\test\\crypto\\symmetric.js",
              "beforeHooks": [],
              "afterHooks": [],
              "tests": [
                {
                  "title": "invalid key",
                  "fullTitle": "encrypt errors invalid key",
                  "timedOut": false,
                  "duration": 105,
                  "state": "passed",
                  "speed": "slow",
                  "pass": true,
                  "fail": false,
                  "pending": false,
                  "context": null,
                  "code": "const setup = await mfkdf.setup.key([\n  await mfkdf.setup.factors.uuid({ id: 'uuid1', uuid: '9b1deb4d-3b7d-4bad-9bdd-2b0d7b3dcb6d' })\n])\nsetup.encrypt('hello world', 'unknown').should.be.rejectedWith(RangeError)",
                  "err": {},
                  "uuid": "35faa18c-a7c2-402c-a2c9-0eea4ae02c95",
                  "parentUUID": "551b6eb7-994c-4963-a841-2a14f5ac2c8b",
                  "isHook": false,
                  "skipped": false
                },
                {
                  "title": "invalid message",
                  "fullTitle": "encrypt errors invalid message",
                  "timedOut": false,
                  "duration": 103,
                  "state": "passed",
                  "speed": "slow",
                  "pass": true,
                  "fail": false,
                  "pending": false,
                  "context": null,
                  "code": "const setup = await mfkdf.setup.key([\n  await mfkdf.setup.factors.uuid({ id: 'uuid1', uuid: '9b1deb4d-3b7d-4bad-9bdd-2b0d7b3dcb6d' })\n])\nsetup.encrypt(12345, 'unknown').should.be.rejectedWith(TypeError)",
                  "err": {},
                  "uuid": "13fe4249-0be6-478e-8556-742cb7e5a42a",
                  "parentUUID": "551b6eb7-994c-4963-a841-2a14f5ac2c8b",
                  "isHook": false,
                  "skipped": false
                },
                {
                  "title": "invalid ciphertext",
                  "fullTitle": "encrypt errors invalid ciphertext",
                  "timedOut": false,
                  "duration": 103,
                  "state": "passed",
                  "speed": "slow",
                  "pass": true,
                  "fail": false,
                  "pending": false,
                  "context": null,
                  "code": "const setup = await mfkdf.setup.key([\n  await mfkdf.setup.factors.uuid({ id: 'uuid1', uuid: '9b1deb4d-3b7d-4bad-9bdd-2b0d7b3dcb6d' })\n])\nsetup.decrypt(12345, 'unknown').should.be.rejectedWith(TypeError)",
                  "err": {},
                  "uuid": "77de0496-c39f-4074-8c4d-864c385cfc12",
                  "parentUUID": "551b6eb7-994c-4963-a841-2a14f5ac2c8b",
                  "isHook": false,
                  "skipped": false
                }
              ],
              "suites": [],
              "passes": [
                "35faa18c-a7c2-402c-a2c9-0eea4ae02c95",
                "13fe4249-0be6-478e-8556-742cb7e5a42a",
                "77de0496-c39f-4074-8c4d-864c385cfc12"
              ],
              "failures": [],
              "pending": [],
              "skipped": [],
              "duration": 311,
              "root": false,
              "rootEmpty": false,
              "_timeout": 5000
            }
          ],
          "passes": [
            "591c74f1-01fa-4667-99a1-91471c28940d",
            "ef71df35-7265-44fe-8613-8b4a93e171c4",
            "b0ee1131-7174-4358-9f33-cca44d17e793",
            "fdde6215-7008-4ce5-aa22-aa3dfadd8e84",
            "f34c32b3-2c88-4e1e-8b96-a0f8f0cb1cea",
            "da992e0c-9392-4263-9f8b-285cf6c893a2",
            "10551871-c68f-42bd-ac85-5693156a49c8",
            "c74187aa-4ba1-482c-8fc0-4347064512df",
            "08fdd382-f803-4f8f-9332-3b93bb8e1227",
            "6e2ec980-d3ca-43af-90b3-3f9c976bd1ea",
            "3e0fe625-2c87-4f9c-a34c-97f9b30c7c17"
          ],
          "failures": [],
          "pending": [],
          "skipped": [],
          "duration": 2409,
          "root": false,
          "rootEmpty": false,
          "_timeout": 5000
        },
        {
          "uuid": "d0f24548-d990-4da8-8589-614b36caa68e",
          "title": "derive/factors/password",
          "fullFile": "C:\\xampp\\htdocs\\Multifactor\\MFKDF\\test\\derive\\factors\\password.js",
          "file": "\\test\\derive\\factors\\password.js",
          "beforeHooks": [],
          "afterHooks": [],
          "tests": [
            {
              "title": "invalid/type",
              "fullTitle": "derive/factors/password invalid/type",
              "timedOut": false,
              "duration": 1,
              "state": "passed",
              "speed": "slow",
              "pass": true,
              "fail": false,
              "pending": false,
              "context": null,
              "code": "(() => {\n  mfkdf.derive.factors.password(12345)\n}).should.throw(TypeError)",
              "err": {},
              "uuid": "91c5ef78-e85f-41f7-a985-8eda31b81039",
              "parentUUID": "d0f24548-d990-4da8-8589-614b36caa68e",
              "isHook": false,
              "skipped": false
            },
            {
              "title": "invalid/range",
              "fullTitle": "derive/factors/password invalid/range",
              "timedOut": false,
              "duration": 0,
              "state": "passed",
              "speed": "fast",
              "pass": true,
              "fail": false,
              "pending": false,
              "context": null,
              "code": "(() => {\n  mfkdf.derive.factors.password('')\n}).should.throw(RangeError)",
              "err": {},
              "uuid": "343e7793-3ea3-4699-bf45-820c15c91ff9",
              "parentUUID": "d0f24548-d990-4da8-8589-614b36caa68e",
              "isHook": false,
              "skipped": false
            }
          ],
          "suites": [],
          "passes": [
            "91c5ef78-e85f-41f7-a985-8eda31b81039",
            "343e7793-3ea3-4699-bf45-820c15c91ff9"
          ],
          "failures": [],
          "pending": [],
          "skipped": [],
          "duration": 1,
          "root": false,
          "rootEmpty": false,
          "_timeout": 5000
        },
        {
          "uuid": "d2d49c8c-384f-401e-92dd-ae8db9b1cb2e",
          "title": "derive/factors/uuid",
          "fullFile": "C:\\xampp\\htdocs\\Multifactor\\MFKDF\\test\\derive\\factors\\uuid.js",
          "file": "\\test\\derive\\factors\\uuid.js",
          "beforeHooks": [],
          "afterHooks": [],
          "tests": [
            {
              "title": "invalid/type",
              "fullTitle": "derive/factors/uuid invalid/type",
              "timedOut": false,
              "duration": 0,
              "state": "passed",
              "speed": "fast",
              "pass": true,
              "fail": false,
              "pending": false,
              "context": null,
              "code": "(() => {\n  mfkdf.derive.factors.uuid(12345)\n}).should.throw(TypeError)",
              "err": {},
              "uuid": "3f009c83-fd9b-49a1-a033-47cea1106301",
              "parentUUID": "d2d49c8c-384f-401e-92dd-ae8db9b1cb2e",
              "isHook": false,
              "skipped": false
            },
            {
              "title": "invalid/range",
              "fullTitle": "derive/factors/uuid invalid/range",
              "timedOut": false,
              "duration": 1,
              "state": "passed",
              "speed": "slow",
              "pass": true,
              "fail": false,
              "pending": false,
              "context": null,
              "code": "(() => {\n  mfkdf.derive.factors.uuid('')\n}).should.throw(TypeError)",
              "err": {},
              "uuid": "34778356-ace6-48f2-b45f-0032e7c0e2f1",
              "parentUUID": "d2d49c8c-384f-401e-92dd-ae8db9b1cb2e",
              "isHook": false,
              "skipped": false
            }
          ],
          "suites": [],
          "passes": [
            "3f009c83-fd9b-49a1-a033-47cea1106301",
            "34778356-ace6-48f2-b45f-0032e7c0e2f1"
          ],
          "failures": [],
          "pending": [],
          "skipped": [],
          "duration": 1,
          "root": false,
          "rootEmpty": false,
          "_timeout": 5000
        },
        {
          "uuid": "19a5ed36-1412-462b-b1e7-37a5115514bb",
          "title": "derive/key",
          "fullFile": "C:\\xampp\\htdocs\\Multifactor\\MFKDF\\test\\derive\\key.js",
          "file": "\\test\\derive\\key.js",
          "beforeHooks": [],
          "afterHooks": [],
          "tests": [
            {
              "title": "hkdf",
              "fullTitle": "derive/key hkdf",
              "timedOut": false,
              "duration": 14,
              "state": "passed",
              "speed": "slow",
              "pass": true,
              "fail": false,
              "pending": false,
              "context": null,
              "code": "const setup = await mfkdf.setup.key([\n  await mfkdf.setup.factors.password('password1', { id: 'password1' })\n], { kdf: 'hkdf' })\nconst derive = await mfkdf.derive.key(setup.policy, {\n  password1: mfkdf.derive.factors.password('password1')\n})\nderive.key.toString('hex').should.equal(setup.key.toString('hex'))",
              "err": {},
              "uuid": "2c7c84f1-d332-447e-8eb6-fa5863e3ce53",
              "parentUUID": "19a5ed36-1412-462b-b1e7-37a5115514bb",
              "isHook": false,
              "skipped": false
            },
            {
              "title": "correct",
              "fullTitle": "derive/key correct",
              "timedOut": false,
              "duration": 559,
              "state": "passed",
              "speed": "slow",
              "pass": true,
              "fail": false,
              "pending": false,
              "context": null,
              "code": "const setup = await mfkdf.setup.key([\n  await mfkdf.setup.factors.password('password1', { id: 'password1' }),\n  await mfkdf.setup.factors.password('password2', { id: 'password2' }),\n  await mfkdf.setup.factors.password('password3', { id: 'password3' })\n], { threshold: 2 })\nconst derive1 = await mfkdf.derive.key(setup.policy, {\n  password1: mfkdf.derive.factors.password('password1'),\n  password2: mfkdf.derive.factors.password('password2')\n})\nconst derive2 = await mfkdf.derive.key(setup.policy, {\n  password2: mfkdf.derive.factors.password('password2'),\n  password3: mfkdf.derive.factors.password('password3')\n})\nconst derive3 = await mfkdf.derive.key(setup.policy, {\n  password1: mfkdf.derive.factors.password('password1'),\n  password3: mfkdf.derive.factors.password('password3')\n})\nconst derive4 = await mfkdf.derive.key(setup.policy, {\n  password1: mfkdf.derive.factors.password('password1'),\n  password2: mfkdf.derive.factors.password('password2'),\n  password3: mfkdf.derive.factors.password('password3')\n})\nsetup.key.toString('hex').should.equal(derive1.key.toString('hex'))\nsetup.key.toString('hex').should.equal(derive2.key.toString('hex'))\nsetup.key.toString('hex').should.equal(derive3.key.toString('hex'))\nsetup.key.toString('hex').should.equal(derive4.key.toString('hex'))\nJSON.stringify(setup.policy).should.equal(JSON.stringify(derive1.policy))\nJSON.stringify(setup.policy).should.equal(JSON.stringify(derive2.policy))\nJSON.stringify(setup.policy).should.equal(JSON.stringify(derive3.policy))\nJSON.stringify(setup.policy).should.equal(JSON.stringify(derive4.policy))",
              "err": {},
              "uuid": "6be939fd-3698-4b43-819e-ef9b4cfd232e",
              "parentUUID": "19a5ed36-1412-462b-b1e7-37a5115514bb",
              "isHook": false,
              "skipped": false
            },
            {
              "title": "incorrect",
              "fullTitle": "derive/key incorrect",
              "timedOut": false,
              "duration": 563,
              "state": "passed",
              "speed": "slow",
              "pass": true,
              "fail": false,
              "pending": false,
              "context": null,
              "code": "const setup = await mfkdf.setup.key([\n  await mfkdf.setup.factors.password('password1', { id: 'password1' }),\n  await mfkdf.setup.factors.password('password2', { id: 'password2' }),\n  await mfkdf.setup.factors.password('password3', { id: 'password3' })\n], { threshold: 2 })\nconst derive1 = await mfkdf.derive.key(setup.policy, {\n  password1: mfkdf.derive.factors.password('password1'),\n  password2: mfkdf.derive.factors.password('wrongpassword2')\n})\nconst derive2 = await mfkdf.derive.key(setup.policy, {\n  password2: mfkdf.derive.factors.password('wrongpassword2'),\n  password3: mfkdf.derive.factors.password('wrongpassword3')\n})\nconst derive3 = await mfkdf.derive.key(setup.policy, {\n  password1: mfkdf.derive.factors.password('password1'),\n  password3: mfkdf.derive.factors.password('password2')\n})\nconst derive4 = await mfkdf.derive.key(setup.policy, {\n  password1: mfkdf.derive.factors.password('password1'),\n  password2: mfkdf.derive.factors.password('password2'),\n  password3: mfkdf.derive.factors.password('password4')\n})\nsetup.key.toString('hex').should.not.equal(derive1.key.toString('hex'))\nsetup.key.toString('hex').should.not.equal(derive2.key.toString('hex'))\nsetup.key.toString('hex').should.not.equal(derive3.key.toString('hex'))\nsetup.key.toString('hex').should.not.equal(derive4.key.toString('hex'))",
              "err": {},
              "uuid": "96f7a1d8-5887-449a-9dc3-3e0ed4ecc40a",
              "parentUUID": "19a5ed36-1412-462b-b1e7-37a5115514bb",
              "isHook": false,
              "skipped": false
            },
            {
              "title": "mismatch",
              "fullTitle": "derive/key mismatch",
              "timedOut": false,
              "duration": 111,
              "state": "passed",
              "speed": "slow",
              "pass": true,
              "fail": false,
              "pending": false,
              "context": null,
              "code": "const setup = await mfkdf.setup.key([\n  await mfkdf.setup.factors.password('password', { id: 'password' })\n])\nmfkdf.derive.key(setup.policy, {\n  password: mfkdf.derive.factors.uuid('9b1deb4d-3b7d-4bad-9bdd-2b0d7b3dcb6d')\n}).should.be.rejectedWith(TypeError)",
              "err": {},
              "uuid": "1b206f35-192c-4f97-b84e-27151efb94c2",
              "parentUUID": "19a5ed36-1412-462b-b1e7-37a5115514bb",
              "isHook": false,
              "skipped": false
            }
          ],
          "suites": [
            {
              "uuid": "7f4660b5-4f17-405f-9d9d-d30afdbe7695",
              "title": "shares",
              "fullFile": "C:\\xampp\\htdocs\\Multifactor\\MFKDF\\test\\derive\\key.js",
              "file": "\\test\\derive\\key.js",
              "beforeHooks": [],
              "afterHooks": [],
              "tests": [
                {
                  "title": "valid",
                  "fullTitle": "derive/key shares valid",
                  "timedOut": false,
                  "duration": 446,
                  "state": "passed",
                  "speed": "slow",
                  "pass": true,
                  "fail": false,
                  "pending": false,
                  "context": null,
                  "code": "const setup = await mfkdf.setup.key([\n  await mfkdf.setup.factors.password('password1', { id: 'password1' }),\n  await mfkdf.setup.factors.password('password2', { id: 'password2' }),\n  await mfkdf.setup.factors.password('password3', { id: 'password3' })\n], { threshold: 2 })\nconst derive1 = await mfkdf.derive.key(setup.policy, {\n  password1: mfkdf.derive.factors.password('password1'),\n  password2: mfkdf.derive.factors.password('password2')\n})\nconst derive2 = await mfkdf.derive.key(derive1.policy, {\n  password2: mfkdf.derive.factors.password('password2'),\n  password3: mfkdf.derive.factors.password('password3')\n})\nconst derive3 = await mfkdf.derive.key(derive2.policy, {\n  password1: mfkdf.derive.factors.password('password1'),\n  password3: mfkdf.derive.factors.password('password3')\n})\nderive1.shares.should.deep.equal(setup.shares)\nderive2.shares.should.deep.equal(setup.shares)\nderive3.shares.should.deep.equal(setup.shares)",
                  "err": {},
                  "uuid": "0e1d1761-1622-4479-849f-4c194cf40db5",
                  "parentUUID": "7f4660b5-4f17-405f-9d9d-d30afdbe7695",
                  "isHook": false,
                  "skipped": false
                }
              ],
              "suites": [],
              "passes": [
                "0e1d1761-1622-4479-849f-4c194cf40db5"
              ],
              "failures": [],
              "pending": [],
              "skipped": [],
              "duration": 446,
              "root": false,
              "rootEmpty": false,
              "_timeout": 5000
            },
            {
              "uuid": "0f626dc8-9f51-4ff9-9418-27465721d464",
              "title": "invalid",
              "fullFile": "C:\\xampp\\htdocs\\Multifactor\\MFKDF\\test\\derive\\key.js",
              "file": "\\test\\derive\\key.js",
              "beforeHooks": [],
              "afterHooks": [],
              "tests": [
                {
                  "title": "schema",
                  "fullTitle": "derive/key invalid schema",
                  "timedOut": false,
                  "duration": 113,
                  "state": "passed",
                  "speed": "slow",
                  "pass": true,
                  "fail": false,
                  "pending": false,
                  "context": null,
                  "code": "const setup = await mfkdf.setup.key([\n  await mfkdf.setup.factors.password('password1', { id: 'password1' })\n])\ndelete setup.policy.$id\nmfkdf.derive.key(setup.policy, {\n  password1: mfkdf.derive.factors.password('password1')\n}).should.be.rejectedWith(TypeError)",
                  "err": {},
                  "uuid": "654d29ea-4834-4beb-ad2b-541fde1c1f8d",
                  "parentUUID": "0f626dc8-9f51-4ff9-9418-27465721d464",
                  "isHook": false,
                  "skipped": false
                },
                {
                  "title": "factors",
                  "fullTitle": "derive/key invalid factors",
                  "timedOut": false,
                  "duration": 117,
                  "state": "passed",
                  "speed": "slow",
                  "pass": true,
                  "fail": false,
                  "pending": false,
                  "context": null,
                  "code": "const setup = await mfkdf.setup.key([\n  await mfkdf.setup.factors.password('password1', { id: 'password1' }),\n  await mfkdf.setup.factors.password('password2', { id: 'password2' }),\n  await mfkdf.setup.factors.password('password3', { id: 'password3' })\n], { threshold: 2 })\nmfkdf.derive.key(setup.policy, {\n  password1: mfkdf.derive.factors.password('password1')\n}).should.be.rejectedWith(RangeError)",
                  "err": {},
                  "uuid": "9a54818f-972f-4827-9064-2aa884dbfe5e",
                  "parentUUID": "0f626dc8-9f51-4ff9-9418-27465721d464",
                  "isHook": false,
                  "skipped": false
                }
              ],
              "suites": [],
              "passes": [
                "654d29ea-4834-4beb-ad2b-541fde1c1f8d",
                "9a54818f-972f-4827-9064-2aa884dbfe5e"
              ],
              "failures": [],
              "pending": [],
              "skipped": [],
              "duration": 230,
              "root": false,
              "rootEmpty": false,
              "_timeout": 5000
            }
          ],
          "passes": [
            "2c7c84f1-d332-447e-8eb6-fa5863e3ce53",
            "6be939fd-3698-4b43-819e-ef9b4cfd232e",
            "96f7a1d8-5887-449a-9dc3-3e0ed4ecc40a",
            "1b206f35-192c-4f97-b84e-27151efb94c2"
          ],
          "failures": [],
          "pending": [],
          "skipped": [],
          "duration": 1247,
          "root": false,
          "rootEmpty": false,
          "_timeout": 5000
        },
        {
          "uuid": "851e7b72-853e-42bf-86e8-56e935c82038",
          "title": "derive/outputs",
          "fullFile": "C:\\xampp\\htdocs\\Multifactor\\MFKDF\\test\\derive\\outputs.js",
          "file": "\\test\\derive\\outputs.js",
          "beforeHooks": [],
          "afterHooks": [],
          "tests": [
            {
              "title": "stack",
              "fullTitle": "derive/outputs stack",
              "timedOut": false,
              "duration": 222,
              "state": "passed",
              "speed": "slow",
              "pass": true,
              "fail": false,
              "pending": false,
              "context": null,
              "code": "const setup = await mfkdf.setup.key([\n  await mfkdf.setup.factors.stack([\n    await mfkdf.setup.factors.uuid({ id: 'uuid1', uuid: '9b1deb4d-3b7d-4bad-9bdd-2b0d7b3dcb6d' }),\n    await mfkdf.setup.factors.uuid({ id: 'uuid2', uuid: '1b9d6bcd-bbfd-4b2d-9b5d-ab8dfbbd4bed' })\n  ]),\n  await mfkdf.setup.factors.uuid({ id: 'uuid3', uuid: '6ec0bd7f-11c0-43da-975e-2a8ad9ebae0b' })\n], { size: 8 })\ndelete setup.outputs.stack.entropyBits\nconst derive = await mfkdf.derive.key(setup.policy, {\n  stack: mfkdf.derive.factors.stack({\n    uuid1: mfkdf.derive.factors.uuid('9b1deb4d-3b7d-4bad-9bdd-2b0d7b3dcb6d'),\n    uuid2: mfkdf.derive.factors.uuid('1b9d6bcd-bbfd-4b2d-9b5d-ab8dfbbd4bed')\n  }),\n  uuid3: mfkdf.derive.factors.uuid('6ec0bd7f-11c0-43da-975e-2a8ad9ebae0b')\n})\nsetup.outputs.should.deep.equal(derive.outputs)",
              "err": {},
              "uuid": "db91f5a1-3783-4f3a-bc53-d58fca52ed8e",
              "parentUUID": "851e7b72-853e-42bf-86e8-56e935c82038",
              "isHook": false,
              "skipped": false
            },
            {
              "title": "hmacsha1",
              "fullTitle": "derive/outputs hmacsha1",
              "timedOut": false,
              "duration": 213,
              "state": "passed",
              "speed": "slow",
              "pass": true,
              "fail": false,
              "pending": false,
              "context": null,
              "code": "const setup = await mfkdf.setup.key([\n  await mfkdf.setup.factors.hmacsha1()\n], { size: 8 })\nconst secret = setup.outputs.hmacsha1.secret\nconst challenge = Buffer.from(setup.policy.factors[0].params.challenge, 'hex')\nconst response = crypto.createHmac('sha1', secret).update(challenge).digest()\nconst derive = await mfkdf.derive.key(setup.policy, {\n  hmacsha1: mfkdf.derive.factors.hmacsha1(response)\n})\nsetup.outputs.should.deep.equal(derive.outputs)",
              "err": {},
              "uuid": "aae3b117-0aa1-4c0f-b71a-ca57e6877c3f",
              "parentUUID": "851e7b72-853e-42bf-86e8-56e935c82038",
              "isHook": false,
              "skipped": false
            },
            {
              "title": "uuid",
              "fullTitle": "derive/outputs uuid",
              "timedOut": false,
              "duration": 211,
              "state": "passed",
              "speed": "slow",
              "pass": true,
              "fail": false,
              "pending": false,
              "context": null,
              "code": "const setup = await mfkdf.setup.key([\n  await mfkdf.setup.factors.uuid({ uuid: '9b1deb4d-3b7d-4bad-9bdd-2b0d7b3dcb6d' })\n], { size: 8 })\nconst derive = await mfkdf.derive.key(setup.policy, {\n  uuid: mfkdf.derive.factors.uuid('9b1deb4d-3b7d-4bad-9bdd-2b0d7b3dcb6d')\n})\nsetup.outputs.should.deep.equal(derive.outputs)",
              "err": {},
              "uuid": "f8e398fe-2522-4b13-bfa0-637ca4f0c721",
              "parentUUID": "851e7b72-853e-42bf-86e8-56e935c82038",
              "isHook": false,
              "skipped": false
            },
            {
              "title": "question",
              "fullTitle": "derive/outputs question",
              "timedOut": false,
              "duration": 212,
              "state": "passed",
              "speed": "slow",
              "pass": true,
              "fail": false,
              "pending": false,
              "context": null,
              "code": "const setup = await mfkdf.setup.key([\n  await mfkdf.setup.factors.question('Fido')\n], { size: 8 })\nconst derive = await mfkdf.derive.key(setup.policy, {\n  question: mfkdf.derive.factors.question('Fido')\n})\nsetup.outputs.question.strength.calc_time = null\nderive.outputs.question.strength.calc_time = null\nsetup.outputs.should.deep.equal(derive.outputs)",
              "err": {},
              "uuid": "a0b1f289-de84-4e5a-9b7d-b80f1a22e9bb",
              "parentUUID": "851e7b72-853e-42bf-86e8-56e935c82038",
              "isHook": false,
              "skipped": false
            },
            {
              "title": "ooba",
              "fullTitle": "derive/outputs ooba",
              "timedOut": false,
              "duration": 277,
              "state": "passed",
              "speed": "slow",
              "pass": true,
              "fail": false,
              "pending": false,
              "context": null,
              "code": "const keyPair = await crypto.webcrypto.subtle.generateKey({ hash: 'SHA-256', modulusLength: 2048, name: 'RSA-OAEP', publicExponent: new Uint8Array([1, 0, 1]) }, true, ['encrypt', 'decrypt'])\nconst setup = await mfkdf.setup.key([\n  await mfkdf.setup.factors.ooba({\n    key: keyPair.publicKey, params: { email: 'test@mfkdf.com' }\n  })\n])\nconst next = setup.policy.factors[0].params.next\nconst decrypted = await crypto.webcrypto.subtle.decrypt({ name: 'RSA-OAEP' }, keyPair.privateKey, Buffer.from(next, 'hex'))\nconst code = JSON.parse(Buffer.from(decrypted).toString()).code\nconst derive = await mfkdf.derive.key(setup.policy, {\n  ooba: mfkdf.derive.factors.ooba(code)\n})\nsetup.outputs.should.deep.equal(derive.outputs)",
              "err": {},
              "uuid": "b54081b5-7a28-488d-b2a5-e114ab668a89",
              "parentUUID": "851e7b72-853e-42bf-86e8-56e935c82038",
              "isHook": false,
              "skipped": false
            },
            {
              "title": "password",
              "fullTitle": "derive/outputs password",
              "timedOut": false,
              "duration": 212,
              "state": "passed",
              "speed": "slow",
              "pass": true,
              "fail": false,
              "pending": false,
              "context": null,
              "code": "const setup = await mfkdf.setup.key([\n  await mfkdf.setup.factors.password('password')\n], { size: 8 })\nconst derive = await mfkdf.derive.key(setup.policy, {\n  password: mfkdf.derive.factors.password('password')\n})\nsetup.outputs.password.strength.calc_time = null\nderive.outputs.password.strength.calc_time = null\nsetup.outputs.should.deep.equal(derive.outputs)",
              "err": {},
              "uuid": "6d015e1b-0915-4909-b1fe-78d783e87d47",
              "parentUUID": "851e7b72-853e-42bf-86e8-56e935c82038",
              "isHook": false,
              "skipped": false
            },
            {
              "title": "multiple",
              "fullTitle": "derive/outputs multiple",
              "timedOut": false,
              "duration": 213,
              "state": "passed",
              "speed": "slow",
              "pass": true,
              "fail": false,
              "pending": false,
              "context": null,
              "code": "const setup = await mfkdf.setup.key([\n  await mfkdf.setup.factors.uuid({ id: 'uuid1', uuid: '9b1deb4d-3b7d-4bad-9bdd-2b0d7b3dcb6d' }),\n  await mfkdf.setup.factors.uuid({ id: 'uuid2', uuid: '1b9d6bcd-bbfd-4b2d-9b5d-ab8dfbbd4bed' }),\n  await mfkdf.setup.factors.uuid({ id: 'uuid3', uuid: '6ec0bd7f-11c0-43da-975e-2a8ad9ebae0b' })\n], { threshold: 2 })\nsetup.outputs.should.deep.equal({\n  uuid1: { uuid: '9b1deb4d-3b7d-4bad-9bdd-2b0d7b3dcb6d' },\n  uuid2: { uuid: '1b9d6bcd-bbfd-4b2d-9b5d-ab8dfbbd4bed' },\n  uuid3: { uuid: '6ec0bd7f-11c0-43da-975e-2a8ad9ebae0b' }\n})\nconst derive = await mfkdf.derive.key(setup.policy, {\n  uuid1: mfkdf.derive.factors.uuid('9b1deb4d-3b7d-4bad-9bdd-2b0d7b3dcb6d'),\n  uuid3: mfkdf.derive.factors.uuid('6ec0bd7f-11c0-43da-975e-2a8ad9ebae0b')\n})\nderive.outputs.should.deep.equal({\n  uuid1: { uuid: '9b1deb4d-3b7d-4bad-9bdd-2b0d7b3dcb6d' },\n  uuid3: { uuid: '6ec0bd7f-11c0-43da-975e-2a8ad9ebae0b' }\n})",
              "err": {},
              "uuid": "e5da45b1-6e2d-4ffd-aff7-0ba8c3ac8b71",
              "parentUUID": "851e7b72-853e-42bf-86e8-56e935c82038",
              "isHook": false,
              "skipped": false
            }
          ],
          "suites": [],
          "passes": [
            "db91f5a1-3783-4f3a-bc53-d58fca52ed8e",
            "aae3b117-0aa1-4c0f-b71a-ca57e6877c3f",
            "f8e398fe-2522-4b13-bfa0-637ca4f0c721",
            "a0b1f289-de84-4e5a-9b7d-b80f1a22e9bb",
            "b54081b5-7a28-488d-b2a5-e114ab668a89",
            "6d015e1b-0915-4909-b1fe-78d783e87d47",
            "e5da45b1-6e2d-4ffd-aff7-0ba8c3ac8b71"
          ],
          "failures": [],
          "pending": [],
          "skipped": [],
          "duration": 1560,
          "root": false,
          "rootEmpty": false,
          "_timeout": 5000
        },
        {
          "uuid": "46702fb1-72c8-4be9-bec4-345335d93827",
          "title": "examples",
          "fullFile": "C:\\xampp\\htdocs\\Multifactor\\MFKDF\\test\\examples\\examples.js",
          "file": "\\test\\examples\\examples.js",
          "beforeHooks": [],
          "afterHooks": [],
          "tests": [
            {
              "title": "kdf",
              "fullTitle": "examples kdf",
              "timedOut": false,
              "duration": 19,
              "state": "passed",
              "speed": "slow",
              "pass": true,
              "fail": false,
              "pending": false,
              "context": null,
              "code": "// setup kdf configuration\nconst config = await mfkdf.setup.kdf({\n  kdf: 'pbkdf2',\n  pbkdf2rounds: 100000,\n  pbkdf2digest: 'sha256'\n}) // -> { type: 'pbkdf2', params: { rounds: 100000, digest: 'sha256' } }\n// derive key\nconst key = await mfkdf.kdf('password', 'salt', 8, config)\nkey.toString('hex') // -> 0394a2ede332c9a1\nconfig.should.deep.equal({ type: 'pbkdf2', params: { rounds: 100000, digest: 'sha256' } })\nkey.toString('hex').should.equal('0394a2ede332c9a1')",
              "err": {},
              "uuid": "c5787a6d-e10d-4972-9713-baea828abe42",
              "parentUUID": "46702fb1-72c8-4be9-bec4-345335d93827",
              "isHook": false,
              "skipped": false
            },
            {
              "title": "setup/derive fast",
              "fullTitle": "examples setup/derive fast",
              "timedOut": false,
              "duration": 13,
              "state": "passed",
              "speed": "slow",
              "pass": true,
              "fail": false,
              "pending": false,
              "context": null,
              "code": "// setup 16 byte 2-of-3-factor multi-factor derived key with a password, HOTP code, and UUID recovery code\nconst setup = await mfkdf.setup.key([\n  await mfkdf.setup.factors.password('password'),\n  await mfkdf.setup.factors.hotp({ secret: Buffer.from('hello world') }),\n  await mfkdf.setup.factors.uuid({ id: 'recovery', uuid: '9b1deb4d-3b7d-4bad-9bdd-2b0d7b3dcb6d' })\n], { threshold: 2, size: 16, kdf: 'pbkdf2', pbkdf2rounds: 1 })\n// derive key using 2 of the 3 factors\nconst derive = await mfkdf.derive.key(setup.policy, {\n  password: mfkdf.derive.factors.password('password'),\n  hotp: mfkdf.derive.factors.hotp(365287)\n})\nsetup.key.toString('hex') // -> 34d20ced439ec2f871c96ca377f25771\nderive.key.toString('hex') // -> 34d20ced439ec2f871c96ca377f25771\nsetup.key.toString('hex').should.equal(derive.key.toString('hex'))",
              "err": {},
              "uuid": "bc19ecd8-758e-4679-aaf1-e8fba8fa17b9",
              "parentUUID": "46702fb1-72c8-4be9-bec4-345335d93827",
              "isHook": false,
              "skipped": false
            },
            {
              "title": "setup/derive",
              "fullTitle": "examples setup/derive",
              "timedOut": false,
              "duration": 219,
              "state": "passed",
              "speed": "slow",
              "pass": true,
              "fail": false,
              "pending": false,
              "context": null,
              "code": "// setup 16 byte 2-of-3-factor multi-factor derived key with a password, HOTP code, and UUID recovery code\nconst setup = await mfkdf.setup.key([\n  await mfkdf.setup.factors.password('password'),\n  await mfkdf.setup.factors.hotp({ secret: Buffer.from('hello world') }),\n  await mfkdf.setup.factors.uuid({ id: 'recovery', uuid: '9b1deb4d-3b7d-4bad-9bdd-2b0d7b3dcb6d' })\n], { threshold: 2, size: 16 })\n// derive key using 2 of the 3 factors\nconst derive = await mfkdf.derive.key(setup.policy, {\n  password: mfkdf.derive.factors.password('password'),\n  hotp: mfkdf.derive.factors.hotp(365287)\n})\nsetup.key.toString('hex') // -> 34d20ced439ec2f871c96ca377f25771\nderive.key.toString('hex') // -> 34d20ced439ec2f871c96ca377f25771\nsetup.key.toString('hex').should.equal(derive.key.toString('hex'))",
              "err": {},
              "uuid": "edb41606-fa88-4167-9eb5-3d100a64d6ac",
              "parentUUID": "46702fb1-72c8-4be9-bec4-345335d93827",
              "isHook": false,
              "skipped": false
            }
          ],
          "suites": [
            {
              "uuid": "61e6bdac-504b-4bc2-8b86-97e152eece5b",
              "title": "factors",
              "fullFile": "C:\\xampp\\htdocs\\Multifactor\\MFKDF\\test\\examples\\examples.js",
              "file": "\\test\\examples\\examples.js",
              "beforeHooks": [],
              "afterHooks": [],
              "tests": [
                {
                  "title": "stack",
                  "fullTitle": "examples factors stack",
                  "timedOut": false,
                  "duration": 223,
                  "state": "passed",
                  "speed": "slow",
                  "pass": true,
                  "fail": false,
                  "pending": false,
                  "context": null,
                  "code": "// setup key with stack factor\nconst setup = await mfkdf.setup.key([\n  await mfkdf.setup.factors.stack([\n    await mfkdf.setup.factors.password('password1', { id: 'password1' }),\n    await mfkdf.setup.factors.password('password2', { id: 'password2' })\n  ]),\n  await mfkdf.setup.factors.password('password3', { id: 'password3' })\n], { size: 8 })\n// derive key with stack factor\nconst derive = await mfkdf.derive.key(setup.policy, {\n  stack: mfkdf.derive.factors.stack({\n    password1: mfkdf.derive.factors.password('password1'),\n    password2: mfkdf.derive.factors.password('password2')\n  }),\n  password3: mfkdf.derive.factors.password('password3')\n})\nsetup.key.toString('hex') // -> 01d0c7236adf2516\nderive.key.toString('hex') // -> 01d0c7236adf2516\nsetup.key.toString('hex').should.equal(derive.key.toString('hex'))",
                  "err": {},
                  "uuid": "cb5a2f7b-4085-44f0-b17d-ac594158a9bd",
                  "parentUUID": "61e6bdac-504b-4bc2-8b86-97e152eece5b",
                  "isHook": false,
                  "skipped": false
                },
                {
                  "title": "hmacsha1",
                  "fullTitle": "examples factors hmacsha1",
                  "timedOut": false,
                  "duration": 214,
                  "state": "passed",
                  "speed": "slow",
                  "pass": true,
                  "fail": false,
                  "pending": false,
                  "context": null,
                  "code": "// setup key with hmacsha1 factor\nconst setup = await mfkdf.setup.key([\n  await mfkdf.setup.factors.hmacsha1()\n], { size: 8 })\n// calculate response; could be done using hardware device\nconst secret = setup.outputs.hmacsha1.secret\nconst challenge = Buffer.from(setup.policy.factors[0].params.challenge, 'hex')\nconst response = crypto.createHmac('sha1', secret).update(challenge).digest()\n// derive key with hmacsha1 factor\nconst derive = await mfkdf.derive.key(setup.policy, {\n  hmacsha1: mfkdf.derive.factors.hmacsha1(response)\n})\nsetup.key.toString('hex') // -> 01d0c7236adf2516\nderive.key.toString('hex') // -> 01d0c7236adf2516\nsetup.key.toString('hex').should.equal(derive.key.toString('hex'))",
                  "err": {},
                  "uuid": "988c7965-d680-4888-b9bc-f0248dea3e6f",
                  "parentUUID": "61e6bdac-504b-4bc2-8b86-97e152eece5b",
                  "isHook": false,
                  "skipped": false
                },
                {
                  "title": "totp",
                  "fullTitle": "examples factors totp",
                  "timedOut": false,
                  "duration": 1091,
                  "state": "passed",
                  "speed": "slow",
                  "pass": true,
                  "fail": false,
                  "pending": false,
                  "context": null,
                  "code": "// setup key with totp factor\nconst setup = await mfkdf.setup.key([\n  await mfkdf.setup.factors.totp({\n    secret: Buffer.from('hello world'),\n    time: 1650430806597\n  })\n], { size: 8 })\n// derive key with totp factor\nconst derive = await mfkdf.derive.key(setup.policy, {\n  totp: mfkdf.derive.factors.totp(528258, { time: 1650430943604 })\n})\nsetup.key.toString('hex') // -> 01d0c7236adf2516\nderive.key.toString('hex') // -> 01d0c7236adf2516\nsetup.key.toString('hex').should.equal(derive.key.toString('hex'))",
                  "err": {},
                  "uuid": "38c1bc2e-9bc0-4c9c-8941-ec623d26c904",
                  "parentUUID": "61e6bdac-504b-4bc2-8b86-97e152eece5b",
                  "isHook": false,
                  "skipped": false
                },
                {
                  "title": "hotp",
                  "fullTitle": "examples factors hotp",
                  "timedOut": false,
                  "duration": 210,
                  "state": "passed",
                  "speed": "slow",
                  "pass": true,
                  "fail": false,
                  "pending": false,
                  "context": null,
                  "code": "// setup key with hotp factor\nconst setup = await mfkdf.setup.key([\n  await mfkdf.setup.factors.hotp({ secret: Buffer.from('hello world') })\n], { size: 8 })\n// derive key with hotp factor\nconst derive = await mfkdf.derive.key(setup.policy, {\n  hotp: mfkdf.derive.factors.hotp(365287)\n})\nsetup.key.toString('hex') // -> 01d0c7236adf2516\nderive.key.toString('hex') // -> 01d0c7236adf2516\nsetup.key.toString('hex').should.equal(derive.key.toString('hex'))",
                  "err": {},
                  "uuid": "debb8994-18bc-47a0-90e4-34e348ccb1fb",
                  "parentUUID": "61e6bdac-504b-4bc2-8b86-97e152eece5b",
                  "isHook": false,
                  "skipped": false
                },
                {
                  "title": "uuid",
                  "fullTitle": "examples factors uuid",
                  "timedOut": false,
                  "duration": 214,
                  "state": "passed",
                  "speed": "slow",
                  "pass": true,
                  "fail": false,
                  "pending": false,
                  "context": null,
                  "code": "// setup key with uuid factor\nconst setup = await mfkdf.setup.key([\n  await mfkdf.setup.factors.uuid({ uuid: '9b1deb4d-3b7d-4bad-9bdd-2b0d7b3dcb6d' })\n], { size: 8 })\n// derive key with uuid factor\nconst derive = await mfkdf.derive.key(setup.policy, {\n  uuid: mfkdf.derive.factors.uuid('9b1deb4d-3b7d-4bad-9bdd-2b0d7b3dcb6d')\n})\nsetup.key.toString('hex') // -> 01d0c7236adf2516\nderive.key.toString('hex') // -> 01d0c7236adf2516\nsetup.key.toString('hex').should.equal(derive.key.toString('hex'))",
                  "err": {},
                  "uuid": "6c6b8b01-1f06-4a4f-bbf7-2cc90380e0ea",
                  "parentUUID": "61e6bdac-504b-4bc2-8b86-97e152eece5b",
                  "isHook": false,
                  "skipped": false
                },
                {
                  "title": "question",
                  "fullTitle": "examples factors question",
                  "timedOut": false,
                  "duration": 212,
                  "state": "passed",
                  "speed": "slow",
                  "pass": true,
                  "fail": false,
                  "pending": false,
                  "context": null,
                  "code": "// setup key with security question factor\nconst setup = await mfkdf.setup.key([\n  await mfkdf.setup.factors.question('Fido')\n], { size: 8 })\n// derive key with security question factor\nconst derive = await mfkdf.derive.key(setup.policy, {\n  question: mfkdf.derive.factors.question('Fido')\n})\nsetup.key.toString('hex').should.equal(derive.key.toString('hex'))",
                  "err": {},
                  "uuid": "0ee67d4a-38bd-4b79-8269-2942ed708626",
                  "parentUUID": "61e6bdac-504b-4bc2-8b86-97e152eece5b",
                  "isHook": false,
                  "skipped": false
                },
                {
                  "title": "ooba",
                  "fullTitle": "examples factors ooba",
                  "timedOut": false,
                  "duration": 245,
                  "state": "passed",
                  "speed": "slow",
                  "pass": true,
                  "fail": false,
                  "pending": false,
                  "context": null,
                  "code": "// setup RSA key pair (on out-of-band server)\nconst keyPair = await crypto.webcrypto.subtle.generateKey({ hash: 'SHA-256', modulusLength: 2048, name: 'RSA-OAEP', publicExponent: new Uint8Array([1, 0, 1]) }, true, ['encrypt', 'decrypt'])\n// setup key with out-of-band authentication factor\nconst setup = await mfkdf.setup.key([\n  await mfkdf.setup.factors.ooba({\n    key: keyPair.publicKey, params: { email: 'test@mfkdf.com' }\n  })\n])\n// decrypt and send code (on out-of-band server)\nconst next = setup.policy.factors[0].params.next\nconst decrypted = await crypto.webcrypto.subtle.decrypt({ name: 'RSA-OAEP' }, keyPair.privateKey, Buffer.from(next, 'hex'))\nconst code = JSON.parse(Buffer.from(decrypted).toString()).code\n// derive key with out-of-band factor\nconst derive = await mfkdf.derive.key(setup.policy, {\n  ooba: mfkdf.derive.factors.ooba(code)\n})\nsetup.key.toString('hex') // -> 01d0c7236adf2516\nderive.key.toString('hex') // -> 01d0c7236adf2516\nsetup.key.toString('hex').should.equal(derive.key.toString('hex'))",
                  "err": {},
                  "uuid": "23767071-472d-4a30-97e1-aca670cc5ec5",
                  "parentUUID": "61e6bdac-504b-4bc2-8b86-97e152eece5b",
                  "isHook": false,
                  "skipped": false
                },
                {
                  "title": "password",
                  "fullTitle": "examples factors password",
                  "timedOut": false,
                  "duration": 214,
                  "state": "passed",
                  "speed": "slow",
                  "pass": true,
                  "fail": false,
                  "pending": false,
                  "context": null,
                  "code": "// setup key with password factor\nconst setup = await mfkdf.setup.key([\n  await mfkdf.setup.factors.password('password')\n], { size: 8 })\n// derive key with password factor\nconst derive = await mfkdf.derive.key(setup.policy, {\n  password: mfkdf.derive.factors.password('password')\n})\nsetup.key.toString('hex') // -> 01d0c7236adf2516\nderive.key.toString('hex') // -> 01d0c7236adf2516\nsetup.key.toString('hex').should.equal(derive.key.toString('hex'))",
                  "err": {},
                  "uuid": "b8225c6e-bf0b-4adb-9482-c02cc28dba05",
                  "parentUUID": "61e6bdac-504b-4bc2-8b86-97e152eece5b",
                  "isHook": false,
                  "skipped": false
                }
              ],
              "suites": [],
              "passes": [
                "cb5a2f7b-4085-44f0-b17d-ac594158a9bd",
                "988c7965-d680-4888-b9bc-f0248dea3e6f",
                "38c1bc2e-9bc0-4c9c-8941-ec623d26c904",
                "debb8994-18bc-47a0-90e4-34e348ccb1fb",
                "6c6b8b01-1f06-4a4f-bbf7-2cc90380e0ea",
                "0ee67d4a-38bd-4b79-8269-2942ed708626",
                "23767071-472d-4a30-97e1-aca670cc5ec5",
                "b8225c6e-bf0b-4adb-9482-c02cc28dba05"
              ],
              "failures": [],
              "pending": [],
              "skipped": [],
              "duration": 2623,
              "root": false,
              "rootEmpty": false,
              "_timeout": 5000
            },
            {
              "uuid": "a14ac2bc-6450-408d-85d8-74634d35e2d2",
              "title": "secrets",
              "fullFile": "C:\\xampp\\htdocs\\Multifactor\\MFKDF\\test\\examples\\examples.js",
              "file": "\\test\\examples\\examples.js",
              "beforeHooks": [],
              "afterHooks": [],
              "tests": [
                {
                  "title": "full",
                  "fullTitle": "examples secrets full",
                  "timedOut": false,
                  "duration": 1,
                  "state": "passed",
                  "speed": "slow",
                  "pass": true,
                  "fail": false,
                  "pending": false,
                  "context": null,
                  "code": "// share secret using 2-of-3 shares\nconst shares = mfkdf.secrets.share(Buffer.from('hello world'), 2, 3) // -> [Buffer, Buffer, Buffer]\n// recover secret using 2 shares\nconst secret = mfkdf.secrets.combine([shares[0], null, shares[2]], 2, 3)\nsecret.toString() // -> hello world\n// recover original 3 shares\nconst recover = mfkdf.secrets.recover([shares[0], null, shares[2]], 2, 3) // -> [Buffer, Buffer, Buffer]\nrecover.should.be.a('array')",
                  "err": {},
                  "uuid": "4ddbdff1-1fa0-4c6b-9939-0dc68ae50bf9",
                  "parentUUID": "a14ac2bc-6450-408d-85d8-74634d35e2d2",
                  "isHook": false,
                  "skipped": false
                }
              ],
              "suites": [],
              "passes": [
                "4ddbdff1-1fa0-4c6b-9939-0dc68ae50bf9"
              ],
              "failures": [],
              "pending": [],
              "skipped": [],
              "duration": 1,
              "root": false,
              "rootEmpty": false,
              "_timeout": 5000
            },
            {
              "uuid": "0e0a456a-ced6-451c-a01f-1e0bfb209b7c",
              "title": "policy",
              "fullFile": "C:\\xampp\\htdocs\\Multifactor\\MFKDF\\test\\examples\\examples.js",
              "file": "\\test\\examples\\examples.js",
              "beforeHooks": [],
              "afterHooks": [],
              "tests": [
                {
                  "title": "validate",
                  "fullTitle": "examples policy validate",
                  "timedOut": false,
                  "duration": 105,
                  "state": "passed",
                  "speed": "slow",
                  "pass": true,
                  "fail": false,
                  "pending": false,
                  "context": null,
                  "code": "// setup key that can be derived from passwordA AND (passwordB OR passwordC)\nconst setup = await mfkdf.policy.setup(\n  await mfkdf.policy.and(\n    await mfkdf.setup.factors.password('passwordA', { id: 'passwordA' }),\n    await mfkdf.policy.or(\n      await mfkdf.setup.factors.password('passwordB', { id: 'passwordB' }),\n      await mfkdf.setup.factors.password('passwordC', { id: 'passwordC' })\n    )\n  )\n)\n// validate policy\nconst valid = mfkdf.policy.validate(setup.policy) // -> true\nvalid.should.be.true",
                  "err": {},
                  "uuid": "f14bbbd0-e683-4202-98e1-acc70fbf7183",
                  "parentUUID": "0e0a456a-ced6-451c-a01f-1e0bfb209b7c",
                  "isHook": false,
                  "skipped": false
                },
                {
                  "title": "ids",
                  "fullTitle": "examples policy ids",
                  "timedOut": false,
                  "duration": 108,
                  "state": "passed",
                  "speed": "slow",
                  "pass": true,
                  "fail": false,
                  "pending": false,
                  "context": null,
                  "code": "// setup key that can be derived from passwordA AND (passwordB OR passwordC)\nconst setup = await mfkdf.policy.setup(\n  await mfkdf.policy.and(\n    await mfkdf.setup.factors.password('passwordA', { id: 'passwordA' }),\n    await mfkdf.policy.or(\n      await mfkdf.setup.factors.password('passwordB', { id: 'passwordB' }),\n      await mfkdf.setup.factors.password('passwordC', { id: 'passwordC' })\n    )\n  )\n)\n// get list of ids\nconst ids = mfkdf.policy.ids(setup.policy) // -> ['passwordA', 'passwordB', 'passwordC', ...]\nids.includes('passwordA').should.be.true\nids.includes('passwordB').should.be.true\nids.includes('passwordC').should.be.true",
                  "err": {},
                  "uuid": "c895f168-42e1-4553-bf95-6e010f194554",
                  "parentUUID": "0e0a456a-ced6-451c-a01f-1e0bfb209b7c",
                  "isHook": false,
                  "skipped": false
                },
                {
                  "title": "evaluate",
                  "fullTitle": "examples policy evaluate",
                  "timedOut": false,
                  "duration": 105,
                  "state": "passed",
                  "speed": "slow",
                  "pass": true,
                  "fail": false,
                  "pending": false,
                  "context": null,
                  "code": "// setup key that can be derived from passwordA AND (passwordB OR passwordC)\nconst setup = await mfkdf.policy.setup(\n  await mfkdf.policy.and(\n    await mfkdf.setup.factors.password('passwordA', { id: 'passwordA' }),\n    await mfkdf.policy.or(\n      await mfkdf.setup.factors.password('passwordB', { id: 'passwordB' }),\n      await mfkdf.setup.factors.password('passwordC', { id: 'passwordC' })\n    )\n  )\n)\n// check if key can be derived with passwordA and passwordC\nconst valid1 = await mfkdf.policy.evaluate(setup.policy, ['passwordA', 'passwordC']) // -> true\n// check if key can be derived with passwordB and passwordC\nconst valid2 = await mfkdf.policy.evaluate(setup.policy, ['passwordB', 'passwordC']) // -> false\nvalid1.should.be.true\nvalid2.should.be.false",
                  "err": {},
                  "uuid": "6d8ce866-d42c-4031-9c3b-50b28ee0fd1c",
                  "parentUUID": "0e0a456a-ced6-451c-a01f-1e0bfb209b7c",
                  "isHook": false,
                  "skipped": false
                },
                {
                  "title": "setup/derive",
                  "fullTitle": "examples policy setup/derive",
                  "timedOut": false,
                  "duration": 226,
                  "state": "passed",
                  "speed": "slow",
                  "pass": true,
                  "fail": false,
                  "pending": false,
                  "context": null,
                  "code": "// setup key that can be derived from passwordA AND (passwordB OR passwordC)\nconst setup = await mfkdf.policy.setup(\n  await mfkdf.policy.and(\n    await mfkdf.setup.factors.password('passwordA', { id: 'passwordA' }),\n    await mfkdf.policy.or(\n      await mfkdf.setup.factors.password('passwordB', { id: 'passwordB' }),\n      await mfkdf.setup.factors.password('passwordC', { id: 'passwordC' })\n    )\n  ), { size: 8 }\n)\n// derive key with passwordA and passwordC (or passwordA and passwordB)\nconst derive = await mfkdf.policy.derive(setup.policy, {\n  passwordA: mfkdf.derive.factors.password('passwordA'),\n  passwordC: mfkdf.derive.factors.password('passwordC')\n})\nsetup.key.toString('hex') // -> e16a227944a65263\nderive.key.toString('hex') // -> e16a227944a65263\nsetup.key.toString('hex').should.equal(derive.key.toString('hex'))",
                  "err": {},
                  "uuid": "f6e3f886-95d7-4a2b-bc24-d3ba0bce1616",
                  "parentUUID": "0e0a456a-ced6-451c-a01f-1e0bfb209b7c",
                  "isHook": false,
                  "skipped": false
                },
                {
                  "title": "all",
                  "fullTitle": "examples policy all",
                  "timedOut": false,
                  "duration": 220,
                  "state": "passed",
                  "speed": "slow",
                  "pass": true,
                  "fail": false,
                  "pending": false,
[...]
                  "err": {},
                  "uuid": "e688d3c4-66db-49e5-8d81-e2a9326dd35f",
                  "parentUUID": "6d93a769-54cc-4492-b65e-cc901da964ec",
                  "isHook": false,
                  "skipped": false
                },
                {
                  "title": "invalid/range",
                  "fullTitle": "setup/key id invalid/range",
                  "timedOut": false,
                  "duration": 0,
                  "state": "passed",
                  "speed": "fast",
                  "pass": true,
                  "fail": false,
                  "pending": false,
                  "context": null,
                  "code": "mfkdf.setup.key([\n  await mfkdf.setup.factors.password('hello')\n], { id: '' }).should.be.rejectedWith(RangeError)",
                  "err": {},
                  "uuid": "3104f94e-ac9a-426a-98d3-7505cd579840",
                  "parentUUID": "6d93a769-54cc-4492-b65e-cc901da964ec",
                  "isHook": false,
                  "skipped": false
                }
              ],
              "suites": [],
              "passes": [
                "5a5ea70c-fb34-454b-afe9-c8ec74643042",
                "94032bd5-b0d3-4157-9bca-a8677a3b4e82",
                "e688d3c4-66db-49e5-8d81-e2a9326dd35f",
                "3104f94e-ac9a-426a-98d3-7505cd579840"
              ],
              "failures": [],
              "pending": [],
              "skipped": [],
              "duration": 205,
              "root": false,
              "rootEmpty": false,
              "_timeout": 5000
            },
            {
              "uuid": "231c74ba-9caa-4e04-8269-02b34576a06b",
              "title": "size",
              "fullFile": "C:\\xampp\\htdocs\\Multifactor\\MFKDF\\test\\setup\\key.js",
              "file": "\\test\\setup\\key.js",
              "beforeHooks": [],
              "afterHooks": [],
              "tests": [
                {
                  "title": "default",
                  "fullTitle": "setup/key size default",
                  "timedOut": false,
                  "duration": 103,
                  "state": "passed",
                  "speed": "slow",
                  "pass": true,
                  "fail": false,
                  "pending": false,
                  "context": null,
                  "code": "const { policy } = await mfkdf.setup.key([\n  await mfkdf.setup.factors.password('hello')\n])\npolicy.size.should.equal(32)",
                  "err": {},
                  "uuid": "300915cb-2e28-4a75-b487-6482ab5375b4",
                  "parentUUID": "231c74ba-9caa-4e04-8269-02b34576a06b",
                  "isHook": false,
                  "skipped": false
                },
                {
                  "title": "valid",
                  "fullTitle": "setup/key size valid",
                  "timedOut": false,
                  "duration": 102,
                  "state": "passed",
                  "speed": "slow",
                  "pass": true,
                  "fail": false,
                  "pending": false,
                  "context": null,
                  "code": "const { policy } = await mfkdf.setup.key([\n  await mfkdf.setup.factors.password('hello')\n], { size: 64 })\npolicy.size.should.equal(64)",
                  "err": {},
                  "uuid": "6ec808d4-4c8c-4b1c-9a3f-51818dc4ebaa",
                  "parentUUID": "231c74ba-9caa-4e04-8269-02b34576a06b",
                  "isHook": false,
                  "skipped": false
                },
                {
                  "title": "invalid/type",
                  "fullTitle": "setup/key size invalid/type",
                  "timedOut": false,
                  "duration": 1,
                  "state": "passed",
                  "speed": "slow",
                  "pass": true,
                  "fail": false,
                  "pending": false,
                  "context": null,
                  "code": "mfkdf.setup.key([\n  await mfkdf.setup.factors.password('hello')\n], { size: 'hello' }).should.be.rejectedWith(TypeError)",
                  "err": {},
                  "uuid": "15eb9fad-e6a7-470c-8ebd-2c78c134c773",
                  "parentUUID": "231c74ba-9caa-4e04-8269-02b34576a06b",
                  "isHook": false,
                  "skipped": false
                },
                {
                  "title": "invalid/range",
                  "fullTitle": "setup/key size invalid/range",
                  "timedOut": false,
                  "duration": 0,
                  "state": "passed",
                  "speed": "fast",
                  "pass": true,
                  "fail": false,
                  "pending": false,
                  "context": null,
                  "code": "mfkdf.setup.key([\n  await mfkdf.setup.factors.password('hello')\n], { size: 0 }).should.be.rejectedWith(RangeError)",
                  "err": {},
                  "uuid": "19e4816f-69bc-415f-9fee-8473f3b29b41",
                  "parentUUID": "231c74ba-9caa-4e04-8269-02b34576a06b",
                  "isHook": false,
                  "skipped": false
                }
              ],
              "suites": [],
              "passes": [
                "300915cb-2e28-4a75-b487-6482ab5375b4",
                "6ec808d4-4c8c-4b1c-9a3f-51818dc4ebaa",
                "15eb9fad-e6a7-470c-8ebd-2c78c134c773",
                "19e4816f-69bc-415f-9fee-8473f3b29b41"
              ],
              "failures": [],
              "pending": [],
              "skipped": [],
              "duration": 206,
              "root": false,
              "rootEmpty": false,
              "_timeout": 5000
            },
            {
              "uuid": "b18ea2f9-a38f-4433-8681-82a025f95e0a",
              "title": "threshold",
              "fullFile": "C:\\xampp\\htdocs\\Multifactor\\MFKDF\\test\\setup\\key.js",
              "file": "\\test\\setup\\key.js",
              "beforeHooks": [],
              "afterHooks": [],
              "tests": [
                {
                  "title": "default",
                  "fullTitle": "setup/key threshold default",
                  "timedOut": false,
                  "duration": 104,
                  "state": "passed",
                  "speed": "slow",
                  "pass": true,
                  "fail": false,
                  "pending": false,
                  "context": null,
                  "code": "const { policy } = await mfkdf.setup.key([\n  await mfkdf.setup.factors.password('hello', { id: 'password1' }),\n  await mfkdf.setup.factors.password('hello', { id: 'password2' })\n])\npolicy.threshold.should.equal(2)",
                  "err": {},
                  "uuid": "a505a8cd-afdd-409b-9386-b7e208784db0",
                  "parentUUID": "b18ea2f9-a38f-4433-8681-82a025f95e0a",
                  "isHook": false,
                  "skipped": false
                },
                {
                  "title": "valid",
                  "fullTitle": "setup/key threshold valid",
                  "timedOut": false,
                  "duration": 106,
                  "state": "passed",
                  "speed": "slow",
                  "pass": true,
                  "fail": false,
                  "pending": false,
                  "context": null,
                  "code": "const { policy } = await mfkdf.setup.key([\n  await mfkdf.setup.factors.password('hello', { id: 'password1' }),\n  await mfkdf.setup.factors.password('hello', { id: 'password2' })\n], { threshold: 1 })\npolicy.threshold.should.equal(1)",
                  "err": {},
                  "uuid": "d8139a3d-8258-4496-97af-8eac90f1f35a",
                  "parentUUID": "b18ea2f9-a38f-4433-8681-82a025f95e0a",
                  "isHook": false,
                  "skipped": false
                },
                {
                  "title": "invalid/type",
                  "fullTitle": "setup/key threshold invalid/type",
                  "timedOut": false,
                  "duration": 0,
                  "state": "passed",
                  "speed": "fast",
                  "pass": true,
                  "fail": false,
                  "pending": false,
                  "context": null,
                  "code": "mfkdf.setup.key([\n  await mfkdf.setup.factors.password('hello')\n], { threshold: 'hello' }).should.be.rejectedWith(TypeError)",
                  "err": {},
                  "uuid": "b7ae2009-6f72-4361-9fbf-fc552aed699a",
                  "parentUUID": "b18ea2f9-a38f-4433-8681-82a025f95e0a",
                  "isHook": false,
                  "skipped": false
                },
                {
                  "title": "invalid/range",
                  "fullTitle": "setup/key threshold invalid/range",
                  "timedOut": false,
                  "duration": 0,
                  "state": "passed",
                  "speed": "fast",
                  "pass": true,
                  "fail": false,
                  "pending": false,
                  "context": null,
                  "code": "mfkdf.setup.key([\n  await mfkdf.setup.factors.password('hello')\n], { threshold: 0 }).should.be.rejectedWith(RangeError)\nmfkdf.setup.key([\n  await mfkdf.setup.factors.password('hello')\n], { threshold: 2 }).should.be.rejectedWith(RangeError)",
                  "err": {},
                  "uuid": "3f4eebfd-26ea-4065-95a5-33625b2a4a6a",
                  "parentUUID": "b18ea2f9-a38f-4433-8681-82a025f95e0a",
                  "isHook": false,
                  "skipped": false
                }
              ],
              "suites": [],
              "passes": [
                "a505a8cd-afdd-409b-9386-b7e208784db0",
                "d8139a3d-8258-4496-97af-8eac90f1f35a",
                "b7ae2009-6f72-4361-9fbf-fc552aed699a",
                "3f4eebfd-26ea-4065-95a5-33625b2a4a6a"
              ],
              "failures": [],
              "pending": [],
              "skipped": [],
              "duration": 210,
              "root": false,
              "rootEmpty": false,
              "_timeout": 5000
            },
            {
              "uuid": "cabd34a7-2b91-46eb-b79f-97b4ecb4b0cf",
              "title": "salt",
              "fullFile": "C:\\xampp\\htdocs\\Multifactor\\MFKDF\\test\\setup\\key.js",
              "file": "\\test\\setup\\key.js",
              "beforeHooks": [],
              "afterHooks": [],
              "tests": [
                {
                  "title": "default",
                  "fullTitle": "setup/key salt default",
                  "timedOut": false,
                  "duration": 103,
                  "state": "passed",
                  "speed": "slow",
                  "pass": true,
                  "fail": false,
                  "pending": false,
                  "context": null,
                  "code": "const { policy } = await mfkdf.setup.key([\n  await mfkdf.setup.factors.password('hello')\n], { size: 48 })\nconst salt = Buffer.from(policy.salt, 'base64')\nsalt.length.should.equal(48)",
                  "err": {},
                  "uuid": "ee943f7a-9bdd-4640-b2ac-3c3aec8a3702",
                  "parentUUID": "cabd34a7-2b91-46eb-b79f-97b4ecb4b0cf",
                  "isHook": false,
                  "skipped": false
                },
                {
                  "title": "valid",
                  "fullTitle": "setup/key salt valid",
                  "timedOut": false,
                  "duration": 102,
                  "state": "passed",
                  "speed": "slow",
                  "pass": true,
                  "fail": false,
                  "pending": false,
                  "context": null,
                  "code": "const { policy } = await mfkdf.setup.key([\n  await mfkdf.setup.factors.password('hello')\n], { salt: Buffer.from('12345678', 'base64') })\npolicy.salt.should.equal('12345678')",
                  "err": {},
                  "uuid": "98152623-f0ea-4a57-968c-0bc5281c1cfb",
                  "parentUUID": "cabd34a7-2b91-46eb-b79f-97b4ecb4b0cf",
                  "isHook": false,
                  "skipped": false
                },
                {
                  "title": "invalid/type",
                  "fullTitle": "setup/key salt invalid/type",
                  "timedOut": false,
                  "duration": 0,
                  "state": "passed",
                  "speed": "fast",
                  "pass": true,
                  "fail": false,
                  "pending": false,
                  "context": null,
                  "code": "mfkdf.setup.key([\n  await mfkdf.setup.factors.password('hello')\n], { salt: 'hello' }).should.be.rejectedWith(TypeError)",
                  "err": {},
                  "uuid": "b63dc725-6b22-4547-9fe3-3afd4ead696c",
                  "parentUUID": "cabd34a7-2b91-46eb-b79f-97b4ecb4b0cf",
                  "isHook": false,
                  "skipped": false
                }
              ],
              "suites": [],
              "passes": [
                "ee943f7a-9bdd-4640-b2ac-3c3aec8a3702",
                "98152623-f0ea-4a57-968c-0bc5281c1cfb",
                "b63dc725-6b22-4547-9fe3-3afd4ead696c"
              ],
              "failures": [],
              "pending": [],
              "skipped": [],
              "duration": 205,
              "root": false,
              "rootEmpty": false,
              "_timeout": 5000
            },
            {
              "uuid": "cfc174c3-de02-4a7e-a4fe-3244c71c5c64",
              "title": "factors",
              "fullFile": "C:\\xampp\\htdocs\\Multifactor\\MFKDF\\test\\setup\\key.js",
              "file": "\\test\\setup\\key.js",
              "beforeHooks": [],
              "afterHooks": [],
              "tests": [
                {
                  "title": "valid",
                  "fullTitle": "setup/key factors valid",
                  "timedOut": false,
                  "duration": 102,
                  "state": "passed",
                  "speed": "slow",
                  "pass": true,
                  "fail": false,
                  "pending": false,
                  "context": null,
                  "code": "await mfkdf.setup.key([\n  {\n    type: 'password',\n    id: 'password',\n    data: Buffer.from('password', 'utf-8'),\n    params: async () => {\n      return {}\n    },\n    output: async () => {\n      return {}\n    }\n  }\n])",
                  "err": {},
                  "uuid": "6542d8c0-8fde-4154-9bef-0028f829fcf0",
                  "parentUUID": "cfc174c3-de02-4a7e-a4fe-3244c71c5c64",
                  "isHook": false,
                  "skipped": false
                },
                {
                  "title": "id",
                  "fullTitle": "setup/key factors id",
                  "timedOut": false,
                  "duration": 1,
                  "state": "passed",
                  "speed": "slow",
                  "pass": true,
                  "fail": false,
                  "pending": false,
                  "context": null,
                  "code": "mfkdf.setup.key([\n  await mfkdf.setup.factors.password('hello', { id: 'password1' }),\n  await mfkdf.setup.factors.password('hello', { id: 'password1' })\n]).should.be.rejectedWith(RangeError)",
                  "err": {},
                  "uuid": "cfaf0e08-61b4-401c-a0ad-63120323910e",
                  "parentUUID": "cfc174c3-de02-4a7e-a4fe-3244c71c5c64",
                  "isHook": false,
                  "skipped": false
                },
                {
                  "title": "invalid/type",
                  "fullTitle": "setup/key factors invalid/type",
                  "timedOut": false,
                  "duration": 0,
                  "state": "passed",
                  "speed": "fast",
                  "pass": true,
                  "fail": false,
                  "pending": false,
                  "context": null,
                  "code": "mfkdf.setup.key('hello').should.be.rejectedWith(TypeError)\nmfkdf.setup.key([\n  {\n    type: 12345,\n    id: 'password',\n    data: Buffer.from('password', 'utf-8'),\n    params: async () => {\n      return {}\n    }\n  }\n]).should.be.rejectedWith(TypeError)\nmfkdf.setup.key([\n  {\n    type: 'password',\n    id: 12345,\n    data: Buffer.from('password', 'utf-8'),\n    params: async () => {\n      return {}\n    }\n  }\n]).should.be.rejectedWith(TypeError)\nmfkdf.setup.key([\n  {\n    type: 'password',\n    id: 'password',\n    data: 12345,\n    params: async () => {\n      return {}\n    }\n  }\n]).should.be.rejectedWith(TypeError)\nmfkdf.setup.key([\n  {\n    type: 'password',\n    id: 'password',\n    data: Buffer.from('password', 'utf-8'),\n    params: 12345\n  }\n]).should.be.rejectedWith(TypeError)",
                  "err": {},
                  "uuid": "5be7a08f-d896-4608-9191-abe04017c365",
                  "parentUUID": "cfc174c3-de02-4a7e-a4fe-3244c71c5c64",
                  "isHook": false,
                  "skipped": false
                },
                {
                  "title": "invalid/range",
                  "fullTitle": "setup/key factors invalid/range",
                  "timedOut": false,
                  "duration": 1,
                  "state": "passed",
                  "speed": "slow",
                  "pass": true,
                  "fail": false,
                  "pending": false,
                  "context": null,
                  "code": "mfkdf.setup.key([\n]).should.be.rejectedWith(RangeError)\nmfkdf.setup.key([\n  {\n    type: '',\n    id: 'password',\n    data: Buffer.from('password', 'utf-8'),\n    params: async () => {\n      return {}\n    }\n  }\n]).should.be.rejectedWith(RangeError)\nmfkdf.setup.key([\n  {\n    type: 'password',\n    id: '',\n    data: Buffer.from('password', 'utf-8'),\n    params: async () => {\n      return {}\n    }\n  }\n]).should.be.rejectedWith(RangeError)\nmfkdf.setup.key([\n  {\n    type: 'password',\n    id: 'password',\n    data: Buffer.from('', 'utf-8'),\n    params: async () => {\n      return {}\n    }\n  }\n]).should.be.rejectedWith(RangeError)",
                  "err": {},
                  "uuid": "bb7309cc-9530-4101-b2ed-eed5bd7cff24",
                  "parentUUID": "cfc174c3-de02-4a7e-a4fe-3244c71c5c64",
                  "isHook": false,
                  "skipped": false
                }
              ],
              "suites": [],
              "passes": [
                "6542d8c0-8fde-4154-9bef-0028f829fcf0",
                "cfaf0e08-61b4-401c-a0ad-63120323910e",
                "5be7a08f-d896-4608-9191-abe04017c365",
                "bb7309cc-9530-4101-b2ed-eed5bd7cff24"
              ],
              "failures": [],
              "pending": [],
              "skipped": [],
              "duration": 104,
              "root": false,
              "rootEmpty": false,
              "_timeout": 5000
            }
          ],
          "passes": [
            "fd614d5e-3c71-47e0-8655-9719808de03d"
          ],
          "failures": [],
          "pending": [],
          "skipped": [],
          "duration": 110,
          "root": false,
          "rootEmpty": false,
          "_timeout": 5000
        }
      ],
      "passes": [],
      "failures": [],
      "pending": [],
      "skipped": [],
      "duration": 0,
      "root": true,
      "rootEmpty": true,
      "_timeout": 5000
    }
  ],
  "meta": {
    "mocha": {
      "version": "6.2.3"
    },
    "mochawesome": {
      "options": {
        "quiet": false,
        "reportFilename": "mochawesome",
        "saveHtml": true,
        "saveJson": true,
        "consoleReporter": "spec",
        "useInlineDiffs": false,
        "code": true
      },
      "version": "7.1.3"
    },
    "marge": {
      "options": {
        "reportDir": "./site/mochawesome"
      },
      "version": "6.2.0"
    }
  }
}