{
  "stats": {
    "suites": 76,
    "tests": 268,
    "passes": 268,
    "pending": 0,
    "failures": 0,
    "start": "2025-09-23T15:10:23.995Z",
    "end": "2025-09-23T15:10:43.254Z",
    "duration": 19259,
    "testsRegistered": 268,
    "passPercent": 100,
    "pendingPercent": 0,
    "other": 0,
    "hasOther": false,
    "skipped": 0,
    "hasSkipped": false
  },
  "results": [
    {
      "uuid": "64db340a-9021-458c-ad94-64ee9c406573",
      "title": "",
      "fullFile": "",
      "file": "",
      "beforeHooks": [],
      "afterHooks": [],
      "tests": [],
      "suites": [
        {
          "uuid": "6d564a36-f075-40f0-b58a-eae0b2931cb2",
          "title": "aes",
          "fullFile": "C:\\Users\\Vivek\\Projects\\mfkdf\\test\\crypto\\aes.js",
          "file": "\\test\\crypto\\aes.js",
          "beforeHooks": [],
          "afterHooks": [],
          "tests": [
            {
              "title": "encrypt throws on invalid inputs",
              "fullTitle": "aes encrypt throws on invalid inputs",
              "timedOut": false,
              "duration": 1,
              "state": "passed",
              "speed": "slow",
              "pass": true,
              "fail": false,
              "pending": false,
              "context": null,
              "code": "(() =>\n  crypt.encrypt('not a buffer', crypto.randomBytes(32))).should.throw();\n(() =>\n  crypt.encrypt(\n    crypto.randomBytes(16),\n    crypto.randomBytes(32)\n  )).should.throw();\n(() =>\n  crypt.encrypt(crypto.randomBytes(32), 'not a buffer')).should.throw();\n(() =>\n  crypt.encrypt(\n    crypto.randomBytes(32),\n    crypto.randomBytes(16)\n  )).should.throw()",
              "err": {},
              "uuid": "ec29ab1a-b46f-49f9-9606-2c86861c31f0",
              "parentUUID": "6d564a36-f075-40f0-b58a-eae0b2931cb2",
              "isHook": false,
              "skipped": false
            },
            {
              "title": "decrypt throws on invalid inputs",
              "fullTitle": "aes decrypt throws on invalid inputs",
              "timedOut": false,
              "duration": 1,
              "state": "passed",
              "speed": "slow",
              "pass": true,
              "fail": false,
              "pending": false,
              "context": null,
              "code": "(() =>\n  crypt.decrypt('not a buffer', crypto.randomBytes(32))).should.throw();\n(() =>\n  crypt.decrypt(\n    crypto.randomBytes(16),\n    crypto.randomBytes(32)\n  )).should.throw();\n(() =>\n  crypt.decrypt(crypto.randomBytes(32), 'not a buffer')).should.throw();\n(() =>\n  crypt.decrypt(\n    crypto.randomBytes(32),\n    crypto.randomBytes(16)\n  )).should.throw()",
              "err": {},
              "uuid": "87c6aa15-5032-4b73-b3f2-15b5fedd483f",
              "parentUUID": "6d564a36-f075-40f0-b58a-eae0b2931cb2",
              "isHook": false,
              "skipped": false
            },
            {
              "title": "encrypts and decrypts correctly",
              "fullTitle": "aes encrypts and decrypts correctly",
              "timedOut": false,
              "duration": 0,
              "state": "passed",
              "speed": "fast",
              "pass": true,
              "fail": false,
              "pending": false,
              "context": null,
              "code": "const key = crypto.randomBytes(32)\nconst data = crypto.randomBytes(32)\nconst encrypted = crypt.encrypt(data, key)\nconst decrypted = crypt.decrypt(encrypted, key)\ndecrypted.equals(data).should.be.true",
              "err": {},
              "uuid": "6b9d00e0-f356-4008-aba8-e7de95000959",
              "parentUUID": "6d564a36-f075-40f0-b58a-eae0b2931cb2",
              "isHook": false,
              "skipped": false
            },
            {
              "title": "decrypting with wrong key fails",
              "fullTitle": "aes decrypting with wrong key fails",
              "timedOut": false,
              "duration": 0,
              "state": "passed",
              "speed": "fast",
              "pass": true,
              "fail": false,
              "pending": false,
              "context": null,
              "code": "const key = crypto.randomBytes(32)\nconst wrongKey = crypto.randomBytes(32)\nconst data = crypto.randomBytes(32)\nconst encrypted = crypt.encrypt(data, key)\nconst decrypted = crypt.decrypt(encrypted, wrongKey)\ndecrypted.equals(data).should.be.false",
              "err": {},
              "uuid": "c9bb37bb-e71f-4192-93ec-1153e74917c8",
              "parentUUID": "6d564a36-f075-40f0-b58a-eae0b2931cb2",
              "isHook": false,
              "skipped": false
            },
            {
              "title": "decrypting modified data fails",
              "fullTitle": "aes decrypting modified data fails",
              "timedOut": false,
              "duration": 0,
              "state": "passed",
              "speed": "fast",
              "pass": true,
              "fail": false,
              "pending": false,
              "context": null,
              "code": "const key = crypto.randomBytes(32)\nconst data = crypto.randomBytes(32)\nconst encrypted = crypt.encrypt(data, key)\n// Modify the encrypted data\nencrypted[0] ^= 0xff\nconst decrypted = crypt.decrypt(encrypted, key)\ndecrypted.equals(data).should.be.false",
              "err": {},
              "uuid": "4b8ea681-9262-460e-935b-3f4165308b6d",
              "parentUUID": "6d564a36-f075-40f0-b58a-eae0b2931cb2",
              "isHook": false,
              "skipped": false
            },
            {
              "title": "ciphertext length equals plaintext length",
              "fullTitle": "aes ciphertext length equals plaintext length",
              "timedOut": false,
              "duration": 0,
              "state": "passed",
              "speed": "fast",
              "pass": true,
              "fail": false,
              "pending": false,
              "context": null,
              "code": "const key = crypto.randomBytes(32)\nconst data = crypto.randomBytes(32)\nconst encrypted = crypt.encrypt(data, key)\nencrypted.length.should.equal(data.length)",
              "err": {},
              "uuid": "4ad55ac4-3729-42db-a85d-0efd8b947407",
              "parentUUID": "6d564a36-f075-40f0-b58a-eae0b2931cb2",
              "isHook": false,
              "skipped": false
            }
          ],
          "suites": [],
          "passes": [
            "ec29ab1a-b46f-49f9-9606-2c86861c31f0",
            "87c6aa15-5032-4b73-b3f2-15b5fedd483f",
            "6b9d00e0-f356-4008-aba8-e7de95000959",
            "c9bb37bb-e71f-4192-93ec-1153e74917c8",
            "4b8ea681-9262-460e-935b-3f4165308b6d",
            "4ad55ac4-3729-42db-a85d-0efd8b947407"
          ],
          "failures": [],
          "pending": [],
          "skipped": [],
          "duration": 2,
          "root": false,
          "rootEmpty": false,
          "_timeout": 5000
        },
        {
          "uuid": "efb22dba-a8c5-4450-808f-f974ead2ca4d",
          "title": "encrypt",
          "fullFile": "C:\\Users\\Vivek\\Projects\\mfkdf\\test\\crypto\\symmetric.js",
          "file": "\\test\\crypto\\symmetric.js",
          "beforeHooks": [],
          "afterHooks": [],
          "tests": [],
          "suites": [
            {
              "uuid": "8d796846-b711-4d9e-ad70-e0beb3e2e478",
              "title": "utils",
              "fullFile": "C:\\Users\\Vivek\\Projects\\mfkdf\\test\\crypto\\symmetric.js",
              "file": "\\test\\crypto\\symmetric.js",
              "beforeHooks": [],
              "afterHooks": [],
              "tests": [
                {
                  "title": "subkey",
                  "fullTitle": "encrypt utils subkey",
                  "timedOut": false,
                  "duration": 24,
                  "state": "passed",
                  "speed": "slow",
                  "pass": true,
                  "fail": false,
                  "pending": false,
                  "context": null,
                  "code": "const setup = await mfkdf.setup.key([\n  await mfkdf.setup.factors.uuid({\n    id: 'uuid1',\n    uuid: '9b1deb4d-3b7d-4bad-9bdd-2b0d7b3dcb6d'\n  })\n])\nconst key3 = await setup.getSubkey()\nconst key4 = await setup.getSubkey()\nkey3.toString('hex').should.equal(key4.toString('hex'))",
                  "err": {},
                  "uuid": "b4be3d20-bc4e-40b3-8603-27d8b3d35bca",
                  "parentUUID": "8d796846-b711-4d9e-ad70-e0beb3e2e478",
                  "isHook": false,
                  "skipped": false
                }
              ],
              "suites": [],
              "passes": [
                "b4be3d20-bc4e-40b3-8603-27d8b3d35bca"
              ],
              "failures": [],
              "pending": [],
              "skipped": [],
              "duration": 24,
              "root": false,
              "rootEmpty": false,
              "_timeout": 5000
            }
          ],
          "passes": [],
          "failures": [],
          "pending": [],
          "skipped": [],
          "duration": 0,
          "root": false,
          "rootEmpty": false,
          "_timeout": 5000
        },
        {
          "uuid": "57038a23-0950-43a1-8c84-d3e459c57ba3",
          "title": "derive/factors/password",
          "fullFile": "C:\\Users\\Vivek\\Projects\\mfkdf\\test\\derive\\factors\\password.js",
          "file": "\\test\\derive\\factors\\password.js",
          "beforeHooks": [],
          "afterHooks": [],
          "tests": [
            {
              "title": "invalid/type",
              "fullTitle": "derive/factors/password invalid/type",
              "timedOut": false,
              "duration": 0,
              "state": "passed",
              "speed": "fast",
              "pass": true,
              "fail": false,
              "pending": false,
              "context": null,
              "code": "(() => {\n  mfkdf.derive.factors.password(12345)\n}).should.throw(TypeError)",
              "err": {},
              "uuid": "029cd010-272f-4538-821d-199f92651924",
              "parentUUID": "57038a23-0950-43a1-8c84-d3e459c57ba3",
              "isHook": false,
              "skipped": false
            },
            {
              "title": "invalid/range",
              "fullTitle": "derive/factors/password invalid/range",
              "timedOut": false,
              "duration": 0,
              "state": "passed",
              "speed": "fast",
              "pass": true,
              "fail": false,
              "pending": false,
              "context": null,
              "code": "(() => {\n  mfkdf.derive.factors.password('')\n}).should.throw(RangeError)",
              "err": {},
              "uuid": "91d5eee0-ec1a-4cd8-8de6-22b19115ab92",
              "parentUUID": "57038a23-0950-43a1-8c84-d3e459c57ba3",
              "isHook": false,
              "skipped": false
            }
          ],
          "suites": [],
          "passes": [
            "029cd010-272f-4538-821d-199f92651924",
            "91d5eee0-ec1a-4cd8-8de6-22b19115ab92"
          ],
          "failures": [],
          "pending": [],
          "skipped": [],
          "duration": 0,
          "root": false,
          "rootEmpty": false,
          "_timeout": 5000
        },
        {
          "uuid": "4a35d71f-7dea-4483-9635-6ddb9e3f48b3",
          "title": "derive/factors/uuid",
          "fullFile": "C:\\Users\\Vivek\\Projects\\mfkdf\\test\\derive\\factors\\uuid.js",
          "file": "\\test\\derive\\factors\\uuid.js",
          "beforeHooks": [],
          "afterHooks": [],
          "tests": [
            {
              "title": "invalid/type",
              "fullTitle": "derive/factors/uuid invalid/type",
              "timedOut": false,
              "duration": 0,
              "state": "passed",
              "speed": "fast",
              "pass": true,
              "fail": false,
              "pending": false,
              "context": null,
              "code": "(() => {\n  mfkdf.derive.factors.uuid(12345)\n}).should.throw(TypeError)",
              "err": {},
              "uuid": "5e46d726-7741-410a-a923-e2e6fb703405",
              "parentUUID": "4a35d71f-7dea-4483-9635-6ddb9e3f48b3",
              "isHook": false,
              "skipped": false
            },
            {
              "title": "invalid/range",
              "fullTitle": "derive/factors/uuid invalid/range",
              "timedOut": false,
              "duration": 1,
              "state": "passed",
              "speed": "slow",
              "pass": true,
              "fail": false,
              "pending": false,
              "context": null,
              "code": "(() => {\n  mfkdf.derive.factors.uuid('')\n}).should.throw(TypeError)",
              "err": {},
              "uuid": "be0db66e-9217-41a3-9ea9-042e35e90cdf",
              "parentUUID": "4a35d71f-7dea-4483-9635-6ddb9e3f48b3",
              "isHook": false,
              "skipped": false
            }
          ],
          "suites": [],
          "passes": [
            "5e46d726-7741-410a-a923-e2e6fb703405",
            "be0db66e-9217-41a3-9ea9-042e35e90cdf"
          ],
          "failures": [],
          "pending": [],
          "skipped": [],
          "duration": 1,
          "root": false,
          "rootEmpty": false,
          "_timeout": 5000
        },
        {
          "uuid": "713013fe-e033-4d21-aba3-172af38e1d4d",
          "title": "derive/key",
          "fullFile": "C:\\Users\\Vivek\\Projects\\mfkdf\\test\\derive\\key.js",
          "file": "\\test\\derive\\key.js",
          "beforeHooks": [],
          "afterHooks": [],
          "tests": [
            {
              "title": "hkdf",
              "fullTitle": "derive/key hkdf",
              "timedOut": false,
              "duration": 60,
              "state": "passed",
              "speed": "slow",
              "pass": true,
              "fail": false,
              "pending": false,
              "context": null,
              "code": "const setup = await mfkdf.setup.key([\n  await mfkdf.setup.factors.password('password1', { id: 'password1' })\n])\nconst derive = await mfkdf.derive.key(setup.policy, {\n  password1: mfkdf.derive.factors.password('password1')\n})\nderive.key.toString('hex').should.equal(setup.key.toString('hex'))",
              "err": {},
              "uuid": "cc641c77-d603-4dc7-ac20-aff2b5767281",
              "parentUUID": "713013fe-e033-4d21-aba3-172af38e1d4d",
              "isHook": false,
              "skipped": false
            },
            {
              "title": "correct",
              "fullTitle": "derive/key correct",
              "timedOut": false,
              "duration": 139,
              "state": "passed",
              "speed": "slow",
              "pass": true,
              "fail": false,
              "pending": false,
              "context": null,
              "code": "const setup = await mfkdf.setup.key(\n  [\n    await mfkdf.setup.factors.password('password1', { id: 'password1' }),\n    await mfkdf.setup.factors.password('password2', { id: 'password2' }),\n    await mfkdf.setup.factors.password('password3', { id: 'password3' })\n  ],\n  { threshold: 2 }\n)\nconst derive1 = await mfkdf.derive.key(setup.policy, {\n  password1: mfkdf.derive.factors.password('password1'),\n  password2: mfkdf.derive.factors.password('password2')\n})\nconst derive2 = await mfkdf.derive.key(setup.policy, {\n  password2: mfkdf.derive.factors.password('password2'),\n  password3: mfkdf.derive.factors.password('password3')\n})\nconst derive3 = await mfkdf.derive.key(setup.policy, {\n  password1: mfkdf.derive.factors.password('password1'),\n  password3: mfkdf.derive.factors.password('password3')\n})\nconst derive4 = await mfkdf.derive.key(setup.policy, {\n  password1: mfkdf.derive.factors.password('password1'),\n  password2: mfkdf.derive.factors.password('password2'),\n  password3: mfkdf.derive.factors.password('password3')\n})\nsetup.key.toString('hex').should.equal(derive1.key.toString('hex'))\nsetup.key.toString('hex').should.equal(derive2.key.toString('hex'))\nsetup.key.toString('hex').should.equal(derive3.key.toString('hex'))\nsetup.key.toString('hex').should.equal(derive4.key.toString('hex'))\nJSON.stringify(setup.policy).should.equal(JSON.stringify(derive1.policy))\nJSON.stringify(setup.policy).should.equal(JSON.stringify(derive2.policy))\nJSON.stringify(setup.policy).should.equal(JSON.stringify(derive3.policy))\nJSON.stringify(setup.policy).should.equal(JSON.stringify(derive4.policy))",
              "err": {},
              "uuid": "7743063d-fd08-4a1e-957d-d9dd6cd35d4a",
              "parentUUID": "713013fe-e033-4d21-aba3-172af38e1d4d",
              "isHook": false,
              "skipped": false
            },
            {
              "title": "incorrect",
              "fullTitle": "derive/key incorrect",
              "timedOut": false,
              "duration": 134,
              "state": "passed",
              "speed": "slow",
              "pass": true,
              "fail": false,
              "pending": false,
              "context": null,
              "code": "const setup = await mfkdf.setup.key(\n  [\n    await mfkdf.setup.factors.password('password1', { id: 'password1' }),\n    await mfkdf.setup.factors.password('password2', { id: 'password2' }),\n    await mfkdf.setup.factors.password('password3', { id: 'password3' })\n  ],\n  { threshold: 2, integrity: false }\n)\nconst derive1 = await mfkdf.derive.key(\n  setup.policy,\n  {\n    password1: mfkdf.derive.factors.password('password1'),\n    password2: mfkdf.derive.factors.password('wrongpassword2')\n  },\n  false\n)\nconst derive2 = await mfkdf.derive.key(\n  setup.policy,\n  {\n    password2: mfkdf.derive.factors.password('wrongpassword2'),\n    password3: mfkdf.derive.factors.password('wrongpassword3')\n  },\n  false\n)\nconst derive3 = await mfkdf.derive.key(\n  setup.policy,\n  {\n    password1: mfkdf.derive.factors.password('password1'),\n    password3: mfkdf.derive.factors.password('password2')\n  },\n  false\n)\nconst derive4 = await mfkdf.derive.key(\n  setup.policy,\n  {\n    password1: mfkdf.derive.factors.password('password1'),\n    password2: mfkdf.derive.factors.password('password2'),\n    password3: mfkdf.derive.factors.password('password4')\n  },\n  false\n)\nsetup.key.toString('hex').should.not.equal(derive1.key.toString('hex'))\nsetup.key.toString('hex').should.not.equal(derive2.key.toString('hex'))\nsetup.key.toString('hex').should.not.equal(derive3.key.toString('hex'))\nsetup.key.toString('hex').should.not.equal(derive4.key.toString('hex'))",
              "err": {},
              "uuid": "ccae48c1-a875-44b7-bfcf-a5bebfe594e2",
              "parentUUID": "713013fe-e033-4d21-aba3-172af38e1d4d",
              "isHook": false,
              "skipped": false
            },
            {
              "title": "mismatch",
              "fullTitle": "derive/key mismatch",
              "timedOut": false,
              "duration": 28,
              "state": "passed",
              "speed": "slow",
              "pass": true,
              "fail": false,
              "pending": false,
              "context": null,
              "code": "const setup = await mfkdf.setup.key([\n  await mfkdf.setup.factors.password('password', { id: 'password' })\n])\nawait mfkdf.derive\n  .key(setup.policy, {\n    password: mfkdf.derive.factors.uuid(\n      '9b1deb4d-3b7d-4bad-9bdd-2b0d7b3dcb6d'\n    )\n  })\n  .should.be.rejectedWith(TypeError)",
              "err": {},
              "uuid": "3540d162-f1db-49d4-a5f4-5e0d46b79bad",
              "parentUUID": "713013fe-e033-4d21-aba3-172af38e1d4d",
              "isHook": false,
              "skipped": false
            }
          ],
          "suites": [
            {
              "uuid": "bdd3bc8b-38d4-4d16-8bda-c2cf559c7acf",
              "title": "shares",
              "fullFile": "C:\\Users\\Vivek\\Projects\\mfkdf\\test\\derive\\key.js",
              "file": "\\test\\derive\\key.js",
              "beforeHooks": [],
              "afterHooks": [],
              "tests": [
                {
                  "title": "valid",
                  "fullTitle": "derive/key shares valid",
                  "timedOut": false,
                  "duration": 100,
                  "state": "passed",
                  "speed": "slow",
                  "pass": true,
                  "fail": false,
                  "pending": false,
                  "context": null,
                  "code": "const setup = await mfkdf.setup.key(\n  [\n    await mfkdf.setup.factors.password('password1', { id: 'password1' }),\n    await mfkdf.setup.factors.password('password2', { id: 'password2' }),\n    await mfkdf.setup.factors.password('password3', { id: 'password3' })\n  ],\n  { threshold: 2 }\n)\nconst derive1 = await mfkdf.derive.key(setup.policy, {\n  password1: mfkdf.derive.factors.password('password1'),\n  password2: mfkdf.derive.factors.password('password2')\n})\nconst derive2 = await mfkdf.derive.key(derive1.policy, {\n  password2: mfkdf.derive.factors.password('password2'),\n  password3: mfkdf.derive.factors.password('password3')\n})\nconst derive3 = await mfkdf.derive.key(derive2.policy, {\n  password1: mfkdf.derive.factors.password('password1'),\n  password3: mfkdf.derive.factors.password('password3')\n})\nderive1.shares.should.deep.equal(setup.shares)\nderive2.shares.should.deep.equal(setup.shares)\nderive3.shares.should.deep.equal(setup.shares)",
                  "err": {},
                  "uuid": "501e2a9b-372e-4956-aa02-d008ad673402",
                  "parentUUID": "bdd3bc8b-38d4-4d16-8bda-c2cf559c7acf",
                  "isHook": false,
                  "skipped": false
                }
              ],
              "suites": [],
              "passes": [
                "501e2a9b-372e-4956-aa02-d008ad673402"
              ],
              "failures": [],
              "pending": [],
              "skipped": [],
              "duration": 100,
              "root": false,
              "rootEmpty": false,
              "_timeout": 5000
            },
            {
              "uuid": "e3550826-f23f-413e-b692-96e7ddaf6ca2",
              "title": "invalid",
              "fullFile": "C:\\Users\\Vivek\\Projects\\mfkdf\\test\\derive\\key.js",
              "file": "\\test\\derive\\key.js",
              "beforeHooks": [],
              "afterHooks": [],
              "tests": [
                {
                  "title": "schema",
                  "fullTitle": "derive/key invalid schema",
                  "timedOut": false,
                  "duration": 25,
                  "state": "passed",
                  "speed": "slow",
                  "pass": true,
                  "fail": false,
                  "pending": false,
                  "context": null,
                  "code": "const setup = await mfkdf.setup.key([\n  await mfkdf.setup.factors.password('password1', { id: 'password1' })\n])\ndelete setup.policy.$id\nawait mfkdf.derive\n  .key(setup.policy, {\n    password1: mfkdf.derive.factors.password('password1')\n  })\n  .should.be.rejectedWith(TypeError)",
                  "err": {},
                  "uuid": "7a1b4e9b-8139-481a-abe0-f1fbd6c0766e",
                  "parentUUID": "e3550826-f23f-413e-b692-96e7ddaf6ca2",
                  "isHook": false,
                  "skipped": false
                },
                {
                  "title": "factors",
                  "fullTitle": "derive/key invalid factors",
                  "timedOut": false,
                  "duration": 27,
                  "state": "passed",
                  "speed": "slow",
                  "pass": true,
                  "fail": false,
                  "pending": false,
                  "context": null,
                  "code": "const setup = await mfkdf.setup.key(\n  [\n    await mfkdf.setup.factors.password('password1', { id: 'password1' }),\n    await mfkdf.setup.factors.password('password2', { id: 'password2' }),\n    await mfkdf.setup.factors.password('password3', { id: 'password3' })\n  ],\n  { threshold: 2 }\n)\nawait mfkdf.derive\n  .key(setup.policy, {\n    password1: mfkdf.derive.factors.password('password1')\n  })\n  .should.be.rejectedWith(RangeError)",
                  "err": {},
                  "uuid": "1a972203-f1a5-40eb-a4b5-2dad9d5bb40c",
                  "parentUUID": "e3550826-f23f-413e-b692-96e7ddaf6ca2",
                  "isHook": false,
                  "skipped": false
                }
              ],
              "suites": [],
              "passes": [
                "7a1b4e9b-8139-481a-abe0-f1fbd6c0766e",
                "1a972203-f1a5-40eb-a4b5-2dad9d5bb40c"
              ],
              "failures": [],
              "pending": [],
              "skipped": [],
              "duration": 52,
              "root": false,
              "rootEmpty": false,
              "_timeout": 5000
            }
          ],
          "passes": [
            "cc641c77-d603-4dc7-ac20-aff2b5767281",
            "7743063d-fd08-4a1e-957d-d9dd6cd35d4a",
            "ccae48c1-a875-44b7-bfcf-a5bebfe594e2",
            "3540d162-f1db-49d4-a5f4-5e0d46b79bad"
          ],
          "failures": [],
          "pending": [],
          "skipped": [],
          "duration": 361,
          "root": false,
          "rootEmpty": false,
          "_timeout": 5000
        },
        {
          "uuid": "78f386c5-f37b-435c-b8ef-69876062ce57",
          "title": "derive/outputs",
          "fullFile": "C:\\Users\\Vivek\\Projects\\mfkdf\\test\\derive\\outputs.js",
          "file": "\\test\\derive\\outputs.js",
          "beforeHooks": [],
          "afterHooks": [],
          "tests": [
            {
              "title": "stack",
              "fullTitle": "derive/outputs stack",
              "timedOut": false,
              "duration": 49,
              "state": "passed",
              "speed": "slow",
              "pass": true,
              "fail": false,
              "pending": false,
              "context": null,
              "code": "const setup = await mfkdf.setup.key([\n  await mfkdf.setup.factors.stack([\n    await mfkdf.setup.factors.uuid({\n      id: 'uuid1',\n      uuid: '9b1deb4d-3b7d-4bad-9bdd-2b0d7b3dcb6d'\n    }),\n    await mfkdf.setup.factors.uuid({\n      id: 'uuid2',\n      uuid: '1b9d6bcd-bbfd-4b2d-9b5d-ab8dfbbd4bed'\n    })\n  ]),\n  await mfkdf.setup.factors.uuid({\n    id: 'uuid3',\n    uuid: '6ec0bd7f-11c0-43da-975e-2a8ad9ebae0b'\n  })\n])\ndelete setup.outputs.stack.entropyBits\nconst derive = await mfkdf.derive.key(setup.policy, {\n  stack: mfkdf.derive.factors.stack({\n    uuid1: mfkdf.derive.factors.uuid(\n      '9b1deb4d-3b7d-4bad-9bdd-2b0d7b3dcb6d'\n    ),\n    uuid2: mfkdf.derive.factors.uuid(\n      '1b9d6bcd-bbfd-4b2d-9b5d-ab8dfbbd4bed'\n    )\n  }),\n  uuid3: mfkdf.derive.factors.uuid('6ec0bd7f-11c0-43da-975e-2a8ad9ebae0b')\n})\nsetup.outputs.should.deep.equal(derive.outputs)",
              "err": {},
              "uuid": "67380663-5e48-4650-943a-256d4cdb649d",
              "parentUUID": "78f386c5-f37b-435c-b8ef-69876062ce57",
              "isHook": false,
              "skipped": false
            },
            {
              "title": "hmacsha1",
              "fullTitle": "derive/outputs hmacsha1",
              "timedOut": false,
              "duration": 44,
              "state": "passed",
              "speed": "slow",
              "pass": true,
              "fail": false,
              "pending": false,
              "context": null,
              "code": "const setup = await mfkdf.setup.key([await mfkdf.setup.factors.hmacsha1()])\nconst secret = setup.outputs.hmacsha1.secret\nconst challenge = Buffer.from(\n  setup.policy.factors[0].params.challenge,\n  'hex'\n)\nconst response = crypto\n  .createHmac('sha1', secret)\n  .update(challenge)\n  .digest()\nconst derive = await mfkdf.derive.key(setup.policy, {\n  hmacsha1: mfkdf.derive.factors.hmacsha1(response)\n})\nsetup.outputs.should.not.deep.equal(derive.outputs)",
              "err": {},
              "uuid": "249ff908-27ad-4bb5-9ad9-f8e162bcb2fa",
              "parentUUID": "78f386c5-f37b-435c-b8ef-69876062ce57",
              "isHook": false,
              "skipped": false
            },
            {
              "title": "uuid",
              "fullTitle": "derive/outputs uuid",
              "timedOut": false,
              "duration": 49,
              "state": "passed",
              "speed": "slow",
              "pass": true,
              "fail": false,
              "pending": false,
              "context": null,
              "code": "const setup = await mfkdf.setup.key([\n  await mfkdf.setup.factors.uuid({\n    uuid: '9b1deb4d-3b7d-4bad-9bdd-2b0d7b3dcb6d'\n  })\n])\nconst derive = await mfkdf.derive.key(setup.policy, {\n  uuid: mfkdf.derive.factors.uuid('9b1deb4d-3b7d-4bad-9bdd-2b0d7b3dcb6d')\n})\nsetup.outputs.should.deep.equal(derive.outputs)",
              "err": {},
              "uuid": "1a806ccb-9ce4-45b9-b31b-77d63f3f6bbf",
              "parentUUID": "78f386c5-f37b-435c-b8ef-69876062ce57",
              "isHook": false,
              "skipped": false
            },
            {
              "title": "question",
              "fullTitle": "derive/outputs question",
              "timedOut": false,
              "duration": 45,
              "state": "passed",
              "speed": "slow",
              "pass": true,
              "fail": false,
              "pending": false,
              "context": null,
              "code": "const setup = await mfkdf.setup.key([\n  await mfkdf.setup.factors.question('Fido')\n])\nconst derive = await mfkdf.derive.key(setup.policy, {\n  question: mfkdf.derive.factors.question('Fido')\n})\nsetup.outputs.question.strength.calc_time = null\nderive.outputs.question.strength.calc_time = null\nsetup.outputs.should.deep.equal(derive.outputs)",
              "err": {},
              "uuid": "683803fe-5b69-408c-aaef-0c2c6bc9e244",
              "parentUUID": "78f386c5-f37b-435c-b8ef-69876062ce57",
              "isHook": false,
              "skipped": false
            },
            {
              "title": "ooba",
              "fullTitle": "derive/outputs ooba",
              "timedOut": false,
              "duration": 144,
              "state": "passed",
              "speed": "slow",
              "pass": true,
              "fail": false,
              "pending": false,
              "context": null,
              "code": "const keyPair = await crypto.webcrypto.subtle.generateKey(\n  {\n    hash: 'SHA-256',\n    modulusLength: 2048,\n    name: 'RSA-OAEP',\n    publicExponent: new Uint8Array([1, 0, 1])\n  },\n  true,\n  ['encrypt', 'decrypt']\n)\nconst setup = await mfkdf.setup.key([\n  await mfkdf.setup.factors.ooba({\n    key: keyPair.publicKey,\n    params: { email: 'test@mfkdf.com' }\n  })\n])\nconst next = setup.policy.factors[0].params.next\nconst decrypted = await crypto.webcrypto.subtle.decrypt(\n  { name: 'RSA-OAEP' },\n  keyPair.privateKey,\n  Buffer.from(next, 'hex')\n)\nconst code = JSON.parse(Buffer.from(decrypted).toString()).code\nconst derive = await mfkdf.derive.key(setup.policy, {\n  ooba: mfkdf.derive.factors.ooba(code)\n})\nsetup.outputs.should.deep.equal(derive.outputs)",
              "err": {},
              "uuid": "4b4e22ca-b597-4011-ac02-5f68b516c2d9",
              "parentUUID": "78f386c5-f37b-435c-b8ef-69876062ce57",
              "isHook": false,
              "skipped": false
            },
            {
              "title": "password",
              "fullTitle": "derive/outputs password",
              "timedOut": false,
              "duration": 45,
              "state": "passed",
              "speed": "slow",
              "pass": true,
              "fail": false,
              "pending": false,
              "context": null,
              "code": "const setup = await mfkdf.setup.key([\n  await mfkdf.setup.factors.password('password')\n])\nconst derive = await mfkdf.derive.key(setup.policy, {\n  password: mfkdf.derive.factors.password('password')\n})\nsetup.outputs.password.strength.calc_time = null\nderive.outputs.password.strength.calc_time = null\nsetup.outputs.should.deep.equal(derive.outputs)",
              "err": {},
              "uuid": "4f3e3b20-e308-4fbb-84c9-2cd2874e6fb9",
              "parentUUID": "78f386c5-f37b-435c-b8ef-69876062ce57",
              "isHook": false,
              "skipped": false
            },
            {
              "title": "multiple",
              "fullTitle": "derive/outputs multiple",
              "timedOut": false,
              "duration": 46,
              "state": "passed",
              "speed": "slow",
              "pass": true,
              "fail": false,
              "pending": false,
              "context": null,
              "code": "const setup = await mfkdf.setup.key(\n  [\n    await mfkdf.setup.factors.uuid({\n      id: 'uuid1',\n      uuid: '9b1deb4d-3b7d-4bad-9bdd-2b0d7b3dcb6d'\n    }),\n    await mfkdf.setup.factors.uuid({\n      id: 'uuid2',\n      uuid: '1b9d6bcd-bbfd-4b2d-9b5d-ab8dfbbd4bed'\n    }),\n    await mfkdf.setup.factors.uuid({\n      id: 'uuid3',\n      uuid: '6ec0bd7f-11c0-43da-975e-2a8ad9ebae0b'\n    })\n  ],\n  { threshold: 2 }\n)\nsetup.outputs.should.deep.equal({\n  uuid1: { uuid: '9b1deb4d-3b7d-4bad-9bdd-2b0d7b3dcb6d' },\n  uuid2: { uuid: '1b9d6bcd-bbfd-4b2d-9b5d-ab8dfbbd4bed' },\n  uuid3: { uuid: '6ec0bd7f-11c0-43da-975e-2a8ad9ebae0b' }\n})\nconst derive = await mfkdf.derive.key(setup.policy, {\n  uuid1: mfkdf.derive.factors.uuid('9b1deb4d-3b7d-4bad-9bdd-2b0d7b3dcb6d'),\n  uuid3: mfkdf.derive.factors.uuid('6ec0bd7f-11c0-43da-975e-2a8ad9ebae0b')\n})\nderive.outputs.should.deep.equal({\n  uuid1: { uuid: '9b1deb4d-3b7d-4bad-9bdd-2b0d7b3dcb6d' },\n  uuid3: { uuid: '6ec0bd7f-11c0-43da-975e-2a8ad9ebae0b' }\n})",
              "err": {},
              "uuid": "f6eb7da6-5c40-4c2a-9481-719a286dc19e",
              "parentUUID": "78f386c5-f37b-435c-b8ef-69876062ce57",
              "isHook": false,
              "skipped": false
            }
          ],
          "suites": [],
          "passes": [
            "67380663-5e48-4650-943a-256d4cdb649d",
            "249ff908-27ad-4bb5-9ad9-f8e162bcb2fa",
            "1a806ccb-9ce4-45b9-b31b-77d63f3f6bbf",
            "683803fe-5b69-408c-aaef-0c2c6bc9e244",
            "4b4e22ca-b597-4011-ac02-5f68b516c2d9",
            "4f3e3b20-e308-4fbb-84c9-2cd2874e6fb9",
            "f6eb7da6-5c40-4c2a-9481-719a286dc19e"
          ],
          "failures": [],
          "pending": [],
          "skipped": [],
          "duration": 422,
          "root": false,
          "rootEmpty": false,
          "_timeout": 5000
        },
        {
          "uuid": "ba0dcfcc-b841-4c97-be7b-0f53342f411c",
          "title": "examples",
          "fullFile": "C:\\Users\\Vivek\\Projects\\mfkdf\\test\\examples\\examples.js",
          "file": "\\test\\examples\\examples.js",
          "beforeHooks": [],
          "afterHooks": [],
          "tests": [
            {
              "title": "setup/derive fast",
              "fullTitle": "examples setup/derive fast",
              "timedOut": false,
              "duration": 48,
              "state": "passed",
              "speed": "slow",
              "pass": true,
              "fail": false,
              "pending": false,
              "context": null,
              "code": "// setup 16 byte 2-of-3-factor multi-factor derived key with a password, HOTP code, and UUID recovery code\nconst setup = await mfkdf.setup.key(\n  [\n    await mfkdf.setup.factors.password('password'),\n    await mfkdf.setup.factors.hotp({\n      secret: Buffer.from('abcdefghijklmnopqrst')\n    }),\n    await mfkdf.setup.factors.uuid({\n      id: 'recovery',\n      uuid: '9b1deb4d-3b7d-4bad-9bdd-2b0d7b3dcb6d'\n    })\n  ],\n  { threshold: 2 }\n)\n// derive key using 2 of the 3 factors\nconst derive = await mfkdf.derive.key(setup.policy, {\n  password: mfkdf.derive.factors.password('password'),\n  hotp: mfkdf.derive.factors.hotp(241063)\n})\nsetup.key.toString('hex') // -> 34d2…5771\nderive.key.toString('hex') // -> 34d2…5771\nsetup.key.toString('hex').should.equal(derive.key.toString('hex'))",
              "err": {},
              "uuid": "0c56a427-028e-4dce-b759-c27086a2249e",
              "parentUUID": "ba0dcfcc-b841-4c97-be7b-0f53342f411c",
              "isHook": false,
              "skipped": false
            },
            {
              "title": "setup/derive",
              "fullTitle": "examples setup/derive",
              "timedOut": false,
              "duration": 46,
              "state": "passed",
              "speed": "slow",
              "pass": true,
              "fail": false,
              "pending": false,
              "context": null,
              "code": "// setup 16 byte 2-of-3-factor multi-factor derived key with a password, HOTP code, and UUID recovery code\nconst setup = await mfkdf.setup.key(\n  [\n    await mfkdf.setup.factors.password('password'),\n    await mfkdf.setup.factors.hotp({\n      secret: Buffer.from('abcdefghijklmnopqrst')\n    }),\n    await mfkdf.setup.factors.uuid({\n      id: 'recovery',\n      uuid: '9b1deb4d-3b7d-4bad-9bdd-2b0d7b3dcb6d'\n    })\n  ],\n  { threshold: 2 }\n)\n// derive key using 2 of the 3 factors\nconst derive = await mfkdf.derive.key(setup.policy, {\n  password: mfkdf.derive.factors.password('password'),\n  hotp: mfkdf.derive.factors.hotp(241063)\n})\nsetup.key.toString('hex') // -> 34d2…5771\nderive.key.toString('hex') // -> 34d2…5771\nsetup.key.toString('hex').should.equal(derive.key.toString('hex'))",
              "err": {},
              "uuid": "37893489-3c8b-4758-9f90-e339b8ea441f",
              "parentUUID": "ba0dcfcc-b841-4c97-be7b-0f53342f411c",
              "isHook": false,
              "skipped": false
            }
          ],
          "suites": [
            {
              "uuid": "eeefa87c-71ba-4aa3-a9f0-c64f598ce2cc",
              "title": "factors",
              "fullFile": "C:\\Users\\Vivek\\Projects\\mfkdf\\test\\examples\\examples.js",
              "file": "\\test\\examples\\examples.js",
              "beforeHooks": [],
              "afterHooks": [],
              "tests": [
                {
                  "title": "stack",
                  "fullTitle": "examples factors stack",
                  "timedOut": false,
                  "duration": 49,
                  "state": "passed",
                  "speed": "slow",
                  "pass": true,
                  "fail": false,
                  "pending": false,
                  "context": null,
                  "code": "// setup key with stack factor\nconst setup = await mfkdf.setup.key([\n  await mfkdf.setup.factors.stack([\n    await mfkdf.setup.factors.password('password1', {\n      id: 'password1'\n    }),\n    await mfkdf.setup.factors.password('password2', {\n      id: 'password2'\n    })\n  ]),\n  await mfkdf.setup.factors.password('password3', { id: 'password3' })\n])\n// derive key with stack factor\nconst derive = await mfkdf.derive.key(setup.policy, {\n  stack: mfkdf.derive.factors.stack({\n    password1: mfkdf.derive.factors.password('password1'),\n    password2: mfkdf.derive.factors.password('password2')\n  }),\n  password3: mfkdf.derive.factors.password('password3')\n})\nsetup.key.toString('hex') // -> 01d0…2516\nderive.key.toString('hex') // -> 01d0…2516\nsetup.key.toString('hex').should.equal(derive.key.toString('hex'))",
                  "err": {},
                  "uuid": "44a2333d-bcae-46e7-ac24-1b382d3b756a",
                  "parentUUID": "eeefa87c-71ba-4aa3-a9f0-c64f598ce2cc",
                  "isHook": false,
                  "skipped": false
                },
                {
                  "title": "hmacsha1",
                  "fullTitle": "examples factors hmacsha1",
                  "timedOut": false,
                  "duration": 48,
                  "state": "passed",
                  "speed": "slow",
                  "pass": true,
                  "fail": false,
                  "pending": false,
                  "context": null,
                  "code": "// setup key with hmacsha1 factor\nconst setup = await mfkdf.setup.key([\n  await mfkdf.setup.factors.hmacsha1()\n])\n// calculate response; could be done using hardware device\nconst secret = setup.outputs.hmacsha1.secret\nconst challenge = Buffer.from(\n  setup.policy.factors[0].params.challenge,\n  'hex'\n)\nconst response = crypto\n  .createHmac('sha1', secret)\n  .update(challenge)\n  .digest()\n// derive key with hmacsha1 factor\nconst derive = await mfkdf.derive.key(setup.policy, {\n  hmacsha1: mfkdf.derive.factors.hmacsha1(response)\n})\nsetup.key.toString('hex') // -> 01d0…2516\nderive.key.toString('hex') // -> 01d0…2516\nsetup.key.toString('hex').should.equal(derive.key.toString('hex'))",
                  "err": {},
                  "uuid": "74a577ea-edbd-463e-af59-9d40eec5999f",
                  "parentUUID": "eeefa87c-71ba-4aa3-a9f0-c64f598ce2cc",
                  "isHook": false,
                  "skipped": false
                },
                {
                  "title": "totp",
                  "fullTitle": "examples factors totp",
                  "timedOut": false,
                  "duration": 491,
                  "state": "passed",
                  "speed": "slow",
                  "pass": true,
                  "fail": false,
                  "pending": false,
                  "context": null,
                  "code": "// setup key with totp factor\nconst setup = await mfkdf.setup.key([\n  await mfkdf.setup.factors.totp({\n    secret: Buffer.from('abcdefghijklmnopqrst'),\n    time: 1\n  })\n])\n// derive key with totp factor\nconst derive = await mfkdf.derive.key(setup.policy, {\n  totp: mfkdf.derive.factors.totp(953265, { time: 1 })\n})\nsetup.key.toString('hex') // -> 01d0…2516\nderive.key.toString('hex') // -> 01d0…2516\nsetup.key.toString('hex').should.equal(derive.key.toString('hex'))",
                  "err": {},
                  "uuid": "1ededaf2-d38d-4318-82b6-69c92d8cc034",
                  "parentUUID": "eeefa87c-71ba-4aa3-a9f0-c64f598ce2cc",
                  "isHook": false,
                  "skipped": false
                },
                {
                  "title": "hotp",
                  "fullTitle": "examples factors hotp",
                  "timedOut": false,
                  "duration": 48,
                  "state": "passed",
                  "speed": "slow",
                  "pass": true,
                  "fail": false,
                  "pending": false,
                  "context": null,
                  "code": "// setup key with hotp factor\nconst setup = await mfkdf.setup.key([\n  await mfkdf.setup.factors.hotp({\n    secret: Buffer.from('abcdefghijklmnopqrst')\n  })\n])\n// derive key with hotp factor\nconst derive = await mfkdf.derive.key(setup.policy, {\n  hotp: mfkdf.derive.factors.hotp(241063)\n})\nsetup.key.toString('hex') // -> 01d0…2516\nderive.key.toString('hex') // -> 01d0…2516\nsetup.key.toString('hex').should.equal(derive.key.toString('hex'))",
                  "err": {},
                  "uuid": "55b89e19-917c-4d33-833b-c91cce1f476b",
                  "parentUUID": "eeefa87c-71ba-4aa3-a9f0-c64f598ce2cc",
                  "isHook": false,
                  "skipped": false
                },
                {
                  "title": "uuid",
                  "fullTitle": "examples factors uuid",
                  "timedOut": false,
                  "duration": 48,
                  "state": "passed",
                  "speed": "slow",
                  "pass": true,
                  "fail": false,
                  "pending": false,
                  "context": null,
                  "code": "// setup key with uuid factor\nconst setup = await mfkdf.setup.key([\n  await mfkdf.setup.factors.uuid({\n    uuid: '9b1deb4d-3b7d-4bad-9bdd-2b0d7b3dcb6d'\n  })\n])\n// derive key with uuid factor\nconst derive = await mfkdf.derive.key(setup.policy, {\n  uuid: mfkdf.derive.factors.uuid('9b1deb4d-3b7d-4bad-9bdd-2b0d7b3dcb6d')\n})\nsetup.key.toString('hex') // -> 01d0…2516\nderive.key.toString('hex') // -> 01d0…2516\nsetup.key.toString('hex').should.equal(derive.key.toString('hex'))",
                  "err": {},
                  "uuid": "d6d05103-4da4-48ce-8c85-6a4f6f7682db",
                  "parentUUID": "eeefa87c-71ba-4aa3-a9f0-c64f598ce2cc",
                  "isHook": false,
                  "skipped": false
                },
                {
                  "title": "question",
                  "fullTitle": "examples factors question",
                  "timedOut": false,
                  "duration": 46,
                  "state": "passed",
                  "speed": "slow",
                  "pass": true,
                  "fail": false,
                  "pending": false,
                  "context": null,
                  "code": "// setup key with security question factor\nconst setup = await mfkdf.setup.key([\n  await mfkdf.setup.factors.question('Fido')\n])\n// derive key with security question factor\nconst derive = await mfkdf.derive.key(setup.policy, {\n  question: mfkdf.derive.factors.question('Fido')\n})\nsetup.key.toString('hex').should.equal(derive.key.toString('hex'))",
                  "err": {},
                  "uuid": "a93b4d20-a6ab-485f-9956-6cd7428de77a",
                  "parentUUID": "eeefa87c-71ba-4aa3-a9f0-c64f598ce2cc",
                  "isHook": false,
                  "skipped": false
                },
                {
                  "title": "ooba",
                  "fullTitle": "examples factors ooba",
                  "timedOut": false,
                  "duration": 199,
                  "state": "passed",
                  "speed": "slow",
                  "pass": true,
                  "fail": false,
                  "pending": false,
                  "context": null,
                  "code": "// setup RSA key pair (on out-of-band server)\nconst keyPair = await crypto.webcrypto.subtle.generateKey(\n  {\n    hash: 'SHA-256',\n    modulusLength: 2048,\n    name: 'RSA-OAEP',\n    publicExponent: new Uint8Array([1, 0, 1])\n  },\n  true,\n  ['encrypt', 'decrypt']\n)\n// setup key with out-of-band authentication factor\nconst setup = await mfkdf.setup.key([\n  await mfkdf.setup.factors.ooba({\n    key: keyPair.publicKey,\n    params: { email: 'test@mfkdf.com' }\n  })\n])\n// decrypt and send code (on out-of-band server)\nconst next = setup.policy.factors[0].params.next\nconst decrypted = await crypto.webcrypto.subtle.decrypt(\n  { name: 'RSA-OAEP' },\n  keyPair.privateKey,\n  Buffer.from(next, 'hex')\n)\nconst code = JSON.parse(Buffer.from(decrypted).toString()).code\n// derive key with out-of-band factor\nconst derive = await mfkdf.derive.key(setup.policy, {\n  ooba: mfkdf.derive.factors.ooba(code)\n})\nsetup.key.toString('hex') // -> 01d0…2516\nderive.key.toString('hex') // -> 01d0…2516\nsetup.key.toString('hex').should.equal(derive.key.toString('hex'))",
                  "err": {},
                  "uuid": "cd122932-cfb0-4efd-9303-19dfced9aca9",
                  "parentUUID": "eeefa87c-71ba-4aa3-a9f0-c64f598ce2cc",
                  "isHook": false,
                  "skipped": false
                },
                {
                  "title": "password",
                  "fullTitle": "examples factors password",
                  "timedOut": false,
                  "duration": 50,
                  "state": "passed",
                  "speed": "slow",
                  "pass": true,
                  "fail": false,
                  "pending": false,
                  "context": null,
                  "code": "// setup key with password factor\nconst setup = await mfkdf.setup.key([\n  await mfkdf.setup.factors.password('password')\n])\n// derive key with password factor\nconst derive = await mfkdf.derive.key(setup.policy, {\n  password: mfkdf.derive.factors.password('password')\n})\nsetup.key.toString('hex') // -> 01d0…2516\nderive.key.toString('hex') // -> 01d0…2516\nsetup.key.toString('hex').should.equal(derive.key.toString('hex'))",
                  "err": {},
                  "uuid": "2fa4e1a3-b2df-4bec-939c-ecc3dad78258",
                  "parentUUID": "eeefa87c-71ba-4aa3-a9f0-c64f598ce2cc",
                  "isHook": false,
                  "skipped": false
                }
              ],
              "suites": [],
              "passes": [
                "44a2333d-bcae-46e7-ac24-1b382d3b756a",
                "74a577ea-edbd-463e-af59-9d40eec5999f",
                "1ededaf2-d38d-4318-82b6-69c92d8cc034",
                "55b89e19-917c-4d33-833b-c91cce1f476b",
                "d6d05103-4da4-48ce-8c85-6a4f6f7682db",
                "a93b4d20-a6ab-485f-9956-6cd7428de77a",
                "cd122932-cfb0-4efd-9303-19dfced9aca9",
                "2fa4e1a3-b2df-4bec-939c-ecc3dad78258"
              ],
              "failures": [],
              "pending": [],
              "skipped": [],
              "duration": 979,
              "root": false,
              "rootEmpty": false,
              "_timeout": 5000
            },
            {
              "uuid": "c91972d7-8307-430f-905a-f403644a79d4",
              "title": "secrets",
              "fullFile": "C:\\Users\\Vivek\\Projects\\mfkdf\\test\\examples\\examples.js",
              "file": "\\test\\examples\\examples.js",
              "beforeHooks": [],
              "afterHooks": [],
              "tests": [
                {
                  "title": "full",
                  "fullTitle": "examples secrets full",
                  "timedOut": false,
                  "duration": 0,
                  "state": "passed",
                  "speed": "fast",
                  "pass": true,
                  "fail": false,
                  "pending": false,
                  "context": null,
                  "code": "// share secret using 2-of-3 shares\nconst shares = mfkdf.secrets.share(\n  Buffer.from('abcdefghijklmnopqrst'),\n  2,\n  3\n) // -> [Buffer, Buffer, Buffer]\n// recover secret using 2 shares\nconst secret = mfkdf.secrets.combine([shares[0], null, shares[2]], 2, 3)\nsecret.toString() // -> hello world\n// recover original 3 shares\nconst recover = mfkdf.secrets.recover([shares[0], null, shares[2]], 2, 3) // -> [Buffer, Buffer, Buffer]\nrecover.should.be.a('array')",
                  "err": {},
                  "uuid": "a2f39287-e770-4118-bd5a-a4def0b0fef5",
                  "parentUUID": "c91972d7-8307-430f-905a-f403644a79d4",
                  "isHook": false,
                  "skipped": false
                }
              ],
              "suites": [],
              "passes": [
                "a2f39287-e770-4118-bd5a-a4def0b0fef5"
              ],
              "failures": [],
              "pending": [],
              "skipped": [],
              "duration": 0,
              "root": false,
              "rootEmpty": false,
              "_timeout": 5000
            },
            {
              "uuid": "54a835fc-055e-48bb-9197-d729b929bad6",
              "title": "policy",
              "fullFile": "C:\\Users\\Vivek\\Projects\\mfkdf\\test\\examples\\examples.js",
              "file": "\\test\\examples\\examples.js",
              "beforeHooks": [],
              "afterHooks": [],
              "tests": [
                {
                  "title": "validate",
                  "fullTitle": "examples policy validate",
                  "timedOut": false,
                  "duration": 22,
                  "state": "passed",
                  "speed": "slow",
                  "pass": true,
                  "fail": false,
                  "pending": false,
                  "context": null,
                  "code": "// setup key that can be derived from passwordA AND (passwordB OR passwordC)\nconst setup = await mfkdf.policy.setup(\n  await mfkdf.policy.and(\n    await mfkdf.setup.factors.password('passwordA', { id: 'passwordA' }),\n    await mfkdf.policy.or(\n      await mfkdf.setup.factors.password('passwordB', {\n        id: 'passwordB'\n      }),\n      await mfkdf.setup.factors.password('passwordC', { id: 'passwordC' })\n    )\n  )\n)\n// validate policy\nconst valid = mfkdf.policy.validate(setup.policy) // -> true\nvalid.should.be.true",
                  "err": {},
                  "uuid": "ef4a8ebf-aa61-411e-8e74-6383caefaffb",
                  "parentUUID": "54a835fc-055e-48bb-9197-d729b929bad6",
                  "isHook": false,
                  "skipped": false
                },
                {
                  "title": "ids",
                  "fullTitle": "examples policy ids",
                  "timedOut": false,
                  "duration": 22,
                  "state": "passed",
                  "speed": "slow",
                  "pass": true,
                  "fail": false,
                  "pending": false,
                  "context": null,
                  "code": "// setup key that can be derived from passwordA AND (passwordB OR passwordC)\nconst setup = await mfkdf.policy.setup(\n  await mfkdf.policy.and(\n    await mfkdf.setup.factors.password('passwordA', { id: 'passwordA' }),\n    await mfkdf.policy.or(\n      await mfkdf.setup.factors.password('passwordB', {\n        id: 'passwordB'\n      }),\n      await mfkdf.setup.factors.password('passwordC', { id: 'passwordC' })\n    )\n  )\n)\n// get list of ids\nconst ids = mfkdf.policy.ids(setup.policy) // -> ['passwordA', 'passwordB', 'passwordC', ...]\nids.includes('passwordA').should.be.true\nids.includes('passwordB').should.be.true\nids.includes('passwordC').should.be.true",
                  "err": {},
                  "uuid": "d1d56bf7-56ce-41cf-9cb1-475800521d26",
                  "parentUUID": "54a835fc-055e-48bb-9197-d729b929bad6",
                  "isHook": false,
                  "skipped": false
                },
                {
                  "title": "evaluate",
                  "fullTitle": "examples policy evaluate",
                  "timedOut": false,
                  "duration": 21,
                  "state": "passed",
                  "speed": "slow",
                  "pass": true,
                  "fail": false,
                  "pending": false,
                  "context": null,
                  "code": "// setup key that can be derived from passwordA AND (passwordB OR passwordC)\nconst setup = await mfkdf.policy.setup(\n  await mfkdf.policy.and(\n    await mfkdf.setup.factors.password('passwordA', { id: 'passwordA' }),\n    await mfkdf.policy.or(\n      await mfkdf.setup.factors.password('passwordB', {\n        id: 'passwordB'\n      }),\n      await mfkdf.setup.factors.password('passwordC', { id: 'passwordC' })\n    )\n  )\n)\n// check if key can be derived with passwordA and passwordC\nconst valid1 = await mfkdf.policy.evaluate(setup.policy, [\n  'passwordA',\n  'passwordC'\n]) // -> true\n// check if key can be derived with passwordB and passwordC\nconst valid2 = await mfkdf.policy.evaluate(setup.policy, [\n  'passwordB',\n  'passwordC'\n]) // -> false\nvalid1.should.be.true\nvalid2.should.be.false",
                  "err": {},
                  "uuid": "6b76ff6b-cccd-4754-88d6-d4f68e6a34e4",
                  "parentUUID": "54a835fc-055e-48bb-9197-d729b929bad6",
                  "isHook": false,
                  "skipped": false
                },
                {
                  "title": "setup/derive",
                  "fullTitle": "examples policy setup/derive",
                  "timedOut": false,
                  "duration": 61,
                  "state": "passed",
                  "speed": "slow",
                  "pass": true,
                  "fail": false,
                  "pending": false,
                  "context": null,
                  "code": "// setup key that can be derived from passwordA AND (passwordB OR passwordC)\nconst setup = await mfkdf.policy.setup(\n  await mfkdf.policy.and(\n    await mfkdf.setup.factors.password('passwordA', { id: 'passwordA' }),\n    await mfkdf.policy.or(\n      await mfkdf.setup.factors.password('passwordB', {\n        id: 'passwordB'\n      }),\n      await mfkdf.setup.factors.password('passwordC', { id: 'passwordC' })\n    )\n  )\n)\n// derive key with passwordA and passwordC (or passwordA and passwordB)\nconst derive = await mfkdf.policy.derive(setup.policy, {\n  passwordA: mfkdf.derive.factors.password('passwordA'),\n  passwordC: mfkdf.derive.factors.password('passwordC')\n})\nsetup.key.toString('hex') // -> e16a…5263\nderive.key.toString('hex') // -> e16a…5263\nsetup.key.toString('hex').should.equal(derive.key.toString('hex'))",
                  "err": {},
                  "uuid": "a6ed12c8-0b58-4766-b154-46faf389ab99",
                  "parentUUID": "54a835fc-055e-48bb-9197-d729b929bad6",
                  "isHook": false,
                  "skipped": false
                },
                {
                  "title": "all",
                  "fullTitle": "examples policy all",
                  "timedOut": false,
                  "duration": 51,
                  "state": "passed",
                  "speed": "slow",
                  "pass": true,
                  "fail": false,
                  "pending": false,
                  "context": null,
                  "code": "// setup key that can be derived from passwordA AND passwordB AND passwordC\nconst setup = await mfkdf.policy.setup(\n  await mfkdf.policy.all([\n    await mfkdf.setup.factors.password('passwordA', { id: 'passwordA' }),\n    await mfkdf.setup.factors.password('passwordB', { id: 'passwordB' }),\n    await mfkdf.setup.factors.password('passwordC', { id: 'passwordC' })\n  ])\n)\n// derive key with passwordA and passwordB and passwordC\nconst derive = await mfkdf.policy.derive(setup.policy, {\n  passwordA: mfkdf.derive.factors.password('passwordA'),\n  passwordB: mfkdf.derive.factors.password('passwordB'),\n  passwordC: mfkdf.derive.factors.password('passwordC')\n})\nsetup.key.toString('hex') // -> e16a…5263\nderive.key.toString('hex') // -> e16a…5263\nsetup.key.toString('hex').should.equal(derive.key.toString('hex'))",
                  "err": {},
                  "uuid": "b6dac922-3389-49bf-9e4e-7617b4f33aab",
                  "parentUUID": "54a835fc-055e-48bb-9197-d729b929bad6",
                  "isHook": false,
                  "skipped": false
                },
                {
                  "title": "any",
                  "fullTitle": "examples policy any",
                  "timedOut": false,
                  "duration": 51,
                  "state": "passed",
                  "speed": "slow",
                  "pass": true,
                  "fail": false,
                  "pending": false,
                  "context": null,
                  "code": "// setup key that can be derived from passwordA OR passwordB OR passwordC\nconst setup = await mfkdf.policy.setup(\n  await mfkdf.policy.any([\n    await mfkdf.setup.factors.password('passwordA', { id: 'passwordA' }),\n    await mfkdf.setup.factors.password('passwordB', { id: 'passwordB' }),\n    await mfkdf.setup.factors.password('passwordC', { id: 'passwordC' })\n  ])\n)\n// derive key with passwordA (or passwordB or passwordC)\nconst derive = await mfkdf.policy.derive(setup.policy, {\n  passwordB: mfkdf.derive.factors.password('passwordB')\n})\nsetup.key.toString('hex') // -> e16a…5263\nderive.key.toString('hex') // -> e16a…5263\nsetup.key.toString('hex').should.equal(derive.key.toString('hex'))",
                  "err": {},
                  "uuid": "0dfbdaa0-8f99-4d1b-8933-55d00ef109c7",
                  "parentUUID": "54a835fc-055e-48bb-9197-d729b929bad6",
                  "isHook": false,
                  "skipped": false
                },
                {
                  "title": "atLeast2",
                  "fullTitle": "examples policy atLeast2",
                  "timedOut": false,
                  "duration": 50,
                  "state": "passed",
                  "speed": "slow",
                  "pass": true,
                  "fail": false,
                  "pending": false,
                  "context": null,
                  "code": "// setup key that can be derived from at least 2 of (passwordA, passwordB, passwordC)\nconst setup = await mfkdf.policy.setup(\n  await mfkdf.policy.any([\n    await mfkdf.setup.factors.password('passwordA', { id: 'passwordA' }),\n    await mfkdf.setup.factors.password('passwordB', { id: 'passwordB' }),\n    await mfkdf.setup.factors.password('passwordC', { id: 'passwordC' })\n  ])\n)\n// derive key with passwordA and passwordB (or passwordA and passwordC, or passwordB and passwordC)\nconst derive = await mfkdf.policy.derive(setup.policy, {\n  passwordA: mfkdf.derive.factors.password('passwordA'),\n  passwordB: mfkdf.derive.factors.password('passwordB')\n})\nsetup.key.toString('hex') // -> e16a…5263\nderive.key.toString('hex') // -> e16a…5263\nsetup.key.toString('hex').should.equal(derive.key.toString('hex'))",
                  "err": {},
                  "uuid": "5300f5b2-caf3-4d4b-8543-df79abc31406",
                  "parentUUID": "54a835fc-055e-48bb-9197-d729b929bad6",
                  "isHook": false,
                  "skipped": false
                }
              ],
              "suites": [],
              "passes": [
                "ef4a8ebf-aa61-411e-8e74-6383caefaffb",
                "d1d56bf7-56ce-41cf-9cb1-475800521d26",
                "6b76ff6b-cccd-4754-88d6-d4f68e6a34e4",
                "a6ed12c8-0b58-4766-b154-46faf389ab99",
                "b6dac922-3389-49bf-9e4e-7617b4f33aab",
                "0dfbdaa0-8f99-4d1b-8933-55d00ef109c7",
                "5300f5b2-caf3-4d4b-8543-df79abc31406"
              ],
              "failures": [],
              "pending": [],
              "skipped": [],
              "duration": 278,
              "root": false,
              "rootEmpty": false,
              "_timeout": 5000
            },
            {
              "uuid": "2acfe6c9-efab-4534-81f5-d012b2742408",
              "title": "reconstitution",
              "fullFile": "C:\\Users\\Vivek\\Projects\\mfkdf\\test\\examples\\examples.js",
              "file": "\\test\\examples\\examples.js",
              "beforeHooks": [],
              "afterHooks": [],
              "tests": [
                {
                  "title": "setThreshold",
                  "fullTitle": "examples reconstitution setThreshold",
                  "timedOut": false,
                  "duration": 47,
                  "state": "passed",
                  "speed": "slow",
                  "pass": true,
                  "fail": false,
                  "pending": false,
                  "context": null,
                  "code": "// setup 3-factor multi-factor derived key\nconst setup = await mfkdf.setup.key([\n  await mfkdf.setup.factors.password('password1', { id: 'password1' }),\n  await mfkdf.setup.factors.password('password2', { id: 'password2' }),\n  await mfkdf.setup.factors.password('password3', { id: 'password3' })\n])\n// change threshold to 2/3\nawait setup.setThreshold(2)\n// derive key with 2 factors\nconst derived = await mfkdf.derive.key(setup.policy, {\n  password1: mfkdf.derive.factors.password('password1'),\n  password3: mfkdf.derive.factors.password('password3')\n})\nsetup.key.toString('hex') // -> 6458…dc3c\nderived.key.toString('hex') // -> 6458…dc3c\nsetup.key.toString('hex').should.equal(derived.key.toString('hex'))",
                  "err": {},
                  "uuid": "32306b49-f9c6-429d-ae43-7a2fe8e1a770",
                  "parentUUID": "2acfe6c9-efab-4534-81f5-d012b2742408",
                  "isHook": false,
                  "skipped": false
                },
                {
                  "title": "removeFactor",
                  "fullTitle": "examples reconstitution removeFactor",
                  "timedOut": false,
                  "duration": 48,
                  "state": "passed",
                  "speed": "slow",
                  "pass": true,
                  "fail": false,
                  "pending": false,
                  "context": null,
                  "code": "// setup 2-of-3-factor multi-factor derived key\nconst setup = await mfkdf.setup.key(\n  [\n    await mfkdf.setup.factors.password('password1', { id: 'password1' }),\n    await mfkdf.setup.factors.password('password2', { id: 'password2' }),\n    await mfkdf.setup.factors.password('password3', { id: 'password3' })\n  ],\n  { threshold: 2 }\n)\n// remove one of the factors\nawait setup.removeFactor('password2')\n// derive key with remaining 2 factors\nconst derived = await mfkdf.derive.key(setup.policy, {\n  password1: mfkdf.derive.factors.password('password1'),\n  password3: mfkdf.derive.factors.password('password3')\n})\nsetup.key.toString('hex') // -> 6458…dc3c\nderived.key.toString('hex') // -> 6458…dc3c\nsetup.key.toString('hex').should.equal(derived.key.toString('hex'))",
                  "err": {},
                  "uuid": "399f4ec1-63ff-4373-ab3f-040bdeb60528",
                  "parentUUID": "2acfe6c9-efab-4534-81f5-d012b2742408",
                  "isHook": false,
                  "skipped": false
                },
                {
                  "title": "removeFactors",
                  "fullTitle": "examples reconstitution removeFactors",
                  "timedOut": false,
                  "duration": 48,
                  "state": "passed",
                  "speed": "slow",
                  "pass": true,
                  "fail": false,
                  "pending": false,
                  "context": null,
                  "code": "// setup 1-of-3-factor multi-factor derived key\nconst setup = await mfkdf.setup.key(\n  [\n    await mfkdf.setup.factors.password('password1', { id: 'password1' }),\n    await mfkdf.setup.factors.password('password2', { id: 'password2' }),\n    await mfkdf.setup.factors.password('password3', { id: 'password3' })\n  ],\n  { threshold: 1 }\n)\n// remove two factors\nawait setup.removeFactors(['password1', 'password2'])\n// derive key with remaining factor\nconst derived = await mfkdf.derive.key(setup.policy, {\n  password3: mfkdf.derive.factors.password('password3')\n})\nsetup.key.toString('hex') // -> 6458…dc3c\nderived.key.toString('hex') // -> 6458…dc3c\nsetup.key.toString('hex').should.equal(derived.key.toString('hex'))",
                  "err": {},
                  "uuid": "00edb326-766b-40c9-a0fc-2f127c2c3847",
                  "parentUUID": "2acfe6c9-efab-4534-81f5-d012b2742408",
                  "isHook": false,
                  "skipped": false
                },
                {
                  "title": "addFactor",
                  "fullTitle": "examples reconstitution addFactor",
                  "timedOut": false,
                  "duration": 48,
                  "state": "passed",
                  "speed": "slow",
                  "pass": true,
                  "fail": false,
                  "pending": false,
                  "context": null,
                  "code": "// setup 2-of-3-factor multi-factor derived key\nconst setup = await mfkdf.setup.key(\n  [\n    await mfkdf.setup.factors.password('password1', { id: 'password1' }),\n    await mfkdf.setup.factors.password('password2', { id: 'password2' }),\n    await mfkdf.setup.factors.password('password3', { id: 'password3' })\n  ],\n  { threshold: 2 }\n)\n// add fourth factor\nawait setup.addFactor(\n  await mfkdf.setup.factors.password('password4', { id: 'password4' })\n)\n// derive key with any 2 factors\nconst derived = await mfkdf.derive.key(setup.policy, {\n  password2: mfkdf.derive.factors.password('password2'),\n  password4: mfkdf.derive.factors.password('password4')\n})\nsetup.key.toString('hex') // -> 6458…dc3c\nderived.key.toString('hex') // -> 6458…dc3c\nsetup.key.toString('hex').should.equal(derived.key.toString('hex'))",
                  "err": {},
                  "uuid": "853f5f1d-8dd9-41cc-8047-0566abe14bd4",
                  "parentUUID": "2acfe6c9-efab-4534-81f5-d012b2742408",
                  "isHook": false,
                  "skipped": false
                },
                {
                  "title": "addFactors",
                  "fullTitle": "examples reconstitution addFactors",
                  "timedOut": false,
                  "duration": 50,
                  "state": "passed",
                  "speed": "slow",
                  "pass": true,
                  "fail": false,
                  "pending": false,
                  "context": null,
                  "code": "// setup 2-of-3-factor multi-factor derived key\nconst setup = await mfkdf.setup.key(\n  [\n    await mfkdf.setup.factors.password('password1', { id: 'password1' }),\n    await mfkdf.setup.factors.password('password2', { id: 'password2' }),\n    await mfkdf.setup.factors.password('password3', { id: 'password3' })\n  ],\n  { threshold: 2 }\n)\n// add two more factors\nawait setup.addFactors([\n  await mfkdf.setup.factors.password('password4', { id: 'password4' }),\n  await mfkdf.setup.factors.password('password5', { id: 'password5' })\n])\n// derive key with any 2 factors\nconst derived = await mfkdf.derive.key(setup.policy, {\n  password3: mfkdf.derive.factors.password('password3'),\n  password5: mfkdf.derive.factors.password('password5')\n})\nsetup.key.toString('hex') // -> 6458…dc3c\nderived.key.toString('hex') // -> 6458…dc3c\nsetup.key.toString('hex').should.equal(derived.key.toString('hex'))",
                  "err": {},
                  "uuid": "36a14722-b547-4f65-b061-3c182f228ffb",
                  "parentUUID": "2acfe6c9-efab-4534-81f5-d012b2742408",
                  "isHook": false,
                  "skipped": false
                },
                {
                  "title": "recoverFactor",
                  "fullTitle": "examples reconstitution recoverFactor",
                  "timedOut": false,
                  "duration": 47,
                  "state": "passed",
                  "speed": "slow",
                  "pass": true,
                  "fail": false,
                  "pending": false,
                  "context": null,
                  "code": "// setup 3-factor multi-factor derived key\nconst setup = await mfkdf.setup.key([\n  await mfkdf.setup.factors.password('password1', { id: 'password1' }),\n  await mfkdf.setup.factors.password('password2', { id: 'password2' }),\n  await mfkdf.setup.factors.password('password3', { id: 'password3' })\n])\n// change the 2nd factor\nawait setup.recoverFactor(\n  await mfkdf.setup.factors.password('newPassword2', { id: 'password2' })\n)\n// derive key with new factors\nconst derived = await mfkdf.derive.key(setup.policy, {\n  password1: mfkdf.derive.factors.password('password1'),\n  password2: mfkdf.derive.factors.password('newPassword2'),\n  password3: mfkdf.derive.factors.password('password3')\n})\nsetup.key.toString('hex') // -> 6458…dc3c\nderived.key.toString('hex') // -> 6458…dc3c\nsetup.key.toString('hex').should.equal(derived.key.toString('hex'))",
                  "err": {},
                  "uuid": "0da3cf5e-e55d-457e-b0bf-980b7f3a9828",
                  "parentUUID": "2acfe6c9-efab-4534-81f5-d012b2742408",
                  "isHook": false,
                  "skipped": false
                },
                {
                  "title": "recoverFactors",
                  "fullTitle": "examples reconstitution recoverFactors",
                  "timedOut": false,
                  "duration": 49,
                  "state": "passed",
                  "speed": "slow",
                  "pass": true,
                  "fail": false,
                  "pending": false,
                  "context": null,
                  "code": "// setup 3-factor multi-factor derived key\nconst setup = await mfkdf.setup.key([\n  await mfkdf.setup.factors.password('password1', { id: 'password1' }),\n  await mfkdf.setup.factors.password('password2', { id: 'password2' }),\n  await mfkdf.setup.factors.password('password3', { id: 'password3' })\n])\n// change 2 factors\nawait setup.recoverFactors([\n  await mfkdf.setup.factors.password('newPassword2', { id: 'password2' }),\n  await mfkdf.setup.factors.password('newPassword3', { id: 'password3' })\n])\n// derive key with new factors\nconst derived = await mfkdf.derive.key(setup.policy, {\n  password1: mfkdf.derive.factors.password('password1'),\n  password2: mfkdf.derive.factors.password('newPassword2'),\n  password3: mfkdf.derive.factors.password('newPassword3')\n})\nsetup.key.toString('hex') // -> 6458…dc3c\nderived.key.toString('hex') // -> 6458…dc3c\nsetup.key.toString('hex').should.equal(derived.key.toString('hex'))",
                  "err": {},
                  "uuid": "7d588659-847e-4b00-88fe-604588a21725",
                  "parentUUID": "2acfe6c9-efab-4534-81f5-d012b2742408",
                  "isHook": false,
                  "skipped": false
                },
                {
                  "title": "reconstitute",
                  "fullTitle": "examples reconstitution reconstitute",
                  "timedOut": false,
                  "duration": 47,
                  "state": "passed",
                  "speed": "slow",
                  "pass": true,
                  "fail": false,
                  "pending": false,
                  "context": null,
                  "code": "// setup 2-of-3-factor multi-factor derived key\nconst setup = await mfkdf.setup.key(\n  [\n    await mfkdf.setup.factors.password('password1', { id: 'password1' }),\n    await mfkdf.setup.factors.password('password2', { id: 'password2' }),\n    await mfkdf.setup.factors.password('password3', { id: 'password3' })\n  ],\n  { threshold: 2 }\n)\n// remove 1 factor and add 1 new factor\nawait setup.reconstitute(\n  ['password1'], // remove\n  [await mfkdf.setup.factors.password('password4', { id: 'password4' })] // add\n)\n// derive key with new factors\nconst derived = await mfkdf.derive.key(setup.policy, {\n  password3: mfkdf.derive.factors.password('password3'),\n  password4: mfkdf.derive.factors.password('password4')\n})\nsetup.key.toString('hex') // -> 6458…dc3c\nderived.key.toString('hex') // -> 6458…dc3c\nsetup.key.toString('hex').should.equal(derived.key.toString('hex'))",
                  "err": {},
                  "uuid": "e004aeb1-5a5b-48ea-9955-fbda33449955",
                  "parentUUID": "2acfe6c9-efab-4534-81f5-d012b2742408",
                  "isHook": false,
                  "skipped": false
                }
              ],
              "suites": [],
              "passes": [
                "32306b49-f9c6-429d-ae43-7a2fe8e1a770",
                "399f4ec1-63ff-4373-ab3f-040bdeb60528",
                "00edb326-766b-40c9-a0fc-2f127c2c3847",
                "853f5f1d-8dd9-41cc-8047-0566abe14bd4",
                "36a14722-b547-4f65-b061-3c182f228ffb",
                "0da3cf5e-e55d-457e-b0bf-980b7f3a9828",
                "7d588659-847e-4b00-88fe-604588a21725",
                "e004aeb1-5a5b-48ea-9955-fbda33449955"
              ],
              "failures": [],
              "pending": [],
              "skipped": [],
              "duration": 384,
              "root": false,
              "rootEmpty": false,
              "_timeout": 5000
            },
            {
              "uuid": "53ad51c6-dd47-456a-b3c1-06cec837994e",
              "title": "persistence",
              "fullFile": "C:\\Users\\Vivek\\Projects\\mfkdf\\test\\examples\\examples.js",
              "file": "\\test\\examples\\examples.js",
              "beforeHooks": [],
              "afterHooks": [],
              "tests": [
                {
                  "title": "persistence",
                  "fullTitle": "examples persistence persistence",
                  "timedOut": false,
                  "duration": 48,
                  "state": "passed",
                  "speed": "slow",
                  "pass": true,
                  "fail": false,
                  "pending": false,
                  "context": null,
                  "code": "// setup 3-factor multi-factor derived key\nconst setup = await mfkdf.setup.key([\n  await mfkdf.setup.factors.password('password1', { id: 'password1' }),\n  await mfkdf.setup.factors.password('password2', { id: 'password2' }),\n  await mfkdf.setup.factors.password('password3', { id: 'password3' })\n])\n// persist one of the factors\nconst factor2 = setup.persistFactor('password2')\n// derive key with 2 factors\nconst derived = await mfkdf.derive.key(setup.policy, {\n  password1: mfkdf.derive.factors.password('password1'),\n  password2: mfkdf.derive.factors.persisted(factor2),\n  password3: mfkdf.derive.factors.password('password3')\n})\nsetup.key.toString('hex') // -> 6458…dc3c\nderived.key.toString('hex') // -> 6458…dc3c\nsetup.key.toString('hex').should.equal(derived.key.toString('hex'))",
                  "err": {},
                  "uuid": "8ebb10c9-95a7-443f-8af8-6604f644eb9a",
                  "parentUUID": "53ad51c6-dd47-456a-b3c1-06cec837994e",
                  "isHook": false,
                  "skipped": false
                }
              ],
              "suites": [],
              "passes": [
                "8ebb10c9-95a7-443f-8af8-6604f644eb9a"
              ],
              "failures": [],
              "pending": [],
              "skipped": [],
              "duration": 48,
              "root": false,
              "rootEmpty": false,
              "_timeout": 5000
            },
            {
              "uuid": "c87f0d04-0e1a-4e1a-8daa-d247f9863f1e",
              "title": "crypto",
              "fullFile": "C:\\Users\\Vivek\\Projects\\mfkdf\\test\\examples\\examples.js",
              "file": "\\test\\examples\\examples.js",
              "beforeHooks": [],
              "afterHooks": [],
              "tests": [
                {
                  "title": "getSubkey",
                  "fullTitle": "examples crypto getSubkey",
                  "timedOut": false,
                  "duration": 19,
                  "state": "passed",
                  "speed": "slow",
                  "pass": true,
                  "fail": false,
                  "pending": false,
                  "context": null,
                  "code": "// setup multi-factor derived key\nconst key = await mfkdf.setup.key([\n  await mfkdf.setup.factors.password('password')\n])\n// get sub-key for \"eth\"\nconst subkey = key.getSubkey('eth')\nsubkey.toString('hex') // -> 97cb…bac5",
                  "err": {},
                  "uuid": "f23f9acd-11ef-4a1c-acf0-6e4fdb4a42a0",
                  "parentUUID": "c87f0d04-0e1a-4e1a-8daa-d247f9863f1e",
                  "isHook": false,
                  "skipped": false
                }
              ],
              "suites": [],
              "passes": [
                "f23f9acd-11ef-4a1c-acf0-6e4fdb4a42a0"
              ],
              "failures": [],
              "pending": [],
              "skipped": [],
              "duration": 19,
              "root": false,
              "rootEmpty": false,
              "_timeout": 5000
            }
          ],
          "passes": [
            "0c56a427-028e-4dce-b759-c27086a2249e",
            "37893489-3c8b-4758-9f90-e339b8ea441f"
          ],
          "failures": [],
          "pending": [],
          "skipped": [],
          "duration": 94,
          "root": false,
          "rootEmpty": false,
          "_timeout": 5000
        },
        {
          "uuid": "82c5f37a-accd-4116-81d6-11d016167c7b",
          "title": "site",
          "fullFile": "C:\\Users\\Vivek\\Projects\\mfkdf\\test\\examples\\site.js",
          "file": "\\test\\examples\\site.js",
[...]
            "269e100f-feee-40e1-9699-7a232ecd6253"
          ],
          "failures": [],
          "pending": [],
          "skipped": [],
          "duration": 0,
          "root": false,
          "rootEmpty": false,
          "_timeout": 5000
        },
        {
          "uuid": "6ec6ab4c-3d3c-4cdd-a00b-fa3220681dcf",
          "title": "setup/key",
          "fullFile": "C:\\Users\\Vivek\\Projects\\mfkdf\\test\\setup\\key.js",
          "file": "\\test\\setup\\key.js",
          "beforeHooks": [],
          "afterHooks": [],
          "tests": [
            {
              "title": "default",
              "fullTitle": "setup/key default",
              "timedOut": false,
              "duration": 26,
              "state": "passed",
              "speed": "slow",
              "pass": true,
              "fail": false,
              "pending": false,
              "context": null,
              "code": "const key = await mfkdf.setup.key([\n  await mfkdf.setup.factors.password('hello')\n])\najv.validate(policySchema, key.policy).should.be.true",
              "err": {},
              "uuid": "6143d683-e619-461e-9c48-25b35ba52185",
              "parentUUID": "6ec6ab4c-3d3c-4cdd-a00b-fa3220681dcf",
              "isHook": false,
              "skipped": false
            }
          ],
          "suites": [
            {
              "uuid": "45eb6975-72b4-4541-b97e-85fb6cfa84a0",
              "title": "id",
              "fullFile": "C:\\Users\\Vivek\\Projects\\mfkdf\\test\\setup\\key.js",
              "file": "\\test\\setup\\key.js",
              "beforeHooks": [],
              "afterHooks": [],
              "tests": [
                {
                  "title": "default",
                  "fullTitle": "setup/key id default",
                  "timedOut": false,
                  "duration": 19,
                  "state": "passed",
                  "speed": "slow",
                  "pass": true,
                  "fail": false,
                  "pending": false,
                  "context": null,
                  "code": "const { policy } = await mfkdf.setup.key([\n  await mfkdf.setup.factors.password('hello')\n])\npolicy.$id.should.be.a('string')",
                  "err": {},
                  "uuid": "d4a4e74c-0377-4a1f-a1b8-1f8b1a51a7b9",
                  "parentUUID": "45eb6975-72b4-4541-b97e-85fb6cfa84a0",
                  "isHook": false,
                  "skipped": false
                },
                {
                  "title": "valid",
                  "fullTitle": "setup/key id valid",
                  "timedOut": false,
                  "duration": 22,
                  "state": "passed",
                  "speed": "slow",
                  "pass": true,
                  "fail": false,
                  "pending": false,
                  "context": null,
                  "code": "const { policy } = await mfkdf.setup.key(\n  [await mfkdf.setup.factors.password('hello')],\n  { id: 'hello-world' }\n)\npolicy.$id.should.equal('hello-world')",
                  "err": {},
                  "uuid": "c7a97ed4-2ca5-4a65-bf24-7a9923f051ec",
                  "parentUUID": "45eb6975-72b4-4541-b97e-85fb6cfa84a0",
                  "isHook": false,
                  "skipped": false
                },
                {
                  "title": "invalid/type",
                  "fullTitle": "setup/key id invalid/type",
                  "timedOut": false,
                  "duration": 1,
                  "state": "passed",
                  "speed": "slow",
                  "pass": true,
                  "fail": false,
                  "pending": false,
                  "context": null,
                  "code": "await mfkdf.setup\n  .key([await mfkdf.setup.factors.password('hello')], { id: 12345 })\n  .should.be.rejectedWith(TypeError)",
                  "err": {},
                  "uuid": "9b8bc198-4d5f-4cf5-8573-7bf61b678ce3",
                  "parentUUID": "45eb6975-72b4-4541-b97e-85fb6cfa84a0",
                  "isHook": false,
                  "skipped": false
                },
                {
                  "title": "invalid/range",
                  "fullTitle": "setup/key id invalid/range",
                  "timedOut": false,
                  "duration": 0,
                  "state": "passed",
                  "speed": "fast",
                  "pass": true,
                  "fail": false,
                  "pending": false,
                  "context": null,
                  "code": "await mfkdf.setup\n  .key([await mfkdf.setup.factors.password('hello')], { id: '' })\n  .should.be.rejectedWith(RangeError)",
                  "err": {},
                  "uuid": "ed127b1e-505b-4a8c-8a55-faafd4960f7a",
                  "parentUUID": "45eb6975-72b4-4541-b97e-85fb6cfa84a0",
                  "isHook": false,
                  "skipped": false
                }
              ],
              "suites": [],
              "passes": [
                "d4a4e74c-0377-4a1f-a1b8-1f8b1a51a7b9",
                "c7a97ed4-2ca5-4a65-bf24-7a9923f051ec",
                "9b8bc198-4d5f-4cf5-8573-7bf61b678ce3",
                "ed127b1e-505b-4a8c-8a55-faafd4960f7a"
              ],
              "failures": [],
              "pending": [],
              "skipped": [],
              "duration": 42,
              "root": false,
              "rootEmpty": false,
              "_timeout": 5000
            },
            {
              "uuid": "bf65f621-7c7c-4874-8843-7d1ed7d8f1c1",
              "title": "threshold",
              "fullFile": "C:\\Users\\Vivek\\Projects\\mfkdf\\test\\setup\\key.js",
              "file": "\\test\\setup\\key.js",
              "beforeHooks": [],
              "afterHooks": [],
              "tests": [
                {
                  "title": "default",
                  "fullTitle": "setup/key threshold default",
                  "timedOut": false,
                  "duration": 19,
                  "state": "passed",
                  "speed": "slow",
                  "pass": true,
                  "fail": false,
                  "pending": false,
                  "context": null,
                  "code": "const { policy } = await mfkdf.setup.key([\n  await mfkdf.setup.factors.password('hello', { id: 'password1' }),\n  await mfkdf.setup.factors.password('hello', { id: 'password2' })\n])\npolicy.threshold.should.equal(2)",
                  "err": {},
                  "uuid": "96f4535e-6cc9-4d6c-94ea-3c5af006bb57",
                  "parentUUID": "bf65f621-7c7c-4874-8843-7d1ed7d8f1c1",
                  "isHook": false,
                  "skipped": false
                },
                {
                  "title": "valid",
                  "fullTitle": "setup/key threshold valid",
                  "timedOut": false,
                  "duration": 21,
                  "state": "passed",
                  "speed": "slow",
                  "pass": true,
                  "fail": false,
                  "pending": false,
                  "context": null,
                  "code": "const { policy } = await mfkdf.setup.key(\n  [\n    await mfkdf.setup.factors.password('hello', { id: 'password1' }),\n    await mfkdf.setup.factors.password('hello', { id: 'password2' })\n  ],\n  { threshold: 1 }\n)\npolicy.threshold.should.equal(1)",
                  "err": {},
                  "uuid": "a8a8a319-86ac-492f-a648-276c6a2dc73b",
                  "parentUUID": "bf65f621-7c7c-4874-8843-7d1ed7d8f1c1",
                  "isHook": false,
                  "skipped": false
                },
                {
                  "title": "invalid/type",
                  "fullTitle": "setup/key threshold invalid/type",
                  "timedOut": false,
                  "duration": 0,
                  "state": "passed",
                  "speed": "fast",
                  "pass": true,
                  "fail": false,
                  "pending": false,
                  "context": null,
                  "code": "await mfkdf.setup\n  .key([await mfkdf.setup.factors.password('hello')], {\n    threshold: 'hello'\n  })\n  .should.be.rejectedWith(TypeError)",
                  "err": {},
                  "uuid": "d6263457-79e7-498c-aa4d-5914b8965246",
                  "parentUUID": "bf65f621-7c7c-4874-8843-7d1ed7d8f1c1",
                  "isHook": false,
                  "skipped": false
                },
                {
                  "title": "invalid/range",
                  "fullTitle": "setup/key threshold invalid/range",
                  "timedOut": false,
                  "duration": 0,
                  "state": "passed",
                  "speed": "fast",
                  "pass": true,
                  "fail": false,
                  "pending": false,
                  "context": null,
                  "code": "await mfkdf.setup\n  .key([await mfkdf.setup.factors.password('hello')], { threshold: 0 })\n  .should.be.rejectedWith(RangeError)\nawait mfkdf.setup\n  .key([await mfkdf.setup.factors.password('hello')], { threshold: 2 })\n  .should.be.rejectedWith(RangeError)",
                  "err": {},
                  "uuid": "0fd008db-909a-4663-a66a-50422f00cfb3",
                  "parentUUID": "bf65f621-7c7c-4874-8843-7d1ed7d8f1c1",
                  "isHook": false,
                  "skipped": false
                }
              ],
              "suites": [],
              "passes": [
                "96f4535e-6cc9-4d6c-94ea-3c5af006bb57",
                "a8a8a319-86ac-492f-a648-276c6a2dc73b",
                "d6263457-79e7-498c-aa4d-5914b8965246",
                "0fd008db-909a-4663-a66a-50422f00cfb3"
              ],
              "failures": [],
              "pending": [],
              "skipped": [],
              "duration": 40,
              "root": false,
              "rootEmpty": false,
              "_timeout": 5000
            },
            {
              "uuid": "11ed82a0-a1dd-498b-9676-74d78bd23756",
              "title": "salt",
              "fullFile": "C:\\Users\\Vivek\\Projects\\mfkdf\\test\\setup\\key.js",
              "file": "\\test\\setup\\key.js",
              "beforeHooks": [],
              "afterHooks": [],
              "tests": [
                {
                  "title": "default",
                  "fullTitle": "setup/key salt default",
                  "timedOut": false,
                  "duration": 19,
                  "state": "passed",
                  "speed": "slow",
                  "pass": true,
                  "fail": false,
                  "pending": false,
                  "context": null,
                  "code": "const { policy } = await mfkdf.setup.key([\n  await mfkdf.setup.factors.password('hello')\n])\nconst salt = Buffer.from(policy.salt, 'base64')\nsalt.length.should.equal(32)",
                  "err": {},
                  "uuid": "236e7ebb-699f-4820-b1c0-b2e35035db45",
                  "parentUUID": "11ed82a0-a1dd-498b-9676-74d78bd23756",
                  "isHook": false,
                  "skipped": false
                },
                {
                  "title": "valid",
                  "fullTitle": "setup/key salt valid",
                  "timedOut": false,
                  "duration": 20,
                  "state": "passed",
                  "speed": "slow",
                  "pass": true,
                  "fail": false,
                  "pending": false,
                  "context": null,
                  "code": "const { policy } = await mfkdf.setup.key(\n  [await mfkdf.setup.factors.password('hello')],\n  { salt: Buffer.from('1234567812345678', 'base64') }\n)\npolicy.salt.should.equal('1234567812345678')",
                  "err": {},
                  "uuid": "3c22f2ac-5409-4a33-8a56-ba1031b5e099",
                  "parentUUID": "11ed82a0-a1dd-498b-9676-74d78bd23756",
                  "isHook": false,
                  "skipped": false
                },
                {
                  "title": "invalid/type",
                  "fullTitle": "setup/key salt invalid/type",
                  "timedOut": false,
                  "duration": 1,
                  "state": "passed",
                  "speed": "slow",
                  "pass": true,
                  "fail": false,
                  "pending": false,
                  "context": null,
                  "code": "await mfkdf.setup\n  .key([await mfkdf.setup.factors.password('hello')], { salt: 'hello' })\n  .should.be.rejectedWith(TypeError)",
                  "err": {},
                  "uuid": "add15450-ffe1-4b15-b203-a4b84bd29643",
                  "parentUUID": "11ed82a0-a1dd-498b-9676-74d78bd23756",
                  "isHook": false,
                  "skipped": false
                }
              ],
              "suites": [],
              "passes": [
                "236e7ebb-699f-4820-b1c0-b2e35035db45",
                "3c22f2ac-5409-4a33-8a56-ba1031b5e099",
                "add15450-ffe1-4b15-b203-a4b84bd29643"
              ],
              "failures": [],
              "pending": [],
              "skipped": [],
              "duration": 40,
              "root": false,
              "rootEmpty": false,
              "_timeout": 5000
            },
            {
              "uuid": "b4632ddd-e1d0-4d12-a4b6-5a04de39e7e1",
              "title": "factors",
              "fullFile": "C:\\Users\\Vivek\\Projects\\mfkdf\\test\\setup\\key.js",
              "file": "\\test\\setup\\key.js",
              "beforeHooks": [],
              "afterHooks": [],
              "tests": [
                {
                  "title": "valid",
                  "fullTitle": "setup/key factors valid",
                  "timedOut": false,
                  "duration": 19,
                  "state": "passed",
                  "speed": "slow",
                  "pass": true,
                  "fail": false,
                  "pending": false,
                  "context": null,
                  "code": "await mfkdf.setup.key([\n  {\n    type: 'password',\n    id: 'password',\n    data: Buffer.from('password', 'utf-8'),\n    params: async () => {\n      return {}\n    },\n    output: async () => {\n      return {}\n    }\n  }\n])",
                  "err": {},
                  "uuid": "e832106e-60f6-4297-9b91-20bc72465393",
                  "parentUUID": "b4632ddd-e1d0-4d12-a4b6-5a04de39e7e1",
                  "isHook": false,
                  "skipped": false
                },
                {
                  "title": "id",
                  "fullTitle": "setup/key factors id",
                  "timedOut": false,
                  "duration": 0,
                  "state": "passed",
                  "speed": "fast",
                  "pass": true,
                  "fail": false,
                  "pending": false,
                  "context": null,
                  "code": "await mfkdf.setup\n  .key([\n    await mfkdf.setup.factors.password('hello', { id: 'password1' }),\n    await mfkdf.setup.factors.password('hello', { id: 'password1' })\n  ])\n  .should.be.rejectedWith(RangeError)",
                  "err": {},
                  "uuid": "9ae766bb-068f-4dfb-af57-6641e6e645f0",
                  "parentUUID": "b4632ddd-e1d0-4d12-a4b6-5a04de39e7e1",
                  "isHook": false,
                  "skipped": false
                },
                {
                  "title": "invalid/type",
                  "fullTitle": "setup/key factors invalid/type",
                  "timedOut": false,
                  "duration": 1,
                  "state": "passed",
                  "speed": "slow",
                  "pass": true,
                  "fail": false,
                  "pending": false,
                  "context": null,
                  "code": "await mfkdf.setup.key('hello').should.be.rejectedWith(TypeError)\nawait mfkdf.setup\n  .key([\n    {\n      type: 12345,\n      id: 'password',\n      data: Buffer.from('password', 'utf-8'),\n      params: async () => {\n        return {}\n      }\n    }\n  ])\n  .should.be.rejectedWith(TypeError)\nawait mfkdf.setup\n  .key([\n    {\n      type: 'password',\n      id: 12345,\n      data: Buffer.from('password', 'utf-8'),\n      params: async () => {\n        return {}\n      }\n    }\n  ])\n  .should.be.rejectedWith(TypeError)\nawait mfkdf.setup\n  .key([\n    {\n      type: 'password',\n      id: 'password',\n      data: 12345,\n      params: async () => {\n        return {}\n      }\n    }\n  ])\n  .should.be.rejectedWith(TypeError)\nawait mfkdf.setup\n  .key([\n    {\n      type: 'password',\n      id: 'password',\n      data: Buffer.from('password', 'utf-8'),\n      params: 12345\n    }\n  ])\n  .should.be.rejectedWith(TypeError)",
                  "err": {},
                  "uuid": "25743ee3-80dc-4718-8f72-11ae7108edb5",
                  "parentUUID": "b4632ddd-e1d0-4d12-a4b6-5a04de39e7e1",
                  "isHook": false,
                  "skipped": false
                },
                {
                  "title": "invalid/range",
                  "fullTitle": "setup/key factors invalid/range",
                  "timedOut": false,
                  "duration": 0,
                  "state": "passed",
                  "speed": "fast",
                  "pass": true,
                  "fail": false,
                  "pending": false,
                  "context": null,
                  "code": "await mfkdf.setup.key([]).should.be.rejectedWith(RangeError)\nawait mfkdf.setup\n  .key([\n    {\n      type: '',\n      id: 'password',\n      data: Buffer.from('password', 'utf-8'),\n      params: async () => {\n        return {}\n      }\n    }\n  ])\n  .should.be.rejectedWith(RangeError)\nawait mfkdf.setup\n  .key([\n    {\n      type: 'password',\n      id: '',\n      data: Buffer.from('password', 'utf-8'),\n      params: async () => {\n        return {}\n      }\n    }\n  ])\n  .should.be.rejectedWith(RangeError)\nawait mfkdf.setup\n  .key([\n    {\n      type: 'password',\n      id: 'password',\n      data: Buffer.from('', 'utf-8'),\n      params: async () => {\n        return {}\n      }\n    }\n  ])\n  .should.be.rejectedWith(RangeError)",
                  "err": {},
                  "uuid": "be39e6c8-d44d-445d-a8ed-b0e5b0da6114",
                  "parentUUID": "b4632ddd-e1d0-4d12-a4b6-5a04de39e7e1",
                  "isHook": false,
                  "skipped": false
                }
              ],
              "suites": [],
              "passes": [
                "e832106e-60f6-4297-9b91-20bc72465393",
                "9ae766bb-068f-4dfb-af57-6641e6e645f0",
                "25743ee3-80dc-4718-8f72-11ae7108edb5",
                "be39e6c8-d44d-445d-a8ed-b0e5b0da6114"
              ],
              "failures": [],
              "pending": [],
              "skipped": [],
              "duration": 20,
              "root": false,
              "rootEmpty": false,
              "_timeout": 5000
            }
          ],
          "passes": [
            "6143d683-e619-461e-9c48-25b35ba52185"
          ],
          "failures": [],
          "pending": [],
          "skipped": [],
          "duration": 26,
          "root": false,
          "rootEmpty": false,
          "_timeout": 5000
        }
      ],
      "passes": [],
      "failures": [],
      "pending": [],
      "skipped": [],
      "duration": 0,
      "root": true,
      "rootEmpty": true,
      "_timeout": 5000
    }
  ],
  "meta": {
    "mocha": {
      "version": "10.8.2"
    },
    "mochawesome": {
      "options": {
        "quiet": false,
        "reportFilename": "mochawesome",
        "saveHtml": true,
        "saveJson": true,
        "consoleReporter": "spec",
        "useInlineDiffs": false,
        "code": true
      },
      "version": "7.1.3"
    },
    "marge": {
      "options": {
        "reportDir": "./site/mfkdf2/public/mochawesome"
      },
      "version": "6.2.0"
    }
  }
}