{
  "stats": {
    "suites": 76,
    "tests": 268,
    "passes": 268,
    "pending": 0,
    "failures": 0,
    "start": "2025-09-23T17:13:15.951Z",
    "end": "2025-09-23T17:13:35.047Z",
    "duration": 19096,
    "testsRegistered": 268,
    "passPercent": 100,
    "pendingPercent": 0,
    "other": 0,
    "hasOther": false,
    "skipped": 0,
    "hasSkipped": false
  },
  "results": [
    {
      "uuid": "6f1a2801-b4c3-44e9-b384-2c60e092dc0b",
      "title": "",
      "fullFile": "",
      "file": "",
      "beforeHooks": [],
      "afterHooks": [],
      "tests": [],
      "suites": [
        {
          "uuid": "1de0bc76-9ccb-468e-a767-0a928b7ac305",
          "title": "aes",
          "fullFile": "C:\\Users\\Vivek\\Projects\\mfkdf\\test\\crypto\\aes.js",
          "file": "\\test\\crypto\\aes.js",
          "beforeHooks": [],
          "afterHooks": [],
          "tests": [
            {
              "title": "encrypt throws on invalid inputs",
              "fullTitle": "aes encrypt throws on invalid inputs",
              "timedOut": false,
              "duration": 1,
              "state": "passed",
              "speed": "slow",
              "pass": true,
              "fail": false,
              "pending": false,
              "context": null,
              "code": "(() =>\n  crypt.encrypt('not a buffer', crypto.randomBytes(32))).should.throw();\n(() =>\n  crypt.encrypt(\n    crypto.randomBytes(16),\n    crypto.randomBytes(32)\n  )).should.throw();\n(() =>\n  crypt.encrypt(crypto.randomBytes(32), 'not a buffer')).should.throw();\n(() =>\n  crypt.encrypt(\n    crypto.randomBytes(32),\n    crypto.randomBytes(16)\n  )).should.throw()",
              "err": {},
              "uuid": "1bbefb07-edee-402c-9398-f0824a9eed94",
              "parentUUID": "1de0bc76-9ccb-468e-a767-0a928b7ac305",
              "isHook": false,
              "skipped": false
            },
            {
              "title": "decrypt throws on invalid inputs",
              "fullTitle": "aes decrypt throws on invalid inputs",
              "timedOut": false,
              "duration": 0,
              "state": "passed",
              "speed": "fast",
              "pass": true,
              "fail": false,
              "pending": false,
              "context": null,
              "code": "(() =>\n  crypt.decrypt('not a buffer', crypto.randomBytes(32))).should.throw();\n(() =>\n  crypt.decrypt(\n    crypto.randomBytes(16),\n    crypto.randomBytes(32)\n  )).should.throw();\n(() =>\n  crypt.decrypt(crypto.randomBytes(32), 'not a buffer')).should.throw();\n(() =>\n  crypt.decrypt(\n    crypto.randomBytes(32),\n    crypto.randomBytes(16)\n  )).should.throw()",
              "err": {},
              "uuid": "aa6f706b-5728-4c8d-826f-2840d16f7ab6",
              "parentUUID": "1de0bc76-9ccb-468e-a767-0a928b7ac305",
              "isHook": false,
              "skipped": false
            },
            {
              "title": "encrypts and decrypts correctly",
              "fullTitle": "aes encrypts and decrypts correctly",
              "timedOut": false,
              "duration": 0,
              "state": "passed",
              "speed": "fast",
              "pass": true,
              "fail": false,
              "pending": false,
              "context": null,
              "code": "const key = crypto.randomBytes(32)\nconst data = crypto.randomBytes(32)\nconst encrypted = crypt.encrypt(data, key)\nconst decrypted = crypt.decrypt(encrypted, key)\ndecrypted.equals(data).should.be.true",
              "err": {},
              "uuid": "445cea26-91fa-40b0-9cc2-655d071877e7",
              "parentUUID": "1de0bc76-9ccb-468e-a767-0a928b7ac305",
              "isHook": false,
              "skipped": false
            },
            {
              "title": "decrypting with wrong key fails",
              "fullTitle": "aes decrypting with wrong key fails",
              "timedOut": false,
              "duration": 0,
              "state": "passed",
              "speed": "fast",
              "pass": true,
              "fail": false,
              "pending": false,
              "context": null,
              "code": "const key = crypto.randomBytes(32)\nconst wrongKey = crypto.randomBytes(32)\nconst data = crypto.randomBytes(32)\nconst encrypted = crypt.encrypt(data, key)\nconst decrypted = crypt.decrypt(encrypted, wrongKey)\ndecrypted.equals(data).should.be.false",
              "err": {},
              "uuid": "2d8f6d77-eed2-4975-9e00-e522a93a0e2b",
              "parentUUID": "1de0bc76-9ccb-468e-a767-0a928b7ac305",
              "isHook": false,
              "skipped": false
            },
            {
              "title": "decrypting modified data fails",
              "fullTitle": "aes decrypting modified data fails",
              "timedOut": false,
              "duration": 0,
              "state": "passed",
              "speed": "fast",
              "pass": true,
              "fail": false,
              "pending": false,
              "context": null,
              "code": "const key = crypto.randomBytes(32)\nconst data = crypto.randomBytes(32)\nconst encrypted = crypt.encrypt(data, key)\n// Modify the encrypted data\nencrypted[0] ^= 0xff\nconst decrypted = crypt.decrypt(encrypted, key)\ndecrypted.equals(data).should.be.false",
              "err": {},
              "uuid": "ea8c12e5-364e-4fb9-8694-4bf233c40438",
              "parentUUID": "1de0bc76-9ccb-468e-a767-0a928b7ac305",
              "isHook": false,
              "skipped": false
            },
            {
              "title": "ciphertext length equals plaintext length",
              "fullTitle": "aes ciphertext length equals plaintext length",
              "timedOut": false,
              "duration": 0,
              "state": "passed",
              "speed": "fast",
              "pass": true,
              "fail": false,
              "pending": false,
              "context": null,
              "code": "const key = crypto.randomBytes(32)\nconst data = crypto.randomBytes(32)\nconst encrypted = crypt.encrypt(data, key)\nencrypted.length.should.equal(data.length)",
              "err": {},
              "uuid": "193123fa-ed57-49a3-959c-8b517280c734",
              "parentUUID": "1de0bc76-9ccb-468e-a767-0a928b7ac305",
              "isHook": false,
              "skipped": false
            }
          ],
          "suites": [],
          "passes": [
            "1bbefb07-edee-402c-9398-f0824a9eed94",
            "aa6f706b-5728-4c8d-826f-2840d16f7ab6",
            "445cea26-91fa-40b0-9cc2-655d071877e7",
            "2d8f6d77-eed2-4975-9e00-e522a93a0e2b",
            "ea8c12e5-364e-4fb9-8694-4bf233c40438",
            "193123fa-ed57-49a3-959c-8b517280c734"
          ],
          "failures": [],
          "pending": [],
          "skipped": [],
          "duration": 1,
          "root": false,
          "rootEmpty": false,
          "_timeout": 5000
        },
        {
          "uuid": "7411d3d0-ec97-476b-841f-3d83bbebd2a5",
          "title": "encrypt",
          "fullFile": "C:\\Users\\Vivek\\Projects\\mfkdf\\test\\crypto\\symmetric.js",
          "file": "\\test\\crypto\\symmetric.js",
          "beforeHooks": [],
          "afterHooks": [],
          "tests": [],
          "suites": [
            {
              "uuid": "32e5211a-fda2-4d21-897c-a04d1f4c0a04",
              "title": "utils",
              "fullFile": "C:\\Users\\Vivek\\Projects\\mfkdf\\test\\crypto\\symmetric.js",
              "file": "\\test\\crypto\\symmetric.js",
              "beforeHooks": [],
              "afterHooks": [],
              "tests": [
                {
                  "title": "subkey",
                  "fullTitle": "encrypt utils subkey",
                  "timedOut": false,
                  "duration": 24,
                  "state": "passed",
                  "speed": "slow",
                  "pass": true,
                  "fail": false,
                  "pending": false,
                  "context": null,
                  "code": "const setup = await mfkdf.setup.key([\n  await mfkdf.setup.factors.uuid({\n    id: 'uuid1',\n    uuid: '9b1deb4d-3b7d-4bad-9bdd-2b0d7b3dcb6d'\n  })\n])\nconst key3 = await setup.getSubkey()\nconst key4 = await setup.getSubkey()\nkey3.toString('hex').should.equal(key4.toString('hex'))",
                  "err": {},
                  "uuid": "e5897c7e-c13f-46b4-b173-8ad08d926793",
                  "parentUUID": "32e5211a-fda2-4d21-897c-a04d1f4c0a04",
                  "isHook": false,
                  "skipped": false
                }
              ],
              "suites": [],
              "passes": [
                "e5897c7e-c13f-46b4-b173-8ad08d926793"
              ],
              "failures": [],
              "pending": [],
              "skipped": [],
              "duration": 24,
              "root": false,
              "rootEmpty": false,
              "_timeout": 5000
            }
          ],
          "passes": [],
          "failures": [],
          "pending": [],
          "skipped": [],
          "duration": 0,
          "root": false,
          "rootEmpty": false,
          "_timeout": 5000
        },
        {
          "uuid": "1f36a80e-0f60-4675-bb42-053184a58ff5",
          "title": "derive/factors/password",
          "fullFile": "C:\\Users\\Vivek\\Projects\\mfkdf\\test\\derive\\factors\\password.js",
          "file": "\\test\\derive\\factors\\password.js",
          "beforeHooks": [],
          "afterHooks": [],
          "tests": [
            {
              "title": "invalid/type",
              "fullTitle": "derive/factors/password invalid/type",
              "timedOut": false,
              "duration": 0,
              "state": "passed",
              "speed": "fast",
              "pass": true,
              "fail": false,
              "pending": false,
              "context": null,
              "code": "(() => {\n  mfkdf.derive.factors.password(12345)\n}).should.throw(TypeError)",
              "err": {},
              "uuid": "3b041487-4c58-4cd6-9951-94c7bec473e0",
              "parentUUID": "1f36a80e-0f60-4675-bb42-053184a58ff5",
              "isHook": false,
              "skipped": false
            },
            {
              "title": "invalid/range",
              "fullTitle": "derive/factors/password invalid/range",
              "timedOut": false,
              "duration": 0,
              "state": "passed",
              "speed": "fast",
              "pass": true,
              "fail": false,
              "pending": false,
              "context": null,
              "code": "(() => {\n  mfkdf.derive.factors.password('')\n}).should.throw(RangeError)",
              "err": {},
              "uuid": "404d7499-44f7-4432-ad81-cbc832f66ba9",
              "parentUUID": "1f36a80e-0f60-4675-bb42-053184a58ff5",
              "isHook": false,
              "skipped": false
            }
          ],
          "suites": [],
          "passes": [
            "3b041487-4c58-4cd6-9951-94c7bec473e0",
            "404d7499-44f7-4432-ad81-cbc832f66ba9"
          ],
          "failures": [],
          "pending": [],
          "skipped": [],
          "duration": 0,
          "root": false,
          "rootEmpty": false,
          "_timeout": 5000
        },
        {
          "uuid": "99304d3d-2a48-4d5d-9e84-37b226601297",
          "title": "derive/factors/uuid",
          "fullFile": "C:\\Users\\Vivek\\Projects\\mfkdf\\test\\derive\\factors\\uuid.js",
          "file": "\\test\\derive\\factors\\uuid.js",
          "beforeHooks": [],
          "afterHooks": [],
          "tests": [
            {
              "title": "invalid/type",
              "fullTitle": "derive/factors/uuid invalid/type",
              "timedOut": false,
              "duration": 0,
              "state": "passed",
              "speed": "fast",
              "pass": true,
              "fail": false,
              "pending": false,
              "context": null,
              "code": "(() => {\n  mfkdf.derive.factors.uuid(12345)\n}).should.throw(TypeError)",
              "err": {},
              "uuid": "cdedc12f-8820-450c-bfbe-cf642f5d8698",
              "parentUUID": "99304d3d-2a48-4d5d-9e84-37b226601297",
              "isHook": false,
              "skipped": false
            },
            {
              "title": "invalid/range",
              "fullTitle": "derive/factors/uuid invalid/range",
              "timedOut": false,
              "duration": 0,
              "state": "passed",
              "speed": "fast",
              "pass": true,
              "fail": false,
              "pending": false,
              "context": null,
              "code": "(() => {\n  mfkdf.derive.factors.uuid('')\n}).should.throw(TypeError)",
              "err": {},
              "uuid": "8114860c-87cc-4428-9ce5-1a881396b853",
              "parentUUID": "99304d3d-2a48-4d5d-9e84-37b226601297",
              "isHook": false,
              "skipped": false
            }
          ],
          "suites": [],
          "passes": [
            "cdedc12f-8820-450c-bfbe-cf642f5d8698",
            "8114860c-87cc-4428-9ce5-1a881396b853"
          ],
          "failures": [],
          "pending": [],
          "skipped": [],
          "duration": 0,
          "root": false,
          "rootEmpty": false,
          "_timeout": 5000
        },
        {
          "uuid": "898a61db-9d4d-4a23-ae93-38b67f901d0b",
          "title": "derive/key",
          "fullFile": "C:\\Users\\Vivek\\Projects\\mfkdf\\test\\derive\\key.js",
          "file": "\\test\\derive\\key.js",
          "beforeHooks": [],
          "afterHooks": [],
          "tests": [
            {
              "title": "hkdf",
              "fullTitle": "derive/key hkdf",
              "timedOut": false,
              "duration": 59,
              "state": "passed",
              "speed": "slow",
              "pass": true,
              "fail": false,
              "pending": false,
              "context": null,
              "code": "const setup = await mfkdf.setup.key([\n  await mfkdf.setup.factors.password('password1', { id: 'password1' })\n])\nconst derive = await mfkdf.derive.key(setup.policy, {\n  password1: mfkdf.derive.factors.password('password1')\n})\nderive.key.toString('hex').should.equal(setup.key.toString('hex'))",
              "err": {},
              "uuid": "cb1ebcbc-f91c-40a3-a269-834385e860f0",
              "parentUUID": "898a61db-9d4d-4a23-ae93-38b67f901d0b",
              "isHook": false,
              "skipped": false
            },
            {
              "title": "correct",
              "fullTitle": "derive/key correct",
              "timedOut": false,
              "duration": 142,
              "state": "passed",
              "speed": "slow",
              "pass": true,
              "fail": false,
              "pending": false,
              "context": null,
              "code": "const setup = await mfkdf.setup.key(\n  [\n    await mfkdf.setup.factors.password('password1', { id: 'password1' }),\n    await mfkdf.setup.factors.password('password2', { id: 'password2' }),\n    await mfkdf.setup.factors.password('password3', { id: 'password3' })\n  ],\n  { threshold: 2 }\n)\nconst derive1 = await mfkdf.derive.key(setup.policy, {\n  password1: mfkdf.derive.factors.password('password1'),\n  password2: mfkdf.derive.factors.password('password2')\n})\nconst derive2 = await mfkdf.derive.key(setup.policy, {\n  password2: mfkdf.derive.factors.password('password2'),\n  password3: mfkdf.derive.factors.password('password3')\n})\nconst derive3 = await mfkdf.derive.key(setup.policy, {\n  password1: mfkdf.derive.factors.password('password1'),\n  password3: mfkdf.derive.factors.password('password3')\n})\nconst derive4 = await mfkdf.derive.key(setup.policy, {\n  password1: mfkdf.derive.factors.password('password1'),\n  password2: mfkdf.derive.factors.password('password2'),\n  password3: mfkdf.derive.factors.password('password3')\n})\nsetup.key.toString('hex').should.equal(derive1.key.toString('hex'))\nsetup.key.toString('hex').should.equal(derive2.key.toString('hex'))\nsetup.key.toString('hex').should.equal(derive3.key.toString('hex'))\nsetup.key.toString('hex').should.equal(derive4.key.toString('hex'))\nJSON.stringify(setup.policy).should.equal(JSON.stringify(derive1.policy))\nJSON.stringify(setup.policy).should.equal(JSON.stringify(derive2.policy))\nJSON.stringify(setup.policy).should.equal(JSON.stringify(derive3.policy))\nJSON.stringify(setup.policy).should.equal(JSON.stringify(derive4.policy))",
              "err": {},
              "uuid": "af8b47ac-f60f-40d2-aba9-280d3c957945",
              "parentUUID": "898a61db-9d4d-4a23-ae93-38b67f901d0b",
              "isHook": false,
              "skipped": false
            },
            {
              "title": "incorrect",
              "fullTitle": "derive/key incorrect",
              "timedOut": false,
              "duration": 131,
              "state": "passed",
              "speed": "slow",
              "pass": true,
              "fail": false,
              "pending": false,
              "context": null,
              "code": "const setup = await mfkdf.setup.key(\n  [\n    await mfkdf.setup.factors.password('password1', { id: 'password1' }),\n    await mfkdf.setup.factors.password('password2', { id: 'password2' }),\n    await mfkdf.setup.factors.password('password3', { id: 'password3' })\n  ],\n  { threshold: 2, integrity: false }\n)\nconst derive1 = await mfkdf.derive.key(\n  setup.policy,\n  {\n    password1: mfkdf.derive.factors.password('password1'),\n    password2: mfkdf.derive.factors.password('wrongpassword2')\n  },\n  false\n)\nconst derive2 = await mfkdf.derive.key(\n  setup.policy,\n  {\n    password2: mfkdf.derive.factors.password('wrongpassword2'),\n    password3: mfkdf.derive.factors.password('wrongpassword3')\n  },\n  false\n)\nconst derive3 = await mfkdf.derive.key(\n  setup.policy,\n  {\n    password1: mfkdf.derive.factors.password('password1'),\n    password3: mfkdf.derive.factors.password('password2')\n  },\n  false\n)\nconst derive4 = await mfkdf.derive.key(\n  setup.policy,\n  {\n    password1: mfkdf.derive.factors.password('password1'),\n    password2: mfkdf.derive.factors.password('password2'),\n    password3: mfkdf.derive.factors.password('password4')\n  },\n  false\n)\nsetup.key.toString('hex').should.not.equal(derive1.key.toString('hex'))\nsetup.key.toString('hex').should.not.equal(derive2.key.toString('hex'))\nsetup.key.toString('hex').should.not.equal(derive3.key.toString('hex'))\nsetup.key.toString('hex').should.not.equal(derive4.key.toString('hex'))",
              "err": {},
              "uuid": "3e6b8c48-5947-4689-b56b-af3fe20d94e1",
              "parentUUID": "898a61db-9d4d-4a23-ae93-38b67f901d0b",
              "isHook": false,
              "skipped": false
            },
            {
              "title": "mismatch",
              "fullTitle": "derive/key mismatch",
              "timedOut": false,
              "duration": 29,
              "state": "passed",
              "speed": "slow",
              "pass": true,
              "fail": false,
              "pending": false,
              "context": null,
              "code": "const setup = await mfkdf.setup.key([\n  await mfkdf.setup.factors.password('password', { id: 'password' })\n])\nawait mfkdf.derive\n  .key(setup.policy, {\n    password: mfkdf.derive.factors.uuid(\n      '9b1deb4d-3b7d-4bad-9bdd-2b0d7b3dcb6d'\n    )\n  })\n  .should.be.rejectedWith(TypeError)",
              "err": {},
              "uuid": "9ee33793-9282-4467-85b7-2ca93184bd5a",
              "parentUUID": "898a61db-9d4d-4a23-ae93-38b67f901d0b",
              "isHook": false,
              "skipped": false
            }
          ],
          "suites": [
            {
              "uuid": "a2f84f03-d8d1-48f7-878f-998e212b7b08",
              "title": "shares",
              "fullFile": "C:\\Users\\Vivek\\Projects\\mfkdf\\test\\derive\\key.js",
              "file": "\\test\\derive\\key.js",
              "beforeHooks": [],
              "afterHooks": [],
              "tests": [
                {
                  "title": "valid",
                  "fullTitle": "derive/key shares valid",
                  "timedOut": false,
                  "duration": 102,
                  "state": "passed",
                  "speed": "slow",
                  "pass": true,
                  "fail": false,
                  "pending": false,
                  "context": null,
                  "code": "const setup = await mfkdf.setup.key(\n  [\n    await mfkdf.setup.factors.password('password1', { id: 'password1' }),\n    await mfkdf.setup.factors.password('password2', { id: 'password2' }),\n    await mfkdf.setup.factors.password('password3', { id: 'password3' })\n  ],\n  { threshold: 2 }\n)\nconst derive1 = await mfkdf.derive.key(setup.policy, {\n  password1: mfkdf.derive.factors.password('password1'),\n  password2: mfkdf.derive.factors.password('password2')\n})\nconst derive2 = await mfkdf.derive.key(derive1.policy, {\n  password2: mfkdf.derive.factors.password('password2'),\n  password3: mfkdf.derive.factors.password('password3')\n})\nconst derive3 = await mfkdf.derive.key(derive2.policy, {\n  password1: mfkdf.derive.factors.password('password1'),\n  password3: mfkdf.derive.factors.password('password3')\n})\nderive1.shares.should.deep.equal(setup.shares)\nderive2.shares.should.deep.equal(setup.shares)\nderive3.shares.should.deep.equal(setup.shares)",
                  "err": {},
                  "uuid": "5d914b35-ac75-4c0c-8435-db859d54a93b",
                  "parentUUID": "a2f84f03-d8d1-48f7-878f-998e212b7b08",
                  "isHook": false,
                  "skipped": false
                }
              ],
              "suites": [],
              "passes": [
                "5d914b35-ac75-4c0c-8435-db859d54a93b"
              ],
              "failures": [],
              "pending": [],
              "skipped": [],
              "duration": 102,
              "root": false,
              "rootEmpty": false,
              "_timeout": 5000
            },
            {
              "uuid": "7ac8cd16-f2ec-46a7-8c88-30d41e96f6d0",
              "title": "invalid",
              "fullFile": "C:\\Users\\Vivek\\Projects\\mfkdf\\test\\derive\\key.js",
              "file": "\\test\\derive\\key.js",
              "beforeHooks": [],
              "afterHooks": [],
              "tests": [
                {
                  "title": "schema",
                  "fullTitle": "derive/key invalid schema",
                  "timedOut": false,
                  "duration": 23,
                  "state": "passed",
                  "speed": "slow",
                  "pass": true,
                  "fail": false,
                  "pending": false,
                  "context": null,
                  "code": "const setup = await mfkdf.setup.key([\n  await mfkdf.setup.factors.password('password1', { id: 'password1' })\n])\ndelete setup.policy.$id\nawait mfkdf.derive\n  .key(setup.policy, {\n    password1: mfkdf.derive.factors.password('password1')\n  })\n  .should.be.rejectedWith(TypeError)",
                  "err": {},
                  "uuid": "fa411732-ce45-4ce7-ab59-873d6fae63be",
                  "parentUUID": "7ac8cd16-f2ec-46a7-8c88-30d41e96f6d0",
                  "isHook": false,
                  "skipped": false
                },
                {
                  "title": "factors",
                  "fullTitle": "derive/key invalid factors",
                  "timedOut": false,
                  "duration": 30,
                  "state": "passed",
                  "speed": "slow",
                  "pass": true,
                  "fail": false,
                  "pending": false,
                  "context": null,
                  "code": "const setup = await mfkdf.setup.key(\n  [\n    await mfkdf.setup.factors.password('password1', { id: 'password1' }),\n    await mfkdf.setup.factors.password('password2', { id: 'password2' }),\n    await mfkdf.setup.factors.password('password3', { id: 'password3' })\n  ],\n  { threshold: 2 }\n)\nawait mfkdf.derive\n  .key(setup.policy, {\n    password1: mfkdf.derive.factors.password('password1')\n  })\n  .should.be.rejectedWith(RangeError)",
                  "err": {},
                  "uuid": "0147d7b7-dac5-4066-87a4-8674a366aec7",
                  "parentUUID": "7ac8cd16-f2ec-46a7-8c88-30d41e96f6d0",
                  "isHook": false,
                  "skipped": false
                }
              ],
              "suites": [],
              "passes": [
                "fa411732-ce45-4ce7-ab59-873d6fae63be",
                "0147d7b7-dac5-4066-87a4-8674a366aec7"
              ],
              "failures": [],
              "pending": [],
              "skipped": [],
              "duration": 53,
              "root": false,
              "rootEmpty": false,
              "_timeout": 5000
            }
          ],
          "passes": [
            "cb1ebcbc-f91c-40a3-a269-834385e860f0",
            "af8b47ac-f60f-40d2-aba9-280d3c957945",
            "3e6b8c48-5947-4689-b56b-af3fe20d94e1",
            "9ee33793-9282-4467-85b7-2ca93184bd5a"
          ],
          "failures": [],
          "pending": [],
          "skipped": [],
          "duration": 361,
          "root": false,
          "rootEmpty": false,
          "_timeout": 5000
        },
        {
          "uuid": "848a8eaf-2748-4485-9673-f50df6bdb1fb",
          "title": "derive/outputs",
          "fullFile": "C:\\Users\\Vivek\\Projects\\mfkdf\\test\\derive\\outputs.js",
          "file": "\\test\\derive\\outputs.js",
          "beforeHooks": [],
          "afterHooks": [],
          "tests": [
            {
              "title": "stack",
              "fullTitle": "derive/outputs stack",
              "timedOut": false,
              "duration": 55,
              "state": "passed",
              "speed": "slow",
              "pass": true,
              "fail": false,
              "pending": false,
              "context": null,
              "code": "const setup = await mfkdf.setup.key([\n  await mfkdf.setup.factors.stack([\n    await mfkdf.setup.factors.uuid({\n      id: 'uuid1',\n      uuid: '9b1deb4d-3b7d-4bad-9bdd-2b0d7b3dcb6d'\n    }),\n    await mfkdf.setup.factors.uuid({\n      id: 'uuid2',\n      uuid: '1b9d6bcd-bbfd-4b2d-9b5d-ab8dfbbd4bed'\n    })\n  ]),\n  await mfkdf.setup.factors.uuid({\n    id: 'uuid3',\n    uuid: '6ec0bd7f-11c0-43da-975e-2a8ad9ebae0b'\n  })\n])\ndelete setup.outputs.stack.entropyBits\nconst derive = await mfkdf.derive.key(setup.policy, {\n  stack: mfkdf.derive.factors.stack({\n    uuid1: mfkdf.derive.factors.uuid(\n      '9b1deb4d-3b7d-4bad-9bdd-2b0d7b3dcb6d'\n    ),\n    uuid2: mfkdf.derive.factors.uuid(\n      '1b9d6bcd-bbfd-4b2d-9b5d-ab8dfbbd4bed'\n    )\n  }),\n  uuid3: mfkdf.derive.factors.uuid('6ec0bd7f-11c0-43da-975e-2a8ad9ebae0b')\n})\nsetup.outputs.should.deep.equal(derive.outputs)",
              "err": {},
              "uuid": "972e702b-c41c-46ed-8313-ba53071f7fcb",
              "parentUUID": "848a8eaf-2748-4485-9673-f50df6bdb1fb",
              "isHook": false,
              "skipped": false
            },
            {
              "title": "hmacsha1",
              "fullTitle": "derive/outputs hmacsha1",
              "timedOut": false,
              "duration": 50,
              "state": "passed",
              "speed": "slow",
              "pass": true,
              "fail": false,
              "pending": false,
              "context": null,
              "code": "const setup = await mfkdf.setup.key([await mfkdf.setup.factors.hmacsha1()])\nconst secret = setup.outputs.hmacsha1.secret\nconst challenge = Buffer.from(\n  setup.policy.factors[0].params.challenge,\n  'hex'\n)\nconst response = crypto\n  .createHmac('sha1', secret)\n  .update(challenge)\n  .digest()\nconst derive = await mfkdf.derive.key(setup.policy, {\n  hmacsha1: mfkdf.derive.factors.hmacsha1(response)\n})\nsetup.outputs.should.not.deep.equal(derive.outputs)",
              "err": {},
              "uuid": "d856b9a9-bc87-4b70-861b-b374f6fcf76e",
              "parentUUID": "848a8eaf-2748-4485-9673-f50df6bdb1fb",
              "isHook": false,
              "skipped": false
            },
            {
              "title": "uuid",
              "fullTitle": "derive/outputs uuid",
              "timedOut": false,
              "duration": 50,
              "state": "passed",
              "speed": "slow",
              "pass": true,
              "fail": false,
              "pending": false,
              "context": null,
              "code": "const setup = await mfkdf.setup.key([\n  await mfkdf.setup.factors.uuid({\n    uuid: '9b1deb4d-3b7d-4bad-9bdd-2b0d7b3dcb6d'\n  })\n])\nconst derive = await mfkdf.derive.key(setup.policy, {\n  uuid: mfkdf.derive.factors.uuid('9b1deb4d-3b7d-4bad-9bdd-2b0d7b3dcb6d')\n})\nsetup.outputs.should.deep.equal(derive.outputs)",
              "err": {},
              "uuid": "3ed2acfb-c8df-433c-9d2a-abf5c7b52b42",
              "parentUUID": "848a8eaf-2748-4485-9673-f50df6bdb1fb",
              "isHook": false,
              "skipped": false
            },
            {
              "title": "question",
              "fullTitle": "derive/outputs question",
              "timedOut": false,
              "duration": 51,
              "state": "passed",
              "speed": "slow",
              "pass": true,
              "fail": false,
              "pending": false,
              "context": null,
              "code": "const setup = await mfkdf.setup.key([\n  await mfkdf.setup.factors.question('Fido')\n])\nconst derive = await mfkdf.derive.key(setup.policy, {\n  question: mfkdf.derive.factors.question('Fido')\n})\nsetup.outputs.question.strength.calc_time = null\nderive.outputs.question.strength.calc_time = null\nsetup.outputs.should.deep.equal(derive.outputs)",
              "err": {},
              "uuid": "9d8d9ba7-5d0a-4b92-80ab-43a25f87c176",
              "parentUUID": "848a8eaf-2748-4485-9673-f50df6bdb1fb",
              "isHook": false,
              "skipped": false
            },
            {
              "title": "ooba",
              "fullTitle": "derive/outputs ooba",
              "timedOut": false,
              "duration": 150,
              "state": "passed",
              "speed": "slow",
              "pass": true,
              "fail": false,
              "pending": false,
              "context": null,
              "code": "const keyPair = await crypto.webcrypto.subtle.generateKey(\n  {\n    hash: 'SHA-256',\n    modulusLength: 2048,\n    name: 'RSA-OAEP',\n    publicExponent: new Uint8Array([1, 0, 1])\n  },\n  true,\n  ['encrypt', 'decrypt']\n)\nconst setup = await mfkdf.setup.key([\n  await mfkdf.setup.factors.ooba({\n    key: keyPair.publicKey,\n    params: { email: 'test@mfkdf.com' }\n  })\n])\nconst next = setup.policy.factors[0].params.next\nconst decrypted = await crypto.webcrypto.subtle.decrypt(\n  { name: 'RSA-OAEP' },\n  keyPair.privateKey,\n  Buffer.from(next, 'hex')\n)\nconst code = JSON.parse(Buffer.from(decrypted).toString()).code\nconst derive = await mfkdf.derive.key(setup.policy, {\n  ooba: mfkdf.derive.factors.ooba(code)\n})\nsetup.outputs.should.deep.equal(derive.outputs)",
              "err": {},
              "uuid": "f4e0d5dd-7d31-479d-a379-df6dace7d9d0",
              "parentUUID": "848a8eaf-2748-4485-9673-f50df6bdb1fb",
              "isHook": false,
              "skipped": false
            },
            {
              "title": "password",
              "fullTitle": "derive/outputs password",
              "timedOut": false,
              "duration": 48,
              "state": "passed",
              "speed": "slow",
              "pass": true,
              "fail": false,
              "pending": false,
              "context": null,
              "code": "const setup = await mfkdf.setup.key([\n  await mfkdf.setup.factors.password('password')\n])\nconst derive = await mfkdf.derive.key(setup.policy, {\n  password: mfkdf.derive.factors.password('password')\n})\nsetup.outputs.password.strength.calc_time = null\nderive.outputs.password.strength.calc_time = null\nsetup.outputs.should.deep.equal(derive.outputs)",
              "err": {},
              "uuid": "7c891a3a-fba7-4375-a8d4-f96e72677f84",
              "parentUUID": "848a8eaf-2748-4485-9673-f50df6bdb1fb",
              "isHook": false,
              "skipped": false
            },
            {
              "title": "multiple",
              "fullTitle": "derive/outputs multiple",
              "timedOut": false,
              "duration": 44,
              "state": "passed",
              "speed": "slow",
              "pass": true,
              "fail": false,
              "pending": false,
              "context": null,
              "code": "const setup = await mfkdf.setup.key(\n  [\n    await mfkdf.setup.factors.uuid({\n      id: 'uuid1',\n      uuid: '9b1deb4d-3b7d-4bad-9bdd-2b0d7b3dcb6d'\n    }),\n    await mfkdf.setup.factors.uuid({\n      id: 'uuid2',\n      uuid: '1b9d6bcd-bbfd-4b2d-9b5d-ab8dfbbd4bed'\n    }),\n    await mfkdf.setup.factors.uuid({\n      id: 'uuid3',\n      uuid: '6ec0bd7f-11c0-43da-975e-2a8ad9ebae0b'\n    })\n  ],\n  { threshold: 2 }\n)\nsetup.outputs.should.deep.equal({\n  uuid1: { uuid: '9b1deb4d-3b7d-4bad-9bdd-2b0d7b3dcb6d' },\n  uuid2: { uuid: '1b9d6bcd-bbfd-4b2d-9b5d-ab8dfbbd4bed' },\n  uuid3: { uuid: '6ec0bd7f-11c0-43da-975e-2a8ad9ebae0b' }\n})\nconst derive = await mfkdf.derive.key(setup.policy, {\n  uuid1: mfkdf.derive.factors.uuid('9b1deb4d-3b7d-4bad-9bdd-2b0d7b3dcb6d'),\n  uuid3: mfkdf.derive.factors.uuid('6ec0bd7f-11c0-43da-975e-2a8ad9ebae0b')\n})\nderive.outputs.should.deep.equal({\n  uuid1: { uuid: '9b1deb4d-3b7d-4bad-9bdd-2b0d7b3dcb6d' },\n  uuid3: { uuid: '6ec0bd7f-11c0-43da-975e-2a8ad9ebae0b' }\n})",
              "err": {},
              "uuid": "1e515f25-e325-40f1-be31-ee11e2ff0162",
              "parentUUID": "848a8eaf-2748-4485-9673-f50df6bdb1fb",
              "isHook": false,
              "skipped": false
            }
          ],
          "suites": [],
          "passes": [
            "972e702b-c41c-46ed-8313-ba53071f7fcb",
            "d856b9a9-bc87-4b70-861b-b374f6fcf76e",
            "3ed2acfb-c8df-433c-9d2a-abf5c7b52b42",
            "9d8d9ba7-5d0a-4b92-80ab-43a25f87c176",
            "f4e0d5dd-7d31-479d-a379-df6dace7d9d0",
            "7c891a3a-fba7-4375-a8d4-f96e72677f84",
            "1e515f25-e325-40f1-be31-ee11e2ff0162"
          ],
          "failures": [],
          "pending": [],
          "skipped": [],
          "duration": 448,
          "root": false,
          "rootEmpty": false,
          "_timeout": 5000
        },
        {
          "uuid": "b490a382-2845-402d-a189-717c84417243",
          "title": "examples",
          "fullFile": "C:\\Users\\Vivek\\Projects\\mfkdf\\test\\examples\\examples.js",
          "file": "\\test\\examples\\examples.js",
          "beforeHooks": [],
          "afterHooks": [],
          "tests": [
            {
              "title": "setup/derive fast",
              "fullTitle": "examples setup/derive fast",
              "timedOut": false,
              "duration": 51,
              "state": "passed",
              "speed": "slow",
              "pass": true,
              "fail": false,
              "pending": false,
              "context": null,
              "code": "// setup 16 byte 2-of-3-factor multi-factor derived key with a password, HOTP code, and UUID recovery code\nconst setup = await mfkdf.setup.key(\n  [\n    await mfkdf.setup.factors.password('password'),\n    await mfkdf.setup.factors.hotp({\n      secret: Buffer.from('abcdefghijklmnopqrst')\n    }),\n    await mfkdf.setup.factors.uuid({\n      id: 'recovery',\n      uuid: '9b1deb4d-3b7d-4bad-9bdd-2b0d7b3dcb6d'\n    })\n  ],\n  { threshold: 2 }\n)\n// derive key using 2 of the 3 factors\nconst derive = await mfkdf.derive.key(setup.policy, {\n  password: mfkdf.derive.factors.password('password'),\n  hotp: mfkdf.derive.factors.hotp(241063)\n})\nsetup.key.toString('hex') // -> 34d2…5771\nderive.key.toString('hex') // -> 34d2…5771\nsetup.key.toString('hex').should.equal(derive.key.toString('hex'))",
              "err": {},
              "uuid": "3243cc7a-dc9a-4425-9f4d-386cad8a5a98",
              "parentUUID": "b490a382-2845-402d-a189-717c84417243",
              "isHook": false,
              "skipped": false
            },
            {
              "title": "setup/derive",
              "fullTitle": "examples setup/derive",
              "timedOut": false,
              "duration": 49,
              "state": "passed",
              "speed": "slow",
              "pass": true,
              "fail": false,
              "pending": false,
              "context": null,
              "code": "// setup 16 byte 2-of-3-factor multi-factor derived key with a password, HOTP code, and UUID recovery code\nconst setup = await mfkdf.setup.key(\n  [\n    await mfkdf.setup.factors.password('password'),\n    await mfkdf.setup.factors.hotp({\n      secret: Buffer.from('abcdefghijklmnopqrst')\n    }),\n    await mfkdf.setup.factors.uuid({\n      id: 'recovery',\n      uuid: '9b1deb4d-3b7d-4bad-9bdd-2b0d7b3dcb6d'\n    })\n  ],\n  { threshold: 2 }\n)\n// derive key using 2 of the 3 factors\nconst derive = await mfkdf.derive.key(setup.policy, {\n  password: mfkdf.derive.factors.password('password'),\n  hotp: mfkdf.derive.factors.hotp(241063)\n})\nsetup.key.toString('hex') // -> 34d2…5771\nderive.key.toString('hex') // -> 34d2…5771\nsetup.key.toString('hex').should.equal(derive.key.toString('hex'))",
              "err": {},
              "uuid": "b8272b8d-060a-47cf-b00d-13b394586561",
              "parentUUID": "b490a382-2845-402d-a189-717c84417243",
              "isHook": false,
              "skipped": false
            }
          ],
          "suites": [
            {
              "uuid": "84e9e156-dc9d-41c3-8144-96aab93c68af",
              "title": "factors",
              "fullFile": "C:\\Users\\Vivek\\Projects\\mfkdf\\test\\examples\\examples.js",
              "file": "\\test\\examples\\examples.js",
              "beforeHooks": [],
              "afterHooks": [],
              "tests": [
                {
                  "title": "stack",
                  "fullTitle": "examples factors stack",
                  "timedOut": false,
                  "duration": 58,
                  "state": "passed",
                  "speed": "slow",
                  "pass": true,
                  "fail": false,
                  "pending": false,
                  "context": null,
                  "code": "// setup key with stack factor\nconst setup = await mfkdf.setup.key([\n  await mfkdf.setup.factors.stack([\n    await mfkdf.setup.factors.password('password1', {\n      id: 'password1'\n    }),\n    await mfkdf.setup.factors.password('password2', {\n      id: 'password2'\n    })\n  ]),\n  await mfkdf.setup.factors.password('password3', { id: 'password3' })\n])\n// derive key with stack factor\nconst derive = await mfkdf.derive.key(setup.policy, {\n  stack: mfkdf.derive.factors.stack({\n    password1: mfkdf.derive.factors.password('password1'),\n    password2: mfkdf.derive.factors.password('password2')\n  }),\n  password3: mfkdf.derive.factors.password('password3')\n})\nsetup.key.toString('hex') // -> 01d0…2516\nderive.key.toString('hex') // -> 01d0…2516\nsetup.key.toString('hex').should.equal(derive.key.toString('hex'))",
                  "err": {},
                  "uuid": "29f8cc51-39a8-4e80-9b7b-5d58e4bb3e35",
                  "parentUUID": "84e9e156-dc9d-41c3-8144-96aab93c68af",
                  "isHook": false,
                  "skipped": false
                },
                {
                  "title": "hmacsha1",
                  "fullTitle": "examples factors hmacsha1",
                  "timedOut": false,
                  "duration": 46,
                  "state": "passed",
                  "speed": "slow",
                  "pass": true,
                  "fail": false,
                  "pending": false,
                  "context": null,
                  "code": "// setup key with hmacsha1 factor\nconst setup = await mfkdf.setup.key([\n  await mfkdf.setup.factors.hmacsha1()\n])\n// calculate response; could be done using hardware device\nconst secret = setup.outputs.hmacsha1.secret\nconst challenge = Buffer.from(\n  setup.policy.factors[0].params.challenge,\n  'hex'\n)\nconst response = crypto\n  .createHmac('sha1', secret)\n  .update(challenge)\n  .digest()\n// derive key with hmacsha1 factor\nconst derive = await mfkdf.derive.key(setup.policy, {\n  hmacsha1: mfkdf.derive.factors.hmacsha1(response)\n})\nsetup.key.toString('hex') // -> 01d0…2516\nderive.key.toString('hex') // -> 01d0…2516\nsetup.key.toString('hex').should.equal(derive.key.toString('hex'))",
                  "err": {},
                  "uuid": "0692c8dc-aa8c-4271-a019-3ecf40656ed8",
                  "parentUUID": "84e9e156-dc9d-41c3-8144-96aab93c68af",
                  "isHook": false,
                  "skipped": false
                },
                {
                  "title": "totp",
                  "fullTitle": "examples factors totp",
                  "timedOut": false,
                  "duration": 500,
                  "state": "passed",
                  "speed": "slow",
                  "pass": true,
                  "fail": false,
                  "pending": false,
                  "context": null,
                  "code": "// setup key with totp factor\nconst setup = await mfkdf.setup.key([\n  await mfkdf.setup.factors.totp({\n    secret: Buffer.from('abcdefghijklmnopqrst'),\n    time: 1\n  })\n])\n// derive key with totp factor\nconst derive = await mfkdf.derive.key(setup.policy, {\n  totp: mfkdf.derive.factors.totp(953265, { time: 1 })\n})\nsetup.key.toString('hex') // -> 01d0…2516\nderive.key.toString('hex') // -> 01d0…2516\nsetup.key.toString('hex').should.equal(derive.key.toString('hex'))",
                  "err": {},
                  "uuid": "b42576a2-efac-4b18-980b-f219586fbb68",
                  "parentUUID": "84e9e156-dc9d-41c3-8144-96aab93c68af",
                  "isHook": false,
                  "skipped": false
                },
                {
                  "title": "hotp",
                  "fullTitle": "examples factors hotp",
                  "timedOut": false,
                  "duration": 51,
                  "state": "passed",
                  "speed": "slow",
                  "pass": true,
                  "fail": false,
                  "pending": false,
                  "context": null,
                  "code": "// setup key with hotp factor\nconst setup = await mfkdf.setup.key([\n  await mfkdf.setup.factors.hotp({\n    secret: Buffer.from('abcdefghijklmnopqrst')\n  })\n])\n// derive key with hotp factor\nconst derive = await mfkdf.derive.key(setup.policy, {\n  hotp: mfkdf.derive.factors.hotp(241063)\n})\nsetup.key.toString('hex') // -> 01d0…2516\nderive.key.toString('hex') // -> 01d0…2516\nsetup.key.toString('hex').should.equal(derive.key.toString('hex'))",
                  "err": {},
                  "uuid": "d65ce1d8-ffd8-4b08-8d4b-93f57c3154b1",
                  "parentUUID": "84e9e156-dc9d-41c3-8144-96aab93c68af",
                  "isHook": false,
                  "skipped": false
                },
                {
                  "title": "uuid",
                  "fullTitle": "examples factors uuid",
                  "timedOut": false,
                  "duration": 48,
                  "state": "passed",
                  "speed": "slow",
                  "pass": true,
                  "fail": false,
                  "pending": false,
                  "context": null,
                  "code": "// setup key with uuid factor\nconst setup = await mfkdf.setup.key([\n  await mfkdf.setup.factors.uuid({\n    uuid: '9b1deb4d-3b7d-4bad-9bdd-2b0d7b3dcb6d'\n  })\n])\n// derive key with uuid factor\nconst derive = await mfkdf.derive.key(setup.policy, {\n  uuid: mfkdf.derive.factors.uuid('9b1deb4d-3b7d-4bad-9bdd-2b0d7b3dcb6d')\n})\nsetup.key.toString('hex') // -> 01d0…2516\nderive.key.toString('hex') // -> 01d0…2516\nsetup.key.toString('hex').should.equal(derive.key.toString('hex'))",
                  "err": {},
                  "uuid": "8aef8d25-3f2e-48f5-8417-bb360bda9643",
                  "parentUUID": "84e9e156-dc9d-41c3-8144-96aab93c68af",
                  "isHook": false,
                  "skipped": false
                },
                {
                  "title": "question",
                  "fullTitle": "examples factors question",
                  "timedOut": false,
                  "duration": 49,
                  "state": "passed",
                  "speed": "slow",
                  "pass": true,
                  "fail": false,
                  "pending": false,
                  "context": null,
                  "code": "// setup key with security question factor\nconst setup = await mfkdf.setup.key([\n  await mfkdf.setup.factors.question('Fido')\n])\n// derive key with security question factor\nconst derive = await mfkdf.derive.key(setup.policy, {\n  question: mfkdf.derive.factors.question('Fido')\n})\nsetup.key.toString('hex').should.equal(derive.key.toString('hex'))",
                  "err": {},
                  "uuid": "d1522ad6-344f-4555-9f62-726f747f4303",
                  "parentUUID": "84e9e156-dc9d-41c3-8144-96aab93c68af",
                  "isHook": false,
                  "skipped": false
                },
                {
                  "title": "ooba",
                  "fullTitle": "examples factors ooba",
                  "timedOut": false,
                  "duration": 123,
                  "state": "passed",
                  "speed": "slow",
                  "pass": true,
                  "fail": false,
                  "pending": false,
                  "context": null,
                  "code": "// setup RSA key pair (on out-of-band server)\nconst keyPair = await crypto.webcrypto.subtle.generateKey(\n  {\n    hash: 'SHA-256',\n    modulusLength: 2048,\n    name: 'RSA-OAEP',\n    publicExponent: new Uint8Array([1, 0, 1])\n  },\n  true,\n  ['encrypt', 'decrypt']\n)\n// setup key with out-of-band authentication factor\nconst setup = await mfkdf.setup.key([\n  await mfkdf.setup.factors.ooba({\n    key: keyPair.publicKey,\n    params: { email: 'test@mfkdf.com' }\n  })\n])\n// decrypt and send code (on out-of-band server)\nconst next = setup.policy.factors[0].params.next\nconst decrypted = await crypto.webcrypto.subtle.decrypt(\n  { name: 'RSA-OAEP' },\n  keyPair.privateKey,\n  Buffer.from(next, 'hex')\n)\nconst code = JSON.parse(Buffer.from(decrypted).toString()).code\n// derive key with out-of-band factor\nconst derive = await mfkdf.derive.key(setup.policy, {\n  ooba: mfkdf.derive.factors.ooba(code)\n})\nsetup.key.toString('hex') // -> 01d0…2516\nderive.key.toString('hex') // -> 01d0…2516\nsetup.key.toString('hex').should.equal(derive.key.toString('hex'))",
                  "err": {},
                  "uuid": "b70eb485-1aea-4d0a-8164-31928e9002d7",
                  "parentUUID": "84e9e156-dc9d-41c3-8144-96aab93c68af",
                  "isHook": false,
                  "skipped": false
                },
                {
                  "title": "password",
                  "fullTitle": "examples factors password",
                  "timedOut": false,
                  "duration": 50,
                  "state": "passed",
                  "speed": "slow",
                  "pass": true,
                  "fail": false,
                  "pending": false,
                  "context": null,
                  "code": "// setup key with password factor\nconst setup = await mfkdf.setup.key([\n  await mfkdf.setup.factors.password('password')\n])\n// derive key with password factor\nconst derive = await mfkdf.derive.key(setup.policy, {\n  password: mfkdf.derive.factors.password('password')\n})\nsetup.key.toString('hex') // -> 01d0…2516\nderive.key.toString('hex') // -> 01d0…2516\nsetup.key.toString('hex').should.equal(derive.key.toString('hex'))",
                  "err": {},
                  "uuid": "b1ab0527-5e37-420f-b918-1037b2612358",
                  "parentUUID": "84e9e156-dc9d-41c3-8144-96aab93c68af",
                  "isHook": false,
                  "skipped": false
                }
              ],
              "suites": [],
              "passes": [
                "29f8cc51-39a8-4e80-9b7b-5d58e4bb3e35",
                "0692c8dc-aa8c-4271-a019-3ecf40656ed8",
                "b42576a2-efac-4b18-980b-f219586fbb68",
                "d65ce1d8-ffd8-4b08-8d4b-93f57c3154b1",
                "8aef8d25-3f2e-48f5-8417-bb360bda9643",
                "d1522ad6-344f-4555-9f62-726f747f4303",
                "b70eb485-1aea-4d0a-8164-31928e9002d7",
                "b1ab0527-5e37-420f-b918-1037b2612358"
              ],
              "failures": [],
              "pending": [],
              "skipped": [],
              "duration": 925,
              "root": false,
              "rootEmpty": false,
              "_timeout": 5000
            },
            {
              "uuid": "a5fc7bfd-0ff4-4d72-a66a-c1c9de372709",
              "title": "secrets",
              "fullFile": "C:\\Users\\Vivek\\Projects\\mfkdf\\test\\examples\\examples.js",
              "file": "\\test\\examples\\examples.js",
              "beforeHooks": [],
              "afterHooks": [],
              "tests": [
                {
                  "title": "full",
                  "fullTitle": "examples secrets full",
                  "timedOut": false,
                  "duration": 0,
                  "state": "passed",
                  "speed": "fast",
                  "pass": true,
                  "fail": false,
                  "pending": false,
                  "context": null,
                  "code": "// share secret using 2-of-3 shares\nconst shares = mfkdf.secrets.share(\n  Buffer.from('abcdefghijklmnopqrst'),\n  2,\n  3\n) // -> [Buffer, Buffer, Buffer]\n// recover secret using 2 shares\nconst secret = mfkdf.secrets.combine([shares[0], null, shares[2]], 2, 3)\nsecret.toString() // -> hello world\n// recover original 3 shares\nconst recover = mfkdf.secrets.recover([shares[0], null, shares[2]], 2, 3) // -> [Buffer, Buffer, Buffer]\nrecover.should.be.a('array')",
                  "err": {},
                  "uuid": "65aa750c-2cf0-45df-bc22-7b87bc85f47e",
                  "parentUUID": "a5fc7bfd-0ff4-4d72-a66a-c1c9de372709",
                  "isHook": false,
                  "skipped": false
                }
              ],
              "suites": [],
              "passes": [
                "65aa750c-2cf0-45df-bc22-7b87bc85f47e"
              ],
              "failures": [],
              "pending": [],
              "skipped": [],
              "duration": 0,
              "root": false,
              "rootEmpty": false,
              "_timeout": 5000
            },
            {
              "uuid": "84f62fd9-9c41-44fd-b846-ff6ae7b4767f",
              "title": "policy",
              "fullFile": "C:\\Users\\Vivek\\Projects\\mfkdf\\test\\examples\\examples.js",
              "file": "\\test\\examples\\examples.js",
              "beforeHooks": [],
              "afterHooks": [],
              "tests": [
                {
                  "title": "validate",
                  "fullTitle": "examples policy validate",
                  "timedOut": false,
                  "duration": 21,
                  "state": "passed",
                  "speed": "slow",
                  "pass": true,
                  "fail": false,
                  "pending": false,
                  "context": null,
                  "code": "// setup key that can be derived from passwordA AND (passwordB OR passwordC)\nconst setup = await mfkdf.policy.setup(\n  await mfkdf.policy.and(\n    await mfkdf.setup.factors.password('passwordA', { id: 'passwordA' }),\n    await mfkdf.policy.or(\n      await mfkdf.setup.factors.password('passwordB', {\n        id: 'passwordB'\n      }),\n      await mfkdf.setup.factors.password('passwordC', { id: 'passwordC' })\n    )\n  )\n)\n// validate policy\nconst valid = mfkdf.policy.validate(setup.policy) // -> true\nvalid.should.be.true",
                  "err": {},
                  "uuid": "80bf0c33-ea09-41cc-b159-ffce7f8d8f2f",
                  "parentUUID": "84f62fd9-9c41-44fd-b846-ff6ae7b4767f",
                  "isHook": false,
                  "skipped": false
                },
                {
                  "title": "ids",
                  "fullTitle": "examples policy ids",
                  "timedOut": false,
                  "duration": 24,
                  "state": "passed",
                  "speed": "slow",
                  "pass": true,
                  "fail": false,
                  "pending": false,
                  "context": null,
                  "code": "// setup key that can be derived from passwordA AND (passwordB OR passwordC)\nconst setup = await mfkdf.policy.setup(\n  await mfkdf.policy.and(\n    await mfkdf.setup.factors.password('passwordA', { id: 'passwordA' }),\n    await mfkdf.policy.or(\n      await mfkdf.setup.factors.password('passwordB', {\n        id: 'passwordB'\n      }),\n      await mfkdf.setup.factors.password('passwordC', { id: 'passwordC' })\n    )\n  )\n)\n// get list of ids\nconst ids = mfkdf.policy.ids(setup.policy) // -> ['passwordA', 'passwordB', 'passwordC', ...]\nids.includes('passwordA').should.be.true\nids.includes('passwordB').should.be.true\nids.includes('passwordC').should.be.true",
                  "err": {},
                  "uuid": "76d8d86e-b675-4c34-8881-f83c81cbb287",
                  "parentUUID": "84f62fd9-9c41-44fd-b846-ff6ae7b4767f",
                  "isHook": false,
                  "skipped": false
                },
                {
                  "title": "evaluate",
                  "fullTitle": "examples policy evaluate",
                  "timedOut": false,
                  "duration": 24,
                  "state": "passed",
                  "speed": "slow",
                  "pass": true,
                  "fail": false,
                  "pending": false,
                  "context": null,
                  "code": "// setup key that can be derived from passwordA AND (passwordB OR passwordC)\nconst setup = await mfkdf.policy.setup(\n  await mfkdf.policy.and(\n    await mfkdf.setup.factors.password('passwordA', { id: 'passwordA' }),\n    await mfkdf.policy.or(\n      await mfkdf.setup.factors.password('passwordB', {\n        id: 'passwordB'\n      }),\n      await mfkdf.setup.factors.password('passwordC', { id: 'passwordC' })\n    )\n  )\n)\n// check if key can be derived with passwordA and passwordC\nconst valid1 = await mfkdf.policy.evaluate(setup.policy, [\n  'passwordA',\n  'passwordC'\n]) // -> true\n// check if key can be derived with passwordB and passwordC\nconst valid2 = await mfkdf.policy.evaluate(setup.policy, [\n  'passwordB',\n  'passwordC'\n]) // -> false\nvalid1.should.be.true\nvalid2.should.be.false",
                  "err": {},
                  "uuid": "92e96db0-92ee-4186-a939-9b083e89a1d0",
                  "parentUUID": "84f62fd9-9c41-44fd-b846-ff6ae7b4767f",
                  "isHook": false,
                  "skipped": false
                },
                {
                  "title": "setup/derive",
                  "fullTitle": "examples policy setup/derive",
                  "timedOut": false,
                  "duration": 56,
                  "state": "passed",
                  "speed": "slow",
                  "pass": true,
                  "fail": false,
                  "pending": false,
                  "context": null,
                  "code": "// setup key that can be derived from passwordA AND (passwordB OR passwordC)\nconst setup = await mfkdf.policy.setup(\n  await mfkdf.policy.and(\n    await mfkdf.setup.factors.password('passwordA', { id: 'passwordA' }),\n    await mfkdf.policy.or(\n      await mfkdf.setup.factors.password('passwordB', {\n        id: 'passwordB'\n      }),\n      await mfkdf.setup.factors.password('passwordC', { id: 'passwordC' })\n    )\n  )\n)\n// derive key with passwordA and passwordC (or passwordA and passwordB)\nconst derive = await mfkdf.policy.derive(setup.policy, {\n  passwordA: mfkdf.derive.factors.password('passwordA'),\n  passwordC: mfkdf.derive.factors.password('passwordC')\n})\nsetup.key.toString('hex') // -> e16a…5263\nderive.key.toString('hex') // -> e16a…5263\nsetup.key.toString('hex').should.equal(derive.key.toString('hex'))",
                  "err": {},
                  "uuid": "c4c63313-ffbd-43d1-af00-1d19178330fe",
                  "parentUUID": "84f62fd9-9c41-44fd-b846-ff6ae7b4767f",
                  "isHook": false,
                  "skipped": false
                },
                {
                  "title": "all",
                  "fullTitle": "examples policy all",
                  "timedOut": false,
                  "duration": 52,
                  "state": "passed",
                  "speed": "slow",
                  "pass": true,
                  "fail": false,
                  "pending": false,
                  "context": null,
                  "code": "// setup key that can be derived from passwordA AND passwordB AND passwordC\nconst setup = await mfkdf.policy.setup(\n  await mfkdf.policy.all([\n    await mfkdf.setup.factors.password('passwordA', { id: 'passwordA' }),\n    await mfkdf.setup.factors.password('passwordB', { id: 'passwordB' }),\n    await mfkdf.setup.factors.password('passwordC', { id: 'passwordC' })\n  ])\n)\n// derive key with passwordA and passwordB and passwordC\nconst derive = await mfkdf.policy.derive(setup.policy, {\n  passwordA: mfkdf.derive.factors.password('passwordA'),\n  passwordB: mfkdf.derive.factors.password('passwordB'),\n  passwordC: mfkdf.derive.factors.password('passwordC')\n})\nsetup.key.toString('hex') // -> e16a…5263\nderive.key.toString('hex') // -> e16a…5263\nsetup.key.toString('hex').should.equal(derive.key.toString('hex'))",
                  "err": {},
                  "uuid": "0413f025-9107-4d4f-ac50-335f0f85ba6f",
                  "parentUUID": "84f62fd9-9c41-44fd-b846-ff6ae7b4767f",
                  "isHook": false,
                  "skipped": false
                },
                {
                  "title": "any",
                  "fullTitle": "examples policy any",
                  "timedOut": false,
                  "duration": 56,
                  "state": "passed",
                  "speed": "slow",
                  "pass": true,
                  "fail": false,
                  "pending": false,
                  "context": null,
                  "code": "// setup key that can be derived from passwordA OR passwordB OR passwordC\nconst setup = await mfkdf.policy.setup(\n  await mfkdf.policy.any([\n    await mfkdf.setup.factors.password('passwordA', { id: 'passwordA' }),\n    await mfkdf.setup.factors.password('passwordB', { id: 'passwordB' }),\n    await mfkdf.setup.factors.password('passwordC', { id: 'passwordC' })\n  ])\n)\n// derive key with passwordA (or passwordB or passwordC)\nconst derive = await mfkdf.policy.derive(setup.policy, {\n  passwordB: mfkdf.derive.factors.password('passwordB')\n})\nsetup.key.toString('hex') // -> e16a…5263\nderive.key.toString('hex') // -> e16a…5263\nsetup.key.toString('hex').should.equal(derive.key.toString('hex'))",
                  "err": {},
                  "uuid": "8c7044ad-6119-4ffe-a8e0-72fb9948466f",
                  "parentUUID": "84f62fd9-9c41-44fd-b846-ff6ae7b4767f",
                  "isHook": false,
                  "skipped": false
                },
                {
                  "title": "atLeast2",
                  "fullTitle": "examples policy atLeast2",
                  "timedOut": false,
                  "duration": 52,
                  "state": "passed",
                  "speed": "slow",
                  "pass": true,
                  "fail": false,
                  "pending": false,
                  "context": null,
                  "code": "// setup key that can be derived from at least 2 of (passwordA, passwordB, passwordC)\nconst setup = await mfkdf.policy.setup(\n  await mfkdf.policy.any([\n    await mfkdf.setup.factors.password('passwordA', { id: 'passwordA' }),\n    await mfkdf.setup.factors.password('passwordB', { id: 'passwordB' }),\n    await mfkdf.setup.factors.password('passwordC', { id: 'passwordC' })\n  ])\n)\n// derive key with passwordA and passwordB (or passwordA and passwordC, or passwordB and passwordC)\nconst derive = await mfkdf.policy.derive(setup.policy, {\n  passwordA: mfkdf.derive.factors.password('passwordA'),\n  passwordB: mfkdf.derive.factors.password('passwordB')\n})\nsetup.key.toString('hex') // -> e16a…5263\nderive.key.toString('hex') // -> e16a…5263\nsetup.key.toString('hex').should.equal(derive.key.toString('hex'))",
                  "err": {},
                  "uuid": "f263a5c5-aa6e-4dc4-8695-c61c38431d53",
                  "parentUUID": "84f62fd9-9c41-44fd-b846-ff6ae7b4767f",
                  "isHook": false,
                  "skipped": false
                }
              ],
              "suites": [],
              "passes": [
                "80bf0c33-ea09-41cc-b159-ffce7f8d8f2f",
                "76d8d86e-b675-4c34-8881-f83c81cbb287",
                "92e96db0-92ee-4186-a939-9b083e89a1d0",
                "c4c63313-ffbd-43d1-af00-1d19178330fe",
                "0413f025-9107-4d4f-ac50-335f0f85ba6f",
                "8c7044ad-6119-4ffe-a8e0-72fb9948466f",
                "f263a5c5-aa6e-4dc4-8695-c61c38431d53"
              ],
              "failures": [],
              "pending": [],
              "skipped": [],
              "duration": 285,
              "root": false,
              "rootEmpty": false,
              "_timeout": 5000
            },
            {
              "uuid": "fbf790cc-9923-41fa-b2fa-42918b44baf6",
              "title": "reconstitution",
              "fullFile": "C:\\Users\\Vivek\\Projects\\mfkdf\\test\\examples\\examples.js",
              "file": "\\test\\examples\\examples.js",
              "beforeHooks": [],
              "afterHooks": [],
              "tests": [
                {
                  "title": "setThreshold",
                  "fullTitle": "examples reconstitution setThreshold",
                  "timedOut": false,
                  "duration": 49,
                  "state": "passed",
                  "speed": "slow",
                  "pass": true,
                  "fail": false,
                  "pending": false,
                  "context": null,
                  "code": "// setup 3-factor multi-factor derived key\nconst setup = await mfkdf.setup.key([\n  await mfkdf.setup.factors.password('password1', { id: 'password1' }),\n  await mfkdf.setup.factors.password('password2', { id: 'password2' }),\n  await mfkdf.setup.factors.password('password3', { id: 'password3' })\n])\n// change threshold to 2/3\nawait setup.setThreshold(2)\n// derive key with 2 factors\nconst derived = await mfkdf.derive.key(setup.policy, {\n  password1: mfkdf.derive.factors.password('password1'),\n  password3: mfkdf.derive.factors.password('password3')\n})\nsetup.key.toString('hex') // -> 6458…dc3c\nderived.key.toString('hex') // -> 6458…dc3c\nsetup.key.toString('hex').should.equal(derived.key.toString('hex'))",
                  "err": {},
                  "uuid": "a979c7c1-efa8-47cf-96a8-18216fc966ba",
                  "parentUUID": "fbf790cc-9923-41fa-b2fa-42918b44baf6",
                  "isHook": false,
                  "skipped": false
                },
                {
                  "title": "removeFactor",
                  "fullTitle": "examples reconstitution removeFactor",
                  "timedOut": false,
                  "duration": 50,
                  "state": "passed",
                  "speed": "slow",
                  "pass": true,
                  "fail": false,
                  "pending": false,
                  "context": null,
                  "code": "// setup 2-of-3-factor multi-factor derived key\nconst setup = await mfkdf.setup.key(\n  [\n    await mfkdf.setup.factors.password('password1', { id: 'password1' }),\n    await mfkdf.setup.factors.password('password2', { id: 'password2' }),\n    await mfkdf.setup.factors.password('password3', { id: 'password3' })\n  ],\n  { threshold: 2 }\n)\n// remove one of the factors\nawait setup.removeFactor('password2')\n// derive key with remaining 2 factors\nconst derived = await mfkdf.derive.key(setup.policy, {\n  password1: mfkdf.derive.factors.password('password1'),\n  password3: mfkdf.derive.factors.password('password3')\n})\nsetup.key.toString('hex') // -> 6458…dc3c\nderived.key.toString('hex') // -> 6458…dc3c\nsetup.key.toString('hex').should.equal(derived.key.toString('hex'))",
                  "err": {},
                  "uuid": "40f2d438-5d0a-42f7-b961-9a8b9ab5f605",
                  "parentUUID": "fbf790cc-9923-41fa-b2fa-42918b44baf6",
                  "isHook": false,
                  "skipped": false
                },
                {
                  "title": "removeFactors",
                  "fullTitle": "examples reconstitution removeFactors",
                  "timedOut": false,
                  "duration": 51,
                  "state": "passed",
                  "speed": "slow",
                  "pass": true,
                  "fail": false,
                  "pending": false,
                  "context": null,
                  "code": "// setup 1-of-3-factor multi-factor derived key\nconst setup = await mfkdf.setup.key(\n  [\n    await mfkdf.setup.factors.password('password1', { id: 'password1' }),\n    await mfkdf.setup.factors.password('password2', { id: 'password2' }),\n    await mfkdf.setup.factors.password('password3', { id: 'password3' })\n  ],\n  { threshold: 1 }\n)\n// remove two factors\nawait setup.removeFactors(['password1', 'password2'])\n// derive key with remaining factor\nconst derived = await mfkdf.derive.key(setup.policy, {\n  password3: mfkdf.derive.factors.password('password3')\n})\nsetup.key.toString('hex') // -> 6458…dc3c\nderived.key.toString('hex') // -> 6458…dc3c\nsetup.key.toString('hex').should.equal(derived.key.toString('hex'))",
                  "err": {},
                  "uuid": "44afe46a-260a-4aad-b7bb-8369c2f5503f",
                  "parentUUID": "fbf790cc-9923-41fa-b2fa-42918b44baf6",
                  "isHook": false,
                  "skipped": false
                },
                {
                  "title": "addFactor",
                  "fullTitle": "examples reconstitution addFactor",
                  "timedOut": false,
                  "duration": 53,
                  "state": "passed",
                  "speed": "slow",
                  "pass": true,
                  "fail": false,
                  "pending": false,
                  "context": null,
                  "code": "// setup 2-of-3-factor multi-factor derived key\nconst setup = await mfkdf.setup.key(\n  [\n    await mfkdf.setup.factors.password('password1', { id: 'password1' }),\n    await mfkdf.setup.factors.password('password2', { id: 'password2' }),\n    await mfkdf.setup.factors.password('password3', { id: 'password3' })\n  ],\n  { threshold: 2 }\n)\n// add fourth factor\nawait setup.addFactor(\n  await mfkdf.setup.factors.password('password4', { id: 'password4' })\n)\n// derive key with any 2 factors\nconst derived = await mfkdf.derive.key(setup.policy, {\n  password2: mfkdf.derive.factors.password('password2'),\n  password4: mfkdf.derive.factors.password('password4')\n})\nsetup.key.toString('hex') // -> 6458…dc3c\nderived.key.toString('hex') // -> 6458…dc3c\nsetup.key.toString('hex').should.equal(derived.key.toString('hex'))",
                  "err": {},
                  "uuid": "eaa27e2e-ba6d-47ab-88f0-8cf335616e5c",
                  "parentUUID": "fbf790cc-9923-41fa-b2fa-42918b44baf6",
                  "isHook": false,
                  "skipped": false
                },
                {
                  "title": "addFactors",
                  "fullTitle": "examples reconstitution addFactors",
                  "timedOut": false,
                  "duration": 52,
                  "state": "passed",
                  "speed": "slow",
                  "pass": true,
                  "fail": false,
                  "pending": false,
                  "context": null,
                  "code": "// setup 2-of-3-factor multi-factor derived key\nconst setup = await mfkdf.setup.key(\n  [\n    await mfkdf.setup.factors.password('password1', { id: 'password1' }),\n    await mfkdf.setup.factors.password('password2', { id: 'password2' }),\n    await mfkdf.setup.factors.password('password3', { id: 'password3' })\n  ],\n  { threshold: 2 }\n)\n// add two more factors\nawait setup.addFactors([\n  await mfkdf.setup.factors.password('password4', { id: 'password4' }),\n  await mfkdf.setup.factors.password('password5', { id: 'password5' })\n])\n// derive key with any 2 factors\nconst derived = await mfkdf.derive.key(setup.policy, {\n  password3: mfkdf.derive.factors.password('password3'),\n  password5: mfkdf.derive.factors.password('password5')\n})\nsetup.key.toString('hex') // -> 6458…dc3c\nderived.key.toString('hex') // -> 6458…dc3c\nsetup.key.toString('hex').should.equal(derived.key.toString('hex'))",
                  "err": {},
                  "uuid": "79e9fc52-8687-44b8-968a-280d85f7bf9f",
                  "parentUUID": "fbf790cc-9923-41fa-b2fa-42918b44baf6",
                  "isHook": false,
                  "skipped": false
                },
                {
                  "title": "recoverFactor",
                  "fullTitle": "examples reconstitution recoverFactor",
                  "timedOut": false,
                  "duration": 50,
                  "state": "passed",
                  "speed": "slow",
                  "pass": true,
                  "fail": false,
                  "pending": false,
                  "context": null,
                  "code": "// setup 3-factor multi-factor derived key\nconst setup = await mfkdf.setup.key([\n  await mfkdf.setup.factors.password('password1', { id: 'password1' }),\n  await mfkdf.setup.factors.password('password2', { id: 'password2' }),\n  await mfkdf.setup.factors.password('password3', { id: 'password3' })\n])\n// change the 2nd factor\nawait setup.recoverFactor(\n  await mfkdf.setup.factors.password('newPassword2', { id: 'password2' })\n)\n// derive key with new factors\nconst derived = await mfkdf.derive.key(setup.policy, {\n  password1: mfkdf.derive.factors.password('password1'),\n  password2: mfkdf.derive.factors.password('newPassword2'),\n  password3: mfkdf.derive.factors.password('password3')\n})\nsetup.key.toString('hex') // -> 6458…dc3c\nderived.key.toString('hex') // -> 6458…dc3c\nsetup.key.toString('hex').should.equal(derived.key.toString('hex'))",
                  "err": {},
                  "uuid": "05a205b9-5abb-474e-a995-bc3979c97150",
                  "parentUUID": "fbf790cc-9923-41fa-b2fa-42918b44baf6",
                  "isHook": false,
                  "skipped": false
                },
                {
                  "title": "recoverFactors",
                  "fullTitle": "examples reconstitution recoverFactors",
                  "timedOut": false,
                  "duration": 52,
                  "state": "passed",
                  "speed": "slow",
                  "pass": true,
                  "fail": false,
                  "pending": false,
                  "context": null,
                  "code": "// setup 3-factor multi-factor derived key\nconst setup = await mfkdf.setup.key([\n  await mfkdf.setup.factors.password('password1', { id: 'password1' }),\n  await mfkdf.setup.factors.password('password2', { id: 'password2' }),\n  await mfkdf.setup.factors.password('password3', { id: 'password3' })\n])\n// change 2 factors\nawait setup.recoverFactors([\n  await mfkdf.setup.factors.password('newPassword2', { id: 'password2' }),\n  await mfkdf.setup.factors.password('newPassword3', { id: 'password3' })\n])\n// derive key with new factors\nconst derived = await mfkdf.derive.key(setup.policy, {\n  password1: mfkdf.derive.factors.password('password1'),\n  password2: mfkdf.derive.factors.password('newPassword2'),\n  password3: mfkdf.derive.factors.password('newPassword3')\n})\nsetup.key.toString('hex') // -> 6458…dc3c\nderived.key.toString('hex') // -> 6458…dc3c\nsetup.key.toString('hex').should.equal(derived.key.toString('hex'))",
                  "err": {},
                  "uuid": "1561971f-d37c-4704-82b1-16a28abe7e21",
                  "parentUUID": "fbf790cc-9923-41fa-b2fa-42918b44baf6",
                  "isHook": false,
                  "skipped": false
                },
                {
                  "title": "reconstitute",
                  "fullTitle": "examples reconstitution reconstitute",
                  "timedOut": false,
                  "duration": 53,
                  "state": "passed",
                  "speed": "slow",
                  "pass": true,
                  "fail": false,
                  "pending": false,
                  "context": null,
                  "code": "// setup 2-of-3-factor multi-factor derived key\nconst setup = await mfkdf.setup.key(\n  [\n    await mfkdf.setup.factors.password('password1', { id: 'password1' }),\n    await mfkdf.setup.factors.password('password2', { id: 'password2' }),\n    await mfkdf.setup.factors.password('password3', { id: 'password3' })\n  ],\n  { threshold: 2 }\n)\n// remove 1 factor and add 1 new factor\nawait setup.reconstitute(\n  ['password1'], // remove\n  [await mfkdf.setup.factors.password('password4', { id: 'password4' })] // add\n)\n// derive key with new factors\nconst derived = await mfkdf.derive.key(setup.policy, {\n  password3: mfkdf.derive.factors.password('password3'),\n  password4: mfkdf.derive.factors.password('password4')\n})\nsetup.key.toString('hex') // -> 6458…dc3c\nderived.key.toString('hex') // -> 6458…dc3c\nsetup.key.toString('hex').should.equal(derived.key.toString('hex'))",
                  "err": {},
                  "uuid": "952be1f8-4b1d-4f78-91fb-fea0fc306239",
                  "parentUUID": "fbf790cc-9923-41fa-b2fa-42918b44baf6",
                  "isHook": false,
                  "skipped": false
                }
              ],
              "suites": [],
              "passes": [
                "a979c7c1-efa8-47cf-96a8-18216fc966ba",
                "40f2d438-5d0a-42f7-b961-9a8b9ab5f605",
                "44afe46a-260a-4aad-b7bb-8369c2f5503f",
                "eaa27e2e-ba6d-47ab-88f0-8cf335616e5c",
                "79e9fc52-8687-44b8-968a-280d85f7bf9f",
                "05a205b9-5abb-474e-a995-bc3979c97150",
                "1561971f-d37c-4704-82b1-16a28abe7e21",
                "952be1f8-4b1d-4f78-91fb-fea0fc306239"
              ],
              "failures": [],
              "pending": [],
              "skipped": [],
              "duration": 410,
              "root": false,
              "rootEmpty": false,
              "_timeout": 5000
            },
            {
              "uuid": "39289ffd-661c-4e59-8911-e2ff714825b2",
              "title": "persistence",
              "fullFile": "C:\\Users\\Vivek\\Projects\\mfkdf\\test\\examples\\examples.js",
              "file": "\\test\\examples\\examples.js",
              "beforeHooks": [],
              "afterHooks": [],
              "tests": [
                {
                  "title": "persistence",
                  "fullTitle": "examples persistence persistence",
                  "timedOut": false,
                  "duration": 51,
                  "state": "passed",
                  "speed": "slow",
                  "pass": true,
                  "fail": false,
                  "pending": false,
                  "context": null,
                  "code": "// setup 3-factor multi-factor derived key\nconst setup = await mfkdf.setup.key([\n  await mfkdf.setup.factors.password('password1', { id: 'password1' }),\n  await mfkdf.setup.factors.password('password2', { id: 'password2' }),\n  await mfkdf.setup.factors.password('password3', { id: 'password3' })\n])\n// persist one of the factors\nconst factor2 = setup.persistFactor('password2')\n// derive key with 2 factors\nconst derived = await mfkdf.derive.key(setup.policy, {\n  password1: mfkdf.derive.factors.password('password1'),\n  password2: mfkdf.derive.factors.persisted(factor2),\n  password3: mfkdf.derive.factors.password('password3')\n})\nsetup.key.toString('hex') // -> 6458…dc3c\nderived.key.toString('hex') // -> 6458…dc3c\nsetup.key.toString('hex').should.equal(derived.key.toString('hex'))",
                  "err": {},
                  "uuid": "f8b5b364-aed8-4eb3-898f-109c053c49b2",
                  "parentUUID": "39289ffd-661c-4e59-8911-e2ff714825b2",
                  "isHook": false,
                  "skipped": false
                }
              ],
              "suites": [],
              "passes": [
                "f8b5b364-aed8-4eb3-898f-109c053c49b2"
              ],
              "failures": [],
              "pending": [],
              "skipped": [],
              "duration": 51,
              "root": false,
              "rootEmpty": false,
              "_timeout": 5000
            },
            {
              "uuid": "881ac058-9d93-41ff-a4b2-dba134ab9dde",
              "title": "crypto",
              "fullFile": "C:\\Users\\Vivek\\Projects\\mfkdf\\test\\examples\\examples.js",
              "file": "\\test\\examples\\examples.js",
              "beforeHooks": [],
              "afterHooks": [],
              "tests": [
                {
                  "title": "getSubkey",
                  "fullTitle": "examples crypto getSubkey",
                  "timedOut": false,
                  "duration": 23,
                  "state": "passed",
                  "speed": "slow",
                  "pass": true,
                  "fail": false,
                  "pending": false,
                  "context": null,
                  "code": "// setup multi-factor derived key\nconst key = await mfkdf.setup.key([\n  await mfkdf.setup.factors.password('password')\n])\n// get sub-key for \"eth\"\nconst subkey = key.getSubkey('eth')\nsubkey.toString('hex') // -> 97cb…bac5",
                  "err": {},
                  "uuid": "026f1eff-2b95-44d6-a93e-63b85b842c06",
                  "parentUUID": "881ac058-9d93-41ff-a4b2-dba134ab9dde",
                  "isHook": false,
                  "skipped": false
                }
              ],
              "suites": [],
              "passes": [
                "026f1eff-2b95-44d6-a93e-63b85b842c06"
              ],
              "failures": [],
              "pending": [],
              "skipped": [],
              "duration": 23,
              "root": false,
              "rootEmpty": false,
              "_timeout": 5000
            }
          ],
          "passes": [
            "3243cc7a-dc9a-4425-9f4d-386cad8a5a98",
            "b8272b8d-060a-47cf-b00d-13b394586561"
          ],
          "failures": [],
          "pending": [],
          "skipped": [],
          "duration": 100,
          "root": false,
          "rootEmpty": false,
          "_timeout": 5000
        },
        {
          "uuid": "c538c31b-f7b2-4ef6-9d20-1e016fd756e9",
          "title": "site",
          "fullFile": "C:\\Users\\Vivek\\Projects\\mfkdf\\test\\examples\\site.js",
          "file": "\\test\\examples\\site.js",
[...]
            "9a2c9040-6da5-49b2-830a-b3984df6dfb9"
          ],
          "failures": [],
          "pending": [],
          "skipped": [],
          "duration": 1,
          "root": false,
          "rootEmpty": false,
          "_timeout": 5000
        },
        {
          "uuid": "23d31eda-11ad-4591-9325-03671b2ec2f5",
          "title": "setup/key",
          "fullFile": "C:\\Users\\Vivek\\Projects\\mfkdf\\test\\setup\\key.js",
          "file": "\\test\\setup\\key.js",
          "beforeHooks": [],
          "afterHooks": [],
          "tests": [
            {
              "title": "default",
              "fullTitle": "setup/key default",
              "timedOut": false,
              "duration": 26,
              "state": "passed",
              "speed": "slow",
              "pass": true,
              "fail": false,
              "pending": false,
              "context": null,
              "code": "const key = await mfkdf.setup.key([\n  await mfkdf.setup.factors.password('hello')\n])\najv.validate(policySchema, key.policy).should.be.true",
              "err": {},
              "uuid": "20b33d08-dc0d-4900-87d5-95e9f93144b0",
              "parentUUID": "23d31eda-11ad-4591-9325-03671b2ec2f5",
              "isHook": false,
              "skipped": false
            }
          ],
          "suites": [
            {
              "uuid": "6c17073d-d4db-4ec0-8231-37d3b77e7191",
              "title": "id",
              "fullFile": "C:\\Users\\Vivek\\Projects\\mfkdf\\test\\setup\\key.js",
              "file": "\\test\\setup\\key.js",
              "beforeHooks": [],
              "afterHooks": [],
              "tests": [
                {
                  "title": "default",
                  "fullTitle": "setup/key id default",
                  "timedOut": false,
                  "duration": 21,
                  "state": "passed",
                  "speed": "slow",
                  "pass": true,
                  "fail": false,
                  "pending": false,
                  "context": null,
                  "code": "const { policy } = await mfkdf.setup.key([\n  await mfkdf.setup.factors.password('hello')\n])\npolicy.$id.should.be.a('string')",
                  "err": {},
                  "uuid": "f8d343a3-e602-426f-9f73-c16530a1cf27",
                  "parentUUID": "6c17073d-d4db-4ec0-8231-37d3b77e7191",
                  "isHook": false,
                  "skipped": false
                },
                {
                  "title": "valid",
                  "fullTitle": "setup/key id valid",
                  "timedOut": false,
                  "duration": 22,
                  "state": "passed",
                  "speed": "slow",
                  "pass": true,
                  "fail": false,
                  "pending": false,
                  "context": null,
                  "code": "const { policy } = await mfkdf.setup.key(\n  [await mfkdf.setup.factors.password('hello')],\n  { id: 'hello-world' }\n)\npolicy.$id.should.equal('hello-world')",
                  "err": {},
                  "uuid": "39f1b9fe-febc-4193-a21d-a8be2d168dd5",
                  "parentUUID": "6c17073d-d4db-4ec0-8231-37d3b77e7191",
                  "isHook": false,
                  "skipped": false
                },
                {
                  "title": "invalid/type",
                  "fullTitle": "setup/key id invalid/type",
                  "timedOut": false,
                  "duration": 0,
                  "state": "passed",
                  "speed": "fast",
                  "pass": true,
                  "fail": false,
                  "pending": false,
                  "context": null,
                  "code": "await mfkdf.setup\n  .key([await mfkdf.setup.factors.password('hello')], { id: 12345 })\n  .should.be.rejectedWith(TypeError)",
                  "err": {},
                  "uuid": "6b05d741-0c4f-4b43-8211-433c3cfcdbe3",
                  "parentUUID": "6c17073d-d4db-4ec0-8231-37d3b77e7191",
                  "isHook": false,
                  "skipped": false
                },
                {
                  "title": "invalid/range",
                  "fullTitle": "setup/key id invalid/range",
                  "timedOut": false,
                  "duration": 0,
                  "state": "passed",
                  "speed": "fast",
                  "pass": true,
                  "fail": false,
                  "pending": false,
                  "context": null,
                  "code": "await mfkdf.setup\n  .key([await mfkdf.setup.factors.password('hello')], { id: '' })\n  .should.be.rejectedWith(RangeError)",
                  "err": {},
                  "uuid": "d3164f55-0b07-412a-9a42-5a5a8ed48b8f",
                  "parentUUID": "6c17073d-d4db-4ec0-8231-37d3b77e7191",
                  "isHook": false,
                  "skipped": false
                }
              ],
              "suites": [],
              "passes": [
                "f8d343a3-e602-426f-9f73-c16530a1cf27",
                "39f1b9fe-febc-4193-a21d-a8be2d168dd5",
                "6b05d741-0c4f-4b43-8211-433c3cfcdbe3",
                "d3164f55-0b07-412a-9a42-5a5a8ed48b8f"
              ],
              "failures": [],
              "pending": [],
              "skipped": [],
              "duration": 43,
              "root": false,
              "rootEmpty": false,
              "_timeout": 5000
            },
            {
              "uuid": "b78b12c3-855f-4083-ac31-87eaf5b7f907",
              "title": "threshold",
              "fullFile": "C:\\Users\\Vivek\\Projects\\mfkdf\\test\\setup\\key.js",
              "file": "\\test\\setup\\key.js",
              "beforeHooks": [],
              "afterHooks": [],
              "tests": [
                {
                  "title": "default",
                  "fullTitle": "setup/key threshold default",
                  "timedOut": false,
                  "duration": 22,
                  "state": "passed",
                  "speed": "slow",
                  "pass": true,
                  "fail": false,
                  "pending": false,
                  "context": null,
                  "code": "const { policy } = await mfkdf.setup.key([\n  await mfkdf.setup.factors.password('hello', { id: 'password1' }),\n  await mfkdf.setup.factors.password('hello', { id: 'password2' })\n])\npolicy.threshold.should.equal(2)",
                  "err": {},
                  "uuid": "50233d21-0e64-4764-b079-031e90550cee",
                  "parentUUID": "b78b12c3-855f-4083-ac31-87eaf5b7f907",
                  "isHook": false,
                  "skipped": false
                },
                {
                  "title": "valid",
                  "fullTitle": "setup/key threshold valid",
                  "timedOut": false,
                  "duration": 19,
                  "state": "passed",
                  "speed": "slow",
                  "pass": true,
                  "fail": false,
                  "pending": false,
                  "context": null,
                  "code": "const { policy } = await mfkdf.setup.key(\n  [\n    await mfkdf.setup.factors.password('hello', { id: 'password1' }),\n    await mfkdf.setup.factors.password('hello', { id: 'password2' })\n  ],\n  { threshold: 1 }\n)\npolicy.threshold.should.equal(1)",
                  "err": {},
                  "uuid": "30e979ea-45fd-4843-8d8c-f9d3a9f6e9c1",
                  "parentUUID": "b78b12c3-855f-4083-ac31-87eaf5b7f907",
                  "isHook": false,
                  "skipped": false
                },
                {
                  "title": "invalid/type",
                  "fullTitle": "setup/key threshold invalid/type",
                  "timedOut": false,
                  "duration": 0,
                  "state": "passed",
                  "speed": "fast",
                  "pass": true,
                  "fail": false,
                  "pending": false,
                  "context": null,
                  "code": "await mfkdf.setup\n  .key([await mfkdf.setup.factors.password('hello')], {\n    threshold: 'hello'\n  })\n  .should.be.rejectedWith(TypeError)",
                  "err": {},
                  "uuid": "e973e160-cf3c-44e2-b461-e2f408d8c3c9",
                  "parentUUID": "b78b12c3-855f-4083-ac31-87eaf5b7f907",
                  "isHook": false,
                  "skipped": false
                },
                {
                  "title": "invalid/range",
                  "fullTitle": "setup/key threshold invalid/range",
                  "timedOut": false,
                  "duration": 1,
                  "state": "passed",
                  "speed": "slow",
                  "pass": true,
                  "fail": false,
                  "pending": false,
                  "context": null,
                  "code": "await mfkdf.setup\n  .key([await mfkdf.setup.factors.password('hello')], { threshold: 0 })\n  .should.be.rejectedWith(RangeError)\nawait mfkdf.setup\n  .key([await mfkdf.setup.factors.password('hello')], { threshold: 2 })\n  .should.be.rejectedWith(RangeError)",
                  "err": {},
                  "uuid": "f344055c-e5be-4de0-892e-90eb5fa44aa4",
                  "parentUUID": "b78b12c3-855f-4083-ac31-87eaf5b7f907",
                  "isHook": false,
                  "skipped": false
                }
              ],
              "suites": [],
              "passes": [
                "50233d21-0e64-4764-b079-031e90550cee",
                "30e979ea-45fd-4843-8d8c-f9d3a9f6e9c1",
                "e973e160-cf3c-44e2-b461-e2f408d8c3c9",
                "f344055c-e5be-4de0-892e-90eb5fa44aa4"
              ],
              "failures": [],
              "pending": [],
              "skipped": [],
              "duration": 42,
              "root": false,
              "rootEmpty": false,
              "_timeout": 5000
            },
            {
              "uuid": "7c6e6eab-2560-48fd-8b71-6f43a5ea6373",
              "title": "salt",
              "fullFile": "C:\\Users\\Vivek\\Projects\\mfkdf\\test\\setup\\key.js",
              "file": "\\test\\setup\\key.js",
              "beforeHooks": [],
              "afterHooks": [],
              "tests": [
                {
                  "title": "default",
                  "fullTitle": "setup/key salt default",
                  "timedOut": false,
                  "duration": 24,
                  "state": "passed",
                  "speed": "slow",
                  "pass": true,
                  "fail": false,
                  "pending": false,
                  "context": null,
                  "code": "const { policy } = await mfkdf.setup.key([\n  await mfkdf.setup.factors.password('hello')\n])\nconst salt = Buffer.from(policy.salt, 'base64')\nsalt.length.should.equal(32)",
                  "err": {},
                  "uuid": "d0ffa92a-97b4-4031-aa3e-5fc60f8a9314",
                  "parentUUID": "7c6e6eab-2560-48fd-8b71-6f43a5ea6373",
                  "isHook": false,
                  "skipped": false
                },
                {
                  "title": "valid",
                  "fullTitle": "setup/key salt valid",
                  "timedOut": false,
                  "duration": 19,
                  "state": "passed",
                  "speed": "slow",
                  "pass": true,
                  "fail": false,
                  "pending": false,
                  "context": null,
                  "code": "const { policy } = await mfkdf.setup.key(\n  [await mfkdf.setup.factors.password('hello')],\n  { salt: Buffer.from('1234567812345678', 'base64') }\n)\npolicy.salt.should.equal('1234567812345678')",
                  "err": {},
                  "uuid": "83480c8f-325c-4c91-86db-8cbb2253a7e8",
                  "parentUUID": "7c6e6eab-2560-48fd-8b71-6f43a5ea6373",
                  "isHook": false,
                  "skipped": false
                },
                {
                  "title": "invalid/type",
                  "fullTitle": "setup/key salt invalid/type",
                  "timedOut": false,
                  "duration": 0,
                  "state": "passed",
                  "speed": "fast",
                  "pass": true,
                  "fail": false,
                  "pending": false,
                  "context": null,
                  "code": "await mfkdf.setup\n  .key([await mfkdf.setup.factors.password('hello')], { salt: 'hello' })\n  .should.be.rejectedWith(TypeError)",
                  "err": {},
                  "uuid": "4877d862-8ea8-42b0-926f-1c58a3118c7e",
                  "parentUUID": "7c6e6eab-2560-48fd-8b71-6f43a5ea6373",
                  "isHook": false,
                  "skipped": false
                }
              ],
              "suites": [],
              "passes": [
                "d0ffa92a-97b4-4031-aa3e-5fc60f8a9314",
                "83480c8f-325c-4c91-86db-8cbb2253a7e8",
                "4877d862-8ea8-42b0-926f-1c58a3118c7e"
              ],
              "failures": [],
              "pending": [],
              "skipped": [],
              "duration": 43,
              "root": false,
              "rootEmpty": false,
              "_timeout": 5000
            },
            {
              "uuid": "6a9c9801-2540-4cf3-b80b-004863620b8c",
              "title": "factors",
              "fullFile": "C:\\Users\\Vivek\\Projects\\mfkdf\\test\\setup\\key.js",
              "file": "\\test\\setup\\key.js",
              "beforeHooks": [],
              "afterHooks": [],
              "tests": [
                {
                  "title": "valid",
                  "fullTitle": "setup/key factors valid",
                  "timedOut": false,
                  "duration": 24,
                  "state": "passed",
                  "speed": "slow",
                  "pass": true,
                  "fail": false,
                  "pending": false,
                  "context": null,
                  "code": "await mfkdf.setup.key([\n  {\n    type: 'password',\n    id: 'password',\n    data: Buffer.from('password', 'utf-8'),\n    params: async () => {\n      return {}\n    },\n    output: async () => {\n      return {}\n    }\n  }\n])",
                  "err": {},
                  "uuid": "cc8e8c46-1c04-4d75-8ec0-a54048215461",
                  "parentUUID": "6a9c9801-2540-4cf3-b80b-004863620b8c",
                  "isHook": false,
                  "skipped": false
                },
                {
                  "title": "id",
                  "fullTitle": "setup/key factors id",
                  "timedOut": false,
                  "duration": 1,
                  "state": "passed",
                  "speed": "slow",
                  "pass": true,
                  "fail": false,
                  "pending": false,
                  "context": null,
                  "code": "await mfkdf.setup\n  .key([\n    await mfkdf.setup.factors.password('hello', { id: 'password1' }),\n    await mfkdf.setup.factors.password('hello', { id: 'password1' })\n  ])\n  .should.be.rejectedWith(RangeError)",
                  "err": {},
                  "uuid": "264c4ac4-b582-4311-9a9c-6b30417e7c66",
                  "parentUUID": "6a9c9801-2540-4cf3-b80b-004863620b8c",
                  "isHook": false,
                  "skipped": false
                },
                {
                  "title": "invalid/type",
                  "fullTitle": "setup/key factors invalid/type",
                  "timedOut": false,
                  "duration": 1,
                  "state": "passed",
                  "speed": "slow",
                  "pass": true,
                  "fail": false,
                  "pending": false,
                  "context": null,
                  "code": "await mfkdf.setup.key('hello').should.be.rejectedWith(TypeError)\nawait mfkdf.setup\n  .key([\n    {\n      type: 12345,\n      id: 'password',\n      data: Buffer.from('password', 'utf-8'),\n      params: async () => {\n        return {}\n      }\n    }\n  ])\n  .should.be.rejectedWith(TypeError)\nawait mfkdf.setup\n  .key([\n    {\n      type: 'password',\n      id: 12345,\n      data: Buffer.from('password', 'utf-8'),\n      params: async () => {\n        return {}\n      }\n    }\n  ])\n  .should.be.rejectedWith(TypeError)\nawait mfkdf.setup\n  .key([\n    {\n      type: 'password',\n      id: 'password',\n      data: 12345,\n      params: async () => {\n        return {}\n      }\n    }\n  ])\n  .should.be.rejectedWith(TypeError)\nawait mfkdf.setup\n  .key([\n    {\n      type: 'password',\n      id: 'password',\n      data: Buffer.from('password', 'utf-8'),\n      params: 12345\n    }\n  ])\n  .should.be.rejectedWith(TypeError)",
                  "err": {},
                  "uuid": "d2ab7f65-a2ed-4832-87fd-3ccc4a4d89e8",
                  "parentUUID": "6a9c9801-2540-4cf3-b80b-004863620b8c",
                  "isHook": false,
                  "skipped": false
                },
                {
                  "title": "invalid/range",
                  "fullTitle": "setup/key factors invalid/range",
                  "timedOut": false,
                  "duration": 0,
                  "state": "passed",
                  "speed": "fast",
                  "pass": true,
                  "fail": false,
                  "pending": false,
                  "context": null,
                  "code": "await mfkdf.setup.key([]).should.be.rejectedWith(RangeError)\nawait mfkdf.setup\n  .key([\n    {\n      type: '',\n      id: 'password',\n      data: Buffer.from('password', 'utf-8'),\n      params: async () => {\n        return {}\n      }\n    }\n  ])\n  .should.be.rejectedWith(RangeError)\nawait mfkdf.setup\n  .key([\n    {\n      type: 'password',\n      id: '',\n      data: Buffer.from('password', 'utf-8'),\n      params: async () => {\n        return {}\n      }\n    }\n  ])\n  .should.be.rejectedWith(RangeError)\nawait mfkdf.setup\n  .key([\n    {\n      type: 'password',\n      id: 'password',\n      data: Buffer.from('', 'utf-8'),\n      params: async () => {\n        return {}\n      }\n    }\n  ])\n  .should.be.rejectedWith(RangeError)",
                  "err": {},
                  "uuid": "0599e0de-f5b0-41e3-b546-82cc837bb73d",
                  "parentUUID": "6a9c9801-2540-4cf3-b80b-004863620b8c",
                  "isHook": false,
                  "skipped": false
                }
              ],
              "suites": [],
              "passes": [
                "cc8e8c46-1c04-4d75-8ec0-a54048215461",
                "264c4ac4-b582-4311-9a9c-6b30417e7c66",
                "d2ab7f65-a2ed-4832-87fd-3ccc4a4d89e8",
                "0599e0de-f5b0-41e3-b546-82cc837bb73d"
              ],
              "failures": [],
              "pending": [],
              "skipped": [],
              "duration": 26,
              "root": false,
              "rootEmpty": false,
              "_timeout": 5000
            }
          ],
          "passes": [
            "20b33d08-dc0d-4900-87d5-95e9f93144b0"
          ],
          "failures": [],
          "pending": [],
          "skipped": [],
          "duration": 26,
          "root": false,
          "rootEmpty": false,
          "_timeout": 5000
        }
      ],
      "passes": [],
      "failures": [],
      "pending": [],
      "skipped": [],
      "duration": 0,
      "root": true,
      "rootEmpty": true,
      "_timeout": 5000
    }
  ],
  "meta": {
    "mocha": {
      "version": "10.8.2"
    },
    "mochawesome": {
      "options": {
        "quiet": false,
        "reportFilename": "mochawesome",
        "saveHtml": true,
        "saveJson": true,
        "consoleReporter": "spec",
        "useInlineDiffs": false,
        "code": true
      },
      "version": "7.1.3"
    },
    "marge": {
      "options": {
        "reportDir": "./site/mfkdf2/public/mochawesome"
      },
      "version": "6.2.0"
    }
  }
}