{
  "stats": {
    "suites": 76,
    "tests": 268,
    "passes": 268,
    "pending": 0,
    "failures": 0,
    "start": "2025-09-23T16:09:43.291Z",
    "end": "2025-09-23T16:10:02.548Z",
    "duration": 19257,
    "testsRegistered": 268,
    "passPercent": 100,
    "pendingPercent": 0,
    "other": 0,
    "hasOther": false,
    "skipped": 0,
    "hasSkipped": false
  },
  "results": [
    {
      "uuid": "7ec81e9f-468b-4b14-9b4f-9dacb008c751",
      "title": "",
      "fullFile": "",
      "file": "",
      "beforeHooks": [],
      "afterHooks": [],
      "tests": [],
      "suites": [
        {
          "uuid": "e7c273cd-0102-44db-9bad-3514002f4cf7",
          "title": "aes",
          "fullFile": "C:\\Users\\Vivek\\Projects\\mfkdf\\test\\crypto\\aes.js",
          "file": "\\test\\crypto\\aes.js",
          "beforeHooks": [],
          "afterHooks": [],
          "tests": [
            {
              "title": "encrypt throws on invalid inputs",
              "fullTitle": "aes encrypt throws on invalid inputs",
              "timedOut": false,
              "duration": 1,
              "state": "passed",
              "speed": "slow",
              "pass": true,
              "fail": false,
              "pending": false,
              "context": null,
              "code": "(() =>\n  crypt.encrypt('not a buffer', crypto.randomBytes(32))).should.throw();\n(() =>\n  crypt.encrypt(\n    crypto.randomBytes(16),\n    crypto.randomBytes(32)\n  )).should.throw();\n(() =>\n  crypt.encrypt(crypto.randomBytes(32), 'not a buffer')).should.throw();\n(() =>\n  crypt.encrypt(\n    crypto.randomBytes(32),\n    crypto.randomBytes(16)\n  )).should.throw()",
              "err": {},
              "uuid": "6102a568-08d8-4e4b-89a2-ded271a65cbc",
              "parentUUID": "e7c273cd-0102-44db-9bad-3514002f4cf7",
              "isHook": false,
              "skipped": false
            },
            {
              "title": "decrypt throws on invalid inputs",
              "fullTitle": "aes decrypt throws on invalid inputs",
              "timedOut": false,
              "duration": 0,
              "state": "passed",
              "speed": "fast",
              "pass": true,
              "fail": false,
              "pending": false,
              "context": null,
              "code": "(() =>\n  crypt.decrypt('not a buffer', crypto.randomBytes(32))).should.throw();\n(() =>\n  crypt.decrypt(\n    crypto.randomBytes(16),\n    crypto.randomBytes(32)\n  )).should.throw();\n(() =>\n  crypt.decrypt(crypto.randomBytes(32), 'not a buffer')).should.throw();\n(() =>\n  crypt.decrypt(\n    crypto.randomBytes(32),\n    crypto.randomBytes(16)\n  )).should.throw()",
              "err": {},
              "uuid": "404ac7f5-e85f-4c62-a13b-c4d3dc4be264",
              "parentUUID": "e7c273cd-0102-44db-9bad-3514002f4cf7",
              "isHook": false,
              "skipped": false
            },
            {
              "title": "encrypts and decrypts correctly",
              "fullTitle": "aes encrypts and decrypts correctly",
              "timedOut": false,
              "duration": 1,
              "state": "passed",
              "speed": "slow",
              "pass": true,
              "fail": false,
              "pending": false,
              "context": null,
              "code": "const key = crypto.randomBytes(32)\nconst data = crypto.randomBytes(32)\nconst encrypted = crypt.encrypt(data, key)\nconst decrypted = crypt.decrypt(encrypted, key)\ndecrypted.equals(data).should.be.true",
              "err": {},
              "uuid": "bbbf5bc5-ab59-4099-be52-3e0b23f76ee1",
              "parentUUID": "e7c273cd-0102-44db-9bad-3514002f4cf7",
              "isHook": false,
              "skipped": false
            },
            {
              "title": "decrypting with wrong key fails",
              "fullTitle": "aes decrypting with wrong key fails",
              "timedOut": false,
              "duration": 0,
              "state": "passed",
              "speed": "fast",
              "pass": true,
              "fail": false,
              "pending": false,
              "context": null,
              "code": "const key = crypto.randomBytes(32)\nconst wrongKey = crypto.randomBytes(32)\nconst data = crypto.randomBytes(32)\nconst encrypted = crypt.encrypt(data, key)\nconst decrypted = crypt.decrypt(encrypted, wrongKey)\ndecrypted.equals(data).should.be.false",
              "err": {},
              "uuid": "f4e0d9b8-ef4b-40a2-9968-bb43cdc6bea1",
              "parentUUID": "e7c273cd-0102-44db-9bad-3514002f4cf7",
              "isHook": false,
              "skipped": false
            },
            {
              "title": "decrypting modified data fails",
              "fullTitle": "aes decrypting modified data fails",
              "timedOut": false,
              "duration": 0,
              "state": "passed",
              "speed": "fast",
              "pass": true,
              "fail": false,
              "pending": false,
              "context": null,
              "code": "const key = crypto.randomBytes(32)\nconst data = crypto.randomBytes(32)\nconst encrypted = crypt.encrypt(data, key)\n// Modify the encrypted data\nencrypted[0] ^= 0xff\nconst decrypted = crypt.decrypt(encrypted, key)\ndecrypted.equals(data).should.be.false",
              "err": {},
              "uuid": "79f8defc-0ee0-4442-a96d-69de834b9016",
              "parentUUID": "e7c273cd-0102-44db-9bad-3514002f4cf7",
              "isHook": false,
              "skipped": false
            },
            {
              "title": "ciphertext length equals plaintext length",
              "fullTitle": "aes ciphertext length equals plaintext length",
              "timedOut": false,
              "duration": 0,
              "state": "passed",
              "speed": "fast",
              "pass": true,
              "fail": false,
              "pending": false,
              "context": null,
              "code": "const key = crypto.randomBytes(32)\nconst data = crypto.randomBytes(32)\nconst encrypted = crypt.encrypt(data, key)\nencrypted.length.should.equal(data.length)",
              "err": {},
              "uuid": "fd46924a-eb9c-4c89-9b9b-f7832c4d317c",
              "parentUUID": "e7c273cd-0102-44db-9bad-3514002f4cf7",
              "isHook": false,
              "skipped": false
            }
          ],
          "suites": [],
          "passes": [
            "6102a568-08d8-4e4b-89a2-ded271a65cbc",
            "404ac7f5-e85f-4c62-a13b-c4d3dc4be264",
            "bbbf5bc5-ab59-4099-be52-3e0b23f76ee1",
            "f4e0d9b8-ef4b-40a2-9968-bb43cdc6bea1",
            "79f8defc-0ee0-4442-a96d-69de834b9016",
            "fd46924a-eb9c-4c89-9b9b-f7832c4d317c"
          ],
          "failures": [],
          "pending": [],
          "skipped": [],
          "duration": 2,
          "root": false,
          "rootEmpty": false,
          "_timeout": 5000
        },
        {
          "uuid": "d25609bd-940a-46a5-a218-ea5fb011f61c",
          "title": "encrypt",
          "fullFile": "C:\\Users\\Vivek\\Projects\\mfkdf\\test\\crypto\\symmetric.js",
          "file": "\\test\\crypto\\symmetric.js",
          "beforeHooks": [],
          "afterHooks": [],
          "tests": [],
          "suites": [
            {
              "uuid": "319022ad-985f-4cf5-843d-3a40fd006862",
              "title": "utils",
              "fullFile": "C:\\Users\\Vivek\\Projects\\mfkdf\\test\\crypto\\symmetric.js",
              "file": "\\test\\crypto\\symmetric.js",
              "beforeHooks": [],
              "afterHooks": [],
              "tests": [
                {
                  "title": "subkey",
                  "fullTitle": "encrypt utils subkey",
                  "timedOut": false,
                  "duration": 24,
                  "state": "passed",
                  "speed": "slow",
                  "pass": true,
                  "fail": false,
                  "pending": false,
                  "context": null,
                  "code": "const setup = await mfkdf.setup.key([\n  await mfkdf.setup.factors.uuid({\n    id: 'uuid1',\n    uuid: '9b1deb4d-3b7d-4bad-9bdd-2b0d7b3dcb6d'\n  })\n])\nconst key3 = await setup.getSubkey()\nconst key4 = await setup.getSubkey()\nkey3.toString('hex').should.equal(key4.toString('hex'))",
                  "err": {},
                  "uuid": "015b8ed8-ab51-4c9d-b02e-8086eaf8f36c",
                  "parentUUID": "319022ad-985f-4cf5-843d-3a40fd006862",
                  "isHook": false,
                  "skipped": false
                }
              ],
              "suites": [],
              "passes": [
                "015b8ed8-ab51-4c9d-b02e-8086eaf8f36c"
              ],
              "failures": [],
              "pending": [],
              "skipped": [],
              "duration": 24,
              "root": false,
              "rootEmpty": false,
              "_timeout": 5000
            }
          ],
          "passes": [],
          "failures": [],
          "pending": [],
          "skipped": [],
          "duration": 0,
          "root": false,
          "rootEmpty": false,
          "_timeout": 5000
        },
        {
          "uuid": "47c297ce-d22d-466f-9bef-d603248b889d",
          "title": "derive/factors/password",
          "fullFile": "C:\\Users\\Vivek\\Projects\\mfkdf\\test\\derive\\factors\\password.js",
          "file": "\\test\\derive\\factors\\password.js",
          "beforeHooks": [],
          "afterHooks": [],
          "tests": [
            {
              "title": "invalid/type",
              "fullTitle": "derive/factors/password invalid/type",
              "timedOut": false,
              "duration": 0,
              "state": "passed",
              "speed": "fast",
              "pass": true,
              "fail": false,
              "pending": false,
              "context": null,
              "code": "(() => {\n  mfkdf.derive.factors.password(12345)\n}).should.throw(TypeError)",
              "err": {},
              "uuid": "f6520462-b73f-46f5-bd45-789f2a8ce00a",
              "parentUUID": "47c297ce-d22d-466f-9bef-d603248b889d",
              "isHook": false,
              "skipped": false
            },
            {
              "title": "invalid/range",
              "fullTitle": "derive/factors/password invalid/range",
              "timedOut": false,
              "duration": 0,
              "state": "passed",
              "speed": "fast",
              "pass": true,
              "fail": false,
              "pending": false,
              "context": null,
              "code": "(() => {\n  mfkdf.derive.factors.password('')\n}).should.throw(RangeError)",
              "err": {},
              "uuid": "cb0a6c8f-e39d-45d2-9617-68a071619cee",
              "parentUUID": "47c297ce-d22d-466f-9bef-d603248b889d",
              "isHook": false,
              "skipped": false
            }
          ],
          "suites": [],
          "passes": [
            "f6520462-b73f-46f5-bd45-789f2a8ce00a",
            "cb0a6c8f-e39d-45d2-9617-68a071619cee"
          ],
          "failures": [],
          "pending": [],
          "skipped": [],
          "duration": 0,
          "root": false,
          "rootEmpty": false,
          "_timeout": 5000
        },
        {
          "uuid": "59226351-e4c8-429a-98d9-9e96e285946d",
          "title": "derive/factors/uuid",
          "fullFile": "C:\\Users\\Vivek\\Projects\\mfkdf\\test\\derive\\factors\\uuid.js",
          "file": "\\test\\derive\\factors\\uuid.js",
          "beforeHooks": [],
          "afterHooks": [],
          "tests": [
            {
              "title": "invalid/type",
              "fullTitle": "derive/factors/uuid invalid/type",
              "timedOut": false,
              "duration": 0,
              "state": "passed",
              "speed": "fast",
              "pass": true,
              "fail": false,
              "pending": false,
              "context": null,
              "code": "(() => {\n  mfkdf.derive.factors.uuid(12345)\n}).should.throw(TypeError)",
              "err": {},
              "uuid": "753498d6-8021-4583-a92a-71a438551fd7",
              "parentUUID": "59226351-e4c8-429a-98d9-9e96e285946d",
              "isHook": false,
              "skipped": false
            },
            {
              "title": "invalid/range",
              "fullTitle": "derive/factors/uuid invalid/range",
              "timedOut": false,
              "duration": 0,
              "state": "passed",
              "speed": "fast",
              "pass": true,
              "fail": false,
              "pending": false,
              "context": null,
              "code": "(() => {\n  mfkdf.derive.factors.uuid('')\n}).should.throw(TypeError)",
              "err": {},
              "uuid": "f3ebef6b-293f-4183-9b4e-56c394a08aad",
              "parentUUID": "59226351-e4c8-429a-98d9-9e96e285946d",
              "isHook": false,
              "skipped": false
            }
          ],
          "suites": [],
          "passes": [
            "753498d6-8021-4583-a92a-71a438551fd7",
            "f3ebef6b-293f-4183-9b4e-56c394a08aad"
          ],
          "failures": [],
          "pending": [],
          "skipped": [],
          "duration": 0,
          "root": false,
          "rootEmpty": false,
          "_timeout": 5000
        },
        {
          "uuid": "3076db3e-a349-487b-beed-42cf082aebab",
          "title": "derive/key",
          "fullFile": "C:\\Users\\Vivek\\Projects\\mfkdf\\test\\derive\\key.js",
          "file": "\\test\\derive\\key.js",
          "beforeHooks": [],
          "afterHooks": [],
          "tests": [
            {
              "title": "hkdf",
              "fullTitle": "derive/key hkdf",
              "timedOut": false,
              "duration": 64,
              "state": "passed",
              "speed": "slow",
              "pass": true,
              "fail": false,
              "pending": false,
              "context": null,
              "code": "const setup = await mfkdf.setup.key([\n  await mfkdf.setup.factors.password('password1', { id: 'password1' })\n])\nconst derive = await mfkdf.derive.key(setup.policy, {\n  password1: mfkdf.derive.factors.password('password1')\n})\nderive.key.toString('hex').should.equal(setup.key.toString('hex'))",
              "err": {},
              "uuid": "a2ac3310-0061-4476-a27f-063232b92c5b",
              "parentUUID": "3076db3e-a349-487b-beed-42cf082aebab",
              "isHook": false,
              "skipped": false
            },
            {
              "title": "correct",
              "fullTitle": "derive/key correct",
              "timedOut": false,
              "duration": 139,
              "state": "passed",
              "speed": "slow",
              "pass": true,
              "fail": false,
              "pending": false,
              "context": null,
              "code": "const setup = await mfkdf.setup.key(\n  [\n    await mfkdf.setup.factors.password('password1', { id: 'password1' }),\n    await mfkdf.setup.factors.password('password2', { id: 'password2' }),\n    await mfkdf.setup.factors.password('password3', { id: 'password3' })\n  ],\n  { threshold: 2 }\n)\nconst derive1 = await mfkdf.derive.key(setup.policy, {\n  password1: mfkdf.derive.factors.password('password1'),\n  password2: mfkdf.derive.factors.password('password2')\n})\nconst derive2 = await mfkdf.derive.key(setup.policy, {\n  password2: mfkdf.derive.factors.password('password2'),\n  password3: mfkdf.derive.factors.password('password3')\n})\nconst derive3 = await mfkdf.derive.key(setup.policy, {\n  password1: mfkdf.derive.factors.password('password1'),\n  password3: mfkdf.derive.factors.password('password3')\n})\nconst derive4 = await mfkdf.derive.key(setup.policy, {\n  password1: mfkdf.derive.factors.password('password1'),\n  password2: mfkdf.derive.factors.password('password2'),\n  password3: mfkdf.derive.factors.password('password3')\n})\nsetup.key.toString('hex').should.equal(derive1.key.toString('hex'))\nsetup.key.toString('hex').should.equal(derive2.key.toString('hex'))\nsetup.key.toString('hex').should.equal(derive3.key.toString('hex'))\nsetup.key.toString('hex').should.equal(derive4.key.toString('hex'))\nJSON.stringify(setup.policy).should.equal(JSON.stringify(derive1.policy))\nJSON.stringify(setup.policy).should.equal(JSON.stringify(derive2.policy))\nJSON.stringify(setup.policy).should.equal(JSON.stringify(derive3.policy))\nJSON.stringify(setup.policy).should.equal(JSON.stringify(derive4.policy))",
              "err": {},
              "uuid": "6bc5d7f5-847d-4001-9564-9f7cd55669fc",
              "parentUUID": "3076db3e-a349-487b-beed-42cf082aebab",
              "isHook": false,
              "skipped": false
            },
            {
              "title": "incorrect",
              "fullTitle": "derive/key incorrect",
              "timedOut": false,
              "duration": 129,
              "state": "passed",
              "speed": "slow",
              "pass": true,
              "fail": false,
              "pending": false,
              "context": null,
              "code": "const setup = await mfkdf.setup.key(\n  [\n    await mfkdf.setup.factors.password('password1', { id: 'password1' }),\n    await mfkdf.setup.factors.password('password2', { id: 'password2' }),\n    await mfkdf.setup.factors.password('password3', { id: 'password3' })\n  ],\n  { threshold: 2, integrity: false }\n)\nconst derive1 = await mfkdf.derive.key(\n  setup.policy,\n  {\n    password1: mfkdf.derive.factors.password('password1'),\n    password2: mfkdf.derive.factors.password('wrongpassword2')\n  },\n  false\n)\nconst derive2 = await mfkdf.derive.key(\n  setup.policy,\n  {\n    password2: mfkdf.derive.factors.password('wrongpassword2'),\n    password3: mfkdf.derive.factors.password('wrongpassword3')\n  },\n  false\n)\nconst derive3 = await mfkdf.derive.key(\n  setup.policy,\n  {\n    password1: mfkdf.derive.factors.password('password1'),\n    password3: mfkdf.derive.factors.password('password2')\n  },\n  false\n)\nconst derive4 = await mfkdf.derive.key(\n  setup.policy,\n  {\n    password1: mfkdf.derive.factors.password('password1'),\n    password2: mfkdf.derive.factors.password('password2'),\n    password3: mfkdf.derive.factors.password('password4')\n  },\n  false\n)\nsetup.key.toString('hex').should.not.equal(derive1.key.toString('hex'))\nsetup.key.toString('hex').should.not.equal(derive2.key.toString('hex'))\nsetup.key.toString('hex').should.not.equal(derive3.key.toString('hex'))\nsetup.key.toString('hex').should.not.equal(derive4.key.toString('hex'))",
              "err": {},
              "uuid": "c47b232f-9a8a-43c3-a49e-a6bd416ab8d8",
              "parentUUID": "3076db3e-a349-487b-beed-42cf082aebab",
              "isHook": false,
              "skipped": false
            },
            {
              "title": "mismatch",
              "fullTitle": "derive/key mismatch",
              "timedOut": false,
              "duration": 29,
              "state": "passed",
              "speed": "slow",
              "pass": true,
              "fail": false,
              "pending": false,
              "context": null,
              "code": "const setup = await mfkdf.setup.key([\n  await mfkdf.setup.factors.password('password', { id: 'password' })\n])\nawait mfkdf.derive\n  .key(setup.policy, {\n    password: mfkdf.derive.factors.uuid(\n      '9b1deb4d-3b7d-4bad-9bdd-2b0d7b3dcb6d'\n    )\n  })\n  .should.be.rejectedWith(TypeError)",
              "err": {},
              "uuid": "6b5ec14c-ac1d-4ea0-9149-de972ee20588",
              "parentUUID": "3076db3e-a349-487b-beed-42cf082aebab",
              "isHook": false,
              "skipped": false
            }
          ],
          "suites": [
            {
              "uuid": "4c2b0cd0-3c75-40a8-9de4-0d251f40d93a",
              "title": "shares",
              "fullFile": "C:\\Users\\Vivek\\Projects\\mfkdf\\test\\derive\\key.js",
              "file": "\\test\\derive\\key.js",
              "beforeHooks": [],
              "afterHooks": [],
              "tests": [
                {
                  "title": "valid",
                  "fullTitle": "derive/key shares valid",
                  "timedOut": false,
                  "duration": 101,
                  "state": "passed",
                  "speed": "slow",
                  "pass": true,
                  "fail": false,
                  "pending": false,
                  "context": null,
                  "code": "const setup = await mfkdf.setup.key(\n  [\n    await mfkdf.setup.factors.password('password1', { id: 'password1' }),\n    await mfkdf.setup.factors.password('password2', { id: 'password2' }),\n    await mfkdf.setup.factors.password('password3', { id: 'password3' })\n  ],\n  { threshold: 2 }\n)\nconst derive1 = await mfkdf.derive.key(setup.policy, {\n  password1: mfkdf.derive.factors.password('password1'),\n  password2: mfkdf.derive.factors.password('password2')\n})\nconst derive2 = await mfkdf.derive.key(derive1.policy, {\n  password2: mfkdf.derive.factors.password('password2'),\n  password3: mfkdf.derive.factors.password('password3')\n})\nconst derive3 = await mfkdf.derive.key(derive2.policy, {\n  password1: mfkdf.derive.factors.password('password1'),\n  password3: mfkdf.derive.factors.password('password3')\n})\nderive1.shares.should.deep.equal(setup.shares)\nderive2.shares.should.deep.equal(setup.shares)\nderive3.shares.should.deep.equal(setup.shares)",
                  "err": {},
                  "uuid": "ebc303f9-2089-462f-bdf7-122f0bfc3fce",
                  "parentUUID": "4c2b0cd0-3c75-40a8-9de4-0d251f40d93a",
                  "isHook": false,
                  "skipped": false
                }
              ],
              "suites": [],
              "passes": [
                "ebc303f9-2089-462f-bdf7-122f0bfc3fce"
              ],
              "failures": [],
              "pending": [],
              "skipped": [],
              "duration": 101,
              "root": false,
              "rootEmpty": false,
              "_timeout": 5000
            },
            {
              "uuid": "296c123d-2e7c-48be-a6ad-8da3866891ff",
              "title": "invalid",
              "fullFile": "C:\\Users\\Vivek\\Projects\\mfkdf\\test\\derive\\key.js",
              "file": "\\test\\derive\\key.js",
              "beforeHooks": [],
              "afterHooks": [],
              "tests": [
                {
                  "title": "schema",
                  "fullTitle": "derive/key invalid schema",
                  "timedOut": false,
                  "duration": 28,
                  "state": "passed",
                  "speed": "slow",
                  "pass": true,
                  "fail": false,
                  "pending": false,
                  "context": null,
                  "code": "const setup = await mfkdf.setup.key([\n  await mfkdf.setup.factors.password('password1', { id: 'password1' })\n])\ndelete setup.policy.$id\nawait mfkdf.derive\n  .key(setup.policy, {\n    password1: mfkdf.derive.factors.password('password1')\n  })\n  .should.be.rejectedWith(TypeError)",
                  "err": {},
                  "uuid": "b39744c2-d434-422e-afaf-88d9cb9d5a49",
                  "parentUUID": "296c123d-2e7c-48be-a6ad-8da3866891ff",
                  "isHook": false,
                  "skipped": false
                },
                {
                  "title": "factors",
                  "fullTitle": "derive/key invalid factors",
                  "timedOut": false,
                  "duration": 24,
                  "state": "passed",
                  "speed": "slow",
                  "pass": true,
                  "fail": false,
                  "pending": false,
                  "context": null,
                  "code": "const setup = await mfkdf.setup.key(\n  [\n    await mfkdf.setup.factors.password('password1', { id: 'password1' }),\n    await mfkdf.setup.factors.password('password2', { id: 'password2' }),\n    await mfkdf.setup.factors.password('password3', { id: 'password3' })\n  ],\n  { threshold: 2 }\n)\nawait mfkdf.derive\n  .key(setup.policy, {\n    password1: mfkdf.derive.factors.password('password1')\n  })\n  .should.be.rejectedWith(RangeError)",
                  "err": {},
                  "uuid": "e419c462-9bbb-4e9b-9e3b-acde3f7279b2",
                  "parentUUID": "296c123d-2e7c-48be-a6ad-8da3866891ff",
                  "isHook": false,
                  "skipped": false
                }
              ],
              "suites": [],
              "passes": [
                "b39744c2-d434-422e-afaf-88d9cb9d5a49",
                "e419c462-9bbb-4e9b-9e3b-acde3f7279b2"
              ],
              "failures": [],
              "pending": [],
              "skipped": [],
              "duration": 52,
              "root": false,
              "rootEmpty": false,
              "_timeout": 5000
            }
          ],
          "passes": [
            "a2ac3310-0061-4476-a27f-063232b92c5b",
            "6bc5d7f5-847d-4001-9564-9f7cd55669fc",
            "c47b232f-9a8a-43c3-a49e-a6bd416ab8d8",
            "6b5ec14c-ac1d-4ea0-9149-de972ee20588"
          ],
          "failures": [],
          "pending": [],
          "skipped": [],
          "duration": 361,
          "root": false,
          "rootEmpty": false,
          "_timeout": 5000
        },
        {
          "uuid": "9f9c77dc-1cb2-48ff-b5a6-00b3fd77a5b4",
          "title": "derive/outputs",
          "fullFile": "C:\\Users\\Vivek\\Projects\\mfkdf\\test\\derive\\outputs.js",
          "file": "\\test\\derive\\outputs.js",
          "beforeHooks": [],
          "afterHooks": [],
          "tests": [
            {
              "title": "stack",
              "fullTitle": "derive/outputs stack",
              "timedOut": false,
              "duration": 54,
              "state": "passed",
              "speed": "slow",
              "pass": true,
              "fail": false,
              "pending": false,
              "context": null,
              "code": "const setup = await mfkdf.setup.key([\n  await mfkdf.setup.factors.stack([\n    await mfkdf.setup.factors.uuid({\n      id: 'uuid1',\n      uuid: '9b1deb4d-3b7d-4bad-9bdd-2b0d7b3dcb6d'\n    }),\n    await mfkdf.setup.factors.uuid({\n      id: 'uuid2',\n      uuid: '1b9d6bcd-bbfd-4b2d-9b5d-ab8dfbbd4bed'\n    })\n  ]),\n  await mfkdf.setup.factors.uuid({\n    id: 'uuid3',\n    uuid: '6ec0bd7f-11c0-43da-975e-2a8ad9ebae0b'\n  })\n])\ndelete setup.outputs.stack.entropyBits\nconst derive = await mfkdf.derive.key(setup.policy, {\n  stack: mfkdf.derive.factors.stack({\n    uuid1: mfkdf.derive.factors.uuid(\n      '9b1deb4d-3b7d-4bad-9bdd-2b0d7b3dcb6d'\n    ),\n    uuid2: mfkdf.derive.factors.uuid(\n      '1b9d6bcd-bbfd-4b2d-9b5d-ab8dfbbd4bed'\n    )\n  }),\n  uuid3: mfkdf.derive.factors.uuid('6ec0bd7f-11c0-43da-975e-2a8ad9ebae0b')\n})\nsetup.outputs.should.deep.equal(derive.outputs)",
              "err": {},
              "uuid": "2799215c-5830-4809-a8b5-f0f33e51c5c1",
              "parentUUID": "9f9c77dc-1cb2-48ff-b5a6-00b3fd77a5b4",
              "isHook": false,
              "skipped": false
            },
            {
              "title": "hmacsha1",
              "fullTitle": "derive/outputs hmacsha1",
              "timedOut": false,
              "duration": 48,
              "state": "passed",
              "speed": "slow",
              "pass": true,
              "fail": false,
              "pending": false,
              "context": null,
              "code": "const setup = await mfkdf.setup.key([await mfkdf.setup.factors.hmacsha1()])\nconst secret = setup.outputs.hmacsha1.secret\nconst challenge = Buffer.from(\n  setup.policy.factors[0].params.challenge,\n  'hex'\n)\nconst response = crypto\n  .createHmac('sha1', secret)\n  .update(challenge)\n  .digest()\nconst derive = await mfkdf.derive.key(setup.policy, {\n  hmacsha1: mfkdf.derive.factors.hmacsha1(response)\n})\nsetup.outputs.should.not.deep.equal(derive.outputs)",
              "err": {},
              "uuid": "fd409514-bd6b-4ca0-86d1-b17e628bc8cf",
              "parentUUID": "9f9c77dc-1cb2-48ff-b5a6-00b3fd77a5b4",
              "isHook": false,
              "skipped": false
            },
            {
              "title": "uuid",
              "fullTitle": "derive/outputs uuid",
              "timedOut": false,
              "duration": 48,
              "state": "passed",
              "speed": "slow",
              "pass": true,
              "fail": false,
              "pending": false,
              "context": null,
              "code": "const setup = await mfkdf.setup.key([\n  await mfkdf.setup.factors.uuid({\n    uuid: '9b1deb4d-3b7d-4bad-9bdd-2b0d7b3dcb6d'\n  })\n])\nconst derive = await mfkdf.derive.key(setup.policy, {\n  uuid: mfkdf.derive.factors.uuid('9b1deb4d-3b7d-4bad-9bdd-2b0d7b3dcb6d')\n})\nsetup.outputs.should.deep.equal(derive.outputs)",
              "err": {},
              "uuid": "17dc5272-2171-489d-9bb7-0ba597063bae",
              "parentUUID": "9f9c77dc-1cb2-48ff-b5a6-00b3fd77a5b4",
              "isHook": false,
              "skipped": false
            },
            {
              "title": "question",
              "fullTitle": "derive/outputs question",
              "timedOut": false,
              "duration": 52,
              "state": "passed",
              "speed": "slow",
              "pass": true,
              "fail": false,
              "pending": false,
              "context": null,
              "code": "const setup = await mfkdf.setup.key([\n  await mfkdf.setup.factors.question('Fido')\n])\nconst derive = await mfkdf.derive.key(setup.policy, {\n  question: mfkdf.derive.factors.question('Fido')\n})\nsetup.outputs.question.strength.calc_time = null\nderive.outputs.question.strength.calc_time = null\nsetup.outputs.should.deep.equal(derive.outputs)",
              "err": {},
              "uuid": "18e2b26d-b69b-492d-90f2-1825230b2b43",
              "parentUUID": "9f9c77dc-1cb2-48ff-b5a6-00b3fd77a5b4",
              "isHook": false,
              "skipped": false
            },
            {
              "title": "ooba",
              "fullTitle": "derive/outputs ooba",
              "timedOut": false,
              "duration": 137,
              "state": "passed",
              "speed": "slow",
              "pass": true,
              "fail": false,
              "pending": false,
              "context": null,
              "code": "const keyPair = await crypto.webcrypto.subtle.generateKey(\n  {\n    hash: 'SHA-256',\n    modulusLength: 2048,\n    name: 'RSA-OAEP',\n    publicExponent: new Uint8Array([1, 0, 1])\n  },\n  true,\n  ['encrypt', 'decrypt']\n)\nconst setup = await mfkdf.setup.key([\n  await mfkdf.setup.factors.ooba({\n    key: keyPair.publicKey,\n    params: { email: 'test@mfkdf.com' }\n  })\n])\nconst next = setup.policy.factors[0].params.next\nconst decrypted = await crypto.webcrypto.subtle.decrypt(\n  { name: 'RSA-OAEP' },\n  keyPair.privateKey,\n  Buffer.from(next, 'hex')\n)\nconst code = JSON.parse(Buffer.from(decrypted).toString()).code\nconst derive = await mfkdf.derive.key(setup.policy, {\n  ooba: mfkdf.derive.factors.ooba(code)\n})\nsetup.outputs.should.deep.equal(derive.outputs)",
              "err": {},
              "uuid": "1be18d55-53c2-4a15-bec6-6928c84fbd66",
              "parentUUID": "9f9c77dc-1cb2-48ff-b5a6-00b3fd77a5b4",
              "isHook": false,
              "skipped": false
            },
            {
              "title": "password",
              "fullTitle": "derive/outputs password",
              "timedOut": false,
              "duration": 47,
              "state": "passed",
              "speed": "slow",
              "pass": true,
              "fail": false,
              "pending": false,
              "context": null,
              "code": "const setup = await mfkdf.setup.key([\n  await mfkdf.setup.factors.password('password')\n])\nconst derive = await mfkdf.derive.key(setup.policy, {\n  password: mfkdf.derive.factors.password('password')\n})\nsetup.outputs.password.strength.calc_time = null\nderive.outputs.password.strength.calc_time = null\nsetup.outputs.should.deep.equal(derive.outputs)",
              "err": {},
              "uuid": "b0570421-59ab-4e5d-9222-a1ce42b78cb0",
              "parentUUID": "9f9c77dc-1cb2-48ff-b5a6-00b3fd77a5b4",
              "isHook": false,
              "skipped": false
            },
            {
              "title": "multiple",
              "fullTitle": "derive/outputs multiple",
              "timedOut": false,
              "duration": 48,
              "state": "passed",
              "speed": "slow",
              "pass": true,
              "fail": false,
              "pending": false,
              "context": null,
              "code": "const setup = await mfkdf.setup.key(\n  [\n    await mfkdf.setup.factors.uuid({\n      id: 'uuid1',\n      uuid: '9b1deb4d-3b7d-4bad-9bdd-2b0d7b3dcb6d'\n    }),\n    await mfkdf.setup.factors.uuid({\n      id: 'uuid2',\n      uuid: '1b9d6bcd-bbfd-4b2d-9b5d-ab8dfbbd4bed'\n    }),\n    await mfkdf.setup.factors.uuid({\n      id: 'uuid3',\n      uuid: '6ec0bd7f-11c0-43da-975e-2a8ad9ebae0b'\n    })\n  ],\n  { threshold: 2 }\n)\nsetup.outputs.should.deep.equal({\n  uuid1: { uuid: '9b1deb4d-3b7d-4bad-9bdd-2b0d7b3dcb6d' },\n  uuid2: { uuid: '1b9d6bcd-bbfd-4b2d-9b5d-ab8dfbbd4bed' },\n  uuid3: { uuid: '6ec0bd7f-11c0-43da-975e-2a8ad9ebae0b' }\n})\nconst derive = await mfkdf.derive.key(setup.policy, {\n  uuid1: mfkdf.derive.factors.uuid('9b1deb4d-3b7d-4bad-9bdd-2b0d7b3dcb6d'),\n  uuid3: mfkdf.derive.factors.uuid('6ec0bd7f-11c0-43da-975e-2a8ad9ebae0b')\n})\nderive.outputs.should.deep.equal({\n  uuid1: { uuid: '9b1deb4d-3b7d-4bad-9bdd-2b0d7b3dcb6d' },\n  uuid3: { uuid: '6ec0bd7f-11c0-43da-975e-2a8ad9ebae0b' }\n})",
              "err": {},
              "uuid": "00764c8d-1716-488d-bd12-fc0ff4a7119b",
              "parentUUID": "9f9c77dc-1cb2-48ff-b5a6-00b3fd77a5b4",
              "isHook": false,
              "skipped": false
            }
          ],
          "suites": [],
          "passes": [
            "2799215c-5830-4809-a8b5-f0f33e51c5c1",
            "fd409514-bd6b-4ca0-86d1-b17e628bc8cf",
            "17dc5272-2171-489d-9bb7-0ba597063bae",
            "18e2b26d-b69b-492d-90f2-1825230b2b43",
            "1be18d55-53c2-4a15-bec6-6928c84fbd66",
            "b0570421-59ab-4e5d-9222-a1ce42b78cb0",
            "00764c8d-1716-488d-bd12-fc0ff4a7119b"
          ],
          "failures": [],
          "pending": [],
          "skipped": [],
          "duration": 434,
          "root": false,
          "rootEmpty": false,
          "_timeout": 5000
        },
        {
          "uuid": "4ce0ba0c-c70d-46bb-8ee5-0da8ff2c6889",
          "title": "examples",
          "fullFile": "C:\\Users\\Vivek\\Projects\\mfkdf\\test\\examples\\examples.js",
          "file": "\\test\\examples\\examples.js",
          "beforeHooks": [],
          "afterHooks": [],
          "tests": [
            {
              "title": "setup/derive fast",
              "fullTitle": "examples setup/derive fast",
              "timedOut": false,
              "duration": 49,
              "state": "passed",
              "speed": "slow",
              "pass": true,
              "fail": false,
              "pending": false,
              "context": null,
              "code": "// setup 16 byte 2-of-3-factor multi-factor derived key with a password, HOTP code, and UUID recovery code\nconst setup = await mfkdf.setup.key(\n  [\n    await mfkdf.setup.factors.password('password'),\n    await mfkdf.setup.factors.hotp({\n      secret: Buffer.from('abcdefghijklmnopqrst')\n    }),\n    await mfkdf.setup.factors.uuid({\n      id: 'recovery',\n      uuid: '9b1deb4d-3b7d-4bad-9bdd-2b0d7b3dcb6d'\n    })\n  ],\n  { threshold: 2 }\n)\n// derive key using 2 of the 3 factors\nconst derive = await mfkdf.derive.key(setup.policy, {\n  password: mfkdf.derive.factors.password('password'),\n  hotp: mfkdf.derive.factors.hotp(241063)\n})\nsetup.key.toString('hex') // -> 34d2…5771\nderive.key.toString('hex') // -> 34d2…5771\nsetup.key.toString('hex').should.equal(derive.key.toString('hex'))",
              "err": {},
              "uuid": "79a7353e-8f90-42e7-93ff-11a55f2900d2",
              "parentUUID": "4ce0ba0c-c70d-46bb-8ee5-0da8ff2c6889",
              "isHook": false,
              "skipped": false
            },
            {
              "title": "setup/derive",
              "fullTitle": "examples setup/derive",
              "timedOut": false,
              "duration": 52,
              "state": "passed",
              "speed": "slow",
              "pass": true,
              "fail": false,
              "pending": false,
              "context": null,
              "code": "// setup 16 byte 2-of-3-factor multi-factor derived key with a password, HOTP code, and UUID recovery code\nconst setup = await mfkdf.setup.key(\n  [\n    await mfkdf.setup.factors.password('password'),\n    await mfkdf.setup.factors.hotp({\n      secret: Buffer.from('abcdefghijklmnopqrst')\n    }),\n    await mfkdf.setup.factors.uuid({\n      id: 'recovery',\n      uuid: '9b1deb4d-3b7d-4bad-9bdd-2b0d7b3dcb6d'\n    })\n  ],\n  { threshold: 2 }\n)\n// derive key using 2 of the 3 factors\nconst derive = await mfkdf.derive.key(setup.policy, {\n  password: mfkdf.derive.factors.password('password'),\n  hotp: mfkdf.derive.factors.hotp(241063)\n})\nsetup.key.toString('hex') // -> 34d2…5771\nderive.key.toString('hex') // -> 34d2…5771\nsetup.key.toString('hex').should.equal(derive.key.toString('hex'))",
              "err": {},
              "uuid": "7fb35189-9662-4a79-becf-053f89697672",
              "parentUUID": "4ce0ba0c-c70d-46bb-8ee5-0da8ff2c6889",
              "isHook": false,
              "skipped": false
            }
          ],
          "suites": [
            {
              "uuid": "d2c8bb1c-9dcf-42dc-a315-893d171e837c",
              "title": "factors",
              "fullFile": "C:\\Users\\Vivek\\Projects\\mfkdf\\test\\examples\\examples.js",
              "file": "\\test\\examples\\examples.js",
              "beforeHooks": [],
              "afterHooks": [],
              "tests": [
                {
                  "title": "stack",
                  "fullTitle": "examples factors stack",
                  "timedOut": false,
                  "duration": 58,
                  "state": "passed",
                  "speed": "slow",
                  "pass": true,
                  "fail": false,
                  "pending": false,
                  "context": null,
                  "code": "// setup key with stack factor\nconst setup = await mfkdf.setup.key([\n  await mfkdf.setup.factors.stack([\n    await mfkdf.setup.factors.password('password1', {\n      id: 'password1'\n    }),\n    await mfkdf.setup.factors.password('password2', {\n      id: 'password2'\n    })\n  ]),\n  await mfkdf.setup.factors.password('password3', { id: 'password3' })\n])\n// derive key with stack factor\nconst derive = await mfkdf.derive.key(setup.policy, {\n  stack: mfkdf.derive.factors.stack({\n    password1: mfkdf.derive.factors.password('password1'),\n    password2: mfkdf.derive.factors.password('password2')\n  }),\n  password3: mfkdf.derive.factors.password('password3')\n})\nsetup.key.toString('hex') // -> 01d0…2516\nderive.key.toString('hex') // -> 01d0…2516\nsetup.key.toString('hex').should.equal(derive.key.toString('hex'))",
                  "err": {},
                  "uuid": "725d10a6-34f4-4568-8a16-766ce2e3aa17",
                  "parentUUID": "d2c8bb1c-9dcf-42dc-a315-893d171e837c",
                  "isHook": false,
                  "skipped": false
                },
                {
                  "title": "hmacsha1",
                  "fullTitle": "examples factors hmacsha1",
                  "timedOut": false,
                  "duration": 47,
                  "state": "passed",
                  "speed": "slow",
                  "pass": true,
                  "fail": false,
                  "pending": false,
                  "context": null,
                  "code": "// setup key with hmacsha1 factor\nconst setup = await mfkdf.setup.key([\n  await mfkdf.setup.factors.hmacsha1()\n])\n// calculate response; could be done using hardware device\nconst secret = setup.outputs.hmacsha1.secret\nconst challenge = Buffer.from(\n  setup.policy.factors[0].params.challenge,\n  'hex'\n)\nconst response = crypto\n  .createHmac('sha1', secret)\n  .update(challenge)\n  .digest()\n// derive key with hmacsha1 factor\nconst derive = await mfkdf.derive.key(setup.policy, {\n  hmacsha1: mfkdf.derive.factors.hmacsha1(response)\n})\nsetup.key.toString('hex') // -> 01d0…2516\nderive.key.toString('hex') // -> 01d0…2516\nsetup.key.toString('hex').should.equal(derive.key.toString('hex'))",
                  "err": {},
                  "uuid": "ab61f89b-2759-4a60-8717-0a5a94221bf4",
                  "parentUUID": "d2c8bb1c-9dcf-42dc-a315-893d171e837c",
                  "isHook": false,
                  "skipped": false
                },
                {
                  "title": "totp",
                  "fullTitle": "examples factors totp",
                  "timedOut": false,
                  "duration": 483,
                  "state": "passed",
                  "speed": "slow",
                  "pass": true,
                  "fail": false,
                  "pending": false,
                  "context": null,
                  "code": "// setup key with totp factor\nconst setup = await mfkdf.setup.key([\n  await mfkdf.setup.factors.totp({\n    secret: Buffer.from('abcdefghijklmnopqrst'),\n    time: 1\n  })\n])\n// derive key with totp factor\nconst derive = await mfkdf.derive.key(setup.policy, {\n  totp: mfkdf.derive.factors.totp(953265, { time: 1 })\n})\nsetup.key.toString('hex') // -> 01d0…2516\nderive.key.toString('hex') // -> 01d0…2516\nsetup.key.toString('hex').should.equal(derive.key.toString('hex'))",
                  "err": {},
                  "uuid": "08e7d6f3-5560-4bb6-99a6-2675bc917f96",
                  "parentUUID": "d2c8bb1c-9dcf-42dc-a315-893d171e837c",
                  "isHook": false,
                  "skipped": false
                },
                {
                  "title": "hotp",
                  "fullTitle": "examples factors hotp",
                  "timedOut": false,
                  "duration": 49,
                  "state": "passed",
                  "speed": "slow",
                  "pass": true,
                  "fail": false,
                  "pending": false,
                  "context": null,
                  "code": "// setup key with hotp factor\nconst setup = await mfkdf.setup.key([\n  await mfkdf.setup.factors.hotp({\n    secret: Buffer.from('abcdefghijklmnopqrst')\n  })\n])\n// derive key with hotp factor\nconst derive = await mfkdf.derive.key(setup.policy, {\n  hotp: mfkdf.derive.factors.hotp(241063)\n})\nsetup.key.toString('hex') // -> 01d0…2516\nderive.key.toString('hex') // -> 01d0…2516\nsetup.key.toString('hex').should.equal(derive.key.toString('hex'))",
                  "err": {},
                  "uuid": "28bca516-9ee9-4dea-ba82-6cafc876e355",
                  "parentUUID": "d2c8bb1c-9dcf-42dc-a315-893d171e837c",
                  "isHook": false,
                  "skipped": false
                },
                {
                  "title": "uuid",
                  "fullTitle": "examples factors uuid",
                  "timedOut": false,
                  "duration": 48,
                  "state": "passed",
                  "speed": "slow",
                  "pass": true,
                  "fail": false,
                  "pending": false,
                  "context": null,
                  "code": "// setup key with uuid factor\nconst setup = await mfkdf.setup.key([\n  await mfkdf.setup.factors.uuid({\n    uuid: '9b1deb4d-3b7d-4bad-9bdd-2b0d7b3dcb6d'\n  })\n])\n// derive key with uuid factor\nconst derive = await mfkdf.derive.key(setup.policy, {\n  uuid: mfkdf.derive.factors.uuid('9b1deb4d-3b7d-4bad-9bdd-2b0d7b3dcb6d')\n})\nsetup.key.toString('hex') // -> 01d0…2516\nderive.key.toString('hex') // -> 01d0…2516\nsetup.key.toString('hex').should.equal(derive.key.toString('hex'))",
                  "err": {},
                  "uuid": "e1ee920b-db80-41e2-859e-bda5d468c6ea",
                  "parentUUID": "d2c8bb1c-9dcf-42dc-a315-893d171e837c",
                  "isHook": false,
                  "skipped": false
                },
                {
                  "title": "question",
                  "fullTitle": "examples factors question",
                  "timedOut": false,
                  "duration": 48,
                  "state": "passed",
                  "speed": "slow",
                  "pass": true,
                  "fail": false,
                  "pending": false,
                  "context": null,
                  "code": "// setup key with security question factor\nconst setup = await mfkdf.setup.key([\n  await mfkdf.setup.factors.question('Fido')\n])\n// derive key with security question factor\nconst derive = await mfkdf.derive.key(setup.policy, {\n  question: mfkdf.derive.factors.question('Fido')\n})\nsetup.key.toString('hex').should.equal(derive.key.toString('hex'))",
                  "err": {},
                  "uuid": "33911a42-d2f5-4536-a7fb-0a79108be991",
                  "parentUUID": "d2c8bb1c-9dcf-42dc-a315-893d171e837c",
                  "isHook": false,
                  "skipped": false
                },
                {
                  "title": "ooba",
                  "fullTitle": "examples factors ooba",
                  "timedOut": false,
                  "duration": 119,
                  "state": "passed",
                  "speed": "slow",
                  "pass": true,
                  "fail": false,
                  "pending": false,
                  "context": null,
                  "code": "// setup RSA key pair (on out-of-band server)\nconst keyPair = await crypto.webcrypto.subtle.generateKey(\n  {\n    hash: 'SHA-256',\n    modulusLength: 2048,\n    name: 'RSA-OAEP',\n    publicExponent: new Uint8Array([1, 0, 1])\n  },\n  true,\n  ['encrypt', 'decrypt']\n)\n// setup key with out-of-band authentication factor\nconst setup = await mfkdf.setup.key([\n  await mfkdf.setup.factors.ooba({\n    key: keyPair.publicKey,\n    params: { email: 'test@mfkdf.com' }\n  })\n])\n// decrypt and send code (on out-of-band server)\nconst next = setup.policy.factors[0].params.next\nconst decrypted = await crypto.webcrypto.subtle.decrypt(\n  { name: 'RSA-OAEP' },\n  keyPair.privateKey,\n  Buffer.from(next, 'hex')\n)\nconst code = JSON.parse(Buffer.from(decrypted).toString()).code\n// derive key with out-of-band factor\nconst derive = await mfkdf.derive.key(setup.policy, {\n  ooba: mfkdf.derive.factors.ooba(code)\n})\nsetup.key.toString('hex') // -> 01d0…2516\nderive.key.toString('hex') // -> 01d0…2516\nsetup.key.toString('hex').should.equal(derive.key.toString('hex'))",
                  "err": {},
                  "uuid": "ec946b27-8567-43f1-bbd4-77194e35f334",
                  "parentUUID": "d2c8bb1c-9dcf-42dc-a315-893d171e837c",
                  "isHook": false,
                  "skipped": false
                },
                {
                  "title": "password",
                  "fullTitle": "examples factors password",
                  "timedOut": false,
                  "duration": 50,
                  "state": "passed",
                  "speed": "slow",
                  "pass": true,
                  "fail": false,
                  "pending": false,
                  "context": null,
                  "code": "// setup key with password factor\nconst setup = await mfkdf.setup.key([\n  await mfkdf.setup.factors.password('password')\n])\n// derive key with password factor\nconst derive = await mfkdf.derive.key(setup.policy, {\n  password: mfkdf.derive.factors.password('password')\n})\nsetup.key.toString('hex') // -> 01d0…2516\nderive.key.toString('hex') // -> 01d0…2516\nsetup.key.toString('hex').should.equal(derive.key.toString('hex'))",
                  "err": {},
                  "uuid": "532ba66f-bc81-476d-b976-14d90f12a22b",
                  "parentUUID": "d2c8bb1c-9dcf-42dc-a315-893d171e837c",
                  "isHook": false,
                  "skipped": false
                }
              ],
              "suites": [],
              "passes": [
                "725d10a6-34f4-4568-8a16-766ce2e3aa17",
                "ab61f89b-2759-4a60-8717-0a5a94221bf4",
                "08e7d6f3-5560-4bb6-99a6-2675bc917f96",
                "28bca516-9ee9-4dea-ba82-6cafc876e355",
                "e1ee920b-db80-41e2-859e-bda5d468c6ea",
                "33911a42-d2f5-4536-a7fb-0a79108be991",
                "ec946b27-8567-43f1-bbd4-77194e35f334",
                "532ba66f-bc81-476d-b976-14d90f12a22b"
              ],
              "failures": [],
              "pending": [],
              "skipped": [],
              "duration": 902,
              "root": false,
              "rootEmpty": false,
              "_timeout": 5000
            },
            {
              "uuid": "15dc43cd-270f-41dd-964d-2e9f784e14f1",
              "title": "secrets",
              "fullFile": "C:\\Users\\Vivek\\Projects\\mfkdf\\test\\examples\\examples.js",
              "file": "\\test\\examples\\examples.js",
              "beforeHooks": [],
              "afterHooks": [],
              "tests": [
                {
                  "title": "full",
                  "fullTitle": "examples secrets full",
                  "timedOut": false,
                  "duration": 0,
                  "state": "passed",
                  "speed": "fast",
                  "pass": true,
                  "fail": false,
                  "pending": false,
                  "context": null,
                  "code": "// share secret using 2-of-3 shares\nconst shares = mfkdf.secrets.share(\n  Buffer.from('abcdefghijklmnopqrst'),\n  2,\n  3\n) // -> [Buffer, Buffer, Buffer]\n// recover secret using 2 shares\nconst secret = mfkdf.secrets.combine([shares[0], null, shares[2]], 2, 3)\nsecret.toString() // -> hello world\n// recover original 3 shares\nconst recover = mfkdf.secrets.recover([shares[0], null, shares[2]], 2, 3) // -> [Buffer, Buffer, Buffer]\nrecover.should.be.a('array')",
                  "err": {},
                  "uuid": "d34a845f-0c58-4a97-adf3-6f51b57e7939",
                  "parentUUID": "15dc43cd-270f-41dd-964d-2e9f784e14f1",
                  "isHook": false,
                  "skipped": false
                }
              ],
              "suites": [],
              "passes": [
                "d34a845f-0c58-4a97-adf3-6f51b57e7939"
              ],
              "failures": [],
              "pending": [],
              "skipped": [],
              "duration": 0,
              "root": false,
              "rootEmpty": false,
              "_timeout": 5000
            },
            {
              "uuid": "49be4717-c127-4943-9f15-6f8b42ea1cea",
              "title": "policy",
              "fullFile": "C:\\Users\\Vivek\\Projects\\mfkdf\\test\\examples\\examples.js",
              "file": "\\test\\examples\\examples.js",
              "beforeHooks": [],
              "afterHooks": [],
              "tests": [
                {
                  "title": "validate",
                  "fullTitle": "examples policy validate",
                  "timedOut": false,
                  "duration": 21,
                  "state": "passed",
                  "speed": "slow",
                  "pass": true,
                  "fail": false,
                  "pending": false,
                  "context": null,
                  "code": "// setup key that can be derived from passwordA AND (passwordB OR passwordC)\nconst setup = await mfkdf.policy.setup(\n  await mfkdf.policy.and(\n    await mfkdf.setup.factors.password('passwordA', { id: 'passwordA' }),\n    await mfkdf.policy.or(\n      await mfkdf.setup.factors.password('passwordB', {\n        id: 'passwordB'\n      }),\n      await mfkdf.setup.factors.password('passwordC', { id: 'passwordC' })\n    )\n  )\n)\n// validate policy\nconst valid = mfkdf.policy.validate(setup.policy) // -> true\nvalid.should.be.true",
                  "err": {},
                  "uuid": "3b1780fa-0d00-4ab2-baed-5b881bc7816a",
                  "parentUUID": "49be4717-c127-4943-9f15-6f8b42ea1cea",
                  "isHook": false,
                  "skipped": false
                },
                {
                  "title": "ids",
                  "fullTitle": "examples policy ids",
                  "timedOut": false,
                  "duration": 25,
                  "state": "passed",
                  "speed": "slow",
                  "pass": true,
                  "fail": false,
                  "pending": false,
                  "context": null,
                  "code": "// setup key that can be derived from passwordA AND (passwordB OR passwordC)\nconst setup = await mfkdf.policy.setup(\n  await mfkdf.policy.and(\n    await mfkdf.setup.factors.password('passwordA', { id: 'passwordA' }),\n    await mfkdf.policy.or(\n      await mfkdf.setup.factors.password('passwordB', {\n        id: 'passwordB'\n      }),\n      await mfkdf.setup.factors.password('passwordC', { id: 'passwordC' })\n    )\n  )\n)\n// get list of ids\nconst ids = mfkdf.policy.ids(setup.policy) // -> ['passwordA', 'passwordB', 'passwordC', ...]\nids.includes('passwordA').should.be.true\nids.includes('passwordB').should.be.true\nids.includes('passwordC').should.be.true",
                  "err": {},
                  "uuid": "0e9e87ef-10cb-4e9c-bed0-32171116462e",
                  "parentUUID": "49be4717-c127-4943-9f15-6f8b42ea1cea",
                  "isHook": false,
                  "skipped": false
                },
                {
                  "title": "evaluate",
                  "fullTitle": "examples policy evaluate",
                  "timedOut": false,
                  "duration": 21,
                  "state": "passed",
                  "speed": "slow",
                  "pass": true,
                  "fail": false,
                  "pending": false,
                  "context": null,
                  "code": "// setup key that can be derived from passwordA AND (passwordB OR passwordC)\nconst setup = await mfkdf.policy.setup(\n  await mfkdf.policy.and(\n    await mfkdf.setup.factors.password('passwordA', { id: 'passwordA' }),\n    await mfkdf.policy.or(\n      await mfkdf.setup.factors.password('passwordB', {\n        id: 'passwordB'\n      }),\n      await mfkdf.setup.factors.password('passwordC', { id: 'passwordC' })\n    )\n  )\n)\n// check if key can be derived with passwordA and passwordC\nconst valid1 = await mfkdf.policy.evaluate(setup.policy, [\n  'passwordA',\n  'passwordC'\n]) // -> true\n// check if key can be derived with passwordB and passwordC\nconst valid2 = await mfkdf.policy.evaluate(setup.policy, [\n  'passwordB',\n  'passwordC'\n]) // -> false\nvalid1.should.be.true\nvalid2.should.be.false",
                  "err": {},
                  "uuid": "5fc55fa3-b9d8-440f-9ce4-c919c19f7624",
                  "parentUUID": "49be4717-c127-4943-9f15-6f8b42ea1cea",
                  "isHook": false,
                  "skipped": false
                },
                {
                  "title": "setup/derive",
                  "fullTitle": "examples policy setup/derive",
                  "timedOut": false,
                  "duration": 59,
                  "state": "passed",
                  "speed": "slow",
                  "pass": true,
                  "fail": false,
                  "pending": false,
                  "context": null,
                  "code": "// setup key that can be derived from passwordA AND (passwordB OR passwordC)\nconst setup = await mfkdf.policy.setup(\n  await mfkdf.policy.and(\n    await mfkdf.setup.factors.password('passwordA', { id: 'passwordA' }),\n    await mfkdf.policy.or(\n      await mfkdf.setup.factors.password('passwordB', {\n        id: 'passwordB'\n      }),\n      await mfkdf.setup.factors.password('passwordC', { id: 'passwordC' })\n    )\n  )\n)\n// derive key with passwordA and passwordC (or passwordA and passwordB)\nconst derive = await mfkdf.policy.derive(setup.policy, {\n  passwordA: mfkdf.derive.factors.password('passwordA'),\n  passwordC: mfkdf.derive.factors.password('passwordC')\n})\nsetup.key.toString('hex') // -> e16a…5263\nderive.key.toString('hex') // -> e16a…5263\nsetup.key.toString('hex').should.equal(derive.key.toString('hex'))",
                  "err": {},
                  "uuid": "3a143fd2-8c94-4113-8a9e-85316b9410dc",
                  "parentUUID": "49be4717-c127-4943-9f15-6f8b42ea1cea",
                  "isHook": false,
                  "skipped": false
                },
                {
                  "title": "all",
                  "fullTitle": "examples policy all",
                  "timedOut": false,
                  "duration": 52,
                  "state": "passed",
                  "speed": "slow",
                  "pass": true,
                  "fail": false,
                  "pending": false,
                  "context": null,
                  "code": "// setup key that can be derived from passwordA AND passwordB AND passwordC\nconst setup = await mfkdf.policy.setup(\n  await mfkdf.policy.all([\n    await mfkdf.setup.factors.password('passwordA', { id: 'passwordA' }),\n    await mfkdf.setup.factors.password('passwordB', { id: 'passwordB' }),\n    await mfkdf.setup.factors.password('passwordC', { id: 'passwordC' })\n  ])\n)\n// derive key with passwordA and passwordB and passwordC\nconst derive = await mfkdf.policy.derive(setup.policy, {\n  passwordA: mfkdf.derive.factors.password('passwordA'),\n  passwordB: mfkdf.derive.factors.password('passwordB'),\n  passwordC: mfkdf.derive.factors.password('passwordC')\n})\nsetup.key.toString('hex') // -> e16a…5263\nderive.key.toString('hex') // -> e16a…5263\nsetup.key.toString('hex').should.equal(derive.key.toString('hex'))",
                  "err": {},
                  "uuid": "be51e38d-ec69-4f22-8d79-b50243ffc448",
                  "parentUUID": "49be4717-c127-4943-9f15-6f8b42ea1cea",
                  "isHook": false,
                  "skipped": false
                },
                {
                  "title": "any",
                  "fullTitle": "examples policy any",
                  "timedOut": false,
                  "duration": 54,
                  "state": "passed",
                  "speed": "slow",
                  "pass": true,
                  "fail": false,
                  "pending": false,
                  "context": null,
                  "code": "// setup key that can be derived from passwordA OR passwordB OR passwordC\nconst setup = await mfkdf.policy.setup(\n  await mfkdf.policy.any([\n    await mfkdf.setup.factors.password('passwordA', { id: 'passwordA' }),\n    await mfkdf.setup.factors.password('passwordB', { id: 'passwordB' }),\n    await mfkdf.setup.factors.password('passwordC', { id: 'passwordC' })\n  ])\n)\n// derive key with passwordA (or passwordB or passwordC)\nconst derive = await mfkdf.policy.derive(setup.policy, {\n  passwordB: mfkdf.derive.factors.password('passwordB')\n})\nsetup.key.toString('hex') // -> e16a…5263\nderive.key.toString('hex') // -> e16a…5263\nsetup.key.toString('hex').should.equal(derive.key.toString('hex'))",
                  "err": {},
                  "uuid": "6d17a556-2e5a-4d3f-aa20-7a02ebfc22db",
                  "parentUUID": "49be4717-c127-4943-9f15-6f8b42ea1cea",
                  "isHook": false,
                  "skipped": false
                },
                {
                  "title": "atLeast2",
                  "fullTitle": "examples policy atLeast2",
                  "timedOut": false,
                  "duration": 53,
                  "state": "passed",
                  "speed": "slow",
                  "pass": true,
                  "fail": false,
                  "pending": false,
                  "context": null,
                  "code": "// setup key that can be derived from at least 2 of (passwordA, passwordB, passwordC)\nconst setup = await mfkdf.policy.setup(\n  await mfkdf.policy.any([\n    await mfkdf.setup.factors.password('passwordA', { id: 'passwordA' }),\n    await mfkdf.setup.factors.password('passwordB', { id: 'passwordB' }),\n    await mfkdf.setup.factors.password('passwordC', { id: 'passwordC' })\n  ])\n)\n// derive key with passwordA and passwordB (or passwordA and passwordC, or passwordB and passwordC)\nconst derive = await mfkdf.policy.derive(setup.policy, {\n  passwordA: mfkdf.derive.factors.password('passwordA'),\n  passwordB: mfkdf.derive.factors.password('passwordB')\n})\nsetup.key.toString('hex') // -> e16a…5263\nderive.key.toString('hex') // -> e16a…5263\nsetup.key.toString('hex').should.equal(derive.key.toString('hex'))",
                  "err": {},
                  "uuid": "9611148d-90cc-4fb8-a99d-b4890efd6c29",
                  "parentUUID": "49be4717-c127-4943-9f15-6f8b42ea1cea",
                  "isHook": false,
                  "skipped": false
                }
              ],
              "suites": [],
              "passes": [
                "3b1780fa-0d00-4ab2-baed-5b881bc7816a",
                "0e9e87ef-10cb-4e9c-bed0-32171116462e",
                "5fc55fa3-b9d8-440f-9ce4-c919c19f7624",
                "3a143fd2-8c94-4113-8a9e-85316b9410dc",
                "be51e38d-ec69-4f22-8d79-b50243ffc448",
                "6d17a556-2e5a-4d3f-aa20-7a02ebfc22db",
                "9611148d-90cc-4fb8-a99d-b4890efd6c29"
              ],
              "failures": [],
              "pending": [],
              "skipped": [],
              "duration": 285,
              "root": false,
              "rootEmpty": false,
              "_timeout": 5000
            },
            {
              "uuid": "4ff6cb19-10e5-4371-8469-252756071b3c",
              "title": "reconstitution",
              "fullFile": "C:\\Users\\Vivek\\Projects\\mfkdf\\test\\examples\\examples.js",
              "file": "\\test\\examples\\examples.js",
              "beforeHooks": [],
              "afterHooks": [],
              "tests": [
                {
                  "title": "setThreshold",
                  "fullTitle": "examples reconstitution setThreshold",
                  "timedOut": false,
                  "duration": 50,
                  "state": "passed",
                  "speed": "slow",
                  "pass": true,
                  "fail": false,
                  "pending": false,
                  "context": null,
                  "code": "// setup 3-factor multi-factor derived key\nconst setup = await mfkdf.setup.key([\n  await mfkdf.setup.factors.password('password1', { id: 'password1' }),\n  await mfkdf.setup.factors.password('password2', { id: 'password2' }),\n  await mfkdf.setup.factors.password('password3', { id: 'password3' })\n])\n// change threshold to 2/3\nawait setup.setThreshold(2)\n// derive key with 2 factors\nconst derived = await mfkdf.derive.key(setup.policy, {\n  password1: mfkdf.derive.factors.password('password1'),\n  password3: mfkdf.derive.factors.password('password3')\n})\nsetup.key.toString('hex') // -> 6458…dc3c\nderived.key.toString('hex') // -> 6458…dc3c\nsetup.key.toString('hex').should.equal(derived.key.toString('hex'))",
                  "err": {},
                  "uuid": "93c4dc5a-4956-4404-a54b-b3d4cc8bb3a2",
                  "parentUUID": "4ff6cb19-10e5-4371-8469-252756071b3c",
                  "isHook": false,
                  "skipped": false
                },
                {
                  "title": "removeFactor",
                  "fullTitle": "examples reconstitution removeFactor",
                  "timedOut": false,
                  "duration": 50,
                  "state": "passed",
                  "speed": "slow",
                  "pass": true,
                  "fail": false,
                  "pending": false,
                  "context": null,
                  "code": "// setup 2-of-3-factor multi-factor derived key\nconst setup = await mfkdf.setup.key(\n  [\n    await mfkdf.setup.factors.password('password1', { id: 'password1' }),\n    await mfkdf.setup.factors.password('password2', { id: 'password2' }),\n    await mfkdf.setup.factors.password('password3', { id: 'password3' })\n  ],\n  { threshold: 2 }\n)\n// remove one of the factors\nawait setup.removeFactor('password2')\n// derive key with remaining 2 factors\nconst derived = await mfkdf.derive.key(setup.policy, {\n  password1: mfkdf.derive.factors.password('password1'),\n  password3: mfkdf.derive.factors.password('password3')\n})\nsetup.key.toString('hex') // -> 6458…dc3c\nderived.key.toString('hex') // -> 6458…dc3c\nsetup.key.toString('hex').should.equal(derived.key.toString('hex'))",
                  "err": {},
                  "uuid": "86832f1c-4c57-4576-a0a7-500e2924a193",
                  "parentUUID": "4ff6cb19-10e5-4371-8469-252756071b3c",
                  "isHook": false,
                  "skipped": false
                },
                {
                  "title": "removeFactors",
                  "fullTitle": "examples reconstitution removeFactors",
                  "timedOut": false,
                  "duration": 49,
                  "state": "passed",
                  "speed": "slow",
                  "pass": true,
                  "fail": false,
                  "pending": false,
                  "context": null,
                  "code": "// setup 1-of-3-factor multi-factor derived key\nconst setup = await mfkdf.setup.key(\n  [\n    await mfkdf.setup.factors.password('password1', { id: 'password1' }),\n    await mfkdf.setup.factors.password('password2', { id: 'password2' }),\n    await mfkdf.setup.factors.password('password3', { id: 'password3' })\n  ],\n  { threshold: 1 }\n)\n// remove two factors\nawait setup.removeFactors(['password1', 'password2'])\n// derive key with remaining factor\nconst derived = await mfkdf.derive.key(setup.policy, {\n  password3: mfkdf.derive.factors.password('password3')\n})\nsetup.key.toString('hex') // -> 6458…dc3c\nderived.key.toString('hex') // -> 6458…dc3c\nsetup.key.toString('hex').should.equal(derived.key.toString('hex'))",
                  "err": {},
                  "uuid": "21ae034f-b811-493c-b7ba-edf04d0da377",
                  "parentUUID": "4ff6cb19-10e5-4371-8469-252756071b3c",
                  "isHook": false,
                  "skipped": false
                },
                {
                  "title": "addFactor",
                  "fullTitle": "examples reconstitution addFactor",
                  "timedOut": false,
                  "duration": 47,
                  "state": "passed",
                  "speed": "slow",
                  "pass": true,
                  "fail": false,
                  "pending": false,
                  "context": null,
                  "code": "// setup 2-of-3-factor multi-factor derived key\nconst setup = await mfkdf.setup.key(\n  [\n    await mfkdf.setup.factors.password('password1', { id: 'password1' }),\n    await mfkdf.setup.factors.password('password2', { id: 'password2' }),\n    await mfkdf.setup.factors.password('password3', { id: 'password3' })\n  ],\n  { threshold: 2 }\n)\n// add fourth factor\nawait setup.addFactor(\n  await mfkdf.setup.factors.password('password4', { id: 'password4' })\n)\n// derive key with any 2 factors\nconst derived = await mfkdf.derive.key(setup.policy, {\n  password2: mfkdf.derive.factors.password('password2'),\n  password4: mfkdf.derive.factors.password('password4')\n})\nsetup.key.toString('hex') // -> 6458…dc3c\nderived.key.toString('hex') // -> 6458…dc3c\nsetup.key.toString('hex').should.equal(derived.key.toString('hex'))",
                  "err": {},
                  "uuid": "58eb874f-955d-4fa5-9ef5-5fc5251a5350",
                  "parentUUID": "4ff6cb19-10e5-4371-8469-252756071b3c",
                  "isHook": false,
                  "skipped": false
                },
                {
                  "title": "addFactors",
                  "fullTitle": "examples reconstitution addFactors",
                  "timedOut": false,
                  "duration": 51,
                  "state": "passed",
                  "speed": "slow",
                  "pass": true,
                  "fail": false,
                  "pending": false,
                  "context": null,
                  "code": "// setup 2-of-3-factor multi-factor derived key\nconst setup = await mfkdf.setup.key(\n  [\n    await mfkdf.setup.factors.password('password1', { id: 'password1' }),\n    await mfkdf.setup.factors.password('password2', { id: 'password2' }),\n    await mfkdf.setup.factors.password('password3', { id: 'password3' })\n  ],\n  { threshold: 2 }\n)\n// add two more factors\nawait setup.addFactors([\n  await mfkdf.setup.factors.password('password4', { id: 'password4' }),\n  await mfkdf.setup.factors.password('password5', { id: 'password5' })\n])\n// derive key with any 2 factors\nconst derived = await mfkdf.derive.key(setup.policy, {\n  password3: mfkdf.derive.factors.password('password3'),\n  password5: mfkdf.derive.factors.password('password5')\n})\nsetup.key.toString('hex') // -> 6458…dc3c\nderived.key.toString('hex') // -> 6458…dc3c\nsetup.key.toString('hex').should.equal(derived.key.toString('hex'))",
                  "err": {},
                  "uuid": "5512cb39-dd2d-420e-87d4-33b9cab8198d",
                  "parentUUID": "4ff6cb19-10e5-4371-8469-252756071b3c",
                  "isHook": false,
                  "skipped": false
                },
                {
                  "title": "recoverFactor",
                  "fullTitle": "examples reconstitution recoverFactor",
                  "timedOut": false,
                  "duration": 54,
                  "state": "passed",
                  "speed": "slow",
                  "pass": true,
                  "fail": false,
                  "pending": false,
                  "context": null,
                  "code": "// setup 3-factor multi-factor derived key\nconst setup = await mfkdf.setup.key([\n  await mfkdf.setup.factors.password('password1', { id: 'password1' }),\n  await mfkdf.setup.factors.password('password2', { id: 'password2' }),\n  await mfkdf.setup.factors.password('password3', { id: 'password3' })\n])\n// change the 2nd factor\nawait setup.recoverFactor(\n  await mfkdf.setup.factors.password('newPassword2', { id: 'password2' })\n)\n// derive key with new factors\nconst derived = await mfkdf.derive.key(setup.policy, {\n  password1: mfkdf.derive.factors.password('password1'),\n  password2: mfkdf.derive.factors.password('newPassword2'),\n  password3: mfkdf.derive.factors.password('password3')\n})\nsetup.key.toString('hex') // -> 6458…dc3c\nderived.key.toString('hex') // -> 6458…dc3c\nsetup.key.toString('hex').should.equal(derived.key.toString('hex'))",
                  "err": {},
                  "uuid": "945eebde-3d2f-491a-8d4f-e61f4a0cb237",
                  "parentUUID": "4ff6cb19-10e5-4371-8469-252756071b3c",
                  "isHook": false,
                  "skipped": false
                },
                {
                  "title": "recoverFactors",
                  "fullTitle": "examples reconstitution recoverFactors",
                  "timedOut": false,
                  "duration": 48,
                  "state": "passed",
                  "speed": "slow",
                  "pass": true,
                  "fail": false,
                  "pending": false,
                  "context": null,
                  "code": "// setup 3-factor multi-factor derived key\nconst setup = await mfkdf.setup.key([\n  await mfkdf.setup.factors.password('password1', { id: 'password1' }),\n  await mfkdf.setup.factors.password('password2', { id: 'password2' }),\n  await mfkdf.setup.factors.password('password3', { id: 'password3' })\n])\n// change 2 factors\nawait setup.recoverFactors([\n  await mfkdf.setup.factors.password('newPassword2', { id: 'password2' }),\n  await mfkdf.setup.factors.password('newPassword3', { id: 'password3' })\n])\n// derive key with new factors\nconst derived = await mfkdf.derive.key(setup.policy, {\n  password1: mfkdf.derive.factors.password('password1'),\n  password2: mfkdf.derive.factors.password('newPassword2'),\n  password3: mfkdf.derive.factors.password('newPassword3')\n})\nsetup.key.toString('hex') // -> 6458…dc3c\nderived.key.toString('hex') // -> 6458…dc3c\nsetup.key.toString('hex').should.equal(derived.key.toString('hex'))",
                  "err": {},
                  "uuid": "602296de-dccc-44f8-bc03-4644f2e2d8a1",
                  "parentUUID": "4ff6cb19-10e5-4371-8469-252756071b3c",
                  "isHook": false,
                  "skipped": false
                },
                {
                  "title": "reconstitute",
                  "fullTitle": "examples reconstitution reconstitute",
                  "timedOut": false,
                  "duration": 49,
                  "state": "passed",
                  "speed": "slow",
                  "pass": true,
                  "fail": false,
                  "pending": false,
                  "context": null,
                  "code": "// setup 2-of-3-factor multi-factor derived key\nconst setup = await mfkdf.setup.key(\n  [\n    await mfkdf.setup.factors.password('password1', { id: 'password1' }),\n    await mfkdf.setup.factors.password('password2', { id: 'password2' }),\n    await mfkdf.setup.factors.password('password3', { id: 'password3' })\n  ],\n  { threshold: 2 }\n)\n// remove 1 factor and add 1 new factor\nawait setup.reconstitute(\n  ['password1'], // remove\n  [await mfkdf.setup.factors.password('password4', { id: 'password4' })] // add\n)\n// derive key with new factors\nconst derived = await mfkdf.derive.key(setup.policy, {\n  password3: mfkdf.derive.factors.password('password3'),\n  password4: mfkdf.derive.factors.password('password4')\n})\nsetup.key.toString('hex') // -> 6458…dc3c\nderived.key.toString('hex') // -> 6458…dc3c\nsetup.key.toString('hex').should.equal(derived.key.toString('hex'))",
                  "err": {},
                  "uuid": "a08cbae9-c8d3-417b-b618-2fe1a8c3f47f",
                  "parentUUID": "4ff6cb19-10e5-4371-8469-252756071b3c",
                  "isHook": false,
                  "skipped": false
                }
              ],
              "suites": [],
              "passes": [
                "93c4dc5a-4956-4404-a54b-b3d4cc8bb3a2",
                "86832f1c-4c57-4576-a0a7-500e2924a193",
                "21ae034f-b811-493c-b7ba-edf04d0da377",
                "58eb874f-955d-4fa5-9ef5-5fc5251a5350",
                "5512cb39-dd2d-420e-87d4-33b9cab8198d",
                "945eebde-3d2f-491a-8d4f-e61f4a0cb237",
                "602296de-dccc-44f8-bc03-4644f2e2d8a1",
                "a08cbae9-c8d3-417b-b618-2fe1a8c3f47f"
              ],
              "failures": [],
              "pending": [],
              "skipped": [],
              "duration": 398,
              "root": false,
              "rootEmpty": false,
              "_timeout": 5000
            },
            {
              "uuid": "03201bee-e072-451c-b377-7d7c2456a01a",
              "title": "persistence",
              "fullFile": "C:\\Users\\Vivek\\Projects\\mfkdf\\test\\examples\\examples.js",
              "file": "\\test\\examples\\examples.js",
              "beforeHooks": [],
              "afterHooks": [],
              "tests": [
                {
                  "title": "persistence",
                  "fullTitle": "examples persistence persistence",
                  "timedOut": false,
                  "duration": 53,
                  "state": "passed",
                  "speed": "slow",
                  "pass": true,
                  "fail": false,
                  "pending": false,
                  "context": null,
                  "code": "// setup 3-factor multi-factor derived key\nconst setup = await mfkdf.setup.key([\n  await mfkdf.setup.factors.password('password1', { id: 'password1' }),\n  await mfkdf.setup.factors.password('password2', { id: 'password2' }),\n  await mfkdf.setup.factors.password('password3', { id: 'password3' })\n])\n// persist one of the factors\nconst factor2 = setup.persistFactor('password2')\n// derive key with 2 factors\nconst derived = await mfkdf.derive.key(setup.policy, {\n  password1: mfkdf.derive.factors.password('password1'),\n  password2: mfkdf.derive.factors.persisted(factor2),\n  password3: mfkdf.derive.factors.password('password3')\n})\nsetup.key.toString('hex') // -> 6458…dc3c\nderived.key.toString('hex') // -> 6458…dc3c\nsetup.key.toString('hex').should.equal(derived.key.toString('hex'))",
                  "err": {},
                  "uuid": "35dab9f3-63a0-41ea-a40b-77b7d5303056",
                  "parentUUID": "03201bee-e072-451c-b377-7d7c2456a01a",
                  "isHook": false,
                  "skipped": false
                }
              ],
              "suites": [],
              "passes": [
                "35dab9f3-63a0-41ea-a40b-77b7d5303056"
              ],
              "failures": [],
              "pending": [],
              "skipped": [],
              "duration": 53,
              "root": false,
              "rootEmpty": false,
              "_timeout": 5000
            },
            {
              "uuid": "31323631-4a8f-444a-b313-2ef9a36e0f03",
              "title": "crypto",
              "fullFile": "C:\\Users\\Vivek\\Projects\\mfkdf\\test\\examples\\examples.js",
              "file": "\\test\\examples\\examples.js",
              "beforeHooks": [],
              "afterHooks": [],
              "tests": [
                {
                  "title": "getSubkey",
                  "fullTitle": "examples crypto getSubkey",
                  "timedOut": false,
                  "duration": 19,
                  "state": "passed",
                  "speed": "slow",
                  "pass": true,
                  "fail": false,
                  "pending": false,
                  "context": null,
                  "code": "// setup multi-factor derived key\nconst key = await mfkdf.setup.key([\n  await mfkdf.setup.factors.password('password')\n])\n// get sub-key for \"eth\"\nconst subkey = key.getSubkey('eth')\nsubkey.toString('hex') // -> 97cb…bac5",
                  "err": {},
                  "uuid": "4aef3498-c21f-4035-b9d0-49a6362b0681",
                  "parentUUID": "31323631-4a8f-444a-b313-2ef9a36e0f03",
                  "isHook": false,
                  "skipped": false
                }
              ],
              "suites": [],
              "passes": [
                "4aef3498-c21f-4035-b9d0-49a6362b0681"
              ],
              "failures": [],
              "pending": [],
              "skipped": [],
              "duration": 19,
              "root": false,
              "rootEmpty": false,
              "_timeout": 5000
            }
          ],
          "passes": [
            "79a7353e-8f90-42e7-93ff-11a55f2900d2",
            "7fb35189-9662-4a79-becf-053f89697672"
          ],
          "failures": [],
          "pending": [],
          "skipped": [],
          "duration": 101,
          "root": false,
          "rootEmpty": false,
          "_timeout": 5000
        },
        {
          "uuid": "9b2b3702-6ff5-40c4-8b36-a651a1156fea",
          "title": "site",
          "fullFile": "C:\\Users\\Vivek\\Projects\\mfkdf\\test\\examples\\site.js",
          "file": "\\test\\examples\\site.js",
[...]
            "b212eedf-dbbe-4005-9b9e-a5a6c78dc829"
          ],
          "failures": [],
          "pending": [],
          "skipped": [],
          "duration": 1,
          "root": false,
          "rootEmpty": false,
          "_timeout": 5000
        },
        {
          "uuid": "14c3825d-aae7-4269-a28c-37a19ef47332",
          "title": "setup/key",
          "fullFile": "C:\\Users\\Vivek\\Projects\\mfkdf\\test\\setup\\key.js",
          "file": "\\test\\setup\\key.js",
          "beforeHooks": [],
          "afterHooks": [],
          "tests": [
            {
              "title": "default",
              "fullTitle": "setup/key default",
              "timedOut": false,
              "duration": 26,
              "state": "passed",
              "speed": "slow",
              "pass": true,
              "fail": false,
              "pending": false,
              "context": null,
              "code": "const key = await mfkdf.setup.key([\n  await mfkdf.setup.factors.password('hello')\n])\najv.validate(policySchema, key.policy).should.be.true",
              "err": {},
              "uuid": "3a02a997-e3c0-4b29-848f-a598f1cea597",
              "parentUUID": "14c3825d-aae7-4269-a28c-37a19ef47332",
              "isHook": false,
              "skipped": false
            }
          ],
          "suites": [
            {
              "uuid": "88dd213d-30dc-4ab2-bb55-89b94a22e6a5",
              "title": "id",
              "fullFile": "C:\\Users\\Vivek\\Projects\\mfkdf\\test\\setup\\key.js",
              "file": "\\test\\setup\\key.js",
              "beforeHooks": [],
              "afterHooks": [],
              "tests": [
                {
                  "title": "default",
                  "fullTitle": "setup/key id default",
                  "timedOut": false,
                  "duration": 22,
                  "state": "passed",
                  "speed": "slow",
                  "pass": true,
                  "fail": false,
                  "pending": false,
                  "context": null,
                  "code": "const { policy } = await mfkdf.setup.key([\n  await mfkdf.setup.factors.password('hello')\n])\npolicy.$id.should.be.a('string')",
                  "err": {},
                  "uuid": "d9dadd6d-22ca-454b-beae-51d432349933",
                  "parentUUID": "88dd213d-30dc-4ab2-bb55-89b94a22e6a5",
                  "isHook": false,
                  "skipped": false
                },
                {
                  "title": "valid",
                  "fullTitle": "setup/key id valid",
                  "timedOut": false,
                  "duration": 19,
                  "state": "passed",
                  "speed": "slow",
                  "pass": true,
                  "fail": false,
                  "pending": false,
                  "context": null,
                  "code": "const { policy } = await mfkdf.setup.key(\n  [await mfkdf.setup.factors.password('hello')],\n  { id: 'hello-world' }\n)\npolicy.$id.should.equal('hello-world')",
                  "err": {},
                  "uuid": "44d84a1f-7264-43c9-a646-7f535d58f4d5",
                  "parentUUID": "88dd213d-30dc-4ab2-bb55-89b94a22e6a5",
                  "isHook": false,
                  "skipped": false
                },
                {
                  "title": "invalid/type",
                  "fullTitle": "setup/key id invalid/type",
                  "timedOut": false,
                  "duration": 1,
                  "state": "passed",
                  "speed": "slow",
                  "pass": true,
                  "fail": false,
                  "pending": false,
                  "context": null,
                  "code": "await mfkdf.setup\n  .key([await mfkdf.setup.factors.password('hello')], { id: 12345 })\n  .should.be.rejectedWith(TypeError)",
                  "err": {},
                  "uuid": "73c86ac8-325e-4a0a-aa05-f4a6e2df9d7b",
                  "parentUUID": "88dd213d-30dc-4ab2-bb55-89b94a22e6a5",
                  "isHook": false,
                  "skipped": false
                },
                {
                  "title": "invalid/range",
                  "fullTitle": "setup/key id invalid/range",
                  "timedOut": false,
                  "duration": 0,
                  "state": "passed",
                  "speed": "fast",
                  "pass": true,
                  "fail": false,
                  "pending": false,
                  "context": null,
                  "code": "await mfkdf.setup\n  .key([await mfkdf.setup.factors.password('hello')], { id: '' })\n  .should.be.rejectedWith(RangeError)",
                  "err": {},
                  "uuid": "4b7ef9ce-a7f0-4749-ac4d-a7bbf37bc9e9",
                  "parentUUID": "88dd213d-30dc-4ab2-bb55-89b94a22e6a5",
                  "isHook": false,
                  "skipped": false
                }
              ],
              "suites": [],
              "passes": [
                "d9dadd6d-22ca-454b-beae-51d432349933",
                "44d84a1f-7264-43c9-a646-7f535d58f4d5",
                "73c86ac8-325e-4a0a-aa05-f4a6e2df9d7b",
                "4b7ef9ce-a7f0-4749-ac4d-a7bbf37bc9e9"
              ],
              "failures": [],
              "pending": [],
              "skipped": [],
              "duration": 42,
              "root": false,
              "rootEmpty": false,
              "_timeout": 5000
            },
            {
              "uuid": "1588dab4-64a0-430b-b28c-4df1025b1108",
              "title": "threshold",
              "fullFile": "C:\\Users\\Vivek\\Projects\\mfkdf\\test\\setup\\key.js",
              "file": "\\test\\setup\\key.js",
              "beforeHooks": [],
              "afterHooks": [],
              "tests": [
                {
                  "title": "default",
                  "fullTitle": "setup/key threshold default",
                  "timedOut": false,
                  "duration": 23,
                  "state": "passed",
                  "speed": "slow",
                  "pass": true,
                  "fail": false,
                  "pending": false,
                  "context": null,
                  "code": "const { policy } = await mfkdf.setup.key([\n  await mfkdf.setup.factors.password('hello', { id: 'password1' }),\n  await mfkdf.setup.factors.password('hello', { id: 'password2' })\n])\npolicy.threshold.should.equal(2)",
                  "err": {},
                  "uuid": "48fa19cf-6a25-4d56-89fc-b046a63d4670",
                  "parentUUID": "1588dab4-64a0-430b-b28c-4df1025b1108",
                  "isHook": false,
                  "skipped": false
                },
                {
                  "title": "valid",
                  "fullTitle": "setup/key threshold valid",
                  "timedOut": false,
                  "duration": 18,
                  "state": "passed",
                  "speed": "slow",
                  "pass": true,
                  "fail": false,
                  "pending": false,
                  "context": null,
                  "code": "const { policy } = await mfkdf.setup.key(\n  [\n    await mfkdf.setup.factors.password('hello', { id: 'password1' }),\n    await mfkdf.setup.factors.password('hello', { id: 'password2' })\n  ],\n  { threshold: 1 }\n)\npolicy.threshold.should.equal(1)",
                  "err": {},
                  "uuid": "651f9f35-4f5f-4e75-a297-1d25ec0b2964",
                  "parentUUID": "1588dab4-64a0-430b-b28c-4df1025b1108",
                  "isHook": false,
                  "skipped": false
                },
                {
                  "title": "invalid/type",
                  "fullTitle": "setup/key threshold invalid/type",
                  "timedOut": false,
                  "duration": 0,
                  "state": "passed",
                  "speed": "fast",
                  "pass": true,
                  "fail": false,
                  "pending": false,
                  "context": null,
                  "code": "await mfkdf.setup\n  .key([await mfkdf.setup.factors.password('hello')], {\n    threshold: 'hello'\n  })\n  .should.be.rejectedWith(TypeError)",
                  "err": {},
                  "uuid": "7e55688e-ffb3-4369-9370-20d2c61a437d",
                  "parentUUID": "1588dab4-64a0-430b-b28c-4df1025b1108",
                  "isHook": false,
                  "skipped": false
                },
                {
                  "title": "invalid/range",
                  "fullTitle": "setup/key threshold invalid/range",
                  "timedOut": false,
                  "duration": 0,
                  "state": "passed",
                  "speed": "fast",
                  "pass": true,
                  "fail": false,
                  "pending": false,
                  "context": null,
                  "code": "await mfkdf.setup\n  .key([await mfkdf.setup.factors.password('hello')], { threshold: 0 })\n  .should.be.rejectedWith(RangeError)\nawait mfkdf.setup\n  .key([await mfkdf.setup.factors.password('hello')], { threshold: 2 })\n  .should.be.rejectedWith(RangeError)",
                  "err": {},
                  "uuid": "4ec74816-f467-4703-a199-ac407e481fa9",
                  "parentUUID": "1588dab4-64a0-430b-b28c-4df1025b1108",
                  "isHook": false,
                  "skipped": false
                }
              ],
              "suites": [],
              "passes": [
                "48fa19cf-6a25-4d56-89fc-b046a63d4670",
                "651f9f35-4f5f-4e75-a297-1d25ec0b2964",
                "7e55688e-ffb3-4369-9370-20d2c61a437d",
                "4ec74816-f467-4703-a199-ac407e481fa9"
              ],
              "failures": [],
              "pending": [],
              "skipped": [],
              "duration": 41,
              "root": false,
              "rootEmpty": false,
              "_timeout": 5000
            },
            {
              "uuid": "d6a1c7e9-0792-4423-adbd-e4768d7856b9",
              "title": "salt",
              "fullFile": "C:\\Users\\Vivek\\Projects\\mfkdf\\test\\setup\\key.js",
              "file": "\\test\\setup\\key.js",
              "beforeHooks": [],
              "afterHooks": [],
              "tests": [
                {
                  "title": "default",
                  "fullTitle": "setup/key salt default",
                  "timedOut": false,
                  "duration": 22,
                  "state": "passed",
                  "speed": "slow",
                  "pass": true,
                  "fail": false,
                  "pending": false,
                  "context": null,
                  "code": "const { policy } = await mfkdf.setup.key([\n  await mfkdf.setup.factors.password('hello')\n])\nconst salt = Buffer.from(policy.salt, 'base64')\nsalt.length.should.equal(32)",
                  "err": {},
                  "uuid": "af5b5646-a3dc-4b25-8e7b-1bdb017ab776",
                  "parentUUID": "d6a1c7e9-0792-4423-adbd-e4768d7856b9",
                  "isHook": false,
                  "skipped": false
                },
                {
                  "title": "valid",
                  "fullTitle": "setup/key salt valid",
                  "timedOut": false,
                  "duration": 22,
                  "state": "passed",
                  "speed": "slow",
                  "pass": true,
                  "fail": false,
                  "pending": false,
                  "context": null,
                  "code": "const { policy } = await mfkdf.setup.key(\n  [await mfkdf.setup.factors.password('hello')],\n  { salt: Buffer.from('1234567812345678', 'base64') }\n)\npolicy.salt.should.equal('1234567812345678')",
                  "err": {},
                  "uuid": "3f5b505a-b518-423b-8539-036193227c0e",
                  "parentUUID": "d6a1c7e9-0792-4423-adbd-e4768d7856b9",
                  "isHook": false,
                  "skipped": false
                },
                {
                  "title": "invalid/type",
                  "fullTitle": "setup/key salt invalid/type",
                  "timedOut": false,
                  "duration": 0,
                  "state": "passed",
                  "speed": "fast",
                  "pass": true,
                  "fail": false,
                  "pending": false,
                  "context": null,
                  "code": "await mfkdf.setup\n  .key([await mfkdf.setup.factors.password('hello')], { salt: 'hello' })\n  .should.be.rejectedWith(TypeError)",
                  "err": {},
                  "uuid": "9d99960a-a413-4d0c-ba7c-ff3ed394cd08",
                  "parentUUID": "d6a1c7e9-0792-4423-adbd-e4768d7856b9",
                  "isHook": false,
                  "skipped": false
                }
              ],
              "suites": [],
              "passes": [
                "af5b5646-a3dc-4b25-8e7b-1bdb017ab776",
                "3f5b505a-b518-423b-8539-036193227c0e",
                "9d99960a-a413-4d0c-ba7c-ff3ed394cd08"
              ],
              "failures": [],
              "pending": [],
              "skipped": [],
              "duration": 44,
              "root": false,
              "rootEmpty": false,
              "_timeout": 5000
            },
            {
              "uuid": "95cbd596-81be-4259-b957-d143cc6521cc",
              "title": "factors",
              "fullFile": "C:\\Users\\Vivek\\Projects\\mfkdf\\test\\setup\\key.js",
              "file": "\\test\\setup\\key.js",
              "beforeHooks": [],
              "afterHooks": [],
              "tests": [
                {
                  "title": "valid",
                  "fullTitle": "setup/key factors valid",
                  "timedOut": false,
                  "duration": 18,
                  "state": "passed",
                  "speed": "slow",
                  "pass": true,
                  "fail": false,
                  "pending": false,
                  "context": null,
                  "code": "await mfkdf.setup.key([\n  {\n    type: 'password',\n    id: 'password',\n    data: Buffer.from('password', 'utf-8'),\n    params: async () => {\n      return {}\n    },\n    output: async () => {\n      return {}\n    }\n  }\n])",
                  "err": {},
                  "uuid": "bcfbc7cb-ec1f-4eb6-8585-6660d5ed007a",
                  "parentUUID": "95cbd596-81be-4259-b957-d143cc6521cc",
                  "isHook": false,
                  "skipped": false
                },
                {
                  "title": "id",
                  "fullTitle": "setup/key factors id",
                  "timedOut": false,
                  "duration": 1,
                  "state": "passed",
                  "speed": "slow",
                  "pass": true,
                  "fail": false,
                  "pending": false,
                  "context": null,
                  "code": "await mfkdf.setup\n  .key([\n    await mfkdf.setup.factors.password('hello', { id: 'password1' }),\n    await mfkdf.setup.factors.password('hello', { id: 'password1' })\n  ])\n  .should.be.rejectedWith(RangeError)",
                  "err": {},
                  "uuid": "3c45683e-4330-420a-bd78-1c9a21f6eccf",
                  "parentUUID": "95cbd596-81be-4259-b957-d143cc6521cc",
                  "isHook": false,
                  "skipped": false
                },
                {
                  "title": "invalid/type",
                  "fullTitle": "setup/key factors invalid/type",
                  "timedOut": false,
                  "duration": 0,
                  "state": "passed",
                  "speed": "fast",
                  "pass": true,
                  "fail": false,
                  "pending": false,
                  "context": null,
                  "code": "await mfkdf.setup.key('hello').should.be.rejectedWith(TypeError)\nawait mfkdf.setup\n  .key([\n    {\n      type: 12345,\n      id: 'password',\n      data: Buffer.from('password', 'utf-8'),\n      params: async () => {\n        return {}\n      }\n    }\n  ])\n  .should.be.rejectedWith(TypeError)\nawait mfkdf.setup\n  .key([\n    {\n      type: 'password',\n      id: 12345,\n      data: Buffer.from('password', 'utf-8'),\n      params: async () => {\n        return {}\n      }\n    }\n  ])\n  .should.be.rejectedWith(TypeError)\nawait mfkdf.setup\n  .key([\n    {\n      type: 'password',\n      id: 'password',\n      data: 12345,\n      params: async () => {\n        return {}\n      }\n    }\n  ])\n  .should.be.rejectedWith(TypeError)\nawait mfkdf.setup\n  .key([\n    {\n      type: 'password',\n      id: 'password',\n      data: Buffer.from('password', 'utf-8'),\n      params: 12345\n    }\n  ])\n  .should.be.rejectedWith(TypeError)",
                  "err": {},
                  "uuid": "063ce001-28d8-41ed-a304-d38e2a1fe467",
                  "parentUUID": "95cbd596-81be-4259-b957-d143cc6521cc",
                  "isHook": false,
                  "skipped": false
                },
                {
                  "title": "invalid/range",
                  "fullTitle": "setup/key factors invalid/range",
                  "timedOut": false,
                  "duration": 0,
                  "state": "passed",
                  "speed": "fast",
                  "pass": true,
                  "fail": false,
                  "pending": false,
                  "context": null,
                  "code": "await mfkdf.setup.key([]).should.be.rejectedWith(RangeError)\nawait mfkdf.setup\n  .key([\n    {\n      type: '',\n      id: 'password',\n      data: Buffer.from('password', 'utf-8'),\n      params: async () => {\n        return {}\n      }\n    }\n  ])\n  .should.be.rejectedWith(RangeError)\nawait mfkdf.setup\n  .key([\n    {\n      type: 'password',\n      id: '',\n      data: Buffer.from('password', 'utf-8'),\n      params: async () => {\n        return {}\n      }\n    }\n  ])\n  .should.be.rejectedWith(RangeError)\nawait mfkdf.setup\n  .key([\n    {\n      type: 'password',\n      id: 'password',\n      data: Buffer.from('', 'utf-8'),\n      params: async () => {\n        return {}\n      }\n    }\n  ])\n  .should.be.rejectedWith(RangeError)",
                  "err": {},
                  "uuid": "6be78915-0644-4374-8c4d-459cb755b337",
                  "parentUUID": "95cbd596-81be-4259-b957-d143cc6521cc",
                  "isHook": false,
                  "skipped": false
                }
              ],
              "suites": [],
              "passes": [
                "bcfbc7cb-ec1f-4eb6-8585-6660d5ed007a",
                "3c45683e-4330-420a-bd78-1c9a21f6eccf",
                "063ce001-28d8-41ed-a304-d38e2a1fe467",
                "6be78915-0644-4374-8c4d-459cb755b337"
              ],
              "failures": [],
              "pending": [],
              "skipped": [],
              "duration": 19,
              "root": false,
              "rootEmpty": false,
              "_timeout": 5000
            }
          ],
          "passes": [
            "3a02a997-e3c0-4b29-848f-a598f1cea597"
          ],
          "failures": [],
          "pending": [],
          "skipped": [],
          "duration": 26,
          "root": false,
          "rootEmpty": false,
          "_timeout": 5000
        }
      ],
      "passes": [],
      "failures": [],
      "pending": [],
      "skipped": [],
      "duration": 0,
      "root": true,
      "rootEmpty": true,
      "_timeout": 5000
    }
  ],
  "meta": {
    "mocha": {
      "version": "10.8.2"
    },
    "mochawesome": {
      "options": {
        "quiet": false,
        "reportFilename": "mochawesome",
        "saveHtml": true,
        "saveJson": true,
        "consoleReporter": "spec",
        "useInlineDiffs": false,
        "code": true
      },
      "version": "7.1.3"
    },
    "marge": {
      "options": {
        "reportDir": "./site/mfkdf2/public/mochawesome"
      },
      "version": "6.2.0"
    }
  }
}